<?xml version="1.0" encoding="UTF-8"?>
<testsuite name="location.GeoLocationTest" tests="2" skipped="0" failures="0" errors="0" timestamp="2018-08-18T07:22:08" hostname="u1criodo" time="0.095">
  <properties/>
  <testcase name="testIoException" classname="location.GeoLocationTest" time="0.086"/>
  <testcase name="testJsonDeserialization" classname="location.GeoLocationTest" time="0.008"/>
  <system-out><![CDATA[]]></system-out>
  <system-err><![CDATA[]]></system-err>
</testsuite>
