<?xml version="1.0" encoding="UTF-8"?>
<testsuite name="qrideserver.CarsInLocationControllerTests" tests="1" skipped="0" failures="0" errors="0" timestamp="2018-08-18T08:12:02" hostname="u1criodo" time="14.405">
  <properties/>
  <testcase name="normalCase" classname="qrideserver.CarsInLocationControllerTests" time="14.405"/>
  <system-out><![CDATA[08:11:48.459 [Test worker] DEBUG org.springframework.test.context.junit4.SpringJUnit4ClassRunner - SpringJUnit4ClassRunner constructor called with [class qrideserver.CarsInLocationControllerTests]
08:11:48.479 [Test worker] DEBUG org.springframework.test.context.BootstrapUtils - Instantiating CacheAwareContextLoaderDelegate from class [org.springframework.test.context.cache.DefaultCacheAwareContextLoaderDelegate]
08:11:48.502 [Test worker] DEBUG org.springframework.test.context.BootstrapUtils - Instantiating BootstrapContext using constructor [public org.springframework.test.context.support.DefaultBootstrapContext(java.lang.Class,org.springframework.test.context.CacheAwareContextLoaderDelegate)]
08:11:48.563 [Test worker] DEBUG org.springframework.test.context.BootstrapUtils - Instantiating TestContextBootstrapper for test class [qrideserver.CarsInLocationControllerTests] from class [org.springframework.boot.test.context.SpringBootTestContextBootstrapper]
08:11:48.604 [Test worker] INFO org.springframework.boot.test.context.SpringBootTestContextBootstrapper - Neither @ContextConfiguration nor @ContextHierarchy found for test class [qrideserver.CarsInLocationControllerTests], using SpringBootContextLoader
08:11:48.615 [Test worker] DEBUG org.springframework.test.context.support.AbstractContextLoader - Did not detect default resource location for test class [qrideserver.CarsInLocationControllerTests]: class path resource [qrideserver/CarsInLocationControllerTests-context.xml] does not exist
08:11:48.617 [Test worker] DEBUG org.springframework.test.context.support.AbstractContextLoader - Did not detect default resource location for test class [qrideserver.CarsInLocationControllerTests]: class path resource [qrideserver/CarsInLocationControllerTestsContext.groovy] does not exist
08:11:48.618 [Test worker] INFO org.springframework.test.context.support.AbstractContextLoader - Could not detect default resource locations for test class [qrideserver.CarsInLocationControllerTests]: no resource found for suffixes {-context.xml, Context.groovy}.
08:11:48.620 [Test worker] INFO org.springframework.test.context.support.AnnotationConfigContextLoaderUtils - Could not detect default configuration classes for test class [qrideserver.CarsInLocationControllerTests]: CarsInLocationControllerTests does not declare any static, non-private, non-final, nested classes annotated with @Configuration.
08:11:48.734 [Test worker] DEBUG org.springframework.test.context.support.ActiveProfilesUtils - Could not find an 'annotation declaring class' for annotation type [org.springframework.test.context.ActiveProfiles] and class [qrideserver.CarsInLocationControllerTests]
08:11:48.756 [Test worker] DEBUG org.springframework.core.env.StandardEnvironment - Adding PropertySource 'systemProperties' with lowest search precedence
08:11:48.758 [Test worker] DEBUG org.springframework.core.env.StandardEnvironment - Adding PropertySource 'systemEnvironment' with lowest search precedence
08:11:48.764 [Test worker] DEBUG org.springframework.core.env.StandardEnvironment - Initialized StandardEnvironment with PropertySources [MapPropertySource@599825536 {name='systemProperties', properties={java.runtime.name=OpenJDK Runtime Environment, sun.boot.library.path=/usr/lib/jvm/java-8-openjdk-amd64/jre/lib/amd64, java.vm.version=25.181-b13, java.vm.vendor=Oracle Corporation, java.vendor.url=http://java.oracle.com/, path.separator=:, java.vm.name=OpenJDK 64-Bit Server VM, file.encoding.pkg=sun.io, sun.java.launcher=SUN_STANDARD, user.country=US, sun.os.patch.level=unknown, java.vm.specification.name=Java Virtual Machine Specification, user.dir=/home/crio-user/user6-qride-repo/rest-service, java.runtime.version=1.8.0_181-8u181-b13-0ubuntu0.16.04.1-b13, java.awt.graphicsenv=sun.awt.X11GraphicsEnvironment, java.endorsed.dirs=/usr/lib/jvm/java-8-openjdk-amd64/jre/lib/endorsed, os.arch=amd64, java.io.tmpdir=/tmp, line.separator=
, java.vm.specification.vendor=Oracle Corporation, user.variant=, os.name=Linux, sun.jnu.encoding=UTF-8, java.library.path=/usr/java/packages/lib/amd64:/usr/lib/x86_64-linux-gnu/jni:/lib/x86_64-linux-gnu:/usr/lib/x86_64-linux-gnu:/usr/lib/jni:/lib:/usr/lib, java.specification.name=Java Platform API Specification, java.class.version=52.0, org.gradle.native=false, sun.management.compiler=HotSpot 64-Bit Tiered Compilers, os.version=4.15.0-1017-gcp, user.home=/home/crio-user, user.timezone=Etc/UTC, java.awt.printerjob=sun.print.PSPrinterJob, file.encoding=UTF-8, java.specification.version=1.8, java.class.path=/home/crio-user/user6-qride-repo/rest-service/build/classes/java/test:/home/crio-user/user6-qride-repo/rest-service/build/resources/test:/home/crio-user/user6-qride-repo/rest-service/build/classes/java/main:/home/crio-user/user6-qride-repo/rest-service/build/resources/main:/home/crio-user/.gradle/caches/modules-2/files-2.1/org.springframework.boot/spring-boot-starter-web/1.5.8.RELEASE/7e0dc79e3b47be4539ad3c033639133ae6b7a17e/spring-boot-starter-web-1.5.8.RELEASE.jar:/home/crio-user/.gradle/caches/modules-2/files-2.1/org.springframework.boot/spring-boot-starter-actuator/1.5.8.RELEASE/927c40a1af518dc240dfdf7aaf0a9673c3a127c5/spring-boot-starter-actuator-1.5.8.RELEASE.jar:/home/crio-user/user6-qride-repo/data-access/build/libs/data-access-qride-get-cars-in-location.jar:/home/crio-user/user6-qride-repo/data-types/build/libs/data-types-qride-get-cars-in-location.jar:/home/crio-user/.gradle/caches/modules-2/files-2.1/org.springframework.boot/spring-boot-starter-test/1.5.8.RELEASE/20b767f594924b32950286f1236ab7d68ff861f9/spring-boot-starter-test-1.5.8.RELEASE.jar:/home/crio-user/.gradle/caches/modules-2/files-2.1/com.jayway.jsonpath/json-path/2.2.0/22290d17944bd239fabf5ac69005a60a7ecbbbcb/json-path-2.2.0.jar:/home/crio-user/.gradle/caches/modules-2/files-2.1/org.springframework.boot/spring-boot-starter/1.5.8.RELEASE/18048efe1f06569022a53cc3fb2fe9c0162935a3/spring-boot-starter-1.5.8.RELEASE.jar:/home/crio-user/.gradle/caches/modules-2/files-2.1/org.springframework.boot/spring-boot-starter-tomcat/1.5.8.RELEASE/cf3b7eb7e192a60ab1dd09e4f8bce82710a5feb0/spring-boot-starter-tomcat-1.5.8.RELEASE.jar:/home/crio-user/.gradle/caches/modules-2/files-2.1/org.hibernate/hibernate-validator/5.3.5.Final/622a9bcef2eed6d41b5b8e0662c36212009e375/hibernate-validator-5.3.5.Final.jar:/home/crio-user/.gradle/caches/modules-2/files-2.1/org.springframework.boot/spring-boot-actuator/1.5.8.RELEASE/aac530fe877ed91c92831019755c49f29b08e6/spring-boot-actuator-1.5.8.RELEASE.jar:/home/crio-user/.gradle/caches/modules-2/files-2.1/com.fasterxml.jackson.core/jackson-databind/2.8.10/f7b83cb2bc4b88d53961e749e1ad32f49ef017b7/jackson-databind-2.8.10.jar:/home/crio-user/.gradle/caches/modules-2/files-2.1/org.springframework/spring-webmvc/4.3.12.RELEASE/986e5dcd4435e780f6be64f8185eaa51523cf851/spring-webmvc-4.3.12.RELEASE.jar:/home/crio-user/.gradle/caches/modules-2/files-2.1/org.springframework/spring-web/4.3.12.RELEASE/86c29588cca74d0fc848b194cb13fcdfd12bc990/spring-web-4.3.12.RELEASE.jar:/home/crio-user/.gradle/caches/modules-2/files-2.1/com.fasterxml.jackson.core/jackson-core/2.8.10/eb21a035c66ad307e66ec8fce37f5d50fd62d039/jackson-core-2.8.10.jar:/home/crio-user/.gradle/caches/modules-2/files-2.1/com.fasterxml.jackson.core/jackson-annotations/2.8.0/45b426f7796b741035581a176744d91090e2e6fb/jackson-annotations-2.8.0.jar:/home/crio-user/.gradle/caches/modules-2/files-2.1/javax.validation/validation-api/1.1.0.Final/8613ae82954779d518631e05daa73a6a954817d5/validation-api-1.1.0.Final.jar:/home/crio-user/.gradle/caches/modules-2/files-2.1/javax.persistence/javax.persistence-api/2.2/25665ac8c0b62f50e6488173233239120fc52c96/javax.persistence-api-2.2.jar:/home/crio-user/.gradle/caches/modules-2/files-2.1/com.h2database/h2/1.4.196/dd0034398d593aa3588c6773faac429bbd9aea0e/h2-1.4.196.jar:/home/crio-user/.gradle/caches/modules-2/files-2.1/org.springframework/spring-jdbc/4.3.12.RELEASE/5c840abbdc1a1dfd0f79c4a4c25eac0c98e6af22/spring-jdbc-4.3.12.RELEASE.jar:/home/crio-user/.gradle/caches/modules-2/files-2.1/org.hibernate/hibernate-entitymanager/5.0.12.Final/302a526f5058290e9cbd719a5caf9f248d344719/hibernate-entitymanager-5.0.12.Final.jar:/home/crio-user/.gradle/caches/modules-2/files-2.1/org.hibernate/hibernate-core/5.0.12.Final/e58bf1c660e6706d8e2cbb53bae110f574366102/hibernate-core-5.0.12.Final.jar:/home/crio-user/.gradle/caches/modules-2/files-2.1/org.springframework.boot/spring-boot-test-autoconfigure/1.5.8.RELEASE/a8f986cc4b6ecef1417fe50c20984f12f54d15cc/spring-boot-test-autoconfigure-1.5.8.RELEASE.jar:/home/crio-user/.gradle/caches/modules-2/files-2.1/org.springframework.boot/spring-boot-test/1.5.8.RELEASE/17dedee86d1a9e9bd409d715fd90650ca1049659/spring-boot-test-1.5.8.RELEASE.jar:/home/crio-user/.gradle/caches/modules-2/files-2.1/org.springframework.boot/spring-boot-autoconfigure/1.5.8.RELEASE/e4f2efa4c319f4e3613d94fbccfdb5ccda6873e3/spring-boot-autoconfigure-1.5.8.RELEASE.jar:/home/crio-user/.gradle/caches/modules-2/files-2.1/org.springframework.boot/spring-boot/1.5.8.RELEASE/748ebde51761e12627ad23d064024f342b18f9b4/spring-boot-1.5.8.RELEASE.jar:/home/crio-user/.gradle/caches/modules-2/files-2.1/org.springframework/spring-context/4.3.12.RELEASE/5e6d26f36636f36b7efec1d6a0c5991284fbd95b/spring-context-4.3.12.RELEASE.jar:/home/crio-user/.gradle/caches/modules-2/files-2.1/junit/junit/4.12/2973d150c0dc1fefe998f834810d68f278ea58ec/junit-4.12.jar:/home/crio-user/.gradle/caches/modules-2/files-2.1/org.assertj/assertj-core/2.6.0/b532c3fc4f66bcfee4989a3514f1cd56203a33ad/assertj-core-2.6.0.jar:/home/crio-user/.gradle/caches/modules-2/files-2.1/org.mockito/mockito-core/1.10.19/e8546f5bef4e061d8dd73895b4e8f40e3fe6effe/mockito-core-1.10.19.jar:/home/crio-user/.gradle/caches/modules-2/files-2.1/org.hamcrest/hamcrest-library/1.3/4785a3c21320980282f9f33d0d1264a69040538f/hamcrest-library-1.3.jar:/home/crio-user/.gradle/caches/modules-2/files-2.1/org.hamcrest/hamcrest-core/1.3/42a25dc3219429f0e5d060061f71acb49bf010a0/hamcrest-core-1.3.jar:/home/crio-user/.gradle/caches/modules-2/files-2.1/org.skyscreamer/jsonassert/1.4.0/9cdbb373a06f6513e51e8c545ee6a5e981463edb/jsonassert-1.4.0.jar:/home/crio-user/.gradle/caches/modules-2/files-2.1/org.springframework/spring-test/4.3.12.RELEASE/825a7ac1014528db722a6cc94cceaef2410cb314/spring-test-4.3.12.RELEASE.jar:/home/crio-user/.gradle/caches/modules-2/files-2.1/org.springframework/spring-expression/4.3.12.RELEASE/790f69f6ad7f9da8d4a92c603ad7244c398c8309/spring-expression-4.3.12.RELEASE.jar:/home/crio-user/.gradle/caches/modules-2/files-2.1/org.springframework/spring-tx/4.3.12.RELEASE/7147b6839b2bf9db3621b79c73b4dddbe69572b6/spring-tx-4.3.12.RELEASE.jar:/home/crio-user/.gradle/caches/modules-2/files-2.1/org.springframework/spring-aop/4.3.12.RELEASE/b3fef085902993c2ef874c45c7bfd79296d5a5a4/spring-aop-4.3.12.RELEASE.jar:/home/crio-user/.gradle/caches/modules-2/files-2.1/org.springframework/spring-beans/4.3.12.RELEASE/547dd432d47d0f01d9ccbedc4b705f9f7c1240a/spring-beans-4.3.12.RELEASE.jar:/home/crio-user/.gradle/caches/modules-2/files-2.1/org.springframework/spring-core/4.3.12.RELEASE/4cebc69478c6d350dbd5af28e3db7d5694f416e3/spring-core-4.3.12.RELEASE.jar:/home/crio-user/.gradle/caches/modules-2/files-2.1/net.minidev/json-smart/2.2.1/5b9e5df7a62d1279b70dc882b041d249c4f0b002/json-smart-2.2.1.jar:/home/crio-user/.gradle/caches/modules-2/files-2.1/org.springframework.boot/spring-boot-starter-logging/1.5.8.RELEASE/ebc00a0e46753d90431fdcc5e3d6b9fd3bf1564a/spring-boot-starter-logging-1.5.8.RELEASE.jar:/home/crio-user/.gradle/caches/modules-2/files-2.1/ch.qos.logback/logback-classic/1.1.11/ccedfbacef4a6515d2983e3f89ed753d5d4fb665/logback-classic-1.1.11.jar:/home/crio-user/.gradle/caches/modules-2/files-2.1/org.slf4j/jcl-over-slf4j/1.7.25/f8c32b13ff142a513eeb5b6330b1588dcb2c0461/jcl-over-slf4j-1.7.25.jar:/home/crio-user/.gradle/caches/modules-2/files-2.1/org.slf4j/jul-to-slf4j/1.7.25/af5364cd6679bfffb114f0dec8a157aaa283b76/jul-to-slf4j-1.7.25.jar:/home/crio-user/.gradle/caches/modules-2/files-2.1/org.slf4j/log4j-over-slf4j/1.7.25/a87bb47468f47ee7aabbd54f93e133d4215769c3/log4j-over-slf4j-1.7.25.jar:/home/crio-user/.gradle/caches/modules-2/files-2.1/org.slf4j/slf4j-api/1.7.25/da76ca59f6a57ee3102f8f9bd9cee742973efa8a/slf4j-api-1.7.25.jar:/home/crio-user/.gradle/caches/modules-2/files-2.1/org.yaml/snakeyaml/1.17/7a27ea250c5130b2922b86dea63cbb1cc10a660c/snakeyaml-1.17.jar:/home/crio-user/.gradle/caches/modules-2/files-2.1/org.apache.tomcat.embed/tomcat-embed-websocket/8.5.23/52f07abcae10dc7e1764304b0877def175c2c833/tomcat-embed-websocket-8.5.23.jar:/home/crio-user/.gradle/caches/modules-2/files-2.1/org.apache.tomcat.embed/tomcat-embed-core/8.5.23/79261793a47f507890ee08f749b9d81774e4f7f0/tomcat-embed-core-8.5.23.jar:/home/crio-user/.gradle/caches/modules-2/files-2.1/org.apache.tomcat.embed/tomcat-embed-el/8.5.23/98d979cde444dffa6d434c8377d0123b2dfa614c/tomcat-embed-el-8.5.23.jar:/home/crio-user/.gradle/caches/modules-2/files-2.1/org.hibernate.common/hibernate-commons-annotations/5.0.1.Final/71e1cff3fcb20d3b3af4f3363c3ddb24d33c6879/hibernate-commons-annotations-5.0.1.Final.jar:/home/crio-user/.gradle/caches/modules-2/files-2.1/org.jboss.logging/jboss-logging/3.3.1.Final/c46217ab74b532568c0ed31dc599db3048bd1b67/jboss-logging-3.3.1.Final.jar:/home/crio-user/.gradle/caches/modules-2/files-2.1/com.fasterxml/classmate/1.3.4/3d5f48f10bbe4eb7bd862f10c0583be2e0053c6/classmate-1.3.4.jar:/home/crio-user/.gradle/caches/modules-2/files-2.1/org.hibernate.javax.persistence/hibernate-jpa-2.1-api/1.0.0.Final/5e731d961297e5a07290bfaf3db1fbc8bbbf405a/hibernate-jpa-2.1-api-1.0.0.Final.jar:/home/crio-user/.gradle/caches/modules-2/files-2.1/org.javassist/javassist/3.21.0-GA/598244f595db5c5fb713731eddbb1c91a58d959b/javassist-3.21.0-GA.jar:/home/crio-user/.gradle/caches/modules-2/files-2.1/antlr/antlr/2.7.7/83cd2cd674a217ade95a4bb83a8a14f351f48bd0/antlr-2.7.7.jar:/home/crio-user/.gradle/caches/modules-2/files-2.1/org.apache.geronimo.specs/geronimo-jta_1.1_spec/1.1.1/aabab3165b8ea936b9360abbf448459c0d04a5a4/geronimo-jta_1.1_spec-1.1.1.jar:/home/crio-user/.gradle/caches/modules-2/files-2.1/org.jboss/jandex/2.0.0.Final/3e899258936f94649c777193e1be846387ed54b3/jandex-2.0.0.Final.jar:/home/crio-user/.gradle/caches/modules-2/files-2.1/dom4j/dom4j/1.6.1/5d3ccc056b6f056dbf0dddfdf43894b9065a8f94/dom4j-1.6.1.jar:/home/crio-user/.gradle/caches/modules-2/files-2.1/org.objenesis/objenesis/2.1/87c0ea803b69252868d09308b4618f766f135a96/objenesis-2.1.jar:/home/crio-user/.gradle/caches/modules-2/files-2.1/com.vaadin.external.google/android-json/0.0.20131108.vaadin1/fa26d351fe62a6a17f5cda1287c1c6110dec413f/android-json-0.0.20131108.vaadin1.jar:/home/crio-user/.gradle/caches/modules-2/files-2.1/net.minidev/accessors-smart/1.1/a527213f2fea112a04c9bdf0ec0264e34104cd08/accessors-smart-1.1.jar:/home/crio-user/.gradle/caches/modules-2/files-2.1/org.apache.tomcat/tomcat-annotations-api/8.5.23/aaf17df9fe0240e9e9d5375d24d5f177174b73d9/tomcat-annotations-api-8.5.23.jar:/home/crio-user/.gradle/caches/modules-2/files-2.1/org.ow2.asm/asm/5.0.3/dcc2193db20e19e1feca8b1240dbbc4e190824fa/asm-5.0.3.jar:/home/crio-user/.gradle/caches/modules-2/files-2.1/ch.qos.logback/logback-core/1.1.11/88b8df40340eed549fb07e2613879bf6b006704d/logback-core-1.1.11.jar, user.name=crio-user, java.vm.specification.version=1.8, sun.java.command=worker.org.gradle.process.internal.worker.GradleWorkerMain 'Gradle Test Executor 15', java.home=/usr/lib/jvm/java-8-openjdk-amd64/jre, sun.arch.data.model=64, user.language=en, java.specification.vendor=Oracle Corporation, awt.toolkit=sun.awt.X11.XToolkit, java.vm.info=mixed mode, java.version=1.8.0_181, java.ext.dirs=/usr/lib/jvm/java-8-openjdk-amd64/jre/lib/ext:/usr/java/packages/lib/ext, sun.boot.class.path=/usr/lib/jvm/java-8-openjdk-amd64/jre/lib/resources.jar:/usr/lib/jvm/java-8-openjdk-amd64/jre/lib/rt.jar:/usr/lib/jvm/java-8-openjdk-amd64/jre/lib/sunrsasign.jar:/usr/lib/jvm/java-8-openjdk-amd64/jre/lib/jsse.jar:/usr/lib/jvm/java-8-openjdk-amd64/jre/lib/jce.jar:/usr/lib/jvm/java-8-openjdk-amd64/jre/lib/charsets.jar:/usr/lib/jvm/java-8-openjdk-amd64/jre/lib/jfr.jar:/usr/lib/jvm/java-8-openjdk-amd64/jre/classes, java.vendor=Oracle Corporation, org.gradle.test.worker=15, file.separator=/, java.vendor.url.bug=http://bugreport.sun.com/bugreport/, sun.io.unicode.encoding=UnicodeLittle, sun.cpu.endian=little, sun.cpu.isalist=}}, SystemEnvironmentPropertySource@113136646 {name='systemEnvironment', properties={PATH=/bin:/usr/bin:/usr/X11R6/bin:/usr/local/bin, QT_PLATFORM_PLUGIN=lxqt, LESSCLOSE=/bin/lesspipe %s %s, _LXSESSION_PID=7321, XDG_DATA_DIRS=/usr/local/share:/usr/share:/usr/share/gdm:/var/lib/menu-xdg, TERM=xterm, XDG_CONFIG_DIRS=/etc/xdg, LANG=en_US.UTF-8, DBUS_SESSION_BUS_ADDRESS=unix:abstract=/tmp/dbus-kSVdbqyioO,guid=fdafe7ccb45d99bc62ff16b85b74fd02, XDG_SESSION_ID=c1, XDG_CURRENT_DESKTOP=LXDE, DISPLAY=:10.0, SSH_AGENT_PID=7307, SDKMAN_DIR=/home/demo_1/.sdkman, QT_LINUX_ACCESSIBILITY_ALWAYS_ON=1, PWD=/home/crio-user/user6-qride-repo, _=./gradlew, SHELL=/bin/bash, LESSOPEN=| /bin/lesspipe %s, DESKTOP_SESSION=LXDE, OLDPWD=/home/crio-user/user6-qride-repo, USER=crio-user, XDG_CONFIG_HOME=/home/crio-user/.config, XDG_MENU_PREFIX=lxde-, QT_ACCESSIBILITY=1, UID=1002, SSH_AUTH_SOCK=/tmp/ssh-dm5UEplDfcmx/agent.7275, SAL_USE_VCLPLUGIN=gtk, QT_QPA_PLATFORMTHEME=lxqt, LS_COLORS=rs=0:di=01;34:ln=01;36:mh=00:pi=40;33:so=01;35:do=01;35:bd=40;33;01:cd=40;33;01:or=40;31;01:mi=00:su=37;41:sg=30;43:ca=30;41:tw=30;42:ow=34;42:st=37;44:ex=01;32:*.tar=01;31:*.tgz=01;31:*.arc=01;31:*.arj=01;31:*.taz=01;31:*.lha=01;31:*.lz4=01;31:*.lzh=01;31:*.lzma=01;31:*.tlz=01;31:*.txz=01;31:*.tzo=01;31:*.t7z=01;31:*.zip=01;31:*.z=01;31:*.Z=01;31:*.dz=01;31:*.gz=01;31:*.lrz=01;31:*.lz=01;31:*.lzo=01;31:*.xz=01;31:*.bz2=01;31:*.bz=01;31:*.tbz=01;31:*.tbz2=01;31:*.tz=01;31:*.deb=01;31:*.rpm=01;31:*.jar=01;31:*.war=01;31:*.ear=01;31:*.sar=01;31:*.rar=01;31:*.alz=01;31:*.ace=01;31:*.zoo=01;31:*.cpio=01;31:*.7z=01;31:*.rz=01;31:*.cab=01;31:*.jpg=01;35:*.jpeg=01;35:*.gif=01;35:*.bmp=01;35:*.pbm=01;35:*.pgm=01;35:*.ppm=01;35:*.tga=01;35:*.xbm=01;35:*.xpm=01;35:*.tif=01;35:*.tiff=01;35:*.png=01;35:*.svg=01;35:*.svgz=01;35:*.mng=01;35:*.pcx=01;35:*.mov=01;35:*.mpg=01;35:*.mpeg=01;35:*.m2v=01;35:*.mkv=01;35:*.webm=01;35:*.ogm=01;35:*.mp4=01;35:*.m4v=01;35:*.mp4v=01;35:*.vob=01;35:*.qt=01;35:*.nuv=01;35:*.wmv=01;35:*.asf=01;35:*.rm=01;35:*.rmvb=01;35:*.flc=01;35:*.avi=01;35:*.fli=01;35:*.flv=01;35:*.gl=01;35:*.dl=01;35:*.xcf=01;35:*.xwd=01;35:*.yuv=01;35:*.cgm=01;35:*.emf=01;35:*.ogv=01;35:*.ogx=01;35:*.aac=00;36:*.au=00;36:*.flac=00;36:*.m4a=00;36:*.mid=00;36:*.midi=00;36:*.mka=00;36:*.mp3=00;36:*.mpc=00;36:*.ogg=00;36:*.ra=00;36:*.wav=00;36:*.oga=00;36:*.opus=00;36:*.spx=00;36:*.xspf=00;36:, XDG_RUNTIME_DIR=/run/user/1002, HOME=/home/crio-user, SHLVL=2}}]
08:11:48.800 [Test worker] DEBUG org.springframework.core.io.support.PathMatchingResourcePatternResolver - Resolved classpath location [qrideserver/] to resources [URL [file:/home/crio-user/user6-qride-repo/rest-service/build/classes/java/test/qrideserver/], URL [file:/home/crio-user/user6-qride-repo/rest-service/build/classes/java/main/qrideserver/]]
08:11:48.802 [Test worker] DEBUG org.springframework.core.io.support.PathMatchingResourcePatternResolver - Looking for matching resources in directory tree [/home/crio-user/user6-qride-repo/rest-service/build/classes/java/test/qrideserver]
08:11:48.802 [Test worker] DEBUG org.springframework.core.io.support.PathMatchingResourcePatternResolver - Searching directory [/home/crio-user/user6-qride-repo/rest-service/build/classes/java/test/qrideserver] for files matching pattern [/home/crio-user/user6-qride-repo/rest-service/build/classes/java/test/qrideserver/*.class]
08:11:48.809 [Test worker] DEBUG org.springframework.core.io.support.PathMatchingResourcePatternResolver - Looking for matching resources in directory tree [/home/crio-user/user6-qride-repo/rest-service/build/classes/java/main/qrideserver]
08:11:48.810 [Test worker] DEBUG org.springframework.core.io.support.PathMatchingResourcePatternResolver - Searching directory [/home/crio-user/user6-qride-repo/rest-service/build/classes/java/main/qrideserver] for files matching pattern [/home/crio-user/user6-qride-repo/rest-service/build/classes/java/main/qrideserver/*.class]
08:11:48.812 [Test worker] DEBUG org.springframework.core.io.support.PathMatchingResourcePatternResolver - Resolved location pattern [classpath*:qrideserver/*.class] to resources [file [/home/crio-user/user6-qride-repo/rest-service/build/classes/java/test/qrideserver/CarsInLocationControllerTests.class], file [/home/crio-user/user6-qride-repo/rest-service/build/classes/java/main/qrideserver/Application.class], file [/home/crio-user/user6-qride-repo/rest-service/build/classes/java/main/qrideserver/CarsInLocationController.class]]
08:11:48.948 [Test worker] DEBUG org.springframework.context.annotation.ClassPathScanningCandidateComponentProvider - Identified candidate component class: file [/home/crio-user/user6-qride-repo/rest-service/build/classes/java/main/qrideserver/Application.class]
08:11:48.965 [Test worker] INFO org.springframework.boot.test.context.SpringBootTestContextBootstrapper - Found @SpringBootConfiguration qrideserver.Application for test class qrideserver.CarsInLocationControllerTests
08:11:48.972 [Test worker] DEBUG org.springframework.boot.test.context.SpringBootTestContextBootstrapper - @TestExecutionListeners is not present for class [qrideserver.CarsInLocationControllerTests]: using defaults.
08:11:48.981 [Test worker] INFO org.springframework.boot.test.context.SpringBootTestContextBootstrapper - Loaded default TestExecutionListener class names from location [META-INF/spring.factories]: [org.springframework.boot.test.autoconfigure.restdocs.RestDocsTestExecutionListener, org.springframework.boot.test.autoconfigure.web.client.MockRestServiceServerResetTestExecutionListener, org.springframework.boot.test.autoconfigure.web.servlet.MockMvcPrintOnlyOnFailureTestExecutionListener, org.springframework.boot.test.autoconfigure.web.servlet.WebDriverTestExecutionListener, org.springframework.boot.test.mock.mockito.MockitoTestExecutionListener, org.springframework.boot.test.mock.mockito.ResetMocksTestExecutionListener, org.springframework.test.context.web.ServletTestExecutionListener, org.springframework.test.context.support.DirtiesContextBeforeModesTestExecutionListener, org.springframework.test.context.support.DependencyInjectionTestExecutionListener, org.springframework.test.context.support.DirtiesContextTestExecutionListener, org.springframework.test.context.transaction.TransactionalTestExecutionListener, org.springframework.test.context.jdbc.SqlScriptsTestExecutionListener]
08:11:49.036 [Test worker] INFO org.springframework.boot.test.context.SpringBootTestContextBootstrapper - Using TestExecutionListeners: [org.springframework.test.context.web.ServletTestExecutionListener@206351f7, org.springframework.test.context.support.DirtiesContextBeforeModesTestExecutionListener@30678cc6, org.springframework.boot.test.autoconfigure.SpringBootDependencyInjectionTestExecutionListener@20c05812, org.springframework.test.context.support.DirtiesContextTestExecutionListener@17d8eaaf, org.springframework.test.context.transaction.TransactionalTestExecutionListener@2d0efd4a, org.springframework.test.context.jdbc.SqlScriptsTestExecutionListener@21035591, org.springframework.boot.test.autoconfigure.web.servlet.WebDriverTestExecutionListener@321896b, org.springframework.boot.test.autoconfigure.web.client.MockRestServiceServerResetTestExecutionListener@53fc8632, org.springframework.boot.test.autoconfigure.web.servlet.MockMvcPrintOnlyOnFailureTestExecutionListener@9c2d5aa, org.springframework.boot.test.autoconfigure.restdocs.RestDocsTestExecutionListener@32d6a6de, org.springframework.boot.test.mock.mockito.MockitoTestExecutionListener@3d330b3e, org.springframework.boot.test.mock.mockito.ResetMocksTestExecutionListener@ac9d7bc]
08:11:49.044 [Test worker] DEBUG org.springframework.test.annotation.ProfileValueUtils - Retrieved @ProfileValueSourceConfiguration [null] for test class [qrideserver.CarsInLocationControllerTests]
08:11:49.045 [Test worker] DEBUG org.springframework.test.annotation.ProfileValueUtils - Retrieved ProfileValueSource type [class org.springframework.test.annotation.SystemProfileValueSource] for class [qrideserver.CarsInLocationControllerTests]
08:11:49.049 [Test worker] DEBUG org.springframework.test.annotation.ProfileValueUtils - Retrieved @ProfileValueSourceConfiguration [null] for test class [qrideserver.CarsInLocationControllerTests]
08:11:49.050 [Test worker] DEBUG org.springframework.test.annotation.ProfileValueUtils - Retrieved ProfileValueSource type [class org.springframework.test.annotation.SystemProfileValueSource] for class [qrideserver.CarsInLocationControllerTests]
08:11:49.062 [Test worker] DEBUG org.springframework.test.context.support.AbstractDirtiesContextTestExecutionListener - Before test class: context [DefaultTestContext@e107087 testClass = CarsInLocationControllerTests, testInstance = [null], testMethod = [null], testException = [null], mergedContextConfiguration = [WebMergedContextConfiguration@4448c6f9 testClass = CarsInLocationControllerTests, locations = '{}', classes = '{class qrideserver.Application}', contextInitializerClasses = '[]', activeProfiles = '{}', propertySourceLocations = '{}', propertySourceProperties = '{org.springframework.boot.test.context.SpringBootTestContextBootstrapper=true}', contextCustomizers = set[org.springframework.boot.test.autoconfigure.properties.PropertyMappingContextCustomizer@e7e8512, org.springframework.boot.test.autoconfigure.web.servlet.WebDriverContextCustomizerFactory$Customizer@2706d098, [ImportsContextCustomizer@41f4a15c key = [org.springframework.boot.test.autoconfigure.web.servlet.MockMvcAutoConfiguration, org.springframework.boot.test.autoconfigure.web.servlet.MockMvcSecurityAutoConfiguration, org.springframework.boot.test.autoconfigure.web.servlet.MockMvcWebClientAutoConfiguration, org.springframework.boot.test.autoconfigure.web.servlet.MockMvcWebDriverAutoConfiguration]], org.springframework.boot.test.context.SpringBootTestContextCustomizer@34daa5d8, org.springframework.boot.test.context.filter.ExcludeFilterContextCustomizer@79721846, org.springframework.boot.test.json.DuplicateJsonObjectContextCustomizerFactory$DuplicateJsonObjectContextCustomizer@1d68c8bb, org.springframework.boot.test.mock.mockito.MockitoContextCustomizer@0], resourceBasePath = 'src/main/webapp', contextLoader = 'org.springframework.boot.test.context.SpringBootContextLoader', parent = [null]]], class annotated with @DirtiesContext [false] with mode [null].
08:11:49.064 [Test worker] DEBUG org.springframework.test.annotation.ProfileValueUtils - Retrieved @ProfileValueSourceConfiguration [null] for test class [qrideserver.CarsInLocationControllerTests]
08:11:49.068 [Test worker] DEBUG org.springframework.test.annotation.ProfileValueUtils - Retrieved ProfileValueSource type [class org.springframework.test.annotation.SystemProfileValueSource] for class [qrideserver.CarsInLocationControllerTests]
08:11:49.253 [Test worker] DEBUG org.springframework.core.env.StandardEnvironment - Adding PropertySource 'systemProperties' with lowest search precedence
08:11:49.255 [Test worker] DEBUG org.springframework.core.env.StandardEnvironment - Adding PropertySource 'systemEnvironment' with lowest search precedence
08:11:49.258 [Test worker] DEBUG org.springframework.core.env.StandardEnvironment - Initialized StandardEnvironment with PropertySources [MapPropertySource@653738036 {name='systemProperties', properties={java.runtime.name=OpenJDK Runtime Environment, sun.boot.library.path=/usr/lib/jvm/java-8-openjdk-amd64/jre/lib/amd64, java.vm.version=25.181-b13, java.vm.vendor=Oracle Corporation, java.vendor.url=http://java.oracle.com/, path.separator=:, java.vm.name=OpenJDK 64-Bit Server VM, file.encoding.pkg=sun.io, sun.java.launcher=SUN_STANDARD, user.country=US, sun.os.patch.level=unknown, java.vm.specification.name=Java Virtual Machine Specification, user.dir=/home/crio-user/user6-qride-repo/rest-service, java.runtime.version=1.8.0_181-8u181-b13-0ubuntu0.16.04.1-b13, java.awt.graphicsenv=sun.awt.X11GraphicsEnvironment, java.endorsed.dirs=/usr/lib/jvm/java-8-openjdk-amd64/jre/lib/endorsed, os.arch=amd64, java.io.tmpdir=/tmp, line.separator=
, java.vm.specification.vendor=Oracle Corporation, user.variant=, os.name=Linux, sun.jnu.encoding=UTF-8, java.library.path=/usr/java/packages/lib/amd64:/usr/lib/x86_64-linux-gnu/jni:/lib/x86_64-linux-gnu:/usr/lib/x86_64-linux-gnu:/usr/lib/jni:/lib:/usr/lib, java.specification.name=Java Platform API Specification, java.class.version=52.0, org.gradle.native=false, sun.management.compiler=HotSpot 64-Bit Tiered Compilers, os.version=4.15.0-1017-gcp, user.home=/home/crio-user, user.timezone=Etc/UTC, java.awt.printerjob=sun.print.PSPrinterJob, file.encoding=UTF-8, java.specification.version=1.8, java.class.path=/home/crio-user/user6-qride-repo/rest-service/build/classes/java/test:/home/crio-user/user6-qride-repo/rest-service/build/resources/test:/home/crio-user/user6-qride-repo/rest-service/build/classes/java/main:/home/crio-user/user6-qride-repo/rest-service/build/resources/main:/home/crio-user/.gradle/caches/modules-2/files-2.1/org.springframework.boot/spring-boot-starter-web/1.5.8.RELEASE/7e0dc79e3b47be4539ad3c033639133ae6b7a17e/spring-boot-starter-web-1.5.8.RELEASE.jar:/home/crio-user/.gradle/caches/modules-2/files-2.1/org.springframework.boot/spring-boot-starter-actuator/1.5.8.RELEASE/927c40a1af518dc240dfdf7aaf0a9673c3a127c5/spring-boot-starter-actuator-1.5.8.RELEASE.jar:/home/crio-user/user6-qride-repo/data-access/build/libs/data-access-qride-get-cars-in-location.jar:/home/crio-user/user6-qride-repo/data-types/build/libs/data-types-qride-get-cars-in-location.jar:/home/crio-user/.gradle/caches/modules-2/files-2.1/org.springframework.boot/spring-boot-starter-test/1.5.8.RELEASE/20b767f594924b32950286f1236ab7d68ff861f9/spring-boot-starter-test-1.5.8.RELEASE.jar:/home/crio-user/.gradle/caches/modules-2/files-2.1/com.jayway.jsonpath/json-path/2.2.0/22290d17944bd239fabf5ac69005a60a7ecbbbcb/json-path-2.2.0.jar:/home/crio-user/.gradle/caches/modules-2/files-2.1/org.springframework.boot/spring-boot-starter/1.5.8.RELEASE/18048efe1f06569022a53cc3fb2fe9c0162935a3/spring-boot-starter-1.5.8.RELEASE.jar:/home/crio-user/.gradle/caches/modules-2/files-2.1/org.springframework.boot/spring-boot-starter-tomcat/1.5.8.RELEASE/cf3b7eb7e192a60ab1dd09e4f8bce82710a5feb0/spring-boot-starter-tomcat-1.5.8.RELEASE.jar:/home/crio-user/.gradle/caches/modules-2/files-2.1/org.hibernate/hibernate-validator/5.3.5.Final/622a9bcef2eed6d41b5b8e0662c36212009e375/hibernate-validator-5.3.5.Final.jar:/home/crio-user/.gradle/caches/modules-2/files-2.1/org.springframework.boot/spring-boot-actuator/1.5.8.RELEASE/aac530fe877ed91c92831019755c49f29b08e6/spring-boot-actuator-1.5.8.RELEASE.jar:/home/crio-user/.gradle/caches/modules-2/files-2.1/com.fasterxml.jackson.core/jackson-databind/2.8.10/f7b83cb2bc4b88d53961e749e1ad32f49ef017b7/jackson-databind-2.8.10.jar:/home/crio-user/.gradle/caches/modules-2/files-2.1/org.springframework/spring-webmvc/4.3.12.RELEASE/986e5dcd4435e780f6be64f8185eaa51523cf851/spring-webmvc-4.3.12.RELEASE.jar:/home/crio-user/.gradle/caches/modules-2/files-2.1/org.springframework/spring-web/4.3.12.RELEASE/86c29588cca74d0fc848b194cb13fcdfd12bc990/spring-web-4.3.12.RELEASE.jar:/home/crio-user/.gradle/caches/modules-2/files-2.1/com.fasterxml.jackson.core/jackson-core/2.8.10/eb21a035c66ad307e66ec8fce37f5d50fd62d039/jackson-core-2.8.10.jar:/home/crio-user/.gradle/caches/modules-2/files-2.1/com.fasterxml.jackson.core/jackson-annotations/2.8.0/45b426f7796b741035581a176744d91090e2e6fb/jackson-annotations-2.8.0.jar:/home/crio-user/.gradle/caches/modules-2/files-2.1/javax.validation/validation-api/1.1.0.Final/8613ae82954779d518631e05daa73a6a954817d5/validation-api-1.1.0.Final.jar:/home/crio-user/.gradle/caches/modules-2/files-2.1/javax.persistence/javax.persistence-api/2.2/25665ac8c0b62f50e6488173233239120fc52c96/javax.persistence-api-2.2.jar:/home/crio-user/.gradle/caches/modules-2/files-2.1/com.h2database/h2/1.4.196/dd0034398d593aa3588c6773faac429bbd9aea0e/h2-1.4.196.jar:/home/crio-user/.gradle/caches/modules-2/files-2.1/org.springframework/spring-jdbc/4.3.12.RELEASE/5c840abbdc1a1dfd0f79c4a4c25eac0c98e6af22/spring-jdbc-4.3.12.RELEASE.jar:/home/crio-user/.gradle/caches/modules-2/files-2.1/org.hibernate/hibernate-entitymanager/5.0.12.Final/302a526f5058290e9cbd719a5caf9f248d344719/hibernate-entitymanager-5.0.12.Final.jar:/home/crio-user/.gradle/caches/modules-2/files-2.1/org.hibernate/hibernate-core/5.0.12.Final/e58bf1c660e6706d8e2cbb53bae110f574366102/hibernate-core-5.0.12.Final.jar:/home/crio-user/.gradle/caches/modules-2/files-2.1/org.springframework.boot/spring-boot-test-autoconfigure/1.5.8.RELEASE/a8f986cc4b6ecef1417fe50c20984f12f54d15cc/spring-boot-test-autoconfigure-1.5.8.RELEASE.jar:/home/crio-user/.gradle/caches/modules-2/files-2.1/org.springframework.boot/spring-boot-test/1.5.8.RELEASE/17dedee86d1a9e9bd409d715fd90650ca1049659/spring-boot-test-1.5.8.RELEASE.jar:/home/crio-user/.gradle/caches/modules-2/files-2.1/org.springframework.boot/spring-boot-autoconfigure/1.5.8.RELEASE/e4f2efa4c319f4e3613d94fbccfdb5ccda6873e3/spring-boot-autoconfigure-1.5.8.RELEASE.jar:/home/crio-user/.gradle/caches/modules-2/files-2.1/org.springframework.boot/spring-boot/1.5.8.RELEASE/748ebde51761e12627ad23d064024f342b18f9b4/spring-boot-1.5.8.RELEASE.jar:/home/crio-user/.gradle/caches/modules-2/files-2.1/org.springframework/spring-context/4.3.12.RELEASE/5e6d26f36636f36b7efec1d6a0c5991284fbd95b/spring-context-4.3.12.RELEASE.jar:/home/crio-user/.gradle/caches/modules-2/files-2.1/junit/junit/4.12/2973d150c0dc1fefe998f834810d68f278ea58ec/junit-4.12.jar:/home/crio-user/.gradle/caches/modules-2/files-2.1/org.assertj/assertj-core/2.6.0/b532c3fc4f66bcfee4989a3514f1cd56203a33ad/assertj-core-2.6.0.jar:/home/crio-user/.gradle/caches/modules-2/files-2.1/org.mockito/mockito-core/1.10.19/e8546f5bef4e061d8dd73895b4e8f40e3fe6effe/mockito-core-1.10.19.jar:/home/crio-user/.gradle/caches/modules-2/files-2.1/org.hamcrest/hamcrest-library/1.3/4785a3c21320980282f9f33d0d1264a69040538f/hamcrest-library-1.3.jar:/home/crio-user/.gradle/caches/modules-2/files-2.1/org.hamcrest/hamcrest-core/1.3/42a25dc3219429f0e5d060061f71acb49bf010a0/hamcrest-core-1.3.jar:/home/crio-user/.gradle/caches/modules-2/files-2.1/org.skyscreamer/jsonassert/1.4.0/9cdbb373a06f6513e51e8c545ee6a5e981463edb/jsonassert-1.4.0.jar:/home/crio-user/.gradle/caches/modules-2/files-2.1/org.springframework/spring-test/4.3.12.RELEASE/825a7ac1014528db722a6cc94cceaef2410cb314/spring-test-4.3.12.RELEASE.jar:/home/crio-user/.gradle/caches/modules-2/files-2.1/org.springframework/spring-expression/4.3.12.RELEASE/790f69f6ad7f9da8d4a92c603ad7244c398c8309/spring-expression-4.3.12.RELEASE.jar:/home/crio-user/.gradle/caches/modules-2/files-2.1/org.springframework/spring-tx/4.3.12.RELEASE/7147b6839b2bf9db3621b79c73b4dddbe69572b6/spring-tx-4.3.12.RELEASE.jar:/home/crio-user/.gradle/caches/modules-2/files-2.1/org.springframework/spring-aop/4.3.12.RELEASE/b3fef085902993c2ef874c45c7bfd79296d5a5a4/spring-aop-4.3.12.RELEASE.jar:/home/crio-user/.gradle/caches/modules-2/files-2.1/org.springframework/spring-beans/4.3.12.RELEASE/547dd432d47d0f01d9ccbedc4b705f9f7c1240a/spring-beans-4.3.12.RELEASE.jar:/home/crio-user/.gradle/caches/modules-2/files-2.1/org.springframework/spring-core/4.3.12.RELEASE/4cebc69478c6d350dbd5af28e3db7d5694f416e3/spring-core-4.3.12.RELEASE.jar:/home/crio-user/.gradle/caches/modules-2/files-2.1/net.minidev/json-smart/2.2.1/5b9e5df7a62d1279b70dc882b041d249c4f0b002/json-smart-2.2.1.jar:/home/crio-user/.gradle/caches/modules-2/files-2.1/org.springframework.boot/spring-boot-starter-logging/1.5.8.RELEASE/ebc00a0e46753d90431fdcc5e3d6b9fd3bf1564a/spring-boot-starter-logging-1.5.8.RELEASE.jar:/home/crio-user/.gradle/caches/modules-2/files-2.1/ch.qos.logback/logback-classic/1.1.11/ccedfbacef4a6515d2983e3f89ed753d5d4fb665/logback-classic-1.1.11.jar:/home/crio-user/.gradle/caches/modules-2/files-2.1/org.slf4j/jcl-over-slf4j/1.7.25/f8c32b13ff142a513eeb5b6330b1588dcb2c0461/jcl-over-slf4j-1.7.25.jar:/home/crio-user/.gradle/caches/modules-2/files-2.1/org.slf4j/jul-to-slf4j/1.7.25/af5364cd6679bfffb114f0dec8a157aaa283b76/jul-to-slf4j-1.7.25.jar:/home/crio-user/.gradle/caches/modules-2/files-2.1/org.slf4j/log4j-over-slf4j/1.7.25/a87bb47468f47ee7aabbd54f93e133d4215769c3/log4j-over-slf4j-1.7.25.jar:/home/crio-user/.gradle/caches/modules-2/files-2.1/org.slf4j/slf4j-api/1.7.25/da76ca59f6a57ee3102f8f9bd9cee742973efa8a/slf4j-api-1.7.25.jar:/home/crio-user/.gradle/caches/modules-2/files-2.1/org.yaml/snakeyaml/1.17/7a27ea250c5130b2922b86dea63cbb1cc10a660c/snakeyaml-1.17.jar:/home/crio-user/.gradle/caches/modules-2/files-2.1/org.apache.tomcat.embed/tomcat-embed-websocket/8.5.23/52f07abcae10dc7e1764304b0877def175c2c833/tomcat-embed-websocket-8.5.23.jar:/home/crio-user/.gradle/caches/modules-2/files-2.1/org.apache.tomcat.embed/tomcat-embed-core/8.5.23/79261793a47f507890ee08f749b9d81774e4f7f0/tomcat-embed-core-8.5.23.jar:/home/crio-user/.gradle/caches/modules-2/files-2.1/org.apache.tomcat.embed/tomcat-embed-el/8.5.23/98d979cde444dffa6d434c8377d0123b2dfa614c/tomcat-embed-el-8.5.23.jar:/home/crio-user/.gradle/caches/modules-2/files-2.1/org.hibernate.common/hibernate-commons-annotations/5.0.1.Final/71e1cff3fcb20d3b3af4f3363c3ddb24d33c6879/hibernate-commons-annotations-5.0.1.Final.jar:/home/crio-user/.gradle/caches/modules-2/files-2.1/org.jboss.logging/jboss-logging/3.3.1.Final/c46217ab74b532568c0ed31dc599db3048bd1b67/jboss-logging-3.3.1.Final.jar:/home/crio-user/.gradle/caches/modules-2/files-2.1/com.fasterxml/classmate/1.3.4/3d5f48f10bbe4eb7bd862f10c0583be2e0053c6/classmate-1.3.4.jar:/home/crio-user/.gradle/caches/modules-2/files-2.1/org.hibernate.javax.persistence/hibernate-jpa-2.1-api/1.0.0.Final/5e731d961297e5a07290bfaf3db1fbc8bbbf405a/hibernate-jpa-2.1-api-1.0.0.Final.jar:/home/crio-user/.gradle/caches/modules-2/files-2.1/org.javassist/javassist/3.21.0-GA/598244f595db5c5fb713731eddbb1c91a58d959b/javassist-3.21.0-GA.jar:/home/crio-user/.gradle/caches/modules-2/files-2.1/antlr/antlr/2.7.7/83cd2cd674a217ade95a4bb83a8a14f351f48bd0/antlr-2.7.7.jar:/home/crio-user/.gradle/caches/modules-2/files-2.1/org.apache.geronimo.specs/geronimo-jta_1.1_spec/1.1.1/aabab3165b8ea936b9360abbf448459c0d04a5a4/geronimo-jta_1.1_spec-1.1.1.jar:/home/crio-user/.gradle/caches/modules-2/files-2.1/org.jboss/jandex/2.0.0.Final/3e899258936f94649c777193e1be846387ed54b3/jandex-2.0.0.Final.jar:/home/crio-user/.gradle/caches/modules-2/files-2.1/dom4j/dom4j/1.6.1/5d3ccc056b6f056dbf0dddfdf43894b9065a8f94/dom4j-1.6.1.jar:/home/crio-user/.gradle/caches/modules-2/files-2.1/org.objenesis/objenesis/2.1/87c0ea803b69252868d09308b4618f766f135a96/objenesis-2.1.jar:/home/crio-user/.gradle/caches/modules-2/files-2.1/com.vaadin.external.google/android-json/0.0.20131108.vaadin1/fa26d351fe62a6a17f5cda1287c1c6110dec413f/android-json-0.0.20131108.vaadin1.jar:/home/crio-user/.gradle/caches/modules-2/files-2.1/net.minidev/accessors-smart/1.1/a527213f2fea112a04c9bdf0ec0264e34104cd08/accessors-smart-1.1.jar:/home/crio-user/.gradle/caches/modules-2/files-2.1/org.apache.tomcat/tomcat-annotations-api/8.5.23/aaf17df9fe0240e9e9d5375d24d5f177174b73d9/tomcat-annotations-api-8.5.23.jar:/home/crio-user/.gradle/caches/modules-2/files-2.1/org.ow2.asm/asm/5.0.3/dcc2193db20e19e1feca8b1240dbbc4e190824fa/asm-5.0.3.jar:/home/crio-user/.gradle/caches/modules-2/files-2.1/ch.qos.logback/logback-core/1.1.11/88b8df40340eed549fb07e2613879bf6b006704d/logback-core-1.1.11.jar, user.name=crio-user, java.vm.specification.version=1.8, sun.java.command=worker.org.gradle.process.internal.worker.GradleWorkerMain 'Gradle Test Executor 15', java.home=/usr/lib/jvm/java-8-openjdk-amd64/jre, sun.arch.data.model=64, user.language=en, java.specification.vendor=Oracle Corporation, awt.toolkit=sun.awt.X11.XToolkit, java.vm.info=mixed mode, java.version=1.8.0_181, java.ext.dirs=/usr/lib/jvm/java-8-openjdk-amd64/jre/lib/ext:/usr/java/packages/lib/ext, sun.boot.class.path=/usr/lib/jvm/java-8-openjdk-amd64/jre/lib/resources.jar:/usr/lib/jvm/java-8-openjdk-amd64/jre/lib/rt.jar:/usr/lib/jvm/java-8-openjdk-amd64/jre/lib/sunrsasign.jar:/usr/lib/jvm/java-8-openjdk-amd64/jre/lib/jsse.jar:/usr/lib/jvm/java-8-openjdk-amd64/jre/lib/jce.jar:/usr/lib/jvm/java-8-openjdk-amd64/jre/lib/charsets.jar:/usr/lib/jvm/java-8-openjdk-amd64/jre/lib/jfr.jar:/usr/lib/jvm/java-8-openjdk-amd64/jre/classes, java.vendor=Oracle Corporation, org.gradle.test.worker=15, file.separator=/, java.vendor.url.bug=http://bugreport.sun.com/bugreport/, sun.io.unicode.encoding=UnicodeLittle, sun.cpu.endian=little, sun.cpu.isalist=}}, SystemEnvironmentPropertySource@908919372 {name='systemEnvironment', properties={PATH=/bin:/usr/bin:/usr/X11R6/bin:/usr/local/bin, QT_PLATFORM_PLUGIN=lxqt, LESSCLOSE=/bin/lesspipe %s %s, _LXSESSION_PID=7321, XDG_DATA_DIRS=/usr/local/share:/usr/share:/usr/share/gdm:/var/lib/menu-xdg, TERM=xterm, XDG_CONFIG_DIRS=/etc/xdg, LANG=en_US.UTF-8, DBUS_SESSION_BUS_ADDRESS=unix:abstract=/tmp/dbus-kSVdbqyioO,guid=fdafe7ccb45d99bc62ff16b85b74fd02, XDG_SESSION_ID=c1, XDG_CURRENT_DESKTOP=LXDE, DISPLAY=:10.0, SSH_AGENT_PID=7307, SDKMAN_DIR=/home/demo_1/.sdkman, QT_LINUX_ACCESSIBILITY_ALWAYS_ON=1, PWD=/home/crio-user/user6-qride-repo, _=./gradlew, SHELL=/bin/bash, LESSOPEN=| /bin/lesspipe %s, DESKTOP_SESSION=LXDE, OLDPWD=/home/crio-user/user6-qride-repo, USER=crio-user, XDG_CONFIG_HOME=/home/crio-user/.config, XDG_MENU_PREFIX=lxde-, QT_ACCESSIBILITY=1, UID=1002, SSH_AUTH_SOCK=/tmp/ssh-dm5UEplDfcmx/agent.7275, SAL_USE_VCLPLUGIN=gtk, QT_QPA_PLATFORMTHEME=lxqt, LS_COLORS=rs=0:di=01;34:ln=01;36:mh=00:pi=40;33:so=01;35:do=01;35:bd=40;33;01:cd=40;33;01:or=40;31;01:mi=00:su=37;41:sg=30;43:ca=30;41:tw=30;42:ow=34;42:st=37;44:ex=01;32:*.tar=01;31:*.tgz=01;31:*.arc=01;31:*.arj=01;31:*.taz=01;31:*.lha=01;31:*.lz4=01;31:*.lzh=01;31:*.lzma=01;31:*.tlz=01;31:*.txz=01;31:*.tzo=01;31:*.t7z=01;31:*.zip=01;31:*.z=01;31:*.Z=01;31:*.dz=01;31:*.gz=01;31:*.lrz=01;31:*.lz=01;31:*.lzo=01;31:*.xz=01;31:*.bz2=01;31:*.bz=01;31:*.tbz=01;31:*.tbz2=01;31:*.tz=01;31:*.deb=01;31:*.rpm=01;31:*.jar=01;31:*.war=01;31:*.ear=01;31:*.sar=01;31:*.rar=01;31:*.alz=01;31:*.ace=01;31:*.zoo=01;31:*.cpio=01;31:*.7z=01;31:*.rz=01;31:*.cab=01;31:*.jpg=01;35:*.jpeg=01;35:*.gif=01;35:*.bmp=01;35:*.pbm=01;35:*.pgm=01;35:*.ppm=01;35:*.tga=01;35:*.xbm=01;35:*.xpm=01;35:*.tif=01;35:*.tiff=01;35:*.png=01;35:*.svg=01;35:*.svgz=01;35:*.mng=01;35:*.pcx=01;35:*.mov=01;35:*.mpg=01;35:*.mpeg=01;35:*.m2v=01;35:*.mkv=01;35:*.webm=01;35:*.ogm=01;35:*.mp4=01;35:*.m4v=01;35:*.mp4v=01;35:*.vob=01;35:*.qt=01;35:*.nuv=01;35:*.wmv=01;35:*.asf=01;35:*.rm=01;35:*.rmvb=01;35:*.flc=01;35:*.avi=01;35:*.fli=01;35:*.flv=01;35:*.gl=01;35:*.dl=01;35:*.xcf=01;35:*.xwd=01;35:*.yuv=01;35:*.cgm=01;35:*.emf=01;35:*.ogv=01;35:*.ogx=01;35:*.aac=00;36:*.au=00;36:*.flac=00;36:*.m4a=00;36:*.mid=00;36:*.midi=00;36:*.mka=00;36:*.mp3=00;36:*.mpc=00;36:*.ogg=00;36:*.ra=00;36:*.wav=00;36:*.oga=00;36:*.opus=00;36:*.spx=00;36:*.xspf=00;36:, XDG_RUNTIME_DIR=/run/user/1002, HOME=/home/crio-user, SHLVL=2}}]
08:11:49.274 [Test worker] DEBUG org.springframework.core.env.MutablePropertySources - Adding PropertySource 'inline' with highest search precedence
08:11:49.288 [Test worker] DEBUG org.springframework.test.context.support.TestPropertySourceUtils - Adding inlined properties to environment: {spring.jmx.enabled=false, org.springframework.boot.test.context.SpringBootTestContextBootstrapper=true, server.port=-1}
08:11:49.289 [Test worker] DEBUG org.springframework.core.env.StandardEnvironment - Adding PropertySource 'Inlined Test Properties' with highest search precedence

  .   ____          _            __ _ _
 /\\ / ___'_ __ _ _(_)_ __  __ _ \ \ \ \
( ( )\___ | '_ | '_| | '_ \/ _` | \ \ \ \
 \\/  ___)| |_)| | | | | || (_| |  ) ) ) )
  '  |____| .__|_| |_|_| |_\__, | / / / /
 =========|_|==============|___/=/_/_/_/
 :: Spring Boot ::        (v1.5.8.RELEASE)

2018-08-18 08:11:50.639  INFO 13626 --- [    Test worker] q.CarsInLocationControllerTests          : Starting CarsInLocationControllerTests on u1criodo with PID 13626 (started by crio-user in /home/crio-user/user6-qride-repo/rest-service)
2018-08-18 08:11:50.654  INFO 13626 --- [    Test worker] q.CarsInLocationControllerTests          : No active profile set, falling back to default profiles: default
2018-08-18 08:11:50.771  INFO 13626 --- [    Test worker] o.s.w.c.s.GenericWebApplicationContext   : Refreshing org.springframework.web.context.support.GenericWebApplicationContext@18ebc640: startup date [Sat Aug 18 08:11:50 UTC 2018]; root of context hierarchy
2018-08-18 08:11:50.778 DEBUG 13626 --- [    Test worker] o.s.w.c.s.GenericWebApplicationContext   : Bean factory for org.springframework.web.context.support.GenericWebApplicationContext@18ebc640: org.springframework.beans.factory.support.DefaultListableBeanFactory@71dd44a4: defining beans [org.springframework.context.annotation.internalConfigurationAnnotationProcessor,org.springframework.context.annotation.internalAutowiredAnnotationProcessor,org.springframework.context.annotation.internalRequiredAnnotationProcessor,org.springframework.context.annotation.internalCommonAnnotationProcessor,org.springframework.context.event.internalEventListenerProcessor,org.springframework.context.event.internalEventListenerFactory,org.springframework.boot.test.context.ImportsContextCustomizer$ImportsCleanupPostProcessor,org.springframework.boot.test.context.ImportsContextCustomizer$ImportsConfiguration,org.springframework.boot.test.mock.mockito.MockitoPostProcessor$SpyPostProcessor,org.springframework.boot.test.mock.mockito.MockitoPostProcessor,application]; root of factory hierarchy
2018-08-18 08:11:55.107 DEBUG 13626 --- [    Test worker] o.s.w.c.s.GenericWebApplicationContext   : Unable to locate MessageSource with name 'messageSource': using default [org.springframework.context.support.DelegatingMessageSource@32aa5915]
2018-08-18 08:11:55.109 DEBUG 13626 --- [    Test worker] o.s.w.c.s.GenericWebApplicationContext   : Unable to locate ApplicationEventMulticaster with name 'applicationEventMulticaster': using default [org.springframework.context.event.SimpleApplicationEventMulticaster@102c6f01]
2018-08-18 08:11:56.542  INFO 13626 --- [    Test worker] o.s.b.t.m.w.SpringBootMockServletContext : Initializing Spring FrameworkServlet ''
2018-08-18 08:11:56.544  INFO 13626 --- [    Test worker] o.s.t.web.servlet.TestDispatcherServlet  : FrameworkServlet '': initialization started
2018-08-18 08:11:57.071 DEBUG 13626 --- [    Test worker] s.w.s.m.m.a.RequestMappingHandlerMapping : Looking for request mappings in application context: org.springframework.web.context.support.GenericWebApplicationContext@18ebc640: startup date [Sat Aug 18 08:11:50 UTC 2018]; root of context hierarchy
2018-08-18 08:11:57.102 DEBUG 13626 --- [    Test worker] s.w.s.m.m.a.RequestMappingHandlerMapping : 1 request handler methods found on class qrideserver.CarsInLocationController: {public org.springframework.http.ResponseEntity qrideserver.CarsInLocationController.carsInLocation(carsinlocation.CarsInLocationRequest)={[/qride/v1/cars_in_location]}}
2018-08-18 08:11:57.105  INFO 13626 --- [    Test worker] s.w.s.m.m.a.RequestMappingHandlerMapping : Mapped "{[/qride/v1/cars_in_location]}" onto public org.springframework.http.ResponseEntity<carsinlocation.CarsInLocationResponse> qrideserver.CarsInLocationController.carsInLocation(carsinlocation.CarsInLocationRequest)
2018-08-18 08:11:57.108 TRACE 13626 --- [    Test worker] s.w.s.m.m.a.RequestMappingHandlerMapping : Mapping name 'CILC#carsInLocation'
2018-08-18 08:11:57.121 DEBUG 13626 --- [    Test worker] s.w.s.m.m.a.RequestMappingHandlerMapping : 2 request handler methods found on class org.springframework.boot.autoconfigure.web.BasicErrorController: {public org.springframework.web.servlet.ModelAndView org.springframework.boot.autoconfigure.web.BasicErrorController.errorHtml(javax.servlet.http.HttpServletRequest,javax.servlet.http.HttpServletResponse)={[/error],produces=[text/html]}, public org.springframework.http.ResponseEntity org.springframework.boot.autoconfigure.web.BasicErrorController.error(javax.servlet.http.HttpServletRequest)={[/error]}}
2018-08-18 08:11:57.126  INFO 13626 --- [    Test worker] s.w.s.m.m.a.RequestMappingHandlerMapping : Mapped "{[/error],produces=[text/html]}" onto public org.springframework.web.servlet.ModelAndView org.springframework.boot.autoconfigure.web.BasicErrorController.errorHtml(javax.servlet.http.HttpServletRequest,javax.servlet.http.HttpServletResponse)
2018-08-18 08:11:57.129 TRACE 13626 --- [    Test worker] s.w.s.m.m.a.RequestMappingHandlerMapping : Mapping name 'BEC#errorHtml'
2018-08-18 08:11:57.131  INFO 13626 --- [    Test worker] s.w.s.m.m.a.RequestMappingHandlerMapping : Mapped "{[/error]}" onto public org.springframework.http.ResponseEntity<java.util.Map<java.lang.String, java.lang.Object>> org.springframework.boot.autoconfigure.web.BasicErrorController.error(javax.servlet.http.HttpServletRequest)
2018-08-18 08:11:57.147 TRACE 13626 --- [    Test worker] s.w.s.m.m.a.RequestMappingHandlerMapping : Mapping name 'BEC#error'
2018-08-18 08:11:57.275 DEBUG 13626 --- [    Test worker] o.s.w.s.h.BeanNameUrlHandlerMapping      : Looking for URL mappings in application context: org.springframework.web.context.support.GenericWebApplicationContext@18ebc640: startup date [Sat Aug 18 08:11:50 UTC 2018]; root of context hierarchy
2018-08-18 08:11:57.283 DEBUG 13626 --- [    Test worker] o.s.w.s.h.BeanNameUrlHandlerMapping      : Rejected bean name 'org.springframework.context.annotation.internalConfigurationAnnotationProcessor': no URL paths identified
2018-08-18 08:11:57.296 DEBUG 13626 --- [    Test worker] o.s.w.s.h.BeanNameUrlHandlerMapping      : Rejected bean name 'org.springframework.context.annotation.internalAutowiredAnnotationProcessor': no URL paths identified
2018-08-18 08:11:57.300 DEBUG 13626 --- [    Test worker] o.s.w.s.h.BeanNameUrlHandlerMapping      : Rejected bean name 'org.springframework.context.annotation.internalRequiredAnnotationProcessor': no URL paths identified
2018-08-18 08:11:57.302 DEBUG 13626 --- [    Test worker] o.s.w.s.h.BeanNameUrlHandlerMapping      : Rejected bean name 'org.springframework.context.annotation.internalCommonAnnotationProcessor': no URL paths identified
2018-08-18 08:11:57.306 DEBUG 13626 --- [    Test worker] o.s.w.s.h.BeanNameUrlHandlerMapping      : Rejected bean name 'org.springframework.context.event.internalEventListenerProcessor': no URL paths identified
2018-08-18 08:11:57.307 DEBUG 13626 --- [    Test worker] o.s.w.s.h.BeanNameUrlHandlerMapping      : Rejected bean name 'org.springframework.context.event.internalEventListenerFactory': no URL paths identified
2018-08-18 08:11:57.309 DEBUG 13626 --- [    Test worker] o.s.w.s.h.BeanNameUrlHandlerMapping      : Rejected bean name 'org.springframework.boot.test.context.ImportsContextCustomizer$ImportsCleanupPostProcessor': no URL paths identified
2018-08-18 08:11:57.311 DEBUG 13626 --- [    Test worker] o.s.w.s.h.BeanNameUrlHandlerMapping      : Rejected bean name 'org.springframework.boot.test.mock.mockito.MockitoPostProcessor$SpyPostProcessor': no URL paths identified
2018-08-18 08:11:57.312 DEBUG 13626 --- [    Test worker] o.s.w.s.h.BeanNameUrlHandlerMapping      : Rejected bean name 'org.springframework.boot.test.mock.mockito.MockitoPostProcessor': no URL paths identified
2018-08-18 08:11:57.312 DEBUG 13626 --- [    Test worker] o.s.w.s.h.BeanNameUrlHandlerMapping      : Rejected bean name 'application': no URL paths identified
2018-08-18 08:11:57.315 DEBUG 13626 --- [    Test worker] o.s.w.s.h.BeanNameUrlHandlerMapping      : Rejected bean name 'org.springframework.boot.autoconfigure.internalCachingMetadataReaderFactory': no URL paths identified
2018-08-18 08:11:57.316 DEBUG 13626 --- [    Test worker] o.s.w.s.h.BeanNameUrlHandlerMapping      : Rejected bean name 'carsInLocationController': no URL paths identified
2018-08-18 08:11:57.317 DEBUG 13626 --- [    Test worker] o.s.w.s.h.BeanNameUrlHandlerMapping      : Rejected bean name 'org.springframework.boot.autoconfigure.AutoConfigurationPackages': no URL paths identified
2018-08-18 08:11:57.318 DEBUG 13626 --- [    Test worker] o.s.w.s.h.BeanNameUrlHandlerMapping      : Rejected bean name 'org.springframework.boot.test.autoconfigure.web.servlet.MockMvcAutoConfiguration': no URL paths identified
2018-08-18 08:11:57.319 DEBUG 13626 --- [    Test worker] o.s.w.s.h.BeanNameUrlHandlerMapping      : Rejected bean name 'org.springframework.boot.autoconfigure.condition.BeanTypeRegistry': no URL paths identified
2018-08-18 08:11:57.322 DEBUG 13626 --- [    Test worker] o.s.w.s.h.BeanNameUrlHandlerMapping      : Rejected bean name 'mockMvcBuilder': no URL paths identified
2018-08-18 08:11:57.325 DEBUG 13626 --- [    Test worker] o.s.w.s.h.BeanNameUrlHandlerMapping      : Rejected bean name 'springBootMockMvcBuilderCustomizer': no URL paths identified
2018-08-18 08:11:57.326 DEBUG 13626 --- [    Test worker] o.s.w.s.h.BeanNameUrlHandlerMapping      : Rejected bean name 'mockMvc': no URL paths identified
2018-08-18 08:11:57.332 DEBUG 13626 --- [    Test worker] o.s.w.s.h.BeanNameUrlHandlerMapping      : Rejected bean name 'spring.mvc-org.springframework.boot.autoconfigure.web.WebMvcProperties': no URL paths identified
2018-08-18 08:11:57.337 DEBUG 13626 --- [    Test worker] o.s.w.s.h.BeanNameUrlHandlerMapping      : Rejected bean name 'org.springframework.boot.context.properties.ConfigurationPropertiesBindingPostProcessor': no URL paths identified
2018-08-18 08:11:57.339 DEBUG 13626 --- [    Test worker] o.s.w.s.h.BeanNameUrlHandlerMapping      : Rejected bean name 'org.springframework.boot.context.properties.ConfigurationPropertiesBindingPostProcessor.store': no URL paths identified
2018-08-18 08:11:57.340 DEBUG 13626 --- [    Test worker] o.s.w.s.h.BeanNameUrlHandlerMapping      : Rejected bean name 'org.springframework.boot.autoconfigure.web.ServerPropertiesAutoConfiguration': no URL paths identified
2018-08-18 08:11:57.341 DEBUG 13626 --- [    Test worker] o.s.w.s.h.BeanNameUrlHandlerMapping      : Rejected bean name 'serverProperties': no URL paths identified
2018-08-18 08:11:57.343 DEBUG 13626 --- [    Test worker] o.s.w.s.h.BeanNameUrlHandlerMapping      : Rejected bean name 'duplicateServerPropertiesDetector': no URL paths identified
2018-08-18 08:11:57.344 DEBUG 13626 --- [    Test worker] o.s.w.s.h.BeanNameUrlHandlerMapping      : Rejected bean name 'org.springframework.boot.test.autoconfigure.web.servlet.MockMvcSecurityAutoConfiguration': no URL paths identified
2018-08-18 08:11:57.345 DEBUG 13626 --- [    Test worker] o.s.w.s.h.BeanNameUrlHandlerMapping      : Rejected bean name 'org.springframework.boot.autoconfigure.context.PropertyPlaceholderAutoConfiguration': no URL paths identified
2018-08-18 08:11:57.347 DEBUG 13626 --- [    Test worker] o.s.w.s.h.BeanNameUrlHandlerMapping      : Rejected bean name 'propertySourcesPlaceholderConfigurer': no URL paths identified
2018-08-18 08:11:57.349 DEBUG 13626 --- [    Test worker] o.s.w.s.h.BeanNameUrlHandlerMapping      : Rejected bean name 'org.springframework.boot.autoconfigure.jackson.JacksonAutoConfiguration$Jackson2ObjectMapperBuilderCustomizerConfiguration': no URL paths identified
2018-08-18 08:11:57.353 DEBUG 13626 --- [    Test worker] o.s.w.s.h.BeanNameUrlHandlerMapping      : Rejected bean name 'standardJacksonObjectMapperBuilderCustomizer': no URL paths identified
2018-08-18 08:11:57.354 DEBUG 13626 --- [    Test worker] o.s.w.s.h.BeanNameUrlHandlerMapping      : Rejected bean name 'spring.jackson-org.springframework.boot.autoconfigure.jackson.JacksonProperties': no URL paths identified
2018-08-18 08:11:57.355 DEBUG 13626 --- [    Test worker] o.s.w.s.h.BeanNameUrlHandlerMapping      : Rejected bean name 'org.springframework.boot.autoconfigure.jackson.JacksonAutoConfiguration$JacksonObjectMapperBuilderConfiguration': no URL paths identified
2018-08-18 08:11:57.356 DEBUG 13626 --- [    Test worker] o.s.w.s.h.BeanNameUrlHandlerMapping      : Rejected bean name 'jacksonObjectMapperBuilder': no URL paths identified
2018-08-18 08:11:57.364 DEBUG 13626 --- [    Test worker] o.s.w.s.h.BeanNameUrlHandlerMapping      : Rejected bean name 'org.springframework.boot.autoconfigure.jackson.JacksonAutoConfiguration$JacksonObjectMapperConfiguration': no URL paths identified
2018-08-18 08:11:57.364 DEBUG 13626 --- [    Test worker] o.s.w.s.h.BeanNameUrlHandlerMapping      : Rejected bean name 'jacksonObjectMapper': no URL paths identified
2018-08-18 08:11:57.366 DEBUG 13626 --- [    Test worker] o.s.w.s.h.BeanNameUrlHandlerMapping      : Rejected bean name 'org.springframework.boot.autoconfigure.jackson.JacksonAutoConfiguration': no URL paths identified
2018-08-18 08:11:57.367 DEBUG 13626 --- [    Test worker] o.s.w.s.h.BeanNameUrlHandlerMapping      : Rejected bean name 'jsonComponentModule': no URL paths identified
2018-08-18 08:11:57.367 DEBUG 13626 --- [    Test worker] o.s.w.s.h.BeanNameUrlHandlerMapping      : Rejected bean name 'org.springframework.boot.autoconfigure.websocket.WebSocketAutoConfiguration$TomcatWebSocketConfiguration': no URL paths identified
2018-08-18 08:11:57.369 DEBUG 13626 --- [    Test worker] o.s.w.s.h.BeanNameUrlHandlerMapping      : Rejected bean name 'websocketContainerCustomizer': no URL paths identified
2018-08-18 08:11:57.370 DEBUG 13626 --- [    Test worker] o.s.w.s.h.BeanNameUrlHandlerMapping      : Rejected bean name 'org.springframework.boot.autoconfigure.websocket.WebSocketAutoConfiguration': no URL paths identified
2018-08-18 08:11:57.370 DEBUG 13626 --- [    Test worker] o.s.w.s.h.BeanNameUrlHandlerMapping      : Rejected bean name 'org.springframework.boot.autoconfigure.web.EmbeddedServletContainerAutoConfiguration$EmbeddedTomcat': no URL paths identified
2018-08-18 08:11:57.371 DEBUG 13626 --- [    Test worker] o.s.w.s.h.BeanNameUrlHandlerMapping      : Rejected bean name 'tomcatEmbeddedServletContainerFactory': no URL paths identified
2018-08-18 08:11:57.371 DEBUG 13626 --- [    Test worker] o.s.w.s.h.BeanNameUrlHandlerMapping      : Rejected bean name 'org.springframework.boot.autoconfigure.web.EmbeddedServletContainerAutoConfiguration': no URL paths identified
2018-08-18 08:11:57.374 DEBUG 13626 --- [    Test worker] o.s.w.s.h.BeanNameUrlHandlerMapping      : Rejected bean name 'embeddedServletContainerCustomizerBeanPostProcessor': no URL paths identified
2018-08-18 08:11:57.386 DEBUG 13626 --- [    Test worker] o.s.w.s.h.BeanNameUrlHandlerMapping      : Rejected bean name 'errorPageRegistrarBeanPostProcessor': no URL paths identified
2018-08-18 08:11:57.389 DEBUG 13626 --- [    Test worker] o.s.w.s.h.BeanNameUrlHandlerMapping      : Rejected bean name 'org.springframework.boot.autoconfigure.web.DispatcherServletAutoConfiguration$DispatcherServletConfiguration': no URL paths identified
2018-08-18 08:11:57.391 DEBUG 13626 --- [    Test worker] o.s.w.s.h.BeanNameUrlHandlerMapping      : Rejected bean name 'dispatcherServlet': no URL paths identified
2018-08-18 08:11:57.392 DEBUG 13626 --- [    Test worker] o.s.w.s.h.BeanNameUrlHandlerMapping      : Rejected bean name 'org.springframework.boot.autoconfigure.web.DispatcherServletAutoConfiguration$DispatcherServletRegistrationConfiguration': no URL paths identified
2018-08-18 08:11:57.392 DEBUG 13626 --- [    Test worker] o.s.w.s.h.BeanNameUrlHandlerMapping      : Rejected bean name 'dispatcherServletRegistration': no URL paths identified
2018-08-18 08:11:57.392 DEBUG 13626 --- [    Test worker] o.s.w.s.h.BeanNameUrlHandlerMapping      : Rejected bean name 'org.springframework.boot.autoconfigure.web.DispatcherServletAutoConfiguration': no URL paths identified
2018-08-18 08:11:57.393 DEBUG 13626 --- [    Test worker] o.s.w.s.h.BeanNameUrlHandlerMapping      : Rejected bean name 'org.springframework.boot.autoconfigure.validation.ValidationAutoConfiguration': no URL paths identified
2018-08-18 08:11:57.393 DEBUG 13626 --- [    Test worker] o.s.w.s.h.BeanNameUrlHandlerMapping      : Rejected bean name 'defaultValidator': no URL paths identified
2018-08-18 08:11:57.393 DEBUG 13626 --- [    Test worker] o.s.w.s.h.BeanNameUrlHandlerMapping      : Rejected bean name 'methodValidationPostProcessor': no URL paths identified
2018-08-18 08:11:57.393 DEBUG 13626 --- [    Test worker] o.s.w.s.h.BeanNameUrlHandlerMapping      : Rejected bean name 'org.springframework.boot.autoconfigure.web.ErrorMvcAutoConfiguration$WhitelabelErrorViewConfiguration': no URL paths identified
2018-08-18 08:11:57.393 DEBUG 13626 --- [    Test worker] o.s.w.s.h.BeanNameUrlHandlerMapping      : Rejected bean name 'error': no URL paths identified
2018-08-18 08:11:57.393 DEBUG 13626 --- [    Test worker] o.s.w.s.h.BeanNameUrlHandlerMapping      : Rejected bean name 'beanNameViewResolver': no URL paths identified
2018-08-18 08:11:57.394 DEBUG 13626 --- [    Test worker] o.s.w.s.h.BeanNameUrlHandlerMapping      : Rejected bean name 'org.springframework.boot.autoconfigure.web.ErrorMvcAutoConfiguration$DefaultErrorViewResolverConfiguration': no URL paths identified
2018-08-18 08:11:57.394 DEBUG 13626 --- [    Test worker] o.s.w.s.h.BeanNameUrlHandlerMapping      : Rejected bean name 'conventionErrorViewResolver': no URL paths identified
2018-08-18 08:11:57.394 DEBUG 13626 --- [    Test worker] o.s.w.s.h.BeanNameUrlHandlerMapping      : Rejected bean name 'org.springframework.boot.autoconfigure.web.ErrorMvcAutoConfiguration': no URL paths identified
2018-08-18 08:11:57.394 DEBUG 13626 --- [    Test worker] o.s.w.s.h.BeanNameUrlHandlerMapping      : Rejected bean name 'errorAttributes': no URL paths identified
2018-08-18 08:11:57.394 DEBUG 13626 --- [    Test worker] o.s.w.s.h.BeanNameUrlHandlerMapping      : Rejected bean name 'basicErrorController': no URL paths identified
2018-08-18 08:11:57.395 DEBUG 13626 --- [    Test worker] o.s.w.s.h.BeanNameUrlHandlerMapping      : Rejected bean name 'errorPageCustomizer': no URL paths identified
2018-08-18 08:11:57.395 DEBUG 13626 --- [    Test worker] o.s.w.s.h.BeanNameUrlHandlerMapping      : Rejected bean name 'preserveErrorControllerTargetClassPostProcessor': no URL paths identified
2018-08-18 08:11:57.395 DEBUG 13626 --- [    Test worker] o.s.w.s.h.BeanNameUrlHandlerMapping      : Rejected bean name 'spring.resources-org.springframework.boot.autoconfigure.web.ResourceProperties': no URL paths identified
2018-08-18 08:11:57.395 DEBUG 13626 --- [    Test worker] o.s.w.s.h.BeanNameUrlHandlerMapping      : Rejected bean name 'org.springframework.boot.autoconfigure.web.WebMvcAutoConfiguration$EnableWebMvcConfiguration': no URL paths identified
2018-08-18 08:11:57.395 DEBUG 13626 --- [    Test worker] o.s.w.s.h.BeanNameUrlHandlerMapping      : Rejected bean name 'requestMappingHandlerAdapter': no URL paths identified
2018-08-18 08:11:57.395 DEBUG 13626 --- [    Test worker] o.s.w.s.h.BeanNameUrlHandlerMapping      : Rejected bean name 'requestMappingHandlerMapping': no URL paths identified
2018-08-18 08:11:57.396 DEBUG 13626 --- [    Test worker] o.s.w.s.h.BeanNameUrlHandlerMapping      : Rejected bean name 'mvcValidator': no URL paths identified
2018-08-18 08:11:57.396 DEBUG 13626 --- [    Test worker] o.s.w.s.h.BeanNameUrlHandlerMapping      : Rejected bean name 'mvcContentNegotiationManager': no URL paths identified
2018-08-18 08:11:57.396 DEBUG 13626 --- [    Test worker] o.s.w.s.h.BeanNameUrlHandlerMapping      : Rejected bean name 'mvcPathMatcher': no URL paths identified
2018-08-18 08:11:57.396 DEBUG 13626 --- [    Test worker] o.s.w.s.h.BeanNameUrlHandlerMapping      : Rejected bean name 'mvcUrlPathHelper': no URL paths identified
2018-08-18 08:11:57.396 DEBUG 13626 --- [    Test worker] o.s.w.s.h.BeanNameUrlHandlerMapping      : Rejected bean name 'viewControllerHandlerMapping': no URL paths identified
2018-08-18 08:11:57.397 DEBUG 13626 --- [    Test worker] o.s.w.s.h.BeanNameUrlHandlerMapping      : Rejected bean name 'beanNameHandlerMapping': no URL paths identified
2018-08-18 08:11:57.397 DEBUG 13626 --- [    Test worker] o.s.w.s.h.BeanNameUrlHandlerMapping      : Rejected bean name 'resourceHandlerMapping': no URL paths identified
2018-08-18 08:11:57.397 DEBUG 13626 --- [    Test worker] o.s.w.s.h.BeanNameUrlHandlerMapping      : Rejected bean name 'mvcResourceUrlProvider': no URL paths identified
2018-08-18 08:11:57.397 DEBUG 13626 --- [    Test worker] o.s.w.s.h.BeanNameUrlHandlerMapping      : Rejected bean name 'defaultServletHandlerMapping': no URL paths identified
2018-08-18 08:11:57.397 DEBUG 13626 --- [    Test worker] o.s.w.s.h.BeanNameUrlHandlerMapping      : Rejected bean name 'mvcConversionService': no URL paths identified
2018-08-18 08:11:57.398 DEBUG 13626 --- [    Test worker] o.s.w.s.h.BeanNameUrlHandlerMapping      : Rejected bean name 'mvcUriComponentsContributor': no URL paths identified
2018-08-18 08:11:57.398 DEBUG 13626 --- [    Test worker] o.s.w.s.h.BeanNameUrlHandlerMapping      : Rejected bean name 'httpRequestHandlerAdapter': no URL paths identified
2018-08-18 08:11:57.406 DEBUG 13626 --- [    Test worker] o.s.w.s.h.BeanNameUrlHandlerMapping      : Rejected bean name 'simpleControllerHandlerAdapter': no URL paths identified
2018-08-18 08:11:57.408 DEBUG 13626 --- [    Test worker] o.s.w.s.h.BeanNameUrlHandlerMapping      : Rejected bean name 'handlerExceptionResolver': no URL paths identified
2018-08-18 08:11:57.408 DEBUG 13626 --- [    Test worker] o.s.w.s.h.BeanNameUrlHandlerMapping      : Rejected bean name 'mvcViewResolver': no URL paths identified
2018-08-18 08:11:57.409 DEBUG 13626 --- [    Test worker] o.s.w.s.h.BeanNameUrlHandlerMapping      : Rejected bean name 'mvcHandlerMappingIntrospector': no URL paths identified
2018-08-18 08:11:57.409 DEBUG 13626 --- [    Test worker] o.s.w.s.h.BeanNameUrlHandlerMapping      : Rejected bean name 'org.springframework.boot.autoconfigure.web.WebMvcAutoConfiguration$WebMvcAutoConfigurationAdapter$FaviconConfiguration': no URL paths identified
2018-08-18 08:11:57.409 DEBUG 13626 --- [    Test worker] o.s.w.s.h.BeanNameUrlHandlerMapping      : Rejected bean name 'faviconHandlerMapping': no URL paths identified
2018-08-18 08:11:57.409 DEBUG 13626 --- [    Test worker] o.s.w.s.h.BeanNameUrlHandlerMapping      : Rejected bean name 'faviconRequestHandler': no URL paths identified
2018-08-18 08:11:57.410 DEBUG 13626 --- [    Test worker] o.s.w.s.h.BeanNameUrlHandlerMapping      : Rejected bean name 'org.springframework.boot.autoconfigure.web.WebMvcAutoConfiguration$WebMvcAutoConfigurationAdapter': no URL paths identified
2018-08-18 08:11:57.410 DEBUG 13626 --- [    Test worker] o.s.w.s.h.BeanNameUrlHandlerMapping      : Rejected bean name 'defaultViewResolver': no URL paths identified
2018-08-18 08:11:57.410 DEBUG 13626 --- [    Test worker] o.s.w.s.h.BeanNameUrlHandlerMapping      : Rejected bean name 'viewResolver': no URL paths identified
2018-08-18 08:11:57.410 DEBUG 13626 --- [    Test worker] o.s.w.s.h.BeanNameUrlHandlerMapping      : Rejected bean name 'welcomePageHandlerMapping': no URL paths identified
2018-08-18 08:11:57.410 DEBUG 13626 --- [    Test worker] o.s.w.s.h.BeanNameUrlHandlerMapping      : Rejected bean name 'requestContextFilter': no URL paths identified
2018-08-18 08:11:57.411 DEBUG 13626 --- [    Test worker] o.s.w.s.h.BeanNameUrlHandlerMapping      : Rejected bean name 'org.springframework.boot.autoconfigure.web.WebMvcAutoConfiguration': no URL paths identified
2018-08-18 08:11:57.416 DEBUG 13626 --- [    Test worker] o.s.w.s.h.BeanNameUrlHandlerMapping      : Rejected bean name 'hiddenHttpMethodFilter': no URL paths identified
2018-08-18 08:11:57.416 DEBUG 13626 --- [    Test worker] o.s.w.s.h.BeanNameUrlHandlerMapping      : Rejected bean name 'httpPutFormContentFilter': no URL paths identified
2018-08-18 08:11:57.416 DEBUG 13626 --- [    Test worker] o.s.w.s.h.BeanNameUrlHandlerMapping      : Rejected bean name 'org.springframework.boot.actuate.autoconfigure.AuditAutoConfiguration$AuditEventRepositoryConfiguration': no URL paths identified
2018-08-18 08:11:57.417 DEBUG 13626 --- [    Test worker] o.s.w.s.h.BeanNameUrlHandlerMapping      : Rejected bean name 'auditEventRepository': no URL paths identified
2018-08-18 08:11:57.417 DEBUG 13626 --- [    Test worker] o.s.w.s.h.BeanNameUrlHandlerMapping      : Rejected bean name 'org.springframework.boot.actuate.autoconfigure.AuditAutoConfiguration': no URL paths identified
2018-08-18 08:11:57.417 DEBUG 13626 --- [    Test worker] o.s.w.s.h.BeanNameUrlHandlerMapping      : Rejected bean name 'auditListener': no URL paths identified
2018-08-18 08:11:57.417 DEBUG 13626 --- [    Test worker] o.s.w.s.h.BeanNameUrlHandlerMapping      : Rejected bean name 'org.springframework.boot.autoconfigure.transaction.jta.JtaAutoConfiguration': no URL paths identified
2018-08-18 08:11:57.417 DEBUG 13626 --- [    Test worker] o.s.w.s.h.BeanNameUrlHandlerMapping      : Rejected bean name 'spring.jta-org.springframework.boot.autoconfigure.transaction.jta.JtaProperties': no URL paths identified
2018-08-18 08:11:57.417 DEBUG 13626 --- [    Test worker] o.s.w.s.h.BeanNameUrlHandlerMapping      : Rejected bean name 'org.springframework.boot.autoconfigure.jdbc.EmbeddedDataSourceConfiguration': no URL paths identified
2018-08-18 08:11:57.418 DEBUG 13626 --- [    Test worker] o.s.w.s.h.BeanNameUrlHandlerMapping      : Rejected bean name 'dataSource': no URL paths identified
2018-08-18 08:11:57.418 DEBUG 13626 --- [    Test worker] o.s.w.s.h.BeanNameUrlHandlerMapping      : Rejected bean name 'spring.datasource-org.springframework.boot.autoconfigure.jdbc.DataSourceProperties': no URL paths identified
2018-08-18 08:11:57.418 DEBUG 13626 --- [    Test worker] o.s.w.s.h.BeanNameUrlHandlerMapping      : Rejected bean name 'org.springframework.boot.autoconfigure.jdbc.DataSourceAutoConfiguration$EmbeddedDatabaseConfiguration': no URL paths identified
2018-08-18 08:11:57.418 DEBUG 13626 --- [    Test worker] o.s.w.s.h.BeanNameUrlHandlerMapping      : Rejected bean name 'org.springframework.boot.autoconfigure.jdbc.metadata.DataSourcePoolMetadataProvidersConfiguration': no URL paths identified
2018-08-18 08:11:57.418 DEBUG 13626 --- [    Test worker] o.s.w.s.h.BeanNameUrlHandlerMapping      : Rejected bean name 'org.springframework.boot.autoconfigure.jdbc.DataSourceAutoConfiguration': no URL paths identified
2018-08-18 08:11:57.422 DEBUG 13626 --- [    Test worker] o.s.w.s.h.BeanNameUrlHandlerMapping      : Rejected bean name 'dataSourceInitializer': no URL paths identified
2018-08-18 08:11:57.423 DEBUG 13626 --- [    Test worker] o.s.w.s.h.BeanNameUrlHandlerMapping      : Rejected bean name 'dataSourceInitializerPostProcessor': no URL paths identified
2018-08-18 08:11:57.424 DEBUG 13626 --- [    Test worker] o.s.w.s.h.BeanNameUrlHandlerMapping      : Rejected bean name 'org.springframework.boot.autoconfigure.info.ProjectInfoAutoConfiguration': no URL paths identified
2018-08-18 08:11:57.430 DEBUG 13626 --- [    Test worker] o.s.w.s.h.BeanNameUrlHandlerMapping      : Rejected bean name 'spring.info-org.springframework.boot.autoconfigure.info.ProjectInfoProperties': no URL paths identified
2018-08-18 08:11:57.431 DEBUG 13626 --- [    Test worker] o.s.w.s.h.BeanNameUrlHandlerMapping      : Rejected bean name 'org.springframework.boot.actuate.autoconfigure.InfoContributorAutoConfiguration': no URL paths identified
2018-08-18 08:11:57.431 DEBUG 13626 --- [    Test worker] o.s.w.s.h.BeanNameUrlHandlerMapping      : Rejected bean name 'envInfoContributor': no URL paths identified
2018-08-18 08:11:57.431 DEBUG 13626 --- [    Test worker] o.s.w.s.h.BeanNameUrlHandlerMapping      : Rejected bean name 'management.info-org.springframework.boot.actuate.autoconfigure.InfoContributorProperties': no URL paths identified
2018-08-18 08:11:57.432 DEBUG 13626 --- [    Test worker] o.s.w.s.h.BeanNameUrlHandlerMapping      : Rejected bean name 'org.springframework.boot.actuate.autoconfigure.HealthIndicatorAutoConfiguration$DiskSpaceHealthIndicatorConfiguration': no URL paths identified
2018-08-18 08:11:57.432 DEBUG 13626 --- [    Test worker] o.s.w.s.h.BeanNameUrlHandlerMapping      : Rejected bean name 'diskSpaceHealthIndicator': no URL paths identified
2018-08-18 08:11:57.432 DEBUG 13626 --- [    Test worker] o.s.w.s.h.BeanNameUrlHandlerMapping      : Rejected bean name 'diskSpaceHealthIndicatorProperties': no URL paths identified
2018-08-18 08:11:57.432 DEBUG 13626 --- [    Test worker] o.s.w.s.h.BeanNameUrlHandlerMapping      : Rejected bean name 'org.springframework.boot.actuate.autoconfigure.HealthIndicatorAutoConfiguration$DataSourcesHealthIndicatorConfiguration': no URL paths identified
2018-08-18 08:11:57.432 DEBUG 13626 --- [    Test worker] o.s.w.s.h.BeanNameUrlHandlerMapping      : Rejected bean name 'dbHealthIndicator': no URL paths identified
2018-08-18 08:11:57.433 DEBUG 13626 --- [    Test worker] o.s.w.s.h.BeanNameUrlHandlerMapping      : Rejected bean name 'org.springframework.boot.actuate.autoconfigure.HealthIndicatorAutoConfiguration': no URL paths identified
2018-08-18 08:11:57.433 DEBUG 13626 --- [    Test worker] o.s.w.s.h.BeanNameUrlHandlerMapping      : Rejected bean name 'healthAggregator': no URL paths identified
2018-08-18 08:11:57.433 DEBUG 13626 --- [    Test worker] o.s.w.s.h.BeanNameUrlHandlerMapping      : Rejected bean name 'management.health.status-org.springframework.boot.actuate.autoconfigure.HealthIndicatorProperties': no URL paths identified
2018-08-18 08:11:57.433 DEBUG 13626 --- [    Test worker] o.s.w.s.h.BeanNameUrlHandlerMapping      : Rejected bean name 'org.springframework.boot.actuate.autoconfigure.MetricRepositoryAutoConfiguration$FastMetricServicesConfiguration': no URL paths identified
2018-08-18 08:11:57.434 DEBUG 13626 --- [    Test worker] o.s.w.s.h.BeanNameUrlHandlerMapping      : Rejected bean name 'counterBuffers': no URL paths identified
2018-08-18 08:11:57.434 DEBUG 13626 --- [    Test worker] o.s.w.s.h.BeanNameUrlHandlerMapping      : Rejected bean name 'gaugeBuffers': no URL paths identified
2018-08-18 08:11:57.434 DEBUG 13626 --- [    Test worker] o.s.w.s.h.BeanNameUrlHandlerMapping      : Rejected bean name 'actuatorMetricReader': no URL paths identified
2018-08-18 08:11:57.434 DEBUG 13626 --- [    Test worker] o.s.w.s.h.BeanNameUrlHandlerMapping      : Rejected bean name 'counterService': no URL paths identified
2018-08-18 08:11:57.434 DEBUG 13626 --- [    Test worker] o.s.w.s.h.BeanNameUrlHandlerMapping      : Rejected bean name 'gaugeService': no URL paths identified
2018-08-18 08:11:57.435 DEBUG 13626 --- [    Test worker] o.s.w.s.h.BeanNameUrlHandlerMapping      : Rejected bean name 'org.springframework.boot.actuate.autoconfigure.MetricRepositoryAutoConfiguration': no URL paths identified
2018-08-18 08:11:57.435 DEBUG 13626 --- [    Test worker] o.s.w.s.h.BeanNameUrlHandlerMapping      : Rejected bean name 'org.springframework.boot.actuate.autoconfigure.PublicMetricsAutoConfiguration$TomcatMetricsConfiguration': no URL paths identified
2018-08-18 08:11:57.435 DEBUG 13626 --- [    Test worker] o.s.w.s.h.BeanNameUrlHandlerMapping      : Rejected bean name 'tomcatPublicMetrics': no URL paths identified
2018-08-18 08:11:57.435 DEBUG 13626 --- [    Test worker] o.s.w.s.h.BeanNameUrlHandlerMapping      : Rejected bean name 'org.springframework.boot.actuate.autoconfigure.PublicMetricsAutoConfiguration$DataSourceMetricsConfiguration': no URL paths identified
2018-08-18 08:11:57.436 DEBUG 13626 --- [    Test worker] o.s.w.s.h.BeanNameUrlHandlerMapping      : Rejected bean name 'org.springframework.boot.actuate.autoconfigure.PublicMetricsAutoConfiguration': no URL paths identified
2018-08-18 08:11:57.438 DEBUG 13626 --- [    Test worker] o.s.w.s.h.BeanNameUrlHandlerMapping      : Rejected bean name 'systemPublicMetrics': no URL paths identified
2018-08-18 08:11:57.438 DEBUG 13626 --- [    Test worker] o.s.w.s.h.BeanNameUrlHandlerMapping      : Rejected bean name 'metricReaderPublicMetrics': no URL paths identified
2018-08-18 08:11:57.439 DEBUG 13626 --- [    Test worker] o.s.w.s.h.BeanNameUrlHandlerMapping      : Rejected bean name 'org.springframework.boot.actuate.autoconfigure.EndpointAutoConfiguration$RequestMappingEndpointConfiguration': no URL paths identified
2018-08-18 08:11:57.441 DEBUG 13626 --- [    Test worker] o.s.w.s.h.BeanNameUrlHandlerMapping      : Rejected bean name 'requestMappingEndpoint': no URL paths identified
2018-08-18 08:11:57.441 DEBUG 13626 --- [    Test worker] o.s.w.s.h.BeanNameUrlHandlerMapping      : Rejected bean name 'org.springframework.boot.actuate.autoconfigure.EndpointAutoConfiguration': no URL paths identified
2018-08-18 08:11:57.442 DEBUG 13626 --- [    Test worker] o.s.w.s.h.BeanNameUrlHandlerMapping      : Rejected bean name 'environmentEndpoint': no URL paths identified
2018-08-18 08:11:57.442 DEBUG 13626 --- [    Test worker] o.s.w.s.h.BeanNameUrlHandlerMapping      : Rejected bean name 'healthEndpoint': no URL paths identified
2018-08-18 08:11:57.442 DEBUG 13626 --- [    Test worker] o.s.w.s.h.BeanNameUrlHandlerMapping      : Rejected bean name 'beansEndpoint': no URL paths identified
2018-08-18 08:11:57.442 DEBUG 13626 --- [    Test worker] o.s.w.s.h.BeanNameUrlHandlerMapping      : Rejected bean name 'infoEndpoint': no URL paths identified
2018-08-18 08:11:57.442 DEBUG 13626 --- [    Test worker] o.s.w.s.h.BeanNameUrlHandlerMapping      : Rejected bean name 'loggersEndpoint': no URL paths identified
2018-08-18 08:11:57.443 DEBUG 13626 --- [    Test worker] o.s.w.s.h.BeanNameUrlHandlerMapping      : Rejected bean name 'metricsEndpoint': no URL paths identified
2018-08-18 08:11:57.443 DEBUG 13626 --- [    Test worker] o.s.w.s.h.BeanNameUrlHandlerMapping      : Rejected bean name 'traceEndpoint': no URL paths identified
2018-08-18 08:11:57.443 DEBUG 13626 --- [    Test worker] o.s.w.s.h.BeanNameUrlHandlerMapping      : Rejected bean name 'dumpEndpoint': no URL paths identified
2018-08-18 08:11:57.443 DEBUG 13626 --- [    Test worker] o.s.w.s.h.BeanNameUrlHandlerMapping      : Rejected bean name 'autoConfigurationReportEndpoint': no URL paths identified
2018-08-18 08:11:57.443 DEBUG 13626 --- [    Test worker] o.s.w.s.h.BeanNameUrlHandlerMapping      : Rejected bean name 'shutdownEndpoint': no URL paths identified
2018-08-18 08:11:57.444 DEBUG 13626 --- [    Test worker] o.s.w.s.h.BeanNameUrlHandlerMapping      : Rejected bean name 'configurationPropertiesReportEndpoint': no URL paths identified
2018-08-18 08:11:57.460 DEBUG 13626 --- [    Test worker] o.s.w.s.h.BeanNameUrlHandlerMapping      : Rejected bean name 'endpoints-org.springframework.boot.actuate.endpoint.EndpointProperties': no URL paths identified
2018-08-18 08:11:57.461 DEBUG 13626 --- [    Test worker] o.s.w.s.h.BeanNameUrlHandlerMapping      : Rejected bean name 'org.springframework.boot.actuate.autoconfigure.ManagementServerPropertiesAutoConfiguration': no URL paths identified
2018-08-18 08:11:57.462 DEBUG 13626 --- [    Test worker] o.s.w.s.h.BeanNameUrlHandlerMapping      : Rejected bean name 'managementServerProperties': no URL paths identified
2018-08-18 08:11:57.465 DEBUG 13626 --- [    Test worker] o.s.w.s.h.BeanNameUrlHandlerMapping      : Rejected bean name 'org.springframework.boot.autoconfigure.web.HttpMessageConvertersAutoConfiguration$StringHttpMessageConverterConfiguration': no URL paths identified
2018-08-18 08:11:57.468 DEBUG 13626 --- [    Test worker] o.s.w.s.h.BeanNameUrlHandlerMapping      : Rejected bean name 'stringHttpMessageConverter': no URL paths identified
2018-08-18 08:11:57.469 DEBUG 13626 --- [    Test worker] o.s.w.s.h.BeanNameUrlHandlerMapping      : Rejected bean name 'spring.http.encoding-org.springframework.boot.autoconfigure.web.HttpEncodingProperties': no URL paths identified
2018-08-18 08:11:57.469 DEBUG 13626 --- [    Test worker] o.s.w.s.h.BeanNameUrlHandlerMapping      : Rejected bean name 'org.springframework.boot.autoconfigure.web.JacksonHttpMessageConvertersConfiguration$MappingJackson2HttpMessageConverterConfiguration': no URL paths identified
2018-08-18 08:11:57.472 DEBUG 13626 --- [    Test worker] o.s.w.s.h.BeanNameUrlHandlerMapping      : Rejected bean name 'mappingJackson2HttpMessageConverter': no URL paths identified
2018-08-18 08:11:57.476 DEBUG 13626 --- [    Test worker] o.s.w.s.h.BeanNameUrlHandlerMapping      : Rejected bean name 'org.springframework.boot.autoconfigure.web.JacksonHttpMessageConvertersConfiguration': no URL paths identified
2018-08-18 08:11:57.479 DEBUG 13626 --- [    Test worker] o.s.w.s.h.BeanNameUrlHandlerMapping      : Rejected bean name 'org.springframework.boot.autoconfigure.web.HttpMessageConvertersAutoConfiguration': no URL paths identified
2018-08-18 08:11:57.479 DEBUG 13626 --- [    Test worker] o.s.w.s.h.BeanNameUrlHandlerMapping      : Rejected bean name 'messageConverters': no URL paths identified
2018-08-18 08:11:57.482 DEBUG 13626 --- [    Test worker] o.s.w.s.h.BeanNameUrlHandlerMapping      : Rejected bean name 'org.springframework.boot.actuate.autoconfigure.EndpointWebMvcManagementContextConfiguration': no URL paths identified
2018-08-18 08:11:57.489 DEBUG 13626 --- [    Test worker] o.s.w.s.h.BeanNameUrlHandlerMapping      : Rejected bean name 'endpointHandlerMapping': no URL paths identified
2018-08-18 08:11:57.492 DEBUG 13626 --- [    Test worker] o.s.w.s.h.BeanNameUrlHandlerMapping      : Rejected bean name 'mvcEndpoints': no URL paths identified
2018-08-18 08:11:57.492 DEBUG 13626 --- [    Test worker] o.s.w.s.h.BeanNameUrlHandlerMapping      : Rejected bean name 'environmentMvcEndpoint': no URL paths identified
2018-08-18 08:11:57.493 DEBUG 13626 --- [    Test worker] o.s.w.s.h.BeanNameUrlHandlerMapping      : Rejected bean name 'heapdumpMvcEndpoint': no URL paths identified
2018-08-18 08:11:57.493 DEBUG 13626 --- [    Test worker] o.s.w.s.h.BeanNameUrlHandlerMapping      : Rejected bean name 'healthMvcEndpoint': no URL paths identified
2018-08-18 08:11:57.520 DEBUG 13626 --- [    Test worker] o.s.w.s.h.BeanNameUrlHandlerMapping      : Rejected bean name 'loggersMvcEndpoint': no URL paths identified
2018-08-18 08:11:57.524 DEBUG 13626 --- [    Test worker] o.s.w.s.h.BeanNameUrlHandlerMapping      : Rejected bean name 'metricsMvcEndpoint': no URL paths identified
2018-08-18 08:11:57.527 DEBUG 13626 --- [    Test worker] o.s.w.s.h.BeanNameUrlHandlerMapping      : Rejected bean name 'logfileMvcEndpoint': no URL paths identified
2018-08-18 08:11:57.529 DEBUG 13626 --- [    Test worker] o.s.w.s.h.BeanNameUrlHandlerMapping      : Rejected bean name 'auditEventMvcEndpoint': no URL paths identified
2018-08-18 08:11:57.534 DEBUG 13626 --- [    Test worker] o.s.w.s.h.BeanNameUrlHandlerMapping      : Rejected bean name 'endpoints.health-org.springframework.boot.actuate.autoconfigure.HealthMvcEndpointProperties': no URL paths identified
2018-08-18 08:11:57.537 DEBUG 13626 --- [    Test worker] o.s.w.s.h.BeanNameUrlHandlerMapping      : Rejected bean name 'endpoints.cors-org.springframework.boot.actuate.autoconfigure.EndpointCorsProperties': no URL paths identified
2018-08-18 08:11:57.541 DEBUG 13626 --- [    Test worker] o.s.w.s.h.BeanNameUrlHandlerMapping      : Rejected bean name 'org.springframework.boot.actuate.autoconfigure.EndpointWebMvcAutoConfiguration$EndpointWebMvcConfiguration': no URL paths identified
2018-08-18 08:11:57.544 DEBUG 13626 --- [    Test worker] o.s.w.s.h.BeanNameUrlHandlerMapping      : Rejected bean name 'org.springframework.boot.actuate.autoconfigure.EndpointWebMvcAutoConfiguration$ApplicationContextFilterConfiguration': no URL paths identified
2018-08-18 08:11:57.549 DEBUG 13626 --- [    Test worker] o.s.w.s.h.BeanNameUrlHandlerMapping      : Rejected bean name 'applicationContextIdFilter': no URL paths identified
2018-08-18 08:11:57.555 DEBUG 13626 --- [    Test worker] o.s.w.s.h.BeanNameUrlHandlerMapping      : Rejected bean name 'org.springframework.boot.actuate.autoconfigure.EndpointWebMvcAutoConfiguration': no URL paths identified
2018-08-18 08:11:57.557 DEBUG 13626 --- [    Test worker] o.s.w.s.h.BeanNameUrlHandlerMapping      : Rejected bean name 'managementContextResolver': no URL paths identified
2018-08-18 08:11:57.560 DEBUG 13626 --- [    Test worker] o.s.w.s.h.BeanNameUrlHandlerMapping      : Rejected bean name 'managementServletContext': no URL paths identified
2018-08-18 08:11:57.562 DEBUG 13626 --- [    Test worker] o.s.w.s.h.BeanNameUrlHandlerMapping      : Rejected bean name 'org.springframework.boot.actuate.autoconfigure.MetricExportAutoConfiguration$MetricExportPropertiesConfiguration': no URL paths identified
2018-08-18 08:11:57.565 DEBUG 13626 --- [    Test worker] o.s.w.s.h.BeanNameUrlHandlerMapping      : Rejected bean name 'spring.metrics.export-org.springframework.boot.actuate.metrics.export.MetricExportProperties': no URL paths identified
2018-08-18 08:11:57.568 DEBUG 13626 --- [    Test worker] o.s.w.s.h.BeanNameUrlHandlerMapping      : Rejected bean name 'org.springframework.boot.actuate.autoconfigure.MetricExportAutoConfiguration$StatsdConfiguration': no URL paths identified
2018-08-18 08:11:57.571 DEBUG 13626 --- [    Test worker] o.s.w.s.h.BeanNameUrlHandlerMapping      : Rejected bean name 'org.springframework.scheduling.annotation.SchedulingConfiguration': no URL paths identified
2018-08-18 08:11:57.574 DEBUG 13626 --- [    Test worker] o.s.w.s.h.BeanNameUrlHandlerMapping      : Rejected bean name 'org.springframework.context.annotation.internalScheduledAnnotationProcessor': no URL paths identified
2018-08-18 08:11:57.579 DEBUG 13626 --- [    Test worker] o.s.w.s.h.BeanNameUrlHandlerMapping      : Rejected bean name 'org.springframework.boot.actuate.autoconfigure.MetricExportAutoConfiguration': no URL paths identified
2018-08-18 08:11:57.580 DEBUG 13626 --- [    Test worker] o.s.w.s.h.BeanNameUrlHandlerMapping      : Rejected bean name 'metricWritersMetricExporter': no URL paths identified
2018-08-18 08:11:57.581 DEBUG 13626 --- [    Test worker] o.s.w.s.h.BeanNameUrlHandlerMapping      : Rejected bean name 'org.springframework.boot.actuate.autoconfigure.MetricFilterAutoConfiguration': no URL paths identified
2018-08-18 08:11:57.583 DEBUG 13626 --- [    Test worker] o.s.w.s.h.BeanNameUrlHandlerMapping      : Rejected bean name 'metricsFilter': no URL paths identified
2018-08-18 08:11:57.584 DEBUG 13626 --- [    Test worker] o.s.w.s.h.BeanNameUrlHandlerMapping      : Rejected bean name 'endpoints.metrics.filter-org.springframework.boot.actuate.autoconfigure.MetricFilterProperties': no URL paths identified
2018-08-18 08:11:57.585 DEBUG 13626 --- [    Test worker] o.s.w.s.h.BeanNameUrlHandlerMapping      : Rejected bean name 'org.springframework.boot.actuate.autoconfigure.TraceRepositoryAutoConfiguration': no URL paths identified
2018-08-18 08:11:57.586 DEBUG 13626 --- [    Test worker] o.s.w.s.h.BeanNameUrlHandlerMapping      : Rejected bean name 'traceRepository': no URL paths identified
2018-08-18 08:11:57.589 DEBUG 13626 --- [    Test worker] o.s.w.s.h.BeanNameUrlHandlerMapping      : Rejected bean name 'org.springframework.boot.actuate.autoconfigure.TraceWebFilterAutoConfiguration': no URL paths identified
2018-08-18 08:11:57.590 DEBUG 13626 --- [    Test worker] o.s.w.s.h.BeanNameUrlHandlerMapping      : Rejected bean name 'webRequestLoggingFilter': no URL paths identified
2018-08-18 08:11:57.595 DEBUG 13626 --- [    Test worker] o.s.w.s.h.BeanNameUrlHandlerMapping      : Rejected bean name 'management.trace-org.springframework.boot.actuate.trace.TraceProperties': no URL paths identified
2018-08-18 08:11:57.596 DEBUG 13626 --- [    Test worker] o.s.w.s.h.BeanNameUrlHandlerMapping      : Rejected bean name 'org.springframework.boot.autoconfigure.context.ConfigurationPropertiesAutoConfiguration': no URL paths identified
2018-08-18 08:11:57.596 DEBUG 13626 --- [    Test worker] o.s.w.s.h.BeanNameUrlHandlerMapping      : Rejected bean name 'org.springframework.boot.autoconfigure.dao.PersistenceExceptionTranslationAutoConfiguration': no URL paths identified
2018-08-18 08:11:57.597 DEBUG 13626 --- [    Test worker] o.s.w.s.h.BeanNameUrlHandlerMapping      : Rejected bean name 'persistenceExceptionTranslationPostProcessor': no URL paths identified
2018-08-18 08:11:57.598 DEBUG 13626 --- [    Test worker] o.s.w.s.h.BeanNameUrlHandlerMapping      : Rejected bean name 'org.springframework.boot.autoconfigure.jdbc.DataSourceTransactionManagerAutoConfiguration$DataSourceTransactionManagerConfiguration': no URL paths identified
2018-08-18 08:11:57.599 DEBUG 13626 --- [    Test worker] o.s.w.s.h.BeanNameUrlHandlerMapping      : Rejected bean name 'transactionManager': no URL paths identified
2018-08-18 08:11:57.599 DEBUG 13626 --- [    Test worker] o.s.w.s.h.BeanNameUrlHandlerMapping      : Rejected bean name 'org.springframework.boot.autoconfigure.jdbc.DataSourceTransactionManagerAutoConfiguration': no URL paths identified
2018-08-18 08:11:57.601 DEBUG 13626 --- [    Test worker] o.s.w.s.h.BeanNameUrlHandlerMapping      : Rejected bean name 'org.springframework.boot.autoconfigure.jdbc.JdbcTemplateAutoConfiguration': no URL paths identified
2018-08-18 08:11:57.601 DEBUG 13626 --- [    Test worker] o.s.w.s.h.BeanNameUrlHandlerMapping      : Rejected bean name 'jdbcTemplate': no URL paths identified
2018-08-18 08:11:57.602 DEBUG 13626 --- [    Test worker] o.s.w.s.h.BeanNameUrlHandlerMapping      : Rejected bean name 'namedParameterJdbcTemplate': no URL paths identified
2018-08-18 08:11:57.606 DEBUG 13626 --- [    Test worker] o.s.w.s.h.BeanNameUrlHandlerMapping      : Rejected bean name 'org.springframework.transaction.annotation.ProxyTransactionManagementConfiguration': no URL paths identified
2018-08-18 08:11:57.610 DEBUG 13626 --- [    Test worker] o.s.w.s.h.BeanNameUrlHandlerMapping      : Rejected bean name 'org.springframework.transaction.config.internalTransactionAdvisor': no URL paths identified
2018-08-18 08:11:57.611 DEBUG 13626 --- [    Test worker] o.s.w.s.h.BeanNameUrlHandlerMapping      : Rejected bean name 'transactionAttributeSource': no URL paths identified
2018-08-18 08:11:57.612 DEBUG 13626 --- [    Test worker] o.s.w.s.h.BeanNameUrlHandlerMapping      : Rejected bean name 'transactionInterceptor': no URL paths identified
2018-08-18 08:11:57.615 DEBUG 13626 --- [    Test worker] o.s.w.s.h.BeanNameUrlHandlerMapping      : Rejected bean name 'org.springframework.transaction.config.internalTransactionalEventListenerFactory': no URL paths identified
2018-08-18 08:11:57.615 DEBUG 13626 --- [    Test worker] o.s.w.s.h.BeanNameUrlHandlerMapping      : Rejected bean name 'org.springframework.boot.autoconfigure.transaction.TransactionAutoConfiguration$EnableTransactionManagementConfiguration$CglibAutoProxyConfiguration': no URL paths identified
2018-08-18 08:11:57.616 DEBUG 13626 --- [    Test worker] o.s.w.s.h.BeanNameUrlHandlerMapping      : Rejected bean name 'org.springframework.aop.config.internalAutoProxyCreator': no URL paths identified
2018-08-18 08:11:57.619 DEBUG 13626 --- [    Test worker] o.s.w.s.h.BeanNameUrlHandlerMapping      : Rejected bean name 'org.springframework.boot.autoconfigure.transaction.TransactionAutoConfiguration$EnableTransactionManagementConfiguration': no URL paths identified
2018-08-18 08:11:57.621 DEBUG 13626 --- [    Test worker] o.s.w.s.h.BeanNameUrlHandlerMapping      : Rejected bean name 'org.springframework.boot.autoconfigure.transaction.TransactionAutoConfiguration$TransactionTemplateConfiguration': no URL paths identified
2018-08-18 08:11:57.622 DEBUG 13626 --- [    Test worker] o.s.w.s.h.BeanNameUrlHandlerMapping      : Rejected bean name 'transactionTemplate': no URL paths identified
2018-08-18 08:11:57.627 DEBUG 13626 --- [    Test worker] o.s.w.s.h.BeanNameUrlHandlerMapping      : Rejected bean name 'org.springframework.boot.autoconfigure.transaction.TransactionAutoConfiguration': no URL paths identified
2018-08-18 08:11:57.628 DEBUG 13626 --- [    Test worker] o.s.w.s.h.BeanNameUrlHandlerMapping      : Rejected bean name 'platformTransactionManagerCustomizers': no URL paths identified
2018-08-18 08:11:57.630 DEBUG 13626 --- [    Test worker] o.s.w.s.h.BeanNameUrlHandlerMapping      : Rejected bean name 'spring.transaction-org.springframework.boot.autoconfigure.transaction.TransactionProperties': no URL paths identified
2018-08-18 08:11:57.631 DEBUG 13626 --- [    Test worker] o.s.w.s.h.BeanNameUrlHandlerMapping      : Rejected bean name 'org.springframework.boot.autoconfigure.web.HttpEncodingAutoConfiguration': no URL paths identified
2018-08-18 08:11:57.632 DEBUG 13626 --- [    Test worker] o.s.w.s.h.BeanNameUrlHandlerMapping      : Rejected bean name 'characterEncodingFilter': no URL paths identified
2018-08-18 08:11:57.633 DEBUG 13626 --- [    Test worker] o.s.w.s.h.BeanNameUrlHandlerMapping      : Rejected bean name 'localeCharsetMappingsCustomizer': no URL paths identified
2018-08-18 08:11:57.634 DEBUG 13626 --- [    Test worker] o.s.w.s.h.BeanNameUrlHandlerMapping      : Rejected bean name 'org.springframework.boot.autoconfigure.web.MultipartAutoConfiguration': no URL paths identified
2018-08-18 08:11:57.635 DEBUG 13626 --- [    Test worker] o.s.w.s.h.BeanNameUrlHandlerMapping      : Rejected bean name 'multipartConfigElement': no URL paths identified
2018-08-18 08:11:57.638 DEBUG 13626 --- [    Test worker] o.s.w.s.h.BeanNameUrlHandlerMapping      : Rejected bean name 'multipartResolver': no URL paths identified
2018-08-18 08:11:57.647 DEBUG 13626 --- [    Test worker] o.s.w.s.h.BeanNameUrlHandlerMapping      : Rejected bean name 'spring.http.multipart-org.springframework.boot.autoconfigure.web.MultipartProperties': no URL paths identified
2018-08-18 08:11:57.648 DEBUG 13626 --- [    Test worker] o.s.w.s.h.BeanNameUrlHandlerMapping      : Rejected bean name 'org.springframework.boot.autoconfigure.web.WebClientAutoConfiguration$RestTemplateConfiguration': no URL paths identified
2018-08-18 08:11:57.649 DEBUG 13626 --- [    Test worker] o.s.w.s.h.BeanNameUrlHandlerMapping      : Rejected bean name 'restTemplateBuilder': no URL paths identified
2018-08-18 08:11:57.649 DEBUG 13626 --- [    Test worker] o.s.w.s.h.BeanNameUrlHandlerMapping      : Rejected bean name 'org.springframework.boot.autoconfigure.web.WebClientAutoConfiguration': no URL paths identified
2018-08-18 08:11:57.650 DEBUG 13626 --- [    Test worker] o.s.w.s.h.BeanNameUrlHandlerMapping      : Rejected bean name 'autoConfigurationReport': no URL paths identified
2018-08-18 08:11:57.650 DEBUG 13626 --- [    Test worker] o.s.w.s.h.BeanNameUrlHandlerMapping      : Rejected bean name 'org.springframework.boot.test.autoconfigure.properties.PropertyMappingContextCustomizer$PropertyMappingCheckBeanPostProcessor': no URL paths identified
2018-08-18 08:11:57.653 DEBUG 13626 --- [    Test worker] o.s.w.s.h.BeanNameUrlHandlerMapping      : Rejected bean name 'org.springframework.boot.test.context.filter.TestTypeExcludeFilter': no URL paths identified
2018-08-18 08:11:57.654 DEBUG 13626 --- [    Test worker] o.s.w.s.h.BeanNameUrlHandlerMapping      : Rejected bean name 'springApplicationArguments': no URL paths identified
2018-08-18 08:11:57.657 DEBUG 13626 --- [    Test worker] o.s.w.s.h.BeanNameUrlHandlerMapping      : Rejected bean name 'springBootBanner': no URL paths identified
2018-08-18 08:11:57.660 DEBUG 13626 --- [    Test worker] o.s.w.s.h.BeanNameUrlHandlerMapping      : Rejected bean name 'springBootLoggingSystem': no URL paths identified
2018-08-18 08:11:57.661 DEBUG 13626 --- [    Test worker] o.s.w.s.h.BeanNameUrlHandlerMapping      : Rejected bean name 'environment': no URL paths identified
2018-08-18 08:11:57.661 DEBUG 13626 --- [    Test worker] o.s.w.s.h.BeanNameUrlHandlerMapping      : Rejected bean name 'systemProperties': no URL paths identified
2018-08-18 08:11:57.662 DEBUG 13626 --- [    Test worker] o.s.w.s.h.BeanNameUrlHandlerMapping      : Rejected bean name 'systemEnvironment': no URL paths identified
2018-08-18 08:11:57.671 DEBUG 13626 --- [    Test worker] o.s.w.s.h.BeanNameUrlHandlerMapping      : Rejected bean name 'servletContext': no URL paths identified
2018-08-18 08:11:57.674 DEBUG 13626 --- [    Test worker] o.s.w.s.h.BeanNameUrlHandlerMapping      : Rejected bean name 'contextParameters': no URL paths identified
2018-08-18 08:11:57.677 DEBUG 13626 --- [    Test worker] o.s.w.s.h.BeanNameUrlHandlerMapping      : Rejected bean name 'contextAttributes': no URL paths identified
2018-08-18 08:11:57.684 DEBUG 13626 --- [    Test worker] o.s.w.s.h.BeanNameUrlHandlerMapping      : Rejected bean name 'org.springframework.context.annotation.ConfigurationClassPostProcessor.importRegistry': no URL paths identified
2018-08-18 08:11:57.687 DEBUG 13626 --- [    Test worker] o.s.w.s.h.BeanNameUrlHandlerMapping      : Rejected bean name 'org.springframework.boot.test.mock.mockito.MockitoBeans': no URL paths identified
2018-08-18 08:11:57.692 DEBUG 13626 --- [    Test worker] o.s.w.s.h.BeanNameUrlHandlerMapping      : Rejected bean name 'messageSource': no URL paths identified
2018-08-18 08:11:57.698 DEBUG 13626 --- [    Test worker] o.s.w.s.h.BeanNameUrlHandlerMapping      : Rejected bean name 'applicationEventMulticaster': no URL paths identified
2018-08-18 08:11:57.698 DEBUG 13626 --- [    Test worker] o.s.w.s.h.BeanNameUrlHandlerMapping      : Rejected bean name 'org.springframework.boot.test.autoconfigure.web.servlet.SpringBootMockMvcBuilderCustomizer$DeferredLinesWriter': no URL paths identified
2018-08-18 08:11:57.772  INFO 13626 --- [    Test worker] o.s.w.s.handler.SimpleUrlHandlerMapping  : Mapped URL path [/webjars/**] onto handler of type [class org.springframework.web.servlet.resource.ResourceHttpRequestHandler]
2018-08-18 08:11:57.778  INFO 13626 --- [    Test worker] o.s.w.s.handler.SimpleUrlHandlerMapping  : Mapped URL path [/**] onto handler of type [class org.springframework.web.servlet.resource.ResourceHttpRequestHandler]
2018-08-18 08:11:57.859  INFO 13626 --- [    Test worker] o.s.w.s.handler.SimpleUrlHandlerMapping  : Mapped URL path [/**/favicon.ico] onto handler of type [class org.springframework.web.servlet.resource.ResourceHttpRequestHandler]
2018-08-18 08:11:58.175  INFO 13626 --- [    Test worker] o.s.j.d.e.EmbeddedDatabaseFactory        : Starting embedded database: url='jdbc:h2:mem:testdb;DB_CLOSE_DELAY=-1;DB_CLOSE_ON_EXIT=false', username='sa'
2018-08-18 08:11:59.133  INFO 13626 --- [    Test worker] o.s.jdbc.datasource.init.ScriptUtils     : Executing SQL script from URL [jar:file:/home/crio-user/user6-qride-repo/data-access/build/libs/data-access-qride-get-cars-in-location.jar!/schema.sql]
2018-08-18 08:11:59.173  INFO 13626 --- [    Test worker] o.s.jdbc.datasource.init.ScriptUtils     : Executed SQL script from URL [jar:file:/home/crio-user/user6-qride-repo/data-access/build/libs/data-access-qride-get-cars-in-location.jar!/schema.sql] in 39 ms.
2018-08-18 08:11:59.174 TRACE 13626 --- [    Test worker] o.s.w.c.s.GenericWebApplicationContext   : Publishing event in org.springframework.web.context.support.GenericWebApplicationContext@18ebc640: org.springframework.boot.autoconfigure.jdbc.DataSourceInitializedEvent[source=org.springframework.jdbc.datasource.embedded.EmbeddedDatabaseFactory$EmbeddedDataSourceProxy@19b0b9ec]
2018-08-18 08:11:59.184  INFO 13626 --- [    Test worker] o.s.jdbc.datasource.init.ScriptUtils     : Executing SQL script from URL [jar:file:/home/crio-user/user6-qride-repo/data-access/build/libs/data-access-qride-get-cars-in-location.jar!/data.sql]
2018-08-18 08:11:59.280  INFO 13626 --- [    Test worker] o.s.jdbc.datasource.init.ScriptUtils     : Executed SQL script from URL [jar:file:/home/crio-user/user6-qride-repo/data-access/build/libs/data-access-qride-get-cars-in-location.jar!/data.sql] in 95 ms.
2018-08-18 08:11:59.882  INFO 13626 --- [    Test worker] o.s.b.a.e.mvc.EndpointHandlerMapping     : Mapped "{[/beans || /beans.json],methods=[GET],produces=[application/vnd.spring-boot.actuator.v1+json || application/json]}" onto public java.lang.Object org.springframework.boot.actuate.endpoint.mvc.EndpointMvcAdapter.invoke()
2018-08-18 08:11:59.887  INFO 13626 --- [    Test worker] o.s.b.a.e.mvc.EndpointHandlerMapping     : Mapped "{[/env/{name:.*}],methods=[GET],produces=[application/vnd.spring-boot.actuator.v1+json || application/json]}" onto public java.lang.Object org.springframework.boot.actuate.endpoint.mvc.EnvironmentMvcEndpoint.value(java.lang.String)
2018-08-18 08:11:59.889  INFO 13626 --- [    Test worker] o.s.b.a.e.mvc.EndpointHandlerMapping     : Mapped "{[/env || /env.json],methods=[GET],produces=[application/vnd.spring-boot.actuator.v1+json || application/json]}" onto public java.lang.Object org.springframework.boot.actuate.endpoint.mvc.EndpointMvcAdapter.invoke()
2018-08-18 08:11:59.892  INFO 13626 --- [    Test worker] o.s.b.a.e.mvc.EndpointHandlerMapping     : Mapped "{[/metrics/{name:.*}],methods=[GET],produces=[application/vnd.spring-boot.actuator.v1+json || application/json]}" onto public java.lang.Object org.springframework.boot.actuate.endpoint.mvc.MetricsMvcEndpoint.value(java.lang.String)
2018-08-18 08:11:59.893  INFO 13626 --- [    Test worker] o.s.b.a.e.mvc.EndpointHandlerMapping     : Mapped "{[/metrics || /metrics.json],methods=[GET],produces=[application/vnd.spring-boot.actuator.v1+json || application/json]}" onto public java.lang.Object org.springframework.boot.actuate.endpoint.mvc.EndpointMvcAdapter.invoke()
2018-08-18 08:11:59.897  INFO 13626 --- [    Test worker] o.s.b.a.e.mvc.EndpointHandlerMapping     : Mapped "{[/dump || /dump.json],methods=[GET],produces=[application/vnd.spring-boot.actuator.v1+json || application/json]}" onto public java.lang.Object org.springframework.boot.actuate.endpoint.mvc.EndpointMvcAdapter.invoke()
2018-08-18 08:11:59.904  INFO 13626 --- [    Test worker] o.s.b.a.e.mvc.EndpointHandlerMapping     : Mapped "{[/heapdump || /heapdump.json],methods=[GET],produces=[application/octet-stream]}" onto public void org.springframework.boot.actuate.endpoint.mvc.HeapdumpMvcEndpoint.invoke(boolean,javax.servlet.http.HttpServletRequest,javax.servlet.http.HttpServletResponse) throws java.io.IOException,javax.servlet.ServletException
2018-08-18 08:11:59.910  INFO 13626 --- [    Test worker] o.s.b.a.e.mvc.EndpointHandlerMapping     : Mapped "{[/logfile || /logfile.json],methods=[GET || HEAD]}" onto public void org.springframework.boot.actuate.endpoint.mvc.LogFileMvcEndpoint.invoke(javax.servlet.http.HttpServletRequest,javax.servlet.http.HttpServletResponse) throws javax.servlet.ServletException,java.io.IOException
2018-08-18 08:11:59.916  INFO 13626 --- [    Test worker] o.s.b.a.e.mvc.EndpointHandlerMapping     : Mapped "{[/autoconfig || /autoconfig.json],methods=[GET],produces=[application/vnd.spring-boot.actuator.v1+json || application/json]}" onto public java.lang.Object org.springframework.boot.actuate.endpoint.mvc.EndpointMvcAdapter.invoke()
2018-08-18 08:11:59.925  INFO 13626 --- [    Test worker] o.s.b.a.e.mvc.EndpointHandlerMapping     : Mapped "{[/loggers/{name:.*}],methods=[GET],produces=[application/vnd.spring-boot.actuator.v1+json || application/json]}" onto public java.lang.Object org.springframework.boot.actuate.endpoint.mvc.LoggersMvcEndpoint.get(java.lang.String)
2018-08-18 08:11:59.927  INFO 13626 --- [    Test worker] o.s.b.a.e.mvc.EndpointHandlerMapping     : Mapped "{[/loggers/{name:.*}],methods=[POST],consumes=[application/vnd.spring-boot.actuator.v1+json || application/json],produces=[application/vnd.spring-boot.actuator.v1+json || application/json]}" onto public java.lang.Object org.springframework.boot.actuate.endpoint.mvc.LoggersMvcEndpoint.set(java.lang.String,java.util.Map<java.lang.String, java.lang.String>)
2018-08-18 08:11:59.929  INFO 13626 --- [    Test worker] o.s.b.a.e.mvc.EndpointHandlerMapping     : Mapped "{[/loggers || /loggers.json],methods=[GET],produces=[application/vnd.spring-boot.actuator.v1+json || application/json]}" onto public java.lang.Object org.springframework.boot.actuate.endpoint.mvc.EndpointMvcAdapter.invoke()
2018-08-18 08:11:59.935  INFO 13626 --- [    Test worker] o.s.b.a.e.mvc.EndpointHandlerMapping     : Mapped "{[/configprops || /configprops.json],methods=[GET],produces=[application/vnd.spring-boot.actuator.v1+json || application/json]}" onto public java.lang.Object org.springframework.boot.actuate.endpoint.mvc.EndpointMvcAdapter.invoke()
2018-08-18 08:11:59.944  INFO 13626 --- [    Test worker] o.s.b.a.e.mvc.EndpointHandlerMapping     : Mapped "{[/trace || /trace.json],methods=[GET],produces=[application/vnd.spring-boot.actuator.v1+json || application/json]}" onto public java.lang.Object org.springframework.boot.actuate.endpoint.mvc.EndpointMvcAdapter.invoke()
2018-08-18 08:11:59.945  INFO 13626 --- [    Test worker] o.s.b.a.e.mvc.EndpointHandlerMapping     : Mapped "{[/mappings || /mappings.json],methods=[GET],produces=[application/vnd.spring-boot.actuator.v1+json || application/json]}" onto public java.lang.Object org.springframework.boot.actuate.endpoint.mvc.EndpointMvcAdapter.invoke()
2018-08-18 08:11:59.949  INFO 13626 --- [    Test worker] o.s.b.a.e.mvc.EndpointHandlerMapping     : Mapped "{[/health || /health.json],methods=[GET],produces=[application/vnd.spring-boot.actuator.v1+json || application/json]}" onto public java.lang.Object org.springframework.boot.actuate.endpoint.mvc.HealthMvcEndpoint.invoke(javax.servlet.http.HttpServletRequest,java.security.Principal)
2018-08-18 08:11:59.951  INFO 13626 --- [    Test worker] o.s.b.a.e.mvc.EndpointHandlerMapping     : Mapped "{[/info || /info.json],methods=[GET],produces=[application/vnd.spring-boot.actuator.v1+json || application/json]}" onto public java.lang.Object org.springframework.boot.actuate.endpoint.mvc.EndpointMvcAdapter.invoke()
2018-08-18 08:11:59.960  INFO 13626 --- [    Test worker] o.s.b.a.e.mvc.EndpointHandlerMapping     : Mapped "{[/auditevents || /auditevents.json],methods=[GET],produces=[application/vnd.spring-boot.actuator.v1+json || application/json]}" onto public org.springframework.http.ResponseEntity<?> org.springframework.boot.actuate.endpoint.mvc.AuditEventsMvcEndpoint.findByPrincipalAndAfterAndType(java.lang.String,java.util.Date,java.lang.String)
2018-08-18 08:12:00.458  INFO 13626 --- [    Test worker] s.w.s.m.m.a.RequestMappingHandlerAdapter : Looking for @ControllerAdvice: org.springframework.web.context.support.GenericWebApplicationContext@18ebc640: startup date [Sat Aug 18 08:11:50 UTC 2018]; root of context hierarchy
2018-08-18 08:12:00.629 DEBUG 13626 --- [    Test worker] .m.m.a.ExceptionHandlerExceptionResolver : Looking for exception mappings: org.springframework.web.context.support.GenericWebApplicationContext@18ebc640: startup date [Sat Aug 18 08:11:50 UTC 2018]; root of context hierarchy
2018-08-18 08:12:00.858  INFO 13626 --- [    Test worker] o.s.t.web.servlet.TestDispatcherServlet  : FrameworkServlet '': initialization completed in 4306 ms
2018-08-18 08:12:01.780 DEBUG 13626 --- [    Test worker] o.s.w.c.s.GenericWebApplicationContext   : Unable to locate LifecycleProcessor with name 'lifecycleProcessor': using default [org.springframework.context.support.DefaultLifecycleProcessor@479f53d6]
2018-08-18 08:12:01.784 TRACE 13626 --- [    Test worker] o.s.w.c.s.GenericWebApplicationContext   : Publishing event in org.springframework.web.context.support.GenericWebApplicationContext@18ebc640: org.springframework.context.event.ContextRefreshedEvent[source=org.springframework.web.context.support.GenericWebApplicationContext@18ebc640: startup date [Sat Aug 18 08:11:50 UTC 2018]; root of context hierarchy]
2018-08-18 08:12:01.820 DEBUG 13626 --- [    Test worker] o.s.w.s.resource.ResourceUrlProvider     : Looking for resource handler mappings
2018-08-18 08:12:01.823 DEBUG 13626 --- [    Test worker] o.s.w.s.resource.ResourceUrlProvider     : Found resource handler mapping: URL pattern="/**/favicon.ico", locations=[ServletContext resource [/], class path resource [META-INF/resources/], class path resource [resources/], class path resource [static/], class path resource [public/], class path resource []], resolvers=[org.springframework.web.servlet.resource.PathResourceResolver@4aabb8e9]
2018-08-18 08:12:01.824 DEBUG 13626 --- [    Test worker] o.s.w.s.resource.ResourceUrlProvider     : Found resource handler mapping: URL pattern="/webjars/**", locations=[class path resource [META-INF/resources/webjars/]], resolvers=[org.springframework.web.servlet.resource.PathResourceResolver@1b4fa183]
2018-08-18 08:12:01.827 DEBUG 13626 --- [    Test worker] o.s.w.s.resource.ResourceUrlProvider     : Found resource handler mapping: URL pattern="/**", locations=[ServletContext resource [/], class path resource [META-INF/resources/], class path resource [resources/], class path resource [static/], class path resource [public/]], resolvers=[org.springframework.web.servlet.resource.PathResourceResolver@42abf50f]
2018-08-18 08:12:01.845 TRACE 13626 --- [    Test worker] o.s.w.c.s.GenericWebApplicationContext   : Publishing event in org.springframework.web.context.support.GenericWebApplicationContext@18ebc640: org.springframework.boot.context.event.ApplicationReadyEvent[source=org.springframework.boot.SpringApplication@5532d709]
2018-08-18 08:12:01.856  INFO 13626 --- [    Test worker] q.CarsInLocationControllerTests          : Started CarsInLocationControllerTests in 12.533 seconds (JVM running for 15.352)
2018-08-18 08:12:02.358  INFO 13626 --- [    Test worker] ilder$StaticRequestMappingHandlerMapping : Mapped "{[/qride/v1/cars_in_location]}" onto public org.springframework.http.ResponseEntity<carsinlocation.CarsInLocationResponse> qrideserver.CarsInLocationController.carsInLocation(carsinlocation.CarsInLocationRequest)
2018-08-18 08:12:02.384  INFO 13626 --- [    Test worker] s.w.s.m.m.a.RequestMappingHandlerAdapter : Looking for @ControllerAdvice: org.springframework.test.web.servlet.setup.StubWebApplicationContext@692802b8
2018-08-18 08:12:02.392 DEBUG 13626 --- [    Test worker] .m.m.a.ExceptionHandlerExceptionResolver : Looking for exception mappings: org.springframework.test.web.servlet.setup.StubWebApplicationContext@692802b8
2018-08-18 08:12:02.394  INFO 13626 --- [    Test worker] o.s.mock.web.MockServletContext          : Initializing Spring FrameworkServlet ''
2018-08-18 08:12:02.394  INFO 13626 --- [    Test worker] o.s.t.web.servlet.TestDispatcherServlet  : FrameworkServlet '': initialization started
2018-08-18 08:12:02.395  INFO 13626 --- [    Test worker] o.s.t.web.servlet.TestDispatcherServlet  : FrameworkServlet '': initialization completed in 1 ms
2018-08-18 08:12:02.765  INFO 13626 --- [    Test worker] o.hibernate.jpa.internal.util.LogHelper  : HHH000204: Processing PersistenceUnitInfo [
	name: qrideDatabaseEmbedded
	...]
2018-08-18 08:12:03.035  INFO 13626 --- [    Test worker] org.hibernate.Version                    : HHH000412: Hibernate Core {5.0.12.Final}
2018-08-18 08:12:03.039  INFO 13626 --- [    Test worker] org.hibernate.cfg.Environment            : HHH000206: hibernate.properties not found
2018-08-18 08:12:03.050  INFO 13626 --- [    Test worker] org.hibernate.cfg.Environment            : HHH000021: Bytecode provider name : javassist
2018-08-18 08:12:03.164  INFO 13626 --- [    Test worker] o.hibernate.annotations.common.Version   : HCANN000001: Hibernate Commons Annotations {5.0.1.Final}
2018-08-18 08:12:03.596  WARN 13626 --- [    Test worker] org.hibernate.orm.connections            : HHH10001002: Using Hibernate built-in connection pool (not for production use!)
2018-08-18 08:12:03.599  INFO 13626 --- [    Test worker] org.hibernate.orm.connections            : HHH10001005: using driver [null] at URL [jdbc:h2:mem:qrideEmbeddedDB]
2018-08-18 08:12:03.599  INFO 13626 --- [    Test worker] org.hibernate.orm.connections            : HHH10001001: Connection properties: {user=sa}
2018-08-18 08:12:03.600  INFO 13626 --- [    Test worker] org.hibernate.orm.connections            : HHH10001003: Autocommit mode: false
2018-08-18 08:12:03.613  INFO 13626 --- [    Test worker] .c.i.DriverManagerConnectionProviderImpl : HHH000115: Hibernate connection pool size: 20 (min=1)
2018-08-18 08:12:03.665  INFO 13626 --- [    Test worker] org.hibernate.dialect.Dialect            : HHH000400: Using dialect: org.hibernate.dialect.H2Dialect
2018-08-18 08:12:04.849  INFO 13626 --- [    Test worker] org.hibernate.tool.hbm2ddl.SchemaUpdate  : HHH000228: Running hbm2ddl schema update
2018-08-18 08:12:04.896  INFO 13626 --- [    Test worker] rmationExtractorJdbcDatabaseMetaDataImpl : HHH000262: Table not found: CarStatusTable
2018-08-18 08:12:04.901  INFO 13626 --- [    Test worker] rmationExtractorJdbcDatabaseMetaDataImpl : HHH000262: Table not found: CarStatusTable
2018-08-18 08:12:05.485 DEBUG 13626 --- [    Test worker] org.hibernate.SQL                        : insert into CarStatusTable (carAvailability, carType, latitude, longitude, carId) values (?, ?, ?, ?, ?)
2018-08-18 08:12:05.528 DEBUG 13626 --- [    Test worker] org.hibernate.SQL                        : insert into CarStatusTable (carAvailability, carType, latitude, longitude, carId) values (?, ?, ?, ?, ?)
2018-08-18 08:12:05.533 DEBUG 13626 --- [    Test worker] org.hibernate.SQL                        : insert into CarStatusTable (carAvailability, carType, latitude, longitude, carId) values (?, ?, ?, ?, ?)
2018-08-18 08:12:05.557 DEBUG 13626 --- [    Test worker] org.hibernate.SQL                        : insert into CarStatusTable (carAvailability, carType, latitude, longitude, carId) values (?, ?, ?, ?, ?)
2018-08-18 08:12:05.564 DEBUG 13626 --- [    Test worker] org.hibernate.SQL                        : insert into CarStatusTable (carAvailability, carType, latitude, longitude, carId) values (?, ?, ?, ?, ?)
2018-08-18 08:12:05.571 DEBUG 13626 --- [    Test worker] org.hibernate.SQL                        : insert into CarStatusTable (carAvailability, carType, latitude, longitude, carId) values (?, ?, ?, ?, ?)
2018-08-18 08:12:05.578 DEBUG 13626 --- [    Test worker] org.hibernate.SQL                        : insert into CarStatusTable (carAvailability, carType, latitude, longitude, carId) values (?, ?, ?, ?, ?)
2018-08-18 08:12:05.584 DEBUG 13626 --- [    Test worker] org.hibernate.SQL                        : insert into CarStatusTable (carAvailability, carType, latitude, longitude, carId) values (?, ?, ?, ?, ?)
2018-08-18 08:12:05.589 DEBUG 13626 --- [    Test worker] org.hibernate.SQL                        : insert into CarStatusTable (carAvailability, carType, latitude, longitude, carId) values (?, ?, ?, ?, ?)
2018-08-18 08:12:05.594 DEBUG 13626 --- [    Test worker] org.hibernate.SQL                        : insert into CarStatusTable (carAvailability, carType, latitude, longitude, carId) values (?, ?, ?, ?, ?)
2018-08-18 08:12:05.602 DEBUG 13626 --- [    Test worker] org.hibernate.SQL                        : insert into CarStatusTable (carAvailability, carType, latitude, longitude, carId) values (?, ?, ?, ?, ?)
2018-08-18 08:12:05.617 DEBUG 13626 --- [    Test worker] org.hibernate.SQL                        : insert into CarStatusTable (carAvailability, carType, latitude, longitude, carId) values (?, ?, ?, ?, ?)
2018-08-18 08:12:05.628 DEBUG 13626 --- [    Test worker] org.hibernate.SQL                        : insert into CarStatusTable (carAvailability, carType, latitude, longitude, carId) values (?, ?, ?, ?, ?)
2018-08-18 08:12:05.643 DEBUG 13626 --- [    Test worker] org.hibernate.SQL                        : insert into CarStatusTable (carAvailability, carType, latitude, longitude, carId) values (?, ?, ?, ?, ?)
2018-08-18 08:12:05.652 DEBUG 13626 --- [    Test worker] org.hibernate.SQL                        : insert into CarStatusTable (carAvailability, carType, latitude, longitude, carId) values (?, ?, ?, ?, ?)
2018-08-18 08:12:05.659 DEBUG 13626 --- [    Test worker] org.hibernate.SQL                        : insert into CarStatusTable (carAvailability, carType, latitude, longitude, carId) values (?, ?, ?, ?, ?)
2018-08-18 08:12:05.664 DEBUG 13626 --- [    Test worker] org.hibernate.SQL                        : insert into CarStatusTable (carAvailability, carType, latitude, longitude, carId) values (?, ?, ?, ?, ?)
2018-08-18 08:12:05.670 DEBUG 13626 --- [    Test worker] org.hibernate.SQL                        : insert into CarStatusTable (carAvailability, carType, latitude, longitude, carId) values (?, ?, ?, ?, ?)
2018-08-18 08:12:05.676 DEBUG 13626 --- [    Test worker] org.hibernate.SQL                        : insert into CarStatusTable (carAvailability, carType, latitude, longitude, carId) values (?, ?, ?, ?, ?)
2018-08-18 08:12:05.680 DEBUG 13626 --- [    Test worker] org.hibernate.SQL                        : insert into CarStatusTable (carAvailability, carType, latitude, longitude, carId) values (?, ?, ?, ?, ?)
2018-08-18 08:12:05.685 DEBUG 13626 --- [    Test worker] org.hibernate.SQL                        : insert into CarStatusTable (carAvailability, carType, latitude, longitude, carId) values (?, ?, ?, ?, ?)
2018-08-18 08:12:05.690 DEBUG 13626 --- [    Test worker] org.hibernate.SQL                        : insert into CarStatusTable (carAvailability, carType, latitude, longitude, carId) values (?, ?, ?, ?, ?)
2018-08-18 08:12:05.697 DEBUG 13626 --- [    Test worker] org.hibernate.SQL                        : insert into CarStatusTable (carAvailability, carType, latitude, longitude, carId) values (?, ?, ?, ?, ?)
2018-08-18 08:12:05.703 DEBUG 13626 --- [    Test worker] org.hibernate.SQL                        : insert into CarStatusTable (carAvailability, carType, latitude, longitude, carId) values (?, ?, ?, ?, ?)
2018-08-18 08:12:05.708 DEBUG 13626 --- [    Test worker] org.hibernate.SQL                        : insert into CarStatusTable (carAvailability, carType, latitude, longitude, carId) values (?, ?, ?, ?, ?)
2018-08-18 08:12:05.715 DEBUG 13626 --- [    Test worker] org.hibernate.SQL                        : insert into CarStatusTable (carAvailability, carType, latitude, longitude, carId) values (?, ?, ?, ?, ?)
2018-08-18 08:12:05.722 DEBUG 13626 --- [    Test worker] org.hibernate.SQL                        : insert into CarStatusTable (carAvailability, carType, latitude, longitude, carId) values (?, ?, ?, ?, ?)
2018-08-18 08:12:05.731 DEBUG 13626 --- [    Test worker] org.hibernate.SQL                        : insert into CarStatusTable (carAvailability, carType, latitude, longitude, carId) values (?, ?, ?, ?, ?)
2018-08-18 08:12:05.742 DEBUG 13626 --- [    Test worker] org.hibernate.SQL                        : insert into CarStatusTable (carAvailability, carType, latitude, longitude, carId) values (?, ?, ?, ?, ?)
2018-08-18 08:12:05.748 DEBUG 13626 --- [    Test worker] org.hibernate.SQL                        : insert into CarStatusTable (carAvailability, carType, latitude, longitude, carId) values (?, ?, ?, ?, ?)
2018-08-18 08:12:05.754 DEBUG 13626 --- [    Test worker] org.hibernate.SQL                        : insert into CarStatusTable (carAvailability, carType, latitude, longitude, carId) values (?, ?, ?, ?, ?)
2018-08-18 08:12:05.777 DEBUG 13626 --- [    Test worker] org.hibernate.SQL                        : insert into CarStatusTable (carAvailability, carType, latitude, longitude, carId) values (?, ?, ?, ?, ?)
2018-08-18 08:12:05.782 DEBUG 13626 --- [    Test worker] org.hibernate.SQL                        : insert into CarStatusTable (carAvailability, carType, latitude, longitude, carId) values (?, ?, ?, ?, ?)
2018-08-18 08:12:05.795 DEBUG 13626 --- [    Test worker] org.hibernate.SQL                        : insert into CarStatusTable (carAvailability, carType, latitude, longitude, carId) values (?, ?, ?, ?, ?)
2018-08-18 08:12:05.807 DEBUG 13626 --- [    Test worker] org.hibernate.SQL                        : insert into CarStatusTable (carAvailability, carType, latitude, longitude, carId) values (?, ?, ?, ?, ?)
2018-08-18 08:12:05.815 DEBUG 13626 --- [    Test worker] org.hibernate.SQL                        : insert into CarStatusTable (carAvailability, carType, latitude, longitude, carId) values (?, ?, ?, ?, ?)
2018-08-18 08:12:05.819 DEBUG 13626 --- [    Test worker] org.hibernate.SQL                        : insert into CarStatusTable (carAvailability, carType, latitude, longitude, carId) values (?, ?, ?, ?, ?)
2018-08-18 08:12:05.823 DEBUG 13626 --- [    Test worker] org.hibernate.SQL                        : insert into CarStatusTable (carAvailability, carType, latitude, longitude, carId) values (?, ?, ?, ?, ?)
2018-08-18 08:12:05.830 DEBUG 13626 --- [    Test worker] org.hibernate.SQL                        : insert into CarStatusTable (carAvailability, carType, latitude, longitude, carId) values (?, ?, ?, ?, ?)
2018-08-18 08:12:05.835 DEBUG 13626 --- [    Test worker] org.hibernate.SQL                        : insert into CarStatusTable (carAvailability, carType, latitude, longitude, carId) values (?, ?, ?, ?, ?)
2018-08-18 08:12:05.843 DEBUG 13626 --- [    Test worker] org.hibernate.SQL                        : insert into CarStatusTable (carAvailability, carType, latitude, longitude, carId) values (?, ?, ?, ?, ?)
2018-08-18 08:12:05.848 DEBUG 13626 --- [    Test worker] org.hibernate.SQL                        : insert into CarStatusTable (carAvailability, carType, latitude, longitude, carId) values (?, ?, ?, ?, ?)
2018-08-18 08:12:05.855 DEBUG 13626 --- [    Test worker] org.hibernate.SQL                        : insert into CarStatusTable (carAvailability, carType, latitude, longitude, carId) values (?, ?, ?, ?, ?)
2018-08-18 08:12:05.860 DEBUG 13626 --- [    Test worker] org.hibernate.SQL                        : insert into CarStatusTable (carAvailability, carType, latitude, longitude, carId) values (?, ?, ?, ?, ?)
2018-08-18 08:12:05.864 DEBUG 13626 --- [    Test worker] org.hibernate.SQL                        : insert into CarStatusTable (carAvailability, carType, latitude, longitude, carId) values (?, ?, ?, ?, ?)
2018-08-18 08:12:05.870 DEBUG 13626 --- [    Test worker] org.hibernate.SQL                        : insert into CarStatusTable (carAvailability, carType, latitude, longitude, carId) values (?, ?, ?, ?, ?)
2018-08-18 08:12:05.879 DEBUG 13626 --- [    Test worker] org.hibernate.SQL                        : insert into CarStatusTable (carAvailability, carType, latitude, longitude, carId) values (?, ?, ?, ?, ?)
2018-08-18 08:12:05.882 DEBUG 13626 --- [    Test worker] org.hibernate.SQL                        : insert into CarStatusTable (carAvailability, carType, latitude, longitude, carId) values (?, ?, ?, ?, ?)
2018-08-18 08:12:05.886 DEBUG 13626 --- [    Test worker] org.hibernate.SQL                        : insert into CarStatusTable (carAvailability, carType, latitude, longitude, carId) values (?, ?, ?, ?, ?)
2018-08-18 08:12:05.891 DEBUG 13626 --- [    Test worker] org.hibernate.SQL                        : insert into CarStatusTable (carAvailability, carType, latitude, longitude, carId) values (?, ?, ?, ?, ?)
2018-08-18 08:12:05.896 DEBUG 13626 --- [    Test worker] org.hibernate.SQL                        : insert into CarStatusTable (carAvailability, carType, latitude, longitude, carId) values (?, ?, ?, ?, ?)
2018-08-18 08:12:05.900 DEBUG 13626 --- [    Test worker] org.hibernate.SQL                        : insert into CarStatusTable (carAvailability, carType, latitude, longitude, carId) values (?, ?, ?, ?, ?)
2018-08-18 08:12:05.906 DEBUG 13626 --- [    Test worker] org.hibernate.SQL                        : insert into CarStatusTable (carAvailability, carType, latitude, longitude, carId) values (?, ?, ?, ?, ?)
2018-08-18 08:12:05.909 DEBUG 13626 --- [    Test worker] org.hibernate.SQL                        : insert into CarStatusTable (carAvailability, carType, latitude, longitude, carId) values (?, ?, ?, ?, ?)
2018-08-18 08:12:05.914 DEBUG 13626 --- [    Test worker] org.hibernate.SQL                        : insert into CarStatusTable (carAvailability, carType, latitude, longitude, carId) values (?, ?, ?, ?, ?)
2018-08-18 08:12:05.919 DEBUG 13626 --- [    Test worker] org.hibernate.SQL                        : insert into CarStatusTable (carAvailability, carType, latitude, longitude, carId) values (?, ?, ?, ?, ?)
2018-08-18 08:12:05.927 DEBUG 13626 --- [    Test worker] org.hibernate.SQL                        : insert into CarStatusTable (carAvailability, carType, latitude, longitude, carId) values (?, ?, ?, ?, ?)
2018-08-18 08:12:05.936 DEBUG 13626 --- [    Test worker] org.hibernate.SQL                        : insert into CarStatusTable (carAvailability, carType, latitude, longitude, carId) values (?, ?, ?, ?, ?)
2018-08-18 08:12:05.939 DEBUG 13626 --- [    Test worker] org.hibernate.SQL                        : insert into CarStatusTable (carAvailability, carType, latitude, longitude, carId) values (?, ?, ?, ?, ?)
2018-08-18 08:12:05.944 DEBUG 13626 --- [    Test worker] org.hibernate.SQL                        : insert into CarStatusTable (carAvailability, carType, latitude, longitude, carId) values (?, ?, ?, ?, ?)
2018-08-18 08:12:05.946 DEBUG 13626 --- [    Test worker] org.hibernate.SQL                        : insert into CarStatusTable (carAvailability, carType, latitude, longitude, carId) values (?, ?, ?, ?, ?)
2018-08-18 08:12:05.957 DEBUG 13626 --- [    Test worker] org.hibernate.SQL                        : insert into CarStatusTable (carAvailability, carType, latitude, longitude, carId) values (?, ?, ?, ?, ?)
2018-08-18 08:12:05.962 DEBUG 13626 --- [    Test worker] org.hibernate.SQL                        : insert into CarStatusTable (carAvailability, carType, latitude, longitude, carId) values (?, ?, ?, ?, ?)
2018-08-18 08:12:05.975 DEBUG 13626 --- [    Test worker] org.hibernate.SQL                        : insert into CarStatusTable (carAvailability, carType, latitude, longitude, carId) values (?, ?, ?, ?, ?)
2018-08-18 08:12:05.982 DEBUG 13626 --- [    Test worker] org.hibernate.SQL                        : insert into CarStatusTable (carAvailability, carType, latitude, longitude, carId) values (?, ?, ?, ?, ?)
2018-08-18 08:12:05.986 DEBUG 13626 --- [    Test worker] org.hibernate.SQL                        : insert into CarStatusTable (carAvailability, carType, latitude, longitude, carId) values (?, ?, ?, ?, ?)
2018-08-18 08:12:05.990 DEBUG 13626 --- [    Test worker] org.hibernate.SQL                        : insert into CarStatusTable (carAvailability, carType, latitude, longitude, carId) values (?, ?, ?, ?, ?)
2018-08-18 08:12:05.992 DEBUG 13626 --- [    Test worker] org.hibernate.SQL                        : insert into CarStatusTable (carAvailability, carType, latitude, longitude, carId) values (?, ?, ?, ?, ?)
2018-08-18 08:12:05.999 DEBUG 13626 --- [    Test worker] org.hibernate.SQL                        : insert into CarStatusTable (carAvailability, carType, latitude, longitude, carId) values (?, ?, ?, ?, ?)
2018-08-18 08:12:06.004 DEBUG 13626 --- [    Test worker] org.hibernate.SQL                        : insert into CarStatusTable (carAvailability, carType, latitude, longitude, carId) values (?, ?, ?, ?, ?)
2018-08-18 08:12:06.011 DEBUG 13626 --- [    Test worker] org.hibernate.SQL                        : insert into CarStatusTable (carAvailability, carType, latitude, longitude, carId) values (?, ?, ?, ?, ?)
2018-08-18 08:12:06.014 DEBUG 13626 --- [    Test worker] org.hibernate.SQL                        : insert into CarStatusTable (carAvailability, carType, latitude, longitude, carId) values (?, ?, ?, ?, ?)
2018-08-18 08:12:06.017 DEBUG 13626 --- [    Test worker] org.hibernate.SQL                        : insert into CarStatusTable (carAvailability, carType, latitude, longitude, carId) values (?, ?, ?, ?, ?)
2018-08-18 08:12:06.020 DEBUG 13626 --- [    Test worker] org.hibernate.SQL                        : insert into CarStatusTable (carAvailability, carType, latitude, longitude, carId) values (?, ?, ?, ?, ?)
2018-08-18 08:12:06.022 DEBUG 13626 --- [    Test worker] org.hibernate.SQL                        : insert into CarStatusTable (carAvailability, carType, latitude, longitude, carId) values (?, ?, ?, ?, ?)
2018-08-18 08:12:06.025 DEBUG 13626 --- [    Test worker] org.hibernate.SQL                        : insert into CarStatusTable (carAvailability, carType, latitude, longitude, carId) values (?, ?, ?, ?, ?)
2018-08-18 08:12:06.043 DEBUG 13626 --- [    Test worker] org.hibernate.SQL                        : insert into CarStatusTable (carAvailability, carType, latitude, longitude, carId) values (?, ?, ?, ?, ?)
2018-08-18 08:12:06.056 DEBUG 13626 --- [    Test worker] org.hibernate.SQL                        : insert into CarStatusTable (carAvailability, carType, latitude, longitude, carId) values (?, ?, ?, ?, ?)
2018-08-18 08:12:06.087 DEBUG 13626 --- [    Test worker] org.hibernate.SQL                        : insert into CarStatusTable (carAvailability, carType, latitude, longitude, carId) values (?, ?, ?, ?, ?)
2018-08-18 08:12:06.091 DEBUG 13626 --- [    Test worker] org.hibernate.SQL                        : insert into CarStatusTable (carAvailability, carType, latitude, longitude, carId) values (?, ?, ?, ?, ?)
2018-08-18 08:12:06.103 DEBUG 13626 --- [    Test worker] org.hibernate.SQL                        : insert into CarStatusTable (carAvailability, carType, latitude, longitude, carId) values (?, ?, ?, ?, ?)
2018-08-18 08:12:06.110 DEBUG 13626 --- [    Test worker] org.hibernate.SQL                        : insert into CarStatusTable (carAvailability, carType, latitude, longitude, carId) values (?, ?, ?, ?, ?)
2018-08-18 08:12:06.114 DEBUG 13626 --- [    Test worker] org.hibernate.SQL                        : insert into CarStatusTable (carAvailability, carType, latitude, longitude, carId) values (?, ?, ?, ?, ?)
2018-08-18 08:12:06.118 DEBUG 13626 --- [    Test worker] org.hibernate.SQL                        : insert into CarStatusTable (carAvailability, carType, latitude, longitude, carId) values (?, ?, ?, ?, ?)
2018-08-18 08:12:06.125 DEBUG 13626 --- [    Test worker] org.hibernate.SQL                        : insert into CarStatusTable (carAvailability, carType, latitude, longitude, carId) values (?, ?, ?, ?, ?)
2018-08-18 08:12:06.131 DEBUG 13626 --- [    Test worker] org.hibernate.SQL                        : insert into CarStatusTable (carAvailability, carType, latitude, longitude, carId) values (?, ?, ?, ?, ?)
2018-08-18 08:12:06.136 DEBUG 13626 --- [    Test worker] org.hibernate.SQL                        : insert into CarStatusTable (carAvailability, carType, latitude, longitude, carId) values (?, ?, ?, ?, ?)
2018-08-18 08:12:06.139 DEBUG 13626 --- [    Test worker] org.hibernate.SQL                        : insert into CarStatusTable (carAvailability, carType, latitude, longitude, carId) values (?, ?, ?, ?, ?)
2018-08-18 08:12:06.142 DEBUG 13626 --- [    Test worker] org.hibernate.SQL                        : insert into CarStatusTable (carAvailability, carType, latitude, longitude, carId) values (?, ?, ?, ?, ?)
2018-08-18 08:12:06.148 DEBUG 13626 --- [    Test worker] org.hibernate.SQL                        : insert into CarStatusTable (carAvailability, carType, latitude, longitude, carId) values (?, ?, ?, ?, ?)
2018-08-18 08:12:06.152 DEBUG 13626 --- [    Test worker] org.hibernate.SQL                        : insert into CarStatusTable (carAvailability, carType, latitude, longitude, carId) values (?, ?, ?, ?, ?)
2018-08-18 08:12:06.153 DEBUG 13626 --- [    Test worker] org.hibernate.SQL                        : insert into CarStatusTable (carAvailability, carType, latitude, longitude, carId) values (?, ?, ?, ?, ?)
2018-08-18 08:12:06.157 DEBUG 13626 --- [    Test worker] org.hibernate.SQL                        : insert into CarStatusTable (carAvailability, carType, latitude, longitude, carId) values (?, ?, ?, ?, ?)
2018-08-18 08:12:06.159 DEBUG 13626 --- [    Test worker] org.hibernate.SQL                        : insert into CarStatusTable (carAvailability, carType, latitude, longitude, carId) values (?, ?, ?, ?, ?)
2018-08-18 08:12:06.163 DEBUG 13626 --- [    Test worker] org.hibernate.SQL                        : insert into CarStatusTable (carAvailability, carType, latitude, longitude, carId) values (?, ?, ?, ?, ?)
2018-08-18 08:12:06.171 DEBUG 13626 --- [    Test worker] org.hibernate.SQL                        : insert into CarStatusTable (carAvailability, carType, latitude, longitude, carId) values (?, ?, ?, ?, ?)
2018-08-18 08:12:06.177 DEBUG 13626 --- [    Test worker] org.hibernate.SQL                        : insert into CarStatusTable (carAvailability, carType, latitude, longitude, carId) values (?, ?, ?, ?, ?)
2018-08-18 08:12:06.180 DEBUG 13626 --- [    Test worker] org.hibernate.SQL                        : insert into CarStatusTable (carAvailability, carType, latitude, longitude, carId) values (?, ?, ?, ?, ?)
2018-08-18 08:12:06.182 DEBUG 13626 --- [    Test worker] org.hibernate.SQL                        : insert into CarStatusTable (carAvailability, carType, latitude, longitude, carId) values (?, ?, ?, ?, ?)
2018-08-18 08:12:06.186 DEBUG 13626 --- [    Test worker] org.hibernate.SQL                        : insert into CarStatusTable (carAvailability, carType, latitude, longitude, carId) values (?, ?, ?, ?, ?)
2018-08-18 08:12:06.188 DEBUG 13626 --- [    Test worker] org.hibernate.SQL                        : insert into CarStatusTable (carAvailability, carType, latitude, longitude, carId) values (?, ?, ?, ?, ?)
2018-08-18 08:12:06.192 DEBUG 13626 --- [    Test worker] org.hibernate.SQL                        : insert into CarStatusTable (carAvailability, carType, latitude, longitude, carId) values (?, ?, ?, ?, ?)
2018-08-18 08:12:06.195 DEBUG 13626 --- [    Test worker] org.hibernate.SQL                        : insert into CarStatusTable (carAvailability, carType, latitude, longitude, carId) values (?, ?, ?, ?, ?)
2018-08-18 08:12:06.199 DEBUG 13626 --- [    Test worker] org.hibernate.SQL                        : insert into CarStatusTable (carAvailability, carType, latitude, longitude, carId) values (?, ?, ?, ?, ?)
2018-08-18 08:12:06.202 DEBUG 13626 --- [    Test worker] org.hibernate.SQL                        : insert into CarStatusTable (carAvailability, carType, latitude, longitude, carId) values (?, ?, ?, ?, ?)
2018-08-18 08:12:06.207 DEBUG 13626 --- [    Test worker] org.hibernate.SQL                        : insert into CarStatusTable (carAvailability, carType, latitude, longitude, carId) values (?, ?, ?, ?, ?)
2018-08-18 08:12:06.211 DEBUG 13626 --- [    Test worker] org.hibernate.SQL                        : insert into CarStatusTable (carAvailability, carType, latitude, longitude, carId) values (?, ?, ?, ?, ?)
2018-08-18 08:12:06.214 DEBUG 13626 --- [    Test worker] org.hibernate.SQL                        : insert into CarStatusTable (carAvailability, carType, latitude, longitude, carId) values (?, ?, ?, ?, ?)
2018-08-18 08:12:06.218 DEBUG 13626 --- [    Test worker] org.hibernate.SQL                        : insert into CarStatusTable (carAvailability, carType, latitude, longitude, carId) values (?, ?, ?, ?, ?)
2018-08-18 08:12:06.222 DEBUG 13626 --- [    Test worker] org.hibernate.SQL                        : insert into CarStatusTable (carAvailability, carType, latitude, longitude, carId) values (?, ?, ?, ?, ?)
2018-08-18 08:12:06.225 DEBUG 13626 --- [    Test worker] org.hibernate.SQL                        : insert into CarStatusTable (carAvailability, carType, latitude, longitude, carId) values (?, ?, ?, ?, ?)
2018-08-18 08:12:06.228 DEBUG 13626 --- [    Test worker] org.hibernate.SQL                        : insert into CarStatusTable (carAvailability, carType, latitude, longitude, carId) values (?, ?, ?, ?, ?)
2018-08-18 08:12:06.230 DEBUG 13626 --- [    Test worker] org.hibernate.SQL                        : insert into CarStatusTable (carAvailability, carType, latitude, longitude, carId) values (?, ?, ?, ?, ?)
2018-08-18 08:12:06.236 DEBUG 13626 --- [    Test worker] org.hibernate.SQL                        : insert into CarStatusTable (carAvailability, carType, latitude, longitude, carId) values (?, ?, ?, ?, ?)
2018-08-18 08:12:06.239 DEBUG 13626 --- [    Test worker] org.hibernate.SQL                        : insert into CarStatusTable (carAvailability, carType, latitude, longitude, carId) values (?, ?, ?, ?, ?)
2018-08-18 08:12:06.265 DEBUG 13626 --- [    Test worker] org.hibernate.SQL                        : insert into CarStatusTable (carAvailability, carType, latitude, longitude, carId) values (?, ?, ?, ?, ?)
2018-08-18 08:12:06.288 DEBUG 13626 --- [    Test worker] org.hibernate.SQL                        : insert into CarStatusTable (carAvailability, carType, latitude, longitude, carId) values (?, ?, ?, ?, ?)
2018-08-18 08:12:06.293 DEBUG 13626 --- [    Test worker] org.hibernate.SQL                        : insert into CarStatusTable (carAvailability, carType, latitude, longitude, carId) values (?, ?, ?, ?, ?)
2018-08-18 08:12:06.298 DEBUG 13626 --- [    Test worker] org.hibernate.SQL                        : insert into CarStatusTable (carAvailability, carType, latitude, longitude, carId) values (?, ?, ?, ?, ?)
2018-08-18 08:12:06.305 DEBUG 13626 --- [    Test worker] org.hibernate.SQL                        : insert into CarStatusTable (carAvailability, carType, latitude, longitude, carId) values (?, ?, ?, ?, ?)
2018-08-18 08:12:06.307 DEBUG 13626 --- [    Test worker] org.hibernate.SQL                        : insert into CarStatusTable (carAvailability, carType, latitude, longitude, carId) values (?, ?, ?, ?, ?)
2018-08-18 08:12:06.314 DEBUG 13626 --- [    Test worker] org.hibernate.SQL                        : insert into CarStatusTable (carAvailability, carType, latitude, longitude, carId) values (?, ?, ?, ?, ?)
2018-08-18 08:12:06.316 DEBUG 13626 --- [    Test worker] org.hibernate.SQL                        : insert into CarStatusTable (carAvailability, carType, latitude, longitude, carId) values (?, ?, ?, ?, ?)
2018-08-18 08:12:06.320 DEBUG 13626 --- [    Test worker] org.hibernate.SQL                        : insert into CarStatusTable (carAvailability, carType, latitude, longitude, carId) values (?, ?, ?, ?, ?)
2018-08-18 08:12:06.327 DEBUG 13626 --- [    Test worker] org.hibernate.SQL                        : insert into CarStatusTable (carAvailability, carType, latitude, longitude, carId) values (?, ?, ?, ?, ?)
2018-08-18 08:12:06.340 DEBUG 13626 --- [    Test worker] org.hibernate.SQL                        : insert into CarStatusTable (carAvailability, carType, latitude, longitude, carId) values (?, ?, ?, ?, ?)
2018-08-18 08:12:06.349 DEBUG 13626 --- [    Test worker] org.hibernate.SQL                        : insert into CarStatusTable (carAvailability, carType, latitude, longitude, carId) values (?, ?, ?, ?, ?)
2018-08-18 08:12:06.361 DEBUG 13626 --- [    Test worker] org.hibernate.SQL                        : insert into CarStatusTable (carAvailability, carType, latitude, longitude, carId) values (?, ?, ?, ?, ?)
2018-08-18 08:12:06.364 DEBUG 13626 --- [    Test worker] org.hibernate.SQL                        : insert into CarStatusTable (carAvailability, carType, latitude, longitude, carId) values (?, ?, ?, ?, ?)
2018-08-18 08:12:06.371 DEBUG 13626 --- [    Test worker] org.hibernate.SQL                        : insert into CarStatusTable (carAvailability, carType, latitude, longitude, carId) values (?, ?, ?, ?, ?)
2018-08-18 08:12:06.379 DEBUG 13626 --- [    Test worker] org.hibernate.SQL                        : insert into CarStatusTable (carAvailability, carType, latitude, longitude, carId) values (?, ?, ?, ?, ?)
2018-08-18 08:12:06.383 DEBUG 13626 --- [    Test worker] org.hibernate.SQL                        : insert into CarStatusTable (carAvailability, carType, latitude, longitude, carId) values (?, ?, ?, ?, ?)
2018-08-18 08:12:06.385 DEBUG 13626 --- [    Test worker] org.hibernate.SQL                        : insert into CarStatusTable (carAvailability, carType, latitude, longitude, carId) values (?, ?, ?, ?, ?)
2018-08-18 08:12:06.390 DEBUG 13626 --- [    Test worker] org.hibernate.SQL                        : insert into CarStatusTable (carAvailability, carType, latitude, longitude, carId) values (?, ?, ?, ?, ?)
2018-08-18 08:12:06.395 DEBUG 13626 --- [    Test worker] org.hibernate.SQL                        : insert into CarStatusTable (carAvailability, carType, latitude, longitude, carId) values (?, ?, ?, ?, ?)
2018-08-18 08:12:06.398 DEBUG 13626 --- [    Test worker] org.hibernate.SQL                        : insert into CarStatusTable (carAvailability, carType, latitude, longitude, carId) values (?, ?, ?, ?, ?)
2018-08-18 08:12:06.403 DEBUG 13626 --- [    Test worker] org.hibernate.SQL                        : insert into CarStatusTable (carAvailability, carType, latitude, longitude, carId) values (?, ?, ?, ?, ?)
2018-08-18 08:12:06.409 DEBUG 13626 --- [    Test worker] org.hibernate.SQL                        : insert into CarStatusTable (carAvailability, carType, latitude, longitude, carId) values (?, ?, ?, ?, ?)
2018-08-18 08:12:06.413 DEBUG 13626 --- [    Test worker] org.hibernate.SQL                        : insert into CarStatusTable (carAvailability, carType, latitude, longitude, carId) values (?, ?, ?, ?, ?)
2018-08-18 08:12:06.419 DEBUG 13626 --- [    Test worker] org.hibernate.SQL                        : insert into CarStatusTable (carAvailability, carType, latitude, longitude, carId) values (?, ?, ?, ?, ?)
2018-08-18 08:12:06.421 DEBUG 13626 --- [    Test worker] org.hibernate.SQL                        : insert into CarStatusTable (carAvailability, carType, latitude, longitude, carId) values (?, ?, ?, ?, ?)
2018-08-18 08:12:06.427 DEBUG 13626 --- [    Test worker] org.hibernate.SQL                        : insert into CarStatusTable (carAvailability, carType, latitude, longitude, carId) values (?, ?, ?, ?, ?)
2018-08-18 08:12:06.439 DEBUG 13626 --- [    Test worker] org.hibernate.SQL                        : insert into CarStatusTable (carAvailability, carType, latitude, longitude, carId) values (?, ?, ?, ?, ?)
2018-08-18 08:12:06.445 DEBUG 13626 --- [    Test worker] org.hibernate.SQL                        : insert into CarStatusTable (carAvailability, carType, latitude, longitude, carId) values (?, ?, ?, ?, ?)
2018-08-18 08:12:06.449 DEBUG 13626 --- [    Test worker] org.hibernate.SQL                        : insert into CarStatusTable (carAvailability, carType, latitude, longitude, carId) values (?, ?, ?, ?, ?)
2018-08-18 08:12:06.451 DEBUG 13626 --- [    Test worker] org.hibernate.SQL                        : insert into CarStatusTable (carAvailability, carType, latitude, longitude, carId) values (?, ?, ?, ?, ?)
2018-08-18 08:12:06.453 DEBUG 13626 --- [    Test worker] org.hibernate.SQL                        : insert into CarStatusTable (carAvailability, carType, latitude, longitude, carId) values (?, ?, ?, ?, ?)
2018-08-18 08:12:06.455 DEBUG 13626 --- [    Test worker] org.hibernate.SQL                        : insert into CarStatusTable (carAvailability, carType, latitude, longitude, carId) values (?, ?, ?, ?, ?)
2018-08-18 08:12:06.456 DEBUG 13626 --- [    Test worker] org.hibernate.SQL                        : insert into CarStatusTable (carAvailability, carType, latitude, longitude, carId) values (?, ?, ?, ?, ?)
2018-08-18 08:12:06.458 DEBUG 13626 --- [    Test worker] org.hibernate.SQL                        : insert into CarStatusTable (carAvailability, carType, latitude, longitude, carId) values (?, ?, ?, ?, ?)
2018-08-18 08:12:06.459 DEBUG 13626 --- [    Test worker] org.hibernate.SQL                        : insert into CarStatusTable (carAvailability, carType, latitude, longitude, carId) values (?, ?, ?, ?, ?)
2018-08-18 08:12:06.460 DEBUG 13626 --- [    Test worker] org.hibernate.SQL                        : insert into CarStatusTable (carAvailability, carType, latitude, longitude, carId) values (?, ?, ?, ?, ?)
2018-08-18 08:12:06.466 DEBUG 13626 --- [    Test worker] org.hibernate.SQL                        : insert into CarStatusTable (carAvailability, carType, latitude, longitude, carId) values (?, ?, ?, ?, ?)
2018-08-18 08:12:06.468 DEBUG 13626 --- [    Test worker] org.hibernate.SQL                        : insert into CarStatusTable (carAvailability, carType, latitude, longitude, carId) values (?, ?, ?, ?, ?)
2018-08-18 08:12:06.477 DEBUG 13626 --- [    Test worker] org.hibernate.SQL                        : insert into CarStatusTable (carAvailability, carType, latitude, longitude, carId) values (?, ?, ?, ?, ?)
2018-08-18 08:12:06.482 DEBUG 13626 --- [    Test worker] org.hibernate.SQL                        : insert into CarStatusTable (carAvailability, carType, latitude, longitude, carId) values (?, ?, ?, ?, ?)
2018-08-18 08:12:06.486 DEBUG 13626 --- [    Test worker] org.hibernate.SQL                        : insert into CarStatusTable (carAvailability, carType, latitude, longitude, carId) values (?, ?, ?, ?, ?)
2018-08-18 08:12:06.489 DEBUG 13626 --- [    Test worker] org.hibernate.SQL                        : insert into CarStatusTable (carAvailability, carType, latitude, longitude, carId) values (?, ?, ?, ?, ?)
2018-08-18 08:12:06.492 DEBUG 13626 --- [    Test worker] org.hibernate.SQL                        : insert into CarStatusTable (carAvailability, carType, latitude, longitude, carId) values (?, ?, ?, ?, ?)
2018-08-18 08:12:06.507 DEBUG 13626 --- [    Test worker] org.hibernate.SQL                        : insert into CarStatusTable (carAvailability, carType, latitude, longitude, carId) values (?, ?, ?, ?, ?)
2018-08-18 08:12:06.510 DEBUG 13626 --- [    Test worker] org.hibernate.SQL                        : insert into CarStatusTable (carAvailability, carType, latitude, longitude, carId) values (?, ?, ?, ?, ?)
2018-08-18 08:12:06.511 DEBUG 13626 --- [    Test worker] org.hibernate.SQL                        : insert into CarStatusTable (carAvailability, carType, latitude, longitude, carId) values (?, ?, ?, ?, ?)
2018-08-18 08:12:06.514 DEBUG 13626 --- [    Test worker] org.hibernate.SQL                        : insert into CarStatusTable (carAvailability, carType, latitude, longitude, carId) values (?, ?, ?, ?, ?)
2018-08-18 08:12:06.546 DEBUG 13626 --- [    Test worker] org.hibernate.SQL                        : insert into CarStatusTable (carAvailability, carType, latitude, longitude, carId) values (?, ?, ?, ?, ?)
2018-08-18 08:12:06.548 DEBUG 13626 --- [    Test worker] org.hibernate.SQL                        : insert into CarStatusTable (carAvailability, carType, latitude, longitude, carId) values (?, ?, ?, ?, ?)
2018-08-18 08:12:06.554 DEBUG 13626 --- [    Test worker] org.hibernate.SQL                        : insert into CarStatusTable (carAvailability, carType, latitude, longitude, carId) values (?, ?, ?, ?, ?)
2018-08-18 08:12:06.560 DEBUG 13626 --- [    Test worker] org.hibernate.SQL                        : insert into CarStatusTable (carAvailability, carType, latitude, longitude, carId) values (?, ?, ?, ?, ?)
2018-08-18 08:12:06.563 DEBUG 13626 --- [    Test worker] org.hibernate.SQL                        : insert into CarStatusTable (carAvailability, carType, latitude, longitude, carId) values (?, ?, ?, ?, ?)
2018-08-18 08:12:06.570 DEBUG 13626 --- [    Test worker] org.hibernate.SQL                        : insert into CarStatusTable (carAvailability, carType, latitude, longitude, carId) values (?, ?, ?, ?, ?)
2018-08-18 08:12:06.572 DEBUG 13626 --- [    Test worker] org.hibernate.SQL                        : insert into CarStatusTable (carAvailability, carType, latitude, longitude, carId) values (?, ?, ?, ?, ?)
2018-08-18 08:12:06.583 DEBUG 13626 --- [    Test worker] org.hibernate.SQL                        : insert into CarStatusTable (carAvailability, carType, latitude, longitude, carId) values (?, ?, ?, ?, ?)
2018-08-18 08:12:06.587 DEBUG 13626 --- [    Test worker] org.hibernate.SQL                        : insert into CarStatusTable (carAvailability, carType, latitude, longitude, carId) values (?, ?, ?, ?, ?)
2018-08-18 08:12:06.589 DEBUG 13626 --- [    Test worker] org.hibernate.SQL                        : insert into CarStatusTable (carAvailability, carType, latitude, longitude, carId) values (?, ?, ?, ?, ?)
2018-08-18 08:12:06.591 DEBUG 13626 --- [    Test worker] org.hibernate.SQL                        : insert into CarStatusTable (carAvailability, carType, latitude, longitude, carId) values (?, ?, ?, ?, ?)
2018-08-18 08:12:06.595 DEBUG 13626 --- [    Test worker] org.hibernate.SQL                        : insert into CarStatusTable (carAvailability, carType, latitude, longitude, carId) values (?, ?, ?, ?, ?)
2018-08-18 08:12:06.597 DEBUG 13626 --- [    Test worker] org.hibernate.SQL                        : insert into CarStatusTable (carAvailability, carType, latitude, longitude, carId) values (?, ?, ?, ?, ?)
2018-08-18 08:12:06.599 DEBUG 13626 --- [    Test worker] org.hibernate.SQL                        : insert into CarStatusTable (carAvailability, carType, latitude, longitude, carId) values (?, ?, ?, ?, ?)
2018-08-18 08:12:06.603 DEBUG 13626 --- [    Test worker] org.hibernate.SQL                        : insert into CarStatusTable (carAvailability, carType, latitude, longitude, carId) values (?, ?, ?, ?, ?)
2018-08-18 08:12:06.610 DEBUG 13626 --- [    Test worker] org.hibernate.SQL                        : insert into CarStatusTable (carAvailability, carType, latitude, longitude, carId) values (?, ?, ?, ?, ?)
2018-08-18 08:12:06.617 DEBUG 13626 --- [    Test worker] org.hibernate.SQL                        : insert into CarStatusTable (carAvailability, carType, latitude, longitude, carId) values (?, ?, ?, ?, ?)
2018-08-18 08:12:06.621 DEBUG 13626 --- [    Test worker] org.hibernate.SQL                        : insert into CarStatusTable (carAvailability, carType, latitude, longitude, carId) values (?, ?, ?, ?, ?)
2018-08-18 08:12:06.624 DEBUG 13626 --- [    Test worker] org.hibernate.SQL                        : insert into CarStatusTable (carAvailability, carType, latitude, longitude, carId) values (?, ?, ?, ?, ?)
2018-08-18 08:12:06.626 DEBUG 13626 --- [    Test worker] org.hibernate.SQL                        : insert into CarStatusTable (carAvailability, carType, latitude, longitude, carId) values (?, ?, ?, ?, ?)
2018-08-18 08:12:06.629 DEBUG 13626 --- [    Test worker] org.hibernate.SQL                        : insert into CarStatusTable (carAvailability, carType, latitude, longitude, carId) values (?, ?, ?, ?, ?)
2018-08-18 08:12:06.635 DEBUG 13626 --- [    Test worker] org.hibernate.SQL                        : insert into CarStatusTable (carAvailability, carType, latitude, longitude, carId) values (?, ?, ?, ?, ?)
2018-08-18 08:12:06.638 DEBUG 13626 --- [    Test worker] org.hibernate.SQL                        : insert into CarStatusTable (carAvailability, carType, latitude, longitude, carId) values (?, ?, ?, ?, ?)
2018-08-18 08:12:06.641 DEBUG 13626 --- [    Test worker] org.hibernate.SQL                        : insert into CarStatusTable (carAvailability, carType, latitude, longitude, carId) values (?, ?, ?, ?, ?)
2018-08-18 08:12:06.647 DEBUG 13626 --- [    Test worker] org.hibernate.SQL                        : insert into CarStatusTable (carAvailability, carType, latitude, longitude, carId) values (?, ?, ?, ?, ?)
2018-08-18 08:12:06.651 DEBUG 13626 --- [    Test worker] org.hibernate.SQL                        : insert into CarStatusTable (carAvailability, carType, latitude, longitude, carId) values (?, ?, ?, ?, ?)
2018-08-18 08:12:06.653 DEBUG 13626 --- [    Test worker] org.hibernate.SQL                        : insert into CarStatusTable (carAvailability, carType, latitude, longitude, carId) values (?, ?, ?, ?, ?)
2018-08-18 08:12:06.658 DEBUG 13626 --- [    Test worker] org.hibernate.SQL                        : insert into CarStatusTable (carAvailability, carType, latitude, longitude, carId) values (?, ?, ?, ?, ?)
2018-08-18 08:12:06.664 DEBUG 13626 --- [    Test worker] org.hibernate.SQL                        : insert into CarStatusTable (carAvailability, carType, latitude, longitude, carId) values (?, ?, ?, ?, ?)
2018-08-18 08:12:06.667 DEBUG 13626 --- [    Test worker] org.hibernate.SQL                        : insert into CarStatusTable (carAvailability, carType, latitude, longitude, carId) values (?, ?, ?, ?, ?)
2018-08-18 08:12:06.669 DEBUG 13626 --- [    Test worker] org.hibernate.SQL                        : insert into CarStatusTable (carAvailability, carType, latitude, longitude, carId) values (?, ?, ?, ?, ?)
2018-08-18 08:12:06.670 DEBUG 13626 --- [    Test worker] org.hibernate.SQL                        : insert into CarStatusTable (carAvailability, carType, latitude, longitude, carId) values (?, ?, ?, ?, ?)
2018-08-18 08:12:06.672 DEBUG 13626 --- [    Test worker] org.hibernate.SQL                        : insert into CarStatusTable (carAvailability, carType, latitude, longitude, carId) values (?, ?, ?, ?, ?)
2018-08-18 08:12:06.674 DEBUG 13626 --- [    Test worker] org.hibernate.SQL                        : insert into CarStatusTable (carAvailability, carType, latitude, longitude, carId) values (?, ?, ?, ?, ?)
2018-08-18 08:12:06.679 DEBUG 13626 --- [    Test worker] org.hibernate.SQL                        : insert into CarStatusTable (carAvailability, carType, latitude, longitude, carId) values (?, ?, ?, ?, ?)
2018-08-18 08:12:06.680 DEBUG 13626 --- [    Test worker] org.hibernate.SQL                        : insert into CarStatusTable (carAvailability, carType, latitude, longitude, carId) values (?, ?, ?, ?, ?)
2018-08-18 08:12:06.683 DEBUG 13626 --- [    Test worker] org.hibernate.SQL                        : insert into CarStatusTable (carAvailability, carType, latitude, longitude, carId) values (?, ?, ?, ?, ?)
2018-08-18 08:12:06.684 DEBUG 13626 --- [    Test worker] org.hibernate.SQL                        : insert into CarStatusTable (carAvailability, carType, latitude, longitude, carId) values (?, ?, ?, ?, ?)
2018-08-18 08:12:06.686 DEBUG 13626 --- [    Test worker] org.hibernate.SQL                        : insert into CarStatusTable (carAvailability, carType, latitude, longitude, carId) values (?, ?, ?, ?, ?)
2018-08-18 08:12:06.688 DEBUG 13626 --- [    Test worker] org.hibernate.SQL                        : insert into CarStatusTable (carAvailability, carType, latitude, longitude, carId) values (?, ?, ?, ?, ?)
2018-08-18 08:12:06.689 DEBUG 13626 --- [    Test worker] org.hibernate.SQL                        : insert into CarStatusTable (carAvailability, carType, latitude, longitude, carId) values (?, ?, ?, ?, ?)
2018-08-18 08:12:06.704 DEBUG 13626 --- [    Test worker] org.hibernate.SQL                        : insert into CarStatusTable (carAvailability, carType, latitude, longitude, carId) values (?, ?, ?, ?, ?)
2018-08-18 08:12:06.708 DEBUG 13626 --- [    Test worker] org.hibernate.SQL                        : insert into CarStatusTable (carAvailability, carType, latitude, longitude, carId) values (?, ?, ?, ?, ?)
2018-08-18 08:12:06.713 DEBUG 13626 --- [    Test worker] org.hibernate.SQL                        : insert into CarStatusTable (carAvailability, carType, latitude, longitude, carId) values (?, ?, ?, ?, ?)
2018-08-18 08:12:06.718 DEBUG 13626 --- [    Test worker] org.hibernate.SQL                        : insert into CarStatusTable (carAvailability, carType, latitude, longitude, carId) values (?, ?, ?, ?, ?)
2018-08-18 08:12:06.721 DEBUG 13626 --- [    Test worker] org.hibernate.SQL                        : insert into CarStatusTable (carAvailability, carType, latitude, longitude, carId) values (?, ?, ?, ?, ?)
2018-08-18 08:12:06.723 DEBUG 13626 --- [    Test worker] org.hibernate.SQL                        : insert into CarStatusTable (carAvailability, carType, latitude, longitude, carId) values (?, ?, ?, ?, ?)
2018-08-18 08:12:06.725 DEBUG 13626 --- [    Test worker] org.hibernate.SQL                        : insert into CarStatusTable (carAvailability, carType, latitude, longitude, carId) values (?, ?, ?, ?, ?)
2018-08-18 08:12:06.736 DEBUG 13626 --- [    Test worker] org.hibernate.SQL                        : insert into CarStatusTable (carAvailability, carType, latitude, longitude, carId) values (?, ?, ?, ?, ?)
2018-08-18 08:12:06.739 DEBUG 13626 --- [    Test worker] org.hibernate.SQL                        : insert into CarStatusTable (carAvailability, carType, latitude, longitude, carId) values (?, ?, ?, ?, ?)
2018-08-18 08:12:06.744 DEBUG 13626 --- [    Test worker] org.hibernate.SQL                        : insert into CarStatusTable (carAvailability, carType, latitude, longitude, carId) values (?, ?, ?, ?, ?)
2018-08-18 08:12:06.750 DEBUG 13626 --- [    Test worker] org.hibernate.SQL                        : insert into CarStatusTable (carAvailability, carType, latitude, longitude, carId) values (?, ?, ?, ?, ?)
2018-08-18 08:12:06.754 DEBUG 13626 --- [    Test worker] org.hibernate.SQL                        : insert into CarStatusTable (carAvailability, carType, latitude, longitude, carId) values (?, ?, ?, ?, ?)
2018-08-18 08:12:06.756 DEBUG 13626 --- [    Test worker] org.hibernate.SQL                        : insert into CarStatusTable (carAvailability, carType, latitude, longitude, carId) values (?, ?, ?, ?, ?)
2018-08-18 08:12:06.759 DEBUG 13626 --- [    Test worker] org.hibernate.SQL                        : insert into CarStatusTable (carAvailability, carType, latitude, longitude, carId) values (?, ?, ?, ?, ?)
2018-08-18 08:12:06.764 DEBUG 13626 --- [    Test worker] org.hibernate.SQL                        : insert into CarStatusTable (carAvailability, carType, latitude, longitude, carId) values (?, ?, ?, ?, ?)
2018-08-18 08:12:06.766 DEBUG 13626 --- [    Test worker] org.hibernate.SQL                        : insert into CarStatusTable (carAvailability, carType, latitude, longitude, carId) values (?, ?, ?, ?, ?)
2018-08-18 08:12:06.767 DEBUG 13626 --- [    Test worker] org.hibernate.SQL                        : insert into CarStatusTable (carAvailability, carType, latitude, longitude, carId) values (?, ?, ?, ?, ?)
2018-08-18 08:12:06.768 DEBUG 13626 --- [    Test worker] org.hibernate.SQL                        : insert into CarStatusTable (carAvailability, carType, latitude, longitude, carId) values (?, ?, ?, ?, ?)
2018-08-18 08:12:06.769 DEBUG 13626 --- [    Test worker] org.hibernate.SQL                        : insert into CarStatusTable (carAvailability, carType, latitude, longitude, carId) values (?, ?, ?, ?, ?)
2018-08-18 08:12:06.771 DEBUG 13626 --- [    Test worker] org.hibernate.SQL                        : insert into CarStatusTable (carAvailability, carType, latitude, longitude, carId) values (?, ?, ?, ?, ?)
2018-08-18 08:12:06.772 DEBUG 13626 --- [    Test worker] org.hibernate.SQL                        : insert into CarStatusTable (carAvailability, carType, latitude, longitude, carId) values (?, ?, ?, ?, ?)
2018-08-18 08:12:06.773 DEBUG 13626 --- [    Test worker] org.hibernate.SQL                        : insert into CarStatusTable (carAvailability, carType, latitude, longitude, carId) values (?, ?, ?, ?, ?)
2018-08-18 08:12:06.777 DEBUG 13626 --- [    Test worker] org.hibernate.SQL                        : insert into CarStatusTable (carAvailability, carType, latitude, longitude, carId) values (?, ?, ?, ?, ?)
2018-08-18 08:12:06.778 DEBUG 13626 --- [    Test worker] org.hibernate.SQL                        : insert into CarStatusTable (carAvailability, carType, latitude, longitude, carId) values (?, ?, ?, ?, ?)
2018-08-18 08:12:06.779 DEBUG 13626 --- [    Test worker] org.hibernate.SQL                        : insert into CarStatusTable (carAvailability, carType, latitude, longitude, carId) values (?, ?, ?, ?, ?)
2018-08-18 08:12:06.780 DEBUG 13626 --- [    Test worker] org.hibernate.SQL                        : insert into CarStatusTable (carAvailability, carType, latitude, longitude, carId) values (?, ?, ?, ?, ?)
2018-08-18 08:12:06.782 DEBUG 13626 --- [    Test worker] org.hibernate.SQL                        : insert into CarStatusTable (carAvailability, carType, latitude, longitude, carId) values (?, ?, ?, ?, ?)
2018-08-18 08:12:06.783 DEBUG 13626 --- [    Test worker] org.hibernate.SQL                        : insert into CarStatusTable (carAvailability, carType, latitude, longitude, carId) values (?, ?, ?, ?, ?)
2018-08-18 08:12:06.784 DEBUG 13626 --- [    Test worker] org.hibernate.SQL                        : insert into CarStatusTable (carAvailability, carType, latitude, longitude, carId) values (?, ?, ?, ?, ?)
2018-08-18 08:12:06.786 DEBUG 13626 --- [    Test worker] org.hibernate.SQL                        : insert into CarStatusTable (carAvailability, carType, latitude, longitude, carId) values (?, ?, ?, ?, ?)
2018-08-18 08:12:06.787 DEBUG 13626 --- [    Test worker] org.hibernate.SQL                        : insert into CarStatusTable (carAvailability, carType, latitude, longitude, carId) values (?, ?, ?, ?, ?)
2018-08-18 08:12:06.788 DEBUG 13626 --- [    Test worker] org.hibernate.SQL                        : insert into CarStatusTable (carAvailability, carType, latitude, longitude, carId) values (?, ?, ?, ?, ?)
2018-08-18 08:12:06.789 DEBUG 13626 --- [    Test worker] org.hibernate.SQL                        : insert into CarStatusTable (carAvailability, carType, latitude, longitude, carId) values (?, ?, ?, ?, ?)
2018-08-18 08:12:06.790 DEBUG 13626 --- [    Test worker] org.hibernate.SQL                        : insert into CarStatusTable (carAvailability, carType, latitude, longitude, carId) values (?, ?, ?, ?, ?)
2018-08-18 08:12:06.793 DEBUG 13626 --- [    Test worker] org.hibernate.SQL                        : insert into CarStatusTable (carAvailability, carType, latitude, longitude, carId) values (?, ?, ?, ?, ?)
2018-08-18 08:12:06.794 DEBUG 13626 --- [    Test worker] org.hibernate.SQL                        : insert into CarStatusTable (carAvailability, carType, latitude, longitude, carId) values (?, ?, ?, ?, ?)
2018-08-18 08:12:06.795 DEBUG 13626 --- [    Test worker] org.hibernate.SQL                        : insert into CarStatusTable (carAvailability, carType, latitude, longitude, carId) values (?, ?, ?, ?, ?)
2018-08-18 08:12:06.796 DEBUG 13626 --- [    Test worker] org.hibernate.SQL                        : insert into CarStatusTable (carAvailability, carType, latitude, longitude, carId) values (?, ?, ?, ?, ?)
2018-08-18 08:12:06.798 DEBUG 13626 --- [    Test worker] org.hibernate.SQL                        : insert into CarStatusTable (carAvailability, carType, latitude, longitude, carId) values (?, ?, ?, ?, ?)
2018-08-18 08:12:06.799 DEBUG 13626 --- [    Test worker] org.hibernate.SQL                        : insert into CarStatusTable (carAvailability, carType, latitude, longitude, carId) values (?, ?, ?, ?, ?)
2018-08-18 08:12:06.801 DEBUG 13626 --- [    Test worker] org.hibernate.SQL                        : insert into CarStatusTable (carAvailability, carType, latitude, longitude, carId) values (?, ?, ?, ?, ?)
2018-08-18 08:12:06.803 DEBUG 13626 --- [    Test worker] org.hibernate.SQL                        : insert into CarStatusTable (carAvailability, carType, latitude, longitude, carId) values (?, ?, ?, ?, ?)
2018-08-18 08:12:06.825 DEBUG 13626 --- [    Test worker] org.hibernate.SQL                        : insert into CarStatusTable (carAvailability, carType, latitude, longitude, carId) values (?, ?, ?, ?, ?)
2018-08-18 08:12:06.834 DEBUG 13626 --- [    Test worker] org.hibernate.SQL                        : insert into CarStatusTable (carAvailability, carType, latitude, longitude, carId) values (?, ?, ?, ?, ?)
2018-08-18 08:12:06.836 DEBUG 13626 --- [    Test worker] org.hibernate.SQL                        : insert into CarStatusTable (carAvailability, carType, latitude, longitude, carId) values (?, ?, ?, ?, ?)
2018-08-18 08:12:06.838 DEBUG 13626 --- [    Test worker] org.hibernate.SQL                        : insert into CarStatusTable (carAvailability, carType, latitude, longitude, carId) values (?, ?, ?, ?, ?)
2018-08-18 08:12:06.842 DEBUG 13626 --- [    Test worker] org.hibernate.SQL                        : insert into CarStatusTable (carAvailability, carType, latitude, longitude, carId) values (?, ?, ?, ?, ?)
2018-08-18 08:12:06.844 DEBUG 13626 --- [    Test worker] org.hibernate.SQL                        : insert into CarStatusTable (carAvailability, carType, latitude, longitude, carId) values (?, ?, ?, ?, ?)
2018-08-18 08:12:06.846 DEBUG 13626 --- [    Test worker] org.hibernate.SQL                        : insert into CarStatusTable (carAvailability, carType, latitude, longitude, carId) values (?, ?, ?, ?, ?)
2018-08-18 08:12:06.848 DEBUG 13626 --- [    Test worker] org.hibernate.SQL                        : insert into CarStatusTable (carAvailability, carType, latitude, longitude, carId) values (?, ?, ?, ?, ?)
2018-08-18 08:12:06.849 DEBUG 13626 --- [    Test worker] org.hibernate.SQL                        : insert into CarStatusTable (carAvailability, carType, latitude, longitude, carId) values (?, ?, ?, ?, ?)
2018-08-18 08:12:06.852 DEBUG 13626 --- [    Test worker] org.hibernate.SQL                        : insert into CarStatusTable (carAvailability, carType, latitude, longitude, carId) values (?, ?, ?, ?, ?)
2018-08-18 08:12:06.855 DEBUG 13626 --- [    Test worker] org.hibernate.SQL                        : insert into CarStatusTable (carAvailability, carType, latitude, longitude, carId) values (?, ?, ?, ?, ?)
2018-08-18 08:12:06.856 DEBUG 13626 --- [    Test worker] org.hibernate.SQL                        : insert into CarStatusTable (carAvailability, carType, latitude, longitude, carId) values (?, ?, ?, ?, ?)
2018-08-18 08:12:06.858 DEBUG 13626 --- [    Test worker] org.hibernate.SQL                        : insert into CarStatusTable (carAvailability, carType, latitude, longitude, carId) values (?, ?, ?, ?, ?)
2018-08-18 08:12:06.859 DEBUG 13626 --- [    Test worker] org.hibernate.SQL                        : insert into CarStatusTable (carAvailability, carType, latitude, longitude, carId) values (?, ?, ?, ?, ?)
2018-08-18 08:12:06.870 DEBUG 13626 --- [    Test worker] org.hibernate.SQL                        : insert into CarStatusTable (carAvailability, carType, latitude, longitude, carId) values (?, ?, ?, ?, ?)
2018-08-18 08:12:06.872 DEBUG 13626 --- [    Test worker] org.hibernate.SQL                        : insert into CarStatusTable (carAvailability, carType, latitude, longitude, carId) values (?, ?, ?, ?, ?)
2018-08-18 08:12:06.879 DEBUG 13626 --- [    Test worker] org.hibernate.SQL                        : insert into CarStatusTable (carAvailability, carType, latitude, longitude, carId) values (?, ?, ?, ?, ?)
2018-08-18 08:12:06.881 DEBUG 13626 --- [    Test worker] org.hibernate.SQL                        : insert into CarStatusTable (carAvailability, carType, latitude, longitude, carId) values (?, ?, ?, ?, ?)
2018-08-18 08:12:06.886 DEBUG 13626 --- [    Test worker] org.hibernate.SQL                        : insert into CarStatusTable (carAvailability, carType, latitude, longitude, carId) values (?, ?, ?, ?, ?)
2018-08-18 08:12:06.887 DEBUG 13626 --- [    Test worker] org.hibernate.SQL                        : insert into CarStatusTable (carAvailability, carType, latitude, longitude, carId) values (?, ?, ?, ?, ?)
2018-08-18 08:12:06.896 DEBUG 13626 --- [    Test worker] org.hibernate.SQL                        : insert into CarStatusTable (carAvailability, carType, latitude, longitude, carId) values (?, ?, ?, ?, ?)
2018-08-18 08:12:06.901 DEBUG 13626 --- [    Test worker] org.hibernate.SQL                        : insert into CarStatusTable (carAvailability, carType, latitude, longitude, carId) values (?, ?, ?, ?, ?)
2018-08-18 08:12:06.902 DEBUG 13626 --- [    Test worker] org.hibernate.SQL                        : insert into CarStatusTable (carAvailability, carType, latitude, longitude, carId) values (?, ?, ?, ?, ?)
2018-08-18 08:12:06.912 DEBUG 13626 --- [    Test worker] org.hibernate.SQL                        : insert into CarStatusTable (carAvailability, carType, latitude, longitude, carId) values (?, ?, ?, ?, ?)
2018-08-18 08:12:06.914 DEBUG 13626 --- [    Test worker] org.hibernate.SQL                        : insert into CarStatusTable (carAvailability, carType, latitude, longitude, carId) values (?, ?, ?, ?, ?)
2018-08-18 08:12:06.916 DEBUG 13626 --- [    Test worker] org.hibernate.SQL                        : insert into CarStatusTable (carAvailability, carType, latitude, longitude, carId) values (?, ?, ?, ?, ?)
2018-08-18 08:12:06.918 DEBUG 13626 --- [    Test worker] org.hibernate.SQL                        : insert into CarStatusTable (carAvailability, carType, latitude, longitude, carId) values (?, ?, ?, ?, ?)
2018-08-18 08:12:06.927 DEBUG 13626 --- [    Test worker] org.hibernate.SQL                        : insert into CarStatusTable (carAvailability, carType, latitude, longitude, carId) values (?, ?, ?, ?, ?)
2018-08-18 08:12:06.930 DEBUG 13626 --- [    Test worker] org.hibernate.SQL                        : insert into CarStatusTable (carAvailability, carType, latitude, longitude, carId) values (?, ?, ?, ?, ?)
2018-08-18 08:12:06.931 DEBUG 13626 --- [    Test worker] org.hibernate.SQL                        : insert into CarStatusTable (carAvailability, carType, latitude, longitude, carId) values (?, ?, ?, ?, ?)
2018-08-18 08:12:06.933 DEBUG 13626 --- [    Test worker] org.hibernate.SQL                        : insert into CarStatusTable (carAvailability, carType, latitude, longitude, carId) values (?, ?, ?, ?, ?)
2018-08-18 08:12:06.935 DEBUG 13626 --- [    Test worker] org.hibernate.SQL                        : insert into CarStatusTable (carAvailability, carType, latitude, longitude, carId) values (?, ?, ?, ?, ?)
2018-08-18 08:12:06.937 DEBUG 13626 --- [    Test worker] org.hibernate.SQL                        : insert into CarStatusTable (carAvailability, carType, latitude, longitude, carId) values (?, ?, ?, ?, ?)
2018-08-18 08:12:06.939 DEBUG 13626 --- [    Test worker] org.hibernate.SQL                        : insert into CarStatusTable (carAvailability, carType, latitude, longitude, carId) values (?, ?, ?, ?, ?)
2018-08-18 08:12:06.941 DEBUG 13626 --- [    Test worker] org.hibernate.SQL                        : insert into CarStatusTable (carAvailability, carType, latitude, longitude, carId) values (?, ?, ?, ?, ?)
2018-08-18 08:12:06.945 DEBUG 13626 --- [    Test worker] org.hibernate.SQL                        : insert into CarStatusTable (carAvailability, carType, latitude, longitude, carId) values (?, ?, ?, ?, ?)
2018-08-18 08:12:06.947 DEBUG 13626 --- [    Test worker] org.hibernate.SQL                        : insert into CarStatusTable (carAvailability, carType, latitude, longitude, carId) values (?, ?, ?, ?, ?)
2018-08-18 08:12:06.950 DEBUG 13626 --- [    Test worker] org.hibernate.SQL                        : insert into CarStatusTable (carAvailability, carType, latitude, longitude, carId) values (?, ?, ?, ?, ?)
2018-08-18 08:12:06.952 DEBUG 13626 --- [    Test worker] org.hibernate.SQL                        : insert into CarStatusTable (carAvailability, carType, latitude, longitude, carId) values (?, ?, ?, ?, ?)
2018-08-18 08:12:06.953 DEBUG 13626 --- [    Test worker] org.hibernate.SQL                        : insert into CarStatusTable (carAvailability, carType, latitude, longitude, carId) values (?, ?, ?, ?, ?)
2018-08-18 08:12:06.954 DEBUG 13626 --- [    Test worker] org.hibernate.SQL                        : insert into CarStatusTable (carAvailability, carType, latitude, longitude, carId) values (?, ?, ?, ?, ?)
2018-08-18 08:12:06.957 DEBUG 13626 --- [    Test worker] org.hibernate.SQL                        : insert into CarStatusTable (carAvailability, carType, latitude, longitude, carId) values (?, ?, ?, ?, ?)
2018-08-18 08:12:06.958 DEBUG 13626 --- [    Test worker] org.hibernate.SQL                        : insert into CarStatusTable (carAvailability, carType, latitude, longitude, carId) values (?, ?, ?, ?, ?)
2018-08-18 08:12:06.959 DEBUG 13626 --- [    Test worker] org.hibernate.SQL                        : insert into CarStatusTable (carAvailability, carType, latitude, longitude, carId) values (?, ?, ?, ?, ?)
2018-08-18 08:12:06.961 DEBUG 13626 --- [    Test worker] org.hibernate.SQL                        : insert into CarStatusTable (carAvailability, carType, latitude, longitude, carId) values (?, ?, ?, ?, ?)
2018-08-18 08:12:06.962 DEBUG 13626 --- [    Test worker] org.hibernate.SQL                        : insert into CarStatusTable (carAvailability, carType, latitude, longitude, carId) values (?, ?, ?, ?, ?)
2018-08-18 08:12:06.963 DEBUG 13626 --- [    Test worker] org.hibernate.SQL                        : insert into CarStatusTable (carAvailability, carType, latitude, longitude, carId) values (?, ?, ?, ?, ?)
2018-08-18 08:12:06.965 DEBUG 13626 --- [    Test worker] org.hibernate.SQL                        : insert into CarStatusTable (carAvailability, carType, latitude, longitude, carId) values (?, ?, ?, ?, ?)
2018-08-18 08:12:06.968 DEBUG 13626 --- [    Test worker] org.hibernate.SQL                        : insert into CarStatusTable (carAvailability, carType, latitude, longitude, carId) values (?, ?, ?, ?, ?)
2018-08-18 08:12:06.969 DEBUG 13626 --- [    Test worker] org.hibernate.SQL                        : insert into CarStatusTable (carAvailability, carType, latitude, longitude, carId) values (?, ?, ?, ?, ?)
2018-08-18 08:12:06.973 DEBUG 13626 --- [    Test worker] org.hibernate.SQL                        : insert into CarStatusTable (carAvailability, carType, latitude, longitude, carId) values (?, ?, ?, ?, ?)
2018-08-18 08:12:06.975 DEBUG 13626 --- [    Test worker] org.hibernate.SQL                        : insert into CarStatusTable (carAvailability, carType, latitude, longitude, carId) values (?, ?, ?, ?, ?)
2018-08-18 08:12:06.978 DEBUG 13626 --- [    Test worker] org.hibernate.SQL                        : insert into CarStatusTable (carAvailability, carType, latitude, longitude, carId) values (?, ?, ?, ?, ?)
2018-08-18 08:12:06.984 DEBUG 13626 --- [    Test worker] org.hibernate.SQL                        : insert into CarStatusTable (carAvailability, carType, latitude, longitude, carId) values (?, ?, ?, ?, ?)
2018-08-18 08:12:06.985 DEBUG 13626 --- [    Test worker] org.hibernate.SQL                        : insert into CarStatusTable (carAvailability, carType, latitude, longitude, carId) values (?, ?, ?, ?, ?)
2018-08-18 08:12:06.992 DEBUG 13626 --- [    Test worker] org.hibernate.SQL                        : insert into CarStatusTable (carAvailability, carType, latitude, longitude, carId) values (?, ?, ?, ?, ?)
2018-08-18 08:12:06.995 DEBUG 13626 --- [    Test worker] org.hibernate.SQL                        : insert into CarStatusTable (carAvailability, carType, latitude, longitude, carId) values (?, ?, ?, ?, ?)
2018-08-18 08:12:07.009 DEBUG 13626 --- [    Test worker] org.hibernate.SQL                        : insert into CarStatusTable (carAvailability, carType, latitude, longitude, carId) values (?, ?, ?, ?, ?)
2018-08-18 08:12:07.011 DEBUG 13626 --- [    Test worker] org.hibernate.SQL                        : insert into CarStatusTable (carAvailability, carType, latitude, longitude, carId) values (?, ?, ?, ?, ?)
2018-08-18 08:12:07.014 DEBUG 13626 --- [    Test worker] org.hibernate.SQL                        : insert into CarStatusTable (carAvailability, carType, latitude, longitude, carId) values (?, ?, ?, ?, ?)
2018-08-18 08:12:07.015 DEBUG 13626 --- [    Test worker] org.hibernate.SQL                        : insert into CarStatusTable (carAvailability, carType, latitude, longitude, carId) values (?, ?, ?, ?, ?)
2018-08-18 08:12:07.018 DEBUG 13626 --- [    Test worker] org.hibernate.SQL                        : insert into CarStatusTable (carAvailability, carType, latitude, longitude, carId) values (?, ?, ?, ?, ?)
2018-08-18 08:12:07.024 DEBUG 13626 --- [    Test worker] org.hibernate.SQL                        : insert into CarStatusTable (carAvailability, carType, latitude, longitude, carId) values (?, ?, ?, ?, ?)
2018-08-18 08:12:07.025 DEBUG 13626 --- [    Test worker] org.hibernate.SQL                        : insert into CarStatusTable (carAvailability, carType, latitude, longitude, carId) values (?, ?, ?, ?, ?)
2018-08-18 08:12:07.026 DEBUG 13626 --- [    Test worker] org.hibernate.SQL                        : insert into CarStatusTable (carAvailability, carType, latitude, longitude, carId) values (?, ?, ?, ?, ?)
2018-08-18 08:12:07.027 DEBUG 13626 --- [    Test worker] org.hibernate.SQL                        : insert into CarStatusTable (carAvailability, carType, latitude, longitude, carId) values (?, ?, ?, ?, ?)
2018-08-18 08:12:07.029 DEBUG 13626 --- [    Test worker] org.hibernate.SQL                        : insert into CarStatusTable (carAvailability, carType, latitude, longitude, carId) values (?, ?, ?, ?, ?)
2018-08-18 08:12:07.030 DEBUG 13626 --- [    Test worker] org.hibernate.SQL                        : insert into CarStatusTable (carAvailability, carType, latitude, longitude, carId) values (?, ?, ?, ?, ?)
2018-08-18 08:12:07.031 DEBUG 13626 --- [    Test worker] org.hibernate.SQL                        : insert into CarStatusTable (carAvailability, carType, latitude, longitude, carId) values (?, ?, ?, ?, ?)
2018-08-18 08:12:07.032 DEBUG 13626 --- [    Test worker] org.hibernate.SQL                        : insert into CarStatusTable (carAvailability, carType, latitude, longitude, carId) values (?, ?, ?, ?, ?)
2018-08-18 08:12:07.033 DEBUG 13626 --- [    Test worker] org.hibernate.SQL                        : insert into CarStatusTable (carAvailability, carType, latitude, longitude, carId) values (?, ?, ?, ?, ?)
2018-08-18 08:12:07.034 DEBUG 13626 --- [    Test worker] org.hibernate.SQL                        : insert into CarStatusTable (carAvailability, carType, latitude, longitude, carId) values (?, ?, ?, ?, ?)
2018-08-18 08:12:07.035 DEBUG 13626 --- [    Test worker] org.hibernate.SQL                        : insert into CarStatusTable (carAvailability, carType, latitude, longitude, carId) values (?, ?, ?, ?, ?)
2018-08-18 08:12:07.036 DEBUG 13626 --- [    Test worker] org.hibernate.SQL                        : insert into CarStatusTable (carAvailability, carType, latitude, longitude, carId) values (?, ?, ?, ?, ?)
2018-08-18 08:12:07.038 DEBUG 13626 --- [    Test worker] org.hibernate.SQL                        : insert into CarStatusTable (carAvailability, carType, latitude, longitude, carId) values (?, ?, ?, ?, ?)
2018-08-18 08:12:07.052 DEBUG 13626 --- [    Test worker] org.hibernate.SQL                        : insert into CarStatusTable (carAvailability, carType, latitude, longitude, carId) values (?, ?, ?, ?, ?)
2018-08-18 08:12:07.056 DEBUG 13626 --- [    Test worker] org.hibernate.SQL                        : insert into CarStatusTable (carAvailability, carType, latitude, longitude, carId) values (?, ?, ?, ?, ?)
2018-08-18 08:12:07.058 DEBUG 13626 --- [    Test worker] org.hibernate.SQL                        : insert into CarStatusTable (carAvailability, carType, latitude, longitude, carId) values (?, ?, ?, ?, ?)
2018-08-18 08:12:07.060 DEBUG 13626 --- [    Test worker] org.hibernate.SQL                        : insert into CarStatusTable (carAvailability, carType, latitude, longitude, carId) values (?, ?, ?, ?, ?)
2018-08-18 08:12:07.062 DEBUG 13626 --- [    Test worker] org.hibernate.SQL                        : insert into CarStatusTable (carAvailability, carType, latitude, longitude, carId) values (?, ?, ?, ?, ?)
2018-08-18 08:12:07.063 DEBUG 13626 --- [    Test worker] org.hibernate.SQL                        : insert into CarStatusTable (carAvailability, carType, latitude, longitude, carId) values (?, ?, ?, ?, ?)
2018-08-18 08:12:07.065 DEBUG 13626 --- [    Test worker] org.hibernate.SQL                        : insert into CarStatusTable (carAvailability, carType, latitude, longitude, carId) values (?, ?, ?, ?, ?)
2018-08-18 08:12:07.066 DEBUG 13626 --- [    Test worker] org.hibernate.SQL                        : insert into CarStatusTable (carAvailability, carType, latitude, longitude, carId) values (?, ?, ?, ?, ?)
2018-08-18 08:12:07.067 DEBUG 13626 --- [    Test worker] org.hibernate.SQL                        : insert into CarStatusTable (carAvailability, carType, latitude, longitude, carId) values (?, ?, ?, ?, ?)
2018-08-18 08:12:07.068 DEBUG 13626 --- [    Test worker] org.hibernate.SQL                        : insert into CarStatusTable (carAvailability, carType, latitude, longitude, carId) values (?, ?, ?, ?, ?)
2018-08-18 08:12:07.070 DEBUG 13626 --- [    Test worker] org.hibernate.SQL                        : insert into CarStatusTable (carAvailability, carType, latitude, longitude, carId) values (?, ?, ?, ?, ?)
2018-08-18 08:12:07.071 DEBUG 13626 --- [    Test worker] org.hibernate.SQL                        : insert into CarStatusTable (carAvailability, carType, latitude, longitude, carId) values (?, ?, ?, ?, ?)
2018-08-18 08:12:07.072 DEBUG 13626 --- [    Test worker] org.hibernate.SQL                        : insert into CarStatusTable (carAvailability, carType, latitude, longitude, carId) values (?, ?, ?, ?, ?)
2018-08-18 08:12:07.074 DEBUG 13626 --- [    Test worker] org.hibernate.SQL                        : insert into CarStatusTable (carAvailability, carType, latitude, longitude, carId) values (?, ?, ?, ?, ?)
2018-08-18 08:12:07.075 DEBUG 13626 --- [    Test worker] org.hibernate.SQL                        : insert into CarStatusTable (carAvailability, carType, latitude, longitude, carId) values (?, ?, ?, ?, ?)
2018-08-18 08:12:07.076 DEBUG 13626 --- [    Test worker] org.hibernate.SQL                        : insert into CarStatusTable (carAvailability, carType, latitude, longitude, carId) values (?, ?, ?, ?, ?)
2018-08-18 08:12:07.077 DEBUG 13626 --- [    Test worker] org.hibernate.SQL                        : insert into CarStatusTable (carAvailability, carType, latitude, longitude, carId) values (?, ?, ?, ?, ?)
2018-08-18 08:12:07.080 DEBUG 13626 --- [    Test worker] org.hibernate.SQL                        : insert into CarStatusTable (carAvailability, carType, latitude, longitude, carId) values (?, ?, ?, ?, ?)
2018-08-18 08:12:07.082 DEBUG 13626 --- [    Test worker] org.hibernate.SQL                        : insert into CarStatusTable (carAvailability, carType, latitude, longitude, carId) values (?, ?, ?, ?, ?)
2018-08-18 08:12:07.084 DEBUG 13626 --- [    Test worker] org.hibernate.SQL                        : insert into CarStatusTable (carAvailability, carType, latitude, longitude, carId) values (?, ?, ?, ?, ?)
2018-08-18 08:12:07.091 DEBUG 13626 --- [    Test worker] org.hibernate.SQL                        : insert into CarStatusTable (carAvailability, carType, latitude, longitude, carId) values (?, ?, ?, ?, ?)
2018-08-18 08:12:07.095 DEBUG 13626 --- [    Test worker] org.hibernate.SQL                        : insert into CarStatusTable (carAvailability, carType, latitude, longitude, carId) values (?, ?, ?, ?, ?)
2018-08-18 08:12:07.103 DEBUG 13626 --- [    Test worker] org.hibernate.SQL                        : insert into CarStatusTable (carAvailability, carType, latitude, longitude, carId) values (?, ?, ?, ?, ?)
2018-08-18 08:12:07.110 DEBUG 13626 --- [    Test worker] org.hibernate.SQL                        : insert into CarStatusTable (carAvailability, carType, latitude, longitude, carId) values (?, ?, ?, ?, ?)
2018-08-18 08:12:07.115 DEBUG 13626 --- [    Test worker] org.hibernate.SQL                        : insert into CarStatusTable (carAvailability, carType, latitude, longitude, carId) values (?, ?, ?, ?, ?)
2018-08-18 08:12:07.117 DEBUG 13626 --- [    Test worker] org.hibernate.SQL                        : insert into CarStatusTable (carAvailability, carType, latitude, longitude, carId) values (?, ?, ?, ?, ?)
2018-08-18 08:12:07.120 DEBUG 13626 --- [    Test worker] org.hibernate.SQL                        : insert into CarStatusTable (carAvailability, carType, latitude, longitude, carId) values (?, ?, ?, ?, ?)
2018-08-18 08:12:07.121 DEBUG 13626 --- [    Test worker] org.hibernate.SQL                        : insert into CarStatusTable (carAvailability, carType, latitude, longitude, carId) values (?, ?, ?, ?, ?)
2018-08-18 08:12:07.123 DEBUG 13626 --- [    Test worker] org.hibernate.SQL                        : insert into CarStatusTable (carAvailability, carType, latitude, longitude, carId) values (?, ?, ?, ?, ?)
2018-08-18 08:12:07.124 DEBUG 13626 --- [    Test worker] org.hibernate.SQL                        : insert into CarStatusTable (carAvailability, carType, latitude, longitude, carId) values (?, ?, ?, ?, ?)
2018-08-18 08:12:07.129 DEBUG 13626 --- [    Test worker] org.hibernate.SQL                        : insert into CarStatusTable (carAvailability, carType, latitude, longitude, carId) values (?, ?, ?, ?, ?)
2018-08-18 08:12:07.131 DEBUG 13626 --- [    Test worker] org.hibernate.SQL                        : insert into CarStatusTable (carAvailability, carType, latitude, longitude, carId) values (?, ?, ?, ?, ?)
2018-08-18 08:12:07.134 DEBUG 13626 --- [    Test worker] org.hibernate.SQL                        : insert into CarStatusTable (carAvailability, carType, latitude, longitude, carId) values (?, ?, ?, ?, ?)
2018-08-18 08:12:07.135 DEBUG 13626 --- [    Test worker] org.hibernate.SQL                        : insert into CarStatusTable (carAvailability, carType, latitude, longitude, carId) values (?, ?, ?, ?, ?)
2018-08-18 08:12:07.136 DEBUG 13626 --- [    Test worker] org.hibernate.SQL                        : insert into CarStatusTable (carAvailability, carType, latitude, longitude, carId) values (?, ?, ?, ?, ?)
2018-08-18 08:12:07.138 DEBUG 13626 --- [    Test worker] org.hibernate.SQL                        : insert into CarStatusTable (carAvailability, carType, latitude, longitude, carId) values (?, ?, ?, ?, ?)
2018-08-18 08:12:07.139 DEBUG 13626 --- [    Test worker] org.hibernate.SQL                        : insert into CarStatusTable (carAvailability, carType, latitude, longitude, carId) values (?, ?, ?, ?, ?)
2018-08-18 08:12:07.140 DEBUG 13626 --- [    Test worker] org.hibernate.SQL                        : insert into CarStatusTable (carAvailability, carType, latitude, longitude, carId) values (?, ?, ?, ?, ?)
2018-08-18 08:12:07.141 DEBUG 13626 --- [    Test worker] org.hibernate.SQL                        : insert into CarStatusTable (carAvailability, carType, latitude, longitude, carId) values (?, ?, ?, ?, ?)
2018-08-18 08:12:07.142 DEBUG 13626 --- [    Test worker] org.hibernate.SQL                        : insert into CarStatusTable (carAvailability, carType, latitude, longitude, carId) values (?, ?, ?, ?, ?)
2018-08-18 08:12:07.143 DEBUG 13626 --- [    Test worker] org.hibernate.SQL                        : insert into CarStatusTable (carAvailability, carType, latitude, longitude, carId) values (?, ?, ?, ?, ?)
2018-08-18 08:12:07.147 DEBUG 13626 --- [    Test worker] org.hibernate.SQL                        : insert into CarStatusTable (carAvailability, carType, latitude, longitude, carId) values (?, ?, ?, ?, ?)
2018-08-18 08:12:07.150 DEBUG 13626 --- [    Test worker] org.hibernate.SQL                        : insert into CarStatusTable (carAvailability, carType, latitude, longitude, carId) values (?, ?, ?, ?, ?)
2018-08-18 08:12:07.152 DEBUG 13626 --- [    Test worker] org.hibernate.SQL                        : insert into CarStatusTable (carAvailability, carType, latitude, longitude, carId) values (?, ?, ?, ?, ?)
2018-08-18 08:12:07.158 DEBUG 13626 --- [    Test worker] org.hibernate.SQL                        : insert into CarStatusTable (carAvailability, carType, latitude, longitude, carId) values (?, ?, ?, ?, ?)
2018-08-18 08:12:07.166 DEBUG 13626 --- [    Test worker] org.hibernate.SQL                        : insert into CarStatusTable (carAvailability, carType, latitude, longitude, carId) values (?, ?, ?, ?, ?)
2018-08-18 08:12:07.171 DEBUG 13626 --- [    Test worker] org.hibernate.SQL                        : insert into CarStatusTable (carAvailability, carType, latitude, longitude, carId) values (?, ?, ?, ?, ?)
2018-08-18 08:12:07.176 DEBUG 13626 --- [    Test worker] org.hibernate.SQL                        : insert into CarStatusTable (carAvailability, carType, latitude, longitude, carId) values (?, ?, ?, ?, ?)
2018-08-18 08:12:07.182 DEBUG 13626 --- [    Test worker] org.hibernate.SQL                        : insert into CarStatusTable (carAvailability, carType, latitude, longitude, carId) values (?, ?, ?, ?, ?)
2018-08-18 08:12:07.184 DEBUG 13626 --- [    Test worker] org.hibernate.SQL                        : insert into CarStatusTable (carAvailability, carType, latitude, longitude, carId) values (?, ?, ?, ?, ?)
2018-08-18 08:12:07.186 DEBUG 13626 --- [    Test worker] org.hibernate.SQL                        : insert into CarStatusTable (carAvailability, carType, latitude, longitude, carId) values (?, ?, ?, ?, ?)
2018-08-18 08:12:07.193 DEBUG 13626 --- [    Test worker] org.hibernate.SQL                        : insert into CarStatusTable (carAvailability, carType, latitude, longitude, carId) values (?, ?, ?, ?, ?)
2018-08-18 08:12:07.196 DEBUG 13626 --- [    Test worker] org.hibernate.SQL                        : insert into CarStatusTable (carAvailability, carType, latitude, longitude, carId) values (?, ?, ?, ?, ?)
2018-08-18 08:12:07.203 DEBUG 13626 --- [    Test worker] org.hibernate.SQL                        : insert into CarStatusTable (carAvailability, carType, latitude, longitude, carId) values (?, ?, ?, ?, ?)
2018-08-18 08:12:07.205 DEBUG 13626 --- [    Test worker] org.hibernate.SQL                        : insert into CarStatusTable (carAvailability, carType, latitude, longitude, carId) values (?, ?, ?, ?, ?)
2018-08-18 08:12:07.207 DEBUG 13626 --- [    Test worker] org.hibernate.SQL                        : insert into CarStatusTable (carAvailability, carType, latitude, longitude, carId) values (?, ?, ?, ?, ?)
2018-08-18 08:12:07.210 DEBUG 13626 --- [    Test worker] org.hibernate.SQL                        : insert into CarStatusTable (carAvailability, carType, latitude, longitude, carId) values (?, ?, ?, ?, ?)
2018-08-18 08:12:07.218 DEBUG 13626 --- [    Test worker] org.hibernate.SQL                        : insert into CarStatusTable (carAvailability, carType, latitude, longitude, carId) values (?, ?, ?, ?, ?)
2018-08-18 08:12:07.226 DEBUG 13626 --- [    Test worker] org.hibernate.SQL                        : insert into CarStatusTable (carAvailability, carType, latitude, longitude, carId) values (?, ?, ?, ?, ?)
2018-08-18 08:12:07.233 DEBUG 13626 --- [    Test worker] org.hibernate.SQL                        : insert into CarStatusTable (carAvailability, carType, latitude, longitude, carId) values (?, ?, ?, ?, ?)
2018-08-18 08:12:07.236 DEBUG 13626 --- [    Test worker] org.hibernate.SQL                        : insert into CarStatusTable (carAvailability, carType, latitude, longitude, carId) values (?, ?, ?, ?, ?)
2018-08-18 08:12:07.241 DEBUG 13626 --- [    Test worker] org.hibernate.SQL                        : insert into CarStatusTable (carAvailability, carType, latitude, longitude, carId) values (?, ?, ?, ?, ?)
2018-08-18 08:12:07.248 DEBUG 13626 --- [    Test worker] org.hibernate.SQL                        : insert into CarStatusTable (carAvailability, carType, latitude, longitude, carId) values (?, ?, ?, ?, ?)
2018-08-18 08:12:07.256 DEBUG 13626 --- [    Test worker] org.hibernate.SQL                        : insert into CarStatusTable (carAvailability, carType, latitude, longitude, carId) values (?, ?, ?, ?, ?)
2018-08-18 08:12:07.259 DEBUG 13626 --- [    Test worker] org.hibernate.SQL                        : insert into CarStatusTable (carAvailability, carType, latitude, longitude, carId) values (?, ?, ?, ?, ?)
2018-08-18 08:12:07.268 DEBUG 13626 --- [    Test worker] org.hibernate.SQL                        : insert into CarStatusTable (carAvailability, carType, latitude, longitude, carId) values (?, ?, ?, ?, ?)
2018-08-18 08:12:07.272 DEBUG 13626 --- [    Test worker] org.hibernate.SQL                        : insert into CarStatusTable (carAvailability, carType, latitude, longitude, carId) values (?, ?, ?, ?, ?)
2018-08-18 08:12:07.278 DEBUG 13626 --- [    Test worker] org.hibernate.SQL                        : insert into CarStatusTable (carAvailability, carType, latitude, longitude, carId) values (?, ?, ?, ?, ?)
2018-08-18 08:12:07.281 DEBUG 13626 --- [    Test worker] org.hibernate.SQL                        : insert into CarStatusTable (carAvailability, carType, latitude, longitude, carId) values (?, ?, ?, ?, ?)
2018-08-18 08:12:07.285 DEBUG 13626 --- [    Test worker] org.hibernate.SQL                        : insert into CarStatusTable (carAvailability, carType, latitude, longitude, carId) values (?, ?, ?, ?, ?)
2018-08-18 08:12:07.288 DEBUG 13626 --- [    Test worker] org.hibernate.SQL                        : insert into CarStatusTable (carAvailability, carType, latitude, longitude, carId) values (?, ?, ?, ?, ?)
2018-08-18 08:12:07.291 DEBUG 13626 --- [    Test worker] org.hibernate.SQL                        : insert into CarStatusTable (carAvailability, carType, latitude, longitude, carId) values (?, ?, ?, ?, ?)
2018-08-18 08:12:07.295 DEBUG 13626 --- [    Test worker] org.hibernate.SQL                        : insert into CarStatusTable (carAvailability, carType, latitude, longitude, carId) values (?, ?, ?, ?, ?)
2018-08-18 08:12:07.298 DEBUG 13626 --- [    Test worker] org.hibernate.SQL                        : insert into CarStatusTable (carAvailability, carType, latitude, longitude, carId) values (?, ?, ?, ?, ?)
2018-08-18 08:12:07.301 DEBUG 13626 --- [    Test worker] org.hibernate.SQL                        : insert into CarStatusTable (carAvailability, carType, latitude, longitude, carId) values (?, ?, ?, ?, ?)
2018-08-18 08:12:07.317 DEBUG 13626 --- [    Test worker] org.hibernate.SQL                        : insert into CarStatusTable (carAvailability, carType, latitude, longitude, carId) values (?, ?, ?, ?, ?)
2018-08-18 08:12:07.319 DEBUG 13626 --- [    Test worker] org.hibernate.SQL                        : insert into CarStatusTable (carAvailability, carType, latitude, longitude, carId) values (?, ?, ?, ?, ?)
2018-08-18 08:12:07.322 DEBUG 13626 --- [    Test worker] org.hibernate.SQL                        : insert into CarStatusTable (carAvailability, carType, latitude, longitude, carId) values (?, ?, ?, ?, ?)
2018-08-18 08:12:07.327 DEBUG 13626 --- [    Test worker] org.hibernate.SQL                        : insert into CarStatusTable (carAvailability, carType, latitude, longitude, carId) values (?, ?, ?, ?, ?)
2018-08-18 08:12:07.328 DEBUG 13626 --- [    Test worker] org.hibernate.SQL                        : insert into CarStatusTable (carAvailability, carType, latitude, longitude, carId) values (?, ?, ?, ?, ?)
2018-08-18 08:12:07.329 DEBUG 13626 --- [    Test worker] org.hibernate.SQL                        : insert into CarStatusTable (carAvailability, carType, latitude, longitude, carId) values (?, ?, ?, ?, ?)
2018-08-18 08:12:07.330 DEBUG 13626 --- [    Test worker] org.hibernate.SQL                        : insert into CarStatusTable (carAvailability, carType, latitude, longitude, carId) values (?, ?, ?, ?, ?)
2018-08-18 08:12:07.335 DEBUG 13626 --- [    Test worker] org.hibernate.SQL                        : insert into CarStatusTable (carAvailability, carType, latitude, longitude, carId) values (?, ?, ?, ?, ?)
2018-08-18 08:12:07.337 DEBUG 13626 --- [    Test worker] org.hibernate.SQL                        : insert into CarStatusTable (carAvailability, carType, latitude, longitude, carId) values (?, ?, ?, ?, ?)
2018-08-18 08:12:07.339 DEBUG 13626 --- [    Test worker] org.hibernate.SQL                        : insert into CarStatusTable (carAvailability, carType, latitude, longitude, carId) values (?, ?, ?, ?, ?)
2018-08-18 08:12:07.340 DEBUG 13626 --- [    Test worker] org.hibernate.SQL                        : insert into CarStatusTable (carAvailability, carType, latitude, longitude, carId) values (?, ?, ?, ?, ?)
2018-08-18 08:12:07.341 DEBUG 13626 --- [    Test worker] org.hibernate.SQL                        : insert into CarStatusTable (carAvailability, carType, latitude, longitude, carId) values (?, ?, ?, ?, ?)
2018-08-18 08:12:07.342 DEBUG 13626 --- [    Test worker] org.hibernate.SQL                        : insert into CarStatusTable (carAvailability, carType, latitude, longitude, carId) values (?, ?, ?, ?, ?)
2018-08-18 08:12:07.347 DEBUG 13626 --- [    Test worker] org.hibernate.SQL                        : insert into CarStatusTable (carAvailability, carType, latitude, longitude, carId) values (?, ?, ?, ?, ?)
2018-08-18 08:12:07.350 DEBUG 13626 --- [    Test worker] org.hibernate.SQL                        : insert into CarStatusTable (carAvailability, carType, latitude, longitude, carId) values (?, ?, ?, ?, ?)
2018-08-18 08:12:07.352 DEBUG 13626 --- [    Test worker] org.hibernate.SQL                        : insert into CarStatusTable (carAvailability, carType, latitude, longitude, carId) values (?, ?, ?, ?, ?)
2018-08-18 08:12:07.353 DEBUG 13626 --- [    Test worker] org.hibernate.SQL                        : insert into CarStatusTable (carAvailability, carType, latitude, longitude, carId) values (?, ?, ?, ?, ?)
2018-08-18 08:12:07.360 DEBUG 13626 --- [    Test worker] org.hibernate.SQL                        : insert into CarStatusTable (carAvailability, carType, latitude, longitude, carId) values (?, ?, ?, ?, ?)
2018-08-18 08:12:07.362 DEBUG 13626 --- [    Test worker] org.hibernate.SQL                        : insert into CarStatusTable (carAvailability, carType, latitude, longitude, carId) values (?, ?, ?, ?, ?)
2018-08-18 08:12:07.364 DEBUG 13626 --- [    Test worker] org.hibernate.SQL                        : insert into CarStatusTable (carAvailability, carType, latitude, longitude, carId) values (?, ?, ?, ?, ?)
2018-08-18 08:12:07.366 DEBUG 13626 --- [    Test worker] org.hibernate.SQL                        : insert into CarStatusTable (carAvailability, carType, latitude, longitude, carId) values (?, ?, ?, ?, ?)
2018-08-18 08:12:07.368 DEBUG 13626 --- [    Test worker] org.hibernate.SQL                        : insert into CarStatusTable (carAvailability, carType, latitude, longitude, carId) values (?, ?, ?, ?, ?)
2018-08-18 08:12:07.370 DEBUG 13626 --- [    Test worker] org.hibernate.SQL                        : insert into CarStatusTable (carAvailability, carType, latitude, longitude, carId) values (?, ?, ?, ?, ?)
2018-08-18 08:12:07.371 DEBUG 13626 --- [    Test worker] org.hibernate.SQL                        : insert into CarStatusTable (carAvailability, carType, latitude, longitude, carId) values (?, ?, ?, ?, ?)
2018-08-18 08:12:07.373 DEBUG 13626 --- [    Test worker] org.hibernate.SQL                        : insert into CarStatusTable (carAvailability, carType, latitude, longitude, carId) values (?, ?, ?, ?, ?)
2018-08-18 08:12:07.374 DEBUG 13626 --- [    Test worker] org.hibernate.SQL                        : insert into CarStatusTable (carAvailability, carType, latitude, longitude, carId) values (?, ?, ?, ?, ?)
2018-08-18 08:12:07.376 DEBUG 13626 --- [    Test worker] org.hibernate.SQL                        : insert into CarStatusTable (carAvailability, carType, latitude, longitude, carId) values (?, ?, ?, ?, ?)
2018-08-18 08:12:07.378 DEBUG 13626 --- [    Test worker] org.hibernate.SQL                        : insert into CarStatusTable (carAvailability, carType, latitude, longitude, carId) values (?, ?, ?, ?, ?)
2018-08-18 08:12:07.379 DEBUG 13626 --- [    Test worker] org.hibernate.SQL                        : insert into CarStatusTable (carAvailability, carType, latitude, longitude, carId) values (?, ?, ?, ?, ?)
2018-08-18 08:12:07.381 DEBUG 13626 --- [    Test worker] org.hibernate.SQL                        : insert into CarStatusTable (carAvailability, carType, latitude, longitude, carId) values (?, ?, ?, ?, ?)
2018-08-18 08:12:07.382 DEBUG 13626 --- [    Test worker] org.hibernate.SQL                        : insert into CarStatusTable (carAvailability, carType, latitude, longitude, carId) values (?, ?, ?, ?, ?)
2018-08-18 08:12:07.383 DEBUG 13626 --- [    Test worker] org.hibernate.SQL                        : insert into CarStatusTable (carAvailability, carType, latitude, longitude, carId) values (?, ?, ?, ?, ?)
2018-08-18 08:12:07.385 DEBUG 13626 --- [    Test worker] org.hibernate.SQL                        : insert into CarStatusTable (carAvailability, carType, latitude, longitude, carId) values (?, ?, ?, ?, ?)
2018-08-18 08:12:07.386 DEBUG 13626 --- [    Test worker] org.hibernate.SQL                        : insert into CarStatusTable (carAvailability, carType, latitude, longitude, carId) values (?, ?, ?, ?, ?)
2018-08-18 08:12:07.387 DEBUG 13626 --- [    Test worker] org.hibernate.SQL                        : insert into CarStatusTable (carAvailability, carType, latitude, longitude, carId) values (?, ?, ?, ?, ?)
2018-08-18 08:12:07.389 DEBUG 13626 --- [    Test worker] org.hibernate.SQL                        : insert into CarStatusTable (carAvailability, carType, latitude, longitude, carId) values (?, ?, ?, ?, ?)
2018-08-18 08:12:07.390 DEBUG 13626 --- [    Test worker] org.hibernate.SQL                        : insert into CarStatusTable (carAvailability, carType, latitude, longitude, carId) values (?, ?, ?, ?, ?)
2018-08-18 08:12:07.391 DEBUG 13626 --- [    Test worker] org.hibernate.SQL                        : insert into CarStatusTable (carAvailability, carType, latitude, longitude, carId) values (?, ?, ?, ?, ?)
2018-08-18 08:12:07.392 DEBUG 13626 --- [    Test worker] org.hibernate.SQL                        : insert into CarStatusTable (carAvailability, carType, latitude, longitude, carId) values (?, ?, ?, ?, ?)
2018-08-18 08:12:07.393 DEBUG 13626 --- [    Test worker] org.hibernate.SQL                        : insert into CarStatusTable (carAvailability, carType, latitude, longitude, carId) values (?, ?, ?, ?, ?)
2018-08-18 08:12:07.394 DEBUG 13626 --- [    Test worker] org.hibernate.SQL                        : insert into CarStatusTable (carAvailability, carType, latitude, longitude, carId) values (?, ?, ?, ?, ?)
2018-08-18 08:12:07.395 DEBUG 13626 --- [    Test worker] org.hibernate.SQL                        : insert into CarStatusTable (carAvailability, carType, latitude, longitude, carId) values (?, ?, ?, ?, ?)
2018-08-18 08:12:07.396 DEBUG 13626 --- [    Test worker] org.hibernate.SQL                        : insert into CarStatusTable (carAvailability, carType, latitude, longitude, carId) values (?, ?, ?, ?, ?)
2018-08-18 08:12:07.397 DEBUG 13626 --- [    Test worker] org.hibernate.SQL                        : insert into CarStatusTable (carAvailability, carType, latitude, longitude, carId) values (?, ?, ?, ?, ?)
2018-08-18 08:12:07.399 DEBUG 13626 --- [    Test worker] org.hibernate.SQL                        : insert into CarStatusTable (carAvailability, carType, latitude, longitude, carId) values (?, ?, ?, ?, ?)
2018-08-18 08:12:07.401 DEBUG 13626 --- [    Test worker] org.hibernate.SQL                        : insert into CarStatusTable (carAvailability, carType, latitude, longitude, carId) values (?, ?, ?, ?, ?)
2018-08-18 08:12:07.402 DEBUG 13626 --- [    Test worker] org.hibernate.SQL                        : insert into CarStatusTable (carAvailability, carType, latitude, longitude, carId) values (?, ?, ?, ?, ?)
2018-08-18 08:12:07.404 DEBUG 13626 --- [    Test worker] org.hibernate.SQL                        : insert into CarStatusTable (carAvailability, carType, latitude, longitude, carId) values (?, ?, ?, ?, ?)
2018-08-18 08:12:07.405 DEBUG 13626 --- [    Test worker] org.hibernate.SQL                        : insert into CarStatusTable (carAvailability, carType, latitude, longitude, carId) values (?, ?, ?, ?, ?)
2018-08-18 08:12:07.406 DEBUG 13626 --- [    Test worker] org.hibernate.SQL                        : insert into CarStatusTable (carAvailability, carType, latitude, longitude, carId) values (?, ?, ?, ?, ?)
2018-08-18 08:12:07.408 DEBUG 13626 --- [    Test worker] org.hibernate.SQL                        : insert into CarStatusTable (carAvailability, carType, latitude, longitude, carId) values (?, ?, ?, ?, ?)
2018-08-18 08:12:07.409 DEBUG 13626 --- [    Test worker] org.hibernate.SQL                        : insert into CarStatusTable (carAvailability, carType, latitude, longitude, carId) values (?, ?, ?, ?, ?)
2018-08-18 08:12:07.410 DEBUG 13626 --- [    Test worker] org.hibernate.SQL                        : insert into CarStatusTable (carAvailability, carType, latitude, longitude, carId) values (?, ?, ?, ?, ?)
2018-08-18 08:12:07.411 DEBUG 13626 --- [    Test worker] org.hibernate.SQL                        : insert into CarStatusTable (carAvailability, carType, latitude, longitude, carId) values (?, ?, ?, ?, ?)
2018-08-18 08:12:07.413 DEBUG 13626 --- [    Test worker] org.hibernate.SQL                        : insert into CarStatusTable (carAvailability, carType, latitude, longitude, carId) values (?, ?, ?, ?, ?)
2018-08-18 08:12:07.415 DEBUG 13626 --- [    Test worker] org.hibernate.SQL                        : insert into CarStatusTable (carAvailability, carType, latitude, longitude, carId) values (?, ?, ?, ?, ?)
2018-08-18 08:12:07.416 DEBUG 13626 --- [    Test worker] org.hibernate.SQL                        : insert into CarStatusTable (carAvailability, carType, latitude, longitude, carId) values (?, ?, ?, ?, ?)
2018-08-18 08:12:07.417 DEBUG 13626 --- [    Test worker] org.hibernate.SQL                        : insert into CarStatusTable (carAvailability, carType, latitude, longitude, carId) values (?, ?, ?, ?, ?)
2018-08-18 08:12:07.418 DEBUG 13626 --- [    Test worker] org.hibernate.SQL                        : insert into CarStatusTable (carAvailability, carType, latitude, longitude, carId) values (?, ?, ?, ?, ?)
2018-08-18 08:12:07.420 DEBUG 13626 --- [    Test worker] org.hibernate.SQL                        : insert into CarStatusTable (carAvailability, carType, latitude, longitude, carId) values (?, ?, ?, ?, ?)
2018-08-18 08:12:07.421 DEBUG 13626 --- [    Test worker] org.hibernate.SQL                        : insert into CarStatusTable (carAvailability, carType, latitude, longitude, carId) values (?, ?, ?, ?, ?)
2018-08-18 08:12:07.422 DEBUG 13626 --- [    Test worker] org.hibernate.SQL                        : insert into CarStatusTable (carAvailability, carType, latitude, longitude, carId) values (?, ?, ?, ?, ?)
2018-08-18 08:12:07.423 DEBUG 13626 --- [    Test worker] org.hibernate.SQL                        : insert into CarStatusTable (carAvailability, carType, latitude, longitude, carId) values (?, ?, ?, ?, ?)
2018-08-18 08:12:07.428 DEBUG 13626 --- [    Test worker] org.hibernate.SQL                        : insert into CarStatusTable (carAvailability, carType, latitude, longitude, carId) values (?, ?, ?, ?, ?)
2018-08-18 08:12:07.432 DEBUG 13626 --- [    Test worker] org.hibernate.SQL                        : insert into CarStatusTable (carAvailability, carType, latitude, longitude, carId) values (?, ?, ?, ?, ?)
2018-08-18 08:12:07.435 DEBUG 13626 --- [    Test worker] org.hibernate.SQL                        : insert into CarStatusTable (carAvailability, carType, latitude, longitude, carId) values (?, ?, ?, ?, ?)
2018-08-18 08:12:07.438 DEBUG 13626 --- [    Test worker] org.hibernate.SQL                        : insert into CarStatusTable (carAvailability, carType, latitude, longitude, carId) values (?, ?, ?, ?, ?)
2018-08-18 08:12:07.443 DEBUG 13626 --- [    Test worker] org.hibernate.SQL                        : insert into CarStatusTable (carAvailability, carType, latitude, longitude, carId) values (?, ?, ?, ?, ?)
2018-08-18 08:12:07.448 DEBUG 13626 --- [    Test worker] org.hibernate.SQL                        : insert into CarStatusTable (carAvailability, carType, latitude, longitude, carId) values (?, ?, ?, ?, ?)
2018-08-18 08:12:07.452 DEBUG 13626 --- [    Test worker] org.hibernate.SQL                        : insert into CarStatusTable (carAvailability, carType, latitude, longitude, carId) values (?, ?, ?, ?, ?)
2018-08-18 08:12:07.453 DEBUG 13626 --- [    Test worker] org.hibernate.SQL                        : insert into CarStatusTable (carAvailability, carType, latitude, longitude, carId) values (?, ?, ?, ?, ?)
2018-08-18 08:12:07.456 DEBUG 13626 --- [    Test worker] org.hibernate.SQL                        : insert into CarStatusTable (carAvailability, carType, latitude, longitude, carId) values (?, ?, ?, ?, ?)
2018-08-18 08:12:07.458 DEBUG 13626 --- [    Test worker] org.hibernate.SQL                        : insert into CarStatusTable (carAvailability, carType, latitude, longitude, carId) values (?, ?, ?, ?, ?)
2018-08-18 08:12:07.466 DEBUG 13626 --- [    Test worker] org.hibernate.SQL                        : insert into CarStatusTable (carAvailability, carType, latitude, longitude, carId) values (?, ?, ?, ?, ?)
2018-08-18 08:12:07.468 DEBUG 13626 --- [    Test worker] org.hibernate.SQL                        : insert into CarStatusTable (carAvailability, carType, latitude, longitude, carId) values (?, ?, ?, ?, ?)
2018-08-18 08:12:07.469 DEBUG 13626 --- [    Test worker] org.hibernate.SQL                        : insert into CarStatusTable (carAvailability, carType, latitude, longitude, carId) values (?, ?, ?, ?, ?)
2018-08-18 08:12:07.471 DEBUG 13626 --- [    Test worker] org.hibernate.SQL                        : insert into CarStatusTable (carAvailability, carType, latitude, longitude, carId) values (?, ?, ?, ?, ?)
2018-08-18 08:12:07.478 DEBUG 13626 --- [    Test worker] org.hibernate.SQL                        : insert into CarStatusTable (carAvailability, carType, latitude, longitude, carId) values (?, ?, ?, ?, ?)
2018-08-18 08:12:07.483 DEBUG 13626 --- [    Test worker] org.hibernate.SQL                        : insert into CarStatusTable (carAvailability, carType, latitude, longitude, carId) values (?, ?, ?, ?, ?)
2018-08-18 08:12:07.487 DEBUG 13626 --- [    Test worker] org.hibernate.SQL                        : insert into CarStatusTable (carAvailability, carType, latitude, longitude, carId) values (?, ?, ?, ?, ?)
2018-08-18 08:12:07.491 DEBUG 13626 --- [    Test worker] org.hibernate.SQL                        : insert into CarStatusTable (carAvailability, carType, latitude, longitude, carId) values (?, ?, ?, ?, ?)
2018-08-18 08:12:07.493 DEBUG 13626 --- [    Test worker] org.hibernate.SQL                        : insert into CarStatusTable (carAvailability, carType, latitude, longitude, carId) values (?, ?, ?, ?, ?)
2018-08-18 08:12:07.494 DEBUG 13626 --- [    Test worker] org.hibernate.SQL                        : insert into CarStatusTable (carAvailability, carType, latitude, longitude, carId) values (?, ?, ?, ?, ?)
2018-08-18 08:12:07.497 DEBUG 13626 --- [    Test worker] org.hibernate.SQL                        : insert into CarStatusTable (carAvailability, carType, latitude, longitude, carId) values (?, ?, ?, ?, ?)
2018-08-18 08:12:07.501 DEBUG 13626 --- [    Test worker] org.hibernate.SQL                        : insert into CarStatusTable (carAvailability, carType, latitude, longitude, carId) values (?, ?, ?, ?, ?)
2018-08-18 08:12:07.503 DEBUG 13626 --- [    Test worker] org.hibernate.SQL                        : insert into CarStatusTable (carAvailability, carType, latitude, longitude, carId) values (?, ?, ?, ?, ?)
2018-08-18 08:12:07.504 DEBUG 13626 --- [    Test worker] org.hibernate.SQL                        : insert into CarStatusTable (carAvailability, carType, latitude, longitude, carId) values (?, ?, ?, ?, ?)
2018-08-18 08:12:07.506 DEBUG 13626 --- [    Test worker] org.hibernate.SQL                        : insert into CarStatusTable (carAvailability, carType, latitude, longitude, carId) values (?, ?, ?, ?, ?)
2018-08-18 08:12:07.507 DEBUG 13626 --- [    Test worker] org.hibernate.SQL                        : insert into CarStatusTable (carAvailability, carType, latitude, longitude, carId) values (?, ?, ?, ?, ?)
2018-08-18 08:12:07.508 DEBUG 13626 --- [    Test worker] org.hibernate.SQL                        : insert into CarStatusTable (carAvailability, carType, latitude, longitude, carId) values (?, ?, ?, ?, ?)
2018-08-18 08:12:07.509 DEBUG 13626 --- [    Test worker] org.hibernate.SQL                        : insert into CarStatusTable (carAvailability, carType, latitude, longitude, carId) values (?, ?, ?, ?, ?)
2018-08-18 08:12:07.521 DEBUG 13626 --- [    Test worker] org.hibernate.SQL                        : insert into CarStatusTable (carAvailability, carType, latitude, longitude, carId) values (?, ?, ?, ?, ?)
2018-08-18 08:12:07.525 DEBUG 13626 --- [    Test worker] org.hibernate.SQL                        : insert into CarStatusTable (carAvailability, carType, latitude, longitude, carId) values (?, ?, ?, ?, ?)
2018-08-18 08:12:07.527 DEBUG 13626 --- [    Test worker] org.hibernate.SQL                        : insert into CarStatusTable (carAvailability, carType, latitude, longitude, carId) values (?, ?, ?, ?, ?)
2018-08-18 08:12:07.528 DEBUG 13626 --- [    Test worker] org.hibernate.SQL                        : insert into CarStatusTable (carAvailability, carType, latitude, longitude, carId) values (?, ?, ?, ?, ?)
2018-08-18 08:12:07.529 DEBUG 13626 --- [    Test worker] org.hibernate.SQL                        : insert into CarStatusTable (carAvailability, carType, latitude, longitude, carId) values (?, ?, ?, ?, ?)
2018-08-18 08:12:07.537 DEBUG 13626 --- [    Test worker] org.hibernate.SQL                        : insert into CarStatusTable (carAvailability, carType, latitude, longitude, carId) values (?, ?, ?, ?, ?)
2018-08-18 08:12:07.539 DEBUG 13626 --- [    Test worker] org.hibernate.SQL                        : insert into CarStatusTable (carAvailability, carType, latitude, longitude, carId) values (?, ?, ?, ?, ?)
2018-08-18 08:12:07.542 DEBUG 13626 --- [    Test worker] org.hibernate.SQL                        : insert into CarStatusTable (carAvailability, carType, latitude, longitude, carId) values (?, ?, ?, ?, ?)
2018-08-18 08:12:07.543 DEBUG 13626 --- [    Test worker] org.hibernate.SQL                        : insert into CarStatusTable (carAvailability, carType, latitude, longitude, carId) values (?, ?, ?, ?, ?)
2018-08-18 08:12:07.544 DEBUG 13626 --- [    Test worker] org.hibernate.SQL                        : insert into CarStatusTable (carAvailability, carType, latitude, longitude, carId) values (?, ?, ?, ?, ?)
2018-08-18 08:12:07.545 DEBUG 13626 --- [    Test worker] org.hibernate.SQL                        : insert into CarStatusTable (carAvailability, carType, latitude, longitude, carId) values (?, ?, ?, ?, ?)
2018-08-18 08:12:07.552 DEBUG 13626 --- [    Test worker] org.hibernate.SQL                        : insert into CarStatusTable (carAvailability, carType, latitude, longitude, carId) values (?, ?, ?, ?, ?)
2018-08-18 08:12:07.554 DEBUG 13626 --- [    Test worker] org.hibernate.SQL                        : insert into CarStatusTable (carAvailability, carType, latitude, longitude, carId) values (?, ?, ?, ?, ?)
2018-08-18 08:12:07.555 DEBUG 13626 --- [    Test worker] org.hibernate.SQL                        : insert into CarStatusTable (carAvailability, carType, latitude, longitude, carId) values (?, ?, ?, ?, ?)
2018-08-18 08:12:07.566 DEBUG 13626 --- [    Test worker] org.hibernate.SQL                        : insert into CarStatusTable (carAvailability, carType, latitude, longitude, carId) values (?, ?, ?, ?, ?)
2018-08-18 08:12:07.568 DEBUG 13626 --- [    Test worker] org.hibernate.SQL                        : insert into CarStatusTable (carAvailability, carType, latitude, longitude, carId) values (?, ?, ?, ?, ?)
2018-08-18 08:12:07.569 DEBUG 13626 --- [    Test worker] org.hibernate.SQL                        : insert into CarStatusTable (carAvailability, carType, latitude, longitude, carId) values (?, ?, ?, ?, ?)
2018-08-18 08:12:07.570 DEBUG 13626 --- [    Test worker] org.hibernate.SQL                        : insert into CarStatusTable (carAvailability, carType, latitude, longitude, carId) values (?, ?, ?, ?, ?)
2018-08-18 08:12:07.573 DEBUG 13626 --- [    Test worker] org.hibernate.SQL                        : insert into CarStatusTable (carAvailability, carType, latitude, longitude, carId) values (?, ?, ?, ?, ?)
2018-08-18 08:12:07.573 DEBUG 13626 --- [    Test worker] org.hibernate.SQL                        : insert into CarStatusTable (carAvailability, carType, latitude, longitude, carId) values (?, ?, ?, ?, ?)
2018-08-18 08:12:07.574 DEBUG 13626 --- [    Test worker] org.hibernate.SQL                        : insert into CarStatusTable (carAvailability, carType, latitude, longitude, carId) values (?, ?, ?, ?, ?)
2018-08-18 08:12:07.583 DEBUG 13626 --- [    Test worker] org.hibernate.SQL                        : insert into CarStatusTable (carAvailability, carType, latitude, longitude, carId) values (?, ?, ?, ?, ?)
2018-08-18 08:12:07.586 DEBUG 13626 --- [    Test worker] org.hibernate.SQL                        : insert into CarStatusTable (carAvailability, carType, latitude, longitude, carId) values (?, ?, ?, ?, ?)
2018-08-18 08:12:07.591 DEBUG 13626 --- [    Test worker] org.hibernate.SQL                        : insert into CarStatusTable (carAvailability, carType, latitude, longitude, carId) values (?, ?, ?, ?, ?)
2018-08-18 08:12:07.598 DEBUG 13626 --- [    Test worker] org.hibernate.SQL                        : insert into CarStatusTable (carAvailability, carType, latitude, longitude, carId) values (?, ?, ?, ?, ?)
2018-08-18 08:12:07.605 DEBUG 13626 --- [    Test worker] org.hibernate.SQL                        : insert into CarStatusTable (carAvailability, carType, latitude, longitude, carId) values (?, ?, ?, ?, ?)
2018-08-18 08:12:07.609 DEBUG 13626 --- [    Test worker] org.hibernate.SQL                        : insert into CarStatusTable (carAvailability, carType, latitude, longitude, carId) values (?, ?, ?, ?, ?)
2018-08-18 08:12:07.610 DEBUG 13626 --- [    Test worker] org.hibernate.SQL                        : insert into CarStatusTable (carAvailability, carType, latitude, longitude, carId) values (?, ?, ?, ?, ?)
2018-08-18 08:12:07.614 DEBUG 13626 --- [    Test worker] org.hibernate.SQL                        : insert into CarStatusTable (carAvailability, carType, latitude, longitude, carId) values (?, ?, ?, ?, ?)
2018-08-18 08:12:07.616 DEBUG 13626 --- [    Test worker] org.hibernate.SQL                        : insert into CarStatusTable (carAvailability, carType, latitude, longitude, carId) values (?, ?, ?, ?, ?)
2018-08-18 08:12:07.617 DEBUG 13626 --- [    Test worker] org.hibernate.SQL                        : insert into CarStatusTable (carAvailability, carType, latitude, longitude, carId) values (?, ?, ?, ?, ?)
2018-08-18 08:12:07.622 DEBUG 13626 --- [    Test worker] org.hibernate.SQL                        : insert into CarStatusTable (carAvailability, carType, latitude, longitude, carId) values (?, ?, ?, ?, ?)
2018-08-18 08:12:07.625 DEBUG 13626 --- [    Test worker] org.hibernate.SQL                        : insert into CarStatusTable (carAvailability, carType, latitude, longitude, carId) values (?, ?, ?, ?, ?)
2018-08-18 08:12:07.630 DEBUG 13626 --- [    Test worker] org.hibernate.SQL                        : insert into CarStatusTable (carAvailability, carType, latitude, longitude, carId) values (?, ?, ?, ?, ?)
2018-08-18 08:12:07.634 DEBUG 13626 --- [    Test worker] org.hibernate.SQL                        : insert into CarStatusTable (carAvailability, carType, latitude, longitude, carId) values (?, ?, ?, ?, ?)
2018-08-18 08:12:07.635 DEBUG 13626 --- [    Test worker] org.hibernate.SQL                        : insert into CarStatusTable (carAvailability, carType, latitude, longitude, carId) values (?, ?, ?, ?, ?)
2018-08-18 08:12:07.637 DEBUG 13626 --- [    Test worker] org.hibernate.SQL                        : insert into CarStatusTable (carAvailability, carType, latitude, longitude, carId) values (?, ?, ?, ?, ?)
2018-08-18 08:12:07.641 DEBUG 13626 --- [    Test worker] org.hibernate.SQL                        : insert into CarStatusTable (carAvailability, carType, latitude, longitude, carId) values (?, ?, ?, ?, ?)
2018-08-18 08:12:07.643 DEBUG 13626 --- [    Test worker] org.hibernate.SQL                        : insert into CarStatusTable (carAvailability, carType, latitude, longitude, carId) values (?, ?, ?, ?, ?)
2018-08-18 08:12:07.655 DEBUG 13626 --- [    Test worker] org.hibernate.SQL                        : insert into CarStatusTable (carAvailability, carType, latitude, longitude, carId) values (?, ?, ?, ?, ?)
2018-08-18 08:12:07.656 DEBUG 13626 --- [    Test worker] org.hibernate.SQL                        : insert into CarStatusTable (carAvailability, carType, latitude, longitude, carId) values (?, ?, ?, ?, ?)
2018-08-18 08:12:07.657 DEBUG 13626 --- [    Test worker] org.hibernate.SQL                        : insert into CarStatusTable (carAvailability, carType, latitude, longitude, carId) values (?, ?, ?, ?, ?)
2018-08-18 08:12:07.659 DEBUG 13626 --- [    Test worker] org.hibernate.SQL                        : insert into CarStatusTable (carAvailability, carType, latitude, longitude, carId) values (?, ?, ?, ?, ?)
2018-08-18 08:12:07.659 DEBUG 13626 --- [    Test worker] org.hibernate.SQL                        : insert into CarStatusTable (carAvailability, carType, latitude, longitude, carId) values (?, ?, ?, ?, ?)
2018-08-18 08:12:07.660 DEBUG 13626 --- [    Test worker] org.hibernate.SQL                        : insert into CarStatusTable (carAvailability, carType, latitude, longitude, carId) values (?, ?, ?, ?, ?)
2018-08-18 08:12:07.664 DEBUG 13626 --- [    Test worker] org.hibernate.SQL                        : insert into CarStatusTable (carAvailability, carType, latitude, longitude, carId) values (?, ?, ?, ?, ?)
2018-08-18 08:12:07.665 DEBUG 13626 --- [    Test worker] org.hibernate.SQL                        : insert into CarStatusTable (carAvailability, carType, latitude, longitude, carId) values (?, ?, ?, ?, ?)
2018-08-18 08:12:07.666 DEBUG 13626 --- [    Test worker] org.hibernate.SQL                        : insert into CarStatusTable (carAvailability, carType, latitude, longitude, carId) values (?, ?, ?, ?, ?)
2018-08-18 08:12:07.671 DEBUG 13626 --- [    Test worker] org.hibernate.SQL                        : insert into CarStatusTable (carAvailability, carType, latitude, longitude, carId) values (?, ?, ?, ?, ?)
2018-08-18 08:12:07.675 DEBUG 13626 --- [    Test worker] org.hibernate.SQL                        : insert into CarStatusTable (carAvailability, carType, latitude, longitude, carId) values (?, ?, ?, ?, ?)
2018-08-18 08:12:07.677 DEBUG 13626 --- [    Test worker] org.hibernate.SQL                        : insert into CarStatusTable (carAvailability, carType, latitude, longitude, carId) values (?, ?, ?, ?, ?)
2018-08-18 08:12:07.679 DEBUG 13626 --- [    Test worker] org.hibernate.SQL                        : insert into CarStatusTable (carAvailability, carType, latitude, longitude, carId) values (?, ?, ?, ?, ?)
2018-08-18 08:12:07.680 DEBUG 13626 --- [    Test worker] org.hibernate.SQL                        : insert into CarStatusTable (carAvailability, carType, latitude, longitude, carId) values (?, ?, ?, ?, ?)
2018-08-18 08:12:07.682 DEBUG 13626 --- [    Test worker] org.hibernate.SQL                        : insert into CarStatusTable (carAvailability, carType, latitude, longitude, carId) values (?, ?, ?, ?, ?)
2018-08-18 08:12:07.685 DEBUG 13626 --- [    Test worker] org.hibernate.SQL                        : insert into CarStatusTable (carAvailability, carType, latitude, longitude, carId) values (?, ?, ?, ?, ?)
2018-08-18 08:12:07.691 DEBUG 13626 --- [    Test worker] org.hibernate.SQL                        : insert into CarStatusTable (carAvailability, carType, latitude, longitude, carId) values (?, ?, ?, ?, ?)
2018-08-18 08:12:07.693 DEBUG 13626 --- [    Test worker] org.hibernate.SQL                        : insert into CarStatusTable (carAvailability, carType, latitude, longitude, carId) values (?, ?, ?, ?, ?)
2018-08-18 08:12:07.696 DEBUG 13626 --- [    Test worker] org.hibernate.SQL                        : insert into CarStatusTable (carAvailability, carType, latitude, longitude, carId) values (?, ?, ?, ?, ?)
2018-08-18 08:12:07.697 DEBUG 13626 --- [    Test worker] org.hibernate.SQL                        : insert into CarStatusTable (carAvailability, carType, latitude, longitude, carId) values (?, ?, ?, ?, ?)
2018-08-18 08:12:07.698 DEBUG 13626 --- [    Test worker] org.hibernate.SQL                        : insert into CarStatusTable (carAvailability, carType, latitude, longitude, carId) values (?, ?, ?, ?, ?)
2018-08-18 08:12:07.700 DEBUG 13626 --- [    Test worker] org.hibernate.SQL                        : insert into CarStatusTable (carAvailability, carType, latitude, longitude, carId) values (?, ?, ?, ?, ?)
2018-08-18 08:12:07.701 DEBUG 13626 --- [    Test worker] org.hibernate.SQL                        : insert into CarStatusTable (carAvailability, carType, latitude, longitude, carId) values (?, ?, ?, ?, ?)
2018-08-18 08:12:07.702 DEBUG 13626 --- [    Test worker] org.hibernate.SQL                        : insert into CarStatusTable (carAvailability, carType, latitude, longitude, carId) values (?, ?, ?, ?, ?)
2018-08-18 08:12:07.703 DEBUG 13626 --- [    Test worker] org.hibernate.SQL                        : insert into CarStatusTable (carAvailability, carType, latitude, longitude, carId) values (?, ?, ?, ?, ?)
2018-08-18 08:12:07.706 DEBUG 13626 --- [    Test worker] org.hibernate.SQL                        : insert into CarStatusTable (carAvailability, carType, latitude, longitude, carId) values (?, ?, ?, ?, ?)
2018-08-18 08:12:07.707 DEBUG 13626 --- [    Test worker] org.hibernate.SQL                        : insert into CarStatusTable (carAvailability, carType, latitude, longitude, carId) values (?, ?, ?, ?, ?)
2018-08-18 08:12:07.715 DEBUG 13626 --- [    Test worker] org.hibernate.SQL                        : insert into CarStatusTable (carAvailability, carType, latitude, longitude, carId) values (?, ?, ?, ?, ?)
2018-08-18 08:12:07.717 DEBUG 13626 --- [    Test worker] org.hibernate.SQL                        : insert into CarStatusTable (carAvailability, carType, latitude, longitude, carId) values (?, ?, ?, ?, ?)
2018-08-18 08:12:07.718 DEBUG 13626 --- [    Test worker] org.hibernate.SQL                        : insert into CarStatusTable (carAvailability, carType, latitude, longitude, carId) values (?, ?, ?, ?, ?)
2018-08-18 08:12:07.721 DEBUG 13626 --- [    Test worker] org.hibernate.SQL                        : insert into CarStatusTable (carAvailability, carType, latitude, longitude, carId) values (?, ?, ?, ?, ?)
2018-08-18 08:12:07.726 DEBUG 13626 --- [    Test worker] org.hibernate.SQL                        : insert into CarStatusTable (carAvailability, carType, latitude, longitude, carId) values (?, ?, ?, ?, ?)
2018-08-18 08:12:07.736 DEBUG 13626 --- [    Test worker] org.hibernate.SQL                        : insert into CarStatusTable (carAvailability, carType, latitude, longitude, carId) values (?, ?, ?, ?, ?)
2018-08-18 08:12:07.738 DEBUG 13626 --- [    Test worker] org.hibernate.SQL                        : insert into CarStatusTable (carAvailability, carType, latitude, longitude, carId) values (?, ?, ?, ?, ?)
2018-08-18 08:12:07.741 DEBUG 13626 --- [    Test worker] org.hibernate.SQL                        : insert into CarStatusTable (carAvailability, carType, latitude, longitude, carId) values (?, ?, ?, ?, ?)
2018-08-18 08:12:07.742 DEBUG 13626 --- [    Test worker] org.hibernate.SQL                        : insert into CarStatusTable (carAvailability, carType, latitude, longitude, carId) values (?, ?, ?, ?, ?)
2018-08-18 08:12:07.744 DEBUG 13626 --- [    Test worker] org.hibernate.SQL                        : insert into CarStatusTable (carAvailability, carType, latitude, longitude, carId) values (?, ?, ?, ?, ?)
2018-08-18 08:12:07.749 DEBUG 13626 --- [    Test worker] org.hibernate.SQL                        : insert into CarStatusTable (carAvailability, carType, latitude, longitude, carId) values (?, ?, ?, ?, ?)
2018-08-18 08:12:07.751 DEBUG 13626 --- [    Test worker] org.hibernate.SQL                        : insert into CarStatusTable (carAvailability, carType, latitude, longitude, carId) values (?, ?, ?, ?, ?)
2018-08-18 08:12:07.752 DEBUG 13626 --- [    Test worker] org.hibernate.SQL                        : insert into CarStatusTable (carAvailability, carType, latitude, longitude, carId) values (?, ?, ?, ?, ?)
2018-08-18 08:12:07.756 DEBUG 13626 --- [    Test worker] org.hibernate.SQL                        : insert into CarStatusTable (carAvailability, carType, latitude, longitude, carId) values (?, ?, ?, ?, ?)
2018-08-18 08:12:07.764 DEBUG 13626 --- [    Test worker] org.hibernate.SQL                        : insert into CarStatusTable (carAvailability, carType, latitude, longitude, carId) values (?, ?, ?, ?, ?)
2018-08-18 08:12:07.768 DEBUG 13626 --- [    Test worker] org.hibernate.SQL                        : insert into CarStatusTable (carAvailability, carType, latitude, longitude, carId) values (?, ?, ?, ?, ?)
2018-08-18 08:12:07.769 DEBUG 13626 --- [    Test worker] org.hibernate.SQL                        : insert into CarStatusTable (carAvailability, carType, latitude, longitude, carId) values (?, ?, ?, ?, ?)
2018-08-18 08:12:07.785 DEBUG 13626 --- [    Test worker] org.hibernate.SQL                        : insert into CarStatusTable (carAvailability, carType, latitude, longitude, carId) values (?, ?, ?, ?, ?)
2018-08-18 08:12:07.786 DEBUG 13626 --- [    Test worker] org.hibernate.SQL                        : insert into CarStatusTable (carAvailability, carType, latitude, longitude, carId) values (?, ?, ?, ?, ?)
2018-08-18 08:12:07.787 DEBUG 13626 --- [    Test worker] org.hibernate.SQL                        : insert into CarStatusTable (carAvailability, carType, latitude, longitude, carId) values (?, ?, ?, ?, ?)
2018-08-18 08:12:07.788 DEBUG 13626 --- [    Test worker] org.hibernate.SQL                        : insert into CarStatusTable (carAvailability, carType, latitude, longitude, carId) values (?, ?, ?, ?, ?)
2018-08-18 08:12:07.800 DEBUG 13626 --- [    Test worker] org.hibernate.SQL                        : insert into CarStatusTable (carAvailability, carType, latitude, longitude, carId) values (?, ?, ?, ?, ?)
2018-08-18 08:12:07.809 DEBUG 13626 --- [    Test worker] org.hibernate.SQL                        : insert into CarStatusTable (carAvailability, carType, latitude, longitude, carId) values (?, ?, ?, ?, ?)
2018-08-18 08:12:07.811 DEBUG 13626 --- [    Test worker] org.hibernate.SQL                        : insert into CarStatusTable (carAvailability, carType, latitude, longitude, carId) values (?, ?, ?, ?, ?)
2018-08-18 08:12:07.813 DEBUG 13626 --- [    Test worker] org.hibernate.SQL                        : insert into CarStatusTable (carAvailability, carType, latitude, longitude, carId) values (?, ?, ?, ?, ?)
2018-08-18 08:12:07.814 DEBUG 13626 --- [    Test worker] org.hibernate.SQL                        : insert into CarStatusTable (carAvailability, carType, latitude, longitude, carId) values (?, ?, ?, ?, ?)
2018-08-18 08:12:07.815 DEBUG 13626 --- [    Test worker] org.hibernate.SQL                        : insert into CarStatusTable (carAvailability, carType, latitude, longitude, carId) values (?, ?, ?, ?, ?)
2018-08-18 08:12:07.817 DEBUG 13626 --- [    Test worker] org.hibernate.SQL                        : insert into CarStatusTable (carAvailability, carType, latitude, longitude, carId) values (?, ?, ?, ?, ?)
2018-08-18 08:12:07.817 DEBUG 13626 --- [    Test worker] org.hibernate.SQL                        : insert into CarStatusTable (carAvailability, carType, latitude, longitude, carId) values (?, ?, ?, ?, ?)
2018-08-18 08:12:07.818 DEBUG 13626 --- [    Test worker] org.hibernate.SQL                        : insert into CarStatusTable (carAvailability, carType, latitude, longitude, carId) values (?, ?, ?, ?, ?)
2018-08-18 08:12:07.825 DEBUG 13626 --- [    Test worker] org.hibernate.SQL                        : insert into CarStatusTable (carAvailability, carType, latitude, longitude, carId) values (?, ?, ?, ?, ?)
2018-08-18 08:12:07.826 DEBUG 13626 --- [    Test worker] org.hibernate.SQL                        : insert into CarStatusTable (carAvailability, carType, latitude, longitude, carId) values (?, ?, ?, ?, ?)
2018-08-18 08:12:07.827 DEBUG 13626 --- [    Test worker] org.hibernate.SQL                        : insert into CarStatusTable (carAvailability, carType, latitude, longitude, carId) values (?, ?, ?, ?, ?)
2018-08-18 08:12:07.832 DEBUG 13626 --- [    Test worker] org.hibernate.SQL                        : insert into CarStatusTable (carAvailability, carType, latitude, longitude, carId) values (?, ?, ?, ?, ?)
2018-08-18 08:12:07.834 DEBUG 13626 --- [    Test worker] org.hibernate.SQL                        : insert into CarStatusTable (carAvailability, carType, latitude, longitude, carId) values (?, ?, ?, ?, ?)
2018-08-18 08:12:07.835 DEBUG 13626 --- [    Test worker] org.hibernate.SQL                        : insert into CarStatusTable (carAvailability, carType, latitude, longitude, carId) values (?, ?, ?, ?, ?)
2018-08-18 08:12:07.839 DEBUG 13626 --- [    Test worker] org.hibernate.SQL                        : insert into CarStatusTable (carAvailability, carType, latitude, longitude, carId) values (?, ?, ?, ?, ?)
2018-08-18 08:12:07.845 DEBUG 13626 --- [    Test worker] org.hibernate.SQL                        : insert into CarStatusTable (carAvailability, carType, latitude, longitude, carId) values (?, ?, ?, ?, ?)
2018-08-18 08:12:07.847 DEBUG 13626 --- [    Test worker] org.hibernate.SQL                        : insert into CarStatusTable (carAvailability, carType, latitude, longitude, carId) values (?, ?, ?, ?, ?)
2018-08-18 08:12:07.848 DEBUG 13626 --- [    Test worker] org.hibernate.SQL                        : insert into CarStatusTable (carAvailability, carType, latitude, longitude, carId) values (?, ?, ?, ?, ?)
2018-08-18 08:12:07.851 DEBUG 13626 --- [    Test worker] org.hibernate.SQL                        : insert into CarStatusTable (carAvailability, carType, latitude, longitude, carId) values (?, ?, ?, ?, ?)
2018-08-18 08:12:07.852 DEBUG 13626 --- [    Test worker] org.hibernate.SQL                        : insert into CarStatusTable (carAvailability, carType, latitude, longitude, carId) values (?, ?, ?, ?, ?)
2018-08-18 08:12:07.855 DEBUG 13626 --- [    Test worker] org.hibernate.SQL                        : insert into CarStatusTable (carAvailability, carType, latitude, longitude, carId) values (?, ?, ?, ?, ?)
2018-08-18 08:12:07.861 DEBUG 13626 --- [    Test worker] org.hibernate.SQL                        : insert into CarStatusTable (carAvailability, carType, latitude, longitude, carId) values (?, ?, ?, ?, ?)
2018-08-18 08:12:07.862 DEBUG 13626 --- [    Test worker] org.hibernate.SQL                        : insert into CarStatusTable (carAvailability, carType, latitude, longitude, carId) values (?, ?, ?, ?, ?)
2018-08-18 08:12:07.863 DEBUG 13626 --- [    Test worker] org.hibernate.SQL                        : insert into CarStatusTable (carAvailability, carType, latitude, longitude, carId) values (?, ?, ?, ?, ?)
2018-08-18 08:12:07.864 DEBUG 13626 --- [    Test worker] org.hibernate.SQL                        : insert into CarStatusTable (carAvailability, carType, latitude, longitude, carId) values (?, ?, ?, ?, ?)
2018-08-18 08:12:07.868 DEBUG 13626 --- [    Test worker] org.hibernate.SQL                        : insert into CarStatusTable (carAvailability, carType, latitude, longitude, carId) values (?, ?, ?, ?, ?)
2018-08-18 08:12:07.869 DEBUG 13626 --- [    Test worker] org.hibernate.SQL                        : insert into CarStatusTable (carAvailability, carType, latitude, longitude, carId) values (?, ?, ?, ?, ?)
2018-08-18 08:12:07.875 DEBUG 13626 --- [    Test worker] org.hibernate.SQL                        : insert into CarStatusTable (carAvailability, carType, latitude, longitude, carId) values (?, ?, ?, ?, ?)
2018-08-18 08:12:07.877 DEBUG 13626 --- [    Test worker] org.hibernate.SQL                        : insert into CarStatusTable (carAvailability, carType, latitude, longitude, carId) values (?, ?, ?, ?, ?)
2018-08-18 08:12:07.878 DEBUG 13626 --- [    Test worker] org.hibernate.SQL                        : insert into CarStatusTable (carAvailability, carType, latitude, longitude, carId) values (?, ?, ?, ?, ?)
2018-08-18 08:12:07.887 DEBUG 13626 --- [    Test worker] org.hibernate.SQL                        : insert into CarStatusTable (carAvailability, carType, latitude, longitude, carId) values (?, ?, ?, ?, ?)
2018-08-18 08:12:07.889 DEBUG 13626 --- [    Test worker] org.hibernate.SQL                        : insert into CarStatusTable (carAvailability, carType, latitude, longitude, carId) values (?, ?, ?, ?, ?)
2018-08-18 08:12:07.890 DEBUG 13626 --- [    Test worker] org.hibernate.SQL                        : insert into CarStatusTable (carAvailability, carType, latitude, longitude, carId) values (?, ?, ?, ?, ?)
2018-08-18 08:12:07.891 DEBUG 13626 --- [    Test worker] org.hibernate.SQL                        : insert into CarStatusTable (carAvailability, carType, latitude, longitude, carId) values (?, ?, ?, ?, ?)
2018-08-18 08:12:07.895 DEBUG 13626 --- [    Test worker] org.hibernate.SQL                        : insert into CarStatusTable (carAvailability, carType, latitude, longitude, carId) values (?, ?, ?, ?, ?)
2018-08-18 08:12:07.897 DEBUG 13626 --- [    Test worker] org.hibernate.SQL                        : insert into CarStatusTable (carAvailability, carType, latitude, longitude, carId) values (?, ?, ?, ?, ?)
2018-08-18 08:12:07.903 DEBUG 13626 --- [    Test worker] org.hibernate.SQL                        : insert into CarStatusTable (carAvailability, carType, latitude, longitude, carId) values (?, ?, ?, ?, ?)
2018-08-18 08:12:07.904 DEBUG 13626 --- [    Test worker] org.hibernate.SQL                        : insert into CarStatusTable (carAvailability, carType, latitude, longitude, carId) values (?, ?, ?, ?, ?)
2018-08-18 08:12:07.908 DEBUG 13626 --- [    Test worker] org.hibernate.SQL                        : insert into CarStatusTable (carAvailability, carType, latitude, longitude, carId) values (?, ?, ?, ?, ?)
2018-08-18 08:12:07.910 DEBUG 13626 --- [    Test worker] org.hibernate.SQL                        : insert into CarStatusTable (carAvailability, carType, latitude, longitude, carId) values (?, ?, ?, ?, ?)
2018-08-18 08:12:07.914 DEBUG 13626 --- [    Test worker] org.hibernate.SQL                        : insert into CarStatusTable (carAvailability, carType, latitude, longitude, carId) values (?, ?, ?, ?, ?)
2018-08-18 08:12:07.916 DEBUG 13626 --- [    Test worker] org.hibernate.SQL                        : insert into CarStatusTable (carAvailability, carType, latitude, longitude, carId) values (?, ?, ?, ?, ?)
2018-08-18 08:12:07.922 DEBUG 13626 --- [    Test worker] org.hibernate.SQL                        : insert into CarStatusTable (carAvailability, carType, latitude, longitude, carId) values (?, ?, ?, ?, ?)
2018-08-18 08:12:07.923 DEBUG 13626 --- [    Test worker] org.hibernate.SQL                        : insert into CarStatusTable (carAvailability, carType, latitude, longitude, carId) values (?, ?, ?, ?, ?)
2018-08-18 08:12:07.924 DEBUG 13626 --- [    Test worker] org.hibernate.SQL                        : insert into CarStatusTable (carAvailability, carType, latitude, longitude, carId) values (?, ?, ?, ?, ?)
2018-08-18 08:12:07.925 DEBUG 13626 --- [    Test worker] org.hibernate.SQL                        : insert into CarStatusTable (carAvailability, carType, latitude, longitude, carId) values (?, ?, ?, ?, ?)
2018-08-18 08:12:07.931 DEBUG 13626 --- [    Test worker] org.hibernate.SQL                        : insert into CarStatusTable (carAvailability, carType, latitude, longitude, carId) values (?, ?, ?, ?, ?)
2018-08-18 08:12:07.938 DEBUG 13626 --- [    Test worker] org.hibernate.SQL                        : insert into CarStatusTable (carAvailability, carType, latitude, longitude, carId) values (?, ?, ?, ?, ?)
2018-08-18 08:12:07.939 DEBUG 13626 --- [    Test worker] org.hibernate.SQL                        : insert into CarStatusTable (carAvailability, carType, latitude, longitude, carId) values (?, ?, ?, ?, ?)
2018-08-18 08:12:07.940 DEBUG 13626 --- [    Test worker] org.hibernate.SQL                        : insert into CarStatusTable (carAvailability, carType, latitude, longitude, carId) values (?, ?, ?, ?, ?)
2018-08-18 08:12:07.942 DEBUG 13626 --- [    Test worker] org.hibernate.SQL                        : insert into CarStatusTable (carAvailability, carType, latitude, longitude, carId) values (?, ?, ?, ?, ?)
2018-08-18 08:12:07.943 DEBUG 13626 --- [    Test worker] org.hibernate.SQL                        : insert into CarStatusTable (carAvailability, carType, latitude, longitude, carId) values (?, ?, ?, ?, ?)
2018-08-18 08:12:07.944 DEBUG 13626 --- [    Test worker] org.hibernate.SQL                        : insert into CarStatusTable (carAvailability, carType, latitude, longitude, carId) values (?, ?, ?, ?, ?)
2018-08-18 08:12:07.945 DEBUG 13626 --- [    Test worker] org.hibernate.SQL                        : insert into CarStatusTable (carAvailability, carType, latitude, longitude, carId) values (?, ?, ?, ?, ?)
2018-08-18 08:12:07.946 DEBUG 13626 --- [    Test worker] org.hibernate.SQL                        : insert into CarStatusTable (carAvailability, carType, latitude, longitude, carId) values (?, ?, ?, ?, ?)
2018-08-18 08:12:07.947 DEBUG 13626 --- [    Test worker] org.hibernate.SQL                        : insert into CarStatusTable (carAvailability, carType, latitude, longitude, carId) values (?, ?, ?, ?, ?)
2018-08-18 08:12:07.957 DEBUG 13626 --- [    Test worker] org.hibernate.SQL                        : insert into CarStatusTable (carAvailability, carType, latitude, longitude, carId) values (?, ?, ?, ?, ?)
2018-08-18 08:12:07.959 DEBUG 13626 --- [    Test worker] org.hibernate.SQL                        : insert into CarStatusTable (carAvailability, carType, latitude, longitude, carId) values (?, ?, ?, ?, ?)
2018-08-18 08:12:07.960 DEBUG 13626 --- [    Test worker] org.hibernate.SQL                        : insert into CarStatusTable (carAvailability, carType, latitude, longitude, carId) values (?, ?, ?, ?, ?)
2018-08-18 08:12:07.961 DEBUG 13626 --- [    Test worker] org.hibernate.SQL                        : insert into CarStatusTable (carAvailability, carType, latitude, longitude, carId) values (?, ?, ?, ?, ?)
2018-08-18 08:12:07.963 DEBUG 13626 --- [    Test worker] org.hibernate.SQL                        : insert into CarStatusTable (carAvailability, carType, latitude, longitude, carId) values (?, ?, ?, ?, ?)
2018-08-18 08:12:07.964 DEBUG 13626 --- [    Test worker] org.hibernate.SQL                        : insert into CarStatusTable (carAvailability, carType, latitude, longitude, carId) values (?, ?, ?, ?, ?)
2018-08-18 08:12:07.965 DEBUG 13626 --- [    Test worker] org.hibernate.SQL                        : insert into CarStatusTable (carAvailability, carType, latitude, longitude, carId) values (?, ?, ?, ?, ?)
2018-08-18 08:12:07.965 DEBUG 13626 --- [    Test worker] org.hibernate.SQL                        : insert into CarStatusTable (carAvailability, carType, latitude, longitude, carId) values (?, ?, ?, ?, ?)
2018-08-18 08:12:07.966 DEBUG 13626 --- [    Test worker] org.hibernate.SQL                        : insert into CarStatusTable (carAvailability, carType, latitude, longitude, carId) values (?, ?, ?, ?, ?)
2018-08-18 08:12:07.973 DEBUG 13626 --- [    Test worker] org.hibernate.SQL                        : insert into CarStatusTable (carAvailability, carType, latitude, longitude, carId) values (?, ?, ?, ?, ?)
2018-08-18 08:12:07.974 DEBUG 13626 --- [    Test worker] org.hibernate.SQL                        : insert into CarStatusTable (carAvailability, carType, latitude, longitude, carId) values (?, ?, ?, ?, ?)
2018-08-18 08:12:07.975 DEBUG 13626 --- [    Test worker] org.hibernate.SQL                        : insert into CarStatusTable (carAvailability, carType, latitude, longitude, carId) values (?, ?, ?, ?, ?)
2018-08-18 08:12:07.976 DEBUG 13626 --- [    Test worker] org.hibernate.SQL                        : insert into CarStatusTable (carAvailability, carType, latitude, longitude, carId) values (?, ?, ?, ?, ?)
2018-08-18 08:12:07.977 DEBUG 13626 --- [    Test worker] org.hibernate.SQL                        : insert into CarStatusTable (carAvailability, carType, latitude, longitude, carId) values (?, ?, ?, ?, ?)
2018-08-18 08:12:07.989 DEBUG 13626 --- [    Test worker] org.hibernate.SQL                        : insert into CarStatusTable (carAvailability, carType, latitude, longitude, carId) values (?, ?, ?, ?, ?)
2018-08-18 08:12:07.993 DEBUG 13626 --- [    Test worker] org.hibernate.SQL                        : insert into CarStatusTable (carAvailability, carType, latitude, longitude, carId) values (?, ?, ?, ?, ?)
2018-08-18 08:12:07.994 DEBUG 13626 --- [    Test worker] org.hibernate.SQL                        : insert into CarStatusTable (carAvailability, carType, latitude, longitude, carId) values (?, ?, ?, ?, ?)
2018-08-18 08:12:07.995 DEBUG 13626 --- [    Test worker] org.hibernate.SQL                        : insert into CarStatusTable (carAvailability, carType, latitude, longitude, carId) values (?, ?, ?, ?, ?)
2018-08-18 08:12:07.996 DEBUG 13626 --- [    Test worker] org.hibernate.SQL                        : insert into CarStatusTable (carAvailability, carType, latitude, longitude, carId) values (?, ?, ?, ?, ?)
2018-08-18 08:12:07.997 DEBUG 13626 --- [    Test worker] org.hibernate.SQL                        : insert into CarStatusTable (carAvailability, carType, latitude, longitude, carId) values (?, ?, ?, ?, ?)
2018-08-18 08:12:08.004 DEBUG 13626 --- [    Test worker] org.hibernate.SQL                        : insert into CarStatusTable (carAvailability, carType, latitude, longitude, carId) values (?, ?, ?, ?, ?)
2018-08-18 08:12:08.005 DEBUG 13626 --- [    Test worker] org.hibernate.SQL                        : insert into CarStatusTable (carAvailability, carType, latitude, longitude, carId) values (?, ?, ?, ?, ?)
2018-08-18 08:12:08.006 DEBUG 13626 --- [    Test worker] org.hibernate.SQL                        : insert into CarStatusTable (carAvailability, carType, latitude, longitude, carId) values (?, ?, ?, ?, ?)
2018-08-18 08:12:08.007 DEBUG 13626 --- [    Test worker] org.hibernate.SQL                        : insert into CarStatusTable (carAvailability, carType, latitude, longitude, carId) values (?, ?, ?, ?, ?)
2018-08-18 08:12:08.008 DEBUG 13626 --- [    Test worker] org.hibernate.SQL                        : insert into CarStatusTable (carAvailability, carType, latitude, longitude, carId) values (?, ?, ?, ?, ?)
2018-08-18 08:12:08.009 DEBUG 13626 --- [    Test worker] org.hibernate.SQL                        : insert into CarStatusTable (carAvailability, carType, latitude, longitude, carId) values (?, ?, ?, ?, ?)
2018-08-18 08:12:08.010 DEBUG 13626 --- [    Test worker] org.hibernate.SQL                        : insert into CarStatusTable (carAvailability, carType, latitude, longitude, carId) values (?, ?, ?, ?, ?)
2018-08-18 08:12:08.014 DEBUG 13626 --- [    Test worker] org.hibernate.SQL                        : insert into CarStatusTable (carAvailability, carType, latitude, longitude, carId) values (?, ?, ?, ?, ?)
2018-08-18 08:12:08.020 DEBUG 13626 --- [    Test worker] org.hibernate.SQL                        : insert into CarStatusTable (carAvailability, carType, latitude, longitude, carId) values (?, ?, ?, ?, ?)
2018-08-18 08:12:08.021 DEBUG 13626 --- [    Test worker] org.hibernate.SQL                        : insert into CarStatusTable (carAvailability, carType, latitude, longitude, carId) values (?, ?, ?, ?, ?)
2018-08-18 08:12:08.028 DEBUG 13626 --- [    Test worker] org.hibernate.SQL                        : insert into CarStatusTable (carAvailability, carType, latitude, longitude, carId) values (?, ?, ?, ?, ?)
2018-08-18 08:12:08.029 DEBUG 13626 --- [    Test worker] org.hibernate.SQL                        : insert into CarStatusTable (carAvailability, carType, latitude, longitude, carId) values (?, ?, ?, ?, ?)
2018-08-18 08:12:08.031 DEBUG 13626 --- [    Test worker] org.hibernate.SQL                        : insert into CarStatusTable (carAvailability, carType, latitude, longitude, carId) values (?, ?, ?, ?, ?)
2018-08-18 08:12:08.032 DEBUG 13626 --- [    Test worker] org.hibernate.SQL                        : insert into CarStatusTable (carAvailability, carType, latitude, longitude, carId) values (?, ?, ?, ?, ?)
2018-08-18 08:12:08.035 DEBUG 13626 --- [    Test worker] org.hibernate.SQL                        : insert into CarStatusTable (carAvailability, carType, latitude, longitude, carId) values (?, ?, ?, ?, ?)
2018-08-18 08:12:08.036 DEBUG 13626 --- [    Test worker] org.hibernate.SQL                        : insert into CarStatusTable (carAvailability, carType, latitude, longitude, carId) values (?, ?, ?, ?, ?)
2018-08-18 08:12:08.037 DEBUG 13626 --- [    Test worker] org.hibernate.SQL                        : insert into CarStatusTable (carAvailability, carType, latitude, longitude, carId) values (?, ?, ?, ?, ?)
2018-08-18 08:12:08.039 DEBUG 13626 --- [    Test worker] org.hibernate.SQL                        : insert into CarStatusTable (carAvailability, carType, latitude, longitude, carId) values (?, ?, ?, ?, ?)
2018-08-18 08:12:08.040 DEBUG 13626 --- [    Test worker] org.hibernate.SQL                        : insert into CarStatusTable (carAvailability, carType, latitude, longitude, carId) values (?, ?, ?, ?, ?)
2018-08-18 08:12:08.041 DEBUG 13626 --- [    Test worker] org.hibernate.SQL                        : insert into CarStatusTable (carAvailability, carType, latitude, longitude, carId) values (?, ?, ?, ?, ?)
2018-08-18 08:12:08.042 DEBUG 13626 --- [    Test worker] org.hibernate.SQL                        : insert into CarStatusTable (carAvailability, carType, latitude, longitude, carId) values (?, ?, ?, ?, ?)
2018-08-18 08:12:08.043 DEBUG 13626 --- [    Test worker] org.hibernate.SQL                        : insert into CarStatusTable (carAvailability, carType, latitude, longitude, carId) values (?, ?, ?, ?, ?)
2018-08-18 08:12:08.048 DEBUG 13626 --- [    Test worker] org.hibernate.SQL                        : insert into CarStatusTable (carAvailability, carType, latitude, longitude, carId) values (?, ?, ?, ?, ?)
2018-08-18 08:12:08.049 DEBUG 13626 --- [    Test worker] org.hibernate.SQL                        : insert into CarStatusTable (carAvailability, carType, latitude, longitude, carId) values (?, ?, ?, ?, ?)
2018-08-18 08:12:08.052 DEBUG 13626 --- [    Test worker] org.hibernate.SQL                        : insert into CarStatusTable (carAvailability, carType, latitude, longitude, carId) values (?, ?, ?, ?, ?)
2018-08-18 08:12:08.053 DEBUG 13626 --- [    Test worker] org.hibernate.SQL                        : insert into CarStatusTable (carAvailability, carType, latitude, longitude, carId) values (?, ?, ?, ?, ?)
2018-08-18 08:12:08.054 DEBUG 13626 --- [    Test worker] org.hibernate.SQL                        : insert into CarStatusTable (carAvailability, carType, latitude, longitude, carId) values (?, ?, ?, ?, ?)
2018-08-18 08:12:08.055 DEBUG 13626 --- [    Test worker] org.hibernate.SQL                        : insert into CarStatusTable (carAvailability, carType, latitude, longitude, carId) values (?, ?, ?, ?, ?)
2018-08-18 08:12:08.056 DEBUG 13626 --- [    Test worker] org.hibernate.SQL                        : insert into CarStatusTable (carAvailability, carType, latitude, longitude, carId) values (?, ?, ?, ?, ?)
2018-08-18 08:12:08.059 DEBUG 13626 --- [    Test worker] org.hibernate.SQL                        : insert into CarStatusTable (carAvailability, carType, latitude, longitude, carId) values (?, ?, ?, ?, ?)
2018-08-18 08:12:08.061 DEBUG 13626 --- [    Test worker] org.hibernate.SQL                        : insert into CarStatusTable (carAvailability, carType, latitude, longitude, carId) values (?, ?, ?, ?, ?)
2018-08-18 08:12:08.065 DEBUG 13626 --- [    Test worker] org.hibernate.SQL                        : insert into CarStatusTable (carAvailability, carType, latitude, longitude, carId) values (?, ?, ?, ?, ?)
2018-08-18 08:12:08.067 DEBUG 13626 --- [    Test worker] org.hibernate.SQL                        : insert into CarStatusTable (carAvailability, carType, latitude, longitude, carId) values (?, ?, ?, ?, ?)
2018-08-18 08:12:08.068 DEBUG 13626 --- [    Test worker] org.hibernate.SQL                        : insert into CarStatusTable (carAvailability, carType, latitude, longitude, carId) values (?, ?, ?, ?, ?)
2018-08-18 08:12:08.069 DEBUG 13626 --- [    Test worker] org.hibernate.SQL                        : insert into CarStatusTable (carAvailability, carType, latitude, longitude, carId) values (?, ?, ?, ?, ?)
2018-08-18 08:12:08.070 DEBUG 13626 --- [    Test worker] org.hibernate.SQL                        : insert into CarStatusTable (carAvailability, carType, latitude, longitude, carId) values (?, ?, ?, ?, ?)
2018-08-18 08:12:08.071 DEBUG 13626 --- [    Test worker] org.hibernate.SQL                        : insert into CarStatusTable (carAvailability, carType, latitude, longitude, carId) values (?, ?, ?, ?, ?)
2018-08-18 08:12:08.072 DEBUG 13626 --- [    Test worker] org.hibernate.SQL                        : insert into CarStatusTable (carAvailability, carType, latitude, longitude, carId) values (?, ?, ?, ?, ?)
2018-08-18 08:12:08.081 DEBUG 13626 --- [    Test worker] org.hibernate.SQL                        : insert into CarStatusTable (carAvailability, carType, latitude, longitude, carId) values (?, ?, ?, ?, ?)
2018-08-18 08:12:08.088 DEBUG 13626 --- [    Test worker] org.hibernate.SQL                        : insert into CarStatusTable (carAvailability, carType, latitude, longitude, carId) values (?, ?, ?, ?, ?)
2018-08-18 08:12:08.089 DEBUG 13626 --- [    Test worker] org.hibernate.SQL                        : insert into CarStatusTable (carAvailability, carType, latitude, longitude, carId) values (?, ?, ?, ?, ?)
2018-08-18 08:12:08.090 DEBUG 13626 --- [    Test worker] org.hibernate.SQL                        : insert into CarStatusTable (carAvailability, carType, latitude, longitude, carId) values (?, ?, ?, ?, ?)
2018-08-18 08:12:08.091 DEBUG 13626 --- [    Test worker] org.hibernate.SQL                        : insert into CarStatusTable (carAvailability, carType, latitude, longitude, carId) values (?, ?, ?, ?, ?)
2018-08-18 08:12:08.091 DEBUG 13626 --- [    Test worker] org.hibernate.SQL                        : insert into CarStatusTable (carAvailability, carType, latitude, longitude, carId) values (?, ?, ?, ?, ?)
2018-08-18 08:12:08.092 DEBUG 13626 --- [    Test worker] org.hibernate.SQL                        : insert into CarStatusTable (carAvailability, carType, latitude, longitude, carId) values (?, ?, ?, ?, ?)
2018-08-18 08:12:08.099 DEBUG 13626 --- [    Test worker] org.hibernate.SQL                        : insert into CarStatusTable (carAvailability, carType, latitude, longitude, carId) values (?, ?, ?, ?, ?)
2018-08-18 08:12:08.100 DEBUG 13626 --- [    Test worker] org.hibernate.SQL                        : insert into CarStatusTable (carAvailability, carType, latitude, longitude, carId) values (?, ?, ?, ?, ?)
2018-08-18 08:12:08.100 DEBUG 13626 --- [    Test worker] org.hibernate.SQL                        : insert into CarStatusTable (carAvailability, carType, latitude, longitude, carId) values (?, ?, ?, ?, ?)
2018-08-18 08:12:08.101 DEBUG 13626 --- [    Test worker] org.hibernate.SQL                        : insert into CarStatusTable (carAvailability, carType, latitude, longitude, carId) values (?, ?, ?, ?, ?)
2018-08-18 08:12:08.102 DEBUG 13626 --- [    Test worker] org.hibernate.SQL                        : insert into CarStatusTable (carAvailability, carType, latitude, longitude, carId) values (?, ?, ?, ?, ?)
2018-08-18 08:12:08.107 DEBUG 13626 --- [    Test worker] org.hibernate.SQL                        : insert into CarStatusTable (carAvailability, carType, latitude, longitude, carId) values (?, ?, ?, ?, ?)
2018-08-18 08:12:08.119 DEBUG 13626 --- [    Test worker] org.hibernate.SQL                        : insert into CarStatusTable (carAvailability, carType, latitude, longitude, carId) values (?, ?, ?, ?, ?)
2018-08-18 08:12:08.121 DEBUG 13626 --- [    Test worker] org.hibernate.SQL                        : insert into CarStatusTable (carAvailability, carType, latitude, longitude, carId) values (?, ?, ?, ?, ?)
2018-08-18 08:12:08.122 DEBUG 13626 --- [    Test worker] org.hibernate.SQL                        : insert into CarStatusTable (carAvailability, carType, latitude, longitude, carId) values (?, ?, ?, ?, ?)
2018-08-18 08:12:08.123 DEBUG 13626 --- [    Test worker] org.hibernate.SQL                        : insert into CarStatusTable (carAvailability, carType, latitude, longitude, carId) values (?, ?, ?, ?, ?)
2018-08-18 08:12:08.124 DEBUG 13626 --- [    Test worker] org.hibernate.SQL                        : insert into CarStatusTable (carAvailability, carType, latitude, longitude, carId) values (?, ?, ?, ?, ?)
2018-08-18 08:12:08.125 DEBUG 13626 --- [    Test worker] org.hibernate.SQL                        : insert into CarStatusTable (carAvailability, carType, latitude, longitude, carId) values (?, ?, ?, ?, ?)
2018-08-18 08:12:08.125 DEBUG 13626 --- [    Test worker] org.hibernate.SQL                        : insert into CarStatusTable (carAvailability, carType, latitude, longitude, carId) values (?, ?, ?, ?, ?)
2018-08-18 08:12:08.126 DEBUG 13626 --- [    Test worker] org.hibernate.SQL                        : insert into CarStatusTable (carAvailability, carType, latitude, longitude, carId) values (?, ?, ?, ?, ?)
2018-08-18 08:12:08.127 DEBUG 13626 --- [    Test worker] org.hibernate.SQL                        : insert into CarStatusTable (carAvailability, carType, latitude, longitude, carId) values (?, ?, ?, ?, ?)
2018-08-18 08:12:08.127 DEBUG 13626 --- [    Test worker] org.hibernate.SQL                        : insert into CarStatusTable (carAvailability, carType, latitude, longitude, carId) values (?, ?, ?, ?, ?)
2018-08-18 08:12:08.134 DEBUG 13626 --- [    Test worker] org.hibernate.SQL                        : insert into CarStatusTable (carAvailability, carType, latitude, longitude, carId) values (?, ?, ?, ?, ?)
2018-08-18 08:12:08.136 DEBUG 13626 --- [    Test worker] org.hibernate.SQL                        : insert into CarStatusTable (carAvailability, carType, latitude, longitude, carId) values (?, ?, ?, ?, ?)
2018-08-18 08:12:08.137 DEBUG 13626 --- [    Test worker] org.hibernate.SQL                        : insert into CarStatusTable (carAvailability, carType, latitude, longitude, carId) values (?, ?, ?, ?, ?)
2018-08-18 08:12:08.138 DEBUG 13626 --- [    Test worker] org.hibernate.SQL                        : insert into CarStatusTable (carAvailability, carType, latitude, longitude, carId) values (?, ?, ?, ?, ?)
2018-08-18 08:12:08.145 DEBUG 13626 --- [    Test worker] org.hibernate.SQL                        : insert into CarStatusTable (carAvailability, carType, latitude, longitude, carId) values (?, ?, ?, ?, ?)
2018-08-18 08:12:08.147 DEBUG 13626 --- [    Test worker] org.hibernate.SQL                        : insert into CarStatusTable (carAvailability, carType, latitude, longitude, carId) values (?, ?, ?, ?, ?)
2018-08-18 08:12:08.148 DEBUG 13626 --- [    Test worker] org.hibernate.SQL                        : insert into CarStatusTable (carAvailability, carType, latitude, longitude, carId) values (?, ?, ?, ?, ?)
2018-08-18 08:12:08.154 DEBUG 13626 --- [    Test worker] org.hibernate.SQL                        : insert into CarStatusTable (carAvailability, carType, latitude, longitude, carId) values (?, ?, ?, ?, ?)
2018-08-18 08:12:08.155 DEBUG 13626 --- [    Test worker] org.hibernate.SQL                        : insert into CarStatusTable (carAvailability, carType, latitude, longitude, carId) values (?, ?, ?, ?, ?)
2018-08-18 08:12:08.156 DEBUG 13626 --- [    Test worker] org.hibernate.SQL                        : insert into CarStatusTable (carAvailability, carType, latitude, longitude, carId) values (?, ?, ?, ?, ?)
2018-08-18 08:12:08.157 DEBUG 13626 --- [    Test worker] org.hibernate.SQL                        : insert into CarStatusTable (carAvailability, carType, latitude, longitude, carId) values (?, ?, ?, ?, ?)
2018-08-18 08:12:08.158 DEBUG 13626 --- [    Test worker] org.hibernate.SQL                        : insert into CarStatusTable (carAvailability, carType, latitude, longitude, carId) values (?, ?, ?, ?, ?)
2018-08-18 08:12:08.165 DEBUG 13626 --- [    Test worker] org.hibernate.SQL                        : insert into CarStatusTable (carAvailability, carType, latitude, longitude, carId) values (?, ?, ?, ?, ?)
2018-08-18 08:12:08.166 DEBUG 13626 --- [    Test worker] org.hibernate.SQL                        : insert into CarStatusTable (carAvailability, carType, latitude, longitude, carId) values (?, ?, ?, ?, ?)
2018-08-18 08:12:08.167 DEBUG 13626 --- [    Test worker] org.hibernate.SQL                        : insert into CarStatusTable (carAvailability, carType, latitude, longitude, carId) values (?, ?, ?, ?, ?)
2018-08-18 08:12:08.176 DEBUG 13626 --- [    Test worker] org.hibernate.SQL                        : insert into CarStatusTable (carAvailability, carType, latitude, longitude, carId) values (?, ?, ?, ?, ?)
2018-08-18 08:12:08.177 DEBUG 13626 --- [    Test worker] org.hibernate.SQL                        : insert into CarStatusTable (carAvailability, carType, latitude, longitude, carId) values (?, ?, ?, ?, ?)
2018-08-18 08:12:08.178 DEBUG 13626 --- [    Test worker] org.hibernate.SQL                        : insert into CarStatusTable (carAvailability, carType, latitude, longitude, carId) values (?, ?, ?, ?, ?)
2018-08-18 08:12:08.180 DEBUG 13626 --- [    Test worker] org.hibernate.SQL                        : insert into CarStatusTable (carAvailability, carType, latitude, longitude, carId) values (?, ?, ?, ?, ?)
2018-08-18 08:12:08.181 DEBUG 13626 --- [    Test worker] org.hibernate.SQL                        : insert into CarStatusTable (carAvailability, carType, latitude, longitude, carId) values (?, ?, ?, ?, ?)
2018-08-18 08:12:08.181 DEBUG 13626 --- [    Test worker] org.hibernate.SQL                        : insert into CarStatusTable (carAvailability, carType, latitude, longitude, carId) values (?, ?, ?, ?, ?)
2018-08-18 08:12:08.182 DEBUG 13626 --- [    Test worker] org.hibernate.SQL                        : insert into CarStatusTable (carAvailability, carType, latitude, longitude, carId) values (?, ?, ?, ?, ?)
2018-08-18 08:12:08.189 DEBUG 13626 --- [    Test worker] org.hibernate.SQL                        : insert into CarStatusTable (carAvailability, carType, latitude, longitude, carId) values (?, ?, ?, ?, ?)
2018-08-18 08:12:08.191 DEBUG 13626 --- [    Test worker] org.hibernate.SQL                        : insert into CarStatusTable (carAvailability, carType, latitude, longitude, carId) values (?, ?, ?, ?, ?)
2018-08-18 08:12:08.192 DEBUG 13626 --- [    Test worker] org.hibernate.SQL                        : insert into CarStatusTable (carAvailability, carType, latitude, longitude, carId) values (?, ?, ?, ?, ?)
2018-08-18 08:12:08.193 DEBUG 13626 --- [    Test worker] org.hibernate.SQL                        : insert into CarStatusTable (carAvailability, carType, latitude, longitude, carId) values (?, ?, ?, ?, ?)
2018-08-18 08:12:08.193 DEBUG 13626 --- [    Test worker] org.hibernate.SQL                        : insert into CarStatusTable (carAvailability, carType, latitude, longitude, carId) values (?, ?, ?, ?, ?)
2018-08-18 08:12:08.194 DEBUG 13626 --- [    Test worker] org.hibernate.SQL                        : insert into CarStatusTable (carAvailability, carType, latitude, longitude, carId) values (?, ?, ?, ?, ?)
2018-08-18 08:12:08.195 DEBUG 13626 --- [    Test worker] org.hibernate.SQL                        : insert into CarStatusTable (carAvailability, carType, latitude, longitude, carId) values (?, ?, ?, ?, ?)
2018-08-18 08:12:08.195 DEBUG 13626 --- [    Test worker] org.hibernate.SQL                        : insert into CarStatusTable (carAvailability, carType, latitude, longitude, carId) values (?, ?, ?, ?, ?)
2018-08-18 08:12:08.196 DEBUG 13626 --- [    Test worker] org.hibernate.SQL                        : insert into CarStatusTable (carAvailability, carType, latitude, longitude, carId) values (?, ?, ?, ?, ?)
2018-08-18 08:12:08.197 DEBUG 13626 --- [    Test worker] org.hibernate.SQL                        : insert into CarStatusTable (carAvailability, carType, latitude, longitude, carId) values (?, ?, ?, ?, ?)
2018-08-18 08:12:08.197 DEBUG 13626 --- [    Test worker] org.hibernate.SQL                        : insert into CarStatusTable (carAvailability, carType, latitude, longitude, carId) values (?, ?, ?, ?, ?)
2018-08-18 08:12:08.198 DEBUG 13626 --- [    Test worker] org.hibernate.SQL                        : insert into CarStatusTable (carAvailability, carType, latitude, longitude, carId) values (?, ?, ?, ?, ?)
2018-08-18 08:12:08.200 DEBUG 13626 --- [    Test worker] org.hibernate.SQL                        : insert into CarStatusTable (carAvailability, carType, latitude, longitude, carId) values (?, ?, ?, ?, ?)
2018-08-18 08:12:08.201 DEBUG 13626 --- [    Test worker] org.hibernate.SQL                        : insert into CarStatusTable (carAvailability, carType, latitude, longitude, carId) values (?, ?, ?, ?, ?)
2018-08-18 08:12:08.202 DEBUG 13626 --- [    Test worker] org.hibernate.SQL                        : insert into CarStatusTable (carAvailability, carType, latitude, longitude, carId) values (?, ?, ?, ?, ?)
2018-08-18 08:12:08.203 DEBUG 13626 --- [    Test worker] org.hibernate.SQL                        : insert into CarStatusTable (carAvailability, carType, latitude, longitude, carId) values (?, ?, ?, ?, ?)
2018-08-18 08:12:08.204 DEBUG 13626 --- [    Test worker] org.hibernate.SQL                        : insert into CarStatusTable (carAvailability, carType, latitude, longitude, carId) values (?, ?, ?, ?, ?)
2018-08-18 08:12:08.206 DEBUG 13626 --- [    Test worker] org.hibernate.SQL                        : insert into CarStatusTable (carAvailability, carType, latitude, longitude, carId) values (?, ?, ?, ?, ?)
2018-08-18 08:12:08.207 DEBUG 13626 --- [    Test worker] org.hibernate.SQL                        : insert into CarStatusTable (carAvailability, carType, latitude, longitude, carId) values (?, ?, ?, ?, ?)
2018-08-18 08:12:08.207 DEBUG 13626 --- [    Test worker] org.hibernate.SQL                        : insert into CarStatusTable (carAvailability, carType, latitude, longitude, carId) values (?, ?, ?, ?, ?)
2018-08-18 08:12:08.208 DEBUG 13626 --- [    Test worker] org.hibernate.SQL                        : insert into CarStatusTable (carAvailability, carType, latitude, longitude, carId) values (?, ?, ?, ?, ?)
2018-08-18 08:12:08.209 DEBUG 13626 --- [    Test worker] org.hibernate.SQL                        : insert into CarStatusTable (carAvailability, carType, latitude, longitude, carId) values (?, ?, ?, ?, ?)
2018-08-18 08:12:08.210 DEBUG 13626 --- [    Test worker] org.hibernate.SQL                        : insert into CarStatusTable (carAvailability, carType, latitude, longitude, carId) values (?, ?, ?, ?, ?)
2018-08-18 08:12:08.211 DEBUG 13626 --- [    Test worker] org.hibernate.SQL                        : insert into CarStatusTable (carAvailability, carType, latitude, longitude, carId) values (?, ?, ?, ?, ?)
2018-08-18 08:12:08.211 DEBUG 13626 --- [    Test worker] org.hibernate.SQL                        : insert into CarStatusTable (carAvailability, carType, latitude, longitude, carId) values (?, ?, ?, ?, ?)
2018-08-18 08:12:08.212 DEBUG 13626 --- [    Test worker] org.hibernate.SQL                        : insert into CarStatusTable (carAvailability, carType, latitude, longitude, carId) values (?, ?, ?, ?, ?)
2018-08-18 08:12:08.213 DEBUG 13626 --- [    Test worker] org.hibernate.SQL                        : insert into CarStatusTable (carAvailability, carType, latitude, longitude, carId) values (?, ?, ?, ?, ?)
2018-08-18 08:12:08.217 DEBUG 13626 --- [    Test worker] org.hibernate.SQL                        : insert into CarStatusTable (carAvailability, carType, latitude, longitude, carId) values (?, ?, ?, ?, ?)
2018-08-18 08:12:08.219 DEBUG 13626 --- [    Test worker] org.hibernate.SQL                        : insert into CarStatusTable (carAvailability, carType, latitude, longitude, carId) values (?, ?, ?, ?, ?)
2018-08-18 08:12:08.224 DEBUG 13626 --- [    Test worker] org.hibernate.SQL                        : insert into CarStatusTable (carAvailability, carType, latitude, longitude, carId) values (?, ?, ?, ?, ?)
2018-08-18 08:12:08.226 DEBUG 13626 --- [    Test worker] org.hibernate.SQL                        : insert into CarStatusTable (carAvailability, carType, latitude, longitude, carId) values (?, ?, ?, ?, ?)
2018-08-18 08:12:08.228 DEBUG 13626 --- [    Test worker] org.hibernate.SQL                        : insert into CarStatusTable (carAvailability, carType, latitude, longitude, carId) values (?, ?, ?, ?, ?)
2018-08-18 08:12:08.234 DEBUG 13626 --- [    Test worker] org.hibernate.SQL                        : insert into CarStatusTable (carAvailability, carType, latitude, longitude, carId) values (?, ?, ?, ?, ?)
2018-08-18 08:12:08.236 DEBUG 13626 --- [    Test worker] org.hibernate.SQL                        : insert into CarStatusTable (carAvailability, carType, latitude, longitude, carId) values (?, ?, ?, ?, ?)
2018-08-18 08:12:08.245 DEBUG 13626 --- [    Test worker] org.hibernate.SQL                        : insert into CarStatusTable (carAvailability, carType, latitude, longitude, carId) values (?, ?, ?, ?, ?)
2018-08-18 08:12:08.247 DEBUG 13626 --- [    Test worker] org.hibernate.SQL                        : insert into CarStatusTable (carAvailability, carType, latitude, longitude, carId) values (?, ?, ?, ?, ?)
2018-08-18 08:12:08.248 DEBUG 13626 --- [    Test worker] org.hibernate.SQL                        : insert into CarStatusTable (carAvailability, carType, latitude, longitude, carId) values (?, ?, ?, ?, ?)
2018-08-18 08:12:08.249 DEBUG 13626 --- [    Test worker] org.hibernate.SQL                        : insert into CarStatusTable (carAvailability, carType, latitude, longitude, carId) values (?, ?, ?, ?, ?)
2018-08-18 08:12:08.249 DEBUG 13626 --- [    Test worker] org.hibernate.SQL                        : insert into CarStatusTable (carAvailability, carType, latitude, longitude, carId) values (?, ?, ?, ?, ?)
2018-08-18 08:12:08.254 DEBUG 13626 --- [    Test worker] org.hibernate.SQL                        : insert into CarStatusTable (carAvailability, carType, latitude, longitude, carId) values (?, ?, ?, ?, ?)
2018-08-18 08:12:08.256 DEBUG 13626 --- [    Test worker] org.hibernate.SQL                        : insert into CarStatusTable (carAvailability, carType, latitude, longitude, carId) values (?, ?, ?, ?, ?)
2018-08-18 08:12:08.257 DEBUG 13626 --- [    Test worker] org.hibernate.SQL                        : insert into CarStatusTable (carAvailability, carType, latitude, longitude, carId) values (?, ?, ?, ?, ?)
2018-08-18 08:12:08.258 DEBUG 13626 --- [    Test worker] org.hibernate.SQL                        : insert into CarStatusTable (carAvailability, carType, latitude, longitude, carId) values (?, ?, ?, ?, ?)
2018-08-18 08:12:08.261 DEBUG 13626 --- [    Test worker] org.hibernate.SQL                        : insert into CarStatusTable (carAvailability, carType, latitude, longitude, carId) values (?, ?, ?, ?, ?)
2018-08-18 08:12:08.266 DEBUG 13626 --- [    Test worker] org.hibernate.SQL                        : insert into CarStatusTable (carAvailability, carType, latitude, longitude, carId) values (?, ?, ?, ?, ?)
2018-08-18 08:12:08.267 DEBUG 13626 --- [    Test worker] org.hibernate.SQL                        : insert into CarStatusTable (carAvailability, carType, latitude, longitude, carId) values (?, ?, ?, ?, ?)
2018-08-18 08:12:08.268 DEBUG 13626 --- [    Test worker] org.hibernate.SQL                        : insert into CarStatusTable (carAvailability, carType, latitude, longitude, carId) values (?, ?, ?, ?, ?)
2018-08-18 08:12:08.269 DEBUG 13626 --- [    Test worker] org.hibernate.SQL                        : insert into CarStatusTable (carAvailability, carType, latitude, longitude, carId) values (?, ?, ?, ?, ?)
2018-08-18 08:12:08.279 DEBUG 13626 --- [    Test worker] org.hibernate.SQL                        : insert into CarStatusTable (carAvailability, carType, latitude, longitude, carId) values (?, ?, ?, ?, ?)
2018-08-18 08:12:08.280 DEBUG 13626 --- [    Test worker] org.hibernate.SQL                        : insert into CarStatusTable (carAvailability, carType, latitude, longitude, carId) values (?, ?, ?, ?, ?)
2018-08-18 08:12:08.282 DEBUG 13626 --- [    Test worker] org.hibernate.SQL                        : insert into CarStatusTable (carAvailability, carType, latitude, longitude, carId) values (?, ?, ?, ?, ?)
2018-08-18 08:12:08.286 DEBUG 13626 --- [    Test worker] org.hibernate.SQL                        : insert into CarStatusTable (carAvailability, carType, latitude, longitude, carId) values (?, ?, ?, ?, ?)
2018-08-18 08:12:08.287 DEBUG 13626 --- [    Test worker] org.hibernate.SQL                        : insert into CarStatusTable (carAvailability, carType, latitude, longitude, carId) values (?, ?, ?, ?, ?)
2018-08-18 08:12:08.289 DEBUG 13626 --- [    Test worker] org.hibernate.SQL                        : insert into CarStatusTable (carAvailability, carType, latitude, longitude, carId) values (?, ?, ?, ?, ?)
2018-08-18 08:12:08.289 DEBUG 13626 --- [    Test worker] org.hibernate.SQL                        : insert into CarStatusTable (carAvailability, carType, latitude, longitude, carId) values (?, ?, ?, ?, ?)
2018-08-18 08:12:08.290 DEBUG 13626 --- [    Test worker] org.hibernate.SQL                        : insert into CarStatusTable (carAvailability, carType, latitude, longitude, carId) values (?, ?, ?, ?, ?)
2018-08-18 08:12:08.291 DEBUG 13626 --- [    Test worker] org.hibernate.SQL                        : insert into CarStatusTable (carAvailability, carType, latitude, longitude, carId) values (?, ?, ?, ?, ?)
2018-08-18 08:12:08.291 DEBUG 13626 --- [    Test worker] org.hibernate.SQL                        : insert into CarStatusTable (carAvailability, carType, latitude, longitude, carId) values (?, ?, ?, ?, ?)
2018-08-18 08:12:08.292 DEBUG 13626 --- [    Test worker] org.hibernate.SQL                        : insert into CarStatusTable (carAvailability, carType, latitude, longitude, carId) values (?, ?, ?, ?, ?)
2018-08-18 08:12:08.293 DEBUG 13626 --- [    Test worker] org.hibernate.SQL                        : insert into CarStatusTable (carAvailability, carType, latitude, longitude, carId) values (?, ?, ?, ?, ?)
2018-08-18 08:12:08.294 DEBUG 13626 --- [    Test worker] org.hibernate.SQL                        : insert into CarStatusTable (carAvailability, carType, latitude, longitude, carId) values (?, ?, ?, ?, ?)
2018-08-18 08:12:08.295 DEBUG 13626 --- [    Test worker] org.hibernate.SQL                        : insert into CarStatusTable (carAvailability, carType, latitude, longitude, carId) values (?, ?, ?, ?, ?)
2018-08-18 08:12:08.305 DEBUG 13626 --- [    Test worker] org.hibernate.SQL                        : insert into CarStatusTable (carAvailability, carType, latitude, longitude, carId) values (?, ?, ?, ?, ?)
2018-08-18 08:12:08.307 DEBUG 13626 --- [    Test worker] org.hibernate.SQL                        : insert into CarStatusTable (carAvailability, carType, latitude, longitude, carId) values (?, ?, ?, ?, ?)
2018-08-18 08:12:08.308 DEBUG 13626 --- [    Test worker] org.hibernate.SQL                        : insert into CarStatusTable (carAvailability, carType, latitude, longitude, carId) values (?, ?, ?, ?, ?)
2018-08-18 08:12:08.308 DEBUG 13626 --- [    Test worker] org.hibernate.SQL                        : insert into CarStatusTable (carAvailability, carType, latitude, longitude, carId) values (?, ?, ?, ?, ?)
2018-08-18 08:12:08.315 DEBUG 13626 --- [    Test worker] org.hibernate.SQL                        : insert into CarStatusTable (carAvailability, carType, latitude, longitude, carId) values (?, ?, ?, ?, ?)
2018-08-18 08:12:08.316 DEBUG 13626 --- [    Test worker] org.hibernate.SQL                        : insert into CarStatusTable (carAvailability, carType, latitude, longitude, carId) values (?, ?, ?, ?, ?)
2018-08-18 08:12:08.317 DEBUG 13626 --- [    Test worker] org.hibernate.SQL                        : insert into CarStatusTable (carAvailability, carType, latitude, longitude, carId) values (?, ?, ?, ?, ?)
2018-08-18 08:12:08.318 DEBUG 13626 --- [    Test worker] org.hibernate.SQL                        : insert into CarStatusTable (carAvailability, carType, latitude, longitude, carId) values (?, ?, ?, ?, ?)
2018-08-18 08:12:08.320 DEBUG 13626 --- [    Test worker] org.hibernate.SQL                        : insert into CarStatusTable (carAvailability, carType, latitude, longitude, carId) values (?, ?, ?, ?, ?)
2018-08-18 08:12:08.321 DEBUG 13626 --- [    Test worker] org.hibernate.SQL                        : insert into CarStatusTable (carAvailability, carType, latitude, longitude, carId) values (?, ?, ?, ?, ?)
2018-08-18 08:12:08.322 DEBUG 13626 --- [    Test worker] org.hibernate.SQL                        : insert into CarStatusTable (carAvailability, carType, latitude, longitude, carId) values (?, ?, ?, ?, ?)
2018-08-18 08:12:08.323 DEBUG 13626 --- [    Test worker] org.hibernate.SQL                        : insert into CarStatusTable (carAvailability, carType, latitude, longitude, carId) values (?, ?, ?, ?, ?)
2018-08-18 08:12:08.331 DEBUG 13626 --- [    Test worker] org.hibernate.SQL                        : insert into CarStatusTable (carAvailability, carType, latitude, longitude, carId) values (?, ?, ?, ?, ?)
2018-08-18 08:12:08.338 DEBUG 13626 --- [    Test worker] org.hibernate.SQL                        : insert into CarStatusTable (carAvailability, carType, latitude, longitude, carId) values (?, ?, ?, ?, ?)
2018-08-18 08:12:08.339 DEBUG 13626 --- [    Test worker] org.hibernate.SQL                        : insert into CarStatusTable (carAvailability, carType, latitude, longitude, carId) values (?, ?, ?, ?, ?)
2018-08-18 08:12:08.340 DEBUG 13626 --- [    Test worker] org.hibernate.SQL                        : insert into CarStatusTable (carAvailability, carType, latitude, longitude, carId) values (?, ?, ?, ?, ?)
2018-08-18 08:12:08.341 DEBUG 13626 --- [    Test worker] org.hibernate.SQL                        : insert into CarStatusTable (carAvailability, carType, latitude, longitude, carId) values (?, ?, ?, ?, ?)
2018-08-18 08:12:08.345 DEBUG 13626 --- [    Test worker] org.hibernate.SQL                        : insert into CarStatusTable (carAvailability, carType, latitude, longitude, carId) values (?, ?, ?, ?, ?)
2018-08-18 08:12:08.350 DEBUG 13626 --- [    Test worker] org.hibernate.SQL                        : insert into CarStatusTable (carAvailability, carType, latitude, longitude, carId) values (?, ?, ?, ?, ?)
2018-08-18 08:12:08.352 DEBUG 13626 --- [    Test worker] org.hibernate.SQL                        : insert into CarStatusTable (carAvailability, carType, latitude, longitude, carId) values (?, ?, ?, ?, ?)
2018-08-18 08:12:08.353 DEBUG 13626 --- [    Test worker] org.hibernate.SQL                        : insert into CarStatusTable (carAvailability, carType, latitude, longitude, carId) values (?, ?, ?, ?, ?)
2018-08-18 08:12:08.358 DEBUG 13626 --- [    Test worker] org.hibernate.SQL                        : insert into CarStatusTable (carAvailability, carType, latitude, longitude, carId) values (?, ?, ?, ?, ?)
2018-08-18 08:12:08.359 DEBUG 13626 --- [    Test worker] org.hibernate.SQL                        : insert into CarStatusTable (carAvailability, carType, latitude, longitude, carId) values (?, ?, ?, ?, ?)
2018-08-18 08:12:08.360 DEBUG 13626 --- [    Test worker] org.hibernate.SQL                        : insert into CarStatusTable (carAvailability, carType, latitude, longitude, carId) values (?, ?, ?, ?, ?)
2018-08-18 08:12:08.361 DEBUG 13626 --- [    Test worker] org.hibernate.SQL                        : insert into CarStatusTable (carAvailability, carType, latitude, longitude, carId) values (?, ?, ?, ?, ?)
2018-08-18 08:12:08.361 DEBUG 13626 --- [    Test worker] org.hibernate.SQL                        : insert into CarStatusTable (carAvailability, carType, latitude, longitude, carId) values (?, ?, ?, ?, ?)
2018-08-18 08:12:08.368 DEBUG 13626 --- [    Test worker] org.hibernate.SQL                        : insert into CarStatusTable (carAvailability, carType, latitude, longitude, carId) values (?, ?, ?, ?, ?)
2018-08-18 08:12:08.369 DEBUG 13626 --- [    Test worker] org.hibernate.SQL                        : insert into CarStatusTable (carAvailability, carType, latitude, longitude, carId) values (?, ?, ?, ?, ?)
2018-08-18 08:12:08.373 DEBUG 13626 --- [    Test worker] org.hibernate.SQL                        : insert into CarStatusTable (carAvailability, carType, latitude, longitude, carId) values (?, ?, ?, ?, ?)
2018-08-18 08:12:08.374 DEBUG 13626 --- [    Test worker] org.hibernate.SQL                        : insert into CarStatusTable (carAvailability, carType, latitude, longitude, carId) values (?, ?, ?, ?, ?)
2018-08-18 08:12:08.375 DEBUG 13626 --- [    Test worker] org.hibernate.SQL                        : insert into CarStatusTable (carAvailability, carType, latitude, longitude, carId) values (?, ?, ?, ?, ?)
2018-08-18 08:12:08.376 DEBUG 13626 --- [    Test worker] org.hibernate.SQL                        : insert into CarStatusTable (carAvailability, carType, latitude, longitude, carId) values (?, ?, ?, ?, ?)
2018-08-18 08:12:08.376 DEBUG 13626 --- [    Test worker] org.hibernate.SQL                        : insert into CarStatusTable (carAvailability, carType, latitude, longitude, carId) values (?, ?, ?, ?, ?)
2018-08-18 08:12:08.377 DEBUG 13626 --- [    Test worker] org.hibernate.SQL                        : insert into CarStatusTable (carAvailability, carType, latitude, longitude, carId) values (?, ?, ?, ?, ?)
2018-08-18 08:12:08.384 DEBUG 13626 --- [    Test worker] org.hibernate.SQL                        : insert into CarStatusTable (carAvailability, carType, latitude, longitude, carId) values (?, ?, ?, ?, ?)
2018-08-18 08:12:08.385 DEBUG 13626 --- [    Test worker] org.hibernate.SQL                        : insert into CarStatusTable (carAvailability, carType, latitude, longitude, carId) values (?, ?, ?, ?, ?)
2018-08-18 08:12:08.396 DEBUG 13626 --- [    Test worker] org.hibernate.SQL                        : insert into CarStatusTable (carAvailability, carType, latitude, longitude, carId) values (?, ?, ?, ?, ?)
2018-08-18 08:12:08.397 DEBUG 13626 --- [    Test worker] org.hibernate.SQL                        : insert into CarStatusTable (carAvailability, carType, latitude, longitude, carId) values (?, ?, ?, ?, ?)
2018-08-18 08:12:08.398 DEBUG 13626 --- [    Test worker] org.hibernate.SQL                        : insert into CarStatusTable (carAvailability, carType, latitude, longitude, carId) values (?, ?, ?, ?, ?)
2018-08-18 08:12:08.399 DEBUG 13626 --- [    Test worker] org.hibernate.SQL                        : insert into CarStatusTable (carAvailability, carType, latitude, longitude, carId) values (?, ?, ?, ?, ?)
2018-08-18 08:12:08.405 DEBUG 13626 --- [    Test worker] org.hibernate.SQL                        : insert into CarStatusTable (carAvailability, carType, latitude, longitude, carId) values (?, ?, ?, ?, ?)
2018-08-18 08:12:08.407 DEBUG 13626 --- [    Test worker] org.hibernate.SQL                        : insert into CarStatusTable (carAvailability, carType, latitude, longitude, carId) values (?, ?, ?, ?, ?)
2018-08-18 08:12:08.408 DEBUG 13626 --- [    Test worker] org.hibernate.SQL                        : insert into CarStatusTable (carAvailability, carType, latitude, longitude, carId) values (?, ?, ?, ?, ?)
2018-08-18 08:12:08.410 DEBUG 13626 --- [    Test worker] org.hibernate.SQL                        : insert into CarStatusTable (carAvailability, carType, latitude, longitude, carId) values (?, ?, ?, ?, ?)
2018-08-18 08:12:08.414 DEBUG 13626 --- [    Test worker] org.hibernate.SQL                        : insert into CarStatusTable (carAvailability, carType, latitude, longitude, carId) values (?, ?, ?, ?, ?)
2018-08-18 08:12:08.416 DEBUG 13626 --- [    Test worker] org.hibernate.SQL                        : insert into CarStatusTable (carAvailability, carType, latitude, longitude, carId) values (?, ?, ?, ?, ?)
2018-08-18 08:12:08.417 DEBUG 13626 --- [    Test worker] org.hibernate.SQL                        : insert into CarStatusTable (carAvailability, carType, latitude, longitude, carId) values (?, ?, ?, ?, ?)
2018-08-18 08:12:08.418 DEBUG 13626 --- [    Test worker] org.hibernate.SQL                        : insert into CarStatusTable (carAvailability, carType, latitude, longitude, carId) values (?, ?, ?, ?, ?)
2018-08-18 08:12:08.419 DEBUG 13626 --- [    Test worker] org.hibernate.SQL                        : insert into CarStatusTable (carAvailability, carType, latitude, longitude, carId) values (?, ?, ?, ?, ?)
2018-08-18 08:12:08.426 DEBUG 13626 --- [    Test worker] org.hibernate.SQL                        : insert into CarStatusTable (carAvailability, carType, latitude, longitude, carId) values (?, ?, ?, ?, ?)
2018-08-18 08:12:08.430 DEBUG 13626 --- [    Test worker] org.hibernate.SQL                        : insert into CarStatusTable (carAvailability, carType, latitude, longitude, carId) values (?, ?, ?, ?, ?)
2018-08-18 08:12:08.431 DEBUG 13626 --- [    Test worker] org.hibernate.SQL                        : insert into CarStatusTable (carAvailability, carType, latitude, longitude, carId) values (?, ?, ?, ?, ?)
2018-08-18 08:12:08.432 DEBUG 13626 --- [    Test worker] org.hibernate.SQL                        : insert into CarStatusTable (carAvailability, carType, latitude, longitude, carId) values (?, ?, ?, ?, ?)
2018-08-18 08:12:08.433 DEBUG 13626 --- [    Test worker] org.hibernate.SQL                        : insert into CarStatusTable (carAvailability, carType, latitude, longitude, carId) values (?, ?, ?, ?, ?)
2018-08-18 08:12:08.434 DEBUG 13626 --- [    Test worker] org.hibernate.SQL                        : insert into CarStatusTable (carAvailability, carType, latitude, longitude, carId) values (?, ?, ?, ?, ?)
2018-08-18 08:12:08.435 DEBUG 13626 --- [    Test worker] org.hibernate.SQL                        : insert into CarStatusTable (carAvailability, carType, latitude, longitude, carId) values (?, ?, ?, ?, ?)
2018-08-18 08:12:08.442 DEBUG 13626 --- [    Test worker] org.hibernate.SQL                        : insert into CarStatusTable (carAvailability, carType, latitude, longitude, carId) values (?, ?, ?, ?, ?)
2018-08-18 08:12:08.443 DEBUG 13626 --- [    Test worker] org.hibernate.SQL                        : insert into CarStatusTable (carAvailability, carType, latitude, longitude, carId) values (?, ?, ?, ?, ?)
2018-08-18 08:12:08.444 DEBUG 13626 --- [    Test worker] org.hibernate.SQL                        : insert into CarStatusTable (carAvailability, carType, latitude, longitude, carId) values (?, ?, ?, ?, ?)
2018-08-18 08:12:08.445 DEBUG 13626 --- [    Test worker] org.hibernate.SQL                        : insert into CarStatusTable (carAvailability, carType, latitude, longitude, carId) values (?, ?, ?, ?, ?)
2018-08-18 08:12:08.445 DEBUG 13626 --- [    Test worker] org.hibernate.SQL                        : insert into CarStatusTable (carAvailability, carType, latitude, longitude, carId) values (?, ?, ?, ?, ?)
2018-08-18 08:12:08.452 DEBUG 13626 --- [    Test worker] org.hibernate.SQL                        : insert into CarStatusTable (carAvailability, carType, latitude, longitude, carId) values (?, ?, ?, ?, ?)
2018-08-18 08:12:08.453 DEBUG 13626 --- [    Test worker] org.hibernate.SQL                        : insert into CarStatusTable (carAvailability, carType, latitude, longitude, carId) values (?, ?, ?, ?, ?)
2018-08-18 08:12:08.461 DEBUG 13626 --- [    Test worker] org.hibernate.SQL                        : insert into CarStatusTable (carAvailability, carType, latitude, longitude, carId) values (?, ?, ?, ?, ?)
2018-08-18 08:12:08.463 DEBUG 13626 --- [    Test worker] org.hibernate.SQL                        : insert into CarStatusTable (carAvailability, carType, latitude, longitude, carId) values (?, ?, ?, ?, ?)
2018-08-18 08:12:08.464 DEBUG 13626 --- [    Test worker] org.hibernate.SQL                        : insert into CarStatusTable (carAvailability, carType, latitude, longitude, carId) values (?, ?, ?, ?, ?)
2018-08-18 08:12:08.465 DEBUG 13626 --- [    Test worker] org.hibernate.SQL                        : insert into CarStatusTable (carAvailability, carType, latitude, longitude, carId) values (?, ?, ?, ?, ?)
2018-08-18 08:12:08.465 DEBUG 13626 --- [    Test worker] org.hibernate.SQL                        : insert into CarStatusTable (carAvailability, carType, latitude, longitude, carId) values (?, ?, ?, ?, ?)
2018-08-18 08:12:08.469 DEBUG 13626 --- [    Test worker] org.hibernate.SQL                        : insert into CarStatusTable (carAvailability, carType, latitude, longitude, carId) values (?, ?, ?, ?, ?)
2018-08-18 08:12:08.470 DEBUG 13626 --- [    Test worker] org.hibernate.SQL                        : insert into CarStatusTable (carAvailability, carType, latitude, longitude, carId) values (?, ?, ?, ?, ?)
2018-08-18 08:12:08.473 DEBUG 13626 --- [    Test worker] org.hibernate.SQL                        : insert into CarStatusTable (carAvailability, carType, latitude, longitude, carId) values (?, ?, ?, ?, ?)
2018-08-18 08:12:08.474 DEBUG 13626 --- [    Test worker] org.hibernate.SQL                        : insert into CarStatusTable (carAvailability, carType, latitude, longitude, carId) values (?, ?, ?, ?, ?)
2018-08-18 08:12:08.475 DEBUG 13626 --- [    Test worker] org.hibernate.SQL                        : insert into CarStatusTable (carAvailability, carType, latitude, longitude, carId) values (?, ?, ?, ?, ?)
2018-08-18 08:12:08.475 DEBUG 13626 --- [    Test worker] org.hibernate.SQL                        : insert into CarStatusTable (carAvailability, carType, latitude, longitude, carId) values (?, ?, ?, ?, ?)
2018-08-18 08:12:08.476 DEBUG 13626 --- [    Test worker] org.hibernate.SQL                        : insert into CarStatusTable (carAvailability, carType, latitude, longitude, carId) values (?, ?, ?, ?, ?)
2018-08-18 08:12:08.480 DEBUG 13626 --- [    Test worker] org.hibernate.SQL                        : insert into CarStatusTable (carAvailability, carType, latitude, longitude, carId) values (?, ?, ?, ?, ?)
2018-08-18 08:12:08.487 DEBUG 13626 --- [    Test worker] org.hibernate.SQL                        : insert into CarStatusTable (carAvailability, carType, latitude, longitude, carId) values (?, ?, ?, ?, ?)
2018-08-18 08:12:08.488 DEBUG 13626 --- [    Test worker] org.hibernate.SQL                        : insert into CarStatusTable (carAvailability, carType, latitude, longitude, carId) values (?, ?, ?, ?, ?)
2018-08-18 08:12:08.494 DEBUG 13626 --- [    Test worker] org.hibernate.SQL                        : insert into CarStatusTable (carAvailability, carType, latitude, longitude, carId) values (?, ?, ?, ?, ?)
2018-08-18 08:12:08.498 DEBUG 13626 --- [    Test worker] org.hibernate.SQL                        : insert into CarStatusTable (carAvailability, carType, latitude, longitude, carId) values (?, ?, ?, ?, ?)
2018-08-18 08:12:08.500 DEBUG 13626 --- [    Test worker] org.hibernate.SQL                        : insert into CarStatusTable (carAvailability, carType, latitude, longitude, carId) values (?, ?, ?, ?, ?)
2018-08-18 08:12:08.502 DEBUG 13626 --- [    Test worker] org.hibernate.SQL                        : insert into CarStatusTable (carAvailability, carType, latitude, longitude, carId) values (?, ?, ?, ?, ?)
2018-08-18 08:12:08.503 DEBUG 13626 --- [    Test worker] org.hibernate.SQL                        : insert into CarStatusTable (carAvailability, carType, latitude, longitude, carId) values (?, ?, ?, ?, ?)
2018-08-18 08:12:08.504 DEBUG 13626 --- [    Test worker] org.hibernate.SQL                        : insert into CarStatusTable (carAvailability, carType, latitude, longitude, carId) values (?, ?, ?, ?, ?)
2018-08-18 08:12:08.505 DEBUG 13626 --- [    Test worker] org.hibernate.SQL                        : insert into CarStatusTable (carAvailability, carType, latitude, longitude, carId) values (?, ?, ?, ?, ?)
2018-08-18 08:12:08.505 DEBUG 13626 --- [    Test worker] org.hibernate.SQL                        : insert into CarStatusTable (carAvailability, carType, latitude, longitude, carId) values (?, ?, ?, ?, ?)
2018-08-18 08:12:08.506 DEBUG 13626 --- [    Test worker] org.hibernate.SQL                        : insert into CarStatusTable (carAvailability, carType, latitude, longitude, carId) values (?, ?, ?, ?, ?)
2018-08-18 08:12:08.507 DEBUG 13626 --- [    Test worker] org.hibernate.SQL                        : insert into CarStatusTable (carAvailability, carType, latitude, longitude, carId) values (?, ?, ?, ?, ?)
2018-08-18 08:12:08.509 DEBUG 13626 --- [    Test worker] org.hibernate.SQL                        : insert into CarStatusTable (carAvailability, carType, latitude, longitude, carId) values (?, ?, ?, ?, ?)
2018-08-18 08:12:08.510 DEBUG 13626 --- [    Test worker] org.hibernate.SQL                        : insert into CarStatusTable (carAvailability, carType, latitude, longitude, carId) values (?, ?, ?, ?, ?)
2018-08-18 08:12:08.512 DEBUG 13626 --- [    Test worker] org.hibernate.SQL                        : insert into CarStatusTable (carAvailability, carType, latitude, longitude, carId) values (?, ?, ?, ?, ?)
2018-08-18 08:12:08.515 DEBUG 13626 --- [    Test worker] org.hibernate.SQL                        : insert into CarStatusTable (carAvailability, carType, latitude, longitude, carId) values (?, ?, ?, ?, ?)
2018-08-18 08:12:08.516 DEBUG 13626 --- [    Test worker] org.hibernate.SQL                        : insert into CarStatusTable (carAvailability, carType, latitude, longitude, carId) values (?, ?, ?, ?, ?)
2018-08-18 08:12:08.517 DEBUG 13626 --- [    Test worker] org.hibernate.SQL                        : insert into CarStatusTable (carAvailability, carType, latitude, longitude, carId) values (?, ?, ?, ?, ?)
2018-08-18 08:12:08.518 DEBUG 13626 --- [    Test worker] org.hibernate.SQL                        : insert into CarStatusTable (carAvailability, carType, latitude, longitude, carId) values (?, ?, ?, ?, ?)
2018-08-18 08:12:08.520 DEBUG 13626 --- [    Test worker] org.hibernate.SQL                        : insert into CarStatusTable (carAvailability, carType, latitude, longitude, carId) values (?, ?, ?, ?, ?)
2018-08-18 08:12:08.522 DEBUG 13626 --- [    Test worker] org.hibernate.SQL                        : insert into CarStatusTable (carAvailability, carType, latitude, longitude, carId) values (?, ?, ?, ?, ?)
2018-08-18 08:12:08.528 DEBUG 13626 --- [    Test worker] org.hibernate.SQL                        : insert into CarStatusTable (carAvailability, carType, latitude, longitude, carId) values (?, ?, ?, ?, ?)
2018-08-18 08:12:08.529 DEBUG 13626 --- [    Test worker] org.hibernate.SQL                        : insert into CarStatusTable (carAvailability, carType, latitude, longitude, carId) values (?, ?, ?, ?, ?)
2018-08-18 08:12:08.532 DEBUG 13626 --- [    Test worker] org.hibernate.SQL                        : insert into CarStatusTable (carAvailability, carType, latitude, longitude, carId) values (?, ?, ?, ?, ?)
2018-08-18 08:12:08.542 DEBUG 13626 --- [    Test worker] org.hibernate.SQL                        : insert into CarStatusTable (carAvailability, carType, latitude, longitude, carId) values (?, ?, ?, ?, ?)
2018-08-18 08:12:08.545 DEBUG 13626 --- [    Test worker] org.hibernate.SQL                        : insert into CarStatusTable (carAvailability, carType, latitude, longitude, carId) values (?, ?, ?, ?, ?)
2018-08-18 08:12:08.546 DEBUG 13626 --- [    Test worker] org.hibernate.SQL                        : insert into CarStatusTable (carAvailability, carType, latitude, longitude, carId) values (?, ?, ?, ?, ?)
2018-08-18 08:12:08.550 DEBUG 13626 --- [    Test worker] org.hibernate.SQL                        : insert into CarStatusTable (carAvailability, carType, latitude, longitude, carId) values (?, ?, ?, ?, ?)
2018-08-18 08:12:08.551 DEBUG 13626 --- [    Test worker] org.hibernate.SQL                        : insert into CarStatusTable (carAvailability, carType, latitude, longitude, carId) values (?, ?, ?, ?, ?)
2018-08-18 08:12:08.556 DEBUG 13626 --- [    Test worker] org.hibernate.SQL                        : insert into CarStatusTable (carAvailability, carType, latitude, longitude, carId) values (?, ?, ?, ?, ?)
2018-08-18 08:12:08.557 DEBUG 13626 --- [    Test worker] org.hibernate.SQL                        : insert into CarStatusTable (carAvailability, carType, latitude, longitude, carId) values (?, ?, ?, ?, ?)
2018-08-18 08:12:08.558 DEBUG 13626 --- [    Test worker] org.hibernate.SQL                        : insert into CarStatusTable (carAvailability, carType, latitude, longitude, carId) values (?, ?, ?, ?, ?)
2018-08-18 08:12:08.559 DEBUG 13626 --- [    Test worker] org.hibernate.SQL                        : insert into CarStatusTable (carAvailability, carType, latitude, longitude, carId) values (?, ?, ?, ?, ?)
2018-08-18 08:12:08.561 DEBUG 13626 --- [    Test worker] org.hibernate.SQL                        : insert into CarStatusTable (carAvailability, carType, latitude, longitude, carId) values (?, ?, ?, ?, ?)
2018-08-18 08:12:08.562 DEBUG 13626 --- [    Test worker] org.hibernate.SQL                        : insert into CarStatusTable (carAvailability, carType, latitude, longitude, carId) values (?, ?, ?, ?, ?)
2018-08-18 08:12:08.564 DEBUG 13626 --- [    Test worker] org.hibernate.SQL                        : insert into CarStatusTable (carAvailability, carType, latitude, longitude, carId) values (?, ?, ?, ?, ?)
2018-08-18 08:12:08.565 DEBUG 13626 --- [    Test worker] org.hibernate.SQL                        : insert into CarStatusTable (carAvailability, carType, latitude, longitude, carId) values (?, ?, ?, ?, ?)
2018-08-18 08:12:08.566 DEBUG 13626 --- [    Test worker] org.hibernate.SQL                        : insert into CarStatusTable (carAvailability, carType, latitude, longitude, carId) values (?, ?, ?, ?, ?)
2018-08-18 08:12:08.566 DEBUG 13626 --- [    Test worker] org.hibernate.SQL                        : insert into CarStatusTable (carAvailability, carType, latitude, longitude, carId) values (?, ?, ?, ?, ?)
2018-08-18 08:12:08.572 DEBUG 13626 --- [    Test worker] org.hibernate.SQL                        : insert into CarStatusTable (carAvailability, carType, latitude, longitude, carId) values (?, ?, ?, ?, ?)
2018-08-18 08:12:08.573 DEBUG 13626 --- [    Test worker] org.hibernate.SQL                        : insert into CarStatusTable (carAvailability, carType, latitude, longitude, carId) values (?, ?, ?, ?, ?)
2018-08-18 08:12:08.581 DEBUG 13626 --- [    Test worker] org.hibernate.SQL                        : insert into CarStatusTable (carAvailability, carType, latitude, longitude, carId) values (?, ?, ?, ?, ?)
2018-08-18 08:12:08.582 DEBUG 13626 --- [    Test worker] org.hibernate.SQL                        : insert into CarStatusTable (carAvailability, carType, latitude, longitude, carId) values (?, ?, ?, ?, ?)
2018-08-18 08:12:08.589 DEBUG 13626 --- [    Test worker] org.hibernate.SQL                        : insert into CarStatusTable (carAvailability, carType, latitude, longitude, carId) values (?, ?, ?, ?, ?)
2018-08-18 08:12:08.596 DEBUG 13626 --- [    Test worker] org.hibernate.SQL                        : insert into CarStatusTable (carAvailability, carType, latitude, longitude, carId) values (?, ?, ?, ?, ?)
2018-08-18 08:12:08.599 DEBUG 13626 --- [    Test worker] org.hibernate.SQL                        : insert into CarStatusTable (carAvailability, carType, latitude, longitude, carId) values (?, ?, ?, ?, ?)
2018-08-18 08:12:08.609 DEBUG 13626 --- [    Test worker] org.hibernate.SQL                        : insert into CarStatusTable (carAvailability, carType, latitude, longitude, carId) values (?, ?, ?, ?, ?)
2018-08-18 08:12:08.611 DEBUG 13626 --- [    Test worker] org.hibernate.SQL                        : insert into CarStatusTable (carAvailability, carType, latitude, longitude, carId) values (?, ?, ?, ?, ?)
2018-08-18 08:12:08.618 DEBUG 13626 --- [    Test worker] org.hibernate.SQL                        : insert into CarStatusTable (carAvailability, carType, latitude, longitude, carId) values (?, ?, ?, ?, ?)
2018-08-18 08:12:08.619 DEBUG 13626 --- [    Test worker] org.hibernate.SQL                        : insert into CarStatusTable (carAvailability, carType, latitude, longitude, carId) values (?, ?, ?, ?, ?)
2018-08-18 08:12:08.626 DEBUG 13626 --- [    Test worker] org.hibernate.SQL                        : insert into CarStatusTable (carAvailability, carType, latitude, longitude, carId) values (?, ?, ?, ?, ?)
2018-08-18 08:12:08.627 DEBUG 13626 --- [    Test worker] org.hibernate.SQL                        : insert into CarStatusTable (carAvailability, carType, latitude, longitude, carId) values (?, ?, ?, ?, ?)
2018-08-18 08:12:08.628 DEBUG 13626 --- [    Test worker] org.hibernate.SQL                        : insert into CarStatusTable (carAvailability, carType, latitude, longitude, carId) values (?, ?, ?, ?, ?)
2018-08-18 08:12:08.634 DEBUG 13626 --- [    Test worker] org.hibernate.SQL                        : insert into CarStatusTable (carAvailability, carType, latitude, longitude, carId) values (?, ?, ?, ?, ?)
2018-08-18 08:12:08.638 DEBUG 13626 --- [    Test worker] org.hibernate.SQL                        : insert into CarStatusTable (carAvailability, carType, latitude, longitude, carId) values (?, ?, ?, ?, ?)
2018-08-18 08:12:08.640 DEBUG 13626 --- [    Test worker] org.hibernate.SQL                        : insert into CarStatusTable (carAvailability, carType, latitude, longitude, carId) values (?, ?, ?, ?, ?)
2018-08-18 08:12:08.643 DEBUG 13626 --- [    Test worker] org.hibernate.SQL                        : insert into CarStatusTable (carAvailability, carType, latitude, longitude, carId) values (?, ?, ?, ?, ?)
2018-08-18 08:12:08.644 DEBUG 13626 --- [    Test worker] org.hibernate.SQL                        : insert into CarStatusTable (carAvailability, carType, latitude, longitude, carId) values (?, ?, ?, ?, ?)
2018-08-18 08:12:08.649 DEBUG 13626 --- [    Test worker] org.hibernate.SQL                        : insert into CarStatusTable (carAvailability, carType, latitude, longitude, carId) values (?, ?, ?, ?, ?)
2018-08-18 08:12:08.650 DEBUG 13626 --- [    Test worker] org.hibernate.SQL                        : insert into CarStatusTable (carAvailability, carType, latitude, longitude, carId) values (?, ?, ?, ?, ?)
2018-08-18 08:12:08.652 DEBUG 13626 --- [    Test worker] org.hibernate.SQL                        : insert into CarStatusTable (carAvailability, carType, latitude, longitude, carId) values (?, ?, ?, ?, ?)
2018-08-18 08:12:08.652 DEBUG 13626 --- [    Test worker] org.hibernate.SQL                        : insert into CarStatusTable (carAvailability, carType, latitude, longitude, carId) values (?, ?, ?, ?, ?)
2018-08-18 08:12:08.656 DEBUG 13626 --- [    Test worker] org.hibernate.SQL                        : insert into CarStatusTable (carAvailability, carType, latitude, longitude, carId) values (?, ?, ?, ?, ?)
2018-08-18 08:12:08.657 DEBUG 13626 --- [    Test worker] org.hibernate.SQL                        : insert into CarStatusTable (carAvailability, carType, latitude, longitude, carId) values (?, ?, ?, ?, ?)
2018-08-18 08:12:08.658 DEBUG 13626 --- [    Test worker] org.hibernate.SQL                        : insert into CarStatusTable (carAvailability, carType, latitude, longitude, carId) values (?, ?, ?, ?, ?)
2018-08-18 08:12:08.661 DEBUG 13626 --- [    Test worker] org.hibernate.SQL                        : insert into CarStatusTable (carAvailability, carType, latitude, longitude, carId) values (?, ?, ?, ?, ?)
2018-08-18 08:12:08.662 DEBUG 13626 --- [    Test worker] org.hibernate.SQL                        : insert into CarStatusTable (carAvailability, carType, latitude, longitude, carId) values (?, ?, ?, ?, ?)
2018-08-18 08:12:08.664 DEBUG 13626 --- [    Test worker] org.hibernate.SQL                        : insert into CarStatusTable (carAvailability, carType, latitude, longitude, carId) values (?, ?, ?, ?, ?)
2018-08-18 08:12:08.664 DEBUG 13626 --- [    Test worker] org.hibernate.SQL                        : insert into CarStatusTable (carAvailability, carType, latitude, longitude, carId) values (?, ?, ?, ?, ?)
2018-08-18 08:12:08.665 DEBUG 13626 --- [    Test worker] org.hibernate.SQL                        : insert into CarStatusTable (carAvailability, carType, latitude, longitude, carId) values (?, ?, ?, ?, ?)
2018-08-18 08:12:08.668 DEBUG 13626 --- [    Test worker] org.hibernate.SQL                        : insert into CarStatusTable (carAvailability, carType, latitude, longitude, carId) values (?, ?, ?, ?, ?)
2018-08-18 08:12:08.677 DEBUG 13626 --- [    Test worker] org.hibernate.SQL                        : insert into CarStatusTable (carAvailability, carType, latitude, longitude, carId) values (?, ?, ?, ?, ?)
2018-08-18 08:12:08.681 DEBUG 13626 --- [    Test worker] org.hibernate.SQL                        : insert into CarStatusTable (carAvailability, carType, latitude, longitude, carId) values (?, ?, ?, ?, ?)
2018-08-18 08:12:08.685 DEBUG 13626 --- [    Test worker] org.hibernate.SQL                        : insert into CarStatusTable (carAvailability, carType, latitude, longitude, carId) values (?, ?, ?, ?, ?)
2018-08-18 08:12:08.686 DEBUG 13626 --- [    Test worker] org.hibernate.SQL                        : insert into CarStatusTable (carAvailability, carType, latitude, longitude, carId) values (?, ?, ?, ?, ?)
2018-08-18 08:12:08.689 DEBUG 13626 --- [    Test worker] org.hibernate.SQL                        : insert into CarStatusTable (carAvailability, carType, latitude, longitude, carId) values (?, ?, ?, ?, ?)
2018-08-18 08:12:08.693 DEBUG 13626 --- [    Test worker] org.hibernate.SQL                        : insert into CarStatusTable (carAvailability, carType, latitude, longitude, carId) values (?, ?, ?, ?, ?)
2018-08-18 08:12:08.694 DEBUG 13626 --- [    Test worker] org.hibernate.SQL                        : insert into CarStatusTable (carAvailability, carType, latitude, longitude, carId) values (?, ?, ?, ?, ?)
2018-08-18 08:12:08.697 DEBUG 13626 --- [    Test worker] org.hibernate.SQL                        : insert into CarStatusTable (carAvailability, carType, latitude, longitude, carId) values (?, ?, ?, ?, ?)
2018-08-18 08:12:08.700 DEBUG 13626 --- [    Test worker] org.hibernate.SQL                        : insert into CarStatusTable (carAvailability, carType, latitude, longitude, carId) values (?, ?, ?, ?, ?)
2018-08-18 08:12:08.702 DEBUG 13626 --- [    Test worker] org.hibernate.SQL                        : insert into CarStatusTable (carAvailability, carType, latitude, longitude, carId) values (?, ?, ?, ?, ?)
2018-08-18 08:12:08.705 DEBUG 13626 --- [    Test worker] org.hibernate.SQL                        : insert into CarStatusTable (carAvailability, carType, latitude, longitude, carId) values (?, ?, ?, ?, ?)
2018-08-18 08:12:08.708 DEBUG 13626 --- [    Test worker] org.hibernate.SQL                        : insert into CarStatusTable (carAvailability, carType, latitude, longitude, carId) values (?, ?, ?, ?, ?)
2018-08-18 08:12:08.713 DEBUG 13626 --- [    Test worker] org.hibernate.SQL                        : insert into CarStatusTable (carAvailability, carType, latitude, longitude, carId) values (?, ?, ?, ?, ?)
2018-08-18 08:12:08.715 DEBUG 13626 --- [    Test worker] org.hibernate.SQL                        : insert into CarStatusTable (carAvailability, carType, latitude, longitude, carId) values (?, ?, ?, ?, ?)
2018-08-18 08:12:08.716 DEBUG 13626 --- [    Test worker] org.hibernate.SQL                        : insert into CarStatusTable (carAvailability, carType, latitude, longitude, carId) values (?, ?, ?, ?, ?)
2018-08-18 08:12:08.717 DEBUG 13626 --- [    Test worker] org.hibernate.SQL                        : insert into CarStatusTable (carAvailability, carType, latitude, longitude, carId) values (?, ?, ?, ?, ?)
2018-08-18 08:12:08.717 DEBUG 13626 --- [    Test worker] org.hibernate.SQL                        : insert into CarStatusTable (carAvailability, carType, latitude, longitude, carId) values (?, ?, ?, ?, ?)
2018-08-18 08:12:08.723 DEBUG 13626 --- [    Test worker] org.hibernate.SQL                        : insert into CarStatusTable (carAvailability, carType, latitude, longitude, carId) values (?, ?, ?, ?, ?)
2018-08-18 08:12:08.724 DEBUG 13626 --- [    Test worker] org.hibernate.SQL                        : insert into CarStatusTable (carAvailability, carType, latitude, longitude, carId) values (?, ?, ?, ?, ?)
2018-08-18 08:12:08.736 DEBUG 13626 --- [    Test worker] org.hibernate.SQL                        : insert into CarStatusTable (carAvailability, carType, latitude, longitude, carId) values (?, ?, ?, ?, ?)
2018-08-18 08:12:08.737 DEBUG 13626 --- [    Test worker] org.hibernate.SQL                        : insert into CarStatusTable (carAvailability, carType, latitude, longitude, carId) values (?, ?, ?, ?, ?)
2018-08-18 08:12:08.738 DEBUG 13626 --- [    Test worker] org.hibernate.SQL                        : insert into CarStatusTable (carAvailability, carType, latitude, longitude, carId) values (?, ?, ?, ?, ?)
2018-08-18 08:12:08.745 DEBUG 13626 --- [    Test worker] org.hibernate.SQL                        : insert into CarStatusTable (carAvailability, carType, latitude, longitude, carId) values (?, ?, ?, ?, ?)
2018-08-18 08:12:08.747 DEBUG 13626 --- [    Test worker] org.hibernate.SQL                        : insert into CarStatusTable (carAvailability, carType, latitude, longitude, carId) values (?, ?, ?, ?, ?)
2018-08-18 08:12:08.747 DEBUG 13626 --- [    Test worker] org.hibernate.SQL                        : insert into CarStatusTable (carAvailability, carType, latitude, longitude, carId) values (?, ?, ?, ?, ?)
2018-08-18 08:12:08.748 DEBUG 13626 --- [    Test worker] org.hibernate.SQL                        : insert into CarStatusTable (carAvailability, carType, latitude, longitude, carId) values (?, ?, ?, ?, ?)
2018-08-18 08:12:08.749 DEBUG 13626 --- [    Test worker] org.hibernate.SQL                        : insert into CarStatusTable (carAvailability, carType, latitude, longitude, carId) values (?, ?, ?, ?, ?)
2018-08-18 08:12:08.756 DEBUG 13626 --- [    Test worker] org.hibernate.SQL                        : insert into CarStatusTable (carAvailability, carType, latitude, longitude, carId) values (?, ?, ?, ?, ?)
2018-08-18 08:12:08.757 DEBUG 13626 --- [    Test worker] org.hibernate.SQL                        : insert into CarStatusTable (carAvailability, carType, latitude, longitude, carId) values (?, ?, ?, ?, ?)
2018-08-18 08:12:08.758 DEBUG 13626 --- [    Test worker] org.hibernate.SQL                        : insert into CarStatusTable (carAvailability, carType, latitude, longitude, carId) values (?, ?, ?, ?, ?)
2018-08-18 08:12:08.759 DEBUG 13626 --- [    Test worker] org.hibernate.SQL                        : insert into CarStatusTable (carAvailability, carType, latitude, longitude, carId) values (?, ?, ?, ?, ?)
2018-08-18 08:12:08.759 DEBUG 13626 --- [    Test worker] org.hibernate.SQL                        : insert into CarStatusTable (carAvailability, carType, latitude, longitude, carId) values (?, ?, ?, ?, ?)
2018-08-18 08:12:08.766 DEBUG 13626 --- [    Test worker] org.hibernate.SQL                        : insert into CarStatusTable (carAvailability, carType, latitude, longitude, carId) values (?, ?, ?, ?, ?)
2018-08-18 08:12:08.767 DEBUG 13626 --- [    Test worker] org.hibernate.SQL                        : insert into CarStatusTable (carAvailability, carType, latitude, longitude, carId) values (?, ?, ?, ?, ?)
2018-08-18 08:12:08.768 DEBUG 13626 --- [    Test worker] org.hibernate.SQL                        : insert into CarStatusTable (carAvailability, carType, latitude, longitude, carId) values (?, ?, ?, ?, ?)
2018-08-18 08:12:08.769 DEBUG 13626 --- [    Test worker] org.hibernate.SQL                        : insert into CarStatusTable (carAvailability, carType, latitude, longitude, carId) values (?, ?, ?, ?, ?)
2018-08-18 08:12:08.775 DEBUG 13626 --- [    Test worker] org.hibernate.SQL                        : insert into CarStatusTable (carAvailability, carType, latitude, longitude, carId) values (?, ?, ?, ?, ?)
2018-08-18 08:12:08.777 DEBUG 13626 --- [    Test worker] org.hibernate.SQL                        : insert into CarStatusTable (carAvailability, carType, latitude, longitude, carId) values (?, ?, ?, ?, ?)
2018-08-18 08:12:08.778 DEBUG 13626 --- [    Test worker] org.hibernate.SQL                        : insert into CarStatusTable (carAvailability, carType, latitude, longitude, carId) values (?, ?, ?, ?, ?)
2018-08-18 08:12:08.779 DEBUG 13626 --- [    Test worker] org.hibernate.SQL                        : insert into CarStatusTable (carAvailability, carType, latitude, longitude, carId) values (?, ?, ?, ?, ?)
2018-08-18 08:12:08.779 DEBUG 13626 --- [    Test worker] org.hibernate.SQL                        : insert into CarStatusTable (carAvailability, carType, latitude, longitude, carId) values (?, ?, ?, ?, ?)
2018-08-18 08:12:08.786 DEBUG 13626 --- [    Test worker] org.hibernate.SQL                        : insert into CarStatusTable (carAvailability, carType, latitude, longitude, carId) values (?, ?, ?, ?, ?)
2018-08-18 08:12:08.792 DEBUG 13626 --- [    Test worker] org.hibernate.SQL                        : insert into CarStatusTable (carAvailability, carType, latitude, longitude, carId) values (?, ?, ?, ?, ?)
2018-08-18 08:12:08.793 DEBUG 13626 --- [    Test worker] org.hibernate.SQL                        : insert into CarStatusTable (carAvailability, carType, latitude, longitude, carId) values (?, ?, ?, ?, ?)
2018-08-18 08:12:08.794 DEBUG 13626 --- [    Test worker] org.hibernate.SQL                        : insert into CarStatusTable (carAvailability, carType, latitude, longitude, carId) values (?, ?, ?, ?, ?)
2018-08-18 08:12:08.797 DEBUG 13626 --- [    Test worker] org.hibernate.SQL                        : insert into CarStatusTable (carAvailability, carType, latitude, longitude, carId) values (?, ?, ?, ?, ?)
2018-08-18 08:12:08.805 DEBUG 13626 --- [    Test worker] org.hibernate.SQL                        : insert into CarStatusTable (carAvailability, carType, latitude, longitude, carId) values (?, ?, ?, ?, ?)
2018-08-18 08:12:08.806 DEBUG 13626 --- [    Test worker] org.hibernate.SQL                        : insert into CarStatusTable (carAvailability, carType, latitude, longitude, carId) values (?, ?, ?, ?, ?)
2018-08-18 08:12:08.807 DEBUG 13626 --- [    Test worker] org.hibernate.SQL                        : insert into CarStatusTable (carAvailability, carType, latitude, longitude, carId) values (?, ?, ?, ?, ?)
2018-08-18 08:12:08.808 DEBUG 13626 --- [    Test worker] org.hibernate.SQL                        : insert into CarStatusTable (carAvailability, carType, latitude, longitude, carId) values (?, ?, ?, ?, ?)
2018-08-18 08:12:08.809 DEBUG 13626 --- [    Test worker] org.hibernate.SQL                        : insert into CarStatusTable (carAvailability, carType, latitude, longitude, carId) values (?, ?, ?, ?, ?)
2018-08-18 08:12:08.816 DEBUG 13626 --- [    Test worker] org.hibernate.SQL                        : insert into CarStatusTable (carAvailability, carType, latitude, longitude, carId) values (?, ?, ?, ?, ?)
2018-08-18 08:12:08.817 DEBUG 13626 --- [    Test worker] org.hibernate.SQL                        : insert into CarStatusTable (carAvailability, carType, latitude, longitude, carId) values (?, ?, ?, ?, ?)
2018-08-18 08:12:08.818 DEBUG 13626 --- [    Test worker] org.hibernate.SQL                        : insert into CarStatusTable (carAvailability, carType, latitude, longitude, carId) values (?, ?, ?, ?, ?)
2018-08-18 08:12:08.819 DEBUG 13626 --- [    Test worker] org.hibernate.SQL                        : insert into CarStatusTable (carAvailability, carType, latitude, longitude, carId) values (?, ?, ?, ?, ?)
2018-08-18 08:12:08.820 DEBUG 13626 --- [    Test worker] org.hibernate.SQL                        : insert into CarStatusTable (carAvailability, carType, latitude, longitude, carId) values (?, ?, ?, ?, ?)
2018-08-18 08:12:08.828 DEBUG 13626 --- [    Test worker] org.hibernate.SQL                        : insert into CarStatusTable (carAvailability, carType, latitude, longitude, carId) values (?, ?, ?, ?, ?)
2018-08-18 08:12:08.887 DEBUG 13626 --- [    Test worker] org.hibernate.SQL                        : insert into CarStatusTable (carAvailability, carType, latitude, longitude, carId) values (?, ?, ?, ?, ?)
2018-08-18 08:12:08.900 DEBUG 13626 --- [    Test worker] org.hibernate.SQL                        : insert into CarStatusTable (carAvailability, carType, latitude, longitude, carId) values (?, ?, ?, ?, ?)
2018-08-18 08:12:08.901 DEBUG 13626 --- [    Test worker] org.hibernate.SQL                        : insert into CarStatusTable (carAvailability, carType, latitude, longitude, carId) values (?, ?, ?, ?, ?)
2018-08-18 08:12:08.910 DEBUG 13626 --- [    Test worker] org.hibernate.SQL                        : insert into CarStatusTable (carAvailability, carType, latitude, longitude, carId) values (?, ?, ?, ?, ?)
2018-08-18 08:12:08.915 DEBUG 13626 --- [    Test worker] org.hibernate.SQL                        : insert into CarStatusTable (carAvailability, carType, latitude, longitude, carId) values (?, ?, ?, ?, ?)
2018-08-18 08:12:08.917 DEBUG 13626 --- [    Test worker] org.hibernate.SQL                        : insert into CarStatusTable (carAvailability, carType, latitude, longitude, carId) values (?, ?, ?, ?, ?)
2018-08-18 08:12:08.918 DEBUG 13626 --- [    Test worker] org.hibernate.SQL                        : insert into CarStatusTable (carAvailability, carType, latitude, longitude, carId) values (?, ?, ?, ?, ?)
2018-08-18 08:12:08.919 DEBUG 13626 --- [    Test worker] org.hibernate.SQL                        : insert into CarStatusTable (carAvailability, carType, latitude, longitude, carId) values (?, ?, ?, ?, ?)
2018-08-18 08:12:08.926 DEBUG 13626 --- [    Test worker] org.hibernate.SQL                        : insert into CarStatusTable (carAvailability, carType, latitude, longitude, carId) values (?, ?, ?, ?, ?)
2018-08-18 08:12:08.927 DEBUG 13626 --- [    Test worker] org.hibernate.SQL                        : insert into CarStatusTable (carAvailability, carType, latitude, longitude, carId) values (?, ?, ?, ?, ?)
2018-08-18 08:12:08.928 DEBUG 13626 --- [    Test worker] org.hibernate.SQL                        : insert into CarStatusTable (carAvailability, carType, latitude, longitude, carId) values (?, ?, ?, ?, ?)
2018-08-18 08:12:08.928 DEBUG 13626 --- [    Test worker] org.hibernate.SQL                        : insert into CarStatusTable (carAvailability, carType, latitude, longitude, carId) values (?, ?, ?, ?, ?)
2018-08-18 08:12:08.929 DEBUG 13626 --- [    Test worker] org.hibernate.SQL                        : insert into CarStatusTable (carAvailability, carType, latitude, longitude, carId) values (?, ?, ?, ?, ?)
2018-08-18 08:12:08.930 DEBUG 13626 --- [    Test worker] org.hibernate.SQL                        : insert into CarStatusTable (carAvailability, carType, latitude, longitude, carId) values (?, ?, ?, ?, ?)
2018-08-18 08:12:08.935 DEBUG 13626 --- [    Test worker] org.hibernate.SQL                        : insert into CarStatusTable (carAvailability, carType, latitude, longitude, carId) values (?, ?, ?, ?, ?)
2018-08-18 08:12:08.940 DEBUG 13626 --- [    Test worker] org.hibernate.SQL                        : insert into CarStatusTable (carAvailability, carType, latitude, longitude, carId) values (?, ?, ?, ?, ?)
2018-08-18 08:12:08.942 DEBUG 13626 --- [    Test worker] org.hibernate.SQL                        : insert into CarStatusTable (carAvailability, carType, latitude, longitude, carId) values (?, ?, ?, ?, ?)
2018-08-18 08:12:08.943 DEBUG 13626 --- [    Test worker] org.hibernate.SQL                        : insert into CarStatusTable (carAvailability, carType, latitude, longitude, carId) values (?, ?, ?, ?, ?)
2018-08-18 08:12:08.945 DEBUG 13626 --- [    Test worker] org.hibernate.SQL                        : insert into CarStatusTable (carAvailability, carType, latitude, longitude, carId) values (?, ?, ?, ?, ?)
2018-08-18 08:12:08.946 DEBUG 13626 --- [    Test worker] org.hibernate.SQL                        : insert into CarStatusTable (carAvailability, carType, latitude, longitude, carId) values (?, ?, ?, ?, ?)
2018-08-18 08:12:08.947 DEBUG 13626 --- [    Test worker] org.hibernate.SQL                        : insert into CarStatusTable (carAvailability, carType, latitude, longitude, carId) values (?, ?, ?, ?, ?)
2018-08-18 08:12:08.948 DEBUG 13626 --- [    Test worker] org.hibernate.SQL                        : insert into CarStatusTable (carAvailability, carType, latitude, longitude, carId) values (?, ?, ?, ?, ?)
2018-08-18 08:12:08.949 DEBUG 13626 --- [    Test worker] org.hibernate.SQL                        : insert into CarStatusTable (carAvailability, carType, latitude, longitude, carId) values (?, ?, ?, ?, ?)
2018-08-18 08:12:08.950 DEBUG 13626 --- [    Test worker] org.hibernate.SQL                        : insert into CarStatusTable (carAvailability, carType, latitude, longitude, carId) values (?, ?, ?, ?, ?)
2018-08-18 08:12:08.952 DEBUG 13626 --- [    Test worker] org.hibernate.SQL                        : insert into CarStatusTable (carAvailability, carType, latitude, longitude, carId) values (?, ?, ?, ?, ?)
2018-08-18 08:12:08.968 DEBUG 13626 --- [    Test worker] org.hibernate.SQL                        : insert into CarStatusTable (carAvailability, carType, latitude, longitude, carId) values (?, ?, ?, ?, ?)
2018-08-18 08:12:08.974 DEBUG 13626 --- [    Test worker] org.hibernate.SQL                        : insert into CarStatusTable (carAvailability, carType, latitude, longitude, carId) values (?, ?, ?, ?, ?)
2018-08-18 08:12:08.975 DEBUG 13626 --- [    Test worker] org.hibernate.SQL                        : insert into CarStatusTable (carAvailability, carType, latitude, longitude, carId) values (?, ?, ?, ?, ?)
2018-08-18 08:12:08.979 DEBUG 13626 --- [    Test worker] org.hibernate.SQL                        : insert into CarStatusTable (carAvailability, carType, latitude, longitude, carId) values (?, ?, ?, ?, ?)
2018-08-18 08:12:08.980 DEBUG 13626 --- [    Test worker] org.hibernate.SQL                        : insert into CarStatusTable (carAvailability, carType, latitude, longitude, carId) values (?, ?, ?, ?, ?)
2018-08-18 08:12:08.983 DEBUG 13626 --- [    Test worker] org.hibernate.SQL                        : insert into CarStatusTable (carAvailability, carType, latitude, longitude, carId) values (?, ?, ?, ?, ?)
2018-08-18 08:12:08.988 DEBUG 13626 --- [    Test worker] org.hibernate.SQL                        : insert into CarStatusTable (carAvailability, carType, latitude, longitude, carId) values (?, ?, ?, ?, ?)
2018-08-18 08:12:08.990 DEBUG 13626 --- [    Test worker] org.hibernate.SQL                        : insert into CarStatusTable (carAvailability, carType, latitude, longitude, carId) values (?, ?, ?, ?, ?)
2018-08-18 08:12:08.993 DEBUG 13626 --- [    Test worker] org.hibernate.SQL                        : insert into CarStatusTable (carAvailability, carType, latitude, longitude, carId) values (?, ?, ?, ?, ?)
2018-08-18 08:12:09.000 DEBUG 13626 --- [    Test worker] org.hibernate.SQL                        : insert into CarStatusTable (carAvailability, carType, latitude, longitude, carId) values (?, ?, ?, ?, ?)
2018-08-18 08:12:09.008 DEBUG 13626 --- [    Test worker] org.hibernate.SQL                        : insert into CarStatusTable (carAvailability, carType, latitude, longitude, carId) values (?, ?, ?, ?, ?)
2018-08-18 08:12:09.014 DEBUG 13626 --- [    Test worker] org.hibernate.SQL                        : insert into CarStatusTable (carAvailability, carType, latitude, longitude, carId) values (?, ?, ?, ?, ?)
2018-08-18 08:12:09.019 DEBUG 13626 --- [    Test worker] org.hibernate.SQL                        : insert into CarStatusTable (carAvailability, carType, latitude, longitude, carId) values (?, ?, ?, ?, ?)
2018-08-18 08:12:09.024 DEBUG 13626 --- [    Test worker] org.hibernate.SQL                        : insert into CarStatusTable (carAvailability, carType, latitude, longitude, carId) values (?, ?, ?, ?, ?)
2018-08-18 08:12:09.026 DEBUG 13626 --- [    Test worker] org.hibernate.SQL                        : insert into CarStatusTable (carAvailability, carType, latitude, longitude, carId) values (?, ?, ?, ?, ?)
2018-08-18 08:12:09.030 DEBUG 13626 --- [    Test worker] org.hibernate.SQL                        : insert into CarStatusTable (carAvailability, carType, latitude, longitude, carId) values (?, ?, ?, ?, ?)
2018-08-18 08:12:09.033 DEBUG 13626 --- [    Test worker] org.hibernate.SQL                        : insert into CarStatusTable (carAvailability, carType, latitude, longitude, carId) values (?, ?, ?, ?, ?)
2018-08-18 08:12:09.039 DEBUG 13626 --- [    Test worker] org.hibernate.SQL                        : insert into CarStatusTable (carAvailability, carType, latitude, longitude, carId) values (?, ?, ?, ?, ?)
2018-08-18 08:12:09.042 DEBUG 13626 --- [    Test worker] org.hibernate.SQL                        : insert into CarStatusTable (carAvailability, carType, latitude, longitude, carId) values (?, ?, ?, ?, ?)
2018-08-18 08:12:09.044 DEBUG 13626 --- [    Test worker] org.hibernate.SQL                        : insert into CarStatusTable (carAvailability, carType, latitude, longitude, carId) values (?, ?, ?, ?, ?)
2018-08-18 08:12:09.049 DEBUG 13626 --- [    Test worker] org.hibernate.SQL                        : insert into CarStatusTable (carAvailability, carType, latitude, longitude, carId) values (?, ?, ?, ?, ?)
2018-08-18 08:12:09.053 DEBUG 13626 --- [    Test worker] org.hibernate.SQL                        : insert into CarStatusTable (carAvailability, carType, latitude, longitude, carId) values (?, ?, ?, ?, ?)
2018-08-18 08:12:09.055 DEBUG 13626 --- [    Test worker] org.hibernate.SQL                        : insert into CarStatusTable (carAvailability, carType, latitude, longitude, carId) values (?, ?, ?, ?, ?)
2018-08-18 08:12:09.060 DEBUG 13626 --- [    Test worker] org.hibernate.SQL                        : insert into CarStatusTable (carAvailability, carType, latitude, longitude, carId) values (?, ?, ?, ?, ?)
2018-08-18 08:12:09.067 DEBUG 13626 --- [    Test worker] org.hibernate.SQL                        : insert into CarStatusTable (carAvailability, carType, latitude, longitude, carId) values (?, ?, ?, ?, ?)
2018-08-18 08:12:09.070 DEBUG 13626 --- [    Test worker] org.hibernate.SQL                        : insert into CarStatusTable (carAvailability, carType, latitude, longitude, carId) values (?, ?, ?, ?, ?)
2018-08-18 08:12:09.074 DEBUG 13626 --- [    Test worker] org.hibernate.SQL                        : insert into CarStatusTable (carAvailability, carType, latitude, longitude, carId) values (?, ?, ?, ?, ?)
2018-08-18 08:12:09.077 DEBUG 13626 --- [    Test worker] org.hibernate.SQL                        : insert into CarStatusTable (carAvailability, carType, latitude, longitude, carId) values (?, ?, ?, ?, ?)
2018-08-18 08:12:09.085 DEBUG 13626 --- [    Test worker] org.hibernate.SQL                        : insert into CarStatusTable (carAvailability, carType, latitude, longitude, carId) values (?, ?, ?, ?, ?)
2018-08-18 08:12:09.086 DEBUG 13626 --- [    Test worker] org.hibernate.SQL                        : insert into CarStatusTable (carAvailability, carType, latitude, longitude, carId) values (?, ?, ?, ?, ?)
2018-08-18 08:12:09.087 DEBUG 13626 --- [    Test worker] org.hibernate.SQL                        : insert into CarStatusTable (carAvailability, carType, latitude, longitude, carId) values (?, ?, ?, ?, ?)
2018-08-18 08:12:09.088 DEBUG 13626 --- [    Test worker] org.hibernate.SQL                        : insert into CarStatusTable (carAvailability, carType, latitude, longitude, carId) values (?, ?, ?, ?, ?)
2018-08-18 08:12:09.089 DEBUG 13626 --- [    Test worker] org.hibernate.SQL                        : insert into CarStatusTable (carAvailability, carType, latitude, longitude, carId) values (?, ?, ?, ?, ?)
2018-08-18 08:12:09.089 DEBUG 13626 --- [    Test worker] org.hibernate.SQL                        : insert into CarStatusTable (carAvailability, carType, latitude, longitude, carId) values (?, ?, ?, ?, ?)
2018-08-18 08:12:09.090 DEBUG 13626 --- [    Test worker] org.hibernate.SQL                        : insert into CarStatusTable (carAvailability, carType, latitude, longitude, carId) values (?, ?, ?, ?, ?)
2018-08-18 08:12:09.093 DEBUG 13626 --- [    Test worker] org.hibernate.SQL                        : insert into CarStatusTable (carAvailability, carType, latitude, longitude, carId) values (?, ?, ?, ?, ?)
2018-08-18 08:12:09.094 DEBUG 13626 --- [    Test worker] org.hibernate.SQL                        : insert into CarStatusTable (carAvailability, carType, latitude, longitude, carId) values (?, ?, ?, ?, ?)
2018-08-18 08:12:09.095 DEBUG 13626 --- [    Test worker] org.hibernate.SQL                        : insert into CarStatusTable (carAvailability, carType, latitude, longitude, carId) values (?, ?, ?, ?, ?)
2018-08-18 08:12:09.096 DEBUG 13626 --- [    Test worker] org.hibernate.SQL                        : insert into CarStatusTable (carAvailability, carType, latitude, longitude, carId) values (?, ?, ?, ?, ?)
2018-08-18 08:12:09.097 DEBUG 13626 --- [    Test worker] org.hibernate.SQL                        : insert into CarStatusTable (carAvailability, carType, latitude, longitude, carId) values (?, ?, ?, ?, ?)
2018-08-18 08:12:09.097 DEBUG 13626 --- [    Test worker] org.hibernate.SQL                        : insert into CarStatusTable (carAvailability, carType, latitude, longitude, carId) values (?, ?, ?, ?, ?)
2018-08-18 08:12:09.098 DEBUG 13626 --- [    Test worker] org.hibernate.SQL                        : insert into CarStatusTable (carAvailability, carType, latitude, longitude, carId) values (?, ?, ?, ?, ?)
2018-08-18 08:12:09.099 DEBUG 13626 --- [    Test worker] org.hibernate.SQL                        : insert into CarStatusTable (carAvailability, carType, latitude, longitude, carId) values (?, ?, ?, ?, ?)
2018-08-18 08:12:09.100 DEBUG 13626 --- [    Test worker] org.hibernate.SQL                        : insert into CarStatusTable (carAvailability, carType, latitude, longitude, carId) values (?, ?, ?, ?, ?)
2018-08-18 08:12:09.101 DEBUG 13626 --- [    Test worker] org.hibernate.SQL                        : insert into CarStatusTable (carAvailability, carType, latitude, longitude, carId) values (?, ?, ?, ?, ?)
2018-08-18 08:12:09.102 DEBUG 13626 --- [    Test worker] org.hibernate.SQL                        : insert into CarStatusTable (carAvailability, carType, latitude, longitude, carId) values (?, ?, ?, ?, ?)
2018-08-18 08:12:09.103 DEBUG 13626 --- [    Test worker] org.hibernate.SQL                        : insert into CarStatusTable (carAvailability, carType, latitude, longitude, carId) values (?, ?, ?, ?, ?)
2018-08-18 08:12:09.103 DEBUG 13626 --- [    Test worker] org.hibernate.SQL                        : insert into CarStatusTable (carAvailability, carType, latitude, longitude, carId) values (?, ?, ?, ?, ?)
2018-08-18 08:12:09.106 DEBUG 13626 --- [    Test worker] org.hibernate.SQL                        : insert into CarStatusTable (carAvailability, carType, latitude, longitude, carId) values (?, ?, ?, ?, ?)
2018-08-18 08:12:09.107 DEBUG 13626 --- [    Test worker] org.hibernate.SQL                        : insert into CarStatusTable (carAvailability, carType, latitude, longitude, carId) values (?, ?, ?, ?, ?)
2018-08-18 08:12:09.108 DEBUG 13626 --- [    Test worker] org.hibernate.SQL                        : insert into CarStatusTable (carAvailability, carType, latitude, longitude, carId) values (?, ?, ?, ?, ?)
2018-08-18 08:12:09.109 DEBUG 13626 --- [    Test worker] org.hibernate.SQL                        : insert into CarStatusTable (carAvailability, carType, latitude, longitude, carId) values (?, ?, ?, ?, ?)
2018-08-18 08:12:09.110 DEBUG 13626 --- [    Test worker] org.hibernate.SQL                        : insert into CarStatusTable (carAvailability, carType, latitude, longitude, carId) values (?, ?, ?, ?, ?)
2018-08-18 08:12:09.111 DEBUG 13626 --- [    Test worker] org.hibernate.SQL                        : insert into CarStatusTable (carAvailability, carType, latitude, longitude, carId) values (?, ?, ?, ?, ?)
2018-08-18 08:12:09.111 DEBUG 13626 --- [    Test worker] org.hibernate.SQL                        : insert into CarStatusTable (carAvailability, carType, latitude, longitude, carId) values (?, ?, ?, ?, ?)
2018-08-18 08:12:09.112 DEBUG 13626 --- [    Test worker] org.hibernate.SQL                        : insert into CarStatusTable (carAvailability, carType, latitude, longitude, carId) values (?, ?, ?, ?, ?)
2018-08-18 08:12:09.113 DEBUG 13626 --- [    Test worker] org.hibernate.SQL                        : insert into CarStatusTable (carAvailability, carType, latitude, longitude, carId) values (?, ?, ?, ?, ?)
2018-08-18 08:12:09.114 DEBUG 13626 --- [    Test worker] org.hibernate.SQL                        : insert into CarStatusTable (carAvailability, carType, latitude, longitude, carId) values (?, ?, ?, ?, ?)
2018-08-18 08:12:09.115 DEBUG 13626 --- [    Test worker] org.hibernate.SQL                        : insert into CarStatusTable (carAvailability, carType, latitude, longitude, carId) values (?, ?, ?, ?, ?)
2018-08-18 08:12:09.115 DEBUG 13626 --- [    Test worker] org.hibernate.SQL                        : insert into CarStatusTable (carAvailability, carType, latitude, longitude, carId) values (?, ?, ?, ?, ?)
2018-08-18 08:12:09.116 DEBUG 13626 --- [    Test worker] org.hibernate.SQL                        : insert into CarStatusTable (carAvailability, carType, latitude, longitude, carId) values (?, ?, ?, ?, ?)
2018-08-18 08:12:09.117 DEBUG 13626 --- [    Test worker] org.hibernate.SQL                        : insert into CarStatusTable (carAvailability, carType, latitude, longitude, carId) values (?, ?, ?, ?, ?)
2018-08-18 08:12:09.130 DEBUG 13626 --- [    Test worker] org.hibernate.SQL                        : insert into CarStatusTable (carAvailability, carType, latitude, longitude, carId) values (?, ?, ?, ?, ?)
2018-08-18 08:12:09.132 DEBUG 13626 --- [    Test worker] org.hibernate.SQL                        : insert into CarStatusTable (carAvailability, carType, latitude, longitude, carId) values (?, ?, ?, ?, ?)
2018-08-18 08:12:09.134 DEBUG 13626 --- [    Test worker] org.hibernate.SQL                        : insert into CarStatusTable (carAvailability, carType, latitude, longitude, carId) values (?, ?, ?, ?, ?)
2018-08-18 08:12:09.137 DEBUG 13626 --- [    Test worker] org.hibernate.SQL                        : insert into CarStatusTable (carAvailability, carType, latitude, longitude, carId) values (?, ?, ?, ?, ?)
2018-08-18 08:12:09.139 DEBUG 13626 --- [    Test worker] org.hibernate.SQL                        : insert into CarStatusTable (carAvailability, carType, latitude, longitude, carId) values (?, ?, ?, ?, ?)
2018-08-18 08:12:09.142 DEBUG 13626 --- [    Test worker] org.hibernate.SQL                        : insert into CarStatusTable (carAvailability, carType, latitude, longitude, carId) values (?, ?, ?, ?, ?)
2018-08-18 08:12:09.146 DEBUG 13626 --- [    Test worker] org.hibernate.SQL                        : insert into CarStatusTable (carAvailability, carType, latitude, longitude, carId) values (?, ?, ?, ?, ?)
2018-08-18 08:12:09.149 DEBUG 13626 --- [    Test worker] org.hibernate.SQL                        : insert into CarStatusTable (carAvailability, carType, latitude, longitude, carId) values (?, ?, ?, ?, ?)
2018-08-18 08:12:09.153 DEBUG 13626 --- [    Test worker] org.hibernate.SQL                        : insert into CarStatusTable (carAvailability, carType, latitude, longitude, carId) values (?, ?, ?, ?, ?)
2018-08-18 08:12:09.155 DEBUG 13626 --- [    Test worker] org.hibernate.SQL                        : insert into CarStatusTable (carAvailability, carType, latitude, longitude, carId) values (?, ?, ?, ?, ?)
2018-08-18 08:12:09.165 DEBUG 13626 --- [    Test worker] org.hibernate.SQL                        : insert into CarStatusTable (carAvailability, carType, latitude, longitude, carId) values (?, ?, ?, ?, ?)
2018-08-18 08:12:09.174 DEBUG 13626 --- [    Test worker] org.hibernate.SQL                        : insert into CarStatusTable (carAvailability, carType, latitude, longitude, carId) values (?, ?, ?, ?, ?)
2018-08-18 08:12:09.177 DEBUG 13626 --- [    Test worker] org.hibernate.SQL                        : insert into CarStatusTable (carAvailability, carType, latitude, longitude, carId) values (?, ?, ?, ?, ?)
2018-08-18 08:12:09.181 DEBUG 13626 --- [    Test worker] org.hibernate.SQL                        : insert into CarStatusTable (carAvailability, carType, latitude, longitude, carId) values (?, ?, ?, ?, ?)
2018-08-18 08:12:09.185 DEBUG 13626 --- [    Test worker] org.hibernate.SQL                        : insert into CarStatusTable (carAvailability, carType, latitude, longitude, carId) values (?, ?, ?, ?, ?)
2018-08-18 08:12:09.188 DEBUG 13626 --- [    Test worker] org.hibernate.SQL                        : insert into CarStatusTable (carAvailability, carType, latitude, longitude, carId) values (?, ?, ?, ?, ?)
2018-08-18 08:12:09.191 DEBUG 13626 --- [    Test worker] org.hibernate.SQL                        : insert into CarStatusTable (carAvailability, carType, latitude, longitude, carId) values (?, ?, ?, ?, ?)
2018-08-18 08:12:09.194 DEBUG 13626 --- [    Test worker] org.hibernate.SQL                        : insert into CarStatusTable (carAvailability, carType, latitude, longitude, carId) values (?, ?, ?, ?, ?)
2018-08-18 08:12:09.198 DEBUG 13626 --- [    Test worker] org.hibernate.SQL                        : insert into CarStatusTable (carAvailability, carType, latitude, longitude, carId) values (?, ?, ?, ?, ?)
2018-08-18 08:12:09.203 DEBUG 13626 --- [    Test worker] org.hibernate.SQL                        : insert into CarStatusTable (carAvailability, carType, latitude, longitude, carId) values (?, ?, ?, ?, ?)
2018-08-18 08:12:09.208 DEBUG 13626 --- [    Test worker] org.hibernate.SQL                        : insert into CarStatusTable (carAvailability, carType, latitude, longitude, carId) values (?, ?, ?, ?, ?)
2018-08-18 08:12:09.209 DEBUG 13626 --- [    Test worker] org.hibernate.SQL                        : insert into CarStatusTable (carAvailability, carType, latitude, longitude, carId) values (?, ?, ?, ?, ?)
2018-08-18 08:12:09.210 DEBUG 13626 --- [    Test worker] org.hibernate.SQL                        : insert into CarStatusTable (carAvailability, carType, latitude, longitude, carId) values (?, ?, ?, ?, ?)
2018-08-18 08:12:09.211 DEBUG 13626 --- [    Test worker] org.hibernate.SQL                        : insert into CarStatusTable (carAvailability, carType, latitude, longitude, carId) values (?, ?, ?, ?, ?)
2018-08-18 08:12:09.211 DEBUG 13626 --- [    Test worker] org.hibernate.SQL                        : insert into CarStatusTable (carAvailability, carType, latitude, longitude, carId) values (?, ?, ?, ?, ?)
2018-08-18 08:12:09.217 DEBUG 13626 --- [    Test worker] org.hibernate.SQL                        : insert into CarStatusTable (carAvailability, carType, latitude, longitude, carId) values (?, ?, ?, ?, ?)
2018-08-18 08:12:09.219 DEBUG 13626 --- [    Test worker] org.hibernate.SQL                        : insert into CarStatusTable (carAvailability, carType, latitude, longitude, carId) values (?, ?, ?, ?, ?)
2018-08-18 08:12:09.220 DEBUG 13626 --- [    Test worker] org.hibernate.SQL                        : insert into CarStatusTable (carAvailability, carType, latitude, longitude, carId) values (?, ?, ?, ?, ?)
2018-08-18 08:12:09.220 DEBUG 13626 --- [    Test worker] org.hibernate.SQL                        : insert into CarStatusTable (carAvailability, carType, latitude, longitude, carId) values (?, ?, ?, ?, ?)
2018-08-18 08:12:09.221 DEBUG 13626 --- [    Test worker] org.hibernate.SQL                        : insert into CarStatusTable (carAvailability, carType, latitude, longitude, carId) values (?, ?, ?, ?, ?)
2018-08-18 08:12:09.222 DEBUG 13626 --- [    Test worker] org.hibernate.SQL                        : insert into CarStatusTable (carAvailability, carType, latitude, longitude, carId) values (?, ?, ?, ?, ?)
2018-08-18 08:12:09.228 DEBUG 13626 --- [    Test worker] org.hibernate.SQL                        : insert into CarStatusTable (carAvailability, carType, latitude, longitude, carId) values (?, ?, ?, ?, ?)
2018-08-18 08:12:09.229 DEBUG 13626 --- [    Test worker] org.hibernate.SQL                        : insert into CarStatusTable (carAvailability, carType, latitude, longitude, carId) values (?, ?, ?, ?, ?)
2018-08-18 08:12:09.230 DEBUG 13626 --- [    Test worker] org.hibernate.SQL                        : insert into CarStatusTable (carAvailability, carType, latitude, longitude, carId) values (?, ?, ?, ?, ?)
2018-08-18 08:12:09.231 DEBUG 13626 --- [    Test worker] org.hibernate.SQL                        : insert into CarStatusTable (carAvailability, carType, latitude, longitude, carId) values (?, ?, ?, ?, ?)
2018-08-18 08:12:09.238 DEBUG 13626 --- [    Test worker] org.hibernate.SQL                        : insert into CarStatusTable (carAvailability, carType, latitude, longitude, carId) values (?, ?, ?, ?, ?)
2018-08-18 08:12:09.239 DEBUG 13626 --- [    Test worker] org.hibernate.SQL                        : insert into CarStatusTable (carAvailability, carType, latitude, longitude, carId) values (?, ?, ?, ?, ?)
2018-08-18 08:12:09.240 DEBUG 13626 --- [    Test worker] org.hibernate.SQL                        : insert into CarStatusTable (carAvailability, carType, latitude, longitude, carId) values (?, ?, ?, ?, ?)
2018-08-18 08:12:09.241 DEBUG 13626 --- [    Test worker] org.hibernate.SQL                        : insert into CarStatusTable (carAvailability, carType, latitude, longitude, carId) values (?, ?, ?, ?, ?)
2018-08-18 08:12:09.241 DEBUG 13626 --- [    Test worker] org.hibernate.SQL                        : insert into CarStatusTable (carAvailability, carType, latitude, longitude, carId) values (?, ?, ?, ?, ?)
2018-08-18 08:12:09.242 DEBUG 13626 --- [    Test worker] org.hibernate.SQL                        : insert into CarStatusTable (carAvailability, carType, latitude, longitude, carId) values (?, ?, ?, ?, ?)
2018-08-18 08:12:09.243 DEBUG 13626 --- [    Test worker] org.hibernate.SQL                        : insert into CarStatusTable (carAvailability, carType, latitude, longitude, carId) values (?, ?, ?, ?, ?)
2018-08-18 08:12:09.244 DEBUG 13626 --- [    Test worker] org.hibernate.SQL                        : insert into CarStatusTable (carAvailability, carType, latitude, longitude, carId) values (?, ?, ?, ?, ?)
2018-08-18 08:12:09.244 DEBUG 13626 --- [    Test worker] org.hibernate.SQL                        : insert into CarStatusTable (carAvailability, carType, latitude, longitude, carId) values (?, ?, ?, ?, ?)
2018-08-18 08:12:09.245 DEBUG 13626 --- [    Test worker] org.hibernate.SQL                        : insert into CarStatusTable (carAvailability, carType, latitude, longitude, carId) values (?, ?, ?, ?, ?)
2018-08-18 08:12:09.245 DEBUG 13626 --- [    Test worker] org.hibernate.SQL                        : insert into CarStatusTable (carAvailability, carType, latitude, longitude, carId) values (?, ?, ?, ?, ?)
2018-08-18 08:12:09.246 DEBUG 13626 --- [    Test worker] org.hibernate.SQL                        : insert into CarStatusTable (carAvailability, carType, latitude, longitude, carId) values (?, ?, ?, ?, ?)
2018-08-18 08:12:09.246 DEBUG 13626 --- [    Test worker] org.hibernate.SQL                        : insert into CarStatusTable (carAvailability, carType, latitude, longitude, carId) values (?, ?, ?, ?, ?)
2018-08-18 08:12:09.247 DEBUG 13626 --- [    Test worker] org.hibernate.SQL                        : insert into CarStatusTable (carAvailability, carType, latitude, longitude, carId) values (?, ?, ?, ?, ?)
2018-08-18 08:12:09.248 DEBUG 13626 --- [    Test worker] org.hibernate.SQL                        : insert into CarStatusTable (carAvailability, carType, latitude, longitude, carId) values (?, ?, ?, ?, ?)
2018-08-18 08:12:09.248 DEBUG 13626 --- [    Test worker] org.hibernate.SQL                        : insert into CarStatusTable (carAvailability, carType, latitude, longitude, carId) values (?, ?, ?, ?, ?)
2018-08-18 08:12:09.249 DEBUG 13626 --- [    Test worker] org.hibernate.SQL                        : insert into CarStatusTable (carAvailability, carType, latitude, longitude, carId) values (?, ?, ?, ?, ?)
2018-08-18 08:12:09.249 DEBUG 13626 --- [    Test worker] org.hibernate.SQL                        : insert into CarStatusTable (carAvailability, carType, latitude, longitude, carId) values (?, ?, ?, ?, ?)
2018-08-18 08:12:09.250 DEBUG 13626 --- [    Test worker] org.hibernate.SQL                        : insert into CarStatusTable (carAvailability, carType, latitude, longitude, carId) values (?, ?, ?, ?, ?)
2018-08-18 08:12:09.251 DEBUG 13626 --- [    Test worker] org.hibernate.SQL                        : insert into CarStatusTable (carAvailability, carType, latitude, longitude, carId) values (?, ?, ?, ?, ?)
2018-08-18 08:12:09.251 DEBUG 13626 --- [    Test worker] org.hibernate.SQL                        : insert into CarStatusTable (carAvailability, carType, latitude, longitude, carId) values (?, ?, ?, ?, ?)
2018-08-18 08:12:09.252 DEBUG 13626 --- [    Test worker] org.hibernate.SQL                        : insert into CarStatusTable (carAvailability, carType, latitude, longitude, carId) values (?, ?, ?, ?, ?)
2018-08-18 08:12:09.252 DEBUG 13626 --- [    Test worker] org.hibernate.SQL                        : insert into CarStatusTable (carAvailability, carType, latitude, longitude, carId) values (?, ?, ?, ?, ?)
2018-08-18 08:12:09.253 DEBUG 13626 --- [    Test worker] org.hibernate.SQL                        : insert into CarStatusTable (carAvailability, carType, latitude, longitude, carId) values (?, ?, ?, ?, ?)
2018-08-18 08:12:09.254 DEBUG 13626 --- [    Test worker] org.hibernate.SQL                        : insert into CarStatusTable (carAvailability, carType, latitude, longitude, carId) values (?, ?, ?, ?, ?)
2018-08-18 08:12:09.254 DEBUG 13626 --- [    Test worker] org.hibernate.SQL                        : insert into CarStatusTable (carAvailability, carType, latitude, longitude, carId) values (?, ?, ?, ?, ?)
2018-08-18 08:12:09.255 DEBUG 13626 --- [    Test worker] org.hibernate.SQL                        : insert into CarStatusTable (carAvailability, carType, latitude, longitude, carId) values (?, ?, ?, ?, ?)
2018-08-18 08:12:09.256 DEBUG 13626 --- [    Test worker] org.hibernate.SQL                        : insert into CarStatusTable (carAvailability, carType, latitude, longitude, carId) values (?, ?, ?, ?, ?)
2018-08-18 08:12:09.256 DEBUG 13626 --- [    Test worker] org.hibernate.SQL                        : insert into CarStatusTable (carAvailability, carType, latitude, longitude, carId) values (?, ?, ?, ?, ?)
2018-08-18 08:12:09.269 DEBUG 13626 --- [    Test worker] org.hibernate.SQL                        : insert into CarStatusTable (carAvailability, carType, latitude, longitude, carId) values (?, ?, ?, ?, ?)
2018-08-18 08:12:09.270 DEBUG 13626 --- [    Test worker] org.hibernate.SQL                        : insert into CarStatusTable (carAvailability, carType, latitude, longitude, carId) values (?, ?, ?, ?, ?)
2018-08-18 08:12:09.271 DEBUG 13626 --- [    Test worker] org.hibernate.SQL                        : insert into CarStatusTable (carAvailability, carType, latitude, longitude, carId) values (?, ?, ?, ?, ?)
2018-08-18 08:12:09.279 DEBUG 13626 --- [    Test worker] org.hibernate.SQL                        : insert into CarStatusTable (carAvailability, carType, latitude, longitude, carId) values (?, ?, ?, ?, ?)
2018-08-18 08:12:09.283 DEBUG 13626 --- [    Test worker] org.hibernate.SQL                        : insert into CarStatusTable (carAvailability, carType, latitude, longitude, carId) values (?, ?, ?, ?, ?)
2018-08-18 08:12:09.284 DEBUG 13626 --- [    Test worker] org.hibernate.SQL                        : insert into CarStatusTable (carAvailability, carType, latitude, longitude, carId) values (?, ?, ?, ?, ?)
2018-08-18 08:12:09.290 DEBUG 13626 --- [    Test worker] org.hibernate.SQL                        : insert into CarStatusTable (carAvailability, carType, latitude, longitude, carId) values (?, ?, ?, ?, ?)
2018-08-18 08:12:09.294 DEBUG 13626 --- [    Test worker] org.hibernate.SQL                        : insert into CarStatusTable (carAvailability, carType, latitude, longitude, carId) values (?, ?, ?, ?, ?)
2018-08-18 08:12:09.299 DEBUG 13626 --- [    Test worker] org.hibernate.SQL                        : insert into CarStatusTable (carAvailability, carType, latitude, longitude, carId) values (?, ?, ?, ?, ?)
2018-08-18 08:12:09.300 DEBUG 13626 --- [    Test worker] org.hibernate.SQL                        : insert into CarStatusTable (carAvailability, carType, latitude, longitude, carId) values (?, ?, ?, ?, ?)
2018-08-18 08:12:09.301 DEBUG 13626 --- [    Test worker] org.hibernate.SQL                        : insert into CarStatusTable (carAvailability, carType, latitude, longitude, carId) values (?, ?, ?, ?, ?)
2018-08-18 08:12:09.302 DEBUG 13626 --- [    Test worker] org.hibernate.SQL                        : insert into CarStatusTable (carAvailability, carType, latitude, longitude, carId) values (?, ?, ?, ?, ?)
2018-08-18 08:12:09.302 DEBUG 13626 --- [    Test worker] org.hibernate.SQL                        : insert into CarStatusTable (carAvailability, carType, latitude, longitude, carId) values (?, ?, ?, ?, ?)
2018-08-18 08:12:09.303 DEBUG 13626 --- [    Test worker] org.hibernate.SQL                        : insert into CarStatusTable (carAvailability, carType, latitude, longitude, carId) values (?, ?, ?, ?, ?)
2018-08-18 08:12:09.303 DEBUG 13626 --- [    Test worker] org.hibernate.SQL                        : insert into CarStatusTable (carAvailability, carType, latitude, longitude, carId) values (?, ?, ?, ?, ?)
2018-08-18 08:12:09.304 DEBUG 13626 --- [    Test worker] org.hibernate.SQL                        : insert into CarStatusTable (carAvailability, carType, latitude, longitude, carId) values (?, ?, ?, ?, ?)
2018-08-18 08:12:09.315 DEBUG 13626 --- [    Test worker] org.hibernate.SQL                        : insert into CarStatusTable (carAvailability, carType, latitude, longitude, carId) values (?, ?, ?, ?, ?)
2018-08-18 08:12:09.317 DEBUG 13626 --- [    Test worker] org.hibernate.SQL                        : insert into CarStatusTable (carAvailability, carType, latitude, longitude, carId) values (?, ?, ?, ?, ?)
2018-08-18 08:12:09.317 DEBUG 13626 --- [    Test worker] org.hibernate.SQL                        : insert into CarStatusTable (carAvailability, carType, latitude, longitude, carId) values (?, ?, ?, ?, ?)
2018-08-18 08:12:09.318 DEBUG 13626 --- [    Test worker] org.hibernate.SQL                        : insert into CarStatusTable (carAvailability, carType, latitude, longitude, carId) values (?, ?, ?, ?, ?)
2018-08-18 08:12:09.319 DEBUG 13626 --- [    Test worker] org.hibernate.SQL                        : insert into CarStatusTable (carAvailability, carType, latitude, longitude, carId) values (?, ?, ?, ?, ?)
2018-08-18 08:12:09.319 DEBUG 13626 --- [    Test worker] org.hibernate.SQL                        : insert into CarStatusTable (carAvailability, carType, latitude, longitude, carId) values (?, ?, ?, ?, ?)
2018-08-18 08:12:09.331 DEBUG 13626 --- [    Test worker] org.hibernate.SQL                        : insert into CarStatusTable (carAvailability, carType, latitude, longitude, carId) values (?, ?, ?, ?, ?)
2018-08-18 08:12:09.337 DEBUG 13626 --- [    Test worker] org.hibernate.SQL                        : insert into CarStatusTable (carAvailability, carType, latitude, longitude, carId) values (?, ?, ?, ?, ?)
2018-08-18 08:12:09.339 DEBUG 13626 --- [    Test worker] org.hibernate.SQL                        : insert into CarStatusTable (carAvailability, carType, latitude, longitude, carId) values (?, ?, ?, ?, ?)
2018-08-18 08:12:09.339 DEBUG 13626 --- [    Test worker] org.hibernate.SQL                        : insert into CarStatusTable (carAvailability, carType, latitude, longitude, carId) values (?, ?, ?, ?, ?)
2018-08-18 08:12:09.341 DEBUG 13626 --- [    Test worker] org.hibernate.SQL                        : insert into CarStatusTable (carAvailability, carType, latitude, longitude, carId) values (?, ?, ?, ?, ?)
2018-08-18 08:12:09.351 DEBUG 13626 --- [    Test worker] org.hibernate.SQL                        : insert into CarStatusTable (carAvailability, carType, latitude, longitude, carId) values (?, ?, ?, ?, ?)
2018-08-18 08:12:09.354 DEBUG 13626 --- [    Test worker] org.hibernate.SQL                        : insert into CarStatusTable (carAvailability, carType, latitude, longitude, carId) values (?, ?, ?, ?, ?)
2018-08-18 08:12:09.358 DEBUG 13626 --- [    Test worker] org.hibernate.SQL                        : insert into CarStatusTable (carAvailability, carType, latitude, longitude, carId) values (?, ?, ?, ?, ?)
2018-08-18 08:12:09.361 DEBUG 13626 --- [    Test worker] org.hibernate.SQL                        : insert into CarStatusTable (carAvailability, carType, latitude, longitude, carId) values (?, ?, ?, ?, ?)
2018-08-18 08:12:09.364 DEBUG 13626 --- [    Test worker] org.hibernate.SQL                        : insert into CarStatusTable (carAvailability, carType, latitude, longitude, carId) values (?, ?, ?, ?, ?)
2018-08-18 08:12:09.368 DEBUG 13626 --- [    Test worker] org.hibernate.SQL                        : insert into CarStatusTable (carAvailability, carType, latitude, longitude, carId) values (?, ?, ?, ?, ?)
2018-08-18 08:12:09.372 DEBUG 13626 --- [    Test worker] org.hibernate.SQL                        : insert into CarStatusTable (carAvailability, carType, latitude, longitude, carId) values (?, ?, ?, ?, ?)
2018-08-18 08:12:09.377 DEBUG 13626 --- [    Test worker] org.hibernate.SQL                        : insert into CarStatusTable (carAvailability, carType, latitude, longitude, carId) values (?, ?, ?, ?, ?)
2018-08-18 08:12:09.388 DEBUG 13626 --- [    Test worker] org.hibernate.SQL                        : insert into CarStatusTable (carAvailability, carType, latitude, longitude, carId) values (?, ?, ?, ?, ?)
2018-08-18 08:12:09.393 DEBUG 13626 --- [    Test worker] org.hibernate.SQL                        : insert into CarStatusTable (carAvailability, carType, latitude, longitude, carId) values (?, ?, ?, ?, ?)
2018-08-18 08:12:09.395 DEBUG 13626 --- [    Test worker] org.hibernate.SQL                        : insert into CarStatusTable (carAvailability, carType, latitude, longitude, carId) values (?, ?, ?, ?, ?)
2018-08-18 08:12:09.397 DEBUG 13626 --- [    Test worker] org.hibernate.SQL                        : insert into CarStatusTable (carAvailability, carType, latitude, longitude, carId) values (?, ?, ?, ?, ?)
2018-08-18 08:12:09.403 DEBUG 13626 --- [    Test worker] org.hibernate.SQL                        : insert into CarStatusTable (carAvailability, carType, latitude, longitude, carId) values (?, ?, ?, ?, ?)
2018-08-18 08:12:09.407 DEBUG 13626 --- [    Test worker] org.hibernate.SQL                        : insert into CarStatusTable (carAvailability, carType, latitude, longitude, carId) values (?, ?, ?, ?, ?)
2018-08-18 08:12:09.409 DEBUG 13626 --- [    Test worker] org.hibernate.SQL                        : insert into CarStatusTable (carAvailability, carType, latitude, longitude, carId) values (?, ?, ?, ?, ?)
2018-08-18 08:12:09.417 DEBUG 13626 --- [    Test worker] org.hibernate.SQL                        : insert into CarStatusTable (carAvailability, carType, latitude, longitude, carId) values (?, ?, ?, ?, ?)
2018-08-18 08:12:09.429 DEBUG 13626 --- [    Test worker] org.hibernate.SQL                        : insert into CarStatusTable (carAvailability, carType, latitude, longitude, carId) values (?, ?, ?, ?, ?)
2018-08-18 08:12:09.431 DEBUG 13626 --- [    Test worker] org.hibernate.SQL                        : insert into CarStatusTable (carAvailability, carType, latitude, longitude, carId) values (?, ?, ?, ?, ?)
2018-08-18 08:12:09.436 DEBUG 13626 --- [    Test worker] org.hibernate.SQL                        : insert into CarStatusTable (carAvailability, carType, latitude, longitude, carId) values (?, ?, ?, ?, ?)
2018-08-18 08:12:09.440 DEBUG 13626 --- [    Test worker] org.hibernate.SQL                        : insert into CarStatusTable (carAvailability, carType, latitude, longitude, carId) values (?, ?, ?, ?, ?)
2018-08-18 08:12:09.442 DEBUG 13626 --- [    Test worker] org.hibernate.SQL                        : insert into CarStatusTable (carAvailability, carType, latitude, longitude, carId) values (?, ?, ?, ?, ?)
2018-08-18 08:12:09.446 DEBUG 13626 --- [    Test worker] org.hibernate.SQL                        : insert into CarStatusTable (carAvailability, carType, latitude, longitude, carId) values (?, ?, ?, ?, ?)
2018-08-18 08:12:09.450 DEBUG 13626 --- [    Test worker] org.hibernate.SQL                        : insert into CarStatusTable (carAvailability, carType, latitude, longitude, carId) values (?, ?, ?, ?, ?)
2018-08-18 08:12:09.454 DEBUG 13626 --- [    Test worker] org.hibernate.SQL                        : insert into CarStatusTable (carAvailability, carType, latitude, longitude, carId) values (?, ?, ?, ?, ?)
2018-08-18 08:12:09.456 DEBUG 13626 --- [    Test worker] org.hibernate.SQL                        : insert into CarStatusTable (carAvailability, carType, latitude, longitude, carId) values (?, ?, ?, ?, ?)
2018-08-18 08:12:09.460 DEBUG 13626 --- [    Test worker] org.hibernate.SQL                        : insert into CarStatusTable (carAvailability, carType, latitude, longitude, carId) values (?, ?, ?, ?, ?)
2018-08-18 08:12:09.462 DEBUG 13626 --- [    Test worker] org.hibernate.SQL                        : insert into CarStatusTable (carAvailability, carType, latitude, longitude, carId) values (?, ?, ?, ?, ?)
2018-08-18 08:12:09.464 DEBUG 13626 --- [    Test worker] org.hibernate.SQL                        : insert into CarStatusTable (carAvailability, carType, latitude, longitude, carId) values (?, ?, ?, ?, ?)
2018-08-18 08:12:09.465 DEBUG 13626 --- [    Test worker] org.hibernate.SQL                        : insert into CarStatusTable (carAvailability, carType, latitude, longitude, carId) values (?, ?, ?, ?, ?)
2018-08-18 08:12:09.466 DEBUG 13626 --- [    Test worker] org.hibernate.SQL                        : insert into CarStatusTable (carAvailability, carType, latitude, longitude, carId) values (?, ?, ?, ?, ?)
2018-08-18 08:12:09.467 DEBUG 13626 --- [    Test worker] org.hibernate.SQL                        : insert into CarStatusTable (carAvailability, carType, latitude, longitude, carId) values (?, ?, ?, ?, ?)
2018-08-18 08:12:09.468 DEBUG 13626 --- [    Test worker] org.hibernate.SQL                        : insert into CarStatusTable (carAvailability, carType, latitude, longitude, carId) values (?, ?, ?, ?, ?)
2018-08-18 08:12:09.469 DEBUG 13626 --- [    Test worker] org.hibernate.SQL                        : insert into CarStatusTable (carAvailability, carType, latitude, longitude, carId) values (?, ?, ?, ?, ?)
2018-08-18 08:12:09.470 DEBUG 13626 --- [    Test worker] org.hibernate.SQL                        : insert into CarStatusTable (carAvailability, carType, latitude, longitude, carId) values (?, ?, ?, ?, ?)
2018-08-18 08:12:09.471 DEBUG 13626 --- [    Test worker] org.hibernate.SQL                        : insert into CarStatusTable (carAvailability, carType, latitude, longitude, carId) values (?, ?, ?, ?, ?)
2018-08-18 08:12:09.472 DEBUG 13626 --- [    Test worker] org.hibernate.SQL                        : insert into CarStatusTable (carAvailability, carType, latitude, longitude, carId) values (?, ?, ?, ?, ?)
2018-08-18 08:12:09.474 DEBUG 13626 --- [    Test worker] org.hibernate.SQL                        : insert into CarStatusTable (carAvailability, carType, latitude, longitude, carId) values (?, ?, ?, ?, ?)
2018-08-18 08:12:09.475 DEBUG 13626 --- [    Test worker] org.hibernate.SQL                        : insert into CarStatusTable (carAvailability, carType, latitude, longitude, carId) values (?, ?, ?, ?, ?)
2018-08-18 08:12:09.476 DEBUG 13626 --- [    Test worker] org.hibernate.SQL                        : insert into CarStatusTable (carAvailability, carType, latitude, longitude, carId) values (?, ?, ?, ?, ?)
2018-08-18 08:12:09.478 DEBUG 13626 --- [    Test worker] org.hibernate.SQL                        : insert into CarStatusTable (carAvailability, carType, latitude, longitude, carId) values (?, ?, ?, ?, ?)
2018-08-18 08:12:09.479 DEBUG 13626 --- [    Test worker] org.hibernate.SQL                        : insert into CarStatusTable (carAvailability, carType, latitude, longitude, carId) values (?, ?, ?, ?, ?)
2018-08-18 08:12:09.480 DEBUG 13626 --- [    Test worker] org.hibernate.SQL                        : insert into CarStatusTable (carAvailability, carType, latitude, longitude, carId) values (?, ?, ?, ?, ?)
2018-08-18 08:12:09.481 DEBUG 13626 --- [    Test worker] org.hibernate.SQL                        : insert into CarStatusTable (carAvailability, carType, latitude, longitude, carId) values (?, ?, ?, ?, ?)
2018-08-18 08:12:09.487 DEBUG 13626 --- [    Test worker] org.hibernate.SQL                        : insert into CarStatusTable (carAvailability, carType, latitude, longitude, carId) values (?, ?, ?, ?, ?)
2018-08-18 08:12:09.493 DEBUG 13626 --- [    Test worker] org.hibernate.SQL                        : insert into CarStatusTable (carAvailability, carType, latitude, longitude, carId) values (?, ?, ?, ?, ?)
2018-08-18 08:12:09.498 DEBUG 13626 --- [    Test worker] org.hibernate.SQL                        : insert into CarStatusTable (carAvailability, carType, latitude, longitude, carId) values (?, ?, ?, ?, ?)
2018-08-18 08:12:09.501 DEBUG 13626 --- [    Test worker] org.hibernate.SQL                        : insert into CarStatusTable (carAvailability, carType, latitude, longitude, carId) values (?, ?, ?, ?, ?)
2018-08-18 08:12:09.503 DEBUG 13626 --- [    Test worker] org.hibernate.SQL                        : insert into CarStatusTable (carAvailability, carType, latitude, longitude, carId) values (?, ?, ?, ?, ?)
2018-08-18 08:12:09.508 DEBUG 13626 --- [    Test worker] org.hibernate.SQL                        : insert into CarStatusTable (carAvailability, carType, latitude, longitude, carId) values (?, ?, ?, ?, ?)
2018-08-18 08:12:09.510 DEBUG 13626 --- [    Test worker] org.hibernate.SQL                        : insert into CarStatusTable (carAvailability, carType, latitude, longitude, carId) values (?, ?, ?, ?, ?)
2018-08-18 08:12:09.515 DEBUG 13626 --- [    Test worker] org.hibernate.SQL                        : insert into CarStatusTable (carAvailability, carType, latitude, longitude, carId) values (?, ?, ?, ?, ?)
2018-08-18 08:12:09.518 DEBUG 13626 --- [    Test worker] org.hibernate.SQL                        : insert into CarStatusTable (carAvailability, carType, latitude, longitude, carId) values (?, ?, ?, ?, ?)
2018-08-18 08:12:09.520 DEBUG 13626 --- [    Test worker] org.hibernate.SQL                        : insert into CarStatusTable (carAvailability, carType, latitude, longitude, carId) values (?, ?, ?, ?, ?)
2018-08-18 08:12:09.521 DEBUG 13626 --- [    Test worker] org.hibernate.SQL                        : insert into CarStatusTable (carAvailability, carType, latitude, longitude, carId) values (?, ?, ?, ?, ?)
2018-08-18 08:12:09.522 DEBUG 13626 --- [    Test worker] org.hibernate.SQL                        : insert into CarStatusTable (carAvailability, carType, latitude, longitude, carId) values (?, ?, ?, ?, ?)
2018-08-18 08:12:09.523 DEBUG 13626 --- [    Test worker] org.hibernate.SQL                        : insert into CarStatusTable (carAvailability, carType, latitude, longitude, carId) values (?, ?, ?, ?, ?)
2018-08-18 08:12:09.533 DEBUG 13626 --- [    Test worker] org.hibernate.SQL                        : insert into CarStatusTable (carAvailability, carType, latitude, longitude, carId) values (?, ?, ?, ?, ?)
2018-08-18 08:12:09.535 DEBUG 13626 --- [    Test worker] org.hibernate.SQL                        : insert into CarStatusTable (carAvailability, carType, latitude, longitude, carId) values (?, ?, ?, ?, ?)
2018-08-18 08:12:09.540 DEBUG 13626 --- [    Test worker] org.hibernate.SQL                        : insert into CarStatusTable (carAvailability, carType, latitude, longitude, carId) values (?, ?, ?, ?, ?)
2018-08-18 08:12:09.541 DEBUG 13626 --- [    Test worker] org.hibernate.SQL                        : insert into CarStatusTable (carAvailability, carType, latitude, longitude, carId) values (?, ?, ?, ?, ?)
2018-08-18 08:12:09.542 DEBUG 13626 --- [    Test worker] org.hibernate.SQL                        : insert into CarStatusTable (carAvailability, carType, latitude, longitude, carId) values (?, ?, ?, ?, ?)
2018-08-18 08:12:09.545 DEBUG 13626 --- [    Test worker] org.hibernate.SQL                        : insert into CarStatusTable (carAvailability, carType, latitude, longitude, carId) values (?, ?, ?, ?, ?)
2018-08-18 08:12:09.547 DEBUG 13626 --- [    Test worker] org.hibernate.SQL                        : insert into CarStatusTable (carAvailability, carType, latitude, longitude, carId) values (?, ?, ?, ?, ?)
2018-08-18 08:12:09.547 DEBUG 13626 --- [    Test worker] org.hibernate.SQL                        : insert into CarStatusTable (carAvailability, carType, latitude, longitude, carId) values (?, ?, ?, ?, ?)
2018-08-18 08:12:09.548 DEBUG 13626 --- [    Test worker] org.hibernate.SQL                        : insert into CarStatusTable (carAvailability, carType, latitude, longitude, carId) values (?, ?, ?, ?, ?)
2018-08-18 08:12:09.549 DEBUG 13626 --- [    Test worker] org.hibernate.SQL                        : insert into CarStatusTable (carAvailability, carType, latitude, longitude, carId) values (?, ?, ?, ?, ?)
2018-08-18 08:12:09.550 DEBUG 13626 --- [    Test worker] org.hibernate.SQL                        : insert into CarStatusTable (carAvailability, carType, latitude, longitude, carId) values (?, ?, ?, ?, ?)
2018-08-18 08:12:09.551 DEBUG 13626 --- [    Test worker] org.hibernate.SQL                        : insert into CarStatusTable (carAvailability, carType, latitude, longitude, carId) values (?, ?, ?, ?, ?)
2018-08-18 08:12:09.552 DEBUG 13626 --- [    Test worker] org.hibernate.SQL                        : insert into CarStatusTable (carAvailability, carType, latitude, longitude, carId) values (?, ?, ?, ?, ?)
2018-08-18 08:12:09.553 DEBUG 13626 --- [    Test worker] org.hibernate.SQL                        : insert into CarStatusTable (carAvailability, carType, latitude, longitude, carId) values (?, ?, ?, ?, ?)
2018-08-18 08:12:09.553 DEBUG 13626 --- [    Test worker] org.hibernate.SQL                        : insert into CarStatusTable (carAvailability, carType, latitude, longitude, carId) values (?, ?, ?, ?, ?)
2018-08-18 08:12:09.554 DEBUG 13626 --- [    Test worker] org.hibernate.SQL                        : insert into CarStatusTable (carAvailability, carType, latitude, longitude, carId) values (?, ?, ?, ?, ?)
2018-08-18 08:12:09.555 DEBUG 13626 --- [    Test worker] org.hibernate.SQL                        : insert into CarStatusTable (carAvailability, carType, latitude, longitude, carId) values (?, ?, ?, ?, ?)
2018-08-18 08:12:09.555 DEBUG 13626 --- [    Test worker] org.hibernate.SQL                        : insert into CarStatusTable (carAvailability, carType, latitude, longitude, carId) values (?, ?, ?, ?, ?)
2018-08-18 08:12:09.556 DEBUG 13626 --- [    Test worker] org.hibernate.SQL                        : insert into CarStatusTable (carAvailability, carType, latitude, longitude, carId) values (?, ?, ?, ?, ?)
2018-08-18 08:12:09.557 DEBUG 13626 --- [    Test worker] org.hibernate.SQL                        : insert into CarStatusTable (carAvailability, carType, latitude, longitude, carId) values (?, ?, ?, ?, ?)
2018-08-18 08:12:09.558 DEBUG 13626 --- [    Test worker] org.hibernate.SQL                        : insert into CarStatusTable (carAvailability, carType, latitude, longitude, carId) values (?, ?, ?, ?, ?)
2018-08-18 08:12:09.558 DEBUG 13626 --- [    Test worker] org.hibernate.SQL                        : insert into CarStatusTable (carAvailability, carType, latitude, longitude, carId) values (?, ?, ?, ?, ?)
2018-08-18 08:12:09.559 DEBUG 13626 --- [    Test worker] org.hibernate.SQL                        : insert into CarStatusTable (carAvailability, carType, latitude, longitude, carId) values (?, ?, ?, ?, ?)
2018-08-18 08:12:09.559 DEBUG 13626 --- [    Test worker] org.hibernate.SQL                        : insert into CarStatusTable (carAvailability, carType, latitude, longitude, carId) values (?, ?, ?, ?, ?)
2018-08-18 08:12:09.560 DEBUG 13626 --- [    Test worker] org.hibernate.SQL                        : insert into CarStatusTable (carAvailability, carType, latitude, longitude, carId) values (?, ?, ?, ?, ?)
2018-08-18 08:12:09.560 DEBUG 13626 --- [    Test worker] org.hibernate.SQL                        : insert into CarStatusTable (carAvailability, carType, latitude, longitude, carId) values (?, ?, ?, ?, ?)
2018-08-18 08:12:09.561 DEBUG 13626 --- [    Test worker] org.hibernate.SQL                        : insert into CarStatusTable (carAvailability, carType, latitude, longitude, carId) values (?, ?, ?, ?, ?)
2018-08-18 08:12:09.562 DEBUG 13626 --- [    Test worker] org.hibernate.SQL                        : insert into CarStatusTable (carAvailability, carType, latitude, longitude, carId) values (?, ?, ?, ?, ?)
2018-08-18 08:12:09.562 DEBUG 13626 --- [    Test worker] org.hibernate.SQL                        : insert into CarStatusTable (carAvailability, carType, latitude, longitude, carId) values (?, ?, ?, ?, ?)
2018-08-18 08:12:09.563 DEBUG 13626 --- [    Test worker] org.hibernate.SQL                        : insert into CarStatusTable (carAvailability, carType, latitude, longitude, carId) values (?, ?, ?, ?, ?)
2018-08-18 08:12:09.564 DEBUG 13626 --- [    Test worker] org.hibernate.SQL                        : insert into CarStatusTable (carAvailability, carType, latitude, longitude, carId) values (?, ?, ?, ?, ?)
2018-08-18 08:12:09.564 DEBUG 13626 --- [    Test worker] org.hibernate.SQL                        : insert into CarStatusTable (carAvailability, carType, latitude, longitude, carId) values (?, ?, ?, ?, ?)
2018-08-18 08:12:09.565 DEBUG 13626 --- [    Test worker] org.hibernate.SQL                        : insert into CarStatusTable (carAvailability, carType, latitude, longitude, carId) values (?, ?, ?, ?, ?)
2018-08-18 08:12:09.565 DEBUG 13626 --- [    Test worker] org.hibernate.SQL                        : insert into CarStatusTable (carAvailability, carType, latitude, longitude, carId) values (?, ?, ?, ?, ?)
2018-08-18 08:12:09.566 DEBUG 13626 --- [    Test worker] org.hibernate.SQL                        : insert into CarStatusTable (carAvailability, carType, latitude, longitude, carId) values (?, ?, ?, ?, ?)
2018-08-18 08:12:09.567 DEBUG 13626 --- [    Test worker] org.hibernate.SQL                        : insert into CarStatusTable (carAvailability, carType, latitude, longitude, carId) values (?, ?, ?, ?, ?)
2018-08-18 08:12:09.568 DEBUG 13626 --- [    Test worker] org.hibernate.SQL                        : insert into CarStatusTable (carAvailability, carType, latitude, longitude, carId) values (?, ?, ?, ?, ?)
2018-08-18 08:12:09.568 DEBUG 13626 --- [    Test worker] org.hibernate.SQL                        : insert into CarStatusTable (carAvailability, carType, latitude, longitude, carId) values (?, ?, ?, ?, ?)
2018-08-18 08:12:09.569 DEBUG 13626 --- [    Test worker] org.hibernate.SQL                        : insert into CarStatusTable (carAvailability, carType, latitude, longitude, carId) values (?, ?, ?, ?, ?)
2018-08-18 08:12:09.570 DEBUG 13626 --- [    Test worker] org.hibernate.SQL                        : insert into CarStatusTable (carAvailability, carType, latitude, longitude, carId) values (?, ?, ?, ?, ?)
2018-08-18 08:12:09.571 DEBUG 13626 --- [    Test worker] org.hibernate.SQL                        : insert into CarStatusTable (carAvailability, carType, latitude, longitude, carId) values (?, ?, ?, ?, ?)
2018-08-18 08:12:09.572 DEBUG 13626 --- [    Test worker] org.hibernate.SQL                        : insert into CarStatusTable (carAvailability, carType, latitude, longitude, carId) values (?, ?, ?, ?, ?)
2018-08-18 08:12:09.572 DEBUG 13626 --- [    Test worker] org.hibernate.SQL                        : insert into CarStatusTable (carAvailability, carType, latitude, longitude, carId) values (?, ?, ?, ?, ?)
2018-08-18 08:12:09.573 DEBUG 13626 --- [    Test worker] org.hibernate.SQL                        : insert into CarStatusTable (carAvailability, carType, latitude, longitude, carId) values (?, ?, ?, ?, ?)
2018-08-18 08:12:09.574 DEBUG 13626 --- [    Test worker] org.hibernate.SQL                        : insert into CarStatusTable (carAvailability, carType, latitude, longitude, carId) values (?, ?, ?, ?, ?)
2018-08-18 08:12:09.574 DEBUG 13626 --- [    Test worker] org.hibernate.SQL                        : insert into CarStatusTable (carAvailability, carType, latitude, longitude, carId) values (?, ?, ?, ?, ?)
2018-08-18 08:12:09.575 DEBUG 13626 --- [    Test worker] org.hibernate.SQL                        : insert into CarStatusTable (carAvailability, carType, latitude, longitude, carId) values (?, ?, ?, ?, ?)
2018-08-18 08:12:09.576 DEBUG 13626 --- [    Test worker] org.hibernate.SQL                        : insert into CarStatusTable (carAvailability, carType, latitude, longitude, carId) values (?, ?, ?, ?, ?)
2018-08-18 08:12:09.577 DEBUG 13626 --- [    Test worker] org.hibernate.SQL                        : insert into CarStatusTable (carAvailability, carType, latitude, longitude, carId) values (?, ?, ?, ?, ?)
2018-08-18 08:12:09.577 DEBUG 13626 --- [    Test worker] org.hibernate.SQL                        : insert into CarStatusTable (carAvailability, carType, latitude, longitude, carId) values (?, ?, ?, ?, ?)
2018-08-18 08:12:09.578 DEBUG 13626 --- [    Test worker] org.hibernate.SQL                        : insert into CarStatusTable (carAvailability, carType, latitude, longitude, carId) values (?, ?, ?, ?, ?)
2018-08-18 08:12:09.579 DEBUG 13626 --- [    Test worker] org.hibernate.SQL                        : insert into CarStatusTable (carAvailability, carType, latitude, longitude, carId) values (?, ?, ?, ?, ?)
2018-08-18 08:12:09.579 DEBUG 13626 --- [    Test worker] org.hibernate.SQL                        : insert into CarStatusTable (carAvailability, carType, latitude, longitude, carId) values (?, ?, ?, ?, ?)
2018-08-18 08:12:09.580 DEBUG 13626 --- [    Test worker] org.hibernate.SQL                        : insert into CarStatusTable (carAvailability, carType, latitude, longitude, carId) values (?, ?, ?, ?, ?)
2018-08-18 08:12:09.581 DEBUG 13626 --- [    Test worker] org.hibernate.SQL                        : insert into CarStatusTable (carAvailability, carType, latitude, longitude, carId) values (?, ?, ?, ?, ?)
2018-08-18 08:12:09.582 DEBUG 13626 --- [    Test worker] org.hibernate.SQL                        : insert into CarStatusTable (carAvailability, carType, latitude, longitude, carId) values (?, ?, ?, ?, ?)
2018-08-18 08:12:09.583 DEBUG 13626 --- [    Test worker] org.hibernate.SQL                        : insert into CarStatusTable (carAvailability, carType, latitude, longitude, carId) values (?, ?, ?, ?, ?)
2018-08-18 08:12:09.583 DEBUG 13626 --- [    Test worker] org.hibernate.SQL                        : insert into CarStatusTable (carAvailability, carType, latitude, longitude, carId) values (?, ?, ?, ?, ?)
2018-08-18 08:12:09.584 DEBUG 13626 --- [    Test worker] org.hibernate.SQL                        : insert into CarStatusTable (carAvailability, carType, latitude, longitude, carId) values (?, ?, ?, ?, ?)
2018-08-18 08:12:09.585 DEBUG 13626 --- [    Test worker] org.hibernate.SQL                        : insert into CarStatusTable (carAvailability, carType, latitude, longitude, carId) values (?, ?, ?, ?, ?)
2018-08-18 08:12:09.585 DEBUG 13626 --- [    Test worker] org.hibernate.SQL                        : insert into CarStatusTable (carAvailability, carType, latitude, longitude, carId) values (?, ?, ?, ?, ?)
2018-08-18 08:12:09.586 DEBUG 13626 --- [    Test worker] org.hibernate.SQL                        : insert into CarStatusTable (carAvailability, carType, latitude, longitude, carId) values (?, ?, ?, ?, ?)
2018-08-18 08:12:09.587 DEBUG 13626 --- [    Test worker] org.hibernate.SQL                        : insert into CarStatusTable (carAvailability, carType, latitude, longitude, carId) values (?, ?, ?, ?, ?)
2018-08-18 08:12:09.587 DEBUG 13626 --- [    Test worker] org.hibernate.SQL                        : insert into CarStatusTable (carAvailability, carType, latitude, longitude, carId) values (?, ?, ?, ?, ?)
2018-08-18 08:12:09.588 DEBUG 13626 --- [    Test worker] org.hibernate.SQL                        : insert into CarStatusTable (carAvailability, carType, latitude, longitude, carId) values (?, ?, ?, ?, ?)
2018-08-18 08:12:09.589 DEBUG 13626 --- [    Test worker] org.hibernate.SQL                        : insert into CarStatusTable (carAvailability, carType, latitude, longitude, carId) values (?, ?, ?, ?, ?)
2018-08-18 08:12:09.589 DEBUG 13626 --- [    Test worker] org.hibernate.SQL                        : insert into CarStatusTable (carAvailability, carType, latitude, longitude, carId) values (?, ?, ?, ?, ?)
2018-08-18 08:12:09.590 DEBUG 13626 --- [    Test worker] org.hibernate.SQL                        : insert into CarStatusTable (carAvailability, carType, latitude, longitude, carId) values (?, ?, ?, ?, ?)
2018-08-18 08:12:09.591 DEBUG 13626 --- [    Test worker] org.hibernate.SQL                        : insert into CarStatusTable (carAvailability, carType, latitude, longitude, carId) values (?, ?, ?, ?, ?)
2018-08-18 08:12:09.591 DEBUG 13626 --- [    Test worker] org.hibernate.SQL                        : insert into CarStatusTable (carAvailability, carType, latitude, longitude, carId) values (?, ?, ?, ?, ?)
2018-08-18 08:12:09.592 DEBUG 13626 --- [    Test worker] org.hibernate.SQL                        : insert into CarStatusTable (carAvailability, carType, latitude, longitude, carId) values (?, ?, ?, ?, ?)
2018-08-18 08:12:09.593 DEBUG 13626 --- [    Test worker] org.hibernate.SQL                        : insert into CarStatusTable (carAvailability, carType, latitude, longitude, carId) values (?, ?, ?, ?, ?)
2018-08-18 08:12:09.593 DEBUG 13626 --- [    Test worker] org.hibernate.SQL                        : insert into CarStatusTable (carAvailability, carType, latitude, longitude, carId) values (?, ?, ?, ?, ?)
2018-08-18 08:12:09.594 DEBUG 13626 --- [    Test worker] org.hibernate.SQL                        : insert into CarStatusTable (carAvailability, carType, latitude, longitude, carId) values (?, ?, ?, ?, ?)
2018-08-18 08:12:09.594 DEBUG 13626 --- [    Test worker] org.hibernate.SQL                        : insert into CarStatusTable (carAvailability, carType, latitude, longitude, carId) values (?, ?, ?, ?, ?)
2018-08-18 08:12:09.595 DEBUG 13626 --- [    Test worker] org.hibernate.SQL                        : insert into CarStatusTable (carAvailability, carType, latitude, longitude, carId) values (?, ?, ?, ?, ?)
2018-08-18 08:12:09.596 DEBUG 13626 --- [    Test worker] org.hibernate.SQL                        : insert into CarStatusTable (carAvailability, carType, latitude, longitude, carId) values (?, ?, ?, ?, ?)
2018-08-18 08:12:09.596 DEBUG 13626 --- [    Test worker] org.hibernate.SQL                        : insert into CarStatusTable (carAvailability, carType, latitude, longitude, carId) values (?, ?, ?, ?, ?)
2018-08-18 08:12:09.597 DEBUG 13626 --- [    Test worker] org.hibernate.SQL                        : insert into CarStatusTable (carAvailability, carType, latitude, longitude, carId) values (?, ?, ?, ?, ?)
2018-08-18 08:12:09.598 DEBUG 13626 --- [    Test worker] org.hibernate.SQL                        : insert into CarStatusTable (carAvailability, carType, latitude, longitude, carId) values (?, ?, ?, ?, ?)
2018-08-18 08:12:09.599 DEBUG 13626 --- [    Test worker] org.hibernate.SQL                        : insert into CarStatusTable (carAvailability, carType, latitude, longitude, carId) values (?, ?, ?, ?, ?)
2018-08-18 08:12:09.599 DEBUG 13626 --- [    Test worker] org.hibernate.SQL                        : insert into CarStatusTable (carAvailability, carType, latitude, longitude, carId) values (?, ?, ?, ?, ?)
2018-08-18 08:12:09.600 DEBUG 13626 --- [    Test worker] org.hibernate.SQL                        : insert into CarStatusTable (carAvailability, carType, latitude, longitude, carId) values (?, ?, ?, ?, ?)
2018-08-18 08:12:09.600 DEBUG 13626 --- [    Test worker] org.hibernate.SQL                        : insert into CarStatusTable (carAvailability, carType, latitude, longitude, carId) values (?, ?, ?, ?, ?)
2018-08-18 08:12:09.601 DEBUG 13626 --- [    Test worker] org.hibernate.SQL                        : insert into CarStatusTable (carAvailability, carType, latitude, longitude, carId) values (?, ?, ?, ?, ?)
2018-08-18 08:12:09.602 DEBUG 13626 --- [    Test worker] org.hibernate.SQL                        : insert into CarStatusTable (carAvailability, carType, latitude, longitude, carId) values (?, ?, ?, ?, ?)
2018-08-18 08:12:09.602 DEBUG 13626 --- [    Test worker] org.hibernate.SQL                        : insert into CarStatusTable (carAvailability, carType, latitude, longitude, carId) values (?, ?, ?, ?, ?)
2018-08-18 08:12:09.603 DEBUG 13626 --- [    Test worker] org.hibernate.SQL                        : insert into CarStatusTable (carAvailability, carType, latitude, longitude, carId) values (?, ?, ?, ?, ?)
2018-08-18 08:12:09.604 DEBUG 13626 --- [    Test worker] org.hibernate.SQL                        : insert into CarStatusTable (carAvailability, carType, latitude, longitude, carId) values (?, ?, ?, ?, ?)
2018-08-18 08:12:09.604 DEBUG 13626 --- [    Test worker] org.hibernate.SQL                        : insert into CarStatusTable (carAvailability, carType, latitude, longitude, carId) values (?, ?, ?, ?, ?)
2018-08-18 08:12:09.608 DEBUG 13626 --- [    Test worker] org.hibernate.SQL                        : insert into CarStatusTable (carAvailability, carType, latitude, longitude, carId) values (?, ?, ?, ?, ?)
2018-08-18 08:12:09.609 DEBUG 13626 --- [    Test worker] org.hibernate.SQL                        : insert into CarStatusTable (carAvailability, carType, latitude, longitude, carId) values (?, ?, ?, ?, ?)
2018-08-18 08:12:09.609 DEBUG 13626 --- [    Test worker] org.hibernate.SQL                        : insert into CarStatusTable (carAvailability, carType, latitude, longitude, carId) values (?, ?, ?, ?, ?)
2018-08-18 08:12:09.610 DEBUG 13626 --- [    Test worker] org.hibernate.SQL                        : insert into CarStatusTable (carAvailability, carType, latitude, longitude, carId) values (?, ?, ?, ?, ?)
2018-08-18 08:12:09.611 DEBUG 13626 --- [    Test worker] org.hibernate.SQL                        : insert into CarStatusTable (carAvailability, carType, latitude, longitude, carId) values (?, ?, ?, ?, ?)
2018-08-18 08:12:09.612 DEBUG 13626 --- [    Test worker] org.hibernate.SQL                        : insert into CarStatusTable (carAvailability, carType, latitude, longitude, carId) values (?, ?, ?, ?, ?)
2018-08-18 08:12:09.612 DEBUG 13626 --- [    Test worker] org.hibernate.SQL                        : insert into CarStatusTable (carAvailability, carType, latitude, longitude, carId) values (?, ?, ?, ?, ?)
2018-08-18 08:12:09.613 DEBUG 13626 --- [    Test worker] org.hibernate.SQL                        : insert into CarStatusTable (carAvailability, carType, latitude, longitude, carId) values (?, ?, ?, ?, ?)
2018-08-18 08:12:09.613 DEBUG 13626 --- [    Test worker] org.hibernate.SQL                        : insert into CarStatusTable (carAvailability, carType, latitude, longitude, carId) values (?, ?, ?, ?, ?)
2018-08-18 08:12:09.614 DEBUG 13626 --- [    Test worker] org.hibernate.SQL                        : insert into CarStatusTable (carAvailability, carType, latitude, longitude, carId) values (?, ?, ?, ?, ?)
2018-08-18 08:12:09.615 DEBUG 13626 --- [    Test worker] org.hibernate.SQL                        : insert into CarStatusTable (carAvailability, carType, latitude, longitude, carId) values (?, ?, ?, ?, ?)
2018-08-18 08:12:09.615 DEBUG 13626 --- [    Test worker] org.hibernate.SQL                        : insert into CarStatusTable (carAvailability, carType, latitude, longitude, carId) values (?, ?, ?, ?, ?)
2018-08-18 08:12:09.616 DEBUG 13626 --- [    Test worker] org.hibernate.SQL                        : insert into CarStatusTable (carAvailability, carType, latitude, longitude, carId) values (?, ?, ?, ?, ?)
2018-08-18 08:12:09.617 DEBUG 13626 --- [    Test worker] org.hibernate.SQL                        : insert into CarStatusTable (carAvailability, carType, latitude, longitude, carId) values (?, ?, ?, ?, ?)
2018-08-18 08:12:09.618 DEBUG 13626 --- [    Test worker] org.hibernate.SQL                        : insert into CarStatusTable (carAvailability, carType, latitude, longitude, carId) values (?, ?, ?, ?, ?)
2018-08-18 08:12:09.619 DEBUG 13626 --- [    Test worker] org.hibernate.SQL                        : insert into CarStatusTable (carAvailability, carType, latitude, longitude, carId) values (?, ?, ?, ?, ?)
2018-08-18 08:12:09.619 DEBUG 13626 --- [    Test worker] org.hibernate.SQL                        : insert into CarStatusTable (carAvailability, carType, latitude, longitude, carId) values (?, ?, ?, ?, ?)
2018-08-18 08:12:09.620 DEBUG 13626 --- [    Test worker] org.hibernate.SQL                        : insert into CarStatusTable (carAvailability, carType, latitude, longitude, carId) values (?, ?, ?, ?, ?)
2018-08-18 08:12:09.620 DEBUG 13626 --- [    Test worker] org.hibernate.SQL                        : insert into CarStatusTable (carAvailability, carType, latitude, longitude, carId) values (?, ?, ?, ?, ?)
2018-08-18 08:12:09.621 DEBUG 13626 --- [    Test worker] org.hibernate.SQL                        : insert into CarStatusTable (carAvailability, carType, latitude, longitude, carId) values (?, ?, ?, ?, ?)
2018-08-18 08:12:09.622 DEBUG 13626 --- [    Test worker] org.hibernate.SQL                        : insert into CarStatusTable (carAvailability, carType, latitude, longitude, carId) values (?, ?, ?, ?, ?)
2018-08-18 08:12:09.622 DEBUG 13626 --- [    Test worker] org.hibernate.SQL                        : insert into CarStatusTable (carAvailability, carType, latitude, longitude, carId) values (?, ?, ?, ?, ?)
2018-08-18 08:12:09.623 DEBUG 13626 --- [    Test worker] org.hibernate.SQL                        : insert into CarStatusTable (carAvailability, carType, latitude, longitude, carId) values (?, ?, ?, ?, ?)
2018-08-18 08:12:09.624 DEBUG 13626 --- [    Test worker] org.hibernate.SQL                        : insert into CarStatusTable (carAvailability, carType, latitude, longitude, carId) values (?, ?, ?, ?, ?)
2018-08-18 08:12:09.624 DEBUG 13626 --- [    Test worker] org.hibernate.SQL                        : insert into CarStatusTable (carAvailability, carType, latitude, longitude, carId) values (?, ?, ?, ?, ?)
2018-08-18 08:12:09.625 DEBUG 13626 --- [    Test worker] org.hibernate.SQL                        : insert into CarStatusTable (carAvailability, carType, latitude, longitude, carId) values (?, ?, ?, ?, ?)
2018-08-18 08:12:09.625 DEBUG 13626 --- [    Test worker] org.hibernate.SQL                        : insert into CarStatusTable (carAvailability, carType, latitude, longitude, carId) values (?, ?, ?, ?, ?)
2018-08-18 08:12:09.626 DEBUG 13626 --- [    Test worker] org.hibernate.SQL                        : insert into CarStatusTable (carAvailability, carType, latitude, longitude, carId) values (?, ?, ?, ?, ?)
2018-08-18 08:12:09.627 DEBUG 13626 --- [    Test worker] org.hibernate.SQL                        : insert into CarStatusTable (carAvailability, carType, latitude, longitude, carId) values (?, ?, ?, ?, ?)
2018-08-18 08:12:09.628 DEBUG 13626 --- [    Test worker] org.hibernate.SQL                        : insert into CarStatusTable (carAvailability, carType, latitude, longitude, carId) values (?, ?, ?, ?, ?)
2018-08-18 08:12:09.628 DEBUG 13626 --- [    Test worker] org.hibernate.SQL                        : insert into CarStatusTable (carAvailability, carType, latitude, longitude, carId) values (?, ?, ?, ?, ?)
2018-08-18 08:12:09.629 DEBUG 13626 --- [    Test worker] org.hibernate.SQL                        : insert into CarStatusTable (carAvailability, carType, latitude, longitude, carId) values (?, ?, ?, ?, ?)
2018-08-18 08:12:09.629 DEBUG 13626 --- [    Test worker] org.hibernate.SQL                        : insert into CarStatusTable (carAvailability, carType, latitude, longitude, carId) values (?, ?, ?, ?, ?)
2018-08-18 08:12:09.630 DEBUG 13626 --- [    Test worker] org.hibernate.SQL                        : insert into CarStatusTable (carAvailability, carType, latitude, longitude, carId) values (?, ?, ?, ?, ?)
2018-08-18 08:12:09.630 DEBUG 13626 --- [    Test worker] org.hibernate.SQL                        : insert into CarStatusTable (carAvailability, carType, latitude, longitude, carId) values (?, ?, ?, ?, ?)
2018-08-18 08:12:09.632 DEBUG 13626 --- [    Test worker] org.hibernate.SQL                        : insert into CarStatusTable (carAvailability, carType, latitude, longitude, carId) values (?, ?, ?, ?, ?)
2018-08-18 08:12:09.632 DEBUG 13626 --- [    Test worker] org.hibernate.SQL                        : insert into CarStatusTable (carAvailability, carType, latitude, longitude, carId) values (?, ?, ?, ?, ?)
2018-08-18 08:12:09.633 DEBUG 13626 --- [    Test worker] org.hibernate.SQL                        : insert into CarStatusTable (carAvailability, carType, latitude, longitude, carId) values (?, ?, ?, ?, ?)
2018-08-18 08:12:09.633 DEBUG 13626 --- [    Test worker] org.hibernate.SQL                        : insert into CarStatusTable (carAvailability, carType, latitude, longitude, carId) values (?, ?, ?, ?, ?)
2018-08-18 08:12:09.634 DEBUG 13626 --- [    Test worker] org.hibernate.SQL                        : insert into CarStatusTable (carAvailability, carType, latitude, longitude, carId) values (?, ?, ?, ?, ?)
2018-08-18 08:12:09.634 DEBUG 13626 --- [    Test worker] org.hibernate.SQL                        : insert into CarStatusTable (carAvailability, carType, latitude, longitude, carId) values (?, ?, ?, ?, ?)
2018-08-18 08:12:09.635 DEBUG 13626 --- [    Test worker] org.hibernate.SQL                        : insert into CarStatusTable (carAvailability, carType, latitude, longitude, carId) values (?, ?, ?, ?, ?)
2018-08-18 08:12:09.636 DEBUG 13626 --- [    Test worker] org.hibernate.SQL                        : insert into CarStatusTable (carAvailability, carType, latitude, longitude, carId) values (?, ?, ?, ?, ?)
2018-08-18 08:12:09.636 DEBUG 13626 --- [    Test worker] org.hibernate.SQL                        : insert into CarStatusTable (carAvailability, carType, latitude, longitude, carId) values (?, ?, ?, ?, ?)
2018-08-18 08:12:09.637 DEBUG 13626 --- [    Test worker] org.hibernate.SQL                        : insert into CarStatusTable (carAvailability, carType, latitude, longitude, carId) values (?, ?, ?, ?, ?)
2018-08-18 08:12:09.638 DEBUG 13626 --- [    Test worker] org.hibernate.SQL                        : insert into CarStatusTable (carAvailability, carType, latitude, longitude, carId) values (?, ?, ?, ?, ?)
2018-08-18 08:12:09.638 DEBUG 13626 --- [    Test worker] org.hibernate.SQL                        : insert into CarStatusTable (carAvailability, carType, latitude, longitude, carId) values (?, ?, ?, ?, ?)
2018-08-18 08:12:09.639 DEBUG 13626 --- [    Test worker] org.hibernate.SQL                        : insert into CarStatusTable (carAvailability, carType, latitude, longitude, carId) values (?, ?, ?, ?, ?)
2018-08-18 08:12:09.639 DEBUG 13626 --- [    Test worker] org.hibernate.SQL                        : insert into CarStatusTable (carAvailability, carType, latitude, longitude, carId) values (?, ?, ?, ?, ?)
2018-08-18 08:12:09.640 DEBUG 13626 --- [    Test worker] org.hibernate.SQL                        : insert into CarStatusTable (carAvailability, carType, latitude, longitude, carId) values (?, ?, ?, ?, ?)
2018-08-18 08:12:09.641 DEBUG 13626 --- [    Test worker] org.hibernate.SQL                        : insert into CarStatusTable (carAvailability, carType, latitude, longitude, carId) values (?, ?, ?, ?, ?)
2018-08-18 08:12:09.642 DEBUG 13626 --- [    Test worker] org.hibernate.SQL                        : insert into CarStatusTable (carAvailability, carType, latitude, longitude, carId) values (?, ?, ?, ?, ?)
2018-08-18 08:12:09.642 DEBUG 13626 --- [    Test worker] org.hibernate.SQL                        : insert into CarStatusTable (carAvailability, carType, latitude, longitude, carId) values (?, ?, ?, ?, ?)
2018-08-18 08:12:09.643 DEBUG 13626 --- [    Test worker] org.hibernate.SQL                        : insert into CarStatusTable (carAvailability, carType, latitude, longitude, carId) values (?, ?, ?, ?, ?)
2018-08-18 08:12:09.644 DEBUG 13626 --- [    Test worker] org.hibernate.SQL                        : insert into CarStatusTable (carAvailability, carType, latitude, longitude, carId) values (?, ?, ?, ?, ?)
2018-08-18 08:12:09.644 DEBUG 13626 --- [    Test worker] org.hibernate.SQL                        : insert into CarStatusTable (carAvailability, carType, latitude, longitude, carId) values (?, ?, ?, ?, ?)
2018-08-18 08:12:09.645 DEBUG 13626 --- [    Test worker] org.hibernate.SQL                        : insert into CarStatusTable (carAvailability, carType, latitude, longitude, carId) values (?, ?, ?, ?, ?)
2018-08-18 08:12:09.646 DEBUG 13626 --- [    Test worker] org.hibernate.SQL                        : insert into CarStatusTable (carAvailability, carType, latitude, longitude, carId) values (?, ?, ?, ?, ?)
2018-08-18 08:12:09.647 DEBUG 13626 --- [    Test worker] org.hibernate.SQL                        : insert into CarStatusTable (carAvailability, carType, latitude, longitude, carId) values (?, ?, ?, ?, ?)
2018-08-18 08:12:09.648 DEBUG 13626 --- [    Test worker] org.hibernate.SQL                        : insert into CarStatusTable (carAvailability, carType, latitude, longitude, carId) values (?, ?, ?, ?, ?)
2018-08-18 08:12:09.649 DEBUG 13626 --- [    Test worker] org.hibernate.SQL                        : insert into CarStatusTable (carAvailability, carType, latitude, longitude, carId) values (?, ?, ?, ?, ?)
2018-08-18 08:12:09.649 DEBUG 13626 --- [    Test worker] org.hibernate.SQL                        : insert into CarStatusTable (carAvailability, carType, latitude, longitude, carId) values (?, ?, ?, ?, ?)
2018-08-18 08:12:09.650 DEBUG 13626 --- [    Test worker] org.hibernate.SQL                        : insert into CarStatusTable (carAvailability, carType, latitude, longitude, carId) values (?, ?, ?, ?, ?)
2018-08-18 08:12:09.652 DEBUG 13626 --- [    Test worker] org.hibernate.SQL                        : insert into CarStatusTable (carAvailability, carType, latitude, longitude, carId) values (?, ?, ?, ?, ?)
2018-08-18 08:12:09.653 DEBUG 13626 --- [    Test worker] org.hibernate.SQL                        : insert into CarStatusTable (carAvailability, carType, latitude, longitude, carId) values (?, ?, ?, ?, ?)
2018-08-18 08:12:09.653 DEBUG 13626 --- [    Test worker] org.hibernate.SQL                        : insert into CarStatusTable (carAvailability, carType, latitude, longitude, carId) values (?, ?, ?, ?, ?)
2018-08-18 08:12:09.654 DEBUG 13626 --- [    Test worker] org.hibernate.SQL                        : insert into CarStatusTable (carAvailability, carType, latitude, longitude, carId) values (?, ?, ?, ?, ?)
2018-08-18 08:12:09.655 DEBUG 13626 --- [    Test worker] org.hibernate.SQL                        : insert into CarStatusTable (carAvailability, carType, latitude, longitude, carId) values (?, ?, ?, ?, ?)
2018-08-18 08:12:09.655 DEBUG 13626 --- [    Test worker] org.hibernate.SQL                        : insert into CarStatusTable (carAvailability, carType, latitude, longitude, carId) values (?, ?, ?, ?, ?)
2018-08-18 08:12:09.656 DEBUG 13626 --- [    Test worker] org.hibernate.SQL                        : insert into CarStatusTable (carAvailability, carType, latitude, longitude, carId) values (?, ?, ?, ?, ?)
2018-08-18 08:12:09.656 DEBUG 13626 --- [    Test worker] org.hibernate.SQL                        : insert into CarStatusTable (carAvailability, carType, latitude, longitude, carId) values (?, ?, ?, ?, ?)
2018-08-18 08:12:09.657 DEBUG 13626 --- [    Test worker] org.hibernate.SQL                        : insert into CarStatusTable (carAvailability, carType, latitude, longitude, carId) values (?, ?, ?, ?, ?)
2018-08-18 08:12:09.658 DEBUG 13626 --- [    Test worker] org.hibernate.SQL                        : insert into CarStatusTable (carAvailability, carType, latitude, longitude, carId) values (?, ?, ?, ?, ?)
2018-08-18 08:12:09.658 DEBUG 13626 --- [    Test worker] org.hibernate.SQL                        : insert into CarStatusTable (carAvailability, carType, latitude, longitude, carId) values (?, ?, ?, ?, ?)
2018-08-18 08:12:09.659 DEBUG 13626 --- [    Test worker] org.hibernate.SQL                        : insert into CarStatusTable (carAvailability, carType, latitude, longitude, carId) values (?, ?, ?, ?, ?)
2018-08-18 08:12:09.659 DEBUG 13626 --- [    Test worker] org.hibernate.SQL                        : insert into CarStatusTable (carAvailability, carType, latitude, longitude, carId) values (?, ?, ?, ?, ?)
2018-08-18 08:12:09.660 DEBUG 13626 --- [    Test worker] org.hibernate.SQL                        : insert into CarStatusTable (carAvailability, carType, latitude, longitude, carId) values (?, ?, ?, ?, ?)
2018-08-18 08:12:09.661 DEBUG 13626 --- [    Test worker] org.hibernate.SQL                        : insert into CarStatusTable (carAvailability, carType, latitude, longitude, carId) values (?, ?, ?, ?, ?)
2018-08-18 08:12:09.661 DEBUG 13626 --- [    Test worker] org.hibernate.SQL                        : insert into CarStatusTable (carAvailability, carType, latitude, longitude, carId) values (?, ?, ?, ?, ?)
2018-08-18 08:12:09.662 DEBUG 13626 --- [    Test worker] org.hibernate.SQL                        : insert into CarStatusTable (carAvailability, carType, latitude, longitude, carId) values (?, ?, ?, ?, ?)
2018-08-18 08:12:09.662 DEBUG 13626 --- [    Test worker] org.hibernate.SQL                        : insert into CarStatusTable (carAvailability, carType, latitude, longitude, carId) values (?, ?, ?, ?, ?)
2018-08-18 08:12:09.664 DEBUG 13626 --- [    Test worker] org.hibernate.SQL                        : insert into CarStatusTable (carAvailability, carType, latitude, longitude, carId) values (?, ?, ?, ?, ?)
2018-08-18 08:12:09.664 DEBUG 13626 --- [    Test worker] org.hibernate.SQL                        : insert into CarStatusTable (carAvailability, carType, latitude, longitude, carId) values (?, ?, ?, ?, ?)
2018-08-18 08:12:09.665 DEBUG 13626 --- [    Test worker] org.hibernate.SQL                        : insert into CarStatusTable (carAvailability, carType, latitude, longitude, carId) values (?, ?, ?, ?, ?)
2018-08-18 08:12:09.669 DEBUG 13626 --- [    Test worker] org.hibernate.SQL                        : insert into CarStatusTable (carAvailability, carType, latitude, longitude, carId) values (?, ?, ?, ?, ?)
2018-08-18 08:12:09.670 DEBUG 13626 --- [    Test worker] org.hibernate.SQL                        : insert into CarStatusTable (carAvailability, carType, latitude, longitude, carId) values (?, ?, ?, ?, ?)
2018-08-18 08:12:09.671 DEBUG 13626 --- [    Test worker] org.hibernate.SQL                        : insert into CarStatusTable (carAvailability, carType, latitude, longitude, carId) values (?, ?, ?, ?, ?)
2018-08-18 08:12:09.674 DEBUG 13626 --- [    Test worker] org.hibernate.SQL                        : insert into CarStatusTable (carAvailability, carType, latitude, longitude, carId) values (?, ?, ?, ?, ?)
2018-08-18 08:12:09.677 DEBUG 13626 --- [    Test worker] org.hibernate.SQL                        : insert into CarStatusTable (carAvailability, carType, latitude, longitude, carId) values (?, ?, ?, ?, ?)
2018-08-18 08:12:09.680 DEBUG 13626 --- [    Test worker] org.hibernate.SQL                        : insert into CarStatusTable (carAvailability, carType, latitude, longitude, carId) values (?, ?, ?, ?, ?)
2018-08-18 08:12:09.685 DEBUG 13626 --- [    Test worker] org.hibernate.SQL                        : insert into CarStatusTable (carAvailability, carType, latitude, longitude, carId) values (?, ?, ?, ?, ?)
2018-08-18 08:12:09.686 DEBUG 13626 --- [    Test worker] org.hibernate.SQL                        : insert into CarStatusTable (carAvailability, carType, latitude, longitude, carId) values (?, ?, ?, ?, ?)
2018-08-18 08:12:09.687 DEBUG 13626 --- [    Test worker] org.hibernate.SQL                        : insert into CarStatusTable (carAvailability, carType, latitude, longitude, carId) values (?, ?, ?, ?, ?)
2018-08-18 08:12:09.688 DEBUG 13626 --- [    Test worker] org.hibernate.SQL                        : insert into CarStatusTable (carAvailability, carType, latitude, longitude, carId) values (?, ?, ?, ?, ?)
2018-08-18 08:12:09.690 DEBUG 13626 --- [    Test worker] org.hibernate.SQL                        : insert into CarStatusTable (carAvailability, carType, latitude, longitude, carId) values (?, ?, ?, ?, ?)
2018-08-18 08:12:09.692 DEBUG 13626 --- [    Test worker] org.hibernate.SQL                        : insert into CarStatusTable (carAvailability, carType, latitude, longitude, carId) values (?, ?, ?, ?, ?)
2018-08-18 08:12:09.699 DEBUG 13626 --- [    Test worker] org.hibernate.SQL                        : insert into CarStatusTable (carAvailability, carType, latitude, longitude, carId) values (?, ?, ?, ?, ?)
2018-08-18 08:12:09.701 DEBUG 13626 --- [    Test worker] org.hibernate.SQL                        : insert into CarStatusTable (carAvailability, carType, latitude, longitude, carId) values (?, ?, ?, ?, ?)
2018-08-18 08:12:09.707 DEBUG 13626 --- [    Test worker] org.hibernate.SQL                        : insert into CarStatusTable (carAvailability, carType, latitude, longitude, carId) values (?, ?, ?, ?, ?)
2018-08-18 08:12:09.708 DEBUG 13626 --- [    Test worker] org.hibernate.SQL                        : insert into CarStatusTable (carAvailability, carType, latitude, longitude, carId) values (?, ?, ?, ?, ?)
2018-08-18 08:12:09.710 DEBUG 13626 --- [    Test worker] org.hibernate.SQL                        : insert into CarStatusTable (carAvailability, carType, latitude, longitude, carId) values (?, ?, ?, ?, ?)
2018-08-18 08:12:09.711 DEBUG 13626 --- [    Test worker] org.hibernate.SQL                        : insert into CarStatusTable (carAvailability, carType, latitude, longitude, carId) values (?, ?, ?, ?, ?)
2018-08-18 08:12:09.718 DEBUG 13626 --- [    Test worker] org.hibernate.SQL                        : insert into CarStatusTable (carAvailability, carType, latitude, longitude, carId) values (?, ?, ?, ?, ?)
2018-08-18 08:12:09.719 DEBUG 13626 --- [    Test worker] org.hibernate.SQL                        : insert into CarStatusTable (carAvailability, carType, latitude, longitude, carId) values (?, ?, ?, ?, ?)
2018-08-18 08:12:09.720 DEBUG 13626 --- [    Test worker] org.hibernate.SQL                        : insert into CarStatusTable (carAvailability, carType, latitude, longitude, carId) values (?, ?, ?, ?, ?)
2018-08-18 08:12:09.721 DEBUG 13626 --- [    Test worker] org.hibernate.SQL                        : insert into CarStatusTable (carAvailability, carType, latitude, longitude, carId) values (?, ?, ?, ?, ?)
2018-08-18 08:12:09.724 DEBUG 13626 --- [    Test worker] org.hibernate.SQL                        : insert into CarStatusTable (carAvailability, carType, latitude, longitude, carId) values (?, ?, ?, ?, ?)
2018-08-18 08:12:09.725 DEBUG 13626 --- [    Test worker] org.hibernate.SQL                        : insert into CarStatusTable (carAvailability, carType, latitude, longitude, carId) values (?, ?, ?, ?, ?)
2018-08-18 08:12:09.727 DEBUG 13626 --- [    Test worker] org.hibernate.SQL                        : insert into CarStatusTable (carAvailability, carType, latitude, longitude, carId) values (?, ?, ?, ?, ?)
2018-08-18 08:12:09.730 DEBUG 13626 --- [    Test worker] org.hibernate.SQL                        : insert into CarStatusTable (carAvailability, carType, latitude, longitude, carId) values (?, ?, ?, ?, ?)
2018-08-18 08:12:09.731 DEBUG 13626 --- [    Test worker] org.hibernate.SQL                        : insert into CarStatusTable (carAvailability, carType, latitude, longitude, carId) values (?, ?, ?, ?, ?)
2018-08-18 08:12:09.737 DEBUG 13626 --- [    Test worker] org.hibernate.SQL                        : insert into CarStatusTable (carAvailability, carType, latitude, longitude, carId) values (?, ?, ?, ?, ?)
2018-08-18 08:12:09.739 DEBUG 13626 --- [    Test worker] org.hibernate.SQL                        : insert into CarStatusTable (carAvailability, carType, latitude, longitude, carId) values (?, ?, ?, ?, ?)
2018-08-18 08:12:09.740 DEBUG 13626 --- [    Test worker] org.hibernate.SQL                        : insert into CarStatusTable (carAvailability, carType, latitude, longitude, carId) values (?, ?, ?, ?, ?)
2018-08-18 08:12:09.740 DEBUG 13626 --- [    Test worker] org.hibernate.SQL                        : insert into CarStatusTable (carAvailability, carType, latitude, longitude, carId) values (?, ?, ?, ?, ?)
2018-08-18 08:12:09.741 DEBUG 13626 --- [    Test worker] org.hibernate.SQL                        : insert into CarStatusTable (carAvailability, carType, latitude, longitude, carId) values (?, ?, ?, ?, ?)
2018-08-18 08:12:09.741 DEBUG 13626 --- [    Test worker] org.hibernate.SQL                        : insert into CarStatusTable (carAvailability, carType, latitude, longitude, carId) values (?, ?, ?, ?, ?)
2018-08-18 08:12:09.745 DEBUG 13626 --- [    Test worker] org.hibernate.SQL                        : insert into CarStatusTable (carAvailability, carType, latitude, longitude, carId) values (?, ?, ?, ?, ?)
2018-08-18 08:12:09.746 DEBUG 13626 --- [    Test worker] org.hibernate.SQL                        : insert into CarStatusTable (carAvailability, carType, latitude, longitude, carId) values (?, ?, ?, ?, ?)
2018-08-18 08:12:09.747 DEBUG 13626 --- [    Test worker] org.hibernate.SQL                        : insert into CarStatusTable (carAvailability, carType, latitude, longitude, carId) values (?, ?, ?, ?, ?)
2018-08-18 08:12:09.747 DEBUG 13626 --- [    Test worker] org.hibernate.SQL                        : insert into CarStatusTable (carAvailability, carType, latitude, longitude, carId) values (?, ?, ?, ?, ?)
2018-08-18 08:12:09.749 DEBUG 13626 --- [    Test worker] org.hibernate.SQL                        : insert into CarStatusTable (carAvailability, carType, latitude, longitude, carId) values (?, ?, ?, ?, ?)
2018-08-18 08:12:09.753 DEBUG 13626 --- [    Test worker] org.hibernate.SQL                        : insert into CarStatusTable (carAvailability, carType, latitude, longitude, carId) values (?, ?, ?, ?, ?)
2018-08-18 08:12:09.754 DEBUG 13626 --- [    Test worker] org.hibernate.SQL                        : insert into CarStatusTable (carAvailability, carType, latitude, longitude, carId) values (?, ?, ?, ?, ?)
2018-08-18 08:12:09.755 DEBUG 13626 --- [    Test worker] org.hibernate.SQL                        : insert into CarStatusTable (carAvailability, carType, latitude, longitude, carId) values (?, ?, ?, ?, ?)
2018-08-18 08:12:09.756 DEBUG 13626 --- [    Test worker] org.hibernate.SQL                        : insert into CarStatusTable (carAvailability, carType, latitude, longitude, carId) values (?, ?, ?, ?, ?)
2018-08-18 08:12:09.757 DEBUG 13626 --- [    Test worker] org.hibernate.SQL                        : insert into CarStatusTable (carAvailability, carType, latitude, longitude, carId) values (?, ?, ?, ?, ?)
2018-08-18 08:12:09.760 DEBUG 13626 --- [    Test worker] org.hibernate.SQL                        : insert into CarStatusTable (carAvailability, carType, latitude, longitude, carId) values (?, ?, ?, ?, ?)
2018-08-18 08:12:09.765 DEBUG 13626 --- [    Test worker] org.hibernate.SQL                        : insert into CarStatusTable (carAvailability, carType, latitude, longitude, carId) values (?, ?, ?, ?, ?)
2018-08-18 08:12:09.766 DEBUG 13626 --- [    Test worker] org.hibernate.SQL                        : insert into CarStatusTable (carAvailability, carType, latitude, longitude, carId) values (?, ?, ?, ?, ?)
2018-08-18 08:12:09.767 DEBUG 13626 --- [    Test worker] org.hibernate.SQL                        : insert into CarStatusTable (carAvailability, carType, latitude, longitude, carId) values (?, ?, ?, ?, ?)
2018-08-18 08:12:09.768 DEBUG 13626 --- [    Test worker] org.hibernate.SQL                        : insert into CarStatusTable (carAvailability, carType, latitude, longitude, carId) values (?, ?, ?, ?, ?)
2018-08-18 08:12:09.769 DEBUG 13626 --- [    Test worker] org.hibernate.SQL                        : insert into CarStatusTable (carAvailability, carType, latitude, longitude, carId) values (?, ?, ?, ?, ?)
2018-08-18 08:12:09.770 DEBUG 13626 --- [    Test worker] org.hibernate.SQL                        : insert into CarStatusTable (carAvailability, carType, latitude, longitude, carId) values (?, ?, ?, ?, ?)
2018-08-18 08:12:09.771 DEBUG 13626 --- [    Test worker] org.hibernate.SQL                        : insert into CarStatusTable (carAvailability, carType, latitude, longitude, carId) values (?, ?, ?, ?, ?)
2018-08-18 08:12:09.772 DEBUG 13626 --- [    Test worker] org.hibernate.SQL                        : insert into CarStatusTable (carAvailability, carType, latitude, longitude, carId) values (?, ?, ?, ?, ?)
2018-08-18 08:12:09.773 DEBUG 13626 --- [    Test worker] org.hibernate.SQL                        : insert into CarStatusTable (carAvailability, carType, latitude, longitude, carId) values (?, ?, ?, ?, ?)
2018-08-18 08:12:09.773 DEBUG 13626 --- [    Test worker] org.hibernate.SQL                        : insert into CarStatusTable (carAvailability, carType, latitude, longitude, carId) values (?, ?, ?, ?, ?)
2018-08-18 08:12:09.774 DEBUG 13626 --- [    Test worker] org.hibernate.SQL                        : insert into CarStatusTable (carAvailability, carType, latitude, longitude, carId) values (?, ?, ?, ?, ?)
2018-08-18 08:12:09.776 DEBUG 13626 --- [    Test worker] org.hibernate.SQL                        : insert into CarStatusTable (carAvailability, carType, latitude, longitude, carId) values (?, ?, ?, ?, ?)
2018-08-18 08:12:09.777 DEBUG 13626 --- [    Test worker] org.hibernate.SQL                        : insert into CarStatusTable (carAvailability, carType, latitude, longitude, carId) values (?, ?, ?, ?, ?)
2018-08-18 08:12:09.778 DEBUG 13626 --- [    Test worker] org.hibernate.SQL                        : insert into CarStatusTable (carAvailability, carType, latitude, longitude, carId) values (?, ?, ?, ?, ?)
2018-08-18 08:12:09.779 DEBUG 13626 --- [    Test worker] org.hibernate.SQL                        : insert into CarStatusTable (carAvailability, carType, latitude, longitude, carId) values (?, ?, ?, ?, ?)
2018-08-18 08:12:09.780 DEBUG 13626 --- [    Test worker] org.hibernate.SQL                        : insert into CarStatusTable (carAvailability, carType, latitude, longitude, carId) values (?, ?, ?, ?, ?)
2018-08-18 08:12:09.780 DEBUG 13626 --- [    Test worker] org.hibernate.SQL                        : insert into CarStatusTable (carAvailability, carType, latitude, longitude, carId) values (?, ?, ?, ?, ?)
2018-08-18 08:12:09.781 DEBUG 13626 --- [    Test worker] org.hibernate.SQL                        : insert into CarStatusTable (carAvailability, carType, latitude, longitude, carId) values (?, ?, ?, ?, ?)
2018-08-18 08:12:09.781 DEBUG 13626 --- [    Test worker] org.hibernate.SQL                        : insert into CarStatusTable (carAvailability, carType, latitude, longitude, carId) values (?, ?, ?, ?, ?)
2018-08-18 08:12:09.782 DEBUG 13626 --- [    Test worker] org.hibernate.SQL                        : insert into CarStatusTable (carAvailability, carType, latitude, longitude, carId) values (?, ?, ?, ?, ?)
2018-08-18 08:12:09.783 DEBUG 13626 --- [    Test worker] org.hibernate.SQL                        : insert into CarStatusTable (carAvailability, carType, latitude, longitude, carId) values (?, ?, ?, ?, ?)
2018-08-18 08:12:09.783 DEBUG 13626 --- [    Test worker] org.hibernate.SQL                        : insert into CarStatusTable (carAvailability, carType, latitude, longitude, carId) values (?, ?, ?, ?, ?)
2018-08-18 08:12:09.784 DEBUG 13626 --- [    Test worker] org.hibernate.SQL                        : insert into CarStatusTable (carAvailability, carType, latitude, longitude, carId) values (?, ?, ?, ?, ?)
2018-08-18 08:12:09.785 DEBUG 13626 --- [    Test worker] org.hibernate.SQL                        : insert into CarStatusTable (carAvailability, carType, latitude, longitude, carId) values (?, ?, ?, ?, ?)
2018-08-18 08:12:09.785 DEBUG 13626 --- [    Test worker] org.hibernate.SQL                        : insert into CarStatusTable (carAvailability, carType, latitude, longitude, carId) values (?, ?, ?, ?, ?)
2018-08-18 08:12:09.786 DEBUG 13626 --- [    Test worker] org.hibernate.SQL                        : insert into CarStatusTable (carAvailability, carType, latitude, longitude, carId) values (?, ?, ?, ?, ?)
2018-08-18 08:12:09.786 DEBUG 13626 --- [    Test worker] org.hibernate.SQL                        : insert into CarStatusTable (carAvailability, carType, latitude, longitude, carId) values (?, ?, ?, ?, ?)
2018-08-18 08:12:09.787 DEBUG 13626 --- [    Test worker] org.hibernate.SQL                        : insert into CarStatusTable (carAvailability, carType, latitude, longitude, carId) values (?, ?, ?, ?, ?)
2018-08-18 08:12:09.787 DEBUG 13626 --- [    Test worker] org.hibernate.SQL                        : insert into CarStatusTable (carAvailability, carType, latitude, longitude, carId) values (?, ?, ?, ?, ?)
2018-08-18 08:12:09.788 DEBUG 13626 --- [    Test worker] org.hibernate.SQL                        : insert into CarStatusTable (carAvailability, carType, latitude, longitude, carId) values (?, ?, ?, ?, ?)
2018-08-18 08:12:09.788 DEBUG 13626 --- [    Test worker] org.hibernate.SQL                        : insert into CarStatusTable (carAvailability, carType, latitude, longitude, carId) values (?, ?, ?, ?, ?)
2018-08-18 08:12:09.789 DEBUG 13626 --- [    Test worker] org.hibernate.SQL                        : insert into CarStatusTable (carAvailability, carType, latitude, longitude, carId) values (?, ?, ?, ?, ?)
2018-08-18 08:12:09.789 DEBUG 13626 --- [    Test worker] org.hibernate.SQL                        : insert into CarStatusTable (carAvailability, carType, latitude, longitude, carId) values (?, ?, ?, ?, ?)
2018-08-18 08:12:09.790 DEBUG 13626 --- [    Test worker] org.hibernate.SQL                        : insert into CarStatusTable (carAvailability, carType, latitude, longitude, carId) values (?, ?, ?, ?, ?)
2018-08-18 08:12:09.791 DEBUG 13626 --- [    Test worker] org.hibernate.SQL                        : insert into CarStatusTable (carAvailability, carType, latitude, longitude, carId) values (?, ?, ?, ?, ?)
2018-08-18 08:12:09.792 DEBUG 13626 --- [    Test worker] org.hibernate.SQL                        : insert into CarStatusTable (carAvailability, carType, latitude, longitude, carId) values (?, ?, ?, ?, ?)
2018-08-18 08:12:09.793 DEBUG 13626 --- [    Test worker] org.hibernate.SQL                        : insert into CarStatusTable (carAvailability, carType, latitude, longitude, carId) values (?, ?, ?, ?, ?)
2018-08-18 08:12:09.794 DEBUG 13626 --- [    Test worker] org.hibernate.SQL                        : insert into CarStatusTable (carAvailability, carType, latitude, longitude, carId) values (?, ?, ?, ?, ?)
2018-08-18 08:12:09.795 DEBUG 13626 --- [    Test worker] org.hibernate.SQL                        : insert into CarStatusTable (carAvailability, carType, latitude, longitude, carId) values (?, ?, ?, ?, ?)
2018-08-18 08:12:09.797 DEBUG 13626 --- [    Test worker] org.hibernate.SQL                        : insert into CarStatusTable (carAvailability, carType, latitude, longitude, carId) values (?, ?, ?, ?, ?)
2018-08-18 08:12:09.798 DEBUG 13626 --- [    Test worker] org.hibernate.SQL                        : insert into CarStatusTable (carAvailability, carType, latitude, longitude, carId) values (?, ?, ?, ?, ?)
2018-08-18 08:12:09.799 DEBUG 13626 --- [    Test worker] org.hibernate.SQL                        : insert into CarStatusTable (carAvailability, carType, latitude, longitude, carId) values (?, ?, ?, ?, ?)
2018-08-18 08:12:09.800 DEBUG 13626 --- [    Test worker] org.hibernate.SQL                        : insert into CarStatusTable (carAvailability, carType, latitude, longitude, carId) values (?, ?, ?, ?, ?)
2018-08-18 08:12:09.801 DEBUG 13626 --- [    Test worker] org.hibernate.SQL                        : insert into CarStatusTable (carAvailability, carType, latitude, longitude, carId) values (?, ?, ?, ?, ?)
2018-08-18 08:12:09.802 DEBUG 13626 --- [    Test worker] org.hibernate.SQL                        : insert into CarStatusTable (carAvailability, carType, latitude, longitude, carId) values (?, ?, ?, ?, ?)
2018-08-18 08:12:09.803 DEBUG 13626 --- [    Test worker] org.hibernate.SQL                        : insert into CarStatusTable (carAvailability, carType, latitude, longitude, carId) values (?, ?, ?, ?, ?)
2018-08-18 08:12:09.805 DEBUG 13626 --- [    Test worker] org.hibernate.SQL                        : insert into CarStatusTable (carAvailability, carType, latitude, longitude, carId) values (?, ?, ?, ?, ?)
2018-08-18 08:12:09.807 DEBUG 13626 --- [    Test worker] org.hibernate.SQL                        : insert into CarStatusTable (carAvailability, carType, latitude, longitude, carId) values (?, ?, ?, ?, ?)
2018-08-18 08:12:09.809 DEBUG 13626 --- [    Test worker] org.hibernate.SQL                        : insert into CarStatusTable (carAvailability, carType, latitude, longitude, carId) values (?, ?, ?, ?, ?)
2018-08-18 08:12:09.813 DEBUG 13626 --- [    Test worker] org.hibernate.SQL                        : insert into CarStatusTable (carAvailability, carType, latitude, longitude, carId) values (?, ?, ?, ?, ?)
2018-08-18 08:12:09.816 DEBUG 13626 --- [    Test worker] org.hibernate.SQL                        : insert into CarStatusTable (carAvailability, carType, latitude, longitude, carId) values (?, ?, ?, ?, ?)
2018-08-18 08:12:09.819 DEBUG 13626 --- [    Test worker] org.hibernate.SQL                        : insert into CarStatusTable (carAvailability, carType, latitude, longitude, carId) values (?, ?, ?, ?, ?)
2018-08-18 08:12:09.821 DEBUG 13626 --- [    Test worker] org.hibernate.SQL                        : insert into CarStatusTable (carAvailability, carType, latitude, longitude, carId) values (?, ?, ?, ?, ?)
2018-08-18 08:12:09.823 DEBUG 13626 --- [    Test worker] org.hibernate.SQL                        : insert into CarStatusTable (carAvailability, carType, latitude, longitude, carId) values (?, ?, ?, ?, ?)
2018-08-18 08:12:09.826 DEBUG 13626 --- [    Test worker] org.hibernate.SQL                        : insert into CarStatusTable (carAvailability, carType, latitude, longitude, carId) values (?, ?, ?, ?, ?)
2018-08-18 08:12:09.827 DEBUG 13626 --- [    Test worker] org.hibernate.SQL                        : insert into CarStatusTable (carAvailability, carType, latitude, longitude, carId) values (?, ?, ?, ?, ?)
2018-08-18 08:12:09.829 DEBUG 13626 --- [    Test worker] org.hibernate.SQL                        : insert into CarStatusTable (carAvailability, carType, latitude, longitude, carId) values (?, ?, ?, ?, ?)
2018-08-18 08:12:09.830 DEBUG 13626 --- [    Test worker] org.hibernate.SQL                        : insert into CarStatusTable (carAvailability, carType, latitude, longitude, carId) values (?, ?, ?, ?, ?)
2018-08-18 08:12:09.835 DEBUG 13626 --- [    Test worker] org.hibernate.SQL                        : insert into CarStatusTable (carAvailability, carType, latitude, longitude, carId) values (?, ?, ?, ?, ?)
2018-08-18 08:12:09.839 DEBUG 13626 --- [    Test worker] org.hibernate.SQL                        : insert into CarStatusTable (carAvailability, carType, latitude, longitude, carId) values (?, ?, ?, ?, ?)
2018-08-18 08:12:09.841 DEBUG 13626 --- [    Test worker] org.hibernate.SQL                        : insert into CarStatusTable (carAvailability, carType, latitude, longitude, carId) values (?, ?, ?, ?, ?)
2018-08-18 08:12:09.843 DEBUG 13626 --- [    Test worker] org.hibernate.SQL                        : insert into CarStatusTable (carAvailability, carType, latitude, longitude, carId) values (?, ?, ?, ?, ?)
2018-08-18 08:12:09.845 DEBUG 13626 --- [    Test worker] org.hibernate.SQL                        : insert into CarStatusTable (carAvailability, carType, latitude, longitude, carId) values (?, ?, ?, ?, ?)
2018-08-18 08:12:09.846 DEBUG 13626 --- [    Test worker] org.hibernate.SQL                        : insert into CarStatusTable (carAvailability, carType, latitude, longitude, carId) values (?, ?, ?, ?, ?)
2018-08-18 08:12:09.847 DEBUG 13626 --- [    Test worker] org.hibernate.SQL                        : insert into CarStatusTable (carAvailability, carType, latitude, longitude, carId) values (?, ?, ?, ?, ?)
2018-08-18 08:12:09.848 DEBUG 13626 --- [    Test worker] org.hibernate.SQL                        : insert into CarStatusTable (carAvailability, carType, latitude, longitude, carId) values (?, ?, ?, ?, ?)
2018-08-18 08:12:09.848 DEBUG 13626 --- [    Test worker] org.hibernate.SQL                        : insert into CarStatusTable (carAvailability, carType, latitude, longitude, carId) values (?, ?, ?, ?, ?)
2018-08-18 08:12:09.849 DEBUG 13626 --- [    Test worker] org.hibernate.SQL                        : insert into CarStatusTable (carAvailability, carType, latitude, longitude, carId) values (?, ?, ?, ?, ?)
2018-08-18 08:12:09.849 DEBUG 13626 --- [    Test worker] org.hibernate.SQL                        : insert into CarStatusTable (carAvailability, carType, latitude, longitude, carId) values (?, ?, ?, ?, ?)
2018-08-18 08:12:09.850 DEBUG 13626 --- [    Test worker] org.hibernate.SQL                        : insert into CarStatusTable (carAvailability, carType, latitude, longitude, carId) values (?, ?, ?, ?, ?)
2018-08-18 08:12:09.851 DEBUG 13626 --- [    Test worker] org.hibernate.SQL                        : insert into CarStatusTable (carAvailability, carType, latitude, longitude, carId) values (?, ?, ?, ?, ?)
2018-08-18 08:12:09.851 DEBUG 13626 --- [    Test worker] org.hibernate.SQL                        : insert into CarStatusTable (carAvailability, carType, latitude, longitude, carId) values (?, ?, ?, ?, ?)
2018-08-18 08:12:09.852 DEBUG 13626 --- [    Test worker] org.hibernate.SQL                        : insert into CarStatusTable (carAvailability, carType, latitude, longitude, carId) values (?, ?, ?, ?, ?)
2018-08-18 08:12:09.853 DEBUG 13626 --- [    Test worker] org.hibernate.SQL                        : insert into CarStatusTable (carAvailability, carType, latitude, longitude, carId) values (?, ?, ?, ?, ?)
2018-08-18 08:12:09.854 DEBUG 13626 --- [    Test worker] org.hibernate.SQL                        : insert into CarStatusTable (carAvailability, carType, latitude, longitude, carId) values (?, ?, ?, ?, ?)
2018-08-18 08:12:09.857 DEBUG 13626 --- [    Test worker] org.hibernate.SQL                        : insert into CarStatusTable (carAvailability, carType, latitude, longitude, carId) values (?, ?, ?, ?, ?)
2018-08-18 08:12:09.862 DEBUG 13626 --- [    Test worker] org.hibernate.SQL                        : insert into CarStatusTable (carAvailability, carType, latitude, longitude, carId) values (?, ?, ?, ?, ?)
2018-08-18 08:12:09.863 DEBUG 13626 --- [    Test worker] org.hibernate.SQL                        : insert into CarStatusTable (carAvailability, carType, latitude, longitude, carId) values (?, ?, ?, ?, ?)
2018-08-18 08:12:09.867 DEBUG 13626 --- [    Test worker] org.hibernate.SQL                        : insert into CarStatusTable (carAvailability, carType, latitude, longitude, carId) values (?, ?, ?, ?, ?)
2018-08-18 08:12:09.868 DEBUG 13626 --- [    Test worker] org.hibernate.SQL                        : insert into CarStatusTable (carAvailability, carType, latitude, longitude, carId) values (?, ?, ?, ?, ?)
2018-08-18 08:12:09.869 DEBUG 13626 --- [    Test worker] org.hibernate.SQL                        : insert into CarStatusTable (carAvailability, carType, latitude, longitude, carId) values (?, ?, ?, ?, ?)
2018-08-18 08:12:09.870 DEBUG 13626 --- [    Test worker] org.hibernate.SQL                        : insert into CarStatusTable (carAvailability, carType, latitude, longitude, carId) values (?, ?, ?, ?, ?)
2018-08-18 08:12:09.876 DEBUG 13626 --- [    Test worker] org.hibernate.SQL                        : insert into CarStatusTable (carAvailability, carType, latitude, longitude, carId) values (?, ?, ?, ?, ?)
2018-08-18 08:12:09.883 DEBUG 13626 --- [    Test worker] org.hibernate.SQL                        : insert into CarStatusTable (carAvailability, carType, latitude, longitude, carId) values (?, ?, ?, ?, ?)
2018-08-18 08:12:09.895 DEBUG 13626 --- [    Test worker] org.hibernate.SQL                        : insert into CarStatusTable (carAvailability, carType, latitude, longitude, carId) values (?, ?, ?, ?, ?)
2018-08-18 08:12:09.896 DEBUG 13626 --- [    Test worker] org.hibernate.SQL                        : insert into CarStatusTable (carAvailability, carType, latitude, longitude, carId) values (?, ?, ?, ?, ?)
2018-08-18 08:12:09.899 DEBUG 13626 --- [    Test worker] org.hibernate.SQL                        : insert into CarStatusTable (carAvailability, carType, latitude, longitude, carId) values (?, ?, ?, ?, ?)
2018-08-18 08:12:09.900 DEBUG 13626 --- [    Test worker] org.hibernate.SQL                        : insert into CarStatusTable (carAvailability, carType, latitude, longitude, carId) values (?, ?, ?, ?, ?)
2018-08-18 08:12:09.900 DEBUG 13626 --- [    Test worker] org.hibernate.SQL                        : insert into CarStatusTable (carAvailability, carType, latitude, longitude, carId) values (?, ?, ?, ?, ?)
2018-08-18 08:12:09.901 DEBUG 13626 --- [    Test worker] org.hibernate.SQL                        : insert into CarStatusTable (carAvailability, carType, latitude, longitude, carId) values (?, ?, ?, ?, ?)
2018-08-18 08:12:09.909 DEBUG 13626 --- [    Test worker] org.hibernate.SQL                        : insert into CarStatusTable (carAvailability, carType, latitude, longitude, carId) values (?, ?, ?, ?, ?)
2018-08-18 08:12:09.912 DEBUG 13626 --- [    Test worker] org.hibernate.SQL                        : insert into CarStatusTable (carAvailability, carType, latitude, longitude, carId) values (?, ?, ?, ?, ?)
2018-08-18 08:12:09.913 DEBUG 13626 --- [    Test worker] org.hibernate.SQL                        : insert into CarStatusTable (carAvailability, carType, latitude, longitude, carId) values (?, ?, ?, ?, ?)
2018-08-18 08:12:09.920 DEBUG 13626 --- [    Test worker] org.hibernate.SQL                        : insert into CarStatusTable (carAvailability, carType, latitude, longitude, carId) values (?, ?, ?, ?, ?)
2018-08-18 08:12:09.921 DEBUG 13626 --- [    Test worker] org.hibernate.SQL                        : insert into CarStatusTable (carAvailability, carType, latitude, longitude, carId) values (?, ?, ?, ?, ?)
2018-08-18 08:12:09.925 DEBUG 13626 --- [    Test worker] org.hibernate.SQL                        : insert into CarStatusTable (carAvailability, carType, latitude, longitude, carId) values (?, ?, ?, ?, ?)
2018-08-18 08:12:09.926 DEBUG 13626 --- [    Test worker] org.hibernate.SQL                        : insert into CarStatusTable (carAvailability, carType, latitude, longitude, carId) values (?, ?, ?, ?, ?)
2018-08-18 08:12:09.926 DEBUG 13626 --- [    Test worker] org.hibernate.SQL                        : insert into CarStatusTable (carAvailability, carType, latitude, longitude, carId) values (?, ?, ?, ?, ?)
2018-08-18 08:12:09.927 DEBUG 13626 --- [    Test worker] org.hibernate.SQL                        : insert into CarStatusTable (carAvailability, carType, latitude, longitude, carId) values (?, ?, ?, ?, ?)
2018-08-18 08:12:09.928 DEBUG 13626 --- [    Test worker] org.hibernate.SQL                        : insert into CarStatusTable (carAvailability, carType, latitude, longitude, carId) values (?, ?, ?, ?, ?)
2018-08-18 08:12:09.941 DEBUG 13626 --- [    Test worker] org.hibernate.SQL                        : insert into CarStatusTable (carAvailability, carType, latitude, longitude, carId) values (?, ?, ?, ?, ?)
2018-08-18 08:12:09.950 DEBUG 13626 --- [    Test worker] org.hibernate.SQL                        : insert into CarStatusTable (carAvailability, carType, latitude, longitude, carId) values (?, ?, ?, ?, ?)
2018-08-18 08:12:09.951 DEBUG 13626 --- [    Test worker] org.hibernate.SQL                        : insert into CarStatusTable (carAvailability, carType, latitude, longitude, carId) values (?, ?, ?, ?, ?)
2018-08-18 08:12:09.955 DEBUG 13626 --- [    Test worker] org.hibernate.SQL                        : insert into CarStatusTable (carAvailability, carType, latitude, longitude, carId) values (?, ?, ?, ?, ?)
2018-08-18 08:12:09.965 DEBUG 13626 --- [    Test worker] org.hibernate.SQL                        : insert into CarStatusTable (carAvailability, carType, latitude, longitude, carId) values (?, ?, ?, ?, ?)
2018-08-18 08:12:09.970 DEBUG 13626 --- [    Test worker] org.hibernate.SQL                        : insert into CarStatusTable (carAvailability, carType, latitude, longitude, carId) values (?, ?, ?, ?, ?)
2018-08-18 08:12:09.972 DEBUG 13626 --- [    Test worker] org.hibernate.SQL                        : insert into CarStatusTable (carAvailability, carType, latitude, longitude, carId) values (?, ?, ?, ?, ?)
2018-08-18 08:12:09.973 DEBUG 13626 --- [    Test worker] org.hibernate.SQL                        : insert into CarStatusTable (carAvailability, carType, latitude, longitude, carId) values (?, ?, ?, ?, ?)
2018-08-18 08:12:09.973 DEBUG 13626 --- [    Test worker] org.hibernate.SQL                        : insert into CarStatusTable (carAvailability, carType, latitude, longitude, carId) values (?, ?, ?, ?, ?)
2018-08-18 08:12:09.974 DEBUG 13626 --- [    Test worker] org.hibernate.SQL                        : insert into CarStatusTable (carAvailability, carType, latitude, longitude, carId) values (?, ?, ?, ?, ?)
2018-08-18 08:12:09.974 DEBUG 13626 --- [    Test worker] org.hibernate.SQL                        : insert into CarStatusTable (carAvailability, carType, latitude, longitude, carId) values (?, ?, ?, ?, ?)
2018-08-18 08:12:09.975 DEBUG 13626 --- [    Test worker] org.hibernate.SQL                        : insert into CarStatusTable (carAvailability, carType, latitude, longitude, carId) values (?, ?, ?, ?, ?)
2018-08-18 08:12:09.975 DEBUG 13626 --- [    Test worker] org.hibernate.SQL                        : insert into CarStatusTable (carAvailability, carType, latitude, longitude, carId) values (?, ?, ?, ?, ?)
2018-08-18 08:12:09.976 DEBUG 13626 --- [    Test worker] org.hibernate.SQL                        : insert into CarStatusTable (carAvailability, carType, latitude, longitude, carId) values (?, ?, ?, ?, ?)
2018-08-18 08:12:09.976 DEBUG 13626 --- [    Test worker] org.hibernate.SQL                        : insert into CarStatusTable (carAvailability, carType, latitude, longitude, carId) values (?, ?, ?, ?, ?)
2018-08-18 08:12:09.977 DEBUG 13626 --- [    Test worker] org.hibernate.SQL                        : insert into CarStatusTable (carAvailability, carType, latitude, longitude, carId) values (?, ?, ?, ?, ?)
2018-08-18 08:12:09.977 DEBUG 13626 --- [    Test worker] org.hibernate.SQL                        : insert into CarStatusTable (carAvailability, carType, latitude, longitude, carId) values (?, ?, ?, ?, ?)
2018-08-18 08:12:09.978 DEBUG 13626 --- [    Test worker] org.hibernate.SQL                        : insert into CarStatusTable (carAvailability, carType, latitude, longitude, carId) values (?, ?, ?, ?, ?)
2018-08-18 08:12:09.983 DEBUG 13626 --- [    Test worker] org.hibernate.SQL                        : insert into CarStatusTable (carAvailability, carType, latitude, longitude, carId) values (?, ?, ?, ?, ?)
2018-08-18 08:12:09.984 DEBUG 13626 --- [    Test worker] org.hibernate.SQL                        : insert into CarStatusTable (carAvailability, carType, latitude, longitude, carId) values (?, ?, ?, ?, ?)
2018-08-18 08:12:09.985 DEBUG 13626 --- [    Test worker] org.hibernate.SQL                        : insert into CarStatusTable (carAvailability, carType, latitude, longitude, carId) values (?, ?, ?, ?, ?)
2018-08-18 08:12:09.985 DEBUG 13626 --- [    Test worker] org.hibernate.SQL                        : insert into CarStatusTable (carAvailability, carType, latitude, longitude, carId) values (?, ?, ?, ?, ?)
2018-08-18 08:12:09.986 DEBUG 13626 --- [    Test worker] org.hibernate.SQL                        : insert into CarStatusTable (carAvailability, carType, latitude, longitude, carId) values (?, ?, ?, ?, ?)
2018-08-18 08:12:09.986 DEBUG 13626 --- [    Test worker] org.hibernate.SQL                        : insert into CarStatusTable (carAvailability, carType, latitude, longitude, carId) values (?, ?, ?, ?, ?)
2018-08-18 08:12:09.987 DEBUG 13626 --- [    Test worker] org.hibernate.SQL                        : insert into CarStatusTable (carAvailability, carType, latitude, longitude, carId) values (?, ?, ?, ?, ?)
2018-08-18 08:12:09.987 DEBUG 13626 --- [    Test worker] org.hibernate.SQL                        : insert into CarStatusTable (carAvailability, carType, latitude, longitude, carId) values (?, ?, ?, ?, ?)
2018-08-18 08:12:09.987 DEBUG 13626 --- [    Test worker] org.hibernate.SQL                        : insert into CarStatusTable (carAvailability, carType, latitude, longitude, carId) values (?, ?, ?, ?, ?)
2018-08-18 08:12:09.988 DEBUG 13626 --- [    Test worker] org.hibernate.SQL                        : insert into CarStatusTable (carAvailability, carType, latitude, longitude, carId) values (?, ?, ?, ?, ?)
2018-08-18 08:12:09.988 DEBUG 13626 --- [    Test worker] org.hibernate.SQL                        : insert into CarStatusTable (carAvailability, carType, latitude, longitude, carId) values (?, ?, ?, ?, ?)
2018-08-18 08:12:09.989 DEBUG 13626 --- [    Test worker] org.hibernate.SQL                        : insert into CarStatusTable (carAvailability, carType, latitude, longitude, carId) values (?, ?, ?, ?, ?)
2018-08-18 08:12:09.989 DEBUG 13626 --- [    Test worker] org.hibernate.SQL                        : insert into CarStatusTable (carAvailability, carType, latitude, longitude, carId) values (?, ?, ?, ?, ?)
2018-08-18 08:12:09.989 DEBUG 13626 --- [    Test worker] org.hibernate.SQL                        : insert into CarStatusTable (carAvailability, carType, latitude, longitude, carId) values (?, ?, ?, ?, ?)
2018-08-18 08:12:09.990 DEBUG 13626 --- [    Test worker] org.hibernate.SQL                        : insert into CarStatusTable (carAvailability, carType, latitude, longitude, carId) values (?, ?, ?, ?, ?)
2018-08-18 08:12:09.999 DEBUG 13626 --- [    Test worker] org.hibernate.SQL                        : insert into CarStatusTable (carAvailability, carType, latitude, longitude, carId) values (?, ?, ?, ?, ?)
2018-08-18 08:12:10.000 DEBUG 13626 --- [    Test worker] org.hibernate.SQL                        : insert into CarStatusTable (carAvailability, carType, latitude, longitude, carId) values (?, ?, ?, ?, ?)
2018-08-18 08:12:10.001 DEBUG 13626 --- [    Test worker] org.hibernate.SQL                        : insert into CarStatusTable (carAvailability, carType, latitude, longitude, carId) values (?, ?, ?, ?, ?)
2018-08-18 08:12:10.002 DEBUG 13626 --- [    Test worker] org.hibernate.SQL                        : insert into CarStatusTable (carAvailability, carType, latitude, longitude, carId) values (?, ?, ?, ?, ?)
2018-08-18 08:12:10.002 DEBUG 13626 --- [    Test worker] org.hibernate.SQL                        : insert into CarStatusTable (carAvailability, carType, latitude, longitude, carId) values (?, ?, ?, ?, ?)
2018-08-18 08:12:10.013 DEBUG 13626 --- [    Test worker] org.hibernate.SQL                        : insert into CarStatusTable (carAvailability, carType, latitude, longitude, carId) values (?, ?, ?, ?, ?)
2018-08-18 08:12:10.014 DEBUG 13626 --- [    Test worker] org.hibernate.SQL                        : insert into CarStatusTable (carAvailability, carType, latitude, longitude, carId) values (?, ?, ?, ?, ?)
2018-08-18 08:12:10.015 DEBUG 13626 --- [    Test worker] org.hibernate.SQL                        : insert into CarStatusTable (carAvailability, carType, latitude, longitude, carId) values (?, ?, ?, ?, ?)
2018-08-18 08:12:10.015 DEBUG 13626 --- [    Test worker] org.hibernate.SQL                        : insert into CarStatusTable (carAvailability, carType, latitude, longitude, carId) values (?, ?, ?, ?, ?)
2018-08-18 08:12:10.016 DEBUG 13626 --- [    Test worker] org.hibernate.SQL                        : insert into CarStatusTable (carAvailability, carType, latitude, longitude, carId) values (?, ?, ?, ?, ?)
2018-08-18 08:12:10.016 DEBUG 13626 --- [    Test worker] org.hibernate.SQL                        : insert into CarStatusTable (carAvailability, carType, latitude, longitude, carId) values (?, ?, ?, ?, ?)
2018-08-18 08:12:10.017 DEBUG 13626 --- [    Test worker] org.hibernate.SQL                        : insert into CarStatusTable (carAvailability, carType, latitude, longitude, carId) values (?, ?, ?, ?, ?)
2018-08-18 08:12:10.017 DEBUG 13626 --- [    Test worker] org.hibernate.SQL                        : insert into CarStatusTable (carAvailability, carType, latitude, longitude, carId) values (?, ?, ?, ?, ?)
2018-08-18 08:12:10.018 DEBUG 13626 --- [    Test worker] org.hibernate.SQL                        : insert into CarStatusTable (carAvailability, carType, latitude, longitude, carId) values (?, ?, ?, ?, ?)
2018-08-18 08:12:10.018 DEBUG 13626 --- [    Test worker] org.hibernate.SQL                        : insert into CarStatusTable (carAvailability, carType, latitude, longitude, carId) values (?, ?, ?, ?, ?)
2018-08-18 08:12:10.019 DEBUG 13626 --- [    Test worker] org.hibernate.SQL                        : insert into CarStatusTable (carAvailability, carType, latitude, longitude, carId) values (?, ?, ?, ?, ?)
2018-08-18 08:12:10.019 DEBUG 13626 --- [    Test worker] org.hibernate.SQL                        : insert into CarStatusTable (carAvailability, carType, latitude, longitude, carId) values (?, ?, ?, ?, ?)
2018-08-18 08:12:10.020 DEBUG 13626 --- [    Test worker] org.hibernate.SQL                        : insert into CarStatusTable (carAvailability, carType, latitude, longitude, carId) values (?, ?, ?, ?, ?)
2018-08-18 08:12:10.020 DEBUG 13626 --- [    Test worker] org.hibernate.SQL                        : insert into CarStatusTable (carAvailability, carType, latitude, longitude, carId) values (?, ?, ?, ?, ?)
2018-08-18 08:12:10.021 DEBUG 13626 --- [    Test worker] org.hibernate.SQL                        : insert into CarStatusTable (carAvailability, carType, latitude, longitude, carId) values (?, ?, ?, ?, ?)
2018-08-18 08:12:10.021 DEBUG 13626 --- [    Test worker] org.hibernate.SQL                        : insert into CarStatusTable (carAvailability, carType, latitude, longitude, carId) values (?, ?, ?, ?, ?)
2018-08-18 08:12:10.022 DEBUG 13626 --- [    Test worker] org.hibernate.SQL                        : insert into CarStatusTable (carAvailability, carType, latitude, longitude, carId) values (?, ?, ?, ?, ?)
2018-08-18 08:12:10.022 DEBUG 13626 --- [    Test worker] org.hibernate.SQL                        : insert into CarStatusTable (carAvailability, carType, latitude, longitude, carId) values (?, ?, ?, ?, ?)
2018-08-18 08:12:10.023 DEBUG 13626 --- [    Test worker] org.hibernate.SQL                        : insert into CarStatusTable (carAvailability, carType, latitude, longitude, carId) values (?, ?, ?, ?, ?)
2018-08-18 08:12:10.023 DEBUG 13626 --- [    Test worker] org.hibernate.SQL                        : insert into CarStatusTable (carAvailability, carType, latitude, longitude, carId) values (?, ?, ?, ?, ?)
2018-08-18 08:12:10.024 DEBUG 13626 --- [    Test worker] org.hibernate.SQL                        : insert into CarStatusTable (carAvailability, carType, latitude, longitude, carId) values (?, ?, ?, ?, ?)
2018-08-18 08:12:10.025 DEBUG 13626 --- [    Test worker] org.hibernate.SQL                        : insert into CarStatusTable (carAvailability, carType, latitude, longitude, carId) values (?, ?, ?, ?, ?)
2018-08-18 08:12:10.025 DEBUG 13626 --- [    Test worker] org.hibernate.SQL                        : insert into CarStatusTable (carAvailability, carType, latitude, longitude, carId) values (?, ?, ?, ?, ?)
2018-08-18 08:12:10.026 DEBUG 13626 --- [    Test worker] org.hibernate.SQL                        : insert into CarStatusTable (carAvailability, carType, latitude, longitude, carId) values (?, ?, ?, ?, ?)
2018-08-18 08:12:10.026 DEBUG 13626 --- [    Test worker] org.hibernate.SQL                        : insert into CarStatusTable (carAvailability, carType, latitude, longitude, carId) values (?, ?, ?, ?, ?)
2018-08-18 08:12:10.027 DEBUG 13626 --- [    Test worker] org.hibernate.SQL                        : insert into CarStatusTable (carAvailability, carType, latitude, longitude, carId) values (?, ?, ?, ?, ?)
2018-08-18 08:12:10.027 DEBUG 13626 --- [    Test worker] org.hibernate.SQL                        : insert into CarStatusTable (carAvailability, carType, latitude, longitude, carId) values (?, ?, ?, ?, ?)
2018-08-18 08:12:10.028 DEBUG 13626 --- [    Test worker] org.hibernate.SQL                        : insert into CarStatusTable (carAvailability, carType, latitude, longitude, carId) values (?, ?, ?, ?, ?)
2018-08-18 08:12:10.028 DEBUG 13626 --- [    Test worker] org.hibernate.SQL                        : insert into CarStatusTable (carAvailability, carType, latitude, longitude, carId) values (?, ?, ?, ?, ?)
2018-08-18 08:12:10.029 DEBUG 13626 --- [    Test worker] org.hibernate.SQL                        : insert into CarStatusTable (carAvailability, carType, latitude, longitude, carId) values (?, ?, ?, ?, ?)
2018-08-18 08:12:10.029 DEBUG 13626 --- [    Test worker] org.hibernate.SQL                        : insert into CarStatusTable (carAvailability, carType, latitude, longitude, carId) values (?, ?, ?, ?, ?)
2018-08-18 08:12:10.030 DEBUG 13626 --- [    Test worker] org.hibernate.SQL                        : insert into CarStatusTable (carAvailability, carType, latitude, longitude, carId) values (?, ?, ?, ?, ?)
2018-08-18 08:12:10.030 DEBUG 13626 --- [    Test worker] org.hibernate.SQL                        : insert into CarStatusTable (carAvailability, carType, latitude, longitude, carId) values (?, ?, ?, ?, ?)
2018-08-18 08:12:10.031 DEBUG 13626 --- [    Test worker] org.hibernate.SQL                        : insert into CarStatusTable (carAvailability, carType, latitude, longitude, carId) values (?, ?, ?, ?, ?)
2018-08-18 08:12:10.031 DEBUG 13626 --- [    Test worker] org.hibernate.SQL                        : insert into CarStatusTable (carAvailability, carType, latitude, longitude, carId) values (?, ?, ?, ?, ?)
2018-08-18 08:12:10.032 DEBUG 13626 --- [    Test worker] org.hibernate.SQL                        : insert into CarStatusTable (carAvailability, carType, latitude, longitude, carId) values (?, ?, ?, ?, ?)
2018-08-18 08:12:10.032 DEBUG 13626 --- [    Test worker] org.hibernate.SQL                        : insert into CarStatusTable (carAvailability, carType, latitude, longitude, carId) values (?, ?, ?, ?, ?)
2018-08-18 08:12:10.033 DEBUG 13626 --- [    Test worker] org.hibernate.SQL                        : insert into CarStatusTable (carAvailability, carType, latitude, longitude, carId) values (?, ?, ?, ?, ?)
2018-08-18 08:12:10.034 DEBUG 13626 --- [    Test worker] org.hibernate.SQL                        : insert into CarStatusTable (carAvailability, carType, latitude, longitude, carId) values (?, ?, ?, ?, ?)
2018-08-18 08:12:10.034 DEBUG 13626 --- [    Test worker] org.hibernate.SQL                        : insert into CarStatusTable (carAvailability, carType, latitude, longitude, carId) values (?, ?, ?, ?, ?)
2018-08-18 08:12:10.035 DEBUG 13626 --- [    Test worker] org.hibernate.SQL                        : insert into CarStatusTable (carAvailability, carType, latitude, longitude, carId) values (?, ?, ?, ?, ?)
2018-08-18 08:12:10.035 DEBUG 13626 --- [    Test worker] org.hibernate.SQL                        : insert into CarStatusTable (carAvailability, carType, latitude, longitude, carId) values (?, ?, ?, ?, ?)
2018-08-18 08:12:10.036 DEBUG 13626 --- [    Test worker] org.hibernate.SQL                        : insert into CarStatusTable (carAvailability, carType, latitude, longitude, carId) values (?, ?, ?, ?, ?)
2018-08-18 08:12:10.036 DEBUG 13626 --- [    Test worker] org.hibernate.SQL                        : insert into CarStatusTable (carAvailability, carType, latitude, longitude, carId) values (?, ?, ?, ?, ?)
2018-08-18 08:12:10.037 DEBUG 13626 --- [    Test worker] org.hibernate.SQL                        : insert into CarStatusTable (carAvailability, carType, latitude, longitude, carId) values (?, ?, ?, ?, ?)
2018-08-18 08:12:10.037 DEBUG 13626 --- [    Test worker] org.hibernate.SQL                        : insert into CarStatusTable (carAvailability, carType, latitude, longitude, carId) values (?, ?, ?, ?, ?)
2018-08-18 08:12:10.037 DEBUG 13626 --- [    Test worker] org.hibernate.SQL                        : insert into CarStatusTable (carAvailability, carType, latitude, longitude, carId) values (?, ?, ?, ?, ?)
2018-08-18 08:12:10.038 DEBUG 13626 --- [    Test worker] org.hibernate.SQL                        : insert into CarStatusTable (carAvailability, carType, latitude, longitude, carId) values (?, ?, ?, ?, ?)
2018-08-18 08:12:10.038 DEBUG 13626 --- [    Test worker] org.hibernate.SQL                        : insert into CarStatusTable (carAvailability, carType, latitude, longitude, carId) values (?, ?, ?, ?, ?)
2018-08-18 08:12:10.039 DEBUG 13626 --- [    Test worker] org.hibernate.SQL                        : insert into CarStatusTable (carAvailability, carType, latitude, longitude, carId) values (?, ?, ?, ?, ?)
2018-08-18 08:12:10.039 DEBUG 13626 --- [    Test worker] org.hibernate.SQL                        : insert into CarStatusTable (carAvailability, carType, latitude, longitude, carId) values (?, ?, ?, ?, ?)
2018-08-18 08:12:10.040 DEBUG 13626 --- [    Test worker] org.hibernate.SQL                        : insert into CarStatusTable (carAvailability, carType, latitude, longitude, carId) values (?, ?, ?, ?, ?)
2018-08-18 08:12:10.040 DEBUG 13626 --- [    Test worker] org.hibernate.SQL                        : insert into CarStatusTable (carAvailability, carType, latitude, longitude, carId) values (?, ?, ?, ?, ?)
2018-08-18 08:12:10.041 DEBUG 13626 --- [    Test worker] org.hibernate.SQL                        : insert into CarStatusTable (carAvailability, carType, latitude, longitude, carId) values (?, ?, ?, ?, ?)
2018-08-18 08:12:10.041 DEBUG 13626 --- [    Test worker] org.hibernate.SQL                        : insert into CarStatusTable (carAvailability, carType, latitude, longitude, carId) values (?, ?, ?, ?, ?)
2018-08-18 08:12:10.042 DEBUG 13626 --- [    Test worker] org.hibernate.SQL                        : insert into CarStatusTable (carAvailability, carType, latitude, longitude, carId) values (?, ?, ?, ?, ?)
2018-08-18 08:12:10.042 DEBUG 13626 --- [    Test worker] org.hibernate.SQL                        : insert into CarStatusTable (carAvailability, carType, latitude, longitude, carId) values (?, ?, ?, ?, ?)
2018-08-18 08:12:10.043 DEBUG 13626 --- [    Test worker] org.hibernate.SQL                        : insert into CarStatusTable (carAvailability, carType, latitude, longitude, carId) values (?, ?, ?, ?, ?)
2018-08-18 08:12:10.043 DEBUG 13626 --- [    Test worker] org.hibernate.SQL                        : insert into CarStatusTable (carAvailability, carType, latitude, longitude, carId) values (?, ?, ?, ?, ?)
2018-08-18 08:12:10.044 DEBUG 13626 --- [    Test worker] org.hibernate.SQL                        : insert into CarStatusTable (carAvailability, carType, latitude, longitude, carId) values (?, ?, ?, ?, ?)
2018-08-18 08:12:10.044 DEBUG 13626 --- [    Test worker] org.hibernate.SQL                        : insert into CarStatusTable (carAvailability, carType, latitude, longitude, carId) values (?, ?, ?, ?, ?)
2018-08-18 08:12:10.045 DEBUG 13626 --- [    Test worker] org.hibernate.SQL                        : insert into CarStatusTable (carAvailability, carType, latitude, longitude, carId) values (?, ?, ?, ?, ?)
2018-08-18 08:12:10.045 DEBUG 13626 --- [    Test worker] org.hibernate.SQL                        : insert into CarStatusTable (carAvailability, carType, latitude, longitude, carId) values (?, ?, ?, ?, ?)
2018-08-18 08:12:10.046 DEBUG 13626 --- [    Test worker] org.hibernate.SQL                        : insert into CarStatusTable (carAvailability, carType, latitude, longitude, carId) values (?, ?, ?, ?, ?)
2018-08-18 08:12:10.046 DEBUG 13626 --- [    Test worker] org.hibernate.SQL                        : insert into CarStatusTable (carAvailability, carType, latitude, longitude, carId) values (?, ?, ?, ?, ?)
2018-08-18 08:12:10.047 DEBUG 13626 --- [    Test worker] org.hibernate.SQL                        : insert into CarStatusTable (carAvailability, carType, latitude, longitude, carId) values (?, ?, ?, ?, ?)
2018-08-18 08:12:10.047 DEBUG 13626 --- [    Test worker] org.hibernate.SQL                        : insert into CarStatusTable (carAvailability, carType, latitude, longitude, carId) values (?, ?, ?, ?, ?)
2018-08-18 08:12:10.048 DEBUG 13626 --- [    Test worker] org.hibernate.SQL                        : insert into CarStatusTable (carAvailability, carType, latitude, longitude, carId) values (?, ?, ?, ?, ?)
2018-08-18 08:12:10.048 DEBUG 13626 --- [    Test worker] org.hibernate.SQL                        : insert into CarStatusTable (carAvailability, carType, latitude, longitude, carId) values (?, ?, ?, ?, ?)
2018-08-18 08:12:10.048 DEBUG 13626 --- [    Test worker] org.hibernate.SQL                        : insert into CarStatusTable (carAvailability, carType, latitude, longitude, carId) values (?, ?, ?, ?, ?)
2018-08-18 08:12:10.049 DEBUG 13626 --- [    Test worker] org.hibernate.SQL                        : insert into CarStatusTable (carAvailability, carType, latitude, longitude, carId) values (?, ?, ?, ?, ?)
2018-08-18 08:12:10.049 DEBUG 13626 --- [    Test worker] org.hibernate.SQL                        : insert into CarStatusTable (carAvailability, carType, latitude, longitude, carId) values (?, ?, ?, ?, ?)
2018-08-18 08:12:10.050 DEBUG 13626 --- [    Test worker] org.hibernate.SQL                        : insert into CarStatusTable (carAvailability, carType, latitude, longitude, carId) values (?, ?, ?, ?, ?)
2018-08-18 08:12:10.056 DEBUG 13626 --- [    Test worker] org.hibernate.SQL                        : insert into CarStatusTable (carAvailability, carType, latitude, longitude, carId) values (?, ?, ?, ?, ?)
2018-08-18 08:12:10.057 DEBUG 13626 --- [    Test worker] org.hibernate.SQL                        : insert into CarStatusTable (carAvailability, carType, latitude, longitude, carId) values (?, ?, ?, ?, ?)
2018-08-18 08:12:10.058 DEBUG 13626 --- [    Test worker] org.hibernate.SQL                        : insert into CarStatusTable (carAvailability, carType, latitude, longitude, carId) values (?, ?, ?, ?, ?)
2018-08-18 08:12:10.058 DEBUG 13626 --- [    Test worker] org.hibernate.SQL                        : insert into CarStatusTable (carAvailability, carType, latitude, longitude, carId) values (?, ?, ?, ?, ?)
2018-08-18 08:12:10.059 DEBUG 13626 --- [    Test worker] org.hibernate.SQL                        : insert into CarStatusTable (carAvailability, carType, latitude, longitude, carId) values (?, ?, ?, ?, ?)
2018-08-18 08:12:10.059 DEBUG 13626 --- [    Test worker] org.hibernate.SQL                        : insert into CarStatusTable (carAvailability, carType, latitude, longitude, carId) values (?, ?, ?, ?, ?)
2018-08-18 08:12:10.060 DEBUG 13626 --- [    Test worker] org.hibernate.SQL                        : insert into CarStatusTable (carAvailability, carType, latitude, longitude, carId) values (?, ?, ?, ?, ?)
2018-08-18 08:12:10.060 DEBUG 13626 --- [    Test worker] org.hibernate.SQL                        : insert into CarStatusTable (carAvailability, carType, latitude, longitude, carId) values (?, ?, ?, ?, ?)
2018-08-18 08:12:10.061 DEBUG 13626 --- [    Test worker] org.hibernate.SQL                        : insert into CarStatusTable (carAvailability, carType, latitude, longitude, carId) values (?, ?, ?, ?, ?)
2018-08-18 08:12:10.061 DEBUG 13626 --- [    Test worker] org.hibernate.SQL                        : insert into CarStatusTable (carAvailability, carType, latitude, longitude, carId) values (?, ?, ?, ?, ?)
2018-08-18 08:12:10.062 DEBUG 13626 --- [    Test worker] org.hibernate.SQL                        : insert into CarStatusTable (carAvailability, carType, latitude, longitude, carId) values (?, ?, ?, ?, ?)
2018-08-18 08:12:10.072 DEBUG 13626 --- [    Test worker] org.hibernate.SQL                        : insert into CarStatusTable (carAvailability, carType, latitude, longitude, carId) values (?, ?, ?, ?, ?)
2018-08-18 08:12:10.073 DEBUG 13626 --- [    Test worker] org.hibernate.SQL                        : insert into CarStatusTable (carAvailability, carType, latitude, longitude, carId) values (?, ?, ?, ?, ?)
2018-08-18 08:12:10.073 DEBUG 13626 --- [    Test worker] org.hibernate.SQL                        : insert into CarStatusTable (carAvailability, carType, latitude, longitude, carId) values (?, ?, ?, ?, ?)
2018-08-18 08:12:10.080 DEBUG 13626 --- [    Test worker] org.hibernate.SQL                        : insert into CarStatusTable (carAvailability, carType, latitude, longitude, carId) values (?, ?, ?, ?, ?)
2018-08-18 08:12:10.081 DEBUG 13626 --- [    Test worker] org.hibernate.SQL                        : insert into CarStatusTable (carAvailability, carType, latitude, longitude, carId) values (?, ?, ?, ?, ?)
2018-08-18 08:12:10.081 DEBUG 13626 --- [    Test worker] org.hibernate.SQL                        : insert into CarStatusTable (carAvailability, carType, latitude, longitude, carId) values (?, ?, ?, ?, ?)
2018-08-18 08:12:10.082 DEBUG 13626 --- [    Test worker] org.hibernate.SQL                        : insert into CarStatusTable (carAvailability, carType, latitude, longitude, carId) values (?, ?, ?, ?, ?)
2018-08-18 08:12:10.083 DEBUG 13626 --- [    Test worker] org.hibernate.SQL                        : insert into CarStatusTable (carAvailability, carType, latitude, longitude, carId) values (?, ?, ?, ?, ?)
2018-08-18 08:12:10.083 DEBUG 13626 --- [    Test worker] org.hibernate.SQL                        : insert into CarStatusTable (carAvailability, carType, latitude, longitude, carId) values (?, ?, ?, ?, ?)
2018-08-18 08:12:10.083 DEBUG 13626 --- [    Test worker] org.hibernate.SQL                        : insert into CarStatusTable (carAvailability, carType, latitude, longitude, carId) values (?, ?, ?, ?, ?)
2018-08-18 08:12:10.087 DEBUG 13626 --- [    Test worker] org.hibernate.SQL                        : insert into CarStatusTable (carAvailability, carType, latitude, longitude, carId) values (?, ?, ?, ?, ?)
2018-08-18 08:12:10.088 DEBUG 13626 --- [    Test worker] org.hibernate.SQL                        : insert into CarStatusTable (carAvailability, carType, latitude, longitude, carId) values (?, ?, ?, ?, ?)
2018-08-18 08:12:10.089 DEBUG 13626 --- [    Test worker] org.hibernate.SQL                        : insert into CarStatusTable (carAvailability, carType, latitude, longitude, carId) values (?, ?, ?, ?, ?)
2018-08-18 08:12:10.089 DEBUG 13626 --- [    Test worker] org.hibernate.SQL                        : insert into CarStatusTable (carAvailability, carType, latitude, longitude, carId) values (?, ?, ?, ?, ?)
2018-08-18 08:12:10.090 DEBUG 13626 --- [    Test worker] org.hibernate.SQL                        : insert into CarStatusTable (carAvailability, carType, latitude, longitude, carId) values (?, ?, ?, ?, ?)
2018-08-18 08:12:10.090 DEBUG 13626 --- [    Test worker] org.hibernate.SQL                        : insert into CarStatusTable (carAvailability, carType, latitude, longitude, carId) values (?, ?, ?, ?, ?)
2018-08-18 08:12:10.091 DEBUG 13626 --- [    Test worker] org.hibernate.SQL                        : insert into CarStatusTable (carAvailability, carType, latitude, longitude, carId) values (?, ?, ?, ?, ?)
2018-08-18 08:12:10.093 DEBUG 13626 --- [    Test worker] org.hibernate.SQL                        : insert into CarStatusTable (carAvailability, carType, latitude, longitude, carId) values (?, ?, ?, ?, ?)
2018-08-18 08:12:10.094 DEBUG 13626 --- [    Test worker] org.hibernate.SQL                        : insert into CarStatusTable (carAvailability, carType, latitude, longitude, carId) values (?, ?, ?, ?, ?)
2018-08-18 08:12:10.094 DEBUG 13626 --- [    Test worker] org.hibernate.SQL                        : insert into CarStatusTable (carAvailability, carType, latitude, longitude, carId) values (?, ?, ?, ?, ?)
2018-08-18 08:12:10.095 DEBUG 13626 --- [    Test worker] org.hibernate.SQL                        : insert into CarStatusTable (carAvailability, carType, latitude, longitude, carId) values (?, ?, ?, ?, ?)
2018-08-18 08:12:10.095 DEBUG 13626 --- [    Test worker] org.hibernate.SQL                        : insert into CarStatusTable (carAvailability, carType, latitude, longitude, carId) values (?, ?, ?, ?, ?)
2018-08-18 08:12:10.096 DEBUG 13626 --- [    Test worker] org.hibernate.SQL                        : insert into CarStatusTable (carAvailability, carType, latitude, longitude, carId) values (?, ?, ?, ?, ?)
2018-08-18 08:12:10.096 DEBUG 13626 --- [    Test worker] org.hibernate.SQL                        : insert into CarStatusTable (carAvailability, carType, latitude, longitude, carId) values (?, ?, ?, ?, ?)
2018-08-18 08:12:10.096 DEBUG 13626 --- [    Test worker] org.hibernate.SQL                        : insert into CarStatusTable (carAvailability, carType, latitude, longitude, carId) values (?, ?, ?, ?, ?)
2018-08-18 08:12:10.097 DEBUG 13626 --- [    Test worker] org.hibernate.SQL                        : insert into CarStatusTable (carAvailability, carType, latitude, longitude, carId) values (?, ?, ?, ?, ?)
2018-08-18 08:12:10.097 DEBUG 13626 --- [    Test worker] org.hibernate.SQL                        : insert into CarStatusTable (carAvailability, carType, latitude, longitude, carId) values (?, ?, ?, ?, ?)
2018-08-18 08:12:10.099 DEBUG 13626 --- [    Test worker] org.hibernate.SQL                        : insert into CarStatusTable (carAvailability, carType, latitude, longitude, carId) values (?, ?, ?, ?, ?)
2018-08-18 08:12:10.099 DEBUG 13626 --- [    Test worker] org.hibernate.SQL                        : insert into CarStatusTable (carAvailability, carType, latitude, longitude, carId) values (?, ?, ?, ?, ?)
2018-08-18 08:12:10.099 DEBUG 13626 --- [    Test worker] org.hibernate.SQL                        : insert into CarStatusTable (carAvailability, carType, latitude, longitude, carId) values (?, ?, ?, ?, ?)
2018-08-18 08:12:10.100 DEBUG 13626 --- [    Test worker] org.hibernate.SQL                        : insert into CarStatusTable (carAvailability, carType, latitude, longitude, carId) values (?, ?, ?, ?, ?)
2018-08-18 08:12:10.100 DEBUG 13626 --- [    Test worker] org.hibernate.SQL                        : insert into CarStatusTable (carAvailability, carType, latitude, longitude, carId) values (?, ?, ?, ?, ?)
2018-08-18 08:12:10.101 DEBUG 13626 --- [    Test worker] org.hibernate.SQL                        : insert into CarStatusTable (carAvailability, carType, latitude, longitude, carId) values (?, ?, ?, ?, ?)
2018-08-18 08:12:10.101 DEBUG 13626 --- [    Test worker] org.hibernate.SQL                        : insert into CarStatusTable (carAvailability, carType, latitude, longitude, carId) values (?, ?, ?, ?, ?)
2018-08-18 08:12:10.102 DEBUG 13626 --- [    Test worker] org.hibernate.SQL                        : insert into CarStatusTable (carAvailability, carType, latitude, longitude, carId) values (?, ?, ?, ?, ?)
2018-08-18 08:12:10.102 DEBUG 13626 --- [    Test worker] org.hibernate.SQL                        : insert into CarStatusTable (carAvailability, carType, latitude, longitude, carId) values (?, ?, ?, ?, ?)
2018-08-18 08:12:10.103 DEBUG 13626 --- [    Test worker] org.hibernate.SQL                        : insert into CarStatusTable (carAvailability, carType, latitude, longitude, carId) values (?, ?, ?, ?, ?)
2018-08-18 08:12:10.103 DEBUG 13626 --- [    Test worker] org.hibernate.SQL                        : insert into CarStatusTable (carAvailability, carType, latitude, longitude, carId) values (?, ?, ?, ?, ?)
2018-08-18 08:12:10.103 DEBUG 13626 --- [    Test worker] org.hibernate.SQL                        : insert into CarStatusTable (carAvailability, carType, latitude, longitude, carId) values (?, ?, ?, ?, ?)
2018-08-18 08:12:10.104 DEBUG 13626 --- [    Test worker] org.hibernate.SQL                        : insert into CarStatusTable (carAvailability, carType, latitude, longitude, carId) values (?, ?, ?, ?, ?)
2018-08-18 08:12:10.105 DEBUG 13626 --- [    Test worker] org.hibernate.SQL                        : insert into CarStatusTable (carAvailability, carType, latitude, longitude, carId) values (?, ?, ?, ?, ?)
2018-08-18 08:12:10.105 DEBUG 13626 --- [    Test worker] org.hibernate.SQL                        : insert into CarStatusTable (carAvailability, carType, latitude, longitude, carId) values (?, ?, ?, ?, ?)
2018-08-18 08:12:10.106 DEBUG 13626 --- [    Test worker] org.hibernate.SQL                        : insert into CarStatusTable (carAvailability, carType, latitude, longitude, carId) values (?, ?, ?, ?, ?)
2018-08-18 08:12:10.106 DEBUG 13626 --- [    Test worker] org.hibernate.SQL                        : insert into CarStatusTable (carAvailability, carType, latitude, longitude, carId) values (?, ?, ?, ?, ?)
2018-08-18 08:12:10.106 DEBUG 13626 --- [    Test worker] org.hibernate.SQL                        : insert into CarStatusTable (carAvailability, carType, latitude, longitude, carId) values (?, ?, ?, ?, ?)
2018-08-18 08:12:10.107 DEBUG 13626 --- [    Test worker] org.hibernate.SQL                        : insert into CarStatusTable (carAvailability, carType, latitude, longitude, carId) values (?, ?, ?, ?, ?)
2018-08-18 08:12:10.107 DEBUG 13626 --- [    Test worker] org.hibernate.SQL                        : insert into CarStatusTable (carAvailability, carType, latitude, longitude, carId) values (?, ?, ?, ?, ?)
2018-08-18 08:12:10.108 DEBUG 13626 --- [    Test worker] org.hibernate.SQL                        : insert into CarStatusTable (carAvailability, carType, latitude, longitude, carId) values (?, ?, ?, ?, ?)
2018-08-18 08:12:10.108 DEBUG 13626 --- [    Test worker] org.hibernate.SQL                        : insert into CarStatusTable (carAvailability, carType, latitude, longitude, carId) values (?, ?, ?, ?, ?)
2018-08-18 08:12:10.109 DEBUG 13626 --- [    Test worker] org.hibernate.SQL                        : insert into CarStatusTable (carAvailability, carType, latitude, longitude, carId) values (?, ?, ?, ?, ?)
2018-08-18 08:12:10.109 DEBUG 13626 --- [    Test worker] org.hibernate.SQL                        : insert into CarStatusTable (carAvailability, carType, latitude, longitude, carId) values (?, ?, ?, ?, ?)
2018-08-18 08:12:10.109 DEBUG 13626 --- [    Test worker] org.hibernate.SQL                        : insert into CarStatusTable (carAvailability, carType, latitude, longitude, carId) values (?, ?, ?, ?, ?)
2018-08-18 08:12:10.110 DEBUG 13626 --- [    Test worker] org.hibernate.SQL                        : insert into CarStatusTable (carAvailability, carType, latitude, longitude, carId) values (?, ?, ?, ?, ?)
2018-08-18 08:12:10.111 DEBUG 13626 --- [    Test worker] org.hibernate.SQL                        : insert into CarStatusTable (carAvailability, carType, latitude, longitude, carId) values (?, ?, ?, ?, ?)
2018-08-18 08:12:10.111 DEBUG 13626 --- [    Test worker] org.hibernate.SQL                        : insert into CarStatusTable (carAvailability, carType, latitude, longitude, carId) values (?, ?, ?, ?, ?)
2018-08-18 08:12:10.112 DEBUG 13626 --- [    Test worker] org.hibernate.SQL                        : insert into CarStatusTable (carAvailability, carType, latitude, longitude, carId) values (?, ?, ?, ?, ?)
2018-08-18 08:12:10.112 DEBUG 13626 --- [    Test worker] org.hibernate.SQL                        : insert into CarStatusTable (carAvailability, carType, latitude, longitude, carId) values (?, ?, ?, ?, ?)
2018-08-18 08:12:10.113 DEBUG 13626 --- [    Test worker] org.hibernate.SQL                        : insert into CarStatusTable (carAvailability, carType, latitude, longitude, carId) values (?, ?, ?, ?, ?)
2018-08-18 08:12:10.113 DEBUG 13626 --- [    Test worker] org.hibernate.SQL                        : insert into CarStatusTable (carAvailability, carType, latitude, longitude, carId) values (?, ?, ?, ?, ?)
2018-08-18 08:12:10.113 DEBUG 13626 --- [    Test worker] org.hibernate.SQL                        : insert into CarStatusTable (carAvailability, carType, latitude, longitude, carId) values (?, ?, ?, ?, ?)
2018-08-18 08:12:10.114 DEBUG 13626 --- [    Test worker] org.hibernate.SQL                        : insert into CarStatusTable (carAvailability, carType, latitude, longitude, carId) values (?, ?, ?, ?, ?)
2018-08-18 08:12:10.117 DEBUG 13626 --- [    Test worker] org.hibernate.SQL                        : insert into CarStatusTable (carAvailability, carType, latitude, longitude, carId) values (?, ?, ?, ?, ?)
2018-08-18 08:12:10.118 DEBUG 13626 --- [    Test worker] org.hibernate.SQL                        : insert into CarStatusTable (carAvailability, carType, latitude, longitude, carId) values (?, ?, ?, ?, ?)
2018-08-18 08:12:10.119 DEBUG 13626 --- [    Test worker] org.hibernate.SQL                        : insert into CarStatusTable (carAvailability, carType, latitude, longitude, carId) values (?, ?, ?, ?, ?)
2018-08-18 08:12:10.119 DEBUG 13626 --- [    Test worker] org.hibernate.SQL                        : insert into CarStatusTable (carAvailability, carType, latitude, longitude, carId) values (?, ?, ?, ?, ?)
2018-08-18 08:12:10.120 DEBUG 13626 --- [    Test worker] org.hibernate.SQL                        : insert into CarStatusTable (carAvailability, carType, latitude, longitude, carId) values (?, ?, ?, ?, ?)
2018-08-18 08:12:10.120 DEBUG 13626 --- [    Test worker] org.hibernate.SQL                        : insert into CarStatusTable (carAvailability, carType, latitude, longitude, carId) values (?, ?, ?, ?, ?)
2018-08-18 08:12:10.120 DEBUG 13626 --- [    Test worker] org.hibernate.SQL                        : insert into CarStatusTable (carAvailability, carType, latitude, longitude, carId) values (?, ?, ?, ?, ?)
2018-08-18 08:12:10.121 DEBUG 13626 --- [    Test worker] org.hibernate.SQL                        : insert into CarStatusTable (carAvailability, carType, latitude, longitude, carId) values (?, ?, ?, ?, ?)
2018-08-18 08:12:10.121 DEBUG 13626 --- [    Test worker] org.hibernate.SQL                        : insert into CarStatusTable (carAvailability, carType, latitude, longitude, carId) values (?, ?, ?, ?, ?)
2018-08-18 08:12:10.122 DEBUG 13626 --- [    Test worker] org.hibernate.SQL                        : insert into CarStatusTable (carAvailability, carType, latitude, longitude, carId) values (?, ?, ?, ?, ?)
2018-08-18 08:12:10.124 DEBUG 13626 --- [    Test worker] org.hibernate.SQL                        : insert into CarStatusTable (carAvailability, carType, latitude, longitude, carId) values (?, ?, ?, ?, ?)
2018-08-18 08:12:10.125 DEBUG 13626 --- [    Test worker] org.hibernate.SQL                        : insert into CarStatusTable (carAvailability, carType, latitude, longitude, carId) values (?, ?, ?, ?, ?)
2018-08-18 08:12:10.125 DEBUG 13626 --- [    Test worker] org.hibernate.SQL                        : insert into CarStatusTable (carAvailability, carType, latitude, longitude, carId) values (?, ?, ?, ?, ?)
2018-08-18 08:12:10.125 DEBUG 13626 --- [    Test worker] org.hibernate.SQL                        : insert into CarStatusTable (carAvailability, carType, latitude, longitude, carId) values (?, ?, ?, ?, ?)
2018-08-18 08:12:10.126 DEBUG 13626 --- [    Test worker] org.hibernate.SQL                        : insert into CarStatusTable (carAvailability, carType, latitude, longitude, carId) values (?, ?, ?, ?, ?)
2018-08-18 08:12:10.126 DEBUG 13626 --- [    Test worker] org.hibernate.SQL                        : insert into CarStatusTable (carAvailability, carType, latitude, longitude, carId) values (?, ?, ?, ?, ?)
2018-08-18 08:12:10.126 DEBUG 13626 --- [    Test worker] org.hibernate.SQL                        : insert into CarStatusTable (carAvailability, carType, latitude, longitude, carId) values (?, ?, ?, ?, ?)
2018-08-18 08:12:10.127 DEBUG 13626 --- [    Test worker] org.hibernate.SQL                        : insert into CarStatusTable (carAvailability, carType, latitude, longitude, carId) values (?, ?, ?, ?, ?)
2018-08-18 08:12:10.127 DEBUG 13626 --- [    Test worker] org.hibernate.SQL                        : insert into CarStatusTable (carAvailability, carType, latitude, longitude, carId) values (?, ?, ?, ?, ?)
2018-08-18 08:12:10.128 DEBUG 13626 --- [    Test worker] org.hibernate.SQL                        : insert into CarStatusTable (carAvailability, carType, latitude, longitude, carId) values (?, ?, ?, ?, ?)
2018-08-18 08:12:10.128 DEBUG 13626 --- [    Test worker] org.hibernate.SQL                        : insert into CarStatusTable (carAvailability, carType, latitude, longitude, carId) values (?, ?, ?, ?, ?)
2018-08-18 08:12:10.129 DEBUG 13626 --- [    Test worker] org.hibernate.SQL                        : insert into CarStatusTable (carAvailability, carType, latitude, longitude, carId) values (?, ?, ?, ?, ?)
2018-08-18 08:12:10.129 DEBUG 13626 --- [    Test worker] org.hibernate.SQL                        : insert into CarStatusTable (carAvailability, carType, latitude, longitude, carId) values (?, ?, ?, ?, ?)
2018-08-18 08:12:10.130 DEBUG 13626 --- [    Test worker] org.hibernate.SQL                        : insert into CarStatusTable (carAvailability, carType, latitude, longitude, carId) values (?, ?, ?, ?, ?)
2018-08-18 08:12:10.130 DEBUG 13626 --- [    Test worker] org.hibernate.SQL                        : insert into CarStatusTable (carAvailability, carType, latitude, longitude, carId) values (?, ?, ?, ?, ?)
2018-08-18 08:12:10.130 DEBUG 13626 --- [    Test worker] org.hibernate.SQL                        : insert into CarStatusTable (carAvailability, carType, latitude, longitude, carId) values (?, ?, ?, ?, ?)
2018-08-18 08:12:10.131 DEBUG 13626 --- [    Test worker] org.hibernate.SQL                        : insert into CarStatusTable (carAvailability, carType, latitude, longitude, carId) values (?, ?, ?, ?, ?)
2018-08-18 08:12:10.131 DEBUG 13626 --- [    Test worker] org.hibernate.SQL                        : insert into CarStatusTable (carAvailability, carType, latitude, longitude, carId) values (?, ?, ?, ?, ?)
2018-08-18 08:12:10.132 DEBUG 13626 --- [    Test worker] org.hibernate.SQL                        : insert into CarStatusTable (carAvailability, carType, latitude, longitude, carId) values (?, ?, ?, ?, ?)
2018-08-18 08:12:10.132 DEBUG 13626 --- [    Test worker] org.hibernate.SQL                        : insert into CarStatusTable (carAvailability, carType, latitude, longitude, carId) values (?, ?, ?, ?, ?)
2018-08-18 08:12:10.132 DEBUG 13626 --- [    Test worker] org.hibernate.SQL                        : insert into CarStatusTable (carAvailability, carType, latitude, longitude, carId) values (?, ?, ?, ?, ?)
2018-08-18 08:12:10.133 DEBUG 13626 --- [    Test worker] org.hibernate.SQL                        : insert into CarStatusTable (carAvailability, carType, latitude, longitude, carId) values (?, ?, ?, ?, ?)
2018-08-18 08:12:10.133 DEBUG 13626 --- [    Test worker] org.hibernate.SQL                        : insert into CarStatusTable (carAvailability, carType, latitude, longitude, carId) values (?, ?, ?, ?, ?)
2018-08-18 08:12:10.134 DEBUG 13626 --- [    Test worker] org.hibernate.SQL                        : insert into CarStatusTable (carAvailability, carType, latitude, longitude, carId) values (?, ?, ?, ?, ?)
2018-08-18 08:12:10.134 DEBUG 13626 --- [    Test worker] org.hibernate.SQL                        : insert into CarStatusTable (carAvailability, carType, latitude, longitude, carId) values (?, ?, ?, ?, ?)
2018-08-18 08:12:10.134 DEBUG 13626 --- [    Test worker] org.hibernate.SQL                        : insert into CarStatusTable (carAvailability, carType, latitude, longitude, carId) values (?, ?, ?, ?, ?)
2018-08-18 08:12:10.135 DEBUG 13626 --- [    Test worker] org.hibernate.SQL                        : insert into CarStatusTable (carAvailability, carType, latitude, longitude, carId) values (?, ?, ?, ?, ?)
2018-08-18 08:12:10.135 DEBUG 13626 --- [    Test worker] org.hibernate.SQL                        : insert into CarStatusTable (carAvailability, carType, latitude, longitude, carId) values (?, ?, ?, ?, ?)
2018-08-18 08:12:10.140 DEBUG 13626 --- [    Test worker] org.hibernate.SQL                        : insert into CarStatusTable (carAvailability, carType, latitude, longitude, carId) values (?, ?, ?, ?, ?)
2018-08-18 08:12:10.141 DEBUG 13626 --- [    Test worker] org.hibernate.SQL                        : insert into CarStatusTable (carAvailability, carType, latitude, longitude, carId) values (?, ?, ?, ?, ?)
2018-08-18 08:12:10.142 DEBUG 13626 --- [    Test worker] org.hibernate.SQL                        : insert into CarStatusTable (carAvailability, carType, latitude, longitude, carId) values (?, ?, ?, ?, ?)
2018-08-18 08:12:10.142 DEBUG 13626 --- [    Test worker] org.hibernate.SQL                        : insert into CarStatusTable (carAvailability, carType, latitude, longitude, carId) values (?, ?, ?, ?, ?)
2018-08-18 08:12:10.143 DEBUG 13626 --- [    Test worker] org.hibernate.SQL                        : insert into CarStatusTable (carAvailability, carType, latitude, longitude, carId) values (?, ?, ?, ?, ?)
2018-08-18 08:12:10.143 DEBUG 13626 --- [    Test worker] org.hibernate.SQL                        : insert into CarStatusTable (carAvailability, carType, latitude, longitude, carId) values (?, ?, ?, ?, ?)
2018-08-18 08:12:10.143 DEBUG 13626 --- [    Test worker] org.hibernate.SQL                        : insert into CarStatusTable (carAvailability, carType, latitude, longitude, carId) values (?, ?, ?, ?, ?)
2018-08-18 08:12:10.144 DEBUG 13626 --- [    Test worker] org.hibernate.SQL                        : insert into CarStatusTable (carAvailability, carType, latitude, longitude, carId) values (?, ?, ?, ?, ?)
2018-08-18 08:12:10.144 DEBUG 13626 --- [    Test worker] org.hibernate.SQL                        : insert into CarStatusTable (carAvailability, carType, latitude, longitude, carId) values (?, ?, ?, ?, ?)
2018-08-18 08:12:10.145 DEBUG 13626 --- [    Test worker] org.hibernate.SQL                        : insert into CarStatusTable (carAvailability, carType, latitude, longitude, carId) values (?, ?, ?, ?, ?)
2018-08-18 08:12:10.145 DEBUG 13626 --- [    Test worker] org.hibernate.SQL                        : insert into CarStatusTable (carAvailability, carType, latitude, longitude, carId) values (?, ?, ?, ?, ?)
2018-08-18 08:12:10.145 DEBUG 13626 --- [    Test worker] org.hibernate.SQL                        : insert into CarStatusTable (carAvailability, carType, latitude, longitude, carId) values (?, ?, ?, ?, ?)
2018-08-18 08:12:10.146 DEBUG 13626 --- [    Test worker] org.hibernate.SQL                        : insert into CarStatusTable (carAvailability, carType, latitude, longitude, carId) values (?, ?, ?, ?, ?)
2018-08-18 08:12:10.146 DEBUG 13626 --- [    Test worker] org.hibernate.SQL                        : insert into CarStatusTable (carAvailability, carType, latitude, longitude, carId) values (?, ?, ?, ?, ?)
2018-08-18 08:12:10.146 DEBUG 13626 --- [    Test worker] org.hibernate.SQL                        : insert into CarStatusTable (carAvailability, carType, latitude, longitude, carId) values (?, ?, ?, ?, ?)
2018-08-18 08:12:10.147 DEBUG 13626 --- [    Test worker] org.hibernate.SQL                        : insert into CarStatusTable (carAvailability, carType, latitude, longitude, carId) values (?, ?, ?, ?, ?)
2018-08-18 08:12:10.147 DEBUG 13626 --- [    Test worker] org.hibernate.SQL                        : insert into CarStatusTable (carAvailability, carType, latitude, longitude, carId) values (?, ?, ?, ?, ?)
2018-08-18 08:12:10.147 DEBUG 13626 --- [    Test worker] org.hibernate.SQL                        : insert into CarStatusTable (carAvailability, carType, latitude, longitude, carId) values (?, ?, ?, ?, ?)
2018-08-18 08:12:10.148 DEBUG 13626 --- [    Test worker] org.hibernate.SQL                        : insert into CarStatusTable (carAvailability, carType, latitude, longitude, carId) values (?, ?, ?, ?, ?)
2018-08-18 08:12:10.162 DEBUG 13626 --- [    Test worker] org.hibernate.SQL                        : insert into CarStatusTable (carAvailability, carType, latitude, longitude, carId) values (?, ?, ?, ?, ?)
2018-08-18 08:12:10.167 DEBUG 13626 --- [    Test worker] org.hibernate.SQL                        : insert into CarStatusTable (carAvailability, carType, latitude, longitude, carId) values (?, ?, ?, ?, ?)
2018-08-18 08:12:10.168 DEBUG 13626 --- [    Test worker] org.hibernate.SQL                        : insert into CarStatusTable (carAvailability, carType, latitude, longitude, carId) values (?, ?, ?, ?, ?)
2018-08-18 08:12:10.168 DEBUG 13626 --- [    Test worker] org.hibernate.SQL                        : insert into CarStatusTable (carAvailability, carType, latitude, longitude, carId) values (?, ?, ?, ?, ?)
2018-08-18 08:12:10.169 DEBUG 13626 --- [    Test worker] org.hibernate.SQL                        : insert into CarStatusTable (carAvailability, carType, latitude, longitude, carId) values (?, ?, ?, ?, ?)
2018-08-18 08:12:10.169 DEBUG 13626 --- [    Test worker] org.hibernate.SQL                        : insert into CarStatusTable (carAvailability, carType, latitude, longitude, carId) values (?, ?, ?, ?, ?)
2018-08-18 08:12:10.170 DEBUG 13626 --- [    Test worker] org.hibernate.SQL                        : insert into CarStatusTable (carAvailability, carType, latitude, longitude, carId) values (?, ?, ?, ?, ?)
2018-08-18 08:12:10.170 DEBUG 13626 --- [    Test worker] org.hibernate.SQL                        : insert into CarStatusTable (carAvailability, carType, latitude, longitude, carId) values (?, ?, ?, ?, ?)
2018-08-18 08:12:10.171 DEBUG 13626 --- [    Test worker] org.hibernate.SQL                        : insert into CarStatusTable (carAvailability, carType, latitude, longitude, carId) values (?, ?, ?, ?, ?)
2018-08-18 08:12:10.171 DEBUG 13626 --- [    Test worker] org.hibernate.SQL                        : insert into CarStatusTable (carAvailability, carType, latitude, longitude, carId) values (?, ?, ?, ?, ?)
2018-08-18 08:12:10.171 DEBUG 13626 --- [    Test worker] org.hibernate.SQL                        : insert into CarStatusTable (carAvailability, carType, latitude, longitude, carId) values (?, ?, ?, ?, ?)
2018-08-18 08:12:10.172 DEBUG 13626 --- [    Test worker] org.hibernate.SQL                        : insert into CarStatusTable (carAvailability, carType, latitude, longitude, carId) values (?, ?, ?, ?, ?)
2018-08-18 08:12:10.172 DEBUG 13626 --- [    Test worker] org.hibernate.SQL                        : insert into CarStatusTable (carAvailability, carType, latitude, longitude, carId) values (?, ?, ?, ?, ?)
2018-08-18 08:12:10.173 DEBUG 13626 --- [    Test worker] org.hibernate.SQL                        : insert into CarStatusTable (carAvailability, carType, latitude, longitude, carId) values (?, ?, ?, ?, ?)
2018-08-18 08:12:10.173 DEBUG 13626 --- [    Test worker] org.hibernate.SQL                        : insert into CarStatusTable (carAvailability, carType, latitude, longitude, carId) values (?, ?, ?, ?, ?)
2018-08-18 08:12:10.174 DEBUG 13626 --- [    Test worker] org.hibernate.SQL                        : insert into CarStatusTable (carAvailability, carType, latitude, longitude, carId) values (?, ?, ?, ?, ?)
2018-08-18 08:12:10.175 DEBUG 13626 --- [    Test worker] org.hibernate.SQL                        : insert into CarStatusTable (carAvailability, carType, latitude, longitude, carId) values (?, ?, ?, ?, ?)
2018-08-18 08:12:10.180 DEBUG 13626 --- [    Test worker] org.hibernate.SQL                        : insert into CarStatusTable (carAvailability, carType, latitude, longitude, carId) values (?, ?, ?, ?, ?)
2018-08-18 08:12:10.182 DEBUG 13626 --- [    Test worker] org.hibernate.SQL                        : insert into CarStatusTable (carAvailability, carType, latitude, longitude, carId) values (?, ?, ?, ?, ?)
2018-08-18 08:12:10.183 DEBUG 13626 --- [    Test worker] org.hibernate.SQL                        : insert into CarStatusTable (carAvailability, carType, latitude, longitude, carId) values (?, ?, ?, ?, ?)
2018-08-18 08:12:10.184 DEBUG 13626 --- [    Test worker] org.hibernate.SQL                        : insert into CarStatusTable (carAvailability, carType, latitude, longitude, carId) values (?, ?, ?, ?, ?)
2018-08-18 08:12:10.184 DEBUG 13626 --- [    Test worker] org.hibernate.SQL                        : insert into CarStatusTable (carAvailability, carType, latitude, longitude, carId) values (?, ?, ?, ?, ?)
2018-08-18 08:12:10.185 DEBUG 13626 --- [    Test worker] org.hibernate.SQL                        : insert into CarStatusTable (carAvailability, carType, latitude, longitude, carId) values (?, ?, ?, ?, ?)
2018-08-18 08:12:10.185 DEBUG 13626 --- [    Test worker] org.hibernate.SQL                        : insert into CarStatusTable (carAvailability, carType, latitude, longitude, carId) values (?, ?, ?, ?, ?)
2018-08-18 08:12:10.186 DEBUG 13626 --- [    Test worker] org.hibernate.SQL                        : insert into CarStatusTable (carAvailability, carType, latitude, longitude, carId) values (?, ?, ?, ?, ?)
2018-08-18 08:12:10.190 DEBUG 13626 --- [    Test worker] org.hibernate.SQL                        : insert into CarStatusTable (carAvailability, carType, latitude, longitude, carId) values (?, ?, ?, ?, ?)
2018-08-18 08:12:10.194 DEBUG 13626 --- [    Test worker] org.hibernate.SQL                        : insert into CarStatusTable (carAvailability, carType, latitude, longitude, carId) values (?, ?, ?, ?, ?)
2018-08-18 08:12:10.194 DEBUG 13626 --- [    Test worker] org.hibernate.SQL                        : insert into CarStatusTable (carAvailability, carType, latitude, longitude, carId) values (?, ?, ?, ?, ?)
2018-08-18 08:12:10.195 DEBUG 13626 --- [    Test worker] org.hibernate.SQL                        : insert into CarStatusTable (carAvailability, carType, latitude, longitude, carId) values (?, ?, ?, ?, ?)
2018-08-18 08:12:10.195 DEBUG 13626 --- [    Test worker] org.hibernate.SQL                        : insert into CarStatusTable (carAvailability, carType, latitude, longitude, carId) values (?, ?, ?, ?, ?)
2018-08-18 08:12:10.197 DEBUG 13626 --- [    Test worker] org.hibernate.SQL                        : insert into CarStatusTable (carAvailability, carType, latitude, longitude, carId) values (?, ?, ?, ?, ?)
2018-08-18 08:12:10.200 DEBUG 13626 --- [    Test worker] org.hibernate.SQL                        : insert into CarStatusTable (carAvailability, carType, latitude, longitude, carId) values (?, ?, ?, ?, ?)
2018-08-18 08:12:10.201 DEBUG 13626 --- [    Test worker] org.hibernate.SQL                        : insert into CarStatusTable (carAvailability, carType, latitude, longitude, carId) values (?, ?, ?, ?, ?)
2018-08-18 08:12:10.202 DEBUG 13626 --- [    Test worker] org.hibernate.SQL                        : insert into CarStatusTable (carAvailability, carType, latitude, longitude, carId) values (?, ?, ?, ?, ?)
2018-08-18 08:12:10.202 DEBUG 13626 --- [    Test worker] org.hibernate.SQL                        : insert into CarStatusTable (carAvailability, carType, latitude, longitude, carId) values (?, ?, ?, ?, ?)
2018-08-18 08:12:10.205 DEBUG 13626 --- [    Test worker] org.hibernate.SQL                        : insert into CarStatusTable (carAvailability, carType, latitude, longitude, carId) values (?, ?, ?, ?, ?)
2018-08-18 08:12:10.207 DEBUG 13626 --- [    Test worker] org.hibernate.SQL                        : insert into CarStatusTable (carAvailability, carType, latitude, longitude, carId) values (?, ?, ?, ?, ?)
2018-08-18 08:12:10.208 DEBUG 13626 --- [    Test worker] org.hibernate.SQL                        : insert into CarStatusTable (carAvailability, carType, latitude, longitude, carId) values (?, ?, ?, ?, ?)
2018-08-18 08:12:10.209 DEBUG 13626 --- [    Test worker] org.hibernate.SQL                        : insert into CarStatusTable (carAvailability, carType, latitude, longitude, carId) values (?, ?, ?, ?, ?)
2018-08-18 08:12:10.209 DEBUG 13626 --- [    Test worker] org.hibernate.SQL                        : insert into CarStatusTable (carAvailability, carType, latitude, longitude, carId) values (?, ?, ?, ?, ?)
2018-08-18 08:12:10.210 DEBUG 13626 --- [    Test worker] org.hibernate.SQL                        : insert into CarStatusTable (carAvailability, carType, latitude, longitude, carId) values (?, ?, ?, ?, ?)
2018-08-18 08:12:10.210 DEBUG 13626 --- [    Test worker] org.hibernate.SQL                        : insert into CarStatusTable (carAvailability, carType, latitude, longitude, carId) values (?, ?, ?, ?, ?)
2018-08-18 08:12:10.210 DEBUG 13626 --- [    Test worker] org.hibernate.SQL                        : insert into CarStatusTable (carAvailability, carType, latitude, longitude, carId) values (?, ?, ?, ?, ?)
2018-08-18 08:12:10.211 DEBUG 13626 --- [    Test worker] org.hibernate.SQL                        : insert into CarStatusTable (carAvailability, carType, latitude, longitude, carId) values (?, ?, ?, ?, ?)
2018-08-18 08:12:10.211 DEBUG 13626 --- [    Test worker] org.hibernate.SQL                        : insert into CarStatusTable (carAvailability, carType, latitude, longitude, carId) values (?, ?, ?, ?, ?)
2018-08-18 08:12:10.212 DEBUG 13626 --- [    Test worker] org.hibernate.SQL                        : insert into CarStatusTable (carAvailability, carType, latitude, longitude, carId) values (?, ?, ?, ?, ?)
2018-08-18 08:12:10.212 DEBUG 13626 --- [    Test worker] org.hibernate.SQL                        : insert into CarStatusTable (carAvailability, carType, latitude, longitude, carId) values (?, ?, ?, ?, ?)
2018-08-18 08:12:10.212 DEBUG 13626 --- [    Test worker] org.hibernate.SQL                        : insert into CarStatusTable (carAvailability, carType, latitude, longitude, carId) values (?, ?, ?, ?, ?)
2018-08-18 08:12:10.213 DEBUG 13626 --- [    Test worker] org.hibernate.SQL                        : insert into CarStatusTable (carAvailability, carType, latitude, longitude, carId) values (?, ?, ?, ?, ?)
2018-08-18 08:12:10.213 DEBUG 13626 --- [    Test worker] org.hibernate.SQL                        : insert into CarStatusTable (carAvailability, carType, latitude, longitude, carId) values (?, ?, ?, ?, ?)
2018-08-18 08:12:10.214 DEBUG 13626 --- [    Test worker] org.hibernate.SQL                        : insert into CarStatusTable (carAvailability, carType, latitude, longitude, carId) values (?, ?, ?, ?, ?)
2018-08-18 08:12:10.216 DEBUG 13626 --- [    Test worker] org.hibernate.SQL                        : insert into CarStatusTable (carAvailability, carType, latitude, longitude, carId) values (?, ?, ?, ?, ?)
2018-08-18 08:12:10.223 DEBUG 13626 --- [    Test worker] org.hibernate.SQL                        : insert into CarStatusTable (carAvailability, carType, latitude, longitude, carId) values (?, ?, ?, ?, ?)
2018-08-18 08:12:10.223 DEBUG 13626 --- [    Test worker] org.hibernate.SQL                        : insert into CarStatusTable (carAvailability, carType, latitude, longitude, carId) values (?, ?, ?, ?, ?)
2018-08-18 08:12:10.224 DEBUG 13626 --- [    Test worker] org.hibernate.SQL                        : insert into CarStatusTable (carAvailability, carType, latitude, longitude, carId) values (?, ?, ?, ?, ?)
2018-08-18 08:12:10.226 DEBUG 13626 --- [    Test worker] org.hibernate.SQL                        : insert into CarStatusTable (carAvailability, carType, latitude, longitude, carId) values (?, ?, ?, ?, ?)
2018-08-18 08:12:10.228 DEBUG 13626 --- [    Test worker] org.hibernate.SQL                        : insert into CarStatusTable (carAvailability, carType, latitude, longitude, carId) values (?, ?, ?, ?, ?)
2018-08-18 08:12:10.230 DEBUG 13626 --- [    Test worker] org.hibernate.SQL                        : insert into CarStatusTable (carAvailability, carType, latitude, longitude, carId) values (?, ?, ?, ?, ?)
2018-08-18 08:12:10.231 DEBUG 13626 --- [    Test worker] org.hibernate.SQL                        : insert into CarStatusTable (carAvailability, carType, latitude, longitude, carId) values (?, ?, ?, ?, ?)
2018-08-18 08:12:10.232 DEBUG 13626 --- [    Test worker] org.hibernate.SQL                        : insert into CarStatusTable (carAvailability, carType, latitude, longitude, carId) values (?, ?, ?, ?, ?)
2018-08-18 08:12:10.233 DEBUG 13626 --- [    Test worker] org.hibernate.SQL                        : insert into CarStatusTable (carAvailability, carType, latitude, longitude, carId) values (?, ?, ?, ?, ?)
2018-08-18 08:12:10.233 DEBUG 13626 --- [    Test worker] org.hibernate.SQL                        : insert into CarStatusTable (carAvailability, carType, latitude, longitude, carId) values (?, ?, ?, ?, ?)
2018-08-18 08:12:10.233 DEBUG 13626 --- [    Test worker] org.hibernate.SQL                        : insert into CarStatusTable (carAvailability, carType, latitude, longitude, carId) values (?, ?, ?, ?, ?)
2018-08-18 08:12:10.234 DEBUG 13626 --- [    Test worker] org.hibernate.SQL                        : insert into CarStatusTable (carAvailability, carType, latitude, longitude, carId) values (?, ?, ?, ?, ?)
2018-08-18 08:12:10.234 DEBUG 13626 --- [    Test worker] org.hibernate.SQL                        : insert into CarStatusTable (carAvailability, carType, latitude, longitude, carId) values (?, ?, ?, ?, ?)
2018-08-18 08:12:10.239 DEBUG 13626 --- [    Test worker] org.hibernate.SQL                        : insert into CarStatusTable (carAvailability, carType, latitude, longitude, carId) values (?, ?, ?, ?, ?)
2018-08-18 08:12:10.240 DEBUG 13626 --- [    Test worker] org.hibernate.SQL                        : insert into CarStatusTable (carAvailability, carType, latitude, longitude, carId) values (?, ?, ?, ?, ?)
2018-08-18 08:12:10.240 DEBUG 13626 --- [    Test worker] org.hibernate.SQL                        : insert into CarStatusTable (carAvailability, carType, latitude, longitude, carId) values (?, ?, ?, ?, ?)
2018-08-18 08:12:10.241 DEBUG 13626 --- [    Test worker] org.hibernate.SQL                        : insert into CarStatusTable (carAvailability, carType, latitude, longitude, carId) values (?, ?, ?, ?, ?)
2018-08-18 08:12:10.241 DEBUG 13626 --- [    Test worker] org.hibernate.SQL                        : insert into CarStatusTable (carAvailability, carType, latitude, longitude, carId) values (?, ?, ?, ?, ?)
2018-08-18 08:12:10.241 DEBUG 13626 --- [    Test worker] org.hibernate.SQL                        : insert into CarStatusTable (carAvailability, carType, latitude, longitude, carId) values (?, ?, ?, ?, ?)
2018-08-18 08:12:10.242 DEBUG 13626 --- [    Test worker] org.hibernate.SQL                        : insert into CarStatusTable (carAvailability, carType, latitude, longitude, carId) values (?, ?, ?, ?, ?)
2018-08-18 08:12:10.243 DEBUG 13626 --- [    Test worker] org.hibernate.SQL                        : insert into CarStatusTable (carAvailability, carType, latitude, longitude, carId) values (?, ?, ?, ?, ?)
2018-08-18 08:12:10.252 DEBUG 13626 --- [    Test worker] org.hibernate.SQL                        : insert into CarStatusTable (carAvailability, carType, latitude, longitude, carId) values (?, ?, ?, ?, ?)
2018-08-18 08:12:10.252 DEBUG 13626 --- [    Test worker] org.hibernate.SQL                        : insert into CarStatusTable (carAvailability, carType, latitude, longitude, carId) values (?, ?, ?, ?, ?)
2018-08-18 08:12:10.253 DEBUG 13626 --- [    Test worker] org.hibernate.SQL                        : insert into CarStatusTable (carAvailability, carType, latitude, longitude, carId) values (?, ?, ?, ?, ?)
2018-08-18 08:12:10.253 DEBUG 13626 --- [    Test worker] org.hibernate.SQL                        : insert into CarStatusTable (carAvailability, carType, latitude, longitude, carId) values (?, ?, ?, ?, ?)
2018-08-18 08:12:10.254 DEBUG 13626 --- [    Test worker] org.hibernate.SQL                        : insert into CarStatusTable (carAvailability, carType, latitude, longitude, carId) values (?, ?, ?, ?, ?)
2018-08-18 08:12:10.254 DEBUG 13626 --- [    Test worker] org.hibernate.SQL                        : insert into CarStatusTable (carAvailability, carType, latitude, longitude, carId) values (?, ?, ?, ?, ?)
2018-08-18 08:12:10.255 DEBUG 13626 --- [    Test worker] org.hibernate.SQL                        : insert into CarStatusTable (carAvailability, carType, latitude, longitude, carId) values (?, ?, ?, ?, ?)
2018-08-18 08:12:10.255 DEBUG 13626 --- [    Test worker] org.hibernate.SQL                        : insert into CarStatusTable (carAvailability, carType, latitude, longitude, carId) values (?, ?, ?, ?, ?)
2018-08-18 08:12:10.257 DEBUG 13626 --- [    Test worker] org.hibernate.SQL                        : insert into CarStatusTable (carAvailability, carType, latitude, longitude, carId) values (?, ?, ?, ?, ?)
2018-08-18 08:12:10.257 DEBUG 13626 --- [    Test worker] org.hibernate.SQL                        : insert into CarStatusTable (carAvailability, carType, latitude, longitude, carId) values (?, ?, ?, ?, ?)
2018-08-18 08:12:10.259 DEBUG 13626 --- [    Test worker] org.hibernate.SQL                        : insert into CarStatusTable (carAvailability, carType, latitude, longitude, carId) values (?, ?, ?, ?, ?)
2018-08-18 08:12:10.259 DEBUG 13626 --- [    Test worker] org.hibernate.SQL                        : insert into CarStatusTable (carAvailability, carType, latitude, longitude, carId) values (?, ?, ?, ?, ?)
2018-08-18 08:12:10.260 DEBUG 13626 --- [    Test worker] org.hibernate.SQL                        : insert into CarStatusTable (carAvailability, carType, latitude, longitude, carId) values (?, ?, ?, ?, ?)
2018-08-18 08:12:10.261 DEBUG 13626 --- [    Test worker] org.hibernate.SQL                        : insert into CarStatusTable (carAvailability, carType, latitude, longitude, carId) values (?, ?, ?, ?, ?)
2018-08-18 08:12:10.262 DEBUG 13626 --- [    Test worker] org.hibernate.SQL                        : insert into CarStatusTable (carAvailability, carType, latitude, longitude, carId) values (?, ?, ?, ?, ?)
2018-08-18 08:12:10.263 DEBUG 13626 --- [    Test worker] org.hibernate.SQL                        : insert into CarStatusTable (carAvailability, carType, latitude, longitude, carId) values (?, ?, ?, ?, ?)
2018-08-18 08:12:10.264 DEBUG 13626 --- [    Test worker] org.hibernate.SQL                        : insert into CarStatusTable (carAvailability, carType, latitude, longitude, carId) values (?, ?, ?, ?, ?)
2018-08-18 08:12:10.264 DEBUG 13626 --- [    Test worker] org.hibernate.SQL                        : insert into CarStatusTable (carAvailability, carType, latitude, longitude, carId) values (?, ?, ?, ?, ?)
2018-08-18 08:12:10.265 DEBUG 13626 --- [    Test worker] org.hibernate.SQL                        : insert into CarStatusTable (carAvailability, carType, latitude, longitude, carId) values (?, ?, ?, ?, ?)
2018-08-18 08:12:10.266 DEBUG 13626 --- [    Test worker] org.hibernate.SQL                        : insert into CarStatusTable (carAvailability, carType, latitude, longitude, carId) values (?, ?, ?, ?, ?)
2018-08-18 08:12:10.267 DEBUG 13626 --- [    Test worker] org.hibernate.SQL                        : insert into CarStatusTable (carAvailability, carType, latitude, longitude, carId) values (?, ?, ?, ?, ?)
2018-08-18 08:12:10.268 DEBUG 13626 --- [    Test worker] org.hibernate.SQL                        : insert into CarStatusTable (carAvailability, carType, latitude, longitude, carId) values (?, ?, ?, ?, ?)
2018-08-18 08:12:10.269 DEBUG 13626 --- [    Test worker] org.hibernate.SQL                        : insert into CarStatusTable (carAvailability, carType, latitude, longitude, carId) values (?, ?, ?, ?, ?)
2018-08-18 08:12:10.271 DEBUG 13626 --- [    Test worker] org.hibernate.SQL                        : insert into CarStatusTable (carAvailability, carType, latitude, longitude, carId) values (?, ?, ?, ?, ?)
2018-08-18 08:12:10.274 DEBUG 13626 --- [    Test worker] org.hibernate.SQL                        : insert into CarStatusTable (carAvailability, carType, latitude, longitude, carId) values (?, ?, ?, ?, ?)
2018-08-18 08:12:10.279 DEBUG 13626 --- [    Test worker] org.hibernate.SQL                        : insert into CarStatusTable (carAvailability, carType, latitude, longitude, carId) values (?, ?, ?, ?, ?)
2018-08-18 08:12:10.281 DEBUG 13626 --- [    Test worker] org.hibernate.SQL                        : insert into CarStatusTable (carAvailability, carType, latitude, longitude, carId) values (?, ?, ?, ?, ?)
2018-08-18 08:12:10.282 DEBUG 13626 --- [    Test worker] org.hibernate.SQL                        : insert into CarStatusTable (carAvailability, carType, latitude, longitude, carId) values (?, ?, ?, ?, ?)
2018-08-18 08:12:10.282 DEBUG 13626 --- [    Test worker] org.hibernate.SQL                        : insert into CarStatusTable (carAvailability, carType, latitude, longitude, carId) values (?, ?, ?, ?, ?)
2018-08-18 08:12:10.283 DEBUG 13626 --- [    Test worker] org.hibernate.SQL                        : insert into CarStatusTable (carAvailability, carType, latitude, longitude, carId) values (?, ?, ?, ?, ?)
2018-08-18 08:12:10.283 DEBUG 13626 --- [    Test worker] org.hibernate.SQL                        : insert into CarStatusTable (carAvailability, carType, latitude, longitude, carId) values (?, ?, ?, ?, ?)
2018-08-18 08:12:10.283 DEBUG 13626 --- [    Test worker] org.hibernate.SQL                        : insert into CarStatusTable (carAvailability, carType, latitude, longitude, carId) values (?, ?, ?, ?, ?)
2018-08-18 08:12:10.284 DEBUG 13626 --- [    Test worker] org.hibernate.SQL                        : insert into CarStatusTable (carAvailability, carType, latitude, longitude, carId) values (?, ?, ?, ?, ?)
2018-08-18 08:12:10.287 DEBUG 13626 --- [    Test worker] org.hibernate.SQL                        : insert into CarStatusTable (carAvailability, carType, latitude, longitude, carId) values (?, ?, ?, ?, ?)
2018-08-18 08:12:10.287 DEBUG 13626 --- [    Test worker] org.hibernate.SQL                        : insert into CarStatusTable (carAvailability, carType, latitude, longitude, carId) values (?, ?, ?, ?, ?)
2018-08-18 08:12:10.288 DEBUG 13626 --- [    Test worker] org.hibernate.SQL                        : insert into CarStatusTable (carAvailability, carType, latitude, longitude, carId) values (?, ?, ?, ?, ?)
2018-08-18 08:12:10.288 DEBUG 13626 --- [    Test worker] org.hibernate.SQL                        : insert into CarStatusTable (carAvailability, carType, latitude, longitude, carId) values (?, ?, ?, ?, ?)
2018-08-18 08:12:10.288 DEBUG 13626 --- [    Test worker] org.hibernate.SQL                        : insert into CarStatusTable (carAvailability, carType, latitude, longitude, carId) values (?, ?, ?, ?, ?)
2018-08-18 08:12:10.289 DEBUG 13626 --- [    Test worker] org.hibernate.SQL                        : insert into CarStatusTable (carAvailability, carType, latitude, longitude, carId) values (?, ?, ?, ?, ?)
2018-08-18 08:12:10.289 DEBUG 13626 --- [    Test worker] org.hibernate.SQL                        : insert into CarStatusTable (carAvailability, carType, latitude, longitude, carId) values (?, ?, ?, ?, ?)
2018-08-18 08:12:10.289 DEBUG 13626 --- [    Test worker] org.hibernate.SQL                        : insert into CarStatusTable (carAvailability, carType, latitude, longitude, carId) values (?, ?, ?, ?, ?)
2018-08-18 08:12:10.290 DEBUG 13626 --- [    Test worker] org.hibernate.SQL                        : insert into CarStatusTable (carAvailability, carType, latitude, longitude, carId) values (?, ?, ?, ?, ?)
2018-08-18 08:12:10.290 DEBUG 13626 --- [    Test worker] org.hibernate.SQL                        : insert into CarStatusTable (carAvailability, carType, latitude, longitude, carId) values (?, ?, ?, ?, ?)
2018-08-18 08:12:10.291 DEBUG 13626 --- [    Test worker] org.hibernate.SQL                        : insert into CarStatusTable (carAvailability, carType, latitude, longitude, carId) values (?, ?, ?, ?, ?)
2018-08-18 08:12:10.291 DEBUG 13626 --- [    Test worker] org.hibernate.SQL                        : insert into CarStatusTable (carAvailability, carType, latitude, longitude, carId) values (?, ?, ?, ?, ?)
2018-08-18 08:12:10.291 DEBUG 13626 --- [    Test worker] org.hibernate.SQL                        : insert into CarStatusTable (carAvailability, carType, latitude, longitude, carId) values (?, ?, ?, ?, ?)
2018-08-18 08:12:10.292 DEBUG 13626 --- [    Test worker] org.hibernate.SQL                        : insert into CarStatusTable (carAvailability, carType, latitude, longitude, carId) values (?, ?, ?, ?, ?)
2018-08-18 08:12:10.292 DEBUG 13626 --- [    Test worker] org.hibernate.SQL                        : insert into CarStatusTable (carAvailability, carType, latitude, longitude, carId) values (?, ?, ?, ?, ?)
2018-08-18 08:12:10.293 DEBUG 13626 --- [    Test worker] org.hibernate.SQL                        : insert into CarStatusTable (carAvailability, carType, latitude, longitude, carId) values (?, ?, ?, ?, ?)
2018-08-18 08:12:10.293 DEBUG 13626 --- [    Test worker] org.hibernate.SQL                        : insert into CarStatusTable (carAvailability, carType, latitude, longitude, carId) values (?, ?, ?, ?, ?)
2018-08-18 08:12:10.293 DEBUG 13626 --- [    Test worker] org.hibernate.SQL                        : insert into CarStatusTable (carAvailability, carType, latitude, longitude, carId) values (?, ?, ?, ?, ?)
2018-08-18 08:12:10.294 DEBUG 13626 --- [    Test worker] org.hibernate.SQL                        : insert into CarStatusTable (carAvailability, carType, latitude, longitude, carId) values (?, ?, ?, ?, ?)
2018-08-18 08:12:10.294 DEBUG 13626 --- [    Test worker] org.hibernate.SQL                        : insert into CarStatusTable (carAvailability, carType, latitude, longitude, carId) values (?, ?, ?, ?, ?)
2018-08-18 08:12:10.294 DEBUG 13626 --- [    Test worker] org.hibernate.SQL                        : insert into CarStatusTable (carAvailability, carType, latitude, longitude, carId) values (?, ?, ?, ?, ?)
2018-08-18 08:12:10.295 DEBUG 13626 --- [    Test worker] org.hibernate.SQL                        : insert into CarStatusTable (carAvailability, carType, latitude, longitude, carId) values (?, ?, ?, ?, ?)
2018-08-18 08:12:10.295 DEBUG 13626 --- [    Test worker] org.hibernate.SQL                        : insert into CarStatusTable (carAvailability, carType, latitude, longitude, carId) values (?, ?, ?, ?, ?)
2018-08-18 08:12:10.296 DEBUG 13626 --- [    Test worker] org.hibernate.SQL                        : insert into CarStatusTable (carAvailability, carType, latitude, longitude, carId) values (?, ?, ?, ?, ?)
2018-08-18 08:12:10.296 DEBUG 13626 --- [    Test worker] org.hibernate.SQL                        : insert into CarStatusTable (carAvailability, carType, latitude, longitude, carId) values (?, ?, ?, ?, ?)
2018-08-18 08:12:10.297 DEBUG 13626 --- [    Test worker] org.hibernate.SQL                        : insert into CarStatusTable (carAvailability, carType, latitude, longitude, carId) values (?, ?, ?, ?, ?)
2018-08-18 08:12:10.298 DEBUG 13626 --- [    Test worker] org.hibernate.SQL                        : insert into CarStatusTable (carAvailability, carType, latitude, longitude, carId) values (?, ?, ?, ?, ?)
2018-08-18 08:12:10.298 DEBUG 13626 --- [    Test worker] org.hibernate.SQL                        : insert into CarStatusTable (carAvailability, carType, latitude, longitude, carId) values (?, ?, ?, ?, ?)
2018-08-18 08:12:10.299 DEBUG 13626 --- [    Test worker] org.hibernate.SQL                        : insert into CarStatusTable (carAvailability, carType, latitude, longitude, carId) values (?, ?, ?, ?, ?)
2018-08-18 08:12:10.299 DEBUG 13626 --- [    Test worker] org.hibernate.SQL                        : insert into CarStatusTable (carAvailability, carType, latitude, longitude, carId) values (?, ?, ?, ?, ?)
2018-08-18 08:12:10.300 DEBUG 13626 --- [    Test worker] org.hibernate.SQL                        : insert into CarStatusTable (carAvailability, carType, latitude, longitude, carId) values (?, ?, ?, ?, ?)
2018-08-18 08:12:10.301 DEBUG 13626 --- [    Test worker] org.hibernate.SQL                        : insert into CarStatusTable (carAvailability, carType, latitude, longitude, carId) values (?, ?, ?, ?, ?)
2018-08-18 08:12:10.302 DEBUG 13626 --- [    Test worker] org.hibernate.SQL                        : insert into CarStatusTable (carAvailability, carType, latitude, longitude, carId) values (?, ?, ?, ?, ?)
2018-08-18 08:12:10.303 DEBUG 13626 --- [    Test worker] org.hibernate.SQL                        : insert into CarStatusTable (carAvailability, carType, latitude, longitude, carId) values (?, ?, ?, ?, ?)
2018-08-18 08:12:10.303 DEBUG 13626 --- [    Test worker] org.hibernate.SQL                        : insert into CarStatusTable (carAvailability, carType, latitude, longitude, carId) values (?, ?, ?, ?, ?)
2018-08-18 08:12:10.303 DEBUG 13626 --- [    Test worker] org.hibernate.SQL                        : insert into CarStatusTable (carAvailability, carType, latitude, longitude, carId) values (?, ?, ?, ?, ?)
2018-08-18 08:12:10.304 DEBUG 13626 --- [    Test worker] org.hibernate.SQL                        : insert into CarStatusTable (carAvailability, carType, latitude, longitude, carId) values (?, ?, ?, ?, ?)
2018-08-18 08:12:10.304 DEBUG 13626 --- [    Test worker] org.hibernate.SQL                        : insert into CarStatusTable (carAvailability, carType, latitude, longitude, carId) values (?, ?, ?, ?, ?)
2018-08-18 08:12:10.310 DEBUG 13626 --- [    Test worker] org.hibernate.SQL                        : insert into CarStatusTable (carAvailability, carType, latitude, longitude, carId) values (?, ?, ?, ?, ?)
2018-08-18 08:12:10.312 DEBUG 13626 --- [    Test worker] org.hibernate.SQL                        : insert into CarStatusTable (carAvailability, carType, latitude, longitude, carId) values (?, ?, ?, ?, ?)
2018-08-18 08:12:10.313 DEBUG 13626 --- [    Test worker] org.hibernate.SQL                        : insert into CarStatusTable (carAvailability, carType, latitude, longitude, carId) values (?, ?, ?, ?, ?)
2018-08-18 08:12:10.313 DEBUG 13626 --- [    Test worker] org.hibernate.SQL                        : insert into CarStatusTable (carAvailability, carType, latitude, longitude, carId) values (?, ?, ?, ?, ?)
2018-08-18 08:12:10.314 DEBUG 13626 --- [    Test worker] org.hibernate.SQL                        : insert into CarStatusTable (carAvailability, carType, latitude, longitude, carId) values (?, ?, ?, ?, ?)
2018-08-18 08:12:10.314 DEBUG 13626 --- [    Test worker] org.hibernate.SQL                        : insert into CarStatusTable (carAvailability, carType, latitude, longitude, carId) values (?, ?, ?, ?, ?)
2018-08-18 08:12:10.314 DEBUG 13626 --- [    Test worker] org.hibernate.SQL                        : insert into CarStatusTable (carAvailability, carType, latitude, longitude, carId) values (?, ?, ?, ?, ?)
2018-08-18 08:12:10.315 DEBUG 13626 --- [    Test worker] org.hibernate.SQL                        : insert into CarStatusTable (carAvailability, carType, latitude, longitude, carId) values (?, ?, ?, ?, ?)
2018-08-18 08:12:10.315 DEBUG 13626 --- [    Test worker] org.hibernate.SQL                        : insert into CarStatusTable (carAvailability, carType, latitude, longitude, carId) values (?, ?, ?, ?, ?)
2018-08-18 08:12:10.316 DEBUG 13626 --- [    Test worker] org.hibernate.SQL                        : insert into CarStatusTable (carAvailability, carType, latitude, longitude, carId) values (?, ?, ?, ?, ?)
2018-08-18 08:12:10.317 DEBUG 13626 --- [    Test worker] org.hibernate.SQL                        : insert into CarStatusTable (carAvailability, carType, latitude, longitude, carId) values (?, ?, ?, ?, ?)
2018-08-18 08:12:10.317 DEBUG 13626 --- [    Test worker] org.hibernate.SQL                        : insert into CarStatusTable (carAvailability, carType, latitude, longitude, carId) values (?, ?, ?, ?, ?)
2018-08-18 08:12:10.317 DEBUG 13626 --- [    Test worker] org.hibernate.SQL                        : insert into CarStatusTable (carAvailability, carType, latitude, longitude, carId) values (?, ?, ?, ?, ?)
2018-08-18 08:12:10.318 DEBUG 13626 --- [    Test worker] org.hibernate.SQL                        : insert into CarStatusTable (carAvailability, carType, latitude, longitude, carId) values (?, ?, ?, ?, ?)
2018-08-18 08:12:10.319 DEBUG 13626 --- [    Test worker] org.hibernate.SQL                        : insert into CarStatusTable (carAvailability, carType, latitude, longitude, carId) values (?, ?, ?, ?, ?)
2018-08-18 08:12:10.319 DEBUG 13626 --- [    Test worker] org.hibernate.SQL                        : insert into CarStatusTable (carAvailability, carType, latitude, longitude, carId) values (?, ?, ?, ?, ?)
2018-08-18 08:12:10.320 DEBUG 13626 --- [    Test worker] org.hibernate.SQL                        : insert into CarStatusTable (carAvailability, carType, latitude, longitude, carId) values (?, ?, ?, ?, ?)
2018-08-18 08:12:10.321 DEBUG 13626 --- [    Test worker] org.hibernate.SQL                        : insert into CarStatusTable (carAvailability, carType, latitude, longitude, carId) values (?, ?, ?, ?, ?)
2018-08-18 08:12:10.321 DEBUG 13626 --- [    Test worker] org.hibernate.SQL                        : insert into CarStatusTable (carAvailability, carType, latitude, longitude, carId) values (?, ?, ?, ?, ?)
2018-08-18 08:12:10.321 DEBUG 13626 --- [    Test worker] org.hibernate.SQL                        : insert into CarStatusTable (carAvailability, carType, latitude, longitude, carId) values (?, ?, ?, ?, ?)
2018-08-18 08:12:10.322 DEBUG 13626 --- [    Test worker] org.hibernate.SQL                        : insert into CarStatusTable (carAvailability, carType, latitude, longitude, carId) values (?, ?, ?, ?, ?)
2018-08-18 08:12:10.322 DEBUG 13626 --- [    Test worker] org.hibernate.SQL                        : insert into CarStatusTable (carAvailability, carType, latitude, longitude, carId) values (?, ?, ?, ?, ?)
2018-08-18 08:12:10.323 DEBUG 13626 --- [    Test worker] org.hibernate.SQL                        : insert into CarStatusTable (carAvailability, carType, latitude, longitude, carId) values (?, ?, ?, ?, ?)
2018-08-18 08:12:10.323 DEBUG 13626 --- [    Test worker] org.hibernate.SQL                        : insert into CarStatusTable (carAvailability, carType, latitude, longitude, carId) values (?, ?, ?, ?, ?)
2018-08-18 08:12:10.324 DEBUG 13626 --- [    Test worker] org.hibernate.SQL                        : insert into CarStatusTable (carAvailability, carType, latitude, longitude, carId) values (?, ?, ?, ?, ?)
2018-08-18 08:12:10.324 DEBUG 13626 --- [    Test worker] org.hibernate.SQL                        : insert into CarStatusTable (carAvailability, carType, latitude, longitude, carId) values (?, ?, ?, ?, ?)
2018-08-18 08:12:10.325 DEBUG 13626 --- [    Test worker] org.hibernate.SQL                        : insert into CarStatusTable (carAvailability, carType, latitude, longitude, carId) values (?, ?, ?, ?, ?)
2018-08-18 08:12:10.325 DEBUG 13626 --- [    Test worker] org.hibernate.SQL                        : insert into CarStatusTable (carAvailability, carType, latitude, longitude, carId) values (?, ?, ?, ?, ?)
2018-08-18 08:12:10.326 DEBUG 13626 --- [    Test worker] org.hibernate.SQL                        : insert into CarStatusTable (carAvailability, carType, latitude, longitude, carId) values (?, ?, ?, ?, ?)
2018-08-18 08:12:10.327 DEBUG 13626 --- [    Test worker] org.hibernate.SQL                        : insert into CarStatusTable (carAvailability, carType, latitude, longitude, carId) values (?, ?, ?, ?, ?)
2018-08-18 08:12:10.327 DEBUG 13626 --- [    Test worker] org.hibernate.SQL                        : insert into CarStatusTable (carAvailability, carType, latitude, longitude, carId) values (?, ?, ?, ?, ?)
2018-08-18 08:12:10.327 DEBUG 13626 --- [    Test worker] org.hibernate.SQL                        : insert into CarStatusTable (carAvailability, carType, latitude, longitude, carId) values (?, ?, ?, ?, ?)
2018-08-18 08:12:10.328 DEBUG 13626 --- [    Test worker] org.hibernate.SQL                        : insert into CarStatusTable (carAvailability, carType, latitude, longitude, carId) values (?, ?, ?, ?, ?)
2018-08-18 08:12:10.328 DEBUG 13626 --- [    Test worker] org.hibernate.SQL                        : insert into CarStatusTable (carAvailability, carType, latitude, longitude, carId) values (?, ?, ?, ?, ?)
2018-08-18 08:12:10.329 DEBUG 13626 --- [    Test worker] org.hibernate.SQL                        : insert into CarStatusTable (carAvailability, carType, latitude, longitude, carId) values (?, ?, ?, ?, ?)
2018-08-18 08:12:10.329 DEBUG 13626 --- [    Test worker] org.hibernate.SQL                        : insert into CarStatusTable (carAvailability, carType, latitude, longitude, carId) values (?, ?, ?, ?, ?)
2018-08-18 08:12:10.330 DEBUG 13626 --- [    Test worker] org.hibernate.SQL                        : insert into CarStatusTable (carAvailability, carType, latitude, longitude, carId) values (?, ?, ?, ?, ?)
2018-08-18 08:12:10.330 DEBUG 13626 --- [    Test worker] org.hibernate.SQL                        : insert into CarStatusTable (carAvailability, carType, latitude, longitude, carId) values (?, ?, ?, ?, ?)
2018-08-18 08:12:10.331 DEBUG 13626 --- [    Test worker] org.hibernate.SQL                        : insert into CarStatusTable (carAvailability, carType, latitude, longitude, carId) values (?, ?, ?, ?, ?)
2018-08-18 08:12:10.331 DEBUG 13626 --- [    Test worker] org.hibernate.SQL                        : insert into CarStatusTable (carAvailability, carType, latitude, longitude, carId) values (?, ?, ?, ?, ?)
2018-08-18 08:12:10.332 DEBUG 13626 --- [    Test worker] org.hibernate.SQL                        : insert into CarStatusTable (carAvailability, carType, latitude, longitude, carId) values (?, ?, ?, ?, ?)
2018-08-18 08:12:10.332 DEBUG 13626 --- [    Test worker] org.hibernate.SQL                        : insert into CarStatusTable (carAvailability, carType, latitude, longitude, carId) values (?, ?, ?, ?, ?)
2018-08-18 08:12:10.332 DEBUG 13626 --- [    Test worker] org.hibernate.SQL                        : insert into CarStatusTable (carAvailability, carType, latitude, longitude, carId) values (?, ?, ?, ?, ?)
2018-08-18 08:12:10.333 DEBUG 13626 --- [    Test worker] org.hibernate.SQL                        : insert into CarStatusTable (carAvailability, carType, latitude, longitude, carId) values (?, ?, ?, ?, ?)
2018-08-18 08:12:10.333 DEBUG 13626 --- [    Test worker] org.hibernate.SQL                        : insert into CarStatusTable (carAvailability, carType, latitude, longitude, carId) values (?, ?, ?, ?, ?)
2018-08-18 08:12:10.333 DEBUG 13626 --- [    Test worker] org.hibernate.SQL                        : insert into CarStatusTable (carAvailability, carType, latitude, longitude, carId) values (?, ?, ?, ?, ?)
2018-08-18 08:12:10.334 DEBUG 13626 --- [    Test worker] org.hibernate.SQL                        : insert into CarStatusTable (carAvailability, carType, latitude, longitude, carId) values (?, ?, ?, ?, ?)
2018-08-18 08:12:10.334 DEBUG 13626 --- [    Test worker] org.hibernate.SQL                        : insert into CarStatusTable (carAvailability, carType, latitude, longitude, carId) values (?, ?, ?, ?, ?)
2018-08-18 08:12:10.335 DEBUG 13626 --- [    Test worker] org.hibernate.SQL                        : insert into CarStatusTable (carAvailability, carType, latitude, longitude, carId) values (?, ?, ?, ?, ?)
2018-08-18 08:12:10.335 DEBUG 13626 --- [    Test worker] org.hibernate.SQL                        : insert into CarStatusTable (carAvailability, carType, latitude, longitude, carId) values (?, ?, ?, ?, ?)
2018-08-18 08:12:10.335 DEBUG 13626 --- [    Test worker] org.hibernate.SQL                        : insert into CarStatusTable (carAvailability, carType, latitude, longitude, carId) values (?, ?, ?, ?, ?)
2018-08-18 08:12:10.336 DEBUG 13626 --- [    Test worker] org.hibernate.SQL                        : insert into CarStatusTable (carAvailability, carType, latitude, longitude, carId) values (?, ?, ?, ?, ?)
2018-08-18 08:12:10.336 DEBUG 13626 --- [    Test worker] org.hibernate.SQL                        : insert into CarStatusTable (carAvailability, carType, latitude, longitude, carId) values (?, ?, ?, ?, ?)
2018-08-18 08:12:10.337 DEBUG 13626 --- [    Test worker] org.hibernate.SQL                        : insert into CarStatusTable (carAvailability, carType, latitude, longitude, carId) values (?, ?, ?, ?, ?)
2018-08-18 08:12:10.337 DEBUG 13626 --- [    Test worker] org.hibernate.SQL                        : insert into CarStatusTable (carAvailability, carType, latitude, longitude, carId) values (?, ?, ?, ?, ?)
2018-08-18 08:12:10.338 DEBUG 13626 --- [    Test worker] org.hibernate.SQL                        : insert into CarStatusTable (carAvailability, carType, latitude, longitude, carId) values (?, ?, ?, ?, ?)
2018-08-18 08:12:10.338 DEBUG 13626 --- [    Test worker] org.hibernate.SQL                        : insert into CarStatusTable (carAvailability, carType, latitude, longitude, carId) values (?, ?, ?, ?, ?)
2018-08-18 08:12:10.339 DEBUG 13626 --- [    Test worker] org.hibernate.SQL                        : insert into CarStatusTable (carAvailability, carType, latitude, longitude, carId) values (?, ?, ?, ?, ?)
2018-08-18 08:12:10.339 DEBUG 13626 --- [    Test worker] org.hibernate.SQL                        : insert into CarStatusTable (carAvailability, carType, latitude, longitude, carId) values (?, ?, ?, ?, ?)
2018-08-18 08:12:10.339 DEBUG 13626 --- [    Test worker] org.hibernate.SQL                        : insert into CarStatusTable (carAvailability, carType, latitude, longitude, carId) values (?, ?, ?, ?, ?)
2018-08-18 08:12:10.340 DEBUG 13626 --- [    Test worker] org.hibernate.SQL                        : insert into CarStatusTable (carAvailability, carType, latitude, longitude, carId) values (?, ?, ?, ?, ?)
2018-08-18 08:12:10.340 DEBUG 13626 --- [    Test worker] org.hibernate.SQL                        : insert into CarStatusTable (carAvailability, carType, latitude, longitude, carId) values (?, ?, ?, ?, ?)
2018-08-18 08:12:10.341 DEBUG 13626 --- [    Test worker] org.hibernate.SQL                        : insert into CarStatusTable (carAvailability, carType, latitude, longitude, carId) values (?, ?, ?, ?, ?)
2018-08-18 08:12:10.341 DEBUG 13626 --- [    Test worker] org.hibernate.SQL                        : insert into CarStatusTable (carAvailability, carType, latitude, longitude, carId) values (?, ?, ?, ?, ?)
2018-08-18 08:12:10.358 DEBUG 13626 --- [    Test worker] org.hibernate.SQL                        : insert into CarStatusTable (carAvailability, carType, latitude, longitude, carId) values (?, ?, ?, ?, ?)
2018-08-18 08:12:10.360 DEBUG 13626 --- [    Test worker] org.hibernate.SQL                        : insert into CarStatusTable (carAvailability, carType, latitude, longitude, carId) values (?, ?, ?, ?, ?)
2018-08-18 08:12:10.360 DEBUG 13626 --- [    Test worker] org.hibernate.SQL                        : insert into CarStatusTable (carAvailability, carType, latitude, longitude, carId) values (?, ?, ?, ?, ?)
2018-08-18 08:12:10.361 DEBUG 13626 --- [    Test worker] org.hibernate.SQL                        : insert into CarStatusTable (carAvailability, carType, latitude, longitude, carId) values (?, ?, ?, ?, ?)
2018-08-18 08:12:10.362 DEBUG 13626 --- [    Test worker] org.hibernate.SQL                        : insert into CarStatusTable (carAvailability, carType, latitude, longitude, carId) values (?, ?, ?, ?, ?)
2018-08-18 08:12:10.362 DEBUG 13626 --- [    Test worker] org.hibernate.SQL                        : insert into CarStatusTable (carAvailability, carType, latitude, longitude, carId) values (?, ?, ?, ?, ?)
2018-08-18 08:12:10.362 DEBUG 13626 --- [    Test worker] org.hibernate.SQL                        : insert into CarStatusTable (carAvailability, carType, latitude, longitude, carId) values (?, ?, ?, ?, ?)
2018-08-18 08:12:10.363 DEBUG 13626 --- [    Test worker] org.hibernate.SQL                        : insert into CarStatusTable (carAvailability, carType, latitude, longitude, carId) values (?, ?, ?, ?, ?)
2018-08-18 08:12:10.363 DEBUG 13626 --- [    Test worker] org.hibernate.SQL                        : insert into CarStatusTable (carAvailability, carType, latitude, longitude, carId) values (?, ?, ?, ?, ?)
2018-08-18 08:12:10.364 DEBUG 13626 --- [    Test worker] org.hibernate.SQL                        : insert into CarStatusTable (carAvailability, carType, latitude, longitude, carId) values (?, ?, ?, ?, ?)
2018-08-18 08:12:10.364 DEBUG 13626 --- [    Test worker] org.hibernate.SQL                        : insert into CarStatusTable (carAvailability, carType, latitude, longitude, carId) values (?, ?, ?, ?, ?)
2018-08-18 08:12:10.365 DEBUG 13626 --- [    Test worker] org.hibernate.SQL                        : insert into CarStatusTable (carAvailability, carType, latitude, longitude, carId) values (?, ?, ?, ?, ?)
2018-08-18 08:12:10.365 DEBUG 13626 --- [    Test worker] org.hibernate.SQL                        : insert into CarStatusTable (carAvailability, carType, latitude, longitude, carId) values (?, ?, ?, ?, ?)
2018-08-18 08:12:10.366 DEBUG 13626 --- [    Test worker] org.hibernate.SQL                        : insert into CarStatusTable (carAvailability, carType, latitude, longitude, carId) values (?, ?, ?, ?, ?)
2018-08-18 08:12:10.366 DEBUG 13626 --- [    Test worker] org.hibernate.SQL                        : insert into CarStatusTable (carAvailability, carType, latitude, longitude, carId) values (?, ?, ?, ?, ?)
2018-08-18 08:12:10.367 DEBUG 13626 --- [    Test worker] org.hibernate.SQL                        : insert into CarStatusTable (carAvailability, carType, latitude, longitude, carId) values (?, ?, ?, ?, ?)
2018-08-18 08:12:10.367 DEBUG 13626 --- [    Test worker] org.hibernate.SQL                        : insert into CarStatusTable (carAvailability, carType, latitude, longitude, carId) values (?, ?, ?, ?, ?)
2018-08-18 08:12:10.368 DEBUG 13626 --- [    Test worker] org.hibernate.SQL                        : insert into CarStatusTable (carAvailability, carType, latitude, longitude, carId) values (?, ?, ?, ?, ?)
2018-08-18 08:12:10.368 DEBUG 13626 --- [    Test worker] org.hibernate.SQL                        : insert into CarStatusTable (carAvailability, carType, latitude, longitude, carId) values (?, ?, ?, ?, ?)
2018-08-18 08:12:10.369 DEBUG 13626 --- [    Test worker] org.hibernate.SQL                        : insert into CarStatusTable (carAvailability, carType, latitude, longitude, carId) values (?, ?, ?, ?, ?)
2018-08-18 08:12:10.369 DEBUG 13626 --- [    Test worker] org.hibernate.SQL                        : insert into CarStatusTable (carAvailability, carType, latitude, longitude, carId) values (?, ?, ?, ?, ?)
2018-08-18 08:12:10.369 DEBUG 13626 --- [    Test worker] org.hibernate.SQL                        : insert into CarStatusTable (carAvailability, carType, latitude, longitude, carId) values (?, ?, ?, ?, ?)
2018-08-18 08:12:10.370 DEBUG 13626 --- [    Test worker] org.hibernate.SQL                        : insert into CarStatusTable (carAvailability, carType, latitude, longitude, carId) values (?, ?, ?, ?, ?)
2018-08-18 08:12:10.370 DEBUG 13626 --- [    Test worker] org.hibernate.SQL                        : insert into CarStatusTable (carAvailability, carType, latitude, longitude, carId) values (?, ?, ?, ?, ?)
2018-08-18 08:12:10.371 DEBUG 13626 --- [    Test worker] org.hibernate.SQL                        : insert into CarStatusTable (carAvailability, carType, latitude, longitude, carId) values (?, ?, ?, ?, ?)
2018-08-18 08:12:10.371 DEBUG 13626 --- [    Test worker] org.hibernate.SQL                        : insert into CarStatusTable (carAvailability, carType, latitude, longitude, carId) values (?, ?, ?, ?, ?)
2018-08-18 08:12:10.372 DEBUG 13626 --- [    Test worker] org.hibernate.SQL                        : insert into CarStatusTable (carAvailability, carType, latitude, longitude, carId) values (?, ?, ?, ?, ?)
2018-08-18 08:12:10.372 DEBUG 13626 --- [    Test worker] org.hibernate.SQL                        : insert into CarStatusTable (carAvailability, carType, latitude, longitude, carId) values (?, ?, ?, ?, ?)
2018-08-18 08:12:10.373 DEBUG 13626 --- [    Test worker] org.hibernate.SQL                        : insert into CarStatusTable (carAvailability, carType, latitude, longitude, carId) values (?, ?, ?, ?, ?)
2018-08-18 08:12:10.373 DEBUG 13626 --- [    Test worker] org.hibernate.SQL                        : insert into CarStatusTable (carAvailability, carType, latitude, longitude, carId) values (?, ?, ?, ?, ?)
2018-08-18 08:12:10.374 DEBUG 13626 --- [    Test worker] org.hibernate.SQL                        : insert into CarStatusTable (carAvailability, carType, latitude, longitude, carId) values (?, ?, ?, ?, ?)
2018-08-18 08:12:10.374 DEBUG 13626 --- [    Test worker] org.hibernate.SQL                        : insert into CarStatusTable (carAvailability, carType, latitude, longitude, carId) values (?, ?, ?, ?, ?)
2018-08-18 08:12:10.375 DEBUG 13626 --- [    Test worker] org.hibernate.SQL                        : insert into CarStatusTable (carAvailability, carType, latitude, longitude, carId) values (?, ?, ?, ?, ?)
2018-08-18 08:12:10.375 DEBUG 13626 --- [    Test worker] org.hibernate.SQL                        : insert into CarStatusTable (carAvailability, carType, latitude, longitude, carId) values (?, ?, ?, ?, ?)
2018-08-18 08:12:10.376 DEBUG 13626 --- [    Test worker] org.hibernate.SQL                        : insert into CarStatusTable (carAvailability, carType, latitude, longitude, carId) values (?, ?, ?, ?, ?)
2018-08-18 08:12:10.376 DEBUG 13626 --- [    Test worker] org.hibernate.SQL                        : insert into CarStatusTable (carAvailability, carType, latitude, longitude, carId) values (?, ?, ?, ?, ?)
2018-08-18 08:12:10.376 DEBUG 13626 --- [    Test worker] org.hibernate.SQL                        : insert into CarStatusTable (carAvailability, carType, latitude, longitude, carId) values (?, ?, ?, ?, ?)
2018-08-18 08:12:10.377 DEBUG 13626 --- [    Test worker] org.hibernate.SQL                        : insert into CarStatusTable (carAvailability, carType, latitude, longitude, carId) values (?, ?, ?, ?, ?)
2018-08-18 08:12:10.377 DEBUG 13626 --- [    Test worker] org.hibernate.SQL                        : insert into CarStatusTable (carAvailability, carType, latitude, longitude, carId) values (?, ?, ?, ?, ?)
2018-08-18 08:12:10.378 DEBUG 13626 --- [    Test worker] org.hibernate.SQL                        : insert into CarStatusTable (carAvailability, carType, latitude, longitude, carId) values (?, ?, ?, ?, ?)
2018-08-18 08:12:10.378 DEBUG 13626 --- [    Test worker] org.hibernate.SQL                        : insert into CarStatusTable (carAvailability, carType, latitude, longitude, carId) values (?, ?, ?, ?, ?)
2018-08-18 08:12:10.379 DEBUG 13626 --- [    Test worker] org.hibernate.SQL                        : insert into CarStatusTable (carAvailability, carType, latitude, longitude, carId) values (?, ?, ?, ?, ?)
2018-08-18 08:12:10.379 DEBUG 13626 --- [    Test worker] org.hibernate.SQL                        : insert into CarStatusTable (carAvailability, carType, latitude, longitude, carId) values (?, ?, ?, ?, ?)
2018-08-18 08:12:10.380 DEBUG 13626 --- [    Test worker] org.hibernate.SQL                        : insert into CarStatusTable (carAvailability, carType, latitude, longitude, carId) values (?, ?, ?, ?, ?)
2018-08-18 08:12:10.380 DEBUG 13626 --- [    Test worker] org.hibernate.SQL                        : insert into CarStatusTable (carAvailability, carType, latitude, longitude, carId) values (?, ?, ?, ?, ?)
2018-08-18 08:12:10.381 DEBUG 13626 --- [    Test worker] org.hibernate.SQL                        : insert into CarStatusTable (carAvailability, carType, latitude, longitude, carId) values (?, ?, ?, ?, ?)
2018-08-18 08:12:10.381 DEBUG 13626 --- [    Test worker] org.hibernate.SQL                        : insert into CarStatusTable (carAvailability, carType, latitude, longitude, carId) values (?, ?, ?, ?, ?)
2018-08-18 08:12:10.382 DEBUG 13626 --- [    Test worker] org.hibernate.SQL                        : insert into CarStatusTable (carAvailability, carType, latitude, longitude, carId) values (?, ?, ?, ?, ?)
2018-08-18 08:12:10.383 DEBUG 13626 --- [    Test worker] org.hibernate.SQL                        : insert into CarStatusTable (carAvailability, carType, latitude, longitude, carId) values (?, ?, ?, ?, ?)
2018-08-18 08:12:10.383 DEBUG 13626 --- [    Test worker] org.hibernate.SQL                        : insert into CarStatusTable (carAvailability, carType, latitude, longitude, carId) values (?, ?, ?, ?, ?)
2018-08-18 08:12:10.384 DEBUG 13626 --- [    Test worker] org.hibernate.SQL                        : insert into CarStatusTable (carAvailability, carType, latitude, longitude, carId) values (?, ?, ?, ?, ?)
2018-08-18 08:12:10.384 DEBUG 13626 --- [    Test worker] org.hibernate.SQL                        : insert into CarStatusTable (carAvailability, carType, latitude, longitude, carId) values (?, ?, ?, ?, ?)
2018-08-18 08:12:10.385 DEBUG 13626 --- [    Test worker] org.hibernate.SQL                        : insert into CarStatusTable (carAvailability, carType, latitude, longitude, carId) values (?, ?, ?, ?, ?)
2018-08-18 08:12:10.385 DEBUG 13626 --- [    Test worker] org.hibernate.SQL                        : insert into CarStatusTable (carAvailability, carType, latitude, longitude, carId) values (?, ?, ?, ?, ?)
2018-08-18 08:12:10.386 DEBUG 13626 --- [    Test worker] org.hibernate.SQL                        : insert into CarStatusTable (carAvailability, carType, latitude, longitude, carId) values (?, ?, ?, ?, ?)
2018-08-18 08:12:10.386 DEBUG 13626 --- [    Test worker] org.hibernate.SQL                        : insert into CarStatusTable (carAvailability, carType, latitude, longitude, carId) values (?, ?, ?, ?, ?)
2018-08-18 08:12:10.387 DEBUG 13626 --- [    Test worker] org.hibernate.SQL                        : insert into CarStatusTable (carAvailability, carType, latitude, longitude, carId) values (?, ?, ?, ?, ?)
2018-08-18 08:12:10.387 DEBUG 13626 --- [    Test worker] org.hibernate.SQL                        : insert into CarStatusTable (carAvailability, carType, latitude, longitude, carId) values (?, ?, ?, ?, ?)
2018-08-18 08:12:10.387 DEBUG 13626 --- [    Test worker] org.hibernate.SQL                        : insert into CarStatusTable (carAvailability, carType, latitude, longitude, carId) values (?, ?, ?, ?, ?)
2018-08-18 08:12:10.388 DEBUG 13626 --- [    Test worker] org.hibernate.SQL                        : insert into CarStatusTable (carAvailability, carType, latitude, longitude, carId) values (?, ?, ?, ?, ?)
2018-08-18 08:12:10.389 DEBUG 13626 --- [    Test worker] org.hibernate.SQL                        : insert into CarStatusTable (carAvailability, carType, latitude, longitude, carId) values (?, ?, ?, ?, ?)
2018-08-18 08:12:10.389 DEBUG 13626 --- [    Test worker] org.hibernate.SQL                        : insert into CarStatusTable (carAvailability, carType, latitude, longitude, carId) values (?, ?, ?, ?, ?)
2018-08-18 08:12:10.389 DEBUG 13626 --- [    Test worker] org.hibernate.SQL                        : insert into CarStatusTable (carAvailability, carType, latitude, longitude, carId) values (?, ?, ?, ?, ?)
2018-08-18 08:12:10.390 DEBUG 13626 --- [    Test worker] org.hibernate.SQL                        : insert into CarStatusTable (carAvailability, carType, latitude, longitude, carId) values (?, ?, ?, ?, ?)
2018-08-18 08:12:10.390 DEBUG 13626 --- [    Test worker] org.hibernate.SQL                        : insert into CarStatusTable (carAvailability, carType, latitude, longitude, carId) values (?, ?, ?, ?, ?)
2018-08-18 08:12:10.391 DEBUG 13626 --- [    Test worker] org.hibernate.SQL                        : insert into CarStatusTable (carAvailability, carType, latitude, longitude, carId) values (?, ?, ?, ?, ?)
2018-08-18 08:12:10.391 DEBUG 13626 --- [    Test worker] org.hibernate.SQL                        : insert into CarStatusTable (carAvailability, carType, latitude, longitude, carId) values (?, ?, ?, ?, ?)
2018-08-18 08:12:10.391 DEBUG 13626 --- [    Test worker] org.hibernate.SQL                        : insert into CarStatusTable (carAvailability, carType, latitude, longitude, carId) values (?, ?, ?, ?, ?)
2018-08-18 08:12:10.392 DEBUG 13626 --- [    Test worker] org.hibernate.SQL                        : insert into CarStatusTable (carAvailability, carType, latitude, longitude, carId) values (?, ?, ?, ?, ?)
2018-08-18 08:12:10.393 DEBUG 13626 --- [    Test worker] org.hibernate.SQL                        : insert into CarStatusTable (carAvailability, carType, latitude, longitude, carId) values (?, ?, ?, ?, ?)
2018-08-18 08:12:10.393 DEBUG 13626 --- [    Test worker] org.hibernate.SQL                        : insert into CarStatusTable (carAvailability, carType, latitude, longitude, carId) values (?, ?, ?, ?, ?)
2018-08-18 08:12:10.393 DEBUG 13626 --- [    Test worker] org.hibernate.SQL                        : insert into CarStatusTable (carAvailability, carType, latitude, longitude, carId) values (?, ?, ?, ?, ?)
2018-08-18 08:12:10.394 DEBUG 13626 --- [    Test worker] org.hibernate.SQL                        : insert into CarStatusTable (carAvailability, carType, latitude, longitude, carId) values (?, ?, ?, ?, ?)
2018-08-18 08:12:10.394 DEBUG 13626 --- [    Test worker] org.hibernate.SQL                        : insert into CarStatusTable (carAvailability, carType, latitude, longitude, carId) values (?, ?, ?, ?, ?)
2018-08-18 08:12:10.395 DEBUG 13626 --- [    Test worker] org.hibernate.SQL                        : insert into CarStatusTable (carAvailability, carType, latitude, longitude, carId) values (?, ?, ?, ?, ?)
2018-08-18 08:12:10.395 DEBUG 13626 --- [    Test worker] org.hibernate.SQL                        : insert into CarStatusTable (carAvailability, carType, latitude, longitude, carId) values (?, ?, ?, ?, ?)
2018-08-18 08:12:10.396 DEBUG 13626 --- [    Test worker] org.hibernate.SQL                        : insert into CarStatusTable (carAvailability, carType, latitude, longitude, carId) values (?, ?, ?, ?, ?)
2018-08-18 08:12:10.396 DEBUG 13626 --- [    Test worker] org.hibernate.SQL                        : insert into CarStatusTable (carAvailability, carType, latitude, longitude, carId) values (?, ?, ?, ?, ?)
2018-08-18 08:12:10.396 DEBUG 13626 --- [    Test worker] org.hibernate.SQL                        : insert into CarStatusTable (carAvailability, carType, latitude, longitude, carId) values (?, ?, ?, ?, ?)
2018-08-18 08:12:10.397 DEBUG 13626 --- [    Test worker] org.hibernate.SQL                        : insert into CarStatusTable (carAvailability, carType, latitude, longitude, carId) values (?, ?, ?, ?, ?)
2018-08-18 08:12:10.397 DEBUG 13626 --- [    Test worker] org.hibernate.SQL                        : insert into CarStatusTable (carAvailability, carType, latitude, longitude, carId) values (?, ?, ?, ?, ?)
2018-08-18 08:12:10.398 DEBUG 13626 --- [    Test worker] org.hibernate.SQL                        : insert into CarStatusTable (carAvailability, carType, latitude, longitude, carId) values (?, ?, ?, ?, ?)
2018-08-18 08:12:10.399 DEBUG 13626 --- [    Test worker] org.hibernate.SQL                        : insert into CarStatusTable (carAvailability, carType, latitude, longitude, carId) values (?, ?, ?, ?, ?)
2018-08-18 08:12:10.399 DEBUG 13626 --- [    Test worker] org.hibernate.SQL                        : insert into CarStatusTable (carAvailability, carType, latitude, longitude, carId) values (?, ?, ?, ?, ?)
2018-08-18 08:12:10.399 DEBUG 13626 --- [    Test worker] org.hibernate.SQL                        : insert into CarStatusTable (carAvailability, carType, latitude, longitude, carId) values (?, ?, ?, ?, ?)
2018-08-18 08:12:10.400 DEBUG 13626 --- [    Test worker] org.hibernate.SQL                        : insert into CarStatusTable (carAvailability, carType, latitude, longitude, carId) values (?, ?, ?, ?, ?)
2018-08-18 08:12:10.400 DEBUG 13626 --- [    Test worker] org.hibernate.SQL                        : insert into CarStatusTable (carAvailability, carType, latitude, longitude, carId) values (?, ?, ?, ?, ?)
2018-08-18 08:12:10.401 DEBUG 13626 --- [    Test worker] org.hibernate.SQL                        : insert into CarStatusTable (carAvailability, carType, latitude, longitude, carId) values (?, ?, ?, ?, ?)
2018-08-18 08:12:10.401 DEBUG 13626 --- [    Test worker] org.hibernate.SQL                        : insert into CarStatusTable (carAvailability, carType, latitude, longitude, carId) values (?, ?, ?, ?, ?)
2018-08-18 08:12:10.401 DEBUG 13626 --- [    Test worker] org.hibernate.SQL                        : insert into CarStatusTable (carAvailability, carType, latitude, longitude, carId) values (?, ?, ?, ?, ?)
2018-08-18 08:12:10.402 DEBUG 13626 --- [    Test worker] org.hibernate.SQL                        : insert into CarStatusTable (carAvailability, carType, latitude, longitude, carId) values (?, ?, ?, ?, ?)
2018-08-18 08:12:10.403 DEBUG 13626 --- [    Test worker] org.hibernate.SQL                        : insert into CarStatusTable (carAvailability, carType, latitude, longitude, carId) values (?, ?, ?, ?, ?)
2018-08-18 08:12:10.403 DEBUG 13626 --- [    Test worker] org.hibernate.SQL                        : insert into CarStatusTable (carAvailability, carType, latitude, longitude, carId) values (?, ?, ?, ?, ?)
2018-08-18 08:12:10.403 DEBUG 13626 --- [    Test worker] org.hibernate.SQL                        : insert into CarStatusTable (carAvailability, carType, latitude, longitude, carId) values (?, ?, ?, ?, ?)
2018-08-18 08:12:10.404 DEBUG 13626 --- [    Test worker] org.hibernate.SQL                        : insert into CarStatusTable (carAvailability, carType, latitude, longitude, carId) values (?, ?, ?, ?, ?)
2018-08-18 08:12:10.404 DEBUG 13626 --- [    Test worker] org.hibernate.SQL                        : insert into CarStatusTable (carAvailability, carType, latitude, longitude, carId) values (?, ?, ?, ?, ?)
2018-08-18 08:12:10.405 DEBUG 13626 --- [    Test worker] org.hibernate.SQL                        : insert into CarStatusTable (carAvailability, carType, latitude, longitude, carId) values (?, ?, ?, ?, ?)
2018-08-18 08:12:10.405 DEBUG 13626 --- [    Test worker] org.hibernate.SQL                        : insert into CarStatusTable (carAvailability, carType, latitude, longitude, carId) values (?, ?, ?, ?, ?)
2018-08-18 08:12:10.406 DEBUG 13626 --- [    Test worker] org.hibernate.SQL                        : insert into CarStatusTable (carAvailability, carType, latitude, longitude, carId) values (?, ?, ?, ?, ?)
2018-08-18 08:12:10.406 DEBUG 13626 --- [    Test worker] org.hibernate.SQL                        : insert into CarStatusTable (carAvailability, carType, latitude, longitude, carId) values (?, ?, ?, ?, ?)
2018-08-18 08:12:10.406 DEBUG 13626 --- [    Test worker] org.hibernate.SQL                        : insert into CarStatusTable (carAvailability, carType, latitude, longitude, carId) values (?, ?, ?, ?, ?)
2018-08-18 08:12:10.407 DEBUG 13626 --- [    Test worker] org.hibernate.SQL                        : insert into CarStatusTable (carAvailability, carType, latitude, longitude, carId) values (?, ?, ?, ?, ?)
2018-08-18 08:12:10.407 DEBUG 13626 --- [    Test worker] org.hibernate.SQL                        : insert into CarStatusTable (carAvailability, carType, latitude, longitude, carId) values (?, ?, ?, ?, ?)
2018-08-18 08:12:10.408 DEBUG 13626 --- [    Test worker] org.hibernate.SQL                        : insert into CarStatusTable (carAvailability, carType, latitude, longitude, carId) values (?, ?, ?, ?, ?)
2018-08-18 08:12:10.408 DEBUG 13626 --- [    Test worker] org.hibernate.SQL                        : insert into CarStatusTable (carAvailability, carType, latitude, longitude, carId) values (?, ?, ?, ?, ?)
2018-08-18 08:12:10.409 DEBUG 13626 --- [    Test worker] org.hibernate.SQL                        : insert into CarStatusTable (carAvailability, carType, latitude, longitude, carId) values (?, ?, ?, ?, ?)
2018-08-18 08:12:10.409 DEBUG 13626 --- [    Test worker] org.hibernate.SQL                        : insert into CarStatusTable (carAvailability, carType, latitude, longitude, carId) values (?, ?, ?, ?, ?)
2018-08-18 08:12:10.410 DEBUG 13626 --- [    Test worker] org.hibernate.SQL                        : insert into CarStatusTable (carAvailability, carType, latitude, longitude, carId) values (?, ?, ?, ?, ?)
2018-08-18 08:12:10.410 DEBUG 13626 --- [    Test worker] org.hibernate.SQL                        : insert into CarStatusTable (carAvailability, carType, latitude, longitude, carId) values (?, ?, ?, ?, ?)
2018-08-18 08:12:10.411 DEBUG 13626 --- [    Test worker] org.hibernate.SQL                        : insert into CarStatusTable (carAvailability, carType, latitude, longitude, carId) values (?, ?, ?, ?, ?)
2018-08-18 08:12:10.411 DEBUG 13626 --- [    Test worker] org.hibernate.SQL                        : insert into CarStatusTable (carAvailability, carType, latitude, longitude, carId) values (?, ?, ?, ?, ?)
2018-08-18 08:12:10.411 DEBUG 13626 --- [    Test worker] org.hibernate.SQL                        : insert into CarStatusTable (carAvailability, carType, latitude, longitude, carId) values (?, ?, ?, ?, ?)
2018-08-18 08:12:10.412 DEBUG 13626 --- [    Test worker] org.hibernate.SQL                        : insert into CarStatusTable (carAvailability, carType, latitude, longitude, carId) values (?, ?, ?, ?, ?)
2018-08-18 08:12:10.412 DEBUG 13626 --- [    Test worker] org.hibernate.SQL                        : insert into CarStatusTable (carAvailability, carType, latitude, longitude, carId) values (?, ?, ?, ?, ?)
2018-08-18 08:12:10.413 DEBUG 13626 --- [    Test worker] org.hibernate.SQL                        : insert into CarStatusTable (carAvailability, carType, latitude, longitude, carId) values (?, ?, ?, ?, ?)
2018-08-18 08:12:10.413 DEBUG 13626 --- [    Test worker] org.hibernate.SQL                        : insert into CarStatusTable (carAvailability, carType, latitude, longitude, carId) values (?, ?, ?, ?, ?)
2018-08-18 08:12:10.413 DEBUG 13626 --- [    Test worker] org.hibernate.SQL                        : insert into CarStatusTable (carAvailability, carType, latitude, longitude, carId) values (?, ?, ?, ?, ?)
2018-08-18 08:12:10.414 DEBUG 13626 --- [    Test worker] org.hibernate.SQL                        : insert into CarStatusTable (carAvailability, carType, latitude, longitude, carId) values (?, ?, ?, ?, ?)
2018-08-18 08:12:10.414 DEBUG 13626 --- [    Test worker] org.hibernate.SQL                        : insert into CarStatusTable (carAvailability, carType, latitude, longitude, carId) values (?, ?, ?, ?, ?)
2018-08-18 08:12:10.415 DEBUG 13626 --- [    Test worker] org.hibernate.SQL                        : insert into CarStatusTable (carAvailability, carType, latitude, longitude, carId) values (?, ?, ?, ?, ?)
2018-08-18 08:12:10.415 DEBUG 13626 --- [    Test worker] org.hibernate.SQL                        : insert into CarStatusTable (carAvailability, carType, latitude, longitude, carId) values (?, ?, ?, ?, ?)
2018-08-18 08:12:10.415 DEBUG 13626 --- [    Test worker] org.hibernate.SQL                        : insert into CarStatusTable (carAvailability, carType, latitude, longitude, carId) values (?, ?, ?, ?, ?)
2018-08-18 08:12:10.416 DEBUG 13626 --- [    Test worker] org.hibernate.SQL                        : insert into CarStatusTable (carAvailability, carType, latitude, longitude, carId) values (?, ?, ?, ?, ?)
2018-08-18 08:12:10.416 DEBUG 13626 --- [    Test worker] org.hibernate.SQL                        : insert into CarStatusTable (carAvailability, carType, latitude, longitude, carId) values (?, ?, ?, ?, ?)
2018-08-18 08:12:10.416 DEBUG 13626 --- [    Test worker] org.hibernate.SQL                        : insert into CarStatusTable (carAvailability, carType, latitude, longitude, carId) values (?, ?, ?, ?, ?)
2018-08-18 08:12:10.417 DEBUG 13626 --- [    Test worker] org.hibernate.SQL                        : insert into CarStatusTable (carAvailability, carType, latitude, longitude, carId) values (?, ?, ?, ?, ?)
2018-08-18 08:12:10.417 DEBUG 13626 --- [    Test worker] org.hibernate.SQL                        : insert into CarStatusTable (carAvailability, carType, latitude, longitude, carId) values (?, ?, ?, ?, ?)
2018-08-18 08:12:10.418 DEBUG 13626 --- [    Test worker] org.hibernate.SQL                        : insert into CarStatusTable (carAvailability, carType, latitude, longitude, carId) values (?, ?, ?, ?, ?)
2018-08-18 08:12:10.418 DEBUG 13626 --- [    Test worker] org.hibernate.SQL                        : insert into CarStatusTable (carAvailability, carType, latitude, longitude, carId) values (?, ?, ?, ?, ?)
2018-08-18 08:12:10.418 DEBUG 13626 --- [    Test worker] org.hibernate.SQL                        : insert into CarStatusTable (carAvailability, carType, latitude, longitude, carId) values (?, ?, ?, ?, ?)
2018-08-18 08:12:10.419 DEBUG 13626 --- [    Test worker] org.hibernate.SQL                        : insert into CarStatusTable (carAvailability, carType, latitude, longitude, carId) values (?, ?, ?, ?, ?)
2018-08-18 08:12:10.421 DEBUG 13626 --- [    Test worker] org.hibernate.SQL                        : insert into CarStatusTable (carAvailability, carType, latitude, longitude, carId) values (?, ?, ?, ?, ?)
2018-08-18 08:12:10.421 DEBUG 13626 --- [    Test worker] org.hibernate.SQL                        : insert into CarStatusTable (carAvailability, carType, latitude, longitude, carId) values (?, ?, ?, ?, ?)
2018-08-18 08:12:10.422 DEBUG 13626 --- [    Test worker] org.hibernate.SQL                        : insert into CarStatusTable (carAvailability, carType, latitude, longitude, carId) values (?, ?, ?, ?, ?)
2018-08-18 08:12:10.422 DEBUG 13626 --- [    Test worker] org.hibernate.SQL                        : insert into CarStatusTable (carAvailability, carType, latitude, longitude, carId) values (?, ?, ?, ?, ?)
2018-08-18 08:12:10.423 DEBUG 13626 --- [    Test worker] org.hibernate.SQL                        : insert into CarStatusTable (carAvailability, carType, latitude, longitude, carId) values (?, ?, ?, ?, ?)
2018-08-18 08:12:10.423 DEBUG 13626 --- [    Test worker] org.hibernate.SQL                        : insert into CarStatusTable (carAvailability, carType, latitude, longitude, carId) values (?, ?, ?, ?, ?)
2018-08-18 08:12:10.424 DEBUG 13626 --- [    Test worker] org.hibernate.SQL                        : insert into CarStatusTable (carAvailability, carType, latitude, longitude, carId) values (?, ?, ?, ?, ?)
2018-08-18 08:12:10.424 DEBUG 13626 --- [    Test worker] org.hibernate.SQL                        : insert into CarStatusTable (carAvailability, carType, latitude, longitude, carId) values (?, ?, ?, ?, ?)
2018-08-18 08:12:10.425 DEBUG 13626 --- [    Test worker] org.hibernate.SQL                        : insert into CarStatusTable (carAvailability, carType, latitude, longitude, carId) values (?, ?, ?, ?, ?)
2018-08-18 08:12:10.425 DEBUG 13626 --- [    Test worker] org.hibernate.SQL                        : insert into CarStatusTable (carAvailability, carType, latitude, longitude, carId) values (?, ?, ?, ?, ?)
2018-08-18 08:12:10.425 DEBUG 13626 --- [    Test worker] org.hibernate.SQL                        : insert into CarStatusTable (carAvailability, carType, latitude, longitude, carId) values (?, ?, ?, ?, ?)
2018-08-18 08:12:10.426 DEBUG 13626 --- [    Test worker] org.hibernate.SQL                        : insert into CarStatusTable (carAvailability, carType, latitude, longitude, carId) values (?, ?, ?, ?, ?)
2018-08-18 08:12:10.426 DEBUG 13626 --- [    Test worker] org.hibernate.SQL                        : insert into CarStatusTable (carAvailability, carType, latitude, longitude, carId) values (?, ?, ?, ?, ?)
2018-08-18 08:12:10.427 DEBUG 13626 --- [    Test worker] org.hibernate.SQL                        : insert into CarStatusTable (carAvailability, carType, latitude, longitude, carId) values (?, ?, ?, ?, ?)
2018-08-18 08:12:10.427 DEBUG 13626 --- [    Test worker] org.hibernate.SQL                        : insert into CarStatusTable (carAvailability, carType, latitude, longitude, carId) values (?, ?, ?, ?, ?)
2018-08-18 08:12:10.427 DEBUG 13626 --- [    Test worker] org.hibernate.SQL                        : insert into CarStatusTable (carAvailability, carType, latitude, longitude, carId) values (?, ?, ?, ?, ?)
2018-08-18 08:12:10.428 DEBUG 13626 --- [    Test worker] org.hibernate.SQL                        : insert into CarStatusTable (carAvailability, carType, latitude, longitude, carId) values (?, ?, ?, ?, ?)
2018-08-18 08:12:10.428 DEBUG 13626 --- [    Test worker] org.hibernate.SQL                        : insert into CarStatusTable (carAvailability, carType, latitude, longitude, carId) values (?, ?, ?, ?, ?)
2018-08-18 08:12:10.429 DEBUG 13626 --- [    Test worker] org.hibernate.SQL                        : insert into CarStatusTable (carAvailability, carType, latitude, longitude, carId) values (?, ?, ?, ?, ?)
2018-08-18 08:12:10.429 DEBUG 13626 --- [    Test worker] org.hibernate.SQL                        : insert into CarStatusTable (carAvailability, carType, latitude, longitude, carId) values (?, ?, ?, ?, ?)
2018-08-18 08:12:10.429 DEBUG 13626 --- [    Test worker] org.hibernate.SQL                        : insert into CarStatusTable (carAvailability, carType, latitude, longitude, carId) values (?, ?, ?, ?, ?)
2018-08-18 08:12:10.430 DEBUG 13626 --- [    Test worker] org.hibernate.SQL                        : insert into CarStatusTable (carAvailability, carType, latitude, longitude, carId) values (?, ?, ?, ?, ?)
2018-08-18 08:12:10.431 DEBUG 13626 --- [    Test worker] org.hibernate.SQL                        : insert into CarStatusTable (carAvailability, carType, latitude, longitude, carId) values (?, ?, ?, ?, ?)
2018-08-18 08:12:10.431 DEBUG 13626 --- [    Test worker] org.hibernate.SQL                        : insert into CarStatusTable (carAvailability, carType, latitude, longitude, carId) values (?, ?, ?, ?, ?)
2018-08-18 08:12:10.431 DEBUG 13626 --- [    Test worker] org.hibernate.SQL                        : insert into CarStatusTable (carAvailability, carType, latitude, longitude, carId) values (?, ?, ?, ?, ?)
2018-08-18 08:12:10.432 DEBUG 13626 --- [    Test worker] org.hibernate.SQL                        : insert into CarStatusTable (carAvailability, carType, latitude, longitude, carId) values (?, ?, ?, ?, ?)
2018-08-18 08:12:10.432 DEBUG 13626 --- [    Test worker] org.hibernate.SQL                        : insert into CarStatusTable (carAvailability, carType, latitude, longitude, carId) values (?, ?, ?, ?, ?)
2018-08-18 08:12:10.432 DEBUG 13626 --- [    Test worker] org.hibernate.SQL                        : insert into CarStatusTable (carAvailability, carType, latitude, longitude, carId) values (?, ?, ?, ?, ?)
2018-08-18 08:12:10.433 DEBUG 13626 --- [    Test worker] org.hibernate.SQL                        : insert into CarStatusTable (carAvailability, carType, latitude, longitude, carId) values (?, ?, ?, ?, ?)
2018-08-18 08:12:10.433 DEBUG 13626 --- [    Test worker] org.hibernate.SQL                        : insert into CarStatusTable (carAvailability, carType, latitude, longitude, carId) values (?, ?, ?, ?, ?)
2018-08-18 08:12:10.434 DEBUG 13626 --- [    Test worker] org.hibernate.SQL                        : insert into CarStatusTable (carAvailability, carType, latitude, longitude, carId) values (?, ?, ?, ?, ?)
2018-08-18 08:12:10.434 DEBUG 13626 --- [    Test worker] org.hibernate.SQL                        : insert into CarStatusTable (carAvailability, carType, latitude, longitude, carId) values (?, ?, ?, ?, ?)
2018-08-18 08:12:10.434 DEBUG 13626 --- [    Test worker] org.hibernate.SQL                        : insert into CarStatusTable (carAvailability, carType, latitude, longitude, carId) values (?, ?, ?, ?, ?)
2018-08-18 08:12:10.435 DEBUG 13626 --- [    Test worker] org.hibernate.SQL                        : insert into CarStatusTable (carAvailability, carType, latitude, longitude, carId) values (?, ?, ?, ?, ?)
2018-08-18 08:12:10.435 DEBUG 13626 --- [    Test worker] org.hibernate.SQL                        : insert into CarStatusTable (carAvailability, carType, latitude, longitude, carId) values (?, ?, ?, ?, ?)
2018-08-18 08:12:10.436 DEBUG 13626 --- [    Test worker] org.hibernate.SQL                        : insert into CarStatusTable (carAvailability, carType, latitude, longitude, carId) values (?, ?, ?, ?, ?)
2018-08-18 08:12:10.436 DEBUG 13626 --- [    Test worker] org.hibernate.SQL                        : insert into CarStatusTable (carAvailability, carType, latitude, longitude, carId) values (?, ?, ?, ?, ?)
2018-08-18 08:12:10.437 DEBUG 13626 --- [    Test worker] org.hibernate.SQL                        : insert into CarStatusTable (carAvailability, carType, latitude, longitude, carId) values (?, ?, ?, ?, ?)
2018-08-18 08:12:10.437 DEBUG 13626 --- [    Test worker] org.hibernate.SQL                        : insert into CarStatusTable (carAvailability, carType, latitude, longitude, carId) values (?, ?, ?, ?, ?)
2018-08-18 08:12:10.437 DEBUG 13626 --- [    Test worker] org.hibernate.SQL                        : insert into CarStatusTable (carAvailability, carType, latitude, longitude, carId) values (?, ?, ?, ?, ?)
2018-08-18 08:12:10.438 DEBUG 13626 --- [    Test worker] org.hibernate.SQL                        : insert into CarStatusTable (carAvailability, carType, latitude, longitude, carId) values (?, ?, ?, ?, ?)
2018-08-18 08:12:10.439 DEBUG 13626 --- [    Test worker] org.hibernate.SQL                        : insert into CarStatusTable (carAvailability, carType, latitude, longitude, carId) values (?, ?, ?, ?, ?)
2018-08-18 08:12:10.439 DEBUG 13626 --- [    Test worker] org.hibernate.SQL                        : insert into CarStatusTable (carAvailability, carType, latitude, longitude, carId) values (?, ?, ?, ?, ?)
2018-08-18 08:12:10.440 DEBUG 13626 --- [    Test worker] org.hibernate.SQL                        : insert into CarStatusTable (carAvailability, carType, latitude, longitude, carId) values (?, ?, ?, ?, ?)
2018-08-18 08:12:10.440 DEBUG 13626 --- [    Test worker] org.hibernate.SQL                        : insert into CarStatusTable (carAvailability, carType, latitude, longitude, carId) values (?, ?, ?, ?, ?)
2018-08-18 08:12:10.441 DEBUG 13626 --- [    Test worker] org.hibernate.SQL                        : insert into CarStatusTable (carAvailability, carType, latitude, longitude, carId) values (?, ?, ?, ?, ?)
2018-08-18 08:12:10.441 DEBUG 13626 --- [    Test worker] org.hibernate.SQL                        : insert into CarStatusTable (carAvailability, carType, latitude, longitude, carId) values (?, ?, ?, ?, ?)
2018-08-18 08:12:10.441 DEBUG 13626 --- [    Test worker] org.hibernate.SQL                        : insert into CarStatusTable (carAvailability, carType, latitude, longitude, carId) values (?, ?, ?, ?, ?)
2018-08-18 08:12:10.442 DEBUG 13626 --- [    Test worker] org.hibernate.SQL                        : insert into CarStatusTable (carAvailability, carType, latitude, longitude, carId) values (?, ?, ?, ?, ?)
2018-08-18 08:12:10.449 DEBUG 13626 --- [    Test worker] org.hibernate.SQL                        : insert into CarStatusTable (carAvailability, carType, latitude, longitude, carId) values (?, ?, ?, ?, ?)
2018-08-18 08:12:10.450 DEBUG 13626 --- [    Test worker] org.hibernate.SQL                        : insert into CarStatusTable (carAvailability, carType, latitude, longitude, carId) values (?, ?, ?, ?, ?)
2018-08-18 08:12:10.451 DEBUG 13626 --- [    Test worker] org.hibernate.SQL                        : insert into CarStatusTable (carAvailability, carType, latitude, longitude, carId) values (?, ?, ?, ?, ?)
2018-08-18 08:12:10.451 DEBUG 13626 --- [    Test worker] org.hibernate.SQL                        : insert into CarStatusTable (carAvailability, carType, latitude, longitude, carId) values (?, ?, ?, ?, ?)
2018-08-18 08:12:10.452 DEBUG 13626 --- [    Test worker] org.hibernate.SQL                        : insert into CarStatusTable (carAvailability, carType, latitude, longitude, carId) values (?, ?, ?, ?, ?)
2018-08-18 08:12:10.452 DEBUG 13626 --- [    Test worker] org.hibernate.SQL                        : insert into CarStatusTable (carAvailability, carType, latitude, longitude, carId) values (?, ?, ?, ?, ?)
2018-08-18 08:12:10.452 DEBUG 13626 --- [    Test worker] org.hibernate.SQL                        : insert into CarStatusTable (carAvailability, carType, latitude, longitude, carId) values (?, ?, ?, ?, ?)
2018-08-18 08:12:10.453 DEBUG 13626 --- [    Test worker] org.hibernate.SQL                        : insert into CarStatusTable (carAvailability, carType, latitude, longitude, carId) values (?, ?, ?, ?, ?)
2018-08-18 08:12:10.453 DEBUG 13626 --- [    Test worker] org.hibernate.SQL                        : insert into CarStatusTable (carAvailability, carType, latitude, longitude, carId) values (?, ?, ?, ?, ?)
2018-08-18 08:12:10.453 DEBUG 13626 --- [    Test worker] org.hibernate.SQL                        : insert into CarStatusTable (carAvailability, carType, latitude, longitude, carId) values (?, ?, ?, ?, ?)
2018-08-18 08:12:10.459 DEBUG 13626 --- [    Test worker] org.hibernate.SQL                        : insert into CarStatusTable (carAvailability, carType, latitude, longitude, carId) values (?, ?, ?, ?, ?)
2018-08-18 08:12:10.460 DEBUG 13626 --- [    Test worker] org.hibernate.SQL                        : insert into CarStatusTable (carAvailability, carType, latitude, longitude, carId) values (?, ?, ?, ?, ?)
2018-08-18 08:12:10.460 DEBUG 13626 --- [    Test worker] org.hibernate.SQL                        : insert into CarStatusTable (carAvailability, carType, latitude, longitude, carId) values (?, ?, ?, ?, ?)
2018-08-18 08:12:10.461 DEBUG 13626 --- [    Test worker] org.hibernate.SQL                        : insert into CarStatusTable (carAvailability, carType, latitude, longitude, carId) values (?, ?, ?, ?, ?)
2018-08-18 08:12:10.461 DEBUG 13626 --- [    Test worker] org.hibernate.SQL                        : insert into CarStatusTable (carAvailability, carType, latitude, longitude, carId) values (?, ?, ?, ?, ?)
2018-08-18 08:12:10.462 DEBUG 13626 --- [    Test worker] org.hibernate.SQL                        : insert into CarStatusTable (carAvailability, carType, latitude, longitude, carId) values (?, ?, ?, ?, ?)
2018-08-18 08:12:10.462 DEBUG 13626 --- [    Test worker] org.hibernate.SQL                        : insert into CarStatusTable (carAvailability, carType, latitude, longitude, carId) values (?, ?, ?, ?, ?)
2018-08-18 08:12:10.462 DEBUG 13626 --- [    Test worker] org.hibernate.SQL                        : insert into CarStatusTable (carAvailability, carType, latitude, longitude, carId) values (?, ?, ?, ?, ?)
2018-08-18 08:12:10.470 DEBUG 13626 --- [    Test worker] org.hibernate.SQL                        : insert into CarStatusTable (carAvailability, carType, latitude, longitude, carId) values (?, ?, ?, ?, ?)
2018-08-18 08:12:10.471 DEBUG 13626 --- [    Test worker] org.hibernate.SQL                        : insert into CarStatusTable (carAvailability, carType, latitude, longitude, carId) values (?, ?, ?, ?, ?)
2018-08-18 08:12:10.471 DEBUG 13626 --- [    Test worker] org.hibernate.SQL                        : insert into CarStatusTable (carAvailability, carType, latitude, longitude, carId) values (?, ?, ?, ?, ?)
2018-08-18 08:12:10.472 DEBUG 13626 --- [    Test worker] org.hibernate.SQL                        : insert into CarStatusTable (carAvailability, carType, latitude, longitude, carId) values (?, ?, ?, ?, ?)
2018-08-18 08:12:10.472 DEBUG 13626 --- [    Test worker] org.hibernate.SQL                        : insert into CarStatusTable (carAvailability, carType, latitude, longitude, carId) values (?, ?, ?, ?, ?)
2018-08-18 08:12:10.473 DEBUG 13626 --- [    Test worker] org.hibernate.SQL                        : insert into CarStatusTable (carAvailability, carType, latitude, longitude, carId) values (?, ?, ?, ?, ?)
2018-08-18 08:12:10.473 DEBUG 13626 --- [    Test worker] org.hibernate.SQL                        : insert into CarStatusTable (carAvailability, carType, latitude, longitude, carId) values (?, ?, ?, ?, ?)
2018-08-18 08:12:10.473 DEBUG 13626 --- [    Test worker] org.hibernate.SQL                        : insert into CarStatusTable (carAvailability, carType, latitude, longitude, carId) values (?, ?, ?, ?, ?)
2018-08-18 08:12:10.474 DEBUG 13626 --- [    Test worker] org.hibernate.SQL                        : insert into CarStatusTable (carAvailability, carType, latitude, longitude, carId) values (?, ?, ?, ?, ?)
2018-08-18 08:12:10.486 DEBUG 13626 --- [    Test worker] org.hibernate.SQL                        : insert into CarStatusTable (carAvailability, carType, latitude, longitude, carId) values (?, ?, ?, ?, ?)
2018-08-18 08:12:10.489 DEBUG 13626 --- [    Test worker] org.hibernate.SQL                        : insert into CarStatusTable (carAvailability, carType, latitude, longitude, carId) values (?, ?, ?, ?, ?)
2018-08-18 08:12:10.489 DEBUG 13626 --- [    Test worker] org.hibernate.SQL                        : insert into CarStatusTable (carAvailability, carType, latitude, longitude, carId) values (?, ?, ?, ?, ?)
2018-08-18 08:12:10.490 DEBUG 13626 --- [    Test worker] org.hibernate.SQL                        : insert into CarStatusTable (carAvailability, carType, latitude, longitude, carId) values (?, ?, ?, ?, ?)
2018-08-18 08:12:10.490 DEBUG 13626 --- [    Test worker] org.hibernate.SQL                        : insert into CarStatusTable (carAvailability, carType, latitude, longitude, carId) values (?, ?, ?, ?, ?)
2018-08-18 08:12:10.501 DEBUG 13626 --- [    Test worker] org.hibernate.SQL                        : insert into CarStatusTable (carAvailability, carType, latitude, longitude, carId) values (?, ?, ?, ?, ?)
2018-08-18 08:12:10.502 DEBUG 13626 --- [    Test worker] org.hibernate.SQL                        : insert into CarStatusTable (carAvailability, carType, latitude, longitude, carId) values (?, ?, ?, ?, ?)
2018-08-18 08:12:10.503 DEBUG 13626 --- [    Test worker] org.hibernate.SQL                        : insert into CarStatusTable (carAvailability, carType, latitude, longitude, carId) values (?, ?, ?, ?, ?)
2018-08-18 08:12:10.503 DEBUG 13626 --- [    Test worker] org.hibernate.SQL                        : insert into CarStatusTable (carAvailability, carType, latitude, longitude, carId) values (?, ?, ?, ?, ?)
2018-08-18 08:12:10.503 DEBUG 13626 --- [    Test worker] org.hibernate.SQL                        : insert into CarStatusTable (carAvailability, carType, latitude, longitude, carId) values (?, ?, ?, ?, ?)
2018-08-18 08:12:10.504 DEBUG 13626 --- [    Test worker] org.hibernate.SQL                        : insert into CarStatusTable (carAvailability, carType, latitude, longitude, carId) values (?, ?, ?, ?, ?)
2018-08-18 08:12:10.506 DEBUG 13626 --- [    Test worker] org.hibernate.SQL                        : insert into CarStatusTable (carAvailability, carType, latitude, longitude, carId) values (?, ?, ?, ?, ?)
2018-08-18 08:12:10.506 DEBUG 13626 --- [    Test worker] org.hibernate.SQL                        : insert into CarStatusTable (carAvailability, carType, latitude, longitude, carId) values (?, ?, ?, ?, ?)
2018-08-18 08:12:10.507 DEBUG 13626 --- [    Test worker] org.hibernate.SQL                        : insert into CarStatusTable (carAvailability, carType, latitude, longitude, carId) values (?, ?, ?, ?, ?)
2018-08-18 08:12:10.507 DEBUG 13626 --- [    Test worker] org.hibernate.SQL                        : insert into CarStatusTable (carAvailability, carType, latitude, longitude, carId) values (?, ?, ?, ?, ?)
2018-08-18 08:12:10.508 DEBUG 13626 --- [    Test worker] org.hibernate.SQL                        : insert into CarStatusTable (carAvailability, carType, latitude, longitude, carId) values (?, ?, ?, ?, ?)
2018-08-18 08:12:10.510 DEBUG 13626 --- [    Test worker] org.hibernate.SQL                        : insert into CarStatusTable (carAvailability, carType, latitude, longitude, carId) values (?, ?, ?, ?, ?)
2018-08-18 08:12:10.511 DEBUG 13626 --- [    Test worker] org.hibernate.SQL                        : insert into CarStatusTable (carAvailability, carType, latitude, longitude, carId) values (?, ?, ?, ?, ?)
2018-08-18 08:12:10.511 DEBUG 13626 --- [    Test worker] org.hibernate.SQL                        : insert into CarStatusTable (carAvailability, carType, latitude, longitude, carId) values (?, ?, ?, ?, ?)
2018-08-18 08:12:10.511 DEBUG 13626 --- [    Test worker] org.hibernate.SQL                        : insert into CarStatusTable (carAvailability, carType, latitude, longitude, carId) values (?, ?, ?, ?, ?)
2018-08-18 08:12:10.512 DEBUG 13626 --- [    Test worker] org.hibernate.SQL                        : insert into CarStatusTable (carAvailability, carType, latitude, longitude, carId) values (?, ?, ?, ?, ?)
2018-08-18 08:12:10.512 DEBUG 13626 --- [    Test worker] org.hibernate.SQL                        : insert into CarStatusTable (carAvailability, carType, latitude, longitude, carId) values (?, ?, ?, ?, ?)
2018-08-18 08:12:10.513 DEBUG 13626 --- [    Test worker] org.hibernate.SQL                        : insert into CarStatusTable (carAvailability, carType, latitude, longitude, carId) values (?, ?, ?, ?, ?)
2018-08-18 08:12:10.513 DEBUG 13626 --- [    Test worker] org.hibernate.SQL                        : insert into CarStatusTable (carAvailability, carType, latitude, longitude, carId) values (?, ?, ?, ?, ?)
2018-08-18 08:12:10.513 DEBUG 13626 --- [    Test worker] org.hibernate.SQL                        : insert into CarStatusTable (carAvailability, carType, latitude, longitude, carId) values (?, ?, ?, ?, ?)
2018-08-18 08:12:10.514 DEBUG 13626 --- [    Test worker] org.hibernate.SQL                        : insert into CarStatusTable (carAvailability, carType, latitude, longitude, carId) values (?, ?, ?, ?, ?)
2018-08-18 08:12:10.514 DEBUG 13626 --- [    Test worker] org.hibernate.SQL                        : insert into CarStatusTable (carAvailability, carType, latitude, longitude, carId) values (?, ?, ?, ?, ?)
2018-08-18 08:12:10.522 DEBUG 13626 --- [    Test worker] org.hibernate.SQL                        : insert into CarStatusTable (carAvailability, carType, latitude, longitude, carId) values (?, ?, ?, ?, ?)
2018-08-18 08:12:10.523 DEBUG 13626 --- [    Test worker] org.hibernate.SQL                        : insert into CarStatusTable (carAvailability, carType, latitude, longitude, carId) values (?, ?, ?, ?, ?)
2018-08-18 08:12:10.523 DEBUG 13626 --- [    Test worker] org.hibernate.SQL                        : insert into CarStatusTable (carAvailability, carType, latitude, longitude, carId) values (?, ?, ?, ?, ?)
2018-08-18 08:12:10.524 DEBUG 13626 --- [    Test worker] org.hibernate.SQL                        : insert into CarStatusTable (carAvailability, carType, latitude, longitude, carId) values (?, ?, ?, ?, ?)
2018-08-18 08:12:10.524 DEBUG 13626 --- [    Test worker] org.hibernate.SQL                        : insert into CarStatusTable (carAvailability, carType, latitude, longitude, carId) values (?, ?, ?, ?, ?)
2018-08-18 08:12:10.531 DEBUG 13626 --- [    Test worker] org.hibernate.SQL                        : insert into CarStatusTable (carAvailability, carType, latitude, longitude, carId) values (?, ?, ?, ?, ?)
2018-08-18 08:12:10.532 DEBUG 13626 --- [    Test worker] org.hibernate.SQL                        : insert into CarStatusTable (carAvailability, carType, latitude, longitude, carId) values (?, ?, ?, ?, ?)
2018-08-18 08:12:10.532 DEBUG 13626 --- [    Test worker] org.hibernate.SQL                        : insert into CarStatusTable (carAvailability, carType, latitude, longitude, carId) values (?, ?, ?, ?, ?)
2018-08-18 08:12:10.533 DEBUG 13626 --- [    Test worker] org.hibernate.SQL                        : insert into CarStatusTable (carAvailability, carType, latitude, longitude, carId) values (?, ?, ?, ?, ?)
2018-08-18 08:12:10.533 DEBUG 13626 --- [    Test worker] org.hibernate.SQL                        : insert into CarStatusTable (carAvailability, carType, latitude, longitude, carId) values (?, ?, ?, ?, ?)
2018-08-18 08:12:10.533 DEBUG 13626 --- [    Test worker] org.hibernate.SQL                        : insert into CarStatusTable (carAvailability, carType, latitude, longitude, carId) values (?, ?, ?, ?, ?)
2018-08-18 08:12:10.534 DEBUG 13626 --- [    Test worker] org.hibernate.SQL                        : insert into CarStatusTable (carAvailability, carType, latitude, longitude, carId) values (?, ?, ?, ?, ?)
2018-08-18 08:12:10.536 DEBUG 13626 --- [    Test worker] org.hibernate.SQL                        : insert into CarStatusTable (carAvailability, carType, latitude, longitude, carId) values (?, ?, ?, ?, ?)
2018-08-18 08:12:10.536 DEBUG 13626 --- [    Test worker] org.hibernate.SQL                        : insert into CarStatusTable (carAvailability, carType, latitude, longitude, carId) values (?, ?, ?, ?, ?)
2018-08-18 08:12:10.537 DEBUG 13626 --- [    Test worker] org.hibernate.SQL                        : insert into CarStatusTable (carAvailability, carType, latitude, longitude, carId) values (?, ?, ?, ?, ?)
2018-08-18 08:12:10.537 DEBUG 13626 --- [    Test worker] org.hibernate.SQL                        : insert into CarStatusTable (carAvailability, carType, latitude, longitude, carId) values (?, ?, ?, ?, ?)
2018-08-18 08:12:10.537 DEBUG 13626 --- [    Test worker] org.hibernate.SQL                        : insert into CarStatusTable (carAvailability, carType, latitude, longitude, carId) values (?, ?, ?, ?, ?)
2018-08-18 08:12:10.538 DEBUG 13626 --- [    Test worker] org.hibernate.SQL                        : insert into CarStatusTable (carAvailability, carType, latitude, longitude, carId) values (?, ?, ?, ?, ?)
2018-08-18 08:12:10.538 DEBUG 13626 --- [    Test worker] org.hibernate.SQL                        : insert into CarStatusTable (carAvailability, carType, latitude, longitude, carId) values (?, ?, ?, ?, ?)
2018-08-18 08:12:10.539 DEBUG 13626 --- [    Test worker] org.hibernate.SQL                        : insert into CarStatusTable (carAvailability, carType, latitude, longitude, carId) values (?, ?, ?, ?, ?)
2018-08-18 08:12:10.539 DEBUG 13626 --- [    Test worker] org.hibernate.SQL                        : insert into CarStatusTable (carAvailability, carType, latitude, longitude, carId) values (?, ?, ?, ?, ?)
2018-08-18 08:12:10.539 DEBUG 13626 --- [    Test worker] org.hibernate.SQL                        : insert into CarStatusTable (carAvailability, carType, latitude, longitude, carId) values (?, ?, ?, ?, ?)
2018-08-18 08:12:10.540 DEBUG 13626 --- [    Test worker] org.hibernate.SQL                        : insert into CarStatusTable (carAvailability, carType, latitude, longitude, carId) values (?, ?, ?, ?, ?)
2018-08-18 08:12:10.540 DEBUG 13626 --- [    Test worker] org.hibernate.SQL                        : insert into CarStatusTable (carAvailability, carType, latitude, longitude, carId) values (?, ?, ?, ?, ?)
2018-08-18 08:12:10.546 DEBUG 13626 --- [    Test worker] org.hibernate.SQL                        : insert into CarStatusTable (carAvailability, carType, latitude, longitude, carId) values (?, ?, ?, ?, ?)
2018-08-18 08:12:10.552 DEBUG 13626 --- [    Test worker] org.hibernate.SQL                        : insert into CarStatusTable (carAvailability, carType, latitude, longitude, carId) values (?, ?, ?, ?, ?)
2018-08-18 08:12:10.552 DEBUG 13626 --- [    Test worker] org.hibernate.SQL                        : insert into CarStatusTable (carAvailability, carType, latitude, longitude, carId) values (?, ?, ?, ?, ?)
2018-08-18 08:12:10.553 DEBUG 13626 --- [    Test worker] org.hibernate.SQL                        : insert into CarStatusTable (carAvailability, carType, latitude, longitude, carId) values (?, ?, ?, ?, ?)
2018-08-18 08:12:10.553 DEBUG 13626 --- [    Test worker] org.hibernate.SQL                        : insert into CarStatusTable (carAvailability, carType, latitude, longitude, carId) values (?, ?, ?, ?, ?)
2018-08-18 08:12:10.554 DEBUG 13626 --- [    Test worker] org.hibernate.SQL                        : insert into CarStatusTable (carAvailability, carType, latitude, longitude, carId) values (?, ?, ?, ?, ?)
2018-08-18 08:12:10.554 DEBUG 13626 --- [    Test worker] org.hibernate.SQL                        : insert into CarStatusTable (carAvailability, carType, latitude, longitude, carId) values (?, ?, ?, ?, ?)
2018-08-18 08:12:10.554 DEBUG 13626 --- [    Test worker] org.hibernate.SQL                        : insert into CarStatusTable (carAvailability, carType, latitude, longitude, carId) values (?, ?, ?, ?, ?)
2018-08-18 08:12:10.555 DEBUG 13626 --- [    Test worker] org.hibernate.SQL                        : insert into CarStatusTable (carAvailability, carType, latitude, longitude, carId) values (?, ?, ?, ?, ?)
2018-08-18 08:12:10.555 DEBUG 13626 --- [    Test worker] org.hibernate.SQL                        : insert into CarStatusTable (carAvailability, carType, latitude, longitude, carId) values (?, ?, ?, ?, ?)
2018-08-18 08:12:10.556 DEBUG 13626 --- [    Test worker] org.hibernate.SQL                        : insert into CarStatusTable (carAvailability, carType, latitude, longitude, carId) values (?, ?, ?, ?, ?)
2018-08-18 08:12:10.559 DEBUG 13626 --- [    Test worker] org.hibernate.SQL                        : insert into CarStatusTable (carAvailability, carType, latitude, longitude, carId) values (?, ?, ?, ?, ?)
2018-08-18 08:12:10.559 DEBUG 13626 --- [    Test worker] org.hibernate.SQL                        : insert into CarStatusTable (carAvailability, carType, latitude, longitude, carId) values (?, ?, ?, ?, ?)
2018-08-18 08:12:10.560 DEBUG 13626 --- [    Test worker] org.hibernate.SQL                        : insert into CarStatusTable (carAvailability, carType, latitude, longitude, carId) values (?, ?, ?, ?, ?)
2018-08-18 08:12:10.560 DEBUG 13626 --- [    Test worker] org.hibernate.SQL                        : insert into CarStatusTable (carAvailability, carType, latitude, longitude, carId) values (?, ?, ?, ?, ?)
2018-08-18 08:12:10.560 DEBUG 13626 --- [    Test worker] org.hibernate.SQL                        : insert into CarStatusTable (carAvailability, carType, latitude, longitude, carId) values (?, ?, ?, ?, ?)
2018-08-18 08:12:10.561 DEBUG 13626 --- [    Test worker] org.hibernate.SQL                        : insert into CarStatusTable (carAvailability, carType, latitude, longitude, carId) values (?, ?, ?, ?, ?)
2018-08-18 08:12:10.561 DEBUG 13626 --- [    Test worker] org.hibernate.SQL                        : insert into CarStatusTable (carAvailability, carType, latitude, longitude, carId) values (?, ?, ?, ?, ?)
2018-08-18 08:12:10.562 DEBUG 13626 --- [    Test worker] org.hibernate.SQL                        : insert into CarStatusTable (carAvailability, carType, latitude, longitude, carId) values (?, ?, ?, ?, ?)
2018-08-18 08:12:10.562 DEBUG 13626 --- [    Test worker] org.hibernate.SQL                        : insert into CarStatusTable (carAvailability, carType, latitude, longitude, carId) values (?, ?, ?, ?, ?)
2018-08-18 08:12:10.562 DEBUG 13626 --- [    Test worker] org.hibernate.SQL                        : insert into CarStatusTable (carAvailability, carType, latitude, longitude, carId) values (?, ?, ?, ?, ?)
2018-08-18 08:12:10.563 DEBUG 13626 --- [    Test worker] org.hibernate.SQL                        : insert into CarStatusTable (carAvailability, carType, latitude, longitude, carId) values (?, ?, ?, ?, ?)
2018-08-18 08:12:10.563 DEBUG 13626 --- [    Test worker] org.hibernate.SQL                        : insert into CarStatusTable (carAvailability, carType, latitude, longitude, carId) values (?, ?, ?, ?, ?)
2018-08-18 08:12:10.564 DEBUG 13626 --- [    Test worker] org.hibernate.SQL                        : insert into CarStatusTable (carAvailability, carType, latitude, longitude, carId) values (?, ?, ?, ?, ?)
2018-08-18 08:12:10.564 DEBUG 13626 --- [    Test worker] org.hibernate.SQL                        : insert into CarStatusTable (carAvailability, carType, latitude, longitude, carId) values (?, ?, ?, ?, ?)
2018-08-18 08:12:10.564 DEBUG 13626 --- [    Test worker] org.hibernate.SQL                        : insert into CarStatusTable (carAvailability, carType, latitude, longitude, carId) values (?, ?, ?, ?, ?)
2018-08-18 08:12:10.565 DEBUG 13626 --- [    Test worker] org.hibernate.SQL                        : insert into CarStatusTable (carAvailability, carType, latitude, longitude, carId) values (?, ?, ?, ?, ?)
2018-08-18 08:12:10.565 DEBUG 13626 --- [    Test worker] org.hibernate.SQL                        : insert into CarStatusTable (carAvailability, carType, latitude, longitude, carId) values (?, ?, ?, ?, ?)
2018-08-18 08:12:10.565 DEBUG 13626 --- [    Test worker] org.hibernate.SQL                        : insert into CarStatusTable (carAvailability, carType, latitude, longitude, carId) values (?, ?, ?, ?, ?)
2018-08-18 08:12:10.566 DEBUG 13626 --- [    Test worker] org.hibernate.SQL                        : insert into CarStatusTable (carAvailability, carType, latitude, longitude, carId) values (?, ?, ?, ?, ?)
2018-08-18 08:12:10.566 DEBUG 13626 --- [    Test worker] org.hibernate.SQL                        : insert into CarStatusTable (carAvailability, carType, latitude, longitude, carId) values (?, ?, ?, ?, ?)
2018-08-18 08:12:10.567 DEBUG 13626 --- [    Test worker] org.hibernate.SQL                        : insert into CarStatusTable (carAvailability, carType, latitude, longitude, carId) values (?, ?, ?, ?, ?)
2018-08-18 08:12:10.567 DEBUG 13626 --- [    Test worker] org.hibernate.SQL                        : insert into CarStatusTable (carAvailability, carType, latitude, longitude, carId) values (?, ?, ?, ?, ?)
2018-08-18 08:12:10.568 DEBUG 13626 --- [    Test worker] org.hibernate.SQL                        : insert into CarStatusTable (carAvailability, carType, latitude, longitude, carId) values (?, ?, ?, ?, ?)
2018-08-18 08:12:10.568 DEBUG 13626 --- [    Test worker] org.hibernate.SQL                        : insert into CarStatusTable (carAvailability, carType, latitude, longitude, carId) values (?, ?, ?, ?, ?)
2018-08-18 08:12:10.568 DEBUG 13626 --- [    Test worker] org.hibernate.SQL                        : insert into CarStatusTable (carAvailability, carType, latitude, longitude, carId) values (?, ?, ?, ?, ?)
2018-08-18 08:12:10.569 DEBUG 13626 --- [    Test worker] org.hibernate.SQL                        : insert into CarStatusTable (carAvailability, carType, latitude, longitude, carId) values (?, ?, ?, ?, ?)
2018-08-18 08:12:10.569 DEBUG 13626 --- [    Test worker] org.hibernate.SQL                        : insert into CarStatusTable (carAvailability, carType, latitude, longitude, carId) values (?, ?, ?, ?, ?)
2018-08-18 08:12:10.569 DEBUG 13626 --- [    Test worker] org.hibernate.SQL                        : insert into CarStatusTable (carAvailability, carType, latitude, longitude, carId) values (?, ?, ?, ?, ?)
2018-08-18 08:12:10.570 DEBUG 13626 --- [    Test worker] org.hibernate.SQL                        : insert into CarStatusTable (carAvailability, carType, latitude, longitude, carId) values (?, ?, ?, ?, ?)
2018-08-18 08:12:10.570 DEBUG 13626 --- [    Test worker] org.hibernate.SQL                        : insert into CarStatusTable (carAvailability, carType, latitude, longitude, carId) values (?, ?, ?, ?, ?)
2018-08-18 08:12:10.571 DEBUG 13626 --- [    Test worker] org.hibernate.SQL                        : insert into CarStatusTable (carAvailability, carType, latitude, longitude, carId) values (?, ?, ?, ?, ?)
2018-08-18 08:12:10.571 DEBUG 13626 --- [    Test worker] org.hibernate.SQL                        : insert into CarStatusTable (carAvailability, carType, latitude, longitude, carId) values (?, ?, ?, ?, ?)
2018-08-18 08:12:10.577 DEBUG 13626 --- [    Test worker] org.hibernate.SQL                        : insert into CarStatusTable (carAvailability, carType, latitude, longitude, carId) values (?, ?, ?, ?, ?)
2018-08-18 08:12:10.578 DEBUG 13626 --- [    Test worker] org.hibernate.SQL                        : insert into CarStatusTable (carAvailability, carType, latitude, longitude, carId) values (?, ?, ?, ?, ?)
2018-08-18 08:12:10.579 DEBUG 13626 --- [    Test worker] org.hibernate.SQL                        : insert into CarStatusTable (carAvailability, carType, latitude, longitude, carId) values (?, ?, ?, ?, ?)
2018-08-18 08:12:10.579 DEBUG 13626 --- [    Test worker] org.hibernate.SQL                        : insert into CarStatusTable (carAvailability, carType, latitude, longitude, carId) values (?, ?, ?, ?, ?)
2018-08-18 08:12:10.579 DEBUG 13626 --- [    Test worker] org.hibernate.SQL                        : insert into CarStatusTable (carAvailability, carType, latitude, longitude, carId) values (?, ?, ?, ?, ?)
2018-08-18 08:12:10.580 DEBUG 13626 --- [    Test worker] org.hibernate.SQL                        : insert into CarStatusTable (carAvailability, carType, latitude, longitude, carId) values (?, ?, ?, ?, ?)
2018-08-18 08:12:10.580 DEBUG 13626 --- [    Test worker] org.hibernate.SQL                        : insert into CarStatusTable (carAvailability, carType, latitude, longitude, carId) values (?, ?, ?, ?, ?)
2018-08-18 08:12:10.587 DEBUG 13626 --- [    Test worker] org.hibernate.SQL                        : insert into CarStatusTable (carAvailability, carType, latitude, longitude, carId) values (?, ?, ?, ?, ?)
2018-08-18 08:12:10.588 DEBUG 13626 --- [    Test worker] org.hibernate.SQL                        : insert into CarStatusTable (carAvailability, carType, latitude, longitude, carId) values (?, ?, ?, ?, ?)
2018-08-18 08:12:10.589 DEBUG 13626 --- [    Test worker] org.hibernate.SQL                        : insert into CarStatusTable (carAvailability, carType, latitude, longitude, carId) values (?, ?, ?, ?, ?)
2018-08-18 08:12:10.589 DEBUG 13626 --- [    Test worker] org.hibernate.SQL                        : insert into CarStatusTable (carAvailability, carType, latitude, longitude, carId) values (?, ?, ?, ?, ?)
2018-08-18 08:12:10.590 DEBUG 13626 --- [    Test worker] org.hibernate.SQL                        : insert into CarStatusTable (carAvailability, carType, latitude, longitude, carId) values (?, ?, ?, ?, ?)
2018-08-18 08:12:10.598 DEBUG 13626 --- [    Test worker] org.hibernate.SQL                        : insert into CarStatusTable (carAvailability, carType, latitude, longitude, carId) values (?, ?, ?, ?, ?)
2018-08-18 08:12:10.598 DEBUG 13626 --- [    Test worker] org.hibernate.SQL                        : insert into CarStatusTable (carAvailability, carType, latitude, longitude, carId) values (?, ?, ?, ?, ?)
2018-08-18 08:12:10.599 DEBUG 13626 --- [    Test worker] org.hibernate.SQL                        : insert into CarStatusTable (carAvailability, carType, latitude, longitude, carId) values (?, ?, ?, ?, ?)
2018-08-18 08:12:10.599 DEBUG 13626 --- [    Test worker] org.hibernate.SQL                        : insert into CarStatusTable (carAvailability, carType, latitude, longitude, carId) values (?, ?, ?, ?, ?)
2018-08-18 08:12:10.600 DEBUG 13626 --- [    Test worker] org.hibernate.SQL                        : insert into CarStatusTable (carAvailability, carType, latitude, longitude, carId) values (?, ?, ?, ?, ?)
2018-08-18 08:12:10.600 DEBUG 13626 --- [    Test worker] org.hibernate.SQL                        : insert into CarStatusTable (carAvailability, carType, latitude, longitude, carId) values (?, ?, ?, ?, ?)
2018-08-18 08:12:10.600 DEBUG 13626 --- [    Test worker] org.hibernate.SQL                        : insert into CarStatusTable (carAvailability, carType, latitude, longitude, carId) values (?, ?, ?, ?, ?)
2018-08-18 08:12:10.601 DEBUG 13626 --- [    Test worker] org.hibernate.SQL                        : insert into CarStatusTable (carAvailability, carType, latitude, longitude, carId) values (?, ?, ?, ?, ?)
2018-08-18 08:12:10.601 DEBUG 13626 --- [    Test worker] org.hibernate.SQL                        : insert into CarStatusTable (carAvailability, carType, latitude, longitude, carId) values (?, ?, ?, ?, ?)
2018-08-18 08:12:10.601 DEBUG 13626 --- [    Test worker] org.hibernate.SQL                        : insert into CarStatusTable (carAvailability, carType, latitude, longitude, carId) values (?, ?, ?, ?, ?)
2018-08-18 08:12:10.602 DEBUG 13626 --- [    Test worker] org.hibernate.SQL                        : insert into CarStatusTable (carAvailability, carType, latitude, longitude, carId) values (?, ?, ?, ?, ?)
2018-08-18 08:12:10.608 DEBUG 13626 --- [    Test worker] org.hibernate.SQL                        : insert into CarStatusTable (carAvailability, carType, latitude, longitude, carId) values (?, ?, ?, ?, ?)
2018-08-18 08:12:10.608 DEBUG 13626 --- [    Test worker] org.hibernate.SQL                        : insert into CarStatusTable (carAvailability, carType, latitude, longitude, carId) values (?, ?, ?, ?, ?)
2018-08-18 08:12:10.609 DEBUG 13626 --- [    Test worker] org.hibernate.SQL                        : insert into CarStatusTable (carAvailability, carType, latitude, longitude, carId) values (?, ?, ?, ?, ?)
2018-08-18 08:12:10.609 DEBUG 13626 --- [    Test worker] org.hibernate.SQL                        : insert into CarStatusTable (carAvailability, carType, latitude, longitude, carId) values (?, ?, ?, ?, ?)
2018-08-18 08:12:10.610 DEBUG 13626 --- [    Test worker] org.hibernate.SQL                        : insert into CarStatusTable (carAvailability, carType, latitude, longitude, carId) values (?, ?, ?, ?, ?)
2018-08-18 08:12:10.610 DEBUG 13626 --- [    Test worker] org.hibernate.SQL                        : insert into CarStatusTable (carAvailability, carType, latitude, longitude, carId) values (?, ?, ?, ?, ?)
2018-08-18 08:12:10.610 DEBUG 13626 --- [    Test worker] org.hibernate.SQL                        : insert into CarStatusTable (carAvailability, carType, latitude, longitude, carId) values (?, ?, ?, ?, ?)
2018-08-18 08:12:10.611 DEBUG 13626 --- [    Test worker] org.hibernate.SQL                        : insert into CarStatusTable (carAvailability, carType, latitude, longitude, carId) values (?, ?, ?, ?, ?)
2018-08-18 08:12:10.611 DEBUG 13626 --- [    Test worker] org.hibernate.SQL                        : insert into CarStatusTable (carAvailability, carType, latitude, longitude, carId) values (?, ?, ?, ?, ?)
2018-08-18 08:12:10.611 DEBUG 13626 --- [    Test worker] org.hibernate.SQL                        : insert into CarStatusTable (carAvailability, carType, latitude, longitude, carId) values (?, ?, ?, ?, ?)
2018-08-18 08:12:10.612 DEBUG 13626 --- [    Test worker] org.hibernate.SQL                        : insert into CarStatusTable (carAvailability, carType, latitude, longitude, carId) values (?, ?, ?, ?, ?)
2018-08-18 08:12:10.614 DEBUG 13626 --- [    Test worker] org.hibernate.SQL                        : insert into CarStatusTable (carAvailability, carType, latitude, longitude, carId) values (?, ?, ?, ?, ?)
2018-08-18 08:12:10.618 DEBUG 13626 --- [    Test worker] org.hibernate.SQL                        : insert into CarStatusTable (carAvailability, carType, latitude, longitude, carId) values (?, ?, ?, ?, ?)
2018-08-18 08:12:10.618 DEBUG 13626 --- [    Test worker] org.hibernate.SQL                        : insert into CarStatusTable (carAvailability, carType, latitude, longitude, carId) values (?, ?, ?, ?, ?)
2018-08-18 08:12:10.619 DEBUG 13626 --- [    Test worker] org.hibernate.SQL                        : insert into CarStatusTable (carAvailability, carType, latitude, longitude, carId) values (?, ?, ?, ?, ?)
2018-08-18 08:12:10.619 DEBUG 13626 --- [    Test worker] org.hibernate.SQL                        : insert into CarStatusTable (carAvailability, carType, latitude, longitude, carId) values (?, ?, ?, ?, ?)
2018-08-18 08:12:10.620 DEBUG 13626 --- [    Test worker] org.hibernate.SQL                        : insert into CarStatusTable (carAvailability, carType, latitude, longitude, carId) values (?, ?, ?, ?, ?)
2018-08-18 08:12:10.620 DEBUG 13626 --- [    Test worker] org.hibernate.SQL                        : insert into CarStatusTable (carAvailability, carType, latitude, longitude, carId) values (?, ?, ?, ?, ?)
2018-08-18 08:12:10.620 DEBUG 13626 --- [    Test worker] org.hibernate.SQL                        : insert into CarStatusTable (carAvailability, carType, latitude, longitude, carId) values (?, ?, ?, ?, ?)
2018-08-18 08:12:10.621 DEBUG 13626 --- [    Test worker] org.hibernate.SQL                        : insert into CarStatusTable (carAvailability, carType, latitude, longitude, carId) values (?, ?, ?, ?, ?)
2018-08-18 08:12:10.621 DEBUG 13626 --- [    Test worker] org.hibernate.SQL                        : insert into CarStatusTable (carAvailability, carType, latitude, longitude, carId) values (?, ?, ?, ?, ?)
2018-08-18 08:12:10.622 DEBUG 13626 --- [    Test worker] org.hibernate.SQL                        : insert into CarStatusTable (carAvailability, carType, latitude, longitude, carId) values (?, ?, ?, ?, ?)
2018-08-18 08:12:10.622 DEBUG 13626 --- [    Test worker] org.hibernate.SQL                        : insert into CarStatusTable (carAvailability, carType, latitude, longitude, carId) values (?, ?, ?, ?, ?)
2018-08-18 08:12:10.628 DEBUG 13626 --- [    Test worker] org.hibernate.SQL                        : insert into CarStatusTable (carAvailability, carType, latitude, longitude, carId) values (?, ?, ?, ?, ?)
2018-08-18 08:12:10.629 DEBUG 13626 --- [    Test worker] org.hibernate.SQL                        : insert into CarStatusTable (carAvailability, carType, latitude, longitude, carId) values (?, ?, ?, ?, ?)
2018-08-18 08:12:10.629 DEBUG 13626 --- [    Test worker] org.hibernate.SQL                        : insert into CarStatusTable (carAvailability, carType, latitude, longitude, carId) values (?, ?, ?, ?, ?)
2018-08-18 08:12:10.630 DEBUG 13626 --- [    Test worker] org.hibernate.SQL                        : insert into CarStatusTable (carAvailability, carType, latitude, longitude, carId) values (?, ?, ?, ?, ?)
2018-08-18 08:12:10.630 DEBUG 13626 --- [    Test worker] org.hibernate.SQL                        : insert into CarStatusTable (carAvailability, carType, latitude, longitude, carId) values (?, ?, ?, ?, ?)
2018-08-18 08:12:10.634 DEBUG 13626 --- [    Test worker] org.hibernate.SQL                        : insert into CarStatusTable (carAvailability, carType, latitude, longitude, carId) values (?, ?, ?, ?, ?)
2018-08-18 08:12:10.635 DEBUG 13626 --- [    Test worker] org.hibernate.SQL                        : insert into CarStatusTable (carAvailability, carType, latitude, longitude, carId) values (?, ?, ?, ?, ?)
2018-08-18 08:12:10.638 DEBUG 13626 --- [    Test worker] org.hibernate.SQL                        : insert into CarStatusTable (carAvailability, carType, latitude, longitude, carId) values (?, ?, ?, ?, ?)
2018-08-18 08:12:10.639 DEBUG 13626 --- [    Test worker] org.hibernate.SQL                        : insert into CarStatusTable (carAvailability, carType, latitude, longitude, carId) values (?, ?, ?, ?, ?)
2018-08-18 08:12:10.640 DEBUG 13626 --- [    Test worker] org.hibernate.SQL                        : insert into CarStatusTable (carAvailability, carType, latitude, longitude, carId) values (?, ?, ?, ?, ?)
2018-08-18 08:12:10.640 DEBUG 13626 --- [    Test worker] org.hibernate.SQL                        : insert into CarStatusTable (carAvailability, carType, latitude, longitude, carId) values (?, ?, ?, ?, ?)
2018-08-18 08:12:10.640 DEBUG 13626 --- [    Test worker] org.hibernate.SQL                        : insert into CarStatusTable (carAvailability, carType, latitude, longitude, carId) values (?, ?, ?, ?, ?)
2018-08-18 08:12:10.641 DEBUG 13626 --- [    Test worker] org.hibernate.SQL                        : insert into CarStatusTable (carAvailability, carType, latitude, longitude, carId) values (?, ?, ?, ?, ?)
2018-08-18 08:12:10.641 DEBUG 13626 --- [    Test worker] org.hibernate.SQL                        : insert into CarStatusTable (carAvailability, carType, latitude, longitude, carId) values (?, ?, ?, ?, ?)
2018-08-18 08:12:10.641 DEBUG 13626 --- [    Test worker] org.hibernate.SQL                        : insert into CarStatusTable (carAvailability, carType, latitude, longitude, carId) values (?, ?, ?, ?, ?)
2018-08-18 08:12:10.642 DEBUG 13626 --- [    Test worker] org.hibernate.SQL                        : insert into CarStatusTable (carAvailability, carType, latitude, longitude, carId) values (?, ?, ?, ?, ?)
2018-08-18 08:12:10.648 DEBUG 13626 --- [    Test worker] org.hibernate.SQL                        : insert into CarStatusTable (carAvailability, carType, latitude, longitude, carId) values (?, ?, ?, ?, ?)
2018-08-18 08:12:10.649 DEBUG 13626 --- [    Test worker] org.hibernate.SQL                        : insert into CarStatusTable (carAvailability, carType, latitude, longitude, carId) values (?, ?, ?, ?, ?)
2018-08-18 08:12:10.649 DEBUG 13626 --- [    Test worker] org.hibernate.SQL                        : insert into CarStatusTable (carAvailability, carType, latitude, longitude, carId) values (?, ?, ?, ?, ?)
2018-08-18 08:12:10.650 DEBUG 13626 --- [    Test worker] org.hibernate.SQL                        : insert into CarStatusTable (carAvailability, carType, latitude, longitude, carId) values (?, ?, ?, ?, ?)
2018-08-18 08:12:10.650 DEBUG 13626 --- [    Test worker] org.hibernate.SQL                        : insert into CarStatusTable (carAvailability, carType, latitude, longitude, carId) values (?, ?, ?, ?, ?)
2018-08-18 08:12:10.650 DEBUG 13626 --- [    Test worker] org.hibernate.SQL                        : insert into CarStatusTable (carAvailability, carType, latitude, longitude, carId) values (?, ?, ?, ?, ?)
2018-08-18 08:12:10.651 DEBUG 13626 --- [    Test worker] org.hibernate.SQL                        : insert into CarStatusTable (carAvailability, carType, latitude, longitude, carId) values (?, ?, ?, ?, ?)
2018-08-18 08:12:10.651 DEBUG 13626 --- [    Test worker] org.hibernate.SQL                        : insert into CarStatusTable (carAvailability, carType, latitude, longitude, carId) values (?, ?, ?, ?, ?)
2018-08-18 08:12:10.652 DEBUG 13626 --- [    Test worker] org.hibernate.SQL                        : insert into CarStatusTable (carAvailability, carType, latitude, longitude, carId) values (?, ?, ?, ?, ?)
2018-08-18 08:12:10.652 DEBUG 13626 --- [    Test worker] org.hibernate.SQL                        : insert into CarStatusTable (carAvailability, carType, latitude, longitude, carId) values (?, ?, ?, ?, ?)
2018-08-18 08:12:10.652 DEBUG 13626 --- [    Test worker] org.hibernate.SQL                        : insert into CarStatusTable (carAvailability, carType, latitude, longitude, carId) values (?, ?, ?, ?, ?)
2018-08-18 08:12:10.653 DEBUG 13626 --- [    Test worker] org.hibernate.SQL                        : insert into CarStatusTable (carAvailability, carType, latitude, longitude, carId) values (?, ?, ?, ?, ?)
2018-08-18 08:12:10.653 DEBUG 13626 --- [    Test worker] org.hibernate.SQL                        : insert into CarStatusTable (carAvailability, carType, latitude, longitude, carId) values (?, ?, ?, ?, ?)
2018-08-18 08:12:10.659 DEBUG 13626 --- [    Test worker] org.hibernate.SQL                        : insert into CarStatusTable (carAvailability, carType, latitude, longitude, carId) values (?, ?, ?, ?, ?)
2018-08-18 08:12:10.660 DEBUG 13626 --- [    Test worker] org.hibernate.SQL                        : insert into CarStatusTable (carAvailability, carType, latitude, longitude, carId) values (?, ?, ?, ?, ?)
2018-08-18 08:12:10.660 DEBUG 13626 --- [    Test worker] org.hibernate.SQL                        : insert into CarStatusTable (carAvailability, carType, latitude, longitude, carId) values (?, ?, ?, ?, ?)
2018-08-18 08:12:10.661 DEBUG 13626 --- [    Test worker] org.hibernate.SQL                        : insert into CarStatusTable (carAvailability, carType, latitude, longitude, carId) values (?, ?, ?, ?, ?)
2018-08-18 08:12:10.661 DEBUG 13626 --- [    Test worker] org.hibernate.SQL                        : insert into CarStatusTable (carAvailability, carType, latitude, longitude, carId) values (?, ?, ?, ?, ?)
2018-08-18 08:12:10.661 DEBUG 13626 --- [    Test worker] org.hibernate.SQL                        : insert into CarStatusTable (carAvailability, carType, latitude, longitude, carId) values (?, ?, ?, ?, ?)
2018-08-18 08:12:10.662 DEBUG 13626 --- [    Test worker] org.hibernate.SQL                        : insert into CarStatusTable (carAvailability, carType, latitude, longitude, carId) values (?, ?, ?, ?, ?)
2018-08-18 08:12:10.662 DEBUG 13626 --- [    Test worker] org.hibernate.SQL                        : insert into CarStatusTable (carAvailability, carType, latitude, longitude, carId) values (?, ?, ?, ?, ?)
2018-08-18 08:12:10.667 DEBUG 13626 --- [    Test worker] org.hibernate.SQL                        : insert into CarStatusTable (carAvailability, carType, latitude, longitude, carId) values (?, ?, ?, ?, ?)
2018-08-18 08:12:10.668 DEBUG 13626 --- [    Test worker] org.hibernate.SQL                        : insert into CarStatusTable (carAvailability, carType, latitude, longitude, carId) values (?, ?, ?, ?, ?)
2018-08-18 08:12:10.673 DEBUG 13626 --- [    Test worker] org.hibernate.SQL                        : insert into CarStatusTable (carAvailability, carType, latitude, longitude, carId) values (?, ?, ?, ?, ?)
2018-08-18 08:12:10.683 DEBUG 13626 --- [    Test worker] org.hibernate.SQL                        : insert into CarStatusTable (carAvailability, carType, latitude, longitude, carId) values (?, ?, ?, ?, ?)
2018-08-18 08:12:10.683 DEBUG 13626 --- [    Test worker] org.hibernate.SQL                        : insert into CarStatusTable (carAvailability, carType, latitude, longitude, carId) values (?, ?, ?, ?, ?)
2018-08-18 08:12:10.685 DEBUG 13626 --- [    Test worker] org.hibernate.SQL                        : insert into CarStatusTable (carAvailability, carType, latitude, longitude, carId) values (?, ?, ?, ?, ?)
2018-08-18 08:12:10.685 DEBUG 13626 --- [    Test worker] org.hibernate.SQL                        : insert into CarStatusTable (carAvailability, carType, latitude, longitude, carId) values (?, ?, ?, ?, ?)
2018-08-18 08:12:10.685 DEBUG 13626 --- [    Test worker] org.hibernate.SQL                        : insert into CarStatusTable (carAvailability, carType, latitude, longitude, carId) values (?, ?, ?, ?, ?)
2018-08-18 08:12:10.686 DEBUG 13626 --- [    Test worker] org.hibernate.SQL                        : insert into CarStatusTable (carAvailability, carType, latitude, longitude, carId) values (?, ?, ?, ?, ?)
2018-08-18 08:12:10.686 DEBUG 13626 --- [    Test worker] org.hibernate.SQL                        : insert into CarStatusTable (carAvailability, carType, latitude, longitude, carId) values (?, ?, ?, ?, ?)
2018-08-18 08:12:10.687 DEBUG 13626 --- [    Test worker] org.hibernate.SQL                        : insert into CarStatusTable (carAvailability, carType, latitude, longitude, carId) values (?, ?, ?, ?, ?)
2018-08-18 08:12:10.687 DEBUG 13626 --- [    Test worker] org.hibernate.SQL                        : insert into CarStatusTable (carAvailability, carType, latitude, longitude, carId) values (?, ?, ?, ?, ?)
2018-08-18 08:12:10.688 DEBUG 13626 --- [    Test worker] org.hibernate.SQL                        : insert into CarStatusTable (carAvailability, carType, latitude, longitude, carId) values (?, ?, ?, ?, ?)
2018-08-18 08:12:10.688 DEBUG 13626 --- [    Test worker] org.hibernate.SQL                        : insert into CarStatusTable (carAvailability, carType, latitude, longitude, carId) values (?, ?, ?, ?, ?)
2018-08-18 08:12:10.689 DEBUG 13626 --- [    Test worker] org.hibernate.SQL                        : insert into CarStatusTable (carAvailability, carType, latitude, longitude, carId) values (?, ?, ?, ?, ?)
2018-08-18 08:12:10.689 DEBUG 13626 --- [    Test worker] org.hibernate.SQL                        : insert into CarStatusTable (carAvailability, carType, latitude, longitude, carId) values (?, ?, ?, ?, ?)
2018-08-18 08:12:10.689 DEBUG 13626 --- [    Test worker] org.hibernate.SQL                        : insert into CarStatusTable (carAvailability, carType, latitude, longitude, carId) values (?, ?, ?, ?, ?)
2018-08-18 08:12:10.690 DEBUG 13626 --- [    Test worker] org.hibernate.SQL                        : insert into CarStatusTable (carAvailability, carType, latitude, longitude, carId) values (?, ?, ?, ?, ?)
2018-08-18 08:12:10.690 DEBUG 13626 --- [    Test worker] org.hibernate.SQL                        : insert into CarStatusTable (carAvailability, carType, latitude, longitude, carId) values (?, ?, ?, ?, ?)
2018-08-18 08:12:10.691 DEBUG 13626 --- [    Test worker] org.hibernate.SQL                        : insert into CarStatusTable (carAvailability, carType, latitude, longitude, carId) values (?, ?, ?, ?, ?)
2018-08-18 08:12:10.692 DEBUG 13626 --- [    Test worker] org.hibernate.SQL                        : insert into CarStatusTable (carAvailability, carType, latitude, longitude, carId) values (?, ?, ?, ?, ?)
2018-08-18 08:12:10.692 DEBUG 13626 --- [    Test worker] org.hibernate.SQL                        : insert into CarStatusTable (carAvailability, carType, latitude, longitude, carId) values (?, ?, ?, ?, ?)
2018-08-18 08:12:10.692 DEBUG 13626 --- [    Test worker] org.hibernate.SQL                        : insert into CarStatusTable (carAvailability, carType, latitude, longitude, carId) values (?, ?, ?, ?, ?)
2018-08-18 08:12:10.693 DEBUG 13626 --- [    Test worker] org.hibernate.SQL                        : insert into CarStatusTable (carAvailability, carType, latitude, longitude, carId) values (?, ?, ?, ?, ?)
2018-08-18 08:12:10.693 DEBUG 13626 --- [    Test worker] org.hibernate.SQL                        : insert into CarStatusTable (carAvailability, carType, latitude, longitude, carId) values (?, ?, ?, ?, ?)
2018-08-18 08:12:10.694 DEBUG 13626 --- [    Test worker] org.hibernate.SQL                        : insert into CarStatusTable (carAvailability, carType, latitude, longitude, carId) values (?, ?, ?, ?, ?)
2018-08-18 08:12:10.694 DEBUG 13626 --- [    Test worker] org.hibernate.SQL                        : insert into CarStatusTable (carAvailability, carType, latitude, longitude, carId) values (?, ?, ?, ?, ?)
2018-08-18 08:12:10.695 DEBUG 13626 --- [    Test worker] org.hibernate.SQL                        : insert into CarStatusTable (carAvailability, carType, latitude, longitude, carId) values (?, ?, ?, ?, ?)
2018-08-18 08:12:10.695 DEBUG 13626 --- [    Test worker] org.hibernate.SQL                        : insert into CarStatusTable (carAvailability, carType, latitude, longitude, carId) values (?, ?, ?, ?, ?)
2018-08-18 08:12:10.695 DEBUG 13626 --- [    Test worker] org.hibernate.SQL                        : insert into CarStatusTable (carAvailability, carType, latitude, longitude, carId) values (?, ?, ?, ?, ?)
2018-08-18 08:12:10.696 DEBUG 13626 --- [    Test worker] org.hibernate.SQL                        : insert into CarStatusTable (carAvailability, carType, latitude, longitude, carId) values (?, ?, ?, ?, ?)
2018-08-18 08:12:10.696 DEBUG 13626 --- [    Test worker] org.hibernate.SQL                        : insert into CarStatusTable (carAvailability, carType, latitude, longitude, carId) values (?, ?, ?, ?, ?)
2018-08-18 08:12:10.697 DEBUG 13626 --- [    Test worker] org.hibernate.SQL                        : insert into CarStatusTable (carAvailability, carType, latitude, longitude, carId) values (?, ?, ?, ?, ?)
2018-08-18 08:12:10.697 DEBUG 13626 --- [    Test worker] org.hibernate.SQL                        : insert into CarStatusTable (carAvailability, carType, latitude, longitude, carId) values (?, ?, ?, ?, ?)
2018-08-18 08:12:10.698 DEBUG 13626 --- [    Test worker] org.hibernate.SQL                        : insert into CarStatusTable (carAvailability, carType, latitude, longitude, carId) values (?, ?, ?, ?, ?)
2018-08-18 08:12:10.698 DEBUG 13626 --- [    Test worker] org.hibernate.SQL                        : insert into CarStatusTable (carAvailability, carType, latitude, longitude, carId) values (?, ?, ?, ?, ?)
2018-08-18 08:12:10.699 DEBUG 13626 --- [    Test worker] org.hibernate.SQL                        : insert into CarStatusTable (carAvailability, carType, latitude, longitude, carId) values (?, ?, ?, ?, ?)
2018-08-18 08:12:10.699 DEBUG 13626 --- [    Test worker] org.hibernate.SQL                        : insert into CarStatusTable (carAvailability, carType, latitude, longitude, carId) values (?, ?, ?, ?, ?)
2018-08-18 08:12:10.699 DEBUG 13626 --- [    Test worker] org.hibernate.SQL                        : insert into CarStatusTable (carAvailability, carType, latitude, longitude, carId) values (?, ?, ?, ?, ?)
2018-08-18 08:12:10.700 DEBUG 13626 --- [    Test worker] org.hibernate.SQL                        : insert into CarStatusTable (carAvailability, carType, latitude, longitude, carId) values (?, ?, ?, ?, ?)
2018-08-18 08:12:10.700 DEBUG 13626 --- [    Test worker] org.hibernate.SQL                        : insert into CarStatusTable (carAvailability, carType, latitude, longitude, carId) values (?, ?, ?, ?, ?)
2018-08-18 08:12:10.701 DEBUG 13626 --- [    Test worker] org.hibernate.SQL                        : insert into CarStatusTable (carAvailability, carType, latitude, longitude, carId) values (?, ?, ?, ?, ?)
2018-08-18 08:12:10.701 DEBUG 13626 --- [    Test worker] org.hibernate.SQL                        : insert into CarStatusTable (carAvailability, carType, latitude, longitude, carId) values (?, ?, ?, ?, ?)
2018-08-18 08:12:10.702 DEBUG 13626 --- [    Test worker] org.hibernate.SQL                        : insert into CarStatusTable (carAvailability, carType, latitude, longitude, carId) values (?, ?, ?, ?, ?)
2018-08-18 08:12:10.702 DEBUG 13626 --- [    Test worker] org.hibernate.SQL                        : insert into CarStatusTable (carAvailability, carType, latitude, longitude, carId) values (?, ?, ?, ?, ?)
2018-08-18 08:12:10.703 DEBUG 13626 --- [    Test worker] org.hibernate.SQL                        : insert into CarStatusTable (carAvailability, carType, latitude, longitude, carId) values (?, ?, ?, ?, ?)
2018-08-18 08:12:10.703 DEBUG 13626 --- [    Test worker] org.hibernate.SQL                        : insert into CarStatusTable (carAvailability, carType, latitude, longitude, carId) values (?, ?, ?, ?, ?)
2018-08-18 08:12:10.704 DEBUG 13626 --- [    Test worker] org.hibernate.SQL                        : insert into CarStatusTable (carAvailability, carType, latitude, longitude, carId) values (?, ?, ?, ?, ?)
2018-08-18 08:12:10.704 DEBUG 13626 --- [    Test worker] org.hibernate.SQL                        : insert into CarStatusTable (carAvailability, carType, latitude, longitude, carId) values (?, ?, ?, ?, ?)
2018-08-18 08:12:10.704 DEBUG 13626 --- [    Test worker] org.hibernate.SQL                        : insert into CarStatusTable (carAvailability, carType, latitude, longitude, carId) values (?, ?, ?, ?, ?)
2018-08-18 08:12:10.705 DEBUG 13626 --- [    Test worker] org.hibernate.SQL                        : insert into CarStatusTable (carAvailability, carType, latitude, longitude, carId) values (?, ?, ?, ?, ?)
2018-08-18 08:12:10.705 DEBUG 13626 --- [    Test worker] org.hibernate.SQL                        : insert into CarStatusTable (carAvailability, carType, latitude, longitude, carId) values (?, ?, ?, ?, ?)
2018-08-18 08:12:10.706 DEBUG 13626 --- [    Test worker] org.hibernate.SQL                        : insert into CarStatusTable (carAvailability, carType, latitude, longitude, carId) values (?, ?, ?, ?, ?)
2018-08-18 08:12:10.706 DEBUG 13626 --- [    Test worker] org.hibernate.SQL                        : insert into CarStatusTable (carAvailability, carType, latitude, longitude, carId) values (?, ?, ?, ?, ?)
2018-08-18 08:12:10.707 DEBUG 13626 --- [    Test worker] org.hibernate.SQL                        : insert into CarStatusTable (carAvailability, carType, latitude, longitude, carId) values (?, ?, ?, ?, ?)
2018-08-18 08:12:10.707 DEBUG 13626 --- [    Test worker] org.hibernate.SQL                        : insert into CarStatusTable (carAvailability, carType, latitude, longitude, carId) values (?, ?, ?, ?, ?)
2018-08-18 08:12:10.708 DEBUG 13626 --- [    Test worker] org.hibernate.SQL                        : insert into CarStatusTable (carAvailability, carType, latitude, longitude, carId) values (?, ?, ?, ?, ?)
2018-08-18 08:12:10.708 DEBUG 13626 --- [    Test worker] org.hibernate.SQL                        : insert into CarStatusTable (carAvailability, carType, latitude, longitude, carId) values (?, ?, ?, ?, ?)
2018-08-18 08:12:10.709 DEBUG 13626 --- [    Test worker] org.hibernate.SQL                        : insert into CarStatusTable (carAvailability, carType, latitude, longitude, carId) values (?, ?, ?, ?, ?)
2018-08-18 08:12:10.709 DEBUG 13626 --- [    Test worker] org.hibernate.SQL                        : insert into CarStatusTable (carAvailability, carType, latitude, longitude, carId) values (?, ?, ?, ?, ?)
2018-08-18 08:12:10.710 DEBUG 13626 --- [    Test worker] org.hibernate.SQL                        : insert into CarStatusTable (carAvailability, carType, latitude, longitude, carId) values (?, ?, ?, ?, ?)
2018-08-18 08:12:10.723 DEBUG 13626 --- [    Test worker] org.hibernate.SQL                        : insert into CarStatusTable (carAvailability, carType, latitude, longitude, carId) values (?, ?, ?, ?, ?)
2018-08-18 08:12:10.724 DEBUG 13626 --- [    Test worker] org.hibernate.SQL                        : insert into CarStatusTable (carAvailability, carType, latitude, longitude, carId) values (?, ?, ?, ?, ?)
2018-08-18 08:12:10.724 DEBUG 13626 --- [    Test worker] org.hibernate.SQL                        : insert into CarStatusTable (carAvailability, carType, latitude, longitude, carId) values (?, ?, ?, ?, ?)
2018-08-18 08:12:10.725 DEBUG 13626 --- [    Test worker] org.hibernate.SQL                        : insert into CarStatusTable (carAvailability, carType, latitude, longitude, carId) values (?, ?, ?, ?, ?)
2018-08-18 08:12:10.725 DEBUG 13626 --- [    Test worker] org.hibernate.SQL                        : insert into CarStatusTable (carAvailability, carType, latitude, longitude, carId) values (?, ?, ?, ?, ?)
2018-08-18 08:12:10.726 DEBUG 13626 --- [    Test worker] org.hibernate.SQL                        : insert into CarStatusTable (carAvailability, carType, latitude, longitude, carId) values (?, ?, ?, ?, ?)
2018-08-18 08:12:10.726 DEBUG 13626 --- [    Test worker] org.hibernate.SQL                        : insert into CarStatusTable (carAvailability, carType, latitude, longitude, carId) values (?, ?, ?, ?, ?)
2018-08-18 08:12:10.727 DEBUG 13626 --- [    Test worker] org.hibernate.SQL                        : insert into CarStatusTable (carAvailability, carType, latitude, longitude, carId) values (?, ?, ?, ?, ?)
2018-08-18 08:12:10.727 DEBUG 13626 --- [    Test worker] org.hibernate.SQL                        : insert into CarStatusTable (carAvailability, carType, latitude, longitude, carId) values (?, ?, ?, ?, ?)
2018-08-18 08:12:10.727 DEBUG 13626 --- [    Test worker] org.hibernate.SQL                        : insert into CarStatusTable (carAvailability, carType, latitude, longitude, carId) values (?, ?, ?, ?, ?)
2018-08-18 08:12:10.728 DEBUG 13626 --- [    Test worker] org.hibernate.SQL                        : insert into CarStatusTable (carAvailability, carType, latitude, longitude, carId) values (?, ?, ?, ?, ?)
2018-08-18 08:12:10.728 DEBUG 13626 --- [    Test worker] org.hibernate.SQL                        : insert into CarStatusTable (carAvailability, carType, latitude, longitude, carId) values (?, ?, ?, ?, ?)
2018-08-18 08:12:10.729 DEBUG 13626 --- [    Test worker] org.hibernate.SQL                        : insert into CarStatusTable (carAvailability, carType, latitude, longitude, carId) values (?, ?, ?, ?, ?)
2018-08-18 08:12:10.729 DEBUG 13626 --- [    Test worker] org.hibernate.SQL                        : insert into CarStatusTable (carAvailability, carType, latitude, longitude, carId) values (?, ?, ?, ?, ?)
2018-08-18 08:12:10.729 DEBUG 13626 --- [    Test worker] org.hibernate.SQL                        : insert into CarStatusTable (carAvailability, carType, latitude, longitude, carId) values (?, ?, ?, ?, ?)
2018-08-18 08:12:10.730 DEBUG 13626 --- [    Test worker] org.hibernate.SQL                        : insert into CarStatusTable (carAvailability, carType, latitude, longitude, carId) values (?, ?, ?, ?, ?)
2018-08-18 08:12:10.730 DEBUG 13626 --- [    Test worker] org.hibernate.SQL                        : insert into CarStatusTable (carAvailability, carType, latitude, longitude, carId) values (?, ?, ?, ?, ?)
2018-08-18 08:12:10.730 DEBUG 13626 --- [    Test worker] org.hibernate.SQL                        : insert into CarStatusTable (carAvailability, carType, latitude, longitude, carId) values (?, ?, ?, ?, ?)
2018-08-18 08:12:10.732 DEBUG 13626 --- [    Test worker] org.hibernate.SQL                        : insert into CarStatusTable (carAvailability, carType, latitude, longitude, carId) values (?, ?, ?, ?, ?)
2018-08-18 08:12:10.733 DEBUG 13626 --- [    Test worker] org.hibernate.SQL                        : insert into CarStatusTable (carAvailability, carType, latitude, longitude, carId) values (?, ?, ?, ?, ?)
2018-08-18 08:12:10.733 DEBUG 13626 --- [    Test worker] org.hibernate.SQL                        : insert into CarStatusTable (carAvailability, carType, latitude, longitude, carId) values (?, ?, ?, ?, ?)
2018-08-18 08:12:10.733 DEBUG 13626 --- [    Test worker] org.hibernate.SQL                        : insert into CarStatusTable (carAvailability, carType, latitude, longitude, carId) values (?, ?, ?, ?, ?)
2018-08-18 08:12:10.734 DEBUG 13626 --- [    Test worker] org.hibernate.SQL                        : insert into CarStatusTable (carAvailability, carType, latitude, longitude, carId) values (?, ?, ?, ?, ?)
2018-08-18 08:12:10.734 DEBUG 13626 --- [    Test worker] org.hibernate.SQL                        : insert into CarStatusTable (carAvailability, carType, latitude, longitude, carId) values (?, ?, ?, ?, ?)
2018-08-18 08:12:10.735 DEBUG 13626 --- [    Test worker] org.hibernate.SQL                        : insert into CarStatusTable (carAvailability, carType, latitude, longitude, carId) values (?, ?, ?, ?, ?)
2018-08-18 08:12:10.735 DEBUG 13626 --- [    Test worker] org.hibernate.SQL                        : insert into CarStatusTable (carAvailability, carType, latitude, longitude, carId) values (?, ?, ?, ?, ?)
2018-08-18 08:12:10.736 DEBUG 13626 --- [    Test worker] org.hibernate.SQL                        : insert into CarStatusTable (carAvailability, carType, latitude, longitude, carId) values (?, ?, ?, ?, ?)
2018-08-18 08:12:10.736 DEBUG 13626 --- [    Test worker] org.hibernate.SQL                        : insert into CarStatusTable (carAvailability, carType, latitude, longitude, carId) values (?, ?, ?, ?, ?)
2018-08-18 08:12:10.737 DEBUG 13626 --- [    Test worker] org.hibernate.SQL                        : insert into CarStatusTable (carAvailability, carType, latitude, longitude, carId) values (?, ?, ?, ?, ?)
2018-08-18 08:12:10.737 DEBUG 13626 --- [    Test worker] org.hibernate.SQL                        : insert into CarStatusTable (carAvailability, carType, latitude, longitude, carId) values (?, ?, ?, ?, ?)
2018-08-18 08:12:10.738 DEBUG 13626 --- [    Test worker] org.hibernate.SQL                        : insert into CarStatusTable (carAvailability, carType, latitude, longitude, carId) values (?, ?, ?, ?, ?)
2018-08-18 08:12:10.738 DEBUG 13626 --- [    Test worker] org.hibernate.SQL                        : insert into CarStatusTable (carAvailability, carType, latitude, longitude, carId) values (?, ?, ?, ?, ?)
2018-08-18 08:12:10.738 DEBUG 13626 --- [    Test worker] org.hibernate.SQL                        : insert into CarStatusTable (carAvailability, carType, latitude, longitude, carId) values (?, ?, ?, ?, ?)
2018-08-18 08:12:10.739 DEBUG 13626 --- [    Test worker] org.hibernate.SQL                        : insert into CarStatusTable (carAvailability, carType, latitude, longitude, carId) values (?, ?, ?, ?, ?)
2018-08-18 08:12:10.739 DEBUG 13626 --- [    Test worker] org.hibernate.SQL                        : insert into CarStatusTable (carAvailability, carType, latitude, longitude, carId) values (?, ?, ?, ?, ?)
2018-08-18 08:12:10.740 DEBUG 13626 --- [    Test worker] org.hibernate.SQL                        : insert into CarStatusTable (carAvailability, carType, latitude, longitude, carId) values (?, ?, ?, ?, ?)
2018-08-18 08:12:10.740 DEBUG 13626 --- [    Test worker] org.hibernate.SQL                        : insert into CarStatusTable (carAvailability, carType, latitude, longitude, carId) values (?, ?, ?, ?, ?)
2018-08-18 08:12:10.741 DEBUG 13626 --- [    Test worker] org.hibernate.SQL                        : insert into CarStatusTable (carAvailability, carType, latitude, longitude, carId) values (?, ?, ?, ?, ?)
2018-08-18 08:12:10.741 DEBUG 13626 --- [    Test worker] org.hibernate.SQL                        : insert into CarStatusTable (carAvailability, carType, latitude, longitude, carId) values (?, ?, ?, ?, ?)
2018-08-18 08:12:10.742 DEBUG 13626 --- [    Test worker] org.hibernate.SQL                        : insert into CarStatusTable (carAvailability, carType, latitude, longitude, carId) values (?, ?, ?, ?, ?)
2018-08-18 08:12:10.742 DEBUG 13626 --- [    Test worker] org.hibernate.SQL                        : insert into CarStatusTable (carAvailability, carType, latitude, longitude, carId) values (?, ?, ?, ?, ?)
2018-08-18 08:12:10.743 DEBUG 13626 --- [    Test worker] org.hibernate.SQL                        : insert into CarStatusTable (carAvailability, carType, latitude, longitude, carId) values (?, ?, ?, ?, ?)
2018-08-18 08:12:10.743 DEBUG 13626 --- [    Test worker] org.hibernate.SQL                        : insert into CarStatusTable (carAvailability, carType, latitude, longitude, carId) values (?, ?, ?, ?, ?)
2018-08-18 08:12:10.744 DEBUG 13626 --- [    Test worker] org.hibernate.SQL                        : insert into CarStatusTable (carAvailability, carType, latitude, longitude, carId) values (?, ?, ?, ?, ?)
2018-08-18 08:12:10.744 DEBUG 13626 --- [    Test worker] org.hibernate.SQL                        : insert into CarStatusTable (carAvailability, carType, latitude, longitude, carId) values (?, ?, ?, ?, ?)
2018-08-18 08:12:10.745 DEBUG 13626 --- [    Test worker] org.hibernate.SQL                        : insert into CarStatusTable (carAvailability, carType, latitude, longitude, carId) values (?, ?, ?, ?, ?)
2018-08-18 08:12:10.745 DEBUG 13626 --- [    Test worker] org.hibernate.SQL                        : insert into CarStatusTable (carAvailability, carType, latitude, longitude, carId) values (?, ?, ?, ?, ?)
2018-08-18 08:12:10.746 DEBUG 13626 --- [    Test worker] org.hibernate.SQL                        : insert into CarStatusTable (carAvailability, carType, latitude, longitude, carId) values (?, ?, ?, ?, ?)
2018-08-18 08:12:10.746 DEBUG 13626 --- [    Test worker] org.hibernate.SQL                        : insert into CarStatusTable (carAvailability, carType, latitude, longitude, carId) values (?, ?, ?, ?, ?)
2018-08-18 08:12:10.747 DEBUG 13626 --- [    Test worker] org.hibernate.SQL                        : insert into CarStatusTable (carAvailability, carType, latitude, longitude, carId) values (?, ?, ?, ?, ?)
2018-08-18 08:12:10.747 DEBUG 13626 --- [    Test worker] org.hibernate.SQL                        : insert into CarStatusTable (carAvailability, carType, latitude, longitude, carId) values (?, ?, ?, ?, ?)
2018-08-18 08:12:10.747 DEBUG 13626 --- [    Test worker] org.hibernate.SQL                        : insert into CarStatusTable (carAvailability, carType, latitude, longitude, carId) values (?, ?, ?, ?, ?)
2018-08-18 08:12:10.748 DEBUG 13626 --- [    Test worker] org.hibernate.SQL                        : insert into CarStatusTable (carAvailability, carType, latitude, longitude, carId) values (?, ?, ?, ?, ?)
2018-08-18 08:12:10.748 DEBUG 13626 --- [    Test worker] org.hibernate.SQL                        : insert into CarStatusTable (carAvailability, carType, latitude, longitude, carId) values (?, ?, ?, ?, ?)
2018-08-18 08:12:10.749 DEBUG 13626 --- [    Test worker] org.hibernate.SQL                        : insert into CarStatusTable (carAvailability, carType, latitude, longitude, carId) values (?, ?, ?, ?, ?)
2018-08-18 08:12:10.749 DEBUG 13626 --- [    Test worker] org.hibernate.SQL                        : insert into CarStatusTable (carAvailability, carType, latitude, longitude, carId) values (?, ?, ?, ?, ?)
2018-08-18 08:12:10.750 DEBUG 13626 --- [    Test worker] org.hibernate.SQL                        : insert into CarStatusTable (carAvailability, carType, latitude, longitude, carId) values (?, ?, ?, ?, ?)
2018-08-18 08:12:10.750 DEBUG 13626 --- [    Test worker] org.hibernate.SQL                        : insert into CarStatusTable (carAvailability, carType, latitude, longitude, carId) values (?, ?, ?, ?, ?)
2018-08-18 08:12:10.751 DEBUG 13626 --- [    Test worker] org.hibernate.SQL                        : insert into CarStatusTable (carAvailability, carType, latitude, longitude, carId) values (?, ?, ?, ?, ?)
2018-08-18 08:12:10.751 DEBUG 13626 --- [    Test worker] org.hibernate.SQL                        : insert into CarStatusTable (carAvailability, carType, latitude, longitude, carId) values (?, ?, ?, ?, ?)
2018-08-18 08:12:10.752 DEBUG 13626 --- [    Test worker] org.hibernate.SQL                        : insert into CarStatusTable (carAvailability, carType, latitude, longitude, carId) values (?, ?, ?, ?, ?)
2018-08-18 08:12:10.752 DEBUG 13626 --- [    Test worker] org.hibernate.SQL                        : insert into CarStatusTable (carAvailability, carType, latitude, longitude, carId) values (?, ?, ?, ?, ?)
2018-08-18 08:12:10.752 DEBUG 13626 --- [    Test worker] org.hibernate.SQL                        : insert into CarStatusTable (carAvailability, carType, latitude, longitude, carId) values (?, ?, ?, ?, ?)
2018-08-18 08:12:10.753 DEBUG 13626 --- [    Test worker] org.hibernate.SQL                        : insert into CarStatusTable (carAvailability, carType, latitude, longitude, carId) values (?, ?, ?, ?, ?)
2018-08-18 08:12:10.753 DEBUG 13626 --- [    Test worker] org.hibernate.SQL                        : insert into CarStatusTable (carAvailability, carType, latitude, longitude, carId) values (?, ?, ?, ?, ?)
2018-08-18 08:12:10.754 DEBUG 13626 --- [    Test worker] org.hibernate.SQL                        : insert into CarStatusTable (carAvailability, carType, latitude, longitude, carId) values (?, ?, ?, ?, ?)
2018-08-18 08:12:10.754 DEBUG 13626 --- [    Test worker] org.hibernate.SQL                        : insert into CarStatusTable (carAvailability, carType, latitude, longitude, carId) values (?, ?, ?, ?, ?)
2018-08-18 08:12:10.755 DEBUG 13626 --- [    Test worker] org.hibernate.SQL                        : insert into CarStatusTable (carAvailability, carType, latitude, longitude, carId) values (?, ?, ?, ?, ?)
2018-08-18 08:12:10.755 DEBUG 13626 --- [    Test worker] org.hibernate.SQL                        : insert into CarStatusTable (carAvailability, carType, latitude, longitude, carId) values (?, ?, ?, ?, ?)
2018-08-18 08:12:10.756 DEBUG 13626 --- [    Test worker] org.hibernate.SQL                        : insert into CarStatusTable (carAvailability, carType, latitude, longitude, carId) values (?, ?, ?, ?, ?)
2018-08-18 08:12:10.756 DEBUG 13626 --- [    Test worker] org.hibernate.SQL                        : insert into CarStatusTable (carAvailability, carType, latitude, longitude, carId) values (?, ?, ?, ?, ?)
2018-08-18 08:12:10.757 DEBUG 13626 --- [    Test worker] org.hibernate.SQL                        : insert into CarStatusTable (carAvailability, carType, latitude, longitude, carId) values (?, ?, ?, ?, ?)
2018-08-18 08:12:10.757 DEBUG 13626 --- [    Test worker] org.hibernate.SQL                        : insert into CarStatusTable (carAvailability, carType, latitude, longitude, carId) values (?, ?, ?, ?, ?)
2018-08-18 08:12:10.757 DEBUG 13626 --- [    Test worker] org.hibernate.SQL                        : insert into CarStatusTable (carAvailability, carType, latitude, longitude, carId) values (?, ?, ?, ?, ?)
2018-08-18 08:12:10.758 DEBUG 13626 --- [    Test worker] org.hibernate.SQL                        : insert into CarStatusTable (carAvailability, carType, latitude, longitude, carId) values (?, ?, ?, ?, ?)
2018-08-18 08:12:10.759 DEBUG 13626 --- [    Test worker] org.hibernate.SQL                        : insert into CarStatusTable (carAvailability, carType, latitude, longitude, carId) values (?, ?, ?, ?, ?)
2018-08-18 08:12:10.759 DEBUG 13626 --- [    Test worker] org.hibernate.SQL                        : insert into CarStatusTable (carAvailability, carType, latitude, longitude, carId) values (?, ?, ?, ?, ?)
2018-08-18 08:12:10.759 DEBUG 13626 --- [    Test worker] org.hibernate.SQL                        : insert into CarStatusTable (carAvailability, carType, latitude, longitude, carId) values (?, ?, ?, ?, ?)
2018-08-18 08:12:10.760 DEBUG 13626 --- [    Test worker] org.hibernate.SQL                        : insert into CarStatusTable (carAvailability, carType, latitude, longitude, carId) values (?, ?, ?, ?, ?)
2018-08-18 08:12:10.760 DEBUG 13626 --- [    Test worker] org.hibernate.SQL                        : insert into CarStatusTable (carAvailability, carType, latitude, longitude, carId) values (?, ?, ?, ?, ?)
2018-08-18 08:12:10.761 DEBUG 13626 --- [    Test worker] org.hibernate.SQL                        : insert into CarStatusTable (carAvailability, carType, latitude, longitude, carId) values (?, ?, ?, ?, ?)
2018-08-18 08:12:10.761 DEBUG 13626 --- [    Test worker] org.hibernate.SQL                        : insert into CarStatusTable (carAvailability, carType, latitude, longitude, carId) values (?, ?, ?, ?, ?)
2018-08-18 08:12:10.762 DEBUG 13626 --- [    Test worker] org.hibernate.SQL                        : insert into CarStatusTable (carAvailability, carType, latitude, longitude, carId) values (?, ?, ?, ?, ?)
2018-08-18 08:12:10.762 DEBUG 13626 --- [    Test worker] org.hibernate.SQL                        : insert into CarStatusTable (carAvailability, carType, latitude, longitude, carId) values (?, ?, ?, ?, ?)
2018-08-18 08:12:10.763 DEBUG 13626 --- [    Test worker] org.hibernate.SQL                        : insert into CarStatusTable (carAvailability, carType, latitude, longitude, carId) values (?, ?, ?, ?, ?)
2018-08-18 08:12:10.763 DEBUG 13626 --- [    Test worker] org.hibernate.SQL                        : insert into CarStatusTable (carAvailability, carType, latitude, longitude, carId) values (?, ?, ?, ?, ?)
2018-08-18 08:12:10.763 DEBUG 13626 --- [    Test worker] org.hibernate.SQL                        : insert into CarStatusTable (carAvailability, carType, latitude, longitude, carId) values (?, ?, ?, ?, ?)
2018-08-18 08:12:10.768 DEBUG 13626 --- [    Test worker] org.hibernate.SQL                        : insert into CarStatusTable (carAvailability, carType, latitude, longitude, carId) values (?, ?, ?, ?, ?)
2018-08-18 08:12:10.769 DEBUG 13626 --- [    Test worker] org.hibernate.SQL                        : insert into CarStatusTable (carAvailability, carType, latitude, longitude, carId) values (?, ?, ?, ?, ?)
2018-08-18 08:12:10.769 DEBUG 13626 --- [    Test worker] org.hibernate.SQL                        : insert into CarStatusTable (carAvailability, carType, latitude, longitude, carId) values (?, ?, ?, ?, ?)
2018-08-18 08:12:10.770 DEBUG 13626 --- [    Test worker] org.hibernate.SQL                        : insert into CarStatusTable (carAvailability, carType, latitude, longitude, carId) values (?, ?, ?, ?, ?)
2018-08-18 08:12:10.770 DEBUG 13626 --- [    Test worker] org.hibernate.SQL                        : insert into CarStatusTable (carAvailability, carType, latitude, longitude, carId) values (?, ?, ?, ?, ?)
2018-08-18 08:12:10.771 DEBUG 13626 --- [    Test worker] org.hibernate.SQL                        : insert into CarStatusTable (carAvailability, carType, latitude, longitude, carId) values (?, ?, ?, ?, ?)
2018-08-18 08:12:10.771 DEBUG 13626 --- [    Test worker] org.hibernate.SQL                        : insert into CarStatusTable (carAvailability, carType, latitude, longitude, carId) values (?, ?, ?, ?, ?)
2018-08-18 08:12:10.771 DEBUG 13626 --- [    Test worker] org.hibernate.SQL                        : insert into CarStatusTable (carAvailability, carType, latitude, longitude, carId) values (?, ?, ?, ?, ?)
2018-08-18 08:12:10.772 DEBUG 13626 --- [    Test worker] org.hibernate.SQL                        : insert into CarStatusTable (carAvailability, carType, latitude, longitude, carId) values (?, ?, ?, ?, ?)
2018-08-18 08:12:10.772 DEBUG 13626 --- [    Test worker] org.hibernate.SQL                        : insert into CarStatusTable (carAvailability, carType, latitude, longitude, carId) values (?, ?, ?, ?, ?)
2018-08-18 08:12:10.773 DEBUG 13626 --- [    Test worker] org.hibernate.SQL                        : insert into CarStatusTable (carAvailability, carType, latitude, longitude, carId) values (?, ?, ?, ?, ?)
2018-08-18 08:12:10.773 DEBUG 13626 --- [    Test worker] org.hibernate.SQL                        : insert into CarStatusTable (carAvailability, carType, latitude, longitude, carId) values (?, ?, ?, ?, ?)
2018-08-18 08:12:10.773 DEBUG 13626 --- [    Test worker] org.hibernate.SQL                        : insert into CarStatusTable (carAvailability, carType, latitude, longitude, carId) values (?, ?, ?, ?, ?)
2018-08-18 08:12:10.774 DEBUG 13626 --- [    Test worker] org.hibernate.SQL                        : insert into CarStatusTable (carAvailability, carType, latitude, longitude, carId) values (?, ?, ?, ?, ?)
2018-08-18 08:12:10.786 DEBUG 13626 --- [    Test worker] org.hibernate.SQL                        : insert into CarStatusTable (carAvailability, carType, latitude, longitude, carId) values (?, ?, ?, ?, ?)
2018-08-18 08:12:10.788 DEBUG 13626 --- [    Test worker] org.hibernate.SQL                        : insert into CarStatusTable (carAvailability, carType, latitude, longitude, carId) values (?, ?, ?, ?, ?)
2018-08-18 08:12:10.789 DEBUG 13626 --- [    Test worker] org.hibernate.SQL                        : insert into CarStatusTable (carAvailability, carType, latitude, longitude, carId) values (?, ?, ?, ?, ?)
2018-08-18 08:12:10.790 DEBUG 13626 --- [    Test worker] org.hibernate.SQL                        : insert into CarStatusTable (carAvailability, carType, latitude, longitude, carId) values (?, ?, ?, ?, ?)
2018-08-18 08:12:10.790 DEBUG 13626 --- [    Test worker] org.hibernate.SQL                        : insert into CarStatusTable (carAvailability, carType, latitude, longitude, carId) values (?, ?, ?, ?, ?)
2018-08-18 08:12:10.791 DEBUG 13626 --- [    Test worker] org.hibernate.SQL                        : insert into CarStatusTable (carAvailability, carType, latitude, longitude, carId) values (?, ?, ?, ?, ?)
2018-08-18 08:12:10.791 DEBUG 13626 --- [    Test worker] org.hibernate.SQL                        : insert into CarStatusTable (carAvailability, carType, latitude, longitude, carId) values (?, ?, ?, ?, ?)
2018-08-18 08:12:10.791 DEBUG 13626 --- [    Test worker] org.hibernate.SQL                        : insert into CarStatusTable (carAvailability, carType, latitude, longitude, carId) values (?, ?, ?, ?, ?)
2018-08-18 08:12:10.792 DEBUG 13626 --- [    Test worker] org.hibernate.SQL                        : insert into CarStatusTable (carAvailability, carType, latitude, longitude, carId) values (?, ?, ?, ?, ?)
2018-08-18 08:12:10.792 DEBUG 13626 --- [    Test worker] org.hibernate.SQL                        : insert into CarStatusTable (carAvailability, carType, latitude, longitude, carId) values (?, ?, ?, ?, ?)
2018-08-18 08:12:10.793 DEBUG 13626 --- [    Test worker] org.hibernate.SQL                        : insert into CarStatusTable (carAvailability, carType, latitude, longitude, carId) values (?, ?, ?, ?, ?)
2018-08-18 08:12:10.793 DEBUG 13626 --- [    Test worker] org.hibernate.SQL                        : insert into CarStatusTable (carAvailability, carType, latitude, longitude, carId) values (?, ?, ?, ?, ?)
2018-08-18 08:12:10.793 DEBUG 13626 --- [    Test worker] org.hibernate.SQL                        : insert into CarStatusTable (carAvailability, carType, latitude, longitude, carId) values (?, ?, ?, ?, ?)
2018-08-18 08:12:10.794 DEBUG 13626 --- [    Test worker] org.hibernate.SQL                        : insert into CarStatusTable (carAvailability, carType, latitude, longitude, carId) values (?, ?, ?, ?, ?)
2018-08-18 08:12:10.804 DEBUG 13626 --- [    Test worker] org.hibernate.SQL                        : insert into CarStatusTable (carAvailability, carType, latitude, longitude, carId) values (?, ?, ?, ?, ?)
2018-08-18 08:12:10.805 DEBUG 13626 --- [    Test worker] org.hibernate.SQL                        : insert into CarStatusTable (carAvailability, carType, latitude, longitude, carId) values (?, ?, ?, ?, ?)
2018-08-18 08:12:10.805 DEBUG 13626 --- [    Test worker] org.hibernate.SQL                        : insert into CarStatusTable (carAvailability, carType, latitude, longitude, carId) values (?, ?, ?, ?, ?)
2018-08-18 08:12:10.806 DEBUG 13626 --- [    Test worker] org.hibernate.SQL                        : insert into CarStatusTable (carAvailability, carType, latitude, longitude, carId) values (?, ?, ?, ?, ?)
2018-08-18 08:12:10.806 DEBUG 13626 --- [    Test worker] org.hibernate.SQL                        : insert into CarStatusTable (carAvailability, carType, latitude, longitude, carId) values (?, ?, ?, ?, ?)
2018-08-18 08:12:10.807 DEBUG 13626 --- [    Test worker] org.hibernate.SQL                        : insert into CarStatusTable (carAvailability, carType, latitude, longitude, carId) values (?, ?, ?, ?, ?)
2018-08-18 08:12:10.813 DEBUG 13626 --- [    Test worker] org.hibernate.SQL                        : insert into CarStatusTable (carAvailability, carType, latitude, longitude, carId) values (?, ?, ?, ?, ?)
2018-08-18 08:12:10.814 DEBUG 13626 --- [    Test worker] org.hibernate.SQL                        : insert into CarStatusTable (carAvailability, carType, latitude, longitude, carId) values (?, ?, ?, ?, ?)
2018-08-18 08:12:10.815 DEBUG 13626 --- [    Test worker] org.hibernate.SQL                        : insert into CarStatusTable (carAvailability, carType, latitude, longitude, carId) values (?, ?, ?, ?, ?)
2018-08-18 08:12:10.815 DEBUG 13626 --- [    Test worker] org.hibernate.SQL                        : insert into CarStatusTable (carAvailability, carType, latitude, longitude, carId) values (?, ?, ?, ?, ?)
2018-08-18 08:12:10.815 DEBUG 13626 --- [    Test worker] org.hibernate.SQL                        : insert into CarStatusTable (carAvailability, carType, latitude, longitude, carId) values (?, ?, ?, ?, ?)
2018-08-18 08:12:10.816 DEBUG 13626 --- [    Test worker] org.hibernate.SQL                        : insert into CarStatusTable (carAvailability, carType, latitude, longitude, carId) values (?, ?, ?, ?, ?)
2018-08-18 08:12:10.816 DEBUG 13626 --- [    Test worker] org.hibernate.SQL                        : insert into CarStatusTable (carAvailability, carType, latitude, longitude, carId) values (?, ?, ?, ?, ?)
2018-08-18 08:12:10.817 DEBUG 13626 --- [    Test worker] org.hibernate.SQL                        : insert into CarStatusTable (carAvailability, carType, latitude, longitude, carId) values (?, ?, ?, ?, ?)
2018-08-18 08:12:10.825 DEBUG 13626 --- [    Test worker] org.hibernate.SQL                        : insert into CarStatusTable (carAvailability, carType, latitude, longitude, carId) values (?, ?, ?, ?, ?)
2018-08-18 08:12:10.827 DEBUG 13626 --- [    Test worker] org.hibernate.SQL                        : insert into CarStatusTable (carAvailability, carType, latitude, longitude, carId) values (?, ?, ?, ?, ?)
2018-08-18 08:12:10.828 DEBUG 13626 --- [    Test worker] org.hibernate.SQL                        : insert into CarStatusTable (carAvailability, carType, latitude, longitude, carId) values (?, ?, ?, ?, ?)
2018-08-18 08:12:10.840 DEBUG 13626 --- [    Test worker] org.hibernate.SQL                        : insert into CarStatusTable (carAvailability, carType, latitude, longitude, carId) values (?, ?, ?, ?, ?)
2018-08-18 08:12:10.841 DEBUG 13626 --- [    Test worker] org.hibernate.SQL                        : insert into CarStatusTable (carAvailability, carType, latitude, longitude, carId) values (?, ?, ?, ?, ?)
2018-08-18 08:12:10.842 DEBUG 13626 --- [    Test worker] org.hibernate.SQL                        : insert into CarStatusTable (carAvailability, carType, latitude, longitude, carId) values (?, ?, ?, ?, ?)
2018-08-18 08:12:10.843 DEBUG 13626 --- [    Test worker] org.hibernate.SQL                        : insert into CarStatusTable (carAvailability, carType, latitude, longitude, carId) values (?, ?, ?, ?, ?)
2018-08-18 08:12:10.843 DEBUG 13626 --- [    Test worker] org.hibernate.SQL                        : insert into CarStatusTable (carAvailability, carType, latitude, longitude, carId) values (?, ?, ?, ?, ?)
2018-08-18 08:12:10.844 DEBUG 13626 --- [    Test worker] org.hibernate.SQL                        : insert into CarStatusTable (carAvailability, carType, latitude, longitude, carId) values (?, ?, ?, ?, ?)
2018-08-18 08:12:10.844 DEBUG 13626 --- [    Test worker] org.hibernate.SQL                        : insert into CarStatusTable (carAvailability, carType, latitude, longitude, carId) values (?, ?, ?, ?, ?)
2018-08-18 08:12:10.847 DEBUG 13626 --- [    Test worker] org.hibernate.SQL                        : insert into CarStatusTable (carAvailability, carType, latitude, longitude, carId) values (?, ?, ?, ?, ?)
2018-08-18 08:12:10.848 DEBUG 13626 --- [    Test worker] org.hibernate.SQL                        : insert into CarStatusTable (carAvailability, carType, latitude, longitude, carId) values (?, ?, ?, ?, ?)
2018-08-18 08:12:10.849 DEBUG 13626 --- [    Test worker] org.hibernate.SQL                        : insert into CarStatusTable (carAvailability, carType, latitude, longitude, carId) values (?, ?, ?, ?, ?)
2018-08-18 08:12:10.849 DEBUG 13626 --- [    Test worker] org.hibernate.SQL                        : insert into CarStatusTable (carAvailability, carType, latitude, longitude, carId) values (?, ?, ?, ?, ?)
2018-08-18 08:12:10.849 DEBUG 13626 --- [    Test worker] org.hibernate.SQL                        : insert into CarStatusTable (carAvailability, carType, latitude, longitude, carId) values (?, ?, ?, ?, ?)
2018-08-18 08:12:10.850 DEBUG 13626 --- [    Test worker] org.hibernate.SQL                        : insert into CarStatusTable (carAvailability, carType, latitude, longitude, carId) values (?, ?, ?, ?, ?)
2018-08-18 08:12:10.850 DEBUG 13626 --- [    Test worker] org.hibernate.SQL                        : insert into CarStatusTable (carAvailability, carType, latitude, longitude, carId) values (?, ?, ?, ?, ?)
2018-08-18 08:12:10.850 DEBUG 13626 --- [    Test worker] org.hibernate.SQL                        : insert into CarStatusTable (carAvailability, carType, latitude, longitude, carId) values (?, ?, ?, ?, ?)
2018-08-18 08:12:10.851 DEBUG 13626 --- [    Test worker] org.hibernate.SQL                        : insert into CarStatusTable (carAvailability, carType, latitude, longitude, carId) values (?, ?, ?, ?, ?)
2018-08-18 08:12:10.851 DEBUG 13626 --- [    Test worker] org.hibernate.SQL                        : insert into CarStatusTable (carAvailability, carType, latitude, longitude, carId) values (?, ?, ?, ?, ?)
2018-08-18 08:12:10.852 DEBUG 13626 --- [    Test worker] org.hibernate.SQL                        : insert into CarStatusTable (carAvailability, carType, latitude, longitude, carId) values (?, ?, ?, ?, ?)
2018-08-18 08:12:10.852 DEBUG 13626 --- [    Test worker] org.hibernate.SQL                        : insert into CarStatusTable (carAvailability, carType, latitude, longitude, carId) values (?, ?, ?, ?, ?)
2018-08-18 08:12:10.852 DEBUG 13626 --- [    Test worker] org.hibernate.SQL                        : insert into CarStatusTable (carAvailability, carType, latitude, longitude, carId) values (?, ?, ?, ?, ?)
2018-08-18 08:12:10.853 DEBUG 13626 --- [    Test worker] org.hibernate.SQL                        : insert into CarStatusTable (carAvailability, carType, latitude, longitude, carId) values (?, ?, ?, ?, ?)
2018-08-18 08:12:10.853 DEBUG 13626 --- [    Test worker] org.hibernate.SQL                        : insert into CarStatusTable (carAvailability, carType, latitude, longitude, carId) values (?, ?, ?, ?, ?)
2018-08-18 08:12:10.853 DEBUG 13626 --- [    Test worker] org.hibernate.SQL                        : insert into CarStatusTable (carAvailability, carType, latitude, longitude, carId) values (?, ?, ?, ?, ?)
2018-08-18 08:12:10.863 DEBUG 13626 --- [    Test worker] org.hibernate.SQL                        : insert into CarStatusTable (carAvailability, carType, latitude, longitude, carId) values (?, ?, ?, ?, ?)
2018-08-18 08:12:10.863 DEBUG 13626 --- [    Test worker] org.hibernate.SQL                        : insert into CarStatusTable (carAvailability, carType, latitude, longitude, carId) values (?, ?, ?, ?, ?)
2018-08-18 08:12:10.864 DEBUG 13626 --- [    Test worker] org.hibernate.SQL                        : insert into CarStatusTable (carAvailability, carType, latitude, longitude, carId) values (?, ?, ?, ?, ?)
2018-08-18 08:12:10.874 DEBUG 13626 --- [    Test worker] org.hibernate.SQL                        : insert into CarStatusTable (carAvailability, carType, latitude, longitude, carId) values (?, ?, ?, ?, ?)
2018-08-18 08:12:10.874 DEBUG 13626 --- [    Test worker] org.hibernate.SQL                        : insert into CarStatusTable (carAvailability, carType, latitude, longitude, carId) values (?, ?, ?, ?, ?)
2018-08-18 08:12:10.875 DEBUG 13626 --- [    Test worker] org.hibernate.SQL                        : insert into CarStatusTable (carAvailability, carType, latitude, longitude, carId) values (?, ?, ?, ?, ?)
2018-08-18 08:12:10.875 DEBUG 13626 --- [    Test worker] org.hibernate.SQL                        : insert into CarStatusTable (carAvailability, carType, latitude, longitude, carId) values (?, ?, ?, ?, ?)
2018-08-18 08:12:10.875 DEBUG 13626 --- [    Test worker] org.hibernate.SQL                        : insert into CarStatusTable (carAvailability, carType, latitude, longitude, carId) values (?, ?, ?, ?, ?)
2018-08-18 08:12:10.876 DEBUG 13626 --- [    Test worker] org.hibernate.SQL                        : insert into CarStatusTable (carAvailability, carType, latitude, longitude, carId) values (?, ?, ?, ?, ?)
2018-08-18 08:12:10.876 DEBUG 13626 --- [    Test worker] org.hibernate.SQL                        : insert into CarStatusTable (carAvailability, carType, latitude, longitude, carId) values (?, ?, ?, ?, ?)
2018-08-18 08:12:10.877 DEBUG 13626 --- [    Test worker] org.hibernate.SQL                        : insert into CarStatusTable (carAvailability, carType, latitude, longitude, carId) values (?, ?, ?, ?, ?)
2018-08-18 08:12:10.877 DEBUG 13626 --- [    Test worker] org.hibernate.SQL                        : insert into CarStatusTable (carAvailability, carType, latitude, longitude, carId) values (?, ?, ?, ?, ?)
2018-08-18 08:12:10.883 DEBUG 13626 --- [    Test worker] org.hibernate.SQL                        : insert into CarStatusTable (carAvailability, carType, latitude, longitude, carId) values (?, ?, ?, ?, ?)
2018-08-18 08:12:10.883 DEBUG 13626 --- [    Test worker] org.hibernate.SQL                        : insert into CarStatusTable (carAvailability, carType, latitude, longitude, carId) values (?, ?, ?, ?, ?)
2018-08-18 08:12:10.884 DEBUG 13626 --- [    Test worker] org.hibernate.SQL                        : insert into CarStatusTable (carAvailability, carType, latitude, longitude, carId) values (?, ?, ?, ?, ?)
2018-08-18 08:12:10.884 DEBUG 13626 --- [    Test worker] org.hibernate.SQL                        : insert into CarStatusTable (carAvailability, carType, latitude, longitude, carId) values (?, ?, ?, ?, ?)
2018-08-18 08:12:10.885 DEBUG 13626 --- [    Test worker] org.hibernate.SQL                        : insert into CarStatusTable (carAvailability, carType, latitude, longitude, carId) values (?, ?, ?, ?, ?)
2018-08-18 08:12:10.885 DEBUG 13626 --- [    Test worker] org.hibernate.SQL                        : insert into CarStatusTable (carAvailability, carType, latitude, longitude, carId) values (?, ?, ?, ?, ?)
2018-08-18 08:12:10.885 DEBUG 13626 --- [    Test worker] org.hibernate.SQL                        : insert into CarStatusTable (carAvailability, carType, latitude, longitude, carId) values (?, ?, ?, ?, ?)
2018-08-18 08:12:10.886 DEBUG 13626 --- [    Test worker] org.hibernate.SQL                        : insert into CarStatusTable (carAvailability, carType, latitude, longitude, carId) values (?, ?, ?, ?, ?)
2018-08-18 08:12:10.886 DEBUG 13626 --- [    Test worker] org.hibernate.SQL                        : insert into CarStatusTable (carAvailability, carType, latitude, longitude, carId) values (?, ?, ?, ?, ?)
2018-08-18 08:12:10.886 DEBUG 13626 --- [    Test worker] org.hibernate.SQL                        : insert into CarStatusTable (carAvailability, carType, latitude, longitude, carId) values (?, ?, ?, ?, ?)
2018-08-18 08:12:10.887 DEBUG 13626 --- [    Test worker] org.hibernate.SQL                        : insert into CarStatusTable (carAvailability, carType, latitude, longitude, carId) values (?, ?, ?, ?, ?)
2018-08-18 08:12:10.887 DEBUG 13626 --- [    Test worker] org.hibernate.SQL                        : insert into CarStatusTable (carAvailability, carType, latitude, longitude, carId) values (?, ?, ?, ?, ?)
2018-08-18 08:12:10.887 DEBUG 13626 --- [    Test worker] org.hibernate.SQL                        : insert into CarStatusTable (carAvailability, carType, latitude, longitude, carId) values (?, ?, ?, ?, ?)
2018-08-18 08:12:10.888 DEBUG 13626 --- [    Test worker] org.hibernate.SQL                        : insert into CarStatusTable (carAvailability, carType, latitude, longitude, carId) values (?, ?, ?, ?, ?)
2018-08-18 08:12:10.904 DEBUG 13626 --- [    Test worker] org.hibernate.SQL                        : insert into CarStatusTable (carAvailability, carType, latitude, longitude, carId) values (?, ?, ?, ?, ?)
2018-08-18 08:12:10.904 DEBUG 13626 --- [    Test worker] org.hibernate.SQL                        : insert into CarStatusTable (carAvailability, carType, latitude, longitude, carId) values (?, ?, ?, ?, ?)
2018-08-18 08:12:10.905 DEBUG 13626 --- [    Test worker] org.hibernate.SQL                        : insert into CarStatusTable (carAvailability, carType, latitude, longitude, carId) values (?, ?, ?, ?, ?)
2018-08-18 08:12:10.909 DEBUG 13626 --- [    Test worker] org.hibernate.SQL                        : insert into CarStatusTable (carAvailability, carType, latitude, longitude, carId) values (?, ?, ?, ?, ?)
2018-08-18 08:12:10.911 DEBUG 13626 --- [    Test worker] org.hibernate.SQL                        : insert into CarStatusTable (carAvailability, carType, latitude, longitude, carId) values (?, ?, ?, ?, ?)
2018-08-18 08:12:10.912 DEBUG 13626 --- [    Test worker] org.hibernate.SQL                        : insert into CarStatusTable (carAvailability, carType, latitude, longitude, carId) values (?, ?, ?, ?, ?)
2018-08-18 08:12:10.912 DEBUG 13626 --- [    Test worker] org.hibernate.SQL                        : insert into CarStatusTable (carAvailability, carType, latitude, longitude, carId) values (?, ?, ?, ?, ?)
2018-08-18 08:12:10.913 DEBUG 13626 --- [    Test worker] org.hibernate.SQL                        : insert into CarStatusTable (carAvailability, carType, latitude, longitude, carId) values (?, ?, ?, ?, ?)
2018-08-18 08:12:10.913 DEBUG 13626 --- [    Test worker] org.hibernate.SQL                        : insert into CarStatusTable (carAvailability, carType, latitude, longitude, carId) values (?, ?, ?, ?, ?)
2018-08-18 08:12:10.914 DEBUG 13626 --- [    Test worker] org.hibernate.SQL                        : insert into CarStatusTable (carAvailability, carType, latitude, longitude, carId) values (?, ?, ?, ?, ?)
2018-08-18 08:12:10.914 DEBUG 13626 --- [    Test worker] org.hibernate.SQL                        : insert into CarStatusTable (carAvailability, carType, latitude, longitude, carId) values (?, ?, ?, ?, ?)
2018-08-18 08:12:10.914 DEBUG 13626 --- [    Test worker] org.hibernate.SQL                        : insert into CarStatusTable (carAvailability, carType, latitude, longitude, carId) values (?, ?, ?, ?, ?)
2018-08-18 08:12:10.915 DEBUG 13626 --- [    Test worker] org.hibernate.SQL                        : insert into CarStatusTable (carAvailability, carType, latitude, longitude, carId) values (?, ?, ?, ?, ?)
2018-08-18 08:12:10.915 DEBUG 13626 --- [    Test worker] org.hibernate.SQL                        : insert into CarStatusTable (carAvailability, carType, latitude, longitude, carId) values (?, ?, ?, ?, ?)
2018-08-18 08:12:10.915 DEBUG 13626 --- [    Test worker] org.hibernate.SQL                        : insert into CarStatusTable (carAvailability, carType, latitude, longitude, carId) values (?, ?, ?, ?, ?)
2018-08-18 08:12:10.916 DEBUG 13626 --- [    Test worker] org.hibernate.SQL                        : insert into CarStatusTable (carAvailability, carType, latitude, longitude, carId) values (?, ?, ?, ?, ?)
2018-08-18 08:12:10.916 DEBUG 13626 --- [    Test worker] org.hibernate.SQL                        : insert into CarStatusTable (carAvailability, carType, latitude, longitude, carId) values (?, ?, ?, ?, ?)
2018-08-18 08:12:10.916 DEBUG 13626 --- [    Test worker] org.hibernate.SQL                        : insert into CarStatusTable (carAvailability, carType, latitude, longitude, carId) values (?, ?, ?, ?, ?)
2018-08-18 08:12:10.917 DEBUG 13626 --- [    Test worker] org.hibernate.SQL                        : insert into CarStatusTable (carAvailability, carType, latitude, longitude, carId) values (?, ?, ?, ?, ?)
2018-08-18 08:12:10.917 DEBUG 13626 --- [    Test worker] org.hibernate.SQL                        : insert into CarStatusTable (carAvailability, carType, latitude, longitude, carId) values (?, ?, ?, ?, ?)
2018-08-18 08:12:10.918 DEBUG 13626 --- [    Test worker] org.hibernate.SQL                        : insert into CarStatusTable (carAvailability, carType, latitude, longitude, carId) values (?, ?, ?, ?, ?)
2018-08-18 08:12:10.918 DEBUG 13626 --- [    Test worker] org.hibernate.SQL                        : insert into CarStatusTable (carAvailability, carType, latitude, longitude, carId) values (?, ?, ?, ?, ?)
2018-08-18 08:12:10.930 DEBUG 13626 --- [    Test worker] org.hibernate.SQL                        : insert into CarStatusTable (carAvailability, carType, latitude, longitude, carId) values (?, ?, ?, ?, ?)
2018-08-18 08:12:10.931 DEBUG 13626 --- [    Test worker] org.hibernate.SQL                        : insert into CarStatusTable (carAvailability, carType, latitude, longitude, carId) values (?, ?, ?, ?, ?)
2018-08-18 08:12:10.933 DEBUG 13626 --- [    Test worker] org.hibernate.SQL                        : insert into CarStatusTable (carAvailability, carType, latitude, longitude, carId) values (?, ?, ?, ?, ?)
2018-08-18 08:12:10.934 DEBUG 13626 --- [    Test worker] org.hibernate.SQL                        : insert into CarStatusTable (carAvailability, carType, latitude, longitude, carId) values (?, ?, ?, ?, ?)
2018-08-18 08:12:10.934 DEBUG 13626 --- [    Test worker] org.hibernate.SQL                        : insert into CarStatusTable (carAvailability, carType, latitude, longitude, carId) values (?, ?, ?, ?, ?)
2018-08-18 08:12:10.935 DEBUG 13626 --- [    Test worker] org.hibernate.SQL                        : insert into CarStatusTable (carAvailability, carType, latitude, longitude, carId) values (?, ?, ?, ?, ?)
2018-08-18 08:12:10.935 DEBUG 13626 --- [    Test worker] org.hibernate.SQL                        : insert into CarStatusTable (carAvailability, carType, latitude, longitude, carId) values (?, ?, ?, ?, ?)
2018-08-18 08:12:10.936 DEBUG 13626 --- [    Test worker] org.hibernate.SQL                        : insert into CarStatusTable (carAvailability, carType, latitude, longitude, carId) values (?, ?, ?, ?, ?)
2018-08-18 08:12:10.936 DEBUG 13626 --- [    Test worker] org.hibernate.SQL                        : insert into CarStatusTable (carAvailability, carType, latitude, longitude, carId) values (?, ?, ?, ?, ?)
2018-08-18 08:12:10.936 DEBUG 13626 --- [    Test worker] org.hibernate.SQL                        : insert into CarStatusTable (carAvailability, carType, latitude, longitude, carId) values (?, ?, ?, ?, ?)
2018-08-18 08:12:10.937 DEBUG 13626 --- [    Test worker] org.hibernate.SQL                        : insert into CarStatusTable (carAvailability, carType, latitude, longitude, carId) values (?, ?, ?, ?, ?)
2018-08-18 08:12:10.937 DEBUG 13626 --- [    Test worker] org.hibernate.SQL                        : insert into CarStatusTable (carAvailability, carType, latitude, longitude, carId) values (?, ?, ?, ?, ?)
2018-08-18 08:12:10.938 DEBUG 13626 --- [    Test worker] org.hibernate.SQL                        : insert into CarStatusTable (carAvailability, carType, latitude, longitude, carId) values (?, ?, ?, ?, ?)
2018-08-18 08:12:10.938 DEBUG 13626 --- [    Test worker] org.hibernate.SQL                        : insert into CarStatusTable (carAvailability, carType, latitude, longitude, carId) values (?, ?, ?, ?, ?)
2018-08-18 08:12:10.947 DEBUG 13626 --- [    Test worker] org.hibernate.SQL                        : insert into CarStatusTable (carAvailability, carType, latitude, longitude, carId) values (?, ?, ?, ?, ?)
2018-08-18 08:12:10.948 DEBUG 13626 --- [    Test worker] org.hibernate.SQL                        : insert into CarStatusTable (carAvailability, carType, latitude, longitude, carId) values (?, ?, ?, ?, ?)
2018-08-18 08:12:10.948 DEBUG 13626 --- [    Test worker] org.hibernate.SQL                        : insert into CarStatusTable (carAvailability, carType, latitude, longitude, carId) values (?, ?, ?, ?, ?)
2018-08-18 08:12:10.954 DEBUG 13626 --- [    Test worker] org.hibernate.SQL                        : insert into CarStatusTable (carAvailability, carType, latitude, longitude, carId) values (?, ?, ?, ?, ?)
2018-08-18 08:12:10.955 DEBUG 13626 --- [    Test worker] org.hibernate.SQL                        : insert into CarStatusTable (carAvailability, carType, latitude, longitude, carId) values (?, ?, ?, ?, ?)
2018-08-18 08:12:10.956 DEBUG 13626 --- [    Test worker] org.hibernate.SQL                        : insert into CarStatusTable (carAvailability, carType, latitude, longitude, carId) values (?, ?, ?, ?, ?)
2018-08-18 08:12:10.956 DEBUG 13626 --- [    Test worker] org.hibernate.SQL                        : insert into CarStatusTable (carAvailability, carType, latitude, longitude, carId) values (?, ?, ?, ?, ?)
2018-08-18 08:12:10.965 DEBUG 13626 --- [    Test worker] org.hibernate.SQL                        : insert into CarStatusTable (carAvailability, carType, latitude, longitude, carId) values (?, ?, ?, ?, ?)
2018-08-18 08:12:10.966 DEBUG 13626 --- [    Test worker] org.hibernate.SQL                        : insert into CarStatusTable (carAvailability, carType, latitude, longitude, carId) values (?, ?, ?, ?, ?)
2018-08-18 08:12:10.967 DEBUG 13626 --- [    Test worker] org.hibernate.SQL                        : insert into CarStatusTable (carAvailability, carType, latitude, longitude, carId) values (?, ?, ?, ?, ?)
2018-08-18 08:12:10.967 DEBUG 13626 --- [    Test worker] org.hibernate.SQL                        : insert into CarStatusTable (carAvailability, carType, latitude, longitude, carId) values (?, ?, ?, ?, ?)
2018-08-18 08:12:10.967 DEBUG 13626 --- [    Test worker] org.hibernate.SQL                        : insert into CarStatusTable (carAvailability, carType, latitude, longitude, carId) values (?, ?, ?, ?, ?)
2018-08-18 08:12:10.972 DEBUG 13626 --- [    Test worker] org.hibernate.SQL                        : insert into CarStatusTable (carAvailability, carType, latitude, longitude, carId) values (?, ?, ?, ?, ?)
2018-08-18 08:12:10.973 DEBUG 13626 --- [    Test worker] org.hibernate.SQL                        : insert into CarStatusTable (carAvailability, carType, latitude, longitude, carId) values (?, ?, ?, ?, ?)
2018-08-18 08:12:10.974 DEBUG 13626 --- [    Test worker] org.hibernate.SQL                        : insert into CarStatusTable (carAvailability, carType, latitude, longitude, carId) values (?, ?, ?, ?, ?)
2018-08-18 08:12:10.974 DEBUG 13626 --- [    Test worker] org.hibernate.SQL                        : insert into CarStatusTable (carAvailability, carType, latitude, longitude, carId) values (?, ?, ?, ?, ?)
2018-08-18 08:12:10.975 DEBUG 13626 --- [    Test worker] org.hibernate.SQL                        : insert into CarStatusTable (carAvailability, carType, latitude, longitude, carId) values (?, ?, ?, ?, ?)
2018-08-18 08:12:10.980 DEBUG 13626 --- [    Test worker] org.hibernate.SQL                        : insert into CarStatusTable (carAvailability, carType, latitude, longitude, carId) values (?, ?, ?, ?, ?)
2018-08-18 08:12:10.981 DEBUG 13626 --- [    Test worker] org.hibernate.SQL                        : insert into CarStatusTable (carAvailability, carType, latitude, longitude, carId) values (?, ?, ?, ?, ?)
2018-08-18 08:12:10.983 DEBUG 13626 --- [    Test worker] org.hibernate.SQL                        : insert into CarStatusTable (carAvailability, carType, latitude, longitude, carId) values (?, ?, ?, ?, ?)
2018-08-18 08:12:10.984 DEBUG 13626 --- [    Test worker] org.hibernate.SQL                        : insert into CarStatusTable (carAvailability, carType, latitude, longitude, carId) values (?, ?, ?, ?, ?)
2018-08-18 08:12:10.984 DEBUG 13626 --- [    Test worker] org.hibernate.SQL                        : insert into CarStatusTable (carAvailability, carType, latitude, longitude, carId) values (?, ?, ?, ?, ?)
2018-08-18 08:12:10.984 DEBUG 13626 --- [    Test worker] org.hibernate.SQL                        : insert into CarStatusTable (carAvailability, carType, latitude, longitude, carId) values (?, ?, ?, ?, ?)
2018-08-18 08:12:10.985 DEBUG 13626 --- [    Test worker] org.hibernate.SQL                        : insert into CarStatusTable (carAvailability, carType, latitude, longitude, carId) values (?, ?, ?, ?, ?)
2018-08-18 08:12:10.985 DEBUG 13626 --- [    Test worker] org.hibernate.SQL                        : insert into CarStatusTable (carAvailability, carType, latitude, longitude, carId) values (?, ?, ?, ?, ?)
2018-08-18 08:12:10.985 DEBUG 13626 --- [    Test worker] org.hibernate.SQL                        : insert into CarStatusTable (carAvailability, carType, latitude, longitude, carId) values (?, ?, ?, ?, ?)
2018-08-18 08:12:10.986 DEBUG 13626 --- [    Test worker] org.hibernate.SQL                        : insert into CarStatusTable (carAvailability, carType, latitude, longitude, carId) values (?, ?, ?, ?, ?)
2018-08-18 08:12:10.986 DEBUG 13626 --- [    Test worker] org.hibernate.SQL                        : insert into CarStatusTable (carAvailability, carType, latitude, longitude, carId) values (?, ?, ?, ?, ?)
2018-08-18 08:12:10.986 DEBUG 13626 --- [    Test worker] org.hibernate.SQL                        : insert into CarStatusTable (carAvailability, carType, latitude, longitude, carId) values (?, ?, ?, ?, ?)
2018-08-18 08:12:10.987 DEBUG 13626 --- [    Test worker] org.hibernate.SQL                        : insert into CarStatusTable (carAvailability, carType, latitude, longitude, carId) values (?, ?, ?, ?, ?)
2018-08-18 08:12:10.987 DEBUG 13626 --- [    Test worker] org.hibernate.SQL                        : insert into CarStatusTable (carAvailability, carType, latitude, longitude, carId) values (?, ?, ?, ?, ?)
2018-08-18 08:12:10.987 DEBUG 13626 --- [    Test worker] org.hibernate.SQL                        : insert into CarStatusTable (carAvailability, carType, latitude, longitude, carId) values (?, ?, ?, ?, ?)
2018-08-18 08:12:10.988 DEBUG 13626 --- [    Test worker] org.hibernate.SQL                        : insert into CarStatusTable (carAvailability, carType, latitude, longitude, carId) values (?, ?, ?, ?, ?)
2018-08-18 08:12:10.988 DEBUG 13626 --- [    Test worker] org.hibernate.SQL                        : insert into CarStatusTable (carAvailability, carType, latitude, longitude, carId) values (?, ?, ?, ?, ?)
2018-08-18 08:12:10.988 DEBUG 13626 --- [    Test worker] org.hibernate.SQL                        : insert into CarStatusTable (carAvailability, carType, latitude, longitude, carId) values (?, ?, ?, ?, ?)
2018-08-18 08:12:10.989 DEBUG 13626 --- [    Test worker] org.hibernate.SQL                        : insert into CarStatusTable (carAvailability, carType, latitude, longitude, carId) values (?, ?, ?, ?, ?)
2018-08-18 08:12:10.989 DEBUG 13626 --- [    Test worker] org.hibernate.SQL                        : insert into CarStatusTable (carAvailability, carType, latitude, longitude, carId) values (?, ?, ?, ?, ?)
2018-08-18 08:12:11.008 DEBUG 13626 --- [    Test worker] org.hibernate.SQL                        : insert into CarStatusTable (carAvailability, carType, latitude, longitude, carId) values (?, ?, ?, ?, ?)
2018-08-18 08:12:11.008 DEBUG 13626 --- [    Test worker] org.hibernate.SQL                        : insert into CarStatusTable (carAvailability, carType, latitude, longitude, carId) values (?, ?, ?, ?, ?)
2018-08-18 08:12:11.009 DEBUG 13626 --- [    Test worker] org.hibernate.SQL                        : insert into CarStatusTable (carAvailability, carType, latitude, longitude, carId) values (?, ?, ?, ?, ?)
2018-08-18 08:12:11.009 DEBUG 13626 --- [    Test worker] org.hibernate.SQL                        : insert into CarStatusTable (carAvailability, carType, latitude, longitude, carId) values (?, ?, ?, ?, ?)
2018-08-18 08:12:11.010 DEBUG 13626 --- [    Test worker] org.hibernate.SQL                        : insert into CarStatusTable (carAvailability, carType, latitude, longitude, carId) values (?, ?, ?, ?, ?)
2018-08-18 08:12:11.010 DEBUG 13626 --- [    Test worker] org.hibernate.SQL                        : insert into CarStatusTable (carAvailability, carType, latitude, longitude, carId) values (?, ?, ?, ?, ?)
2018-08-18 08:12:11.011 DEBUG 13626 --- [    Test worker] org.hibernate.SQL                        : insert into CarStatusTable (carAvailability, carType, latitude, longitude, carId) values (?, ?, ?, ?, ?)
2018-08-18 08:12:11.011 DEBUG 13626 --- [    Test worker] org.hibernate.SQL                        : insert into CarStatusTable (carAvailability, carType, latitude, longitude, carId) values (?, ?, ?, ?, ?)
2018-08-18 08:12:11.011 DEBUG 13626 --- [    Test worker] org.hibernate.SQL                        : insert into CarStatusTable (carAvailability, carType, latitude, longitude, carId) values (?, ?, ?, ?, ?)
2018-08-18 08:12:11.012 DEBUG 13626 --- [    Test worker] org.hibernate.SQL                        : insert into CarStatusTable (carAvailability, carType, latitude, longitude, carId) values (?, ?, ?, ?, ?)
2018-08-18 08:12:11.012 DEBUG 13626 --- [    Test worker] org.hibernate.SQL                        : insert into CarStatusTable (carAvailability, carType, latitude, longitude, carId) values (?, ?, ?, ?, ?)
2018-08-18 08:12:11.012 DEBUG 13626 --- [    Test worker] org.hibernate.SQL                        : insert into CarStatusTable (carAvailability, carType, latitude, longitude, carId) values (?, ?, ?, ?, ?)
2018-08-18 08:12:11.013 DEBUG 13626 --- [    Test worker] org.hibernate.SQL                        : insert into CarStatusTable (carAvailability, carType, latitude, longitude, carId) values (?, ?, ?, ?, ?)
2018-08-18 08:12:11.013 DEBUG 13626 --- [    Test worker] org.hibernate.SQL                        : insert into CarStatusTable (carAvailability, carType, latitude, longitude, carId) values (?, ?, ?, ?, ?)
2018-08-18 08:12:11.013 DEBUG 13626 --- [    Test worker] org.hibernate.SQL                        : insert into CarStatusTable (carAvailability, carType, latitude, longitude, carId) values (?, ?, ?, ?, ?)
2018-08-18 08:12:11.014 DEBUG 13626 --- [    Test worker] org.hibernate.SQL                        : insert into CarStatusTable (carAvailability, carType, latitude, longitude, carId) values (?, ?, ?, ?, ?)
2018-08-18 08:12:11.014 DEBUG 13626 --- [    Test worker] org.hibernate.SQL                        : insert into CarStatusTable (carAvailability, carType, latitude, longitude, carId) values (?, ?, ?, ?, ?)
2018-08-18 08:12:11.015 DEBUG 13626 --- [    Test worker] org.hibernate.SQL                        : insert into CarStatusTable (carAvailability, carType, latitude, longitude, carId) values (?, ?, ?, ?, ?)
2018-08-18 08:12:11.016 DEBUG 13626 --- [    Test worker] org.hibernate.SQL                        : insert into CarStatusTable (carAvailability, carType, latitude, longitude, carId) values (?, ?, ?, ?, ?)
2018-08-18 08:12:11.016 DEBUG 13626 --- [    Test worker] org.hibernate.SQL                        : insert into CarStatusTable (carAvailability, carType, latitude, longitude, carId) values (?, ?, ?, ?, ?)
2018-08-18 08:12:11.017 DEBUG 13626 --- [    Test worker] org.hibernate.SQL                        : insert into CarStatusTable (carAvailability, carType, latitude, longitude, carId) values (?, ?, ?, ?, ?)
2018-08-18 08:12:11.018 DEBUG 13626 --- [    Test worker] org.hibernate.SQL                        : insert into CarStatusTable (carAvailability, carType, latitude, longitude, carId) values (?, ?, ?, ?, ?)
2018-08-18 08:12:11.019 DEBUG 13626 --- [    Test worker] org.hibernate.SQL                        : insert into CarStatusTable (carAvailability, carType, latitude, longitude, carId) values (?, ?, ?, ?, ?)
2018-08-18 08:12:11.019 DEBUG 13626 --- [    Test worker] org.hibernate.SQL                        : insert into CarStatusTable (carAvailability, carType, latitude, longitude, carId) values (?, ?, ?, ?, ?)
2018-08-18 08:12:11.020 DEBUG 13626 --- [    Test worker] org.hibernate.SQL                        : insert into CarStatusTable (carAvailability, carType, latitude, longitude, carId) values (?, ?, ?, ?, ?)
2018-08-18 08:12:11.022 DEBUG 13626 --- [    Test worker] org.hibernate.SQL                        : insert into CarStatusTable (carAvailability, carType, latitude, longitude, carId) values (?, ?, ?, ?, ?)
2018-08-18 08:12:11.025 DEBUG 13626 --- [    Test worker] org.hibernate.SQL                        : insert into CarStatusTable (carAvailability, carType, latitude, longitude, carId) values (?, ?, ?, ?, ?)
2018-08-18 08:12:11.027 DEBUG 13626 --- [    Test worker] org.hibernate.SQL                        : insert into CarStatusTable (carAvailability, carType, latitude, longitude, carId) values (?, ?, ?, ?, ?)
2018-08-18 08:12:11.032 DEBUG 13626 --- [    Test worker] org.hibernate.SQL                        : insert into CarStatusTable (carAvailability, carType, latitude, longitude, carId) values (?, ?, ?, ?, ?)
2018-08-18 08:12:11.033 DEBUG 13626 --- [    Test worker] org.hibernate.SQL                        : insert into CarStatusTable (carAvailability, carType, latitude, longitude, carId) values (?, ?, ?, ?, ?)
2018-08-18 08:12:11.033 DEBUG 13626 --- [    Test worker] org.hibernate.SQL                        : insert into CarStatusTable (carAvailability, carType, latitude, longitude, carId) values (?, ?, ?, ?, ?)
2018-08-18 08:12:11.034 DEBUG 13626 --- [    Test worker] org.hibernate.SQL                        : insert into CarStatusTable (carAvailability, carType, latitude, longitude, carId) values (?, ?, ?, ?, ?)
2018-08-18 08:12:11.034 DEBUG 13626 --- [    Test worker] org.hibernate.SQL                        : insert into CarStatusTable (carAvailability, carType, latitude, longitude, carId) values (?, ?, ?, ?, ?)
2018-08-18 08:12:11.034 DEBUG 13626 --- [    Test worker] org.hibernate.SQL                        : insert into CarStatusTable (carAvailability, carType, latitude, longitude, carId) values (?, ?, ?, ?, ?)
2018-08-18 08:12:11.035 DEBUG 13626 --- [    Test worker] org.hibernate.SQL                        : insert into CarStatusTable (carAvailability, carType, latitude, longitude, carId) values (?, ?, ?, ?, ?)
2018-08-18 08:12:11.035 DEBUG 13626 --- [    Test worker] org.hibernate.SQL                        : insert into CarStatusTable (carAvailability, carType, latitude, longitude, carId) values (?, ?, ?, ?, ?)
2018-08-18 08:12:11.035 DEBUG 13626 --- [    Test worker] org.hibernate.SQL                        : insert into CarStatusTable (carAvailability, carType, latitude, longitude, carId) values (?, ?, ?, ?, ?)
2018-08-18 08:12:11.036 DEBUG 13626 --- [    Test worker] org.hibernate.SQL                        : insert into CarStatusTable (carAvailability, carType, latitude, longitude, carId) values (?, ?, ?, ?, ?)
2018-08-18 08:12:11.036 DEBUG 13626 --- [    Test worker] org.hibernate.SQL                        : insert into CarStatusTable (carAvailability, carType, latitude, longitude, carId) values (?, ?, ?, ?, ?)
2018-08-18 08:12:11.037 DEBUG 13626 --- [    Test worker] org.hibernate.SQL                        : insert into CarStatusTable (carAvailability, carType, latitude, longitude, carId) values (?, ?, ?, ?, ?)
2018-08-18 08:12:11.037 DEBUG 13626 --- [    Test worker] org.hibernate.SQL                        : insert into CarStatusTable (carAvailability, carType, latitude, longitude, carId) values (?, ?, ?, ?, ?)
2018-08-18 08:12:11.037 DEBUG 13626 --- [    Test worker] org.hibernate.SQL                        : insert into CarStatusTable (carAvailability, carType, latitude, longitude, carId) values (?, ?, ?, ?, ?)
2018-08-18 08:12:11.038 DEBUG 13626 --- [    Test worker] org.hibernate.SQL                        : insert into CarStatusTable (carAvailability, carType, latitude, longitude, carId) values (?, ?, ?, ?, ?)
2018-08-18 08:12:11.043 DEBUG 13626 --- [    Test worker] org.hibernate.SQL                        : insert into CarStatusTable (carAvailability, carType, latitude, longitude, carId) values (?, ?, ?, ?, ?)
2018-08-18 08:12:11.049 DEBUG 13626 --- [    Test worker] org.hibernate.SQL                        : insert into CarStatusTable (carAvailability, carType, latitude, longitude, carId) values (?, ?, ?, ?, ?)
2018-08-18 08:12:11.050 DEBUG 13626 --- [    Test worker] org.hibernate.SQL                        : insert into CarStatusTable (carAvailability, carType, latitude, longitude, carId) values (?, ?, ?, ?, ?)
2018-08-18 08:12:11.050 DEBUG 13626 --- [    Test worker] org.hibernate.SQL                        : insert into CarStatusTable (carAvailability, carType, latitude, longitude, carId) values (?, ?, ?, ?, ?)
2018-08-18 08:12:11.053 DEBUG 13626 --- [    Test worker] org.hibernate.SQL                        : insert into CarStatusTable (carAvailability, carType, latitude, longitude, carId) values (?, ?, ?, ?, ?)
2018-08-18 08:12:11.054 DEBUG 13626 --- [    Test worker] org.hibernate.SQL                        : insert into CarStatusTable (carAvailability, carType, latitude, longitude, carId) values (?, ?, ?, ?, ?)
2018-08-18 08:12:11.054 DEBUG 13626 --- [    Test worker] org.hibernate.SQL                        : insert into CarStatusTable (carAvailability, carType, latitude, longitude, carId) values (?, ?, ?, ?, ?)
2018-08-18 08:12:11.055 DEBUG 13626 --- [    Test worker] org.hibernate.SQL                        : insert into CarStatusTable (carAvailability, carType, latitude, longitude, carId) values (?, ?, ?, ?, ?)
2018-08-18 08:12:11.055 DEBUG 13626 --- [    Test worker] org.hibernate.SQL                        : insert into CarStatusTable (carAvailability, carType, latitude, longitude, carId) values (?, ?, ?, ?, ?)
2018-08-18 08:12:11.055 DEBUG 13626 --- [    Test worker] org.hibernate.SQL                        : insert into CarStatusTable (carAvailability, carType, latitude, longitude, carId) values (?, ?, ?, ?, ?)
2018-08-18 08:12:11.056 DEBUG 13626 --- [    Test worker] org.hibernate.SQL                        : insert into CarStatusTable (carAvailability, carType, latitude, longitude, carId) values (?, ?, ?, ?, ?)
2018-08-18 08:12:11.061 DEBUG 13626 --- [    Test worker] org.hibernate.SQL                        : insert into CarStatusTable (carAvailability, carType, latitude, longitude, carId) values (?, ?, ?, ?, ?)
2018-08-18 08:12:11.064 DEBUG 13626 --- [    Test worker] org.hibernate.SQL                        : insert into CarStatusTable (carAvailability, carType, latitude, longitude, carId) values (?, ?, ?, ?, ?)
2018-08-18 08:12:11.065 DEBUG 13626 --- [    Test worker] org.hibernate.SQL                        : insert into CarStatusTable (carAvailability, carType, latitude, longitude, carId) values (?, ?, ?, ?, ?)
2018-08-18 08:12:11.065 DEBUG 13626 --- [    Test worker] org.hibernate.SQL                        : insert into CarStatusTable (carAvailability, carType, latitude, longitude, carId) values (?, ?, ?, ?, ?)
2018-08-18 08:12:11.068 DEBUG 13626 --- [    Test worker] org.hibernate.SQL                        : insert into CarStatusTable (carAvailability, carType, latitude, longitude, carId) values (?, ?, ?, ?, ?)
2018-08-18 08:12:11.070 DEBUG 13626 --- [    Test worker] org.hibernate.SQL                        : insert into CarStatusTable (carAvailability, carType, latitude, longitude, carId) values (?, ?, ?, ?, ?)
2018-08-18 08:12:11.071 DEBUG 13626 --- [    Test worker] org.hibernate.SQL                        : insert into CarStatusTable (carAvailability, carType, latitude, longitude, carId) values (?, ?, ?, ?, ?)
2018-08-18 08:12:11.072 DEBUG 13626 --- [    Test worker] org.hibernate.SQL                        : insert into CarStatusTable (carAvailability, carType, latitude, longitude, carId) values (?, ?, ?, ?, ?)
2018-08-18 08:12:11.076 DEBUG 13626 --- [    Test worker] org.hibernate.SQL                        : insert into CarStatusTable (carAvailability, carType, latitude, longitude, carId) values (?, ?, ?, ?, ?)
2018-08-18 08:12:11.077 DEBUG 13626 --- [    Test worker] org.hibernate.SQL                        : insert into CarStatusTable (carAvailability, carType, latitude, longitude, carId) values (?, ?, ?, ?, ?)
2018-08-18 08:12:11.078 DEBUG 13626 --- [    Test worker] org.hibernate.SQL                        : insert into CarStatusTable (carAvailability, carType, latitude, longitude, carId) values (?, ?, ?, ?, ?)
2018-08-18 08:12:11.078 DEBUG 13626 --- [    Test worker] org.hibernate.SQL                        : insert into CarStatusTable (carAvailability, carType, latitude, longitude, carId) values (?, ?, ?, ?, ?)
2018-08-18 08:12:11.078 DEBUG 13626 --- [    Test worker] org.hibernate.SQL                        : insert into CarStatusTable (carAvailability, carType, latitude, longitude, carId) values (?, ?, ?, ?, ?)
2018-08-18 08:12:11.079 DEBUG 13626 --- [    Test worker] org.hibernate.SQL                        : insert into CarStatusTable (carAvailability, carType, latitude, longitude, carId) values (?, ?, ?, ?, ?)
2018-08-18 08:12:11.079 DEBUG 13626 --- [    Test worker] org.hibernate.SQL                        : insert into CarStatusTable (carAvailability, carType, latitude, longitude, carId) values (?, ?, ?, ?, ?)
2018-08-18 08:12:11.080 DEBUG 13626 --- [    Test worker] org.hibernate.SQL                        : insert into CarStatusTable (carAvailability, carType, latitude, longitude, carId) values (?, ?, ?, ?, ?)
2018-08-18 08:12:11.084 DEBUG 13626 --- [    Test worker] org.hibernate.SQL                        : insert into CarStatusTable (carAvailability, carType, latitude, longitude, carId) values (?, ?, ?, ?, ?)
2018-08-18 08:12:11.088 DEBUG 13626 --- [    Test worker] org.hibernate.SQL                        : insert into CarStatusTable (carAvailability, carType, latitude, longitude, carId) values (?, ?, ?, ?, ?)
2018-08-18 08:12:11.089 DEBUG 13626 --- [    Test worker] org.hibernate.SQL                        : insert into CarStatusTable (carAvailability, carType, latitude, longitude, carId) values (?, ?, ?, ?, ?)
2018-08-18 08:12:11.089 DEBUG 13626 --- [    Test worker] org.hibernate.SQL                        : insert into CarStatusTable (carAvailability, carType, latitude, longitude, carId) values (?, ?, ?, ?, ?)
2018-08-18 08:12:11.090 DEBUG 13626 --- [    Test worker] org.hibernate.SQL                        : insert into CarStatusTable (carAvailability, carType, latitude, longitude, carId) values (?, ?, ?, ?, ?)
2018-08-18 08:12:11.090 DEBUG 13626 --- [    Test worker] org.hibernate.SQL                        : insert into CarStatusTable (carAvailability, carType, latitude, longitude, carId) values (?, ?, ?, ?, ?)
2018-08-18 08:12:11.090 DEBUG 13626 --- [    Test worker] org.hibernate.SQL                        : insert into CarStatusTable (carAvailability, carType, latitude, longitude, carId) values (?, ?, ?, ?, ?)
2018-08-18 08:12:11.091 DEBUG 13626 --- [    Test worker] org.hibernate.SQL                        : insert into CarStatusTable (carAvailability, carType, latitude, longitude, carId) values (?, ?, ?, ?, ?)
2018-08-18 08:12:11.091 DEBUG 13626 --- [    Test worker] org.hibernate.SQL                        : insert into CarStatusTable (carAvailability, carType, latitude, longitude, carId) values (?, ?, ?, ?, ?)
2018-08-18 08:12:11.092 DEBUG 13626 --- [    Test worker] org.hibernate.SQL                        : insert into CarStatusTable (carAvailability, carType, latitude, longitude, carId) values (?, ?, ?, ?, ?)
2018-08-18 08:12:11.092 DEBUG 13626 --- [    Test worker] org.hibernate.SQL                        : insert into CarStatusTable (carAvailability, carType, latitude, longitude, carId) values (?, ?, ?, ?, ?)
2018-08-18 08:12:11.093 DEBUG 13626 --- [    Test worker] org.hibernate.SQL                        : insert into CarStatusTable (carAvailability, carType, latitude, longitude, carId) values (?, ?, ?, ?, ?)
2018-08-18 08:12:11.093 DEBUG 13626 --- [    Test worker] org.hibernate.SQL                        : insert into CarStatusTable (carAvailability, carType, latitude, longitude, carId) values (?, ?, ?, ?, ?)
2018-08-18 08:12:11.093 DEBUG 13626 --- [    Test worker] org.hibernate.SQL                        : insert into CarStatusTable (carAvailability, carType, latitude, longitude, carId) values (?, ?, ?, ?, ?)
2018-08-18 08:12:11.094 DEBUG 13626 --- [    Test worker] org.hibernate.SQL                        : insert into CarStatusTable (carAvailability, carType, latitude, longitude, carId) values (?, ?, ?, ?, ?)
2018-08-18 08:12:11.096 DEBUG 13626 --- [    Test worker] org.hibernate.SQL                        : insert into CarStatusTable (carAvailability, carType, latitude, longitude, carId) values (?, ?, ?, ?, ?)
2018-08-18 08:12:11.097 DEBUG 13626 --- [    Test worker] org.hibernate.SQL                        : insert into CarStatusTable (carAvailability, carType, latitude, longitude, carId) values (?, ?, ?, ?, ?)
2018-08-18 08:12:11.097 DEBUG 13626 --- [    Test worker] org.hibernate.SQL                        : insert into CarStatusTable (carAvailability, carType, latitude, longitude, carId) values (?, ?, ?, ?, ?)
2018-08-18 08:12:11.098 DEBUG 13626 --- [    Test worker] org.hibernate.SQL                        : insert into CarStatusTable (carAvailability, carType, latitude, longitude, carId) values (?, ?, ?, ?, ?)
2018-08-18 08:12:11.098 DEBUG 13626 --- [    Test worker] org.hibernate.SQL                        : insert into CarStatusTable (carAvailability, carType, latitude, longitude, carId) values (?, ?, ?, ?, ?)
2018-08-18 08:12:11.098 DEBUG 13626 --- [    Test worker] org.hibernate.SQL                        : insert into CarStatusTable (carAvailability, carType, latitude, longitude, carId) values (?, ?, ?, ?, ?)
2018-08-18 08:12:11.099 DEBUG 13626 --- [    Test worker] org.hibernate.SQL                        : insert into CarStatusTable (carAvailability, carType, latitude, longitude, carId) values (?, ?, ?, ?, ?)
2018-08-18 08:12:11.099 DEBUG 13626 --- [    Test worker] org.hibernate.SQL                        : insert into CarStatusTable (carAvailability, carType, latitude, longitude, carId) values (?, ?, ?, ?, ?)
2018-08-18 08:12:11.100 DEBUG 13626 --- [    Test worker] org.hibernate.SQL                        : insert into CarStatusTable (carAvailability, carType, latitude, longitude, carId) values (?, ?, ?, ?, ?)
2018-08-18 08:12:11.100 DEBUG 13626 --- [    Test worker] org.hibernate.SQL                        : insert into CarStatusTable (carAvailability, carType, latitude, longitude, carId) values (?, ?, ?, ?, ?)
2018-08-18 08:12:11.100 DEBUG 13626 --- [    Test worker] org.hibernate.SQL                        : insert into CarStatusTable (carAvailability, carType, latitude, longitude, carId) values (?, ?, ?, ?, ?)
2018-08-18 08:12:11.101 DEBUG 13626 --- [    Test worker] org.hibernate.SQL                        : insert into CarStatusTable (carAvailability, carType, latitude, longitude, carId) values (?, ?, ?, ?, ?)
2018-08-18 08:12:11.101 DEBUG 13626 --- [    Test worker] org.hibernate.SQL                        : insert into CarStatusTable (carAvailability, carType, latitude, longitude, carId) values (?, ?, ?, ?, ?)
2018-08-18 08:12:11.107 DEBUG 13626 --- [    Test worker] org.hibernate.SQL                        : insert into CarStatusTable (carAvailability, carType, latitude, longitude, carId) values (?, ?, ?, ?, ?)
2018-08-18 08:12:11.108 DEBUG 13626 --- [    Test worker] org.hibernate.SQL                        : insert into CarStatusTable (carAvailability, carType, latitude, longitude, carId) values (?, ?, ?, ?, ?)
2018-08-18 08:12:11.108 DEBUG 13626 --- [    Test worker] org.hibernate.SQL                        : insert into CarStatusTable (carAvailability, carType, latitude, longitude, carId) values (?, ?, ?, ?, ?)
2018-08-18 08:12:11.110 DEBUG 13626 --- [    Test worker] org.hibernate.SQL                        : insert into CarStatusTable (carAvailability, carType, latitude, longitude, carId) values (?, ?, ?, ?, ?)
2018-08-18 08:12:11.110 DEBUG 13626 --- [    Test worker] org.hibernate.SQL                        : insert into CarStatusTable (carAvailability, carType, latitude, longitude, carId) values (?, ?, ?, ?, ?)
2018-08-18 08:12:11.111 DEBUG 13626 --- [    Test worker] org.hibernate.SQL                        : insert into CarStatusTable (carAvailability, carType, latitude, longitude, carId) values (?, ?, ?, ?, ?)
2018-08-18 08:12:11.112 DEBUG 13626 --- [    Test worker] org.hibernate.SQL                        : insert into CarStatusTable (carAvailability, carType, latitude, longitude, carId) values (?, ?, ?, ?, ?)
2018-08-18 08:12:11.112 DEBUG 13626 --- [    Test worker] org.hibernate.SQL                        : insert into CarStatusTable (carAvailability, carType, latitude, longitude, carId) values (?, ?, ?, ?, ?)
2018-08-18 08:12:11.113 DEBUG 13626 --- [    Test worker] org.hibernate.SQL                        : insert into CarStatusTable (carAvailability, carType, latitude, longitude, carId) values (?, ?, ?, ?, ?)
2018-08-18 08:12:11.113 DEBUG 13626 --- [    Test worker] org.hibernate.SQL                        : insert into CarStatusTable (carAvailability, carType, latitude, longitude, carId) values (?, ?, ?, ?, ?)
2018-08-18 08:12:11.114 DEBUG 13626 --- [    Test worker] org.hibernate.SQL                        : insert into CarStatusTable (carAvailability, carType, latitude, longitude, carId) values (?, ?, ?, ?, ?)
2018-08-18 08:12:11.114 DEBUG 13626 --- [    Test worker] org.hibernate.SQL                        : insert into CarStatusTable (carAvailability, carType, latitude, longitude, carId) values (?, ?, ?, ?, ?)
2018-08-18 08:12:11.115 DEBUG 13626 --- [    Test worker] org.hibernate.SQL                        : insert into CarStatusTable (carAvailability, carType, latitude, longitude, carId) values (?, ?, ?, ?, ?)
2018-08-18 08:12:11.115 DEBUG 13626 --- [    Test worker] org.hibernate.SQL                        : insert into CarStatusTable (carAvailability, carType, latitude, longitude, carId) values (?, ?, ?, ?, ?)
2018-08-18 08:12:11.116 DEBUG 13626 --- [    Test worker] org.hibernate.SQL                        : insert into CarStatusTable (carAvailability, carType, latitude, longitude, carId) values (?, ?, ?, ?, ?)
2018-08-18 08:12:11.116 DEBUG 13626 --- [    Test worker] org.hibernate.SQL                        : insert into CarStatusTable (carAvailability, carType, latitude, longitude, carId) values (?, ?, ?, ?, ?)
2018-08-18 08:12:11.117 DEBUG 13626 --- [    Test worker] org.hibernate.SQL                        : insert into CarStatusTable (carAvailability, carType, latitude, longitude, carId) values (?, ?, ?, ?, ?)
2018-08-18 08:12:11.117 DEBUG 13626 --- [    Test worker] org.hibernate.SQL                        : insert into CarStatusTable (carAvailability, carType, latitude, longitude, carId) values (?, ?, ?, ?, ?)
2018-08-18 08:12:11.117 DEBUG 13626 --- [    Test worker] org.hibernate.SQL                        : insert into CarStatusTable (carAvailability, carType, latitude, longitude, carId) values (?, ?, ?, ?, ?)
2018-08-18 08:12:11.118 DEBUG 13626 --- [    Test worker] org.hibernate.SQL                        : insert into CarStatusTable (carAvailability, carType, latitude, longitude, carId) values (?, ?, ?, ?, ?)
2018-08-18 08:12:11.118 DEBUG 13626 --- [    Test worker] org.hibernate.SQL                        : insert into CarStatusTable (carAvailability, carType, latitude, longitude, carId) values (?, ?, ?, ?, ?)
2018-08-18 08:12:11.119 DEBUG 13626 --- [    Test worker] org.hibernate.SQL                        : insert into CarStatusTable (carAvailability, carType, latitude, longitude, carId) values (?, ?, ?, ?, ?)
2018-08-18 08:12:11.119 DEBUG 13626 --- [    Test worker] org.hibernate.SQL                        : insert into CarStatusTable (carAvailability, carType, latitude, longitude, carId) values (?, ?, ?, ?, ?)
2018-08-18 08:12:11.120 DEBUG 13626 --- [    Test worker] org.hibernate.SQL                        : insert into CarStatusTable (carAvailability, carType, latitude, longitude, carId) values (?, ?, ?, ?, ?)
2018-08-18 08:12:11.120 DEBUG 13626 --- [    Test worker] org.hibernate.SQL                        : insert into CarStatusTable (carAvailability, carType, latitude, longitude, carId) values (?, ?, ?, ?, ?)
2018-08-18 08:12:11.121 DEBUG 13626 --- [    Test worker] org.hibernate.SQL                        : insert into CarStatusTable (carAvailability, carType, latitude, longitude, carId) values (?, ?, ?, ?, ?)
2018-08-18 08:12:11.121 DEBUG 13626 --- [    Test worker] org.hibernate.SQL                        : insert into CarStatusTable (carAvailability, carType, latitude, longitude, carId) values (?, ?, ?, ?, ?)
2018-08-18 08:12:11.122 DEBUG 13626 --- [    Test worker] org.hibernate.SQL                        : insert into CarStatusTable (carAvailability, carType, latitude, longitude, carId) values (?, ?, ?, ?, ?)
2018-08-18 08:12:11.130 DEBUG 13626 --- [    Test worker] org.hibernate.SQL                        : insert into CarStatusTable (carAvailability, carType, latitude, longitude, carId) values (?, ?, ?, ?, ?)
2018-08-18 08:12:11.131 DEBUG 13626 --- [    Test worker] org.hibernate.SQL                        : insert into CarStatusTable (carAvailability, carType, latitude, longitude, carId) values (?, ?, ?, ?, ?)
2018-08-18 08:12:11.131 DEBUG 13626 --- [    Test worker] org.hibernate.SQL                        : insert into CarStatusTable (carAvailability, carType, latitude, longitude, carId) values (?, ?, ?, ?, ?)
2018-08-18 08:12:11.131 DEBUG 13626 --- [    Test worker] org.hibernate.SQL                        : insert into CarStatusTable (carAvailability, carType, latitude, longitude, carId) values (?, ?, ?, ?, ?)
2018-08-18 08:12:11.132 DEBUG 13626 --- [    Test worker] org.hibernate.SQL                        : insert into CarStatusTable (carAvailability, carType, latitude, longitude, carId) values (?, ?, ?, ?, ?)
2018-08-18 08:12:11.132 DEBUG 13626 --- [    Test worker] org.hibernate.SQL                        : insert into CarStatusTable (carAvailability, carType, latitude, longitude, carId) values (?, ?, ?, ?, ?)
2018-08-18 08:12:11.136 DEBUG 13626 --- [    Test worker] org.hibernate.SQL                        : insert into CarStatusTable (carAvailability, carType, latitude, longitude, carId) values (?, ?, ?, ?, ?)
2018-08-18 08:12:11.137 DEBUG 13626 --- [    Test worker] org.hibernate.SQL                        : insert into CarStatusTable (carAvailability, carType, latitude, longitude, carId) values (?, ?, ?, ?, ?)
2018-08-18 08:12:11.137 DEBUG 13626 --- [    Test worker] org.hibernate.SQL                        : insert into CarStatusTable (carAvailability, carType, latitude, longitude, carId) values (?, ?, ?, ?, ?)
2018-08-18 08:12:11.145 DEBUG 13626 --- [    Test worker] org.hibernate.SQL                        : insert into CarStatusTable (carAvailability, carType, latitude, longitude, carId) values (?, ?, ?, ?, ?)
2018-08-18 08:12:11.146 DEBUG 13626 --- [    Test worker] org.hibernate.SQL                        : insert into CarStatusTable (carAvailability, carType, latitude, longitude, carId) values (?, ?, ?, ?, ?)
2018-08-18 08:12:11.146 DEBUG 13626 --- [    Test worker] org.hibernate.SQL                        : insert into CarStatusTable (carAvailability, carType, latitude, longitude, carId) values (?, ?, ?, ?, ?)
2018-08-18 08:12:11.147 DEBUG 13626 --- [    Test worker] org.hibernate.SQL                        : insert into CarStatusTable (carAvailability, carType, latitude, longitude, carId) values (?, ?, ?, ?, ?)
2018-08-18 08:12:11.147 DEBUG 13626 --- [    Test worker] org.hibernate.SQL                        : insert into CarStatusTable (carAvailability, carType, latitude, longitude, carId) values (?, ?, ?, ?, ?)
2018-08-18 08:12:11.149 DEBUG 13626 --- [    Test worker] org.hibernate.SQL                        : insert into CarStatusTable (carAvailability, carType, latitude, longitude, carId) values (?, ?, ?, ?, ?)
2018-08-18 08:12:11.149 DEBUG 13626 --- [    Test worker] org.hibernate.SQL                        : insert into CarStatusTable (carAvailability, carType, latitude, longitude, carId) values (?, ?, ?, ?, ?)
2018-08-18 08:12:11.150 DEBUG 13626 --- [    Test worker] org.hibernate.SQL                        : insert into CarStatusTable (carAvailability, carType, latitude, longitude, carId) values (?, ?, ?, ?, ?)
2018-08-18 08:12:11.150 DEBUG 13626 --- [    Test worker] org.hibernate.SQL                        : insert into CarStatusTable (carAvailability, carType, latitude, longitude, carId) values (?, ?, ?, ?, ?)
2018-08-18 08:12:11.150 DEBUG 13626 --- [    Test worker] org.hibernate.SQL                        : insert into CarStatusTable (carAvailability, carType, latitude, longitude, carId) values (?, ?, ?, ?, ?)
2018-08-18 08:12:11.151 DEBUG 13626 --- [    Test worker] org.hibernate.SQL                        : insert into CarStatusTable (carAvailability, carType, latitude, longitude, carId) values (?, ?, ?, ?, ?)
2018-08-18 08:12:11.151 DEBUG 13626 --- [    Test worker] org.hibernate.SQL                        : insert into CarStatusTable (carAvailability, carType, latitude, longitude, carId) values (?, ?, ?, ?, ?)
2018-08-18 08:12:11.151 DEBUG 13626 --- [    Test worker] org.hibernate.SQL                        : insert into CarStatusTable (carAvailability, carType, latitude, longitude, carId) values (?, ?, ?, ?, ?)
2018-08-18 08:12:11.166 DEBUG 13626 --- [    Test worker] org.hibernate.SQL                        : insert into CarStatusTable (carAvailability, carType, latitude, longitude, carId) values (?, ?, ?, ?, ?)
2018-08-18 08:12:11.169 DEBUG 13626 --- [    Test worker] org.hibernate.SQL                        : insert into CarStatusTable (carAvailability, carType, latitude, longitude, carId) values (?, ?, ?, ?, ?)
2018-08-18 08:12:11.169 DEBUG 13626 --- [    Test worker] org.hibernate.SQL                        : insert into CarStatusTable (carAvailability, carType, latitude, longitude, carId) values (?, ?, ?, ?, ?)
2018-08-18 08:12:11.170 DEBUG 13626 --- [    Test worker] org.hibernate.SQL                        : insert into CarStatusTable (carAvailability, carType, latitude, longitude, carId) values (?, ?, ?, ?, ?)
2018-08-18 08:12:11.170 DEBUG 13626 --- [    Test worker] org.hibernate.SQL                        : insert into CarStatusTable (carAvailability, carType, latitude, longitude, carId) values (?, ?, ?, ?, ?)
2018-08-18 08:12:11.171 DEBUG 13626 --- [    Test worker] org.hibernate.SQL                        : insert into CarStatusTable (carAvailability, carType, latitude, longitude, carId) values (?, ?, ?, ?, ?)
2018-08-18 08:12:11.171 DEBUG 13626 --- [    Test worker] org.hibernate.SQL                        : insert into CarStatusTable (carAvailability, carType, latitude, longitude, carId) values (?, ?, ?, ?, ?)
2018-08-18 08:12:11.172 DEBUG 13626 --- [    Test worker] org.hibernate.SQL                        : insert into CarStatusTable (carAvailability, carType, latitude, longitude, carId) values (?, ?, ?, ?, ?)
2018-08-18 08:12:11.172 DEBUG 13626 --- [    Test worker] org.hibernate.SQL                        : insert into CarStatusTable (carAvailability, carType, latitude, longitude, carId) values (?, ?, ?, ?, ?)
2018-08-18 08:12:11.173 DEBUG 13626 --- [    Test worker] org.hibernate.SQL                        : insert into CarStatusTable (carAvailability, carType, latitude, longitude, carId) values (?, ?, ?, ?, ?)
2018-08-18 08:12:11.173 DEBUG 13626 --- [    Test worker] org.hibernate.SQL                        : insert into CarStatusTable (carAvailability, carType, latitude, longitude, carId) values (?, ?, ?, ?, ?)
2018-08-18 08:12:11.174 DEBUG 13626 --- [    Test worker] org.hibernate.SQL                        : insert into CarStatusTable (carAvailability, carType, latitude, longitude, carId) values (?, ?, ?, ?, ?)
2018-08-18 08:12:11.174 DEBUG 13626 --- [    Test worker] org.hibernate.SQL                        : insert into CarStatusTable (carAvailability, carType, latitude, longitude, carId) values (?, ?, ?, ?, ?)
2018-08-18 08:12:11.174 DEBUG 13626 --- [    Test worker] org.hibernate.SQL                        : insert into CarStatusTable (carAvailability, carType, latitude, longitude, carId) values (?, ?, ?, ?, ?)
2018-08-18 08:12:11.175 DEBUG 13626 --- [    Test worker] org.hibernate.SQL                        : insert into CarStatusTable (carAvailability, carType, latitude, longitude, carId) values (?, ?, ?, ?, ?)
2018-08-18 08:12:11.175 DEBUG 13626 --- [    Test worker] org.hibernate.SQL                        : insert into CarStatusTable (carAvailability, carType, latitude, longitude, carId) values (?, ?, ?, ?, ?)
2018-08-18 08:12:11.176 DEBUG 13626 --- [    Test worker] org.hibernate.SQL                        : insert into CarStatusTable (carAvailability, carType, latitude, longitude, carId) values (?, ?, ?, ?, ?)
2018-08-18 08:12:11.187 DEBUG 13626 --- [    Test worker] org.hibernate.SQL                        : insert into CarStatusTable (carAvailability, carType, latitude, longitude, carId) values (?, ?, ?, ?, ?)
2018-08-18 08:12:11.189 DEBUG 13626 --- [    Test worker] org.hibernate.SQL                        : insert into CarStatusTable (carAvailability, carType, latitude, longitude, carId) values (?, ?, ?, ?, ?)
2018-08-18 08:12:11.190 DEBUG 13626 --- [    Test worker] org.hibernate.SQL                        : insert into CarStatusTable (carAvailability, carType, latitude, longitude, carId) values (?, ?, ?, ?, ?)
2018-08-18 08:12:11.190 DEBUG 13626 --- [    Test worker] org.hibernate.SQL                        : insert into CarStatusTable (carAvailability, carType, latitude, longitude, carId) values (?, ?, ?, ?, ?)
2018-08-18 08:12:11.191 DEBUG 13626 --- [    Test worker] org.hibernate.SQL                        : insert into CarStatusTable (carAvailability, carType, latitude, longitude, carId) values (?, ?, ?, ?, ?)
2018-08-18 08:12:11.191 DEBUG 13626 --- [    Test worker] org.hibernate.SQL                        : insert into CarStatusTable (carAvailability, carType, latitude, longitude, carId) values (?, ?, ?, ?, ?)
2018-08-18 08:12:11.191 DEBUG 13626 --- [    Test worker] org.hibernate.SQL                        : insert into CarStatusTable (carAvailability, carType, latitude, longitude, carId) values (?, ?, ?, ?, ?)
2018-08-18 08:12:11.192 DEBUG 13626 --- [    Test worker] org.hibernate.SQL                        : insert into CarStatusTable (carAvailability, carType, latitude, longitude, carId) values (?, ?, ?, ?, ?)
2018-08-18 08:12:11.192 DEBUG 13626 --- [    Test worker] org.hibernate.SQL                        : insert into CarStatusTable (carAvailability, carType, latitude, longitude, carId) values (?, ?, ?, ?, ?)
2018-08-18 08:12:11.192 DEBUG 13626 --- [    Test worker] org.hibernate.SQL                        : insert into CarStatusTable (carAvailability, carType, latitude, longitude, carId) values (?, ?, ?, ?, ?)
2018-08-18 08:12:11.193 DEBUG 13626 --- [    Test worker] org.hibernate.SQL                        : insert into CarStatusTable (carAvailability, carType, latitude, longitude, carId) values (?, ?, ?, ?, ?)
2018-08-18 08:12:11.193 DEBUG 13626 --- [    Test worker] org.hibernate.SQL                        : insert into CarStatusTable (carAvailability, carType, latitude, longitude, carId) values (?, ?, ?, ?, ?)
2018-08-18 08:12:11.193 DEBUG 13626 --- [    Test worker] org.hibernate.SQL                        : insert into CarStatusTable (carAvailability, carType, latitude, longitude, carId) values (?, ?, ?, ?, ?)
2018-08-18 08:12:11.194 DEBUG 13626 --- [    Test worker] org.hibernate.SQL                        : insert into CarStatusTable (carAvailability, carType, latitude, longitude, carId) values (?, ?, ?, ?, ?)
2018-08-18 08:12:11.194 DEBUG 13626 --- [    Test worker] org.hibernate.SQL                        : insert into CarStatusTable (carAvailability, carType, latitude, longitude, carId) values (?, ?, ?, ?, ?)
2018-08-18 08:12:11.195 DEBUG 13626 --- [    Test worker] org.hibernate.SQL                        : insert into CarStatusTable (carAvailability, carType, latitude, longitude, carId) values (?, ?, ?, ?, ?)
2018-08-18 08:12:11.195 DEBUG 13626 --- [    Test worker] org.hibernate.SQL                        : insert into CarStatusTable (carAvailability, carType, latitude, longitude, carId) values (?, ?, ?, ?, ?)
2018-08-18 08:12:11.195 DEBUG 13626 --- [    Test worker] org.hibernate.SQL                        : insert into CarStatusTable (carAvailability, carType, latitude, longitude, carId) values (?, ?, ?, ?, ?)
2018-08-18 08:12:11.196 DEBUG 13626 --- [    Test worker] org.hibernate.SQL                        : insert into CarStatusTable (carAvailability, carType, latitude, longitude, carId) values (?, ?, ?, ?, ?)
2018-08-18 08:12:11.208 DEBUG 13626 --- [    Test worker] org.hibernate.SQL                        : insert into CarStatusTable (carAvailability, carType, latitude, longitude, carId) values (?, ?, ?, ?, ?)
2018-08-18 08:12:11.209 DEBUG 13626 --- [    Test worker] org.hibernate.SQL                        : insert into CarStatusTable (carAvailability, carType, latitude, longitude, carId) values (?, ?, ?, ?, ?)
2018-08-18 08:12:11.211 DEBUG 13626 --- [    Test worker] org.hibernate.SQL                        : insert into CarStatusTable (carAvailability, carType, latitude, longitude, carId) values (?, ?, ?, ?, ?)
2018-08-18 08:12:11.212 DEBUG 13626 --- [    Test worker] org.hibernate.SQL                        : insert into CarStatusTable (carAvailability, carType, latitude, longitude, carId) values (?, ?, ?, ?, ?)
2018-08-18 08:12:11.212 DEBUG 13626 --- [    Test worker] org.hibernate.SQL                        : insert into CarStatusTable (carAvailability, carType, latitude, longitude, carId) values (?, ?, ?, ?, ?)
2018-08-18 08:12:11.213 DEBUG 13626 --- [    Test worker] org.hibernate.SQL                        : insert into CarStatusTable (carAvailability, carType, latitude, longitude, carId) values (?, ?, ?, ?, ?)
2018-08-18 08:12:11.213 DEBUG 13626 --- [    Test worker] org.hibernate.SQL                        : insert into CarStatusTable (carAvailability, carType, latitude, longitude, carId) values (?, ?, ?, ?, ?)
2018-08-18 08:12:11.214 DEBUG 13626 --- [    Test worker] org.hibernate.SQL                        : insert into CarStatusTable (carAvailability, carType, latitude, longitude, carId) values (?, ?, ?, ?, ?)
2018-08-18 08:12:11.230 DEBUG 13626 --- [    Test worker] org.hibernate.SQL                        : insert into CarStatusTable (carAvailability, carType, latitude, longitude, carId) values (?, ?, ?, ?, ?)
2018-08-18 08:12:11.234 DEBUG 13626 --- [    Test worker] org.hibernate.SQL                        : insert into CarStatusTable (carAvailability, carType, latitude, longitude, carId) values (?, ?, ?, ?, ?)
2018-08-18 08:12:11.234 DEBUG 13626 --- [    Test worker] org.hibernate.SQL                        : insert into CarStatusTable (carAvailability, carType, latitude, longitude, carId) values (?, ?, ?, ?, ?)
2018-08-18 08:12:11.235 DEBUG 13626 --- [    Test worker] org.hibernate.SQL                        : insert into CarStatusTable (carAvailability, carType, latitude, longitude, carId) values (?, ?, ?, ?, ?)
2018-08-18 08:12:11.235 DEBUG 13626 --- [    Test worker] org.hibernate.SQL                        : insert into CarStatusTable (carAvailability, carType, latitude, longitude, carId) values (?, ?, ?, ?, ?)
2018-08-18 08:12:11.235 DEBUG 13626 --- [    Test worker] org.hibernate.SQL                        : insert into CarStatusTable (carAvailability, carType, latitude, longitude, carId) values (?, ?, ?, ?, ?)
2018-08-18 08:12:11.236 DEBUG 13626 --- [    Test worker] org.hibernate.SQL                        : insert into CarStatusTable (carAvailability, carType, latitude, longitude, carId) values (?, ?, ?, ?, ?)
2018-08-18 08:12:11.236 DEBUG 13626 --- [    Test worker] org.hibernate.SQL                        : insert into CarStatusTable (carAvailability, carType, latitude, longitude, carId) values (?, ?, ?, ?, ?)
2018-08-18 08:12:11.236 DEBUG 13626 --- [    Test worker] org.hibernate.SQL                        : insert into CarStatusTable (carAvailability, carType, latitude, longitude, carId) values (?, ?, ?, ?, ?)
2018-08-18 08:12:11.247 DEBUG 13626 --- [    Test worker] org.hibernate.SQL                        : insert into CarStatusTable (carAvailability, carType, latitude, longitude, carId) values (?, ?, ?, ?, ?)
2018-08-18 08:12:11.247 DEBUG 13626 --- [    Test worker] org.hibernate.SQL                        : insert into CarStatusTable (carAvailability, carType, latitude, longitude, carId) values (?, ?, ?, ?, ?)
2018-08-18 08:12:11.248 DEBUG 13626 --- [    Test worker] org.hibernate.SQL                        : insert into CarStatusTable (carAvailability, carType, latitude, longitude, carId) values (?, ?, ?, ?, ?)
2018-08-18 08:12:11.248 DEBUG 13626 --- [    Test worker] org.hibernate.SQL                        : insert into CarStatusTable (carAvailability, carType, latitude, longitude, carId) values (?, ?, ?, ?, ?)
2018-08-18 08:12:11.249 DEBUG 13626 --- [    Test worker] org.hibernate.SQL                        : insert into CarStatusTable (carAvailability, carType, latitude, longitude, carId) values (?, ?, ?, ?, ?)
2018-08-18 08:12:11.249 DEBUG 13626 --- [    Test worker] org.hibernate.SQL                        : insert into CarStatusTable (carAvailability, carType, latitude, longitude, carId) values (?, ?, ?, ?, ?)
2018-08-18 08:12:11.261 DEBUG 13626 --- [    Test worker] org.hibernate.SQL                        : insert into CarStatusTable (carAvailability, carType, latitude, longitude, carId) values (?, ?, ?, ?, ?)
2018-08-18 08:12:11.261 DEBUG 13626 --- [    Test worker] org.hibernate.SQL                        : insert into CarStatusTable (carAvailability, carType, latitude, longitude, carId) values (?, ?, ?, ?, ?)
2018-08-18 08:12:11.262 DEBUG 13626 --- [    Test worker] org.hibernate.SQL                        : insert into CarStatusTable (carAvailability, carType, latitude, longitude, carId) values (?, ?, ?, ?, ?)
2018-08-18 08:12:11.262 DEBUG 13626 --- [    Test worker] org.hibernate.SQL                        : insert into CarStatusTable (carAvailability, carType, latitude, longitude, carId) values (?, ?, ?, ?, ?)
2018-08-18 08:12:11.263 DEBUG 13626 --- [    Test worker] org.hibernate.SQL                        : insert into CarStatusTable (carAvailability, carType, latitude, longitude, carId) values (?, ?, ?, ?, ?)
2018-08-18 08:12:11.263 DEBUG 13626 --- [    Test worker] org.hibernate.SQL                        : insert into CarStatusTable (carAvailability, carType, latitude, longitude, carId) values (?, ?, ?, ?, ?)
2018-08-18 08:12:11.263 DEBUG 13626 --- [    Test worker] org.hibernate.SQL                        : insert into CarStatusTable (carAvailability, carType, latitude, longitude, carId) values (?, ?, ?, ?, ?)
2018-08-18 08:12:11.264 DEBUG 13626 --- [    Test worker] org.hibernate.SQL                        : insert into CarStatusTable (carAvailability, carType, latitude, longitude, carId) values (?, ?, ?, ?, ?)
2018-08-18 08:12:11.264 DEBUG 13626 --- [    Test worker] org.hibernate.SQL                        : insert into CarStatusTable (carAvailability, carType, latitude, longitude, carId) values (?, ?, ?, ?, ?)
2018-08-18 08:12:11.265 DEBUG 13626 --- [    Test worker] org.hibernate.SQL                        : insert into CarStatusTable (carAvailability, carType, latitude, longitude, carId) values (?, ?, ?, ?, ?)
2018-08-18 08:12:11.265 DEBUG 13626 --- [    Test worker] org.hibernate.SQL                        : insert into CarStatusTable (carAvailability, carType, latitude, longitude, carId) values (?, ?, ?, ?, ?)
2018-08-18 08:12:11.265 DEBUG 13626 --- [    Test worker] org.hibernate.SQL                        : insert into CarStatusTable (carAvailability, carType, latitude, longitude, carId) values (?, ?, ?, ?, ?)
2018-08-18 08:12:11.266 DEBUG 13626 --- [    Test worker] org.hibernate.SQL                        : insert into CarStatusTable (carAvailability, carType, latitude, longitude, carId) values (?, ?, ?, ?, ?)
2018-08-18 08:12:11.266 DEBUG 13626 --- [    Test worker] org.hibernate.SQL                        : insert into CarStatusTable (carAvailability, carType, latitude, longitude, carId) values (?, ?, ?, ?, ?)
2018-08-18 08:12:11.267 DEBUG 13626 --- [    Test worker] org.hibernate.SQL                        : insert into CarStatusTable (carAvailability, carType, latitude, longitude, carId) values (?, ?, ?, ?, ?)
2018-08-18 08:12:11.276 DEBUG 13626 --- [    Test worker] org.hibernate.SQL                        : insert into CarStatusTable (carAvailability, carType, latitude, longitude, carId) values (?, ?, ?, ?, ?)
2018-08-18 08:12:11.279 DEBUG 13626 --- [    Test worker] org.hibernate.SQL                        : insert into CarStatusTable (carAvailability, carType, latitude, longitude, carId) values (?, ?, ?, ?, ?)
2018-08-18 08:12:11.281 DEBUG 13626 --- [    Test worker] org.hibernate.SQL                        : insert into CarStatusTable (carAvailability, carType, latitude, longitude, carId) values (?, ?, ?, ?, ?)
2018-08-18 08:12:11.281 DEBUG 13626 --- [    Test worker] org.hibernate.SQL                        : insert into CarStatusTable (carAvailability, carType, latitude, longitude, carId) values (?, ?, ?, ?, ?)
2018-08-18 08:12:11.282 DEBUG 13626 --- [    Test worker] org.hibernate.SQL                        : insert into CarStatusTable (carAvailability, carType, latitude, longitude, carId) values (?, ?, ?, ?, ?)
2018-08-18 08:12:11.282 DEBUG 13626 --- [    Test worker] org.hibernate.SQL                        : insert into CarStatusTable (carAvailability, carType, latitude, longitude, carId) values (?, ?, ?, ?, ?)
2018-08-18 08:12:11.298 DEBUG 13626 --- [    Test worker] org.hibernate.SQL                        : insert into CarStatusTable (carAvailability, carType, latitude, longitude, carId) values (?, ?, ?, ?, ?)
2018-08-18 08:12:11.299 DEBUG 13626 --- [    Test worker] org.hibernate.SQL                        : insert into CarStatusTable (carAvailability, carType, latitude, longitude, carId) values (?, ?, ?, ?, ?)
2018-08-18 08:12:11.299 DEBUG 13626 --- [    Test worker] org.hibernate.SQL                        : insert into CarStatusTable (carAvailability, carType, latitude, longitude, carId) values (?, ?, ?, ?, ?)
2018-08-18 08:12:11.300 DEBUG 13626 --- [    Test worker] org.hibernate.SQL                        : insert into CarStatusTable (carAvailability, carType, latitude, longitude, carId) values (?, ?, ?, ?, ?)
2018-08-18 08:12:11.300 DEBUG 13626 --- [    Test worker] org.hibernate.SQL                        : insert into CarStatusTable (carAvailability, carType, latitude, longitude, carId) values (?, ?, ?, ?, ?)
2018-08-18 08:12:11.300 DEBUG 13626 --- [    Test worker] org.hibernate.SQL                        : insert into CarStatusTable (carAvailability, carType, latitude, longitude, carId) values (?, ?, ?, ?, ?)
2018-08-18 08:12:11.301 DEBUG 13626 --- [    Test worker] org.hibernate.SQL                        : insert into CarStatusTable (carAvailability, carType, latitude, longitude, carId) values (?, ?, ?, ?, ?)
2018-08-18 08:12:11.301 DEBUG 13626 --- [    Test worker] org.hibernate.SQL                        : insert into CarStatusTable (carAvailability, carType, latitude, longitude, carId) values (?, ?, ?, ?, ?)
2018-08-18 08:12:11.302 DEBUG 13626 --- [    Test worker] org.hibernate.SQL                        : insert into CarStatusTable (carAvailability, carType, latitude, longitude, carId) values (?, ?, ?, ?, ?)
2018-08-18 08:12:11.302 DEBUG 13626 --- [    Test worker] org.hibernate.SQL                        : insert into CarStatusTable (carAvailability, carType, latitude, longitude, carId) values (?, ?, ?, ?, ?)
2018-08-18 08:12:11.302 DEBUG 13626 --- [    Test worker] org.hibernate.SQL                        : insert into CarStatusTable (carAvailability, carType, latitude, longitude, carId) values (?, ?, ?, ?, ?)
2018-08-18 08:12:11.303 DEBUG 13626 --- [    Test worker] org.hibernate.SQL                        : insert into CarStatusTable (carAvailability, carType, latitude, longitude, carId) values (?, ?, ?, ?, ?)
2018-08-18 08:12:11.303 DEBUG 13626 --- [    Test worker] org.hibernate.SQL                        : insert into CarStatusTable (carAvailability, carType, latitude, longitude, carId) values (?, ?, ?, ?, ?)
2018-08-18 08:12:11.303 DEBUG 13626 --- [    Test worker] org.hibernate.SQL                        : insert into CarStatusTable (carAvailability, carType, latitude, longitude, carId) values (?, ?, ?, ?, ?)
2018-08-18 08:12:11.304 DEBUG 13626 --- [    Test worker] org.hibernate.SQL                        : insert into CarStatusTable (carAvailability, carType, latitude, longitude, carId) values (?, ?, ?, ?, ?)
2018-08-18 08:12:11.304 DEBUG 13626 --- [    Test worker] org.hibernate.SQL                        : insert into CarStatusTable (carAvailability, carType, latitude, longitude, carId) values (?, ?, ?, ?, ?)
2018-08-18 08:12:11.304 DEBUG 13626 --- [    Test worker] org.hibernate.SQL                        : insert into CarStatusTable (carAvailability, carType, latitude, longitude, carId) values (?, ?, ?, ?, ?)
2018-08-18 08:12:11.305 DEBUG 13626 --- [    Test worker] org.hibernate.SQL                        : insert into CarStatusTable (carAvailability, carType, latitude, longitude, carId) values (?, ?, ?, ?, ?)
2018-08-18 08:12:11.305 DEBUG 13626 --- [    Test worker] org.hibernate.SQL                        : insert into CarStatusTable (carAvailability, carType, latitude, longitude, carId) values (?, ?, ?, ?, ?)
2018-08-18 08:12:11.305 DEBUG 13626 --- [    Test worker] org.hibernate.SQL                        : insert into CarStatusTable (carAvailability, carType, latitude, longitude, carId) values (?, ?, ?, ?, ?)
2018-08-18 08:12:11.306 DEBUG 13626 --- [    Test worker] org.hibernate.SQL                        : insert into CarStatusTable (carAvailability, carType, latitude, longitude, carId) values (?, ?, ?, ?, ?)
2018-08-18 08:12:11.318 DEBUG 13626 --- [    Test worker] org.hibernate.SQL                        : insert into CarStatusTable (carAvailability, carType, latitude, longitude, carId) values (?, ?, ?, ?, ?)
2018-08-18 08:12:11.321 DEBUG 13626 --- [    Test worker] org.hibernate.SQL                        : insert into CarStatusTable (carAvailability, carType, latitude, longitude, carId) values (?, ?, ?, ?, ?)
2018-08-18 08:12:11.322 DEBUG 13626 --- [    Test worker] org.hibernate.SQL                        : insert into CarStatusTable (carAvailability, carType, latitude, longitude, carId) values (?, ?, ?, ?, ?)
2018-08-18 08:12:11.322 DEBUG 13626 --- [    Test worker] org.hibernate.SQL                        : insert into CarStatusTable (carAvailability, carType, latitude, longitude, carId) values (?, ?, ?, ?, ?)
2018-08-18 08:12:11.322 DEBUG 13626 --- [    Test worker] org.hibernate.SQL                        : insert into CarStatusTable (carAvailability, carType, latitude, longitude, carId) values (?, ?, ?, ?, ?)
2018-08-18 08:12:11.323 DEBUG 13626 --- [    Test worker] org.hibernate.SQL                        : insert into CarStatusTable (carAvailability, carType, latitude, longitude, carId) values (?, ?, ?, ?, ?)
2018-08-18 08:12:11.327 DEBUG 13626 --- [    Test worker] org.hibernate.SQL                        : insert into CarStatusTable (carAvailability, carType, latitude, longitude, carId) values (?, ?, ?, ?, ?)
2018-08-18 08:12:11.329 DEBUG 13626 --- [    Test worker] org.hibernate.SQL                        : insert into CarStatusTable (carAvailability, carType, latitude, longitude, carId) values (?, ?, ?, ?, ?)
2018-08-18 08:12:11.331 DEBUG 13626 --- [    Test worker] org.hibernate.SQL                        : insert into CarStatusTable (carAvailability, carType, latitude, longitude, carId) values (?, ?, ?, ?, ?)
2018-08-18 08:12:11.331 DEBUG 13626 --- [    Test worker] org.hibernate.SQL                        : insert into CarStatusTable (carAvailability, carType, latitude, longitude, carId) values (?, ?, ?, ?, ?)
2018-08-18 08:12:11.331 DEBUG 13626 --- [    Test worker] org.hibernate.SQL                        : insert into CarStatusTable (carAvailability, carType, latitude, longitude, carId) values (?, ?, ?, ?, ?)
2018-08-18 08:12:11.332 DEBUG 13626 --- [    Test worker] org.hibernate.SQL                        : insert into CarStatusTable (carAvailability, carType, latitude, longitude, carId) values (?, ?, ?, ?, ?)
2018-08-18 08:12:11.332 DEBUG 13626 --- [    Test worker] org.hibernate.SQL                        : insert into CarStatusTable (carAvailability, carType, latitude, longitude, carId) values (?, ?, ?, ?, ?)
2018-08-18 08:12:11.333 DEBUG 13626 --- [    Test worker] org.hibernate.SQL                        : insert into CarStatusTable (carAvailability, carType, latitude, longitude, carId) values (?, ?, ?, ?, ?)
2018-08-18 08:12:11.337 DEBUG 13626 --- [    Test worker] org.hibernate.SQL                        : insert into CarStatusTable (carAvailability, carType, latitude, longitude, carId) values (?, ?, ?, ?, ?)
2018-08-18 08:12:11.338 DEBUG 13626 --- [    Test worker] org.hibernate.SQL                        : insert into CarStatusTable (carAvailability, carType, latitude, longitude, carId) values (?, ?, ?, ?, ?)
2018-08-18 08:12:11.341 DEBUG 13626 --- [    Test worker] org.hibernate.SQL                        : insert into CarStatusTable (carAvailability, carType, latitude, longitude, carId) values (?, ?, ?, ?, ?)
2018-08-18 08:12:11.341 DEBUG 13626 --- [    Test worker] org.hibernate.SQL                        : insert into CarStatusTable (carAvailability, carType, latitude, longitude, carId) values (?, ?, ?, ?, ?)
2018-08-18 08:12:11.342 DEBUG 13626 --- [    Test worker] org.hibernate.SQL                        : insert into CarStatusTable (carAvailability, carType, latitude, longitude, carId) values (?, ?, ?, ?, ?)
2018-08-18 08:12:11.344 DEBUG 13626 --- [    Test worker] org.hibernate.SQL                        : insert into CarStatusTable (carAvailability, carType, latitude, longitude, carId) values (?, ?, ?, ?, ?)
2018-08-18 08:12:11.345 DEBUG 13626 --- [    Test worker] org.hibernate.SQL                        : insert into CarStatusTable (carAvailability, carType, latitude, longitude, carId) values (?, ?, ?, ?, ?)
2018-08-18 08:12:11.345 DEBUG 13626 --- [    Test worker] org.hibernate.SQL                        : insert into CarStatusTable (carAvailability, carType, latitude, longitude, carId) values (?, ?, ?, ?, ?)
2018-08-18 08:12:11.345 DEBUG 13626 --- [    Test worker] org.hibernate.SQL                        : insert into CarStatusTable (carAvailability, carType, latitude, longitude, carId) values (?, ?, ?, ?, ?)
2018-08-18 08:12:11.346 DEBUG 13626 --- [    Test worker] org.hibernate.SQL                        : insert into CarStatusTable (carAvailability, carType, latitude, longitude, carId) values (?, ?, ?, ?, ?)
2018-08-18 08:12:11.346 DEBUG 13626 --- [    Test worker] org.hibernate.SQL                        : insert into CarStatusTable (carAvailability, carType, latitude, longitude, carId) values (?, ?, ?, ?, ?)
2018-08-18 08:12:11.347 DEBUG 13626 --- [    Test worker] org.hibernate.SQL                        : insert into CarStatusTable (carAvailability, carType, latitude, longitude, carId) values (?, ?, ?, ?, ?)
2018-08-18 08:12:11.347 DEBUG 13626 --- [    Test worker] org.hibernate.SQL                        : insert into CarStatusTable (carAvailability, carType, latitude, longitude, carId) values (?, ?, ?, ?, ?)
2018-08-18 08:12:11.347 DEBUG 13626 --- [    Test worker] org.hibernate.SQL                        : insert into CarStatusTable (carAvailability, carType, latitude, longitude, carId) values (?, ?, ?, ?, ?)
2018-08-18 08:12:11.348 DEBUG 13626 --- [    Test worker] org.hibernate.SQL                        : insert into CarStatusTable (carAvailability, carType, latitude, longitude, carId) values (?, ?, ?, ?, ?)
2018-08-18 08:12:11.348 DEBUG 13626 --- [    Test worker] org.hibernate.SQL                        : insert into CarStatusTable (carAvailability, carType, latitude, longitude, carId) values (?, ?, ?, ?, ?)
2018-08-18 08:12:11.355 DEBUG 13626 --- [    Test worker] org.hibernate.SQL                        : insert into CarStatusTable (carAvailability, carType, latitude, longitude, carId) values (?, ?, ?, ?, ?)
2018-08-18 08:12:11.357 DEBUG 13626 --- [    Test worker] org.hibernate.SQL                        : insert into CarStatusTable (carAvailability, carType, latitude, longitude, carId) values (?, ?, ?, ?, ?)
2018-08-18 08:12:11.358 DEBUG 13626 --- [    Test worker] org.hibernate.SQL                        : insert into CarStatusTable (carAvailability, carType, latitude, longitude, carId) values (?, ?, ?, ?, ?)
2018-08-18 08:12:11.361 DEBUG 13626 --- [    Test worker] org.hibernate.SQL                        : insert into CarStatusTable (carAvailability, carType, latitude, longitude, carId) values (?, ?, ?, ?, ?)
2018-08-18 08:12:11.362 DEBUG 13626 --- [    Test worker] org.hibernate.SQL                        : insert into CarStatusTable (carAvailability, carType, latitude, longitude, carId) values (?, ?, ?, ?, ?)
2018-08-18 08:12:11.362 DEBUG 13626 --- [    Test worker] org.hibernate.SQL                        : insert into CarStatusTable (carAvailability, carType, latitude, longitude, carId) values (?, ?, ?, ?, ?)
2018-08-18 08:12:11.363 DEBUG 13626 --- [    Test worker] org.hibernate.SQL                        : insert into CarStatusTable (carAvailability, carType, latitude, longitude, carId) values (?, ?, ?, ?, ?)
2018-08-18 08:12:11.363 DEBUG 13626 --- [    Test worker] org.hibernate.SQL                        : insert into CarStatusTable (carAvailability, carType, latitude, longitude, carId) values (?, ?, ?, ?, ?)
2018-08-18 08:12:11.364 DEBUG 13626 --- [    Test worker] org.hibernate.SQL                        : insert into CarStatusTable (carAvailability, carType, latitude, longitude, carId) values (?, ?, ?, ?, ?)
2018-08-18 08:12:11.364 DEBUG 13626 --- [    Test worker] org.hibernate.SQL                        : insert into CarStatusTable (carAvailability, carType, latitude, longitude, carId) values (?, ?, ?, ?, ?)
2018-08-18 08:12:11.364 DEBUG 13626 --- [    Test worker] org.hibernate.SQL                        : insert into CarStatusTable (carAvailability, carType, latitude, longitude, carId) values (?, ?, ?, ?, ?)
2018-08-18 08:12:11.365 DEBUG 13626 --- [    Test worker] org.hibernate.SQL                        : insert into CarStatusTable (carAvailability, carType, latitude, longitude, carId) values (?, ?, ?, ?, ?)
2018-08-18 08:12:11.365 DEBUG 13626 --- [    Test worker] org.hibernate.SQL                        : insert into CarStatusTable (carAvailability, carType, latitude, longitude, carId) values (?, ?, ?, ?, ?)
2018-08-18 08:12:11.365 DEBUG 13626 --- [    Test worker] org.hibernate.SQL                        : insert into CarStatusTable (carAvailability, carType, latitude, longitude, carId) values (?, ?, ?, ?, ?)
2018-08-18 08:12:11.366 DEBUG 13626 --- [    Test worker] org.hibernate.SQL                        : insert into CarStatusTable (carAvailability, carType, latitude, longitude, carId) values (?, ?, ?, ?, ?)
2018-08-18 08:12:11.384 DEBUG 13626 --- [    Test worker] org.hibernate.SQL                        : insert into CarStatusTable (carAvailability, carType, latitude, longitude, carId) values (?, ?, ?, ?, ?)
2018-08-18 08:12:11.385 DEBUG 13626 --- [    Test worker] org.hibernate.SQL                        : insert into CarStatusTable (carAvailability, carType, latitude, longitude, carId) values (?, ?, ?, ?, ?)
2018-08-18 08:12:11.385 DEBUG 13626 --- [    Test worker] org.hibernate.SQL                        : insert into CarStatusTable (carAvailability, carType, latitude, longitude, carId) values (?, ?, ?, ?, ?)
2018-08-18 08:12:11.385 DEBUG 13626 --- [    Test worker] org.hibernate.SQL                        : insert into CarStatusTable (carAvailability, carType, latitude, longitude, carId) values (?, ?, ?, ?, ?)
2018-08-18 08:12:11.386 DEBUG 13626 --- [    Test worker] org.hibernate.SQL                        : insert into CarStatusTable (carAvailability, carType, latitude, longitude, carId) values (?, ?, ?, ?, ?)
2018-08-18 08:12:11.386 DEBUG 13626 --- [    Test worker] org.hibernate.SQL                        : insert into CarStatusTable (carAvailability, carType, latitude, longitude, carId) values (?, ?, ?, ?, ?)
2018-08-18 08:12:11.386 DEBUG 13626 --- [    Test worker] org.hibernate.SQL                        : insert into CarStatusTable (carAvailability, carType, latitude, longitude, carId) values (?, ?, ?, ?, ?)
2018-08-18 08:12:11.531 DEBUG 13626 --- [    Test worker] org.hibernate.SQL                        : insert into CarStatusTable (carAvailability, carType, latitude, longitude, carId) values (?, ?, ?, ?, ?)
2018-08-18 08:12:11.539 DEBUG 13626 --- [    Test worker] org.hibernate.SQL                        : insert into CarStatusTable (carAvailability, carType, latitude, longitude, carId) values (?, ?, ?, ?, ?)
2018-08-18 08:12:11.543 DEBUG 13626 --- [    Test worker] org.hibernate.SQL                        : insert into CarStatusTable (carAvailability, carType, latitude, longitude, carId) values (?, ?, ?, ?, ?)
2018-08-18 08:12:11.544 DEBUG 13626 --- [    Test worker] org.hibernate.SQL                        : insert into CarStatusTable (carAvailability, carType, latitude, longitude, carId) values (?, ?, ?, ?, ?)
2018-08-18 08:12:11.547 DEBUG 13626 --- [    Test worker] org.hibernate.SQL                        : insert into CarStatusTable (carAvailability, carType, latitude, longitude, carId) values (?, ?, ?, ?, ?)
2018-08-18 08:12:11.554 DEBUG 13626 --- [    Test worker] org.hibernate.SQL                        : insert into CarStatusTable (carAvailability, carType, latitude, longitude, carId) values (?, ?, ?, ?, ?)
2018-08-18 08:12:11.560 DEBUG 13626 --- [    Test worker] org.hibernate.SQL                        : insert into CarStatusTable (carAvailability, carType, latitude, longitude, carId) values (?, ?, ?, ?, ?)
2018-08-18 08:12:11.561 DEBUG 13626 --- [    Test worker] org.hibernate.SQL                        : insert into CarStatusTable (carAvailability, carType, latitude, longitude, carId) values (?, ?, ?, ?, ?)
2018-08-18 08:12:11.562 DEBUG 13626 --- [    Test worker] org.hibernate.SQL                        : insert into CarStatusTable (carAvailability, carType, latitude, longitude, carId) values (?, ?, ?, ?, ?)
2018-08-18 08:12:11.566 DEBUG 13626 --- [    Test worker] org.hibernate.SQL                        : insert into CarStatusTable (carAvailability, carType, latitude, longitude, carId) values (?, ?, ?, ?, ?)
2018-08-18 08:12:11.567 DEBUG 13626 --- [    Test worker] org.hibernate.SQL                        : insert into CarStatusTable (carAvailability, carType, latitude, longitude, carId) values (?, ?, ?, ?, ?)
2018-08-18 08:12:11.572 DEBUG 13626 --- [    Test worker] org.hibernate.SQL                        : insert into CarStatusTable (carAvailability, carType, latitude, longitude, carId) values (?, ?, ?, ?, ?)
2018-08-18 08:12:11.574 DEBUG 13626 --- [    Test worker] org.hibernate.SQL                        : insert into CarStatusTable (carAvailability, carType, latitude, longitude, carId) values (?, ?, ?, ?, ?)
2018-08-18 08:12:11.577 DEBUG 13626 --- [    Test worker] org.hibernate.SQL                        : insert into CarStatusTable (carAvailability, carType, latitude, longitude, carId) values (?, ?, ?, ?, ?)
2018-08-18 08:12:11.578 DEBUG 13626 --- [    Test worker] org.hibernate.SQL                        : insert into CarStatusTable (carAvailability, carType, latitude, longitude, carId) values (?, ?, ?, ?, ?)
2018-08-18 08:12:11.578 DEBUG 13626 --- [    Test worker] org.hibernate.SQL                        : insert into CarStatusTable (carAvailability, carType, latitude, longitude, carId) values (?, ?, ?, ?, ?)
2018-08-18 08:12:11.582 DEBUG 13626 --- [    Test worker] org.hibernate.SQL                        : insert into CarStatusTable (carAvailability, carType, latitude, longitude, carId) values (?, ?, ?, ?, ?)
2018-08-18 08:12:11.583 DEBUG 13626 --- [    Test worker] org.hibernate.SQL                        : insert into CarStatusTable (carAvailability, carType, latitude, longitude, carId) values (?, ?, ?, ?, ?)
2018-08-18 08:12:11.587 DEBUG 13626 --- [    Test worker] org.hibernate.SQL                        : insert into CarStatusTable (carAvailability, carType, latitude, longitude, carId) values (?, ?, ?, ?, ?)
2018-08-18 08:12:11.588 DEBUG 13626 --- [    Test worker] org.hibernate.SQL                        : insert into CarStatusTable (carAvailability, carType, latitude, longitude, carId) values (?, ?, ?, ?, ?)
2018-08-18 08:12:11.589 DEBUG 13626 --- [    Test worker] org.hibernate.SQL                        : insert into CarStatusTable (carAvailability, carType, latitude, longitude, carId) values (?, ?, ?, ?, ?)
2018-08-18 08:12:11.590 DEBUG 13626 --- [    Test worker] org.hibernate.SQL                        : insert into CarStatusTable (carAvailability, carType, latitude, longitude, carId) values (?, ?, ?, ?, ?)
2018-08-18 08:12:11.590 DEBUG 13626 --- [    Test worker] org.hibernate.SQL                        : insert into CarStatusTable (carAvailability, carType, latitude, longitude, carId) values (?, ?, ?, ?, ?)
2018-08-18 08:12:11.591 DEBUG 13626 --- [    Test worker] org.hibernate.SQL                        : insert into CarStatusTable (carAvailability, carType, latitude, longitude, carId) values (?, ?, ?, ?, ?)
2018-08-18 08:12:11.597 DEBUG 13626 --- [    Test worker] org.hibernate.SQL                        : insert into CarStatusTable (carAvailability, carType, latitude, longitude, carId) values (?, ?, ?, ?, ?)
2018-08-18 08:12:11.602 DEBUG 13626 --- [    Test worker] org.hibernate.SQL                        : insert into CarStatusTable (carAvailability, carType, latitude, longitude, carId) values (?, ?, ?, ?, ?)
2018-08-18 08:12:11.603 DEBUG 13626 --- [    Test worker] org.hibernate.SQL                        : insert into CarStatusTable (carAvailability, carType, latitude, longitude, carId) values (?, ?, ?, ?, ?)
2018-08-18 08:12:11.605 DEBUG 13626 --- [    Test worker] org.hibernate.SQL                        : insert into CarStatusTable (carAvailability, carType, latitude, longitude, carId) values (?, ?, ?, ?, ?)
2018-08-18 08:12:11.609 DEBUG 13626 --- [    Test worker] org.hibernate.SQL                        : insert into CarStatusTable (carAvailability, carType, latitude, longitude, carId) values (?, ?, ?, ?, ?)
2018-08-18 08:12:11.611 DEBUG 13626 --- [    Test worker] org.hibernate.SQL                        : insert into CarStatusTable (carAvailability, carType, latitude, longitude, carId) values (?, ?, ?, ?, ?)
2018-08-18 08:12:11.620 DEBUG 13626 --- [    Test worker] org.hibernate.SQL                        : insert into CarStatusTable (carAvailability, carType, latitude, longitude, carId) values (?, ?, ?, ?, ?)
2018-08-18 08:12:11.622 DEBUG 13626 --- [    Test worker] org.hibernate.SQL                        : insert into CarStatusTable (carAvailability, carType, latitude, longitude, carId) values (?, ?, ?, ?, ?)
2018-08-18 08:12:11.623 DEBUG 13626 --- [    Test worker] org.hibernate.SQL                        : insert into CarStatusTable (carAvailability, carType, latitude, longitude, carId) values (?, ?, ?, ?, ?)
2018-08-18 08:12:11.631 DEBUG 13626 --- [    Test worker] org.hibernate.SQL                        : insert into CarStatusTable (carAvailability, carType, latitude, longitude, carId) values (?, ?, ?, ?, ?)
2018-08-18 08:12:11.632 DEBUG 13626 --- [    Test worker] org.hibernate.SQL                        : insert into CarStatusTable (carAvailability, carType, latitude, longitude, carId) values (?, ?, ?, ?, ?)
2018-08-18 08:12:11.634 DEBUG 13626 --- [    Test worker] org.hibernate.SQL                        : insert into CarStatusTable (carAvailability, carType, latitude, longitude, carId) values (?, ?, ?, ?, ?)
2018-08-18 08:12:11.637 DEBUG 13626 --- [    Test worker] org.hibernate.SQL                        : insert into CarStatusTable (carAvailability, carType, latitude, longitude, carId) values (?, ?, ?, ?, ?)
2018-08-18 08:12:11.638 DEBUG 13626 --- [    Test worker] org.hibernate.SQL                        : insert into CarStatusTable (carAvailability, carType, latitude, longitude, carId) values (?, ?, ?, ?, ?)
2018-08-18 08:12:11.642 DEBUG 13626 --- [    Test worker] org.hibernate.SQL                        : insert into CarStatusTable (carAvailability, carType, latitude, longitude, carId) values (?, ?, ?, ?, ?)
2018-08-18 08:12:11.648 DEBUG 13626 --- [    Test worker] org.hibernate.SQL                        : insert into CarStatusTable (carAvailability, carType, latitude, longitude, carId) values (?, ?, ?, ?, ?)
2018-08-18 08:12:11.649 DEBUG 13626 --- [    Test worker] org.hibernate.SQL                        : insert into CarStatusTable (carAvailability, carType, latitude, longitude, carId) values (?, ?, ?, ?, ?)
2018-08-18 08:12:11.654 DEBUG 13626 --- [    Test worker] org.hibernate.SQL                        : insert into CarStatusTable (carAvailability, carType, latitude, longitude, carId) values (?, ?, ?, ?, ?)
2018-08-18 08:12:11.657 DEBUG 13626 --- [    Test worker] org.hibernate.SQL                        : insert into CarStatusTable (carAvailability, carType, latitude, longitude, carId) values (?, ?, ?, ?, ?)
2018-08-18 08:12:11.661 DEBUG 13626 --- [    Test worker] org.hibernate.SQL                        : insert into CarStatusTable (carAvailability, carType, latitude, longitude, carId) values (?, ?, ?, ?, ?)
2018-08-18 08:12:11.662 DEBUG 13626 --- [    Test worker] org.hibernate.SQL                        : insert into CarStatusTable (carAvailability, carType, latitude, longitude, carId) values (?, ?, ?, ?, ?)
2018-08-18 08:12:11.674 DEBUG 13626 --- [    Test worker] org.hibernate.SQL                        : insert into CarStatusTable (carAvailability, carType, latitude, longitude, carId) values (?, ?, ?, ?, ?)
2018-08-18 08:12:11.675 DEBUG 13626 --- [    Test worker] org.hibernate.SQL                        : insert into CarStatusTable (carAvailability, carType, latitude, longitude, carId) values (?, ?, ?, ?, ?)
2018-08-18 08:12:11.677 DEBUG 13626 --- [    Test worker] org.hibernate.SQL                        : insert into CarStatusTable (carAvailability, carType, latitude, longitude, carId) values (?, ?, ?, ?, ?)
2018-08-18 08:12:11.678 DEBUG 13626 --- [    Test worker] org.hibernate.SQL                        : insert into CarStatusTable (carAvailability, carType, latitude, longitude, carId) values (?, ?, ?, ?, ?)
2018-08-18 08:12:11.678 DEBUG 13626 --- [    Test worker] org.hibernate.SQL                        : insert into CarStatusTable (carAvailability, carType, latitude, longitude, carId) values (?, ?, ?, ?, ?)
2018-08-18 08:12:11.679 DEBUG 13626 --- [    Test worker] org.hibernate.SQL                        : insert into CarStatusTable (carAvailability, carType, latitude, longitude, carId) values (?, ?, ?, ?, ?)
2018-08-18 08:12:11.683 DEBUG 13626 --- [    Test worker] org.hibernate.SQL                        : insert into CarStatusTable (carAvailability, carType, latitude, longitude, carId) values (?, ?, ?, ?, ?)
2018-08-18 08:12:11.684 DEBUG 13626 --- [    Test worker] org.hibernate.SQL                        : insert into CarStatusTable (carAvailability, carType, latitude, longitude, carId) values (?, ?, ?, ?, ?)
2018-08-18 08:12:11.686 DEBUG 13626 --- [    Test worker] org.hibernate.SQL                        : insert into CarStatusTable (carAvailability, carType, latitude, longitude, carId) values (?, ?, ?, ?, ?)
2018-08-18 08:12:11.690 DEBUG 13626 --- [    Test worker] org.hibernate.SQL                        : insert into CarStatusTable (carAvailability, carType, latitude, longitude, carId) values (?, ?, ?, ?, ?)
2018-08-18 08:12:11.694 DEBUG 13626 --- [    Test worker] org.hibernate.SQL                        : insert into CarStatusTable (carAvailability, carType, latitude, longitude, carId) values (?, ?, ?, ?, ?)
2018-08-18 08:12:11.695 DEBUG 13626 --- [    Test worker] org.hibernate.SQL                        : insert into CarStatusTable (carAvailability, carType, latitude, longitude, carId) values (?, ?, ?, ?, ?)
2018-08-18 08:12:11.697 DEBUG 13626 --- [    Test worker] org.hibernate.SQL                        : insert into CarStatusTable (carAvailability, carType, latitude, longitude, carId) values (?, ?, ?, ?, ?)
2018-08-18 08:12:11.700 DEBUG 13626 --- [    Test worker] org.hibernate.SQL                        : insert into CarStatusTable (carAvailability, carType, latitude, longitude, carId) values (?, ?, ?, ?, ?)
2018-08-18 08:12:11.703 DEBUG 13626 --- [    Test worker] org.hibernate.SQL                        : insert into CarStatusTable (carAvailability, carType, latitude, longitude, carId) values (?, ?, ?, ?, ?)
2018-08-18 08:12:11.709 DEBUG 13626 --- [    Test worker] org.hibernate.SQL                        : insert into CarStatusTable (carAvailability, carType, latitude, longitude, carId) values (?, ?, ?, ?, ?)
2018-08-18 08:12:11.715 DEBUG 13626 --- [    Test worker] org.hibernate.SQL                        : insert into CarStatusTable (carAvailability, carType, latitude, longitude, carId) values (?, ?, ?, ?, ?)
2018-08-18 08:12:11.716 DEBUG 13626 --- [    Test worker] org.hibernate.SQL                        : insert into CarStatusTable (carAvailability, carType, latitude, longitude, carId) values (?, ?, ?, ?, ?)
2018-08-18 08:12:11.717 DEBUG 13626 --- [    Test worker] org.hibernate.SQL                        : insert into CarStatusTable (carAvailability, carType, latitude, longitude, carId) values (?, ?, ?, ?, ?)
2018-08-18 08:12:11.721 DEBUG 13626 --- [    Test worker] org.hibernate.SQL                        : insert into CarStatusTable (carAvailability, carType, latitude, longitude, carId) values (?, ?, ?, ?, ?)
2018-08-18 08:12:11.727 DEBUG 13626 --- [    Test worker] org.hibernate.SQL                        : insert into CarStatusTable (carAvailability, carType, latitude, longitude, carId) values (?, ?, ?, ?, ?)
2018-08-18 08:12:11.728 DEBUG 13626 --- [    Test worker] org.hibernate.SQL                        : insert into CarStatusTable (carAvailability, carType, latitude, longitude, carId) values (?, ?, ?, ?, ?)
2018-08-18 08:12:11.731 DEBUG 13626 --- [    Test worker] org.hibernate.SQL                        : insert into CarStatusTable (carAvailability, carType, latitude, longitude, carId) values (?, ?, ?, ?, ?)
2018-08-18 08:12:11.732 DEBUG 13626 --- [    Test worker] org.hibernate.SQL                        : insert into CarStatusTable (carAvailability, carType, latitude, longitude, carId) values (?, ?, ?, ?, ?)
2018-08-18 08:12:11.735 DEBUG 13626 --- [    Test worker] org.hibernate.SQL                        : insert into CarStatusTable (carAvailability, carType, latitude, longitude, carId) values (?, ?, ?, ?, ?)
2018-08-18 08:12:11.739 DEBUG 13626 --- [    Test worker] org.hibernate.SQL                        : insert into CarStatusTable (carAvailability, carType, latitude, longitude, carId) values (?, ?, ?, ?, ?)
2018-08-18 08:12:11.743 DEBUG 13626 --- [    Test worker] org.hibernate.SQL                        : insert into CarStatusTable (carAvailability, carType, latitude, longitude, carId) values (?, ?, ?, ?, ?)
2018-08-18 08:12:11.747 DEBUG 13626 --- [    Test worker] org.hibernate.SQL                        : insert into CarStatusTable (carAvailability, carType, latitude, longitude, carId) values (?, ?, ?, ?, ?)
2018-08-18 08:12:11.748 DEBUG 13626 --- [    Test worker] org.hibernate.SQL                        : insert into CarStatusTable (carAvailability, carType, latitude, longitude, carId) values (?, ?, ?, ?, ?)
2018-08-18 08:12:11.749 DEBUG 13626 --- [    Test worker] org.hibernate.SQL                        : insert into CarStatusTable (carAvailability, carType, latitude, longitude, carId) values (?, ?, ?, ?, ?)
2018-08-18 08:12:11.750 DEBUG 13626 --- [    Test worker] org.hibernate.SQL                        : insert into CarStatusTable (carAvailability, carType, latitude, longitude, carId) values (?, ?, ?, ?, ?)
2018-08-18 08:12:11.751 DEBUG 13626 --- [    Test worker] org.hibernate.SQL                        : insert into CarStatusTable (carAvailability, carType, latitude, longitude, carId) values (?, ?, ?, ?, ?)
2018-08-18 08:12:11.752 DEBUG 13626 --- [    Test worker] org.hibernate.SQL                        : insert into CarStatusTable (carAvailability, carType, latitude, longitude, carId) values (?, ?, ?, ?, ?)
2018-08-18 08:12:11.758 DEBUG 13626 --- [    Test worker] org.hibernate.SQL                        : insert into CarStatusTable (carAvailability, carType, latitude, longitude, carId) values (?, ?, ?, ?, ?)
2018-08-18 08:12:11.759 DEBUG 13626 --- [    Test worker] org.hibernate.SQL                        : insert into CarStatusTable (carAvailability, carType, latitude, longitude, carId) values (?, ?, ?, ?, ?)
2018-08-18 08:12:11.760 DEBUG 13626 --- [    Test worker] org.hibernate.SQL                        : insert into CarStatusTable (carAvailability, carType, latitude, longitude, carId) values (?, ?, ?, ?, ?)
2018-08-18 08:12:11.761 DEBUG 13626 --- [    Test worker] org.hibernate.SQL                        : insert into CarStatusTable (carAvailability, carType, latitude, longitude, carId) values (?, ?, ?, ?, ?)
2018-08-18 08:12:11.762 DEBUG 13626 --- [    Test worker] org.hibernate.SQL                        : insert into CarStatusTable (carAvailability, carType, latitude, longitude, carId) values (?, ?, ?, ?, ?)
2018-08-18 08:12:11.763 DEBUG 13626 --- [    Test worker] org.hibernate.SQL                        : insert into CarStatusTable (carAvailability, carType, latitude, longitude, carId) values (?, ?, ?, ?, ?)
2018-08-18 08:12:11.768 DEBUG 13626 --- [    Test worker] org.hibernate.SQL                        : insert into CarStatusTable (carAvailability, carType, latitude, longitude, carId) values (?, ?, ?, ?, ?)
2018-08-18 08:12:11.769 DEBUG 13626 --- [    Test worker] org.hibernate.SQL                        : insert into CarStatusTable (carAvailability, carType, latitude, longitude, carId) values (?, ?, ?, ?, ?)
2018-08-18 08:12:11.777 DEBUG 13626 --- [    Test worker] org.hibernate.SQL                        : insert into CarStatusTable (carAvailability, carType, latitude, longitude, carId) values (?, ?, ?, ?, ?)
2018-08-18 08:12:11.779 DEBUG 13626 --- [    Test worker] org.hibernate.SQL                        : insert into CarStatusTable (carAvailability, carType, latitude, longitude, carId) values (?, ?, ?, ?, ?)
2018-08-18 08:12:11.784 DEBUG 13626 --- [    Test worker] org.hibernate.SQL                        : insert into CarStatusTable (carAvailability, carType, latitude, longitude, carId) values (?, ?, ?, ?, ?)
2018-08-18 08:12:11.785 DEBUG 13626 --- [    Test worker] org.hibernate.SQL                        : insert into CarStatusTable (carAvailability, carType, latitude, longitude, carId) values (?, ?, ?, ?, ?)
2018-08-18 08:12:11.786 DEBUG 13626 --- [    Test worker] org.hibernate.SQL                        : insert into CarStatusTable (carAvailability, carType, latitude, longitude, carId) values (?, ?, ?, ?, ?)
2018-08-18 08:12:11.786 DEBUG 13626 --- [    Test worker] org.hibernate.SQL                        : insert into CarStatusTable (carAvailability, carType, latitude, longitude, carId) values (?, ?, ?, ?, ?)
2018-08-18 08:12:11.789 DEBUG 13626 --- [    Test worker] org.hibernate.SQL                        : insert into CarStatusTable (carAvailability, carType, latitude, longitude, carId) values (?, ?, ?, ?, ?)
2018-08-18 08:12:11.794 DEBUG 13626 --- [    Test worker] org.hibernate.SQL                        : insert into CarStatusTable (carAvailability, carType, latitude, longitude, carId) values (?, ?, ?, ?, ?)
2018-08-18 08:12:11.795 DEBUG 13626 --- [    Test worker] org.hibernate.SQL                        : insert into CarStatusTable (carAvailability, carType, latitude, longitude, carId) values (?, ?, ?, ?, ?)
2018-08-18 08:12:11.796 DEBUG 13626 --- [    Test worker] org.hibernate.SQL                        : insert into CarStatusTable (carAvailability, carType, latitude, longitude, carId) values (?, ?, ?, ?, ?)
2018-08-18 08:12:11.800 DEBUG 13626 --- [    Test worker] org.hibernate.SQL                        : insert into CarStatusTable (carAvailability, carType, latitude, longitude, carId) values (?, ?, ?, ?, ?)
2018-08-18 08:12:11.805 DEBUG 13626 --- [    Test worker] org.hibernate.SQL                        : insert into CarStatusTable (carAvailability, carType, latitude, longitude, carId) values (?, ?, ?, ?, ?)
2018-08-18 08:12:11.810 DEBUG 13626 --- [    Test worker] org.hibernate.SQL                        : insert into CarStatusTable (carAvailability, carType, latitude, longitude, carId) values (?, ?, ?, ?, ?)
2018-08-18 08:12:11.811 DEBUG 13626 --- [    Test worker] org.hibernate.SQL                        : insert into CarStatusTable (carAvailability, carType, latitude, longitude, carId) values (?, ?, ?, ?, ?)
2018-08-18 08:12:11.816 DEBUG 13626 --- [    Test worker] org.hibernate.SQL                        : insert into CarStatusTable (carAvailability, carType, latitude, longitude, carId) values (?, ?, ?, ?, ?)
2018-08-18 08:12:11.817 DEBUG 13626 --- [    Test worker] org.hibernate.SQL                        : insert into CarStatusTable (carAvailability, carType, latitude, longitude, carId) values (?, ?, ?, ?, ?)
2018-08-18 08:12:11.817 DEBUG 13626 --- [    Test worker] org.hibernate.SQL                        : insert into CarStatusTable (carAvailability, carType, latitude, longitude, carId) values (?, ?, ?, ?, ?)
2018-08-18 08:12:11.825 DEBUG 13626 --- [    Test worker] org.hibernate.SQL                        : insert into CarStatusTable (carAvailability, carType, latitude, longitude, carId) values (?, ?, ?, ?, ?)
2018-08-18 08:12:11.831 DEBUG 13626 --- [    Test worker] org.hibernate.SQL                        : insert into CarStatusTable (carAvailability, carType, latitude, longitude, carId) values (?, ?, ?, ?, ?)
2018-08-18 08:12:11.832 DEBUG 13626 --- [    Test worker] org.hibernate.SQL                        : insert into CarStatusTable (carAvailability, carType, latitude, longitude, carId) values (?, ?, ?, ?, ?)
2018-08-18 08:12:11.833 DEBUG 13626 --- [    Test worker] org.hibernate.SQL                        : insert into CarStatusTable (carAvailability, carType, latitude, longitude, carId) values (?, ?, ?, ?, ?)
2018-08-18 08:12:11.834 DEBUG 13626 --- [    Test worker] org.hibernate.SQL                        : insert into CarStatusTable (carAvailability, carType, latitude, longitude, carId) values (?, ?, ?, ?, ?)
2018-08-18 08:12:11.835 DEBUG 13626 --- [    Test worker] org.hibernate.SQL                        : insert into CarStatusTable (carAvailability, carType, latitude, longitude, carId) values (?, ?, ?, ?, ?)
2018-08-18 08:12:11.835 DEBUG 13626 --- [    Test worker] org.hibernate.SQL                        : insert into CarStatusTable (carAvailability, carType, latitude, longitude, carId) values (?, ?, ?, ?, ?)
2018-08-18 08:12:11.842 DEBUG 13626 --- [    Test worker] org.hibernate.SQL                        : insert into CarStatusTable (carAvailability, carType, latitude, longitude, carId) values (?, ?, ?, ?, ?)
2018-08-18 08:12:11.843 DEBUG 13626 --- [    Test worker] org.hibernate.SQL                        : insert into CarStatusTable (carAvailability, carType, latitude, longitude, carId) values (?, ?, ?, ?, ?)
2018-08-18 08:12:11.844 DEBUG 13626 --- [    Test worker] org.hibernate.SQL                        : insert into CarStatusTable (carAvailability, carType, latitude, longitude, carId) values (?, ?, ?, ?, ?)
2018-08-18 08:12:11.845 DEBUG 13626 --- [    Test worker] org.hibernate.SQL                        : insert into CarStatusTable (carAvailability, carType, latitude, longitude, carId) values (?, ?, ?, ?, ?)
2018-08-18 08:12:11.846 DEBUG 13626 --- [    Test worker] org.hibernate.SQL                        : insert into CarStatusTable (carAvailability, carType, latitude, longitude, carId) values (?, ?, ?, ?, ?)
2018-08-18 08:12:11.849 DEBUG 13626 --- [    Test worker] org.hibernate.SQL                        : insert into CarStatusTable (carAvailability, carType, latitude, longitude, carId) values (?, ?, ?, ?, ?)
2018-08-18 08:12:11.851 DEBUG 13626 --- [    Test worker] org.hibernate.SQL                        : insert into CarStatusTable (carAvailability, carType, latitude, longitude, carId) values (?, ?, ?, ?, ?)
2018-08-18 08:12:11.856 DEBUG 13626 --- [    Test worker] org.hibernate.SQL                        : insert into CarStatusTable (carAvailability, carType, latitude, longitude, carId) values (?, ?, ?, ?, ?)
2018-08-18 08:12:11.860 DEBUG 13626 --- [    Test worker] org.hibernate.SQL                        : insert into CarStatusTable (carAvailability, carType, latitude, longitude, carId) values (?, ?, ?, ?, ?)
2018-08-18 08:12:11.861 DEBUG 13626 --- [    Test worker] org.hibernate.SQL                        : insert into CarStatusTable (carAvailability, carType, latitude, longitude, carId) values (?, ?, ?, ?, ?)
2018-08-18 08:12:11.865 DEBUG 13626 --- [    Test worker] org.hibernate.SQL                        : insert into CarStatusTable (carAvailability, carType, latitude, longitude, carId) values (?, ?, ?, ?, ?)
2018-08-18 08:12:11.867 DEBUG 13626 --- [    Test worker] org.hibernate.SQL                        : insert into CarStatusTable (carAvailability, carType, latitude, longitude, carId) values (?, ?, ?, ?, ?)
2018-08-18 08:12:11.872 DEBUG 13626 --- [    Test worker] org.hibernate.SQL                        : insert into CarStatusTable (carAvailability, carType, latitude, longitude, carId) values (?, ?, ?, ?, ?)
2018-08-18 08:12:11.877 DEBUG 13626 --- [    Test worker] org.hibernate.SQL                        : insert into CarStatusTable (carAvailability, carType, latitude, longitude, carId) values (?, ?, ?, ?, ?)
2018-08-18 08:12:11.878 DEBUG 13626 --- [    Test worker] org.hibernate.SQL                        : insert into CarStatusTable (carAvailability, carType, latitude, longitude, carId) values (?, ?, ?, ?, ?)
2018-08-18 08:12:11.879 DEBUG 13626 --- [    Test worker] org.hibernate.SQL                        : insert into CarStatusTable (carAvailability, carType, latitude, longitude, carId) values (?, ?, ?, ?, ?)
2018-08-18 08:12:11.880 DEBUG 13626 --- [    Test worker] org.hibernate.SQL                        : insert into CarStatusTable (carAvailability, carType, latitude, longitude, carId) values (?, ?, ?, ?, ?)
2018-08-18 08:12:11.881 DEBUG 13626 --- [    Test worker] org.hibernate.SQL                        : insert into CarStatusTable (carAvailability, carType, latitude, longitude, carId) values (?, ?, ?, ?, ?)
2018-08-18 08:12:11.890 DEBUG 13626 --- [    Test worker] org.hibernate.SQL                        : insert into CarStatusTable (carAvailability, carType, latitude, longitude, carId) values (?, ?, ?, ?, ?)
2018-08-18 08:12:11.892 DEBUG 13626 --- [    Test worker] org.hibernate.SQL                        : insert into CarStatusTable (carAvailability, carType, latitude, longitude, carId) values (?, ?, ?, ?, ?)
2018-08-18 08:12:11.893 DEBUG 13626 --- [    Test worker] org.hibernate.SQL                        : insert into CarStatusTable (carAvailability, carType, latitude, longitude, carId) values (?, ?, ?, ?, ?)
2018-08-18 08:12:11.897 DEBUG 13626 --- [    Test worker] org.hibernate.SQL                        : insert into CarStatusTable (carAvailability, carType, latitude, longitude, carId) values (?, ?, ?, ?, ?)
2018-08-18 08:12:11.900 DEBUG 13626 --- [    Test worker] org.hibernate.SQL                        : insert into CarStatusTable (carAvailability, carType, latitude, longitude, carId) values (?, ?, ?, ?, ?)
2018-08-18 08:12:11.902 DEBUG 13626 --- [    Test worker] org.hibernate.SQL                        : insert into CarStatusTable (carAvailability, carType, latitude, longitude, carId) values (?, ?, ?, ?, ?)
2018-08-18 08:12:11.907 DEBUG 13626 --- [    Test worker] org.hibernate.SQL                        : insert into CarStatusTable (carAvailability, carType, latitude, longitude, carId) values (?, ?, ?, ?, ?)
2018-08-18 08:12:11.912 DEBUG 13626 --- [    Test worker] org.hibernate.SQL                        : insert into CarStatusTable (carAvailability, carType, latitude, longitude, carId) values (?, ?, ?, ?, ?)
2018-08-18 08:12:11.913 DEBUG 13626 --- [    Test worker] org.hibernate.SQL                        : insert into CarStatusTable (carAvailability, carType, latitude, longitude, carId) values (?, ?, ?, ?, ?)
2018-08-18 08:12:11.918 DEBUG 13626 --- [    Test worker] org.hibernate.SQL                        : insert into CarStatusTable (carAvailability, carType, latitude, longitude, carId) values (?, ?, ?, ?, ?)
2018-08-18 08:12:11.919 DEBUG 13626 --- [    Test worker] org.hibernate.SQL                        : insert into CarStatusTable (carAvailability, carType, latitude, longitude, carId) values (?, ?, ?, ?, ?)
2018-08-18 08:12:11.921 DEBUG 13626 --- [    Test worker] org.hibernate.SQL                        : insert into CarStatusTable (carAvailability, carType, latitude, longitude, carId) values (?, ?, ?, ?, ?)
2018-08-18 08:12:11.926 DEBUG 13626 --- [    Test worker] org.hibernate.SQL                        : insert into CarStatusTable (carAvailability, carType, latitude, longitude, carId) values (?, ?, ?, ?, ?)
2018-08-18 08:12:11.931 DEBUG 13626 --- [    Test worker] org.hibernate.SQL                        : insert into CarStatusTable (carAvailability, carType, latitude, longitude, carId) values (?, ?, ?, ?, ?)
2018-08-18 08:12:11.933 DEBUG 13626 --- [    Test worker] org.hibernate.SQL                        : insert into CarStatusTable (carAvailability, carType, latitude, longitude, carId) values (?, ?, ?, ?, ?)
2018-08-18 08:12:11.933 DEBUG 13626 --- [    Test worker] org.hibernate.SQL                        : insert into CarStatusTable (carAvailability, carType, latitude, longitude, carId) values (?, ?, ?, ?, ?)
2018-08-18 08:12:11.934 DEBUG 13626 --- [    Test worker] org.hibernate.SQL                        : insert into CarStatusTable (carAvailability, carType, latitude, longitude, carId) values (?, ?, ?, ?, ?)
2018-08-18 08:12:11.935 DEBUG 13626 --- [    Test worker] org.hibernate.SQL                        : insert into CarStatusTable (carAvailability, carType, latitude, longitude, carId) values (?, ?, ?, ?, ?)
2018-08-18 08:12:11.938 DEBUG 13626 --- [    Test worker] org.hibernate.SQL                        : insert into CarStatusTable (carAvailability, carType, latitude, longitude, carId) values (?, ?, ?, ?, ?)
2018-08-18 08:12:11.940 DEBUG 13626 --- [    Test worker] org.hibernate.SQL                        : insert into CarStatusTable (carAvailability, carType, latitude, longitude, carId) values (?, ?, ?, ?, ?)
2018-08-18 08:12:11.943 DEBUG 13626 --- [    Test worker] org.hibernate.SQL                        : insert into CarStatusTable (carAvailability, carType, latitude, longitude, carId) values (?, ?, ?, ?, ?)
2018-08-18 08:12:11.944 DEBUG 13626 --- [    Test worker] org.hibernate.SQL                        : insert into CarStatusTable (carAvailability, carType, latitude, longitude, carId) values (?, ?, ?, ?, ?)
2018-08-18 08:12:11.945 DEBUG 13626 --- [    Test worker] org.hibernate.SQL                        : insert into CarStatusTable (carAvailability, carType, latitude, longitude, carId) values (?, ?, ?, ?, ?)
2018-08-18 08:12:11.947 DEBUG 13626 --- [    Test worker] org.hibernate.SQL                        : insert into CarStatusTable (carAvailability, carType, latitude, longitude, carId) values (?, ?, ?, ?, ?)
2018-08-18 08:12:11.948 DEBUG 13626 --- [    Test worker] org.hibernate.SQL                        : insert into CarStatusTable (carAvailability, carType, latitude, longitude, carId) values (?, ?, ?, ?, ?)
2018-08-18 08:12:11.953 DEBUG 13626 --- [    Test worker] org.hibernate.SQL                        : insert into CarStatusTable (carAvailability, carType, latitude, longitude, carId) values (?, ?, ?, ?, ?)
2018-08-18 08:12:11.954 DEBUG 13626 --- [    Test worker] org.hibernate.SQL                        : insert into CarStatusTable (carAvailability, carType, latitude, longitude, carId) values (?, ?, ?, ?, ?)
2018-08-18 08:12:11.954 DEBUG 13626 --- [    Test worker] org.hibernate.SQL                        : insert into CarStatusTable (carAvailability, carType, latitude, longitude, carId) values (?, ?, ?, ?, ?)
2018-08-18 08:12:11.955 DEBUG 13626 --- [    Test worker] org.hibernate.SQL                        : insert into CarStatusTable (carAvailability, carType, latitude, longitude, carId) values (?, ?, ?, ?, ?)
2018-08-18 08:12:11.956 DEBUG 13626 --- [    Test worker] org.hibernate.SQL                        : insert into CarStatusTable (carAvailability, carType, latitude, longitude, carId) values (?, ?, ?, ?, ?)
2018-08-18 08:12:11.956 DEBUG 13626 --- [    Test worker] org.hibernate.SQL                        : insert into CarStatusTable (carAvailability, carType, latitude, longitude, carId) values (?, ?, ?, ?, ?)
2018-08-18 08:12:11.957 DEBUG 13626 --- [    Test worker] org.hibernate.SQL                        : insert into CarStatusTable (carAvailability, carType, latitude, longitude, carId) values (?, ?, ?, ?, ?)
2018-08-18 08:12:11.958 DEBUG 13626 --- [    Test worker] org.hibernate.SQL                        : insert into CarStatusTable (carAvailability, carType, latitude, longitude, carId) values (?, ?, ?, ?, ?)
2018-08-18 08:12:11.961 DEBUG 13626 --- [    Test worker] org.hibernate.SQL                        : insert into CarStatusTable (carAvailability, carType, latitude, longitude, carId) values (?, ?, ?, ?, ?)
2018-08-18 08:12:11.962 DEBUG 13626 --- [    Test worker] org.hibernate.SQL                        : insert into CarStatusTable (carAvailability, carType, latitude, longitude, carId) values (?, ?, ?, ?, ?)
2018-08-18 08:12:11.962 DEBUG 13626 --- [    Test worker] org.hibernate.SQL                        : insert into CarStatusTable (carAvailability, carType, latitude, longitude, carId) values (?, ?, ?, ?, ?)
2018-08-18 08:12:11.963 DEBUG 13626 --- [    Test worker] org.hibernate.SQL                        : insert into CarStatusTable (carAvailability, carType, latitude, longitude, carId) values (?, ?, ?, ?, ?)
2018-08-18 08:12:11.966 DEBUG 13626 --- [    Test worker] org.hibernate.SQL                        : insert into CarStatusTable (carAvailability, carType, latitude, longitude, carId) values (?, ?, ?, ?, ?)
2018-08-18 08:12:11.966 DEBUG 13626 --- [    Test worker] org.hibernate.SQL                        : insert into CarStatusTable (carAvailability, carType, latitude, longitude, carId) values (?, ?, ?, ?, ?)
2018-08-18 08:12:11.967 DEBUG 13626 --- [    Test worker] org.hibernate.SQL                        : insert into CarStatusTable (carAvailability, carType, latitude, longitude, carId) values (?, ?, ?, ?, ?)
2018-08-18 08:12:11.968 DEBUG 13626 --- [    Test worker] org.hibernate.SQL                        : insert into CarStatusTable (carAvailability, carType, latitude, longitude, carId) values (?, ?, ?, ?, ?)
2018-08-18 08:12:11.974 DEBUG 13626 --- [    Test worker] org.hibernate.SQL                        : insert into CarStatusTable (carAvailability, carType, latitude, longitude, carId) values (?, ?, ?, ?, ?)
2018-08-18 08:12:11.975 DEBUG 13626 --- [    Test worker] org.hibernate.SQL                        : insert into CarStatusTable (carAvailability, carType, latitude, longitude, carId) values (?, ?, ?, ?, ?)
2018-08-18 08:12:11.975 DEBUG 13626 --- [    Test worker] org.hibernate.SQL                        : insert into CarStatusTable (carAvailability, carType, latitude, longitude, carId) values (?, ?, ?, ?, ?)
2018-08-18 08:12:11.976 DEBUG 13626 --- [    Test worker] org.hibernate.SQL                        : insert into CarStatusTable (carAvailability, carType, latitude, longitude, carId) values (?, ?, ?, ?, ?)
2018-08-18 08:12:11.976 DEBUG 13626 --- [    Test worker] org.hibernate.SQL                        : insert into CarStatusTable (carAvailability, carType, latitude, longitude, carId) values (?, ?, ?, ?, ?)
2018-08-18 08:12:11.976 DEBUG 13626 --- [    Test worker] org.hibernate.SQL                        : insert into CarStatusTable (carAvailability, carType, latitude, longitude, carId) values (?, ?, ?, ?, ?)
2018-08-18 08:12:11.977 DEBUG 13626 --- [    Test worker] org.hibernate.SQL                        : insert into CarStatusTable (carAvailability, carType, latitude, longitude, carId) values (?, ?, ?, ?, ?)
2018-08-18 08:12:11.977 DEBUG 13626 --- [    Test worker] org.hibernate.SQL                        : insert into CarStatusTable (carAvailability, carType, latitude, longitude, carId) values (?, ?, ?, ?, ?)
2018-08-18 08:12:11.978 DEBUG 13626 --- [    Test worker] org.hibernate.SQL                        : insert into CarStatusTable (carAvailability, carType, latitude, longitude, carId) values (?, ?, ?, ?, ?)
2018-08-18 08:12:11.978 DEBUG 13626 --- [    Test worker] org.hibernate.SQL                        : insert into CarStatusTable (carAvailability, carType, latitude, longitude, carId) values (?, ?, ?, ?, ?)
2018-08-18 08:12:11.979 DEBUG 13626 --- [    Test worker] org.hibernate.SQL                        : insert into CarStatusTable (carAvailability, carType, latitude, longitude, carId) values (?, ?, ?, ?, ?)
2018-08-18 08:12:11.979 DEBUG 13626 --- [    Test worker] org.hibernate.SQL                        : insert into CarStatusTable (carAvailability, carType, latitude, longitude, carId) values (?, ?, ?, ?, ?)
2018-08-18 08:12:11.981 DEBUG 13626 --- [    Test worker] org.hibernate.SQL                        : insert into CarStatusTable (carAvailability, carType, latitude, longitude, carId) values (?, ?, ?, ?, ?)
2018-08-18 08:12:11.984 DEBUG 13626 --- [    Test worker] org.hibernate.SQL                        : insert into CarStatusTable (carAvailability, carType, latitude, longitude, carId) values (?, ?, ?, ?, ?)
2018-08-18 08:12:11.987 DEBUG 13626 --- [    Test worker] org.hibernate.SQL                        : insert into CarStatusTable (carAvailability, carType, latitude, longitude, carId) values (?, ?, ?, ?, ?)
2018-08-18 08:12:11.993 DEBUG 13626 --- [    Test worker] org.hibernate.SQL                        : insert into CarStatusTable (carAvailability, carType, latitude, longitude, carId) values (?, ?, ?, ?, ?)
2018-08-18 08:12:11.995 DEBUG 13626 --- [    Test worker] org.hibernate.SQL                        : insert into CarStatusTable (carAvailability, carType, latitude, longitude, carId) values (?, ?, ?, ?, ?)
2018-08-18 08:12:11.996 DEBUG 13626 --- [    Test worker] org.hibernate.SQL                        : insert into CarStatusTable (carAvailability, carType, latitude, longitude, carId) values (?, ?, ?, ?, ?)
2018-08-18 08:12:11.997 DEBUG 13626 --- [    Test worker] org.hibernate.SQL                        : insert into CarStatusTable (carAvailability, carType, latitude, longitude, carId) values (?, ?, ?, ?, ?)
2018-08-18 08:12:11.998 DEBUG 13626 --- [    Test worker] org.hibernate.SQL                        : insert into CarStatusTable (carAvailability, carType, latitude, longitude, carId) values (?, ?, ?, ?, ?)
2018-08-18 08:12:11.999 DEBUG 13626 --- [    Test worker] org.hibernate.SQL                        : insert into CarStatusTable (carAvailability, carType, latitude, longitude, carId) values (?, ?, ?, ?, ?)
2018-08-18 08:12:12.003 DEBUG 13626 --- [    Test worker] org.hibernate.SQL                        : insert into CarStatusTable (carAvailability, carType, latitude, longitude, carId) values (?, ?, ?, ?, ?)
2018-08-18 08:12:12.004 DEBUG 13626 --- [    Test worker] org.hibernate.SQL                        : insert into CarStatusTable (carAvailability, carType, latitude, longitude, carId) values (?, ?, ?, ?, ?)
2018-08-18 08:12:12.005 DEBUG 13626 --- [    Test worker] org.hibernate.SQL                        : insert into CarStatusTable (carAvailability, carType, latitude, longitude, carId) values (?, ?, ?, ?, ?)
2018-08-18 08:12:12.006 DEBUG 13626 --- [    Test worker] org.hibernate.SQL                        : insert into CarStatusTable (carAvailability, carType, latitude, longitude, carId) values (?, ?, ?, ?, ?)
2018-08-18 08:12:12.007 DEBUG 13626 --- [    Test worker] org.hibernate.SQL                        : insert into CarStatusTable (carAvailability, carType, latitude, longitude, carId) values (?, ?, ?, ?, ?)
2018-08-18 08:12:12.009 DEBUG 13626 --- [    Test worker] org.hibernate.SQL                        : insert into CarStatusTable (carAvailability, carType, latitude, longitude, carId) values (?, ?, ?, ?, ?)
2018-08-18 08:12:12.009 DEBUG 13626 --- [    Test worker] org.hibernate.SQL                        : insert into CarStatusTable (carAvailability, carType, latitude, longitude, carId) values (?, ?, ?, ?, ?)
2018-08-18 08:12:12.010 DEBUG 13626 --- [    Test worker] org.hibernate.SQL                        : insert into CarStatusTable (carAvailability, carType, latitude, longitude, carId) values (?, ?, ?, ?, ?)
2018-08-18 08:12:12.011 DEBUG 13626 --- [    Test worker] org.hibernate.SQL                        : insert into CarStatusTable (carAvailability, carType, latitude, longitude, carId) values (?, ?, ?, ?, ?)
2018-08-18 08:12:12.012 DEBUG 13626 --- [    Test worker] org.hibernate.SQL                        : insert into CarStatusTable (carAvailability, carType, latitude, longitude, carId) values (?, ?, ?, ?, ?)
2018-08-18 08:12:12.012 DEBUG 13626 --- [    Test worker] org.hibernate.SQL                        : insert into CarStatusTable (carAvailability, carType, latitude, longitude, carId) values (?, ?, ?, ?, ?)
2018-08-18 08:12:12.014 DEBUG 13626 --- [    Test worker] org.hibernate.SQL                        : insert into CarStatusTable (carAvailability, carType, latitude, longitude, carId) values (?, ?, ?, ?, ?)
2018-08-18 08:12:12.015 DEBUG 13626 --- [    Test worker] org.hibernate.SQL                        : insert into CarStatusTable (carAvailability, carType, latitude, longitude, carId) values (?, ?, ?, ?, ?)
2018-08-18 08:12:12.020 DEBUG 13626 --- [    Test worker] org.hibernate.SQL                        : insert into CarStatusTable (carAvailability, carType, latitude, longitude, carId) values (?, ?, ?, ?, ?)
2018-08-18 08:12:12.021 DEBUG 13626 --- [    Test worker] org.hibernate.SQL                        : insert into CarStatusTable (carAvailability, carType, latitude, longitude, carId) values (?, ?, ?, ?, ?)
2018-08-18 08:12:12.022 DEBUG 13626 --- [    Test worker] org.hibernate.SQL                        : insert into CarStatusTable (carAvailability, carType, latitude, longitude, carId) values (?, ?, ?, ?, ?)
2018-08-18 08:12:12.022 DEBUG 13626 --- [    Test worker] org.hibernate.SQL                        : insert into CarStatusTable (carAvailability, carType, latitude, longitude, carId) values (?, ?, ?, ?, ?)
2018-08-18 08:12:12.023 DEBUG 13626 --- [    Test worker] org.hibernate.SQL                        : insert into CarStatusTable (carAvailability, carType, latitude, longitude, carId) values (?, ?, ?, ?, ?)
2018-08-18 08:12:12.023 DEBUG 13626 --- [    Test worker] org.hibernate.SQL                        : insert into CarStatusTable (carAvailability, carType, latitude, longitude, carId) values (?, ?, ?, ?, ?)
2018-08-18 08:12:12.026 DEBUG 13626 --- [    Test worker] org.hibernate.SQL                        : insert into CarStatusTable (carAvailability, carType, latitude, longitude, carId) values (?, ?, ?, ?, ?)
2018-08-18 08:12:12.027 DEBUG 13626 --- [    Test worker] org.hibernate.SQL                        : insert into CarStatusTable (carAvailability, carType, latitude, longitude, carId) values (?, ?, ?, ?, ?)
2018-08-18 08:12:12.028 DEBUG 13626 --- [    Test worker] org.hibernate.SQL                        : insert into CarStatusTable (carAvailability, carType, latitude, longitude, carId) values (?, ?, ?, ?, ?)
2018-08-18 08:12:12.028 DEBUG 13626 --- [    Test worker] org.hibernate.SQL                        : insert into CarStatusTable (carAvailability, carType, latitude, longitude, carId) values (?, ?, ?, ?, ?)
2018-08-18 08:12:12.029 DEBUG 13626 --- [    Test worker] org.hibernate.SQL                        : insert into CarStatusTable (carAvailability, carType, latitude, longitude, carId) values (?, ?, ?, ?, ?)
2018-08-18 08:12:12.031 DEBUG 13626 --- [    Test worker] org.hibernate.SQL                        : insert into CarStatusTable (carAvailability, carType, latitude, longitude, carId) values (?, ?, ?, ?, ?)
2018-08-18 08:12:12.031 DEBUG 13626 --- [    Test worker] org.hibernate.SQL                        : insert into CarStatusTable (carAvailability, carType, latitude, longitude, carId) values (?, ?, ?, ?, ?)
2018-08-18 08:12:12.032 DEBUG 13626 --- [    Test worker] org.hibernate.SQL                        : insert into CarStatusTable (carAvailability, carType, latitude, longitude, carId) values (?, ?, ?, ?, ?)
2018-08-18 08:12:12.035 DEBUG 13626 --- [    Test worker] org.hibernate.SQL                        : insert into CarStatusTable (carAvailability, carType, latitude, longitude, carId) values (?, ?, ?, ?, ?)
2018-08-18 08:12:12.035 DEBUG 13626 --- [    Test worker] org.hibernate.SQL                        : insert into CarStatusTable (carAvailability, carType, latitude, longitude, carId) values (?, ?, ?, ?, ?)
2018-08-18 08:12:12.036 DEBUG 13626 --- [    Test worker] org.hibernate.SQL                        : insert into CarStatusTable (carAvailability, carType, latitude, longitude, carId) values (?, ?, ?, ?, ?)
2018-08-18 08:12:12.040 DEBUG 13626 --- [    Test worker] org.hibernate.SQL                        : insert into CarStatusTable (carAvailability, carType, latitude, longitude, carId) values (?, ?, ?, ?, ?)
2018-08-18 08:12:12.042 DEBUG 13626 --- [    Test worker] org.hibernate.SQL                        : insert into CarStatusTable (carAvailability, carType, latitude, longitude, carId) values (?, ?, ?, ?, ?)
2018-08-18 08:12:12.046 DEBUG 13626 --- [    Test worker] org.hibernate.SQL                        : insert into CarStatusTable (carAvailability, carType, latitude, longitude, carId) values (?, ?, ?, ?, ?)
2018-08-18 08:12:12.047 DEBUG 13626 --- [    Test worker] org.hibernate.SQL                        : insert into CarStatusTable (carAvailability, carType, latitude, longitude, carId) values (?, ?, ?, ?, ?)
2018-08-18 08:12:12.050 DEBUG 13626 --- [    Test worker] org.hibernate.SQL                        : insert into CarStatusTable (carAvailability, carType, latitude, longitude, carId) values (?, ?, ?, ?, ?)
2018-08-18 08:12:12.055 DEBUG 13626 --- [    Test worker] org.hibernate.SQL                        : insert into CarStatusTable (carAvailability, carType, latitude, longitude, carId) values (?, ?, ?, ?, ?)
2018-08-18 08:12:12.060 DEBUG 13626 --- [    Test worker] org.hibernate.SQL                        : insert into CarStatusTable (carAvailability, carType, latitude, longitude, carId) values (?, ?, ?, ?, ?)
2018-08-18 08:12:12.062 DEBUG 13626 --- [    Test worker] org.hibernate.SQL                        : insert into CarStatusTable (carAvailability, carType, latitude, longitude, carId) values (?, ?, ?, ?, ?)
2018-08-18 08:12:12.063 DEBUG 13626 --- [    Test worker] org.hibernate.SQL                        : insert into CarStatusTable (carAvailability, carType, latitude, longitude, carId) values (?, ?, ?, ?, ?)
2018-08-18 08:12:12.063 DEBUG 13626 --- [    Test worker] org.hibernate.SQL                        : insert into CarStatusTable (carAvailability, carType, latitude, longitude, carId) values (?, ?, ?, ?, ?)
2018-08-18 08:12:12.064 DEBUG 13626 --- [    Test worker] org.hibernate.SQL                        : insert into CarStatusTable (carAvailability, carType, latitude, longitude, carId) values (?, ?, ?, ?, ?)
2018-08-18 08:12:12.064 DEBUG 13626 --- [    Test worker] org.hibernate.SQL                        : insert into CarStatusTable (carAvailability, carType, latitude, longitude, carId) values (?, ?, ?, ?, ?)
2018-08-18 08:12:12.065 DEBUG 13626 --- [    Test worker] org.hibernate.SQL                        : insert into CarStatusTable (carAvailability, carType, latitude, longitude, carId) values (?, ?, ?, ?, ?)
2018-08-18 08:12:12.067 DEBUG 13626 --- [    Test worker] org.hibernate.SQL                        : insert into CarStatusTable (carAvailability, carType, latitude, longitude, carId) values (?, ?, ?, ?, ?)
2018-08-18 08:12:12.067 DEBUG 13626 --- [    Test worker] org.hibernate.SQL                        : insert into CarStatusTable (carAvailability, carType, latitude, longitude, carId) values (?, ?, ?, ?, ?)
2018-08-18 08:12:12.070 DEBUG 13626 --- [    Test worker] org.hibernate.SQL                        : insert into CarStatusTable (carAvailability, carType, latitude, longitude, carId) values (?, ?, ?, ?, ?)
2018-08-18 08:12:12.071 DEBUG 13626 --- [    Test worker] org.hibernate.SQL                        : insert into CarStatusTable (carAvailability, carType, latitude, longitude, carId) values (?, ?, ?, ?, ?)
2018-08-18 08:12:12.072 DEBUG 13626 --- [    Test worker] org.hibernate.SQL                        : insert into CarStatusTable (carAvailability, carType, latitude, longitude, carId) values (?, ?, ?, ?, ?)
2018-08-18 08:12:12.072 DEBUG 13626 --- [    Test worker] org.hibernate.SQL                        : insert into CarStatusTable (carAvailability, carType, latitude, longitude, carId) values (?, ?, ?, ?, ?)
2018-08-18 08:12:12.074 DEBUG 13626 --- [    Test worker] org.hibernate.SQL                        : insert into CarStatusTable (carAvailability, carType, latitude, longitude, carId) values (?, ?, ?, ?, ?)
2018-08-18 08:12:12.075 DEBUG 13626 --- [    Test worker] org.hibernate.SQL                        : insert into CarStatusTable (carAvailability, carType, latitude, longitude, carId) values (?, ?, ?, ?, ?)
2018-08-18 08:12:12.081 DEBUG 13626 --- [    Test worker] org.hibernate.SQL                        : insert into CarStatusTable (carAvailability, carType, latitude, longitude, carId) values (?, ?, ?, ?, ?)
2018-08-18 08:12:12.082 DEBUG 13626 --- [    Test worker] org.hibernate.SQL                        : insert into CarStatusTable (carAvailability, carType, latitude, longitude, carId) values (?, ?, ?, ?, ?)
2018-08-18 08:12:12.083 DEBUG 13626 --- [    Test worker] org.hibernate.SQL                        : insert into CarStatusTable (carAvailability, carType, latitude, longitude, carId) values (?, ?, ?, ?, ?)
2018-08-18 08:12:12.084 DEBUG 13626 --- [    Test worker] org.hibernate.SQL                        : insert into CarStatusTable (carAvailability, carType, latitude, longitude, carId) values (?, ?, ?, ?, ?)
2018-08-18 08:12:12.084 DEBUG 13626 --- [    Test worker] org.hibernate.SQL                        : insert into CarStatusTable (carAvailability, carType, latitude, longitude, carId) values (?, ?, ?, ?, ?)
2018-08-18 08:12:12.085 DEBUG 13626 --- [    Test worker] org.hibernate.SQL                        : insert into CarStatusTable (carAvailability, carType, latitude, longitude, carId) values (?, ?, ?, ?, ?)
2018-08-18 08:12:12.086 DEBUG 13626 --- [    Test worker] org.hibernate.SQL                        : insert into CarStatusTable (carAvailability, carType, latitude, longitude, carId) values (?, ?, ?, ?, ?)
2018-08-18 08:12:12.086 DEBUG 13626 --- [    Test worker] org.hibernate.SQL                        : insert into CarStatusTable (carAvailability, carType, latitude, longitude, carId) values (?, ?, ?, ?, ?)
2018-08-18 08:12:12.087 DEBUG 13626 --- [    Test worker] org.hibernate.SQL                        : insert into CarStatusTable (carAvailability, carType, latitude, longitude, carId) values (?, ?, ?, ?, ?)
2018-08-18 08:12:12.091 DEBUG 13626 --- [    Test worker] org.hibernate.SQL                        : insert into CarStatusTable (carAvailability, carType, latitude, longitude, carId) values (?, ?, ?, ?, ?)
2018-08-18 08:12:12.092 DEBUG 13626 --- [    Test worker] org.hibernate.SQL                        : insert into CarStatusTable (carAvailability, carType, latitude, longitude, carId) values (?, ?, ?, ?, ?)
2018-08-18 08:12:12.093 DEBUG 13626 --- [    Test worker] org.hibernate.SQL                        : insert into CarStatusTable (carAvailability, carType, latitude, longitude, carId) values (?, ?, ?, ?, ?)
2018-08-18 08:12:12.093 DEBUG 13626 --- [    Test worker] org.hibernate.SQL                        : insert into CarStatusTable (carAvailability, carType, latitude, longitude, carId) values (?, ?, ?, ?, ?)
2018-08-18 08:12:12.094 DEBUG 13626 --- [    Test worker] org.hibernate.SQL                        : insert into CarStatusTable (carAvailability, carType, latitude, longitude, carId) values (?, ?, ?, ?, ?)
2018-08-18 08:12:12.095 DEBUG 13626 --- [    Test worker] org.hibernate.SQL                        : insert into CarStatusTable (carAvailability, carType, latitude, longitude, carId) values (?, ?, ?, ?, ?)
2018-08-18 08:12:12.100 DEBUG 13626 --- [    Test worker] org.hibernate.SQL                        : insert into CarStatusTable (carAvailability, carType, latitude, longitude, carId) values (?, ?, ?, ?, ?)
2018-08-18 08:12:12.105 DEBUG 13626 --- [    Test worker] org.hibernate.SQL                        : insert into CarStatusTable (carAvailability, carType, latitude, longitude, carId) values (?, ?, ?, ?, ?)
2018-08-18 08:12:12.110 DEBUG 13626 --- [    Test worker] org.hibernate.SQL                        : insert into CarStatusTable (carAvailability, carType, latitude, longitude, carId) values (?, ?, ?, ?, ?)
2018-08-18 08:12:12.112 DEBUG 13626 --- [    Test worker] org.hibernate.SQL                        : insert into CarStatusTable (carAvailability, carType, latitude, longitude, carId) values (?, ?, ?, ?, ?)
2018-08-18 08:12:12.113 DEBUG 13626 --- [    Test worker] org.hibernate.SQL                        : insert into CarStatusTable (carAvailability, carType, latitude, longitude, carId) values (?, ?, ?, ?, ?)
2018-08-18 08:12:12.113 DEBUG 13626 --- [    Test worker] org.hibernate.SQL                        : insert into CarStatusTable (carAvailability, carType, latitude, longitude, carId) values (?, ?, ?, ?, ?)
2018-08-18 08:12:12.114 DEBUG 13626 --- [    Test worker] org.hibernate.SQL                        : insert into CarStatusTable (carAvailability, carType, latitude, longitude, carId) values (?, ?, ?, ?, ?)
2018-08-18 08:12:12.116 DEBUG 13626 --- [    Test worker] org.hibernate.SQL                        : insert into CarStatusTable (carAvailability, carType, latitude, longitude, carId) values (?, ?, ?, ?, ?)
2018-08-18 08:12:12.122 DEBUG 13626 --- [    Test worker] org.hibernate.SQL                        : insert into CarStatusTable (carAvailability, carType, latitude, longitude, carId) values (?, ?, ?, ?, ?)
2018-08-18 08:12:12.129 DEBUG 13626 --- [    Test worker] org.hibernate.SQL                        : insert into CarStatusTable (carAvailability, carType, latitude, longitude, carId) values (?, ?, ?, ?, ?)
2018-08-18 08:12:12.133 DEBUG 13626 --- [    Test worker] org.hibernate.SQL                        : insert into CarStatusTable (carAvailability, carType, latitude, longitude, carId) values (?, ?, ?, ?, ?)
2018-08-18 08:12:12.137 DEBUG 13626 --- [    Test worker] org.hibernate.SQL                        : insert into CarStatusTable (carAvailability, carType, latitude, longitude, carId) values (?, ?, ?, ?, ?)
2018-08-18 08:12:12.139 DEBUG 13626 --- [    Test worker] org.hibernate.SQL                        : insert into CarStatusTable (carAvailability, carType, latitude, longitude, carId) values (?, ?, ?, ?, ?)
2018-08-18 08:12:12.148 DEBUG 13626 --- [    Test worker] org.hibernate.SQL                        : insert into CarStatusTable (carAvailability, carType, latitude, longitude, carId) values (?, ?, ?, ?, ?)
2018-08-18 08:12:12.153 DEBUG 13626 --- [    Test worker] org.hibernate.SQL                        : insert into CarStatusTable (carAvailability, carType, latitude, longitude, carId) values (?, ?, ?, ?, ?)
2018-08-18 08:12:12.155 DEBUG 13626 --- [    Test worker] org.hibernate.SQL                        : insert into CarStatusTable (carAvailability, carType, latitude, longitude, carId) values (?, ?, ?, ?, ?)
2018-08-18 08:12:12.157 DEBUG 13626 --- [    Test worker] org.hibernate.SQL                        : insert into CarStatusTable (carAvailability, carType, latitude, longitude, carId) values (?, ?, ?, ?, ?)
2018-08-18 08:12:12.159 DEBUG 13626 --- [    Test worker] org.hibernate.SQL                        : insert into CarStatusTable (carAvailability, carType, latitude, longitude, carId) values (?, ?, ?, ?, ?)
2018-08-18 08:12:12.162 DEBUG 13626 --- [    Test worker] org.hibernate.SQL                        : insert into CarStatusTable (carAvailability, carType, latitude, longitude, carId) values (?, ?, ?, ?, ?)
2018-08-18 08:12:12.164 DEBUG 13626 --- [    Test worker] org.hibernate.SQL                        : insert into CarStatusTable (carAvailability, carType, latitude, longitude, carId) values (?, ?, ?, ?, ?)
2018-08-18 08:12:12.166 DEBUG 13626 --- [    Test worker] org.hibernate.SQL                        : insert into CarStatusTable (carAvailability, carType, latitude, longitude, carId) values (?, ?, ?, ?, ?)
2018-08-18 08:12:12.168 DEBUG 13626 --- [    Test worker] org.hibernate.SQL                        : insert into CarStatusTable (carAvailability, carType, latitude, longitude, carId) values (?, ?, ?, ?, ?)
2018-08-18 08:12:12.170 DEBUG 13626 --- [    Test worker] org.hibernate.SQL                        : insert into CarStatusTable (carAvailability, carType, latitude, longitude, carId) values (?, ?, ?, ?, ?)
2018-08-18 08:12:12.173 DEBUG 13626 --- [    Test worker] org.hibernate.SQL                        : insert into CarStatusTable (carAvailability, carType, latitude, longitude, carId) values (?, ?, ?, ?, ?)
2018-08-18 08:12:12.174 DEBUG 13626 --- [    Test worker] org.hibernate.SQL                        : insert into CarStatusTable (carAvailability, carType, latitude, longitude, carId) values (?, ?, ?, ?, ?)
2018-08-18 08:12:12.176 DEBUG 13626 --- [    Test worker] org.hibernate.SQL                        : insert into CarStatusTable (carAvailability, carType, latitude, longitude, carId) values (?, ?, ?, ?, ?)
2018-08-18 08:12:12.178 DEBUG 13626 --- [    Test worker] org.hibernate.SQL                        : insert into CarStatusTable (carAvailability, carType, latitude, longitude, carId) values (?, ?, ?, ?, ?)
2018-08-18 08:12:12.179 DEBUG 13626 --- [    Test worker] org.hibernate.SQL                        : insert into CarStatusTable (carAvailability, carType, latitude, longitude, carId) values (?, ?, ?, ?, ?)
2018-08-18 08:12:12.181 DEBUG 13626 --- [    Test worker] org.hibernate.SQL                        : insert into CarStatusTable (carAvailability, carType, latitude, longitude, carId) values (?, ?, ?, ?, ?)
2018-08-18 08:12:12.183 DEBUG 13626 --- [    Test worker] org.hibernate.SQL                        : insert into CarStatusTable (carAvailability, carType, latitude, longitude, carId) values (?, ?, ?, ?, ?)
2018-08-18 08:12:12.185 DEBUG 13626 --- [    Test worker] org.hibernate.SQL                        : insert into CarStatusTable (carAvailability, carType, latitude, longitude, carId) values (?, ?, ?, ?, ?)
2018-08-18 08:12:12.187 DEBUG 13626 --- [    Test worker] org.hibernate.SQL                        : insert into CarStatusTable (carAvailability, carType, latitude, longitude, carId) values (?, ?, ?, ?, ?)
2018-08-18 08:12:12.189 DEBUG 13626 --- [    Test worker] org.hibernate.SQL                        : insert into CarStatusTable (carAvailability, carType, latitude, longitude, carId) values (?, ?, ?, ?, ?)
2018-08-18 08:12:12.190 DEBUG 13626 --- [    Test worker] org.hibernate.SQL                        : insert into CarStatusTable (carAvailability, carType, latitude, longitude, carId) values (?, ?, ?, ?, ?)
2018-08-18 08:12:12.193 DEBUG 13626 --- [    Test worker] org.hibernate.SQL                        : insert into CarStatusTable (carAvailability, carType, latitude, longitude, carId) values (?, ?, ?, ?, ?)
2018-08-18 08:12:12.194 DEBUG 13626 --- [    Test worker] org.hibernate.SQL                        : insert into CarStatusTable (carAvailability, carType, latitude, longitude, carId) values (?, ?, ?, ?, ?)
2018-08-18 08:12:12.197 DEBUG 13626 --- [    Test worker] org.hibernate.SQL                        : insert into CarStatusTable (carAvailability, carType, latitude, longitude, carId) values (?, ?, ?, ?, ?)
2018-08-18 08:12:12.198 DEBUG 13626 --- [    Test worker] org.hibernate.SQL                        : insert into CarStatusTable (carAvailability, carType, latitude, longitude, carId) values (?, ?, ?, ?, ?)
2018-08-18 08:12:12.200 DEBUG 13626 --- [    Test worker] org.hibernate.SQL                        : insert into CarStatusTable (carAvailability, carType, latitude, longitude, carId) values (?, ?, ?, ?, ?)
2018-08-18 08:12:12.201 DEBUG 13626 --- [    Test worker] org.hibernate.SQL                        : insert into CarStatusTable (carAvailability, carType, latitude, longitude, carId) values (?, ?, ?, ?, ?)
2018-08-18 08:12:12.204 DEBUG 13626 --- [    Test worker] org.hibernate.SQL                        : insert into CarStatusTable (carAvailability, carType, latitude, longitude, carId) values (?, ?, ?, ?, ?)
2018-08-18 08:12:12.205 DEBUG 13626 --- [    Test worker] org.hibernate.SQL                        : insert into CarStatusTable (carAvailability, carType, latitude, longitude, carId) values (?, ?, ?, ?, ?)
2018-08-18 08:12:12.206 DEBUG 13626 --- [    Test worker] org.hibernate.SQL                        : insert into CarStatusTable (carAvailability, carType, latitude, longitude, carId) values (?, ?, ?, ?, ?)
2018-08-18 08:12:12.208 DEBUG 13626 --- [    Test worker] org.hibernate.SQL                        : insert into CarStatusTable (carAvailability, carType, latitude, longitude, carId) values (?, ?, ?, ?, ?)
2018-08-18 08:12:12.210 DEBUG 13626 --- [    Test worker] org.hibernate.SQL                        : insert into CarStatusTable (carAvailability, carType, latitude, longitude, carId) values (?, ?, ?, ?, ?)
2018-08-18 08:12:12.211 DEBUG 13626 --- [    Test worker] org.hibernate.SQL                        : insert into CarStatusTable (carAvailability, carType, latitude, longitude, carId) values (?, ?, ?, ?, ?)
2018-08-18 08:12:12.212 DEBUG 13626 --- [    Test worker] org.hibernate.SQL                        : insert into CarStatusTable (carAvailability, carType, latitude, longitude, carId) values (?, ?, ?, ?, ?)
2018-08-18 08:12:12.214 DEBUG 13626 --- [    Test worker] org.hibernate.SQL                        : insert into CarStatusTable (carAvailability, carType, latitude, longitude, carId) values (?, ?, ?, ?, ?)
2018-08-18 08:12:12.216 DEBUG 13626 --- [    Test worker] org.hibernate.SQL                        : insert into CarStatusTable (carAvailability, carType, latitude, longitude, carId) values (?, ?, ?, ?, ?)
2018-08-18 08:12:12.217 DEBUG 13626 --- [    Test worker] org.hibernate.SQL                        : insert into CarStatusTable (carAvailability, carType, latitude, longitude, carId) values (?, ?, ?, ?, ?)
2018-08-18 08:12:12.219 DEBUG 13626 --- [    Test worker] org.hibernate.SQL                        : insert into CarStatusTable (carAvailability, carType, latitude, longitude, carId) values (?, ?, ?, ?, ?)
2018-08-18 08:12:12.220 DEBUG 13626 --- [    Test worker] org.hibernate.SQL                        : insert into CarStatusTable (carAvailability, carType, latitude, longitude, carId) values (?, ?, ?, ?, ?)
2018-08-18 08:12:12.221 DEBUG 13626 --- [    Test worker] org.hibernate.SQL                        : insert into CarStatusTable (carAvailability, carType, latitude, longitude, carId) values (?, ?, ?, ?, ?)
2018-08-18 08:12:12.224 DEBUG 13626 --- [    Test worker] org.hibernate.SQL                        : insert into CarStatusTable (carAvailability, carType, latitude, longitude, carId) values (?, ?, ?, ?, ?)
2018-08-18 08:12:12.228 DEBUG 13626 --- [    Test worker] org.hibernate.SQL                        : insert into CarStatusTable (carAvailability, carType, latitude, longitude, carId) values (?, ?, ?, ?, ?)
2018-08-18 08:12:12.230 DEBUG 13626 --- [    Test worker] org.hibernate.SQL                        : insert into CarStatusTable (carAvailability, carType, latitude, longitude, carId) values (?, ?, ?, ?, ?)
2018-08-18 08:12:12.232 DEBUG 13626 --- [    Test worker] org.hibernate.SQL                        : insert into CarStatusTable (carAvailability, carType, latitude, longitude, carId) values (?, ?, ?, ?, ?)
2018-08-18 08:12:12.239 DEBUG 13626 --- [    Test worker] org.hibernate.SQL                        : insert into CarStatusTable (carAvailability, carType, latitude, longitude, carId) values (?, ?, ?, ?, ?)
2018-08-18 08:12:12.240 DEBUG 13626 --- [    Test worker] org.hibernate.SQL                        : insert into CarStatusTable (carAvailability, carType, latitude, longitude, carId) values (?, ?, ?, ?, ?)
2018-08-18 08:12:12.244 DEBUG 13626 --- [    Test worker] org.hibernate.SQL                        : insert into CarStatusTable (carAvailability, carType, latitude, longitude, carId) values (?, ?, ?, ?, ?)
2018-08-18 08:12:12.245 DEBUG 13626 --- [    Test worker] org.hibernate.SQL                        : insert into CarStatusTable (carAvailability, carType, latitude, longitude, carId) values (?, ?, ?, ?, ?)
2018-08-18 08:12:12.247 DEBUG 13626 --- [    Test worker] org.hibernate.SQL                        : insert into CarStatusTable (carAvailability, carType, latitude, longitude, carId) values (?, ?, ?, ?, ?)
2018-08-18 08:12:12.249 DEBUG 13626 --- [    Test worker] org.hibernate.SQL                        : insert into CarStatusTable (carAvailability, carType, latitude, longitude, carId) values (?, ?, ?, ?, ?)
2018-08-18 08:12:12.251 DEBUG 13626 --- [    Test worker] org.hibernate.SQL                        : insert into CarStatusTable (carAvailability, carType, latitude, longitude, carId) values (?, ?, ?, ?, ?)
2018-08-18 08:12:12.252 DEBUG 13626 --- [    Test worker] org.hibernate.SQL                        : insert into CarStatusTable (carAvailability, carType, latitude, longitude, carId) values (?, ?, ?, ?, ?)
2018-08-18 08:12:12.254 DEBUG 13626 --- [    Test worker] org.hibernate.SQL                        : insert into CarStatusTable (carAvailability, carType, latitude, longitude, carId) values (?, ?, ?, ?, ?)
2018-08-18 08:12:12.256 DEBUG 13626 --- [    Test worker] org.hibernate.SQL                        : insert into CarStatusTable (carAvailability, carType, latitude, longitude, carId) values (?, ?, ?, ?, ?)
2018-08-18 08:12:12.257 DEBUG 13626 --- [    Test worker] org.hibernate.SQL                        : insert into CarStatusTable (carAvailability, carType, latitude, longitude, carId) values (?, ?, ?, ?, ?)
2018-08-18 08:12:12.259 DEBUG 13626 --- [    Test worker] org.hibernate.SQL                        : insert into CarStatusTable (carAvailability, carType, latitude, longitude, carId) values (?, ?, ?, ?, ?)
2018-08-18 08:12:12.260 DEBUG 13626 --- [    Test worker] org.hibernate.SQL                        : insert into CarStatusTable (carAvailability, carType, latitude, longitude, carId) values (?, ?, ?, ?, ?)
2018-08-18 08:12:12.262 DEBUG 13626 --- [    Test worker] org.hibernate.SQL                        : insert into CarStatusTable (carAvailability, carType, latitude, longitude, carId) values (?, ?, ?, ?, ?)
2018-08-18 08:12:12.264 DEBUG 13626 --- [    Test worker] org.hibernate.SQL                        : insert into CarStatusTable (carAvailability, carType, latitude, longitude, carId) values (?, ?, ?, ?, ?)
2018-08-18 08:12:12.265 DEBUG 13626 --- [    Test worker] org.hibernate.SQL                        : insert into CarStatusTable (carAvailability, carType, latitude, longitude, carId) values (?, ?, ?, ?, ?)
2018-08-18 08:12:12.267 DEBUG 13626 --- [    Test worker] org.hibernate.SQL                        : insert into CarStatusTable (carAvailability, carType, latitude, longitude, carId) values (?, ?, ?, ?, ?)
2018-08-18 08:12:12.277 DEBUG 13626 --- [    Test worker] org.hibernate.SQL                        : insert into CarStatusTable (carAvailability, carType, latitude, longitude, carId) values (?, ?, ?, ?, ?)
2018-08-18 08:12:12.278 DEBUG 13626 --- [    Test worker] org.hibernate.SQL                        : insert into CarStatusTable (carAvailability, carType, latitude, longitude, carId) values (?, ?, ?, ?, ?)
2018-08-18 08:12:12.279 DEBUG 13626 --- [    Test worker] org.hibernate.SQL                        : insert into CarStatusTable (carAvailability, carType, latitude, longitude, carId) values (?, ?, ?, ?, ?)
2018-08-18 08:12:12.281 DEBUG 13626 --- [    Test worker] org.hibernate.SQL                        : insert into CarStatusTable (carAvailability, carType, latitude, longitude, carId) values (?, ?, ?, ?, ?)
2018-08-18 08:12:12.282 DEBUG 13626 --- [    Test worker] org.hibernate.SQL                        : insert into CarStatusTable (carAvailability, carType, latitude, longitude, carId) values (?, ?, ?, ?, ?)
2018-08-18 08:12:12.282 DEBUG 13626 --- [    Test worker] org.hibernate.SQL                        : insert into CarStatusTable (carAvailability, carType, latitude, longitude, carId) values (?, ?, ?, ?, ?)
2018-08-18 08:12:12.283 DEBUG 13626 --- [    Test worker] org.hibernate.SQL                        : insert into CarStatusTable (carAvailability, carType, latitude, longitude, carId) values (?, ?, ?, ?, ?)
2018-08-18 08:12:12.286 DEBUG 13626 --- [    Test worker] org.hibernate.SQL                        : insert into CarStatusTable (carAvailability, carType, latitude, longitude, carId) values (?, ?, ?, ?, ?)
2018-08-18 08:12:12.287 DEBUG 13626 --- [    Test worker] org.hibernate.SQL                        : insert into CarStatusTable (carAvailability, carType, latitude, longitude, carId) values (?, ?, ?, ?, ?)
2018-08-18 08:12:12.288 DEBUG 13626 --- [    Test worker] org.hibernate.SQL                        : insert into CarStatusTable (carAvailability, carType, latitude, longitude, carId) values (?, ?, ?, ?, ?)
2018-08-18 08:12:12.289 DEBUG 13626 --- [    Test worker] org.hibernate.SQL                        : insert into CarStatusTable (carAvailability, carType, latitude, longitude, carId) values (?, ?, ?, ?, ?)
2018-08-18 08:12:12.290 DEBUG 13626 --- [    Test worker] org.hibernate.SQL                        : insert into CarStatusTable (carAvailability, carType, latitude, longitude, carId) values (?, ?, ?, ?, ?)
2018-08-18 08:12:12.293 DEBUG 13626 --- [    Test worker] org.hibernate.SQL                        : insert into CarStatusTable (carAvailability, carType, latitude, longitude, carId) values (?, ?, ?, ?, ?)
2018-08-18 08:12:12.295 DEBUG 13626 --- [    Test worker] org.hibernate.SQL                        : insert into CarStatusTable (carAvailability, carType, latitude, longitude, carId) values (?, ?, ?, ?, ?)
2018-08-18 08:12:12.298 DEBUG 13626 --- [    Test worker] org.hibernate.SQL                        : insert into CarStatusTable (carAvailability, carType, latitude, longitude, carId) values (?, ?, ?, ?, ?)
2018-08-18 08:12:12.306 DEBUG 13626 --- [    Test worker] org.hibernate.SQL                        : insert into CarStatusTable (carAvailability, carType, latitude, longitude, carId) values (?, ?, ?, ?, ?)
2018-08-18 08:12:12.309 DEBUG 13626 --- [    Test worker] org.hibernate.SQL                        : insert into CarStatusTable (carAvailability, carType, latitude, longitude, carId) values (?, ?, ?, ?, ?)
2018-08-18 08:12:12.315 DEBUG 13626 --- [    Test worker] org.hibernate.SQL                        : insert into CarStatusTable (carAvailability, carType, latitude, longitude, carId) values (?, ?, ?, ?, ?)
2018-08-18 08:12:12.318 DEBUG 13626 --- [    Test worker] org.hibernate.SQL                        : insert into CarStatusTable (carAvailability, carType, latitude, longitude, carId) values (?, ?, ?, ?, ?)
2018-08-18 08:12:12.320 DEBUG 13626 --- [    Test worker] org.hibernate.SQL                        : insert into CarStatusTable (carAvailability, carType, latitude, longitude, carId) values (?, ?, ?, ?, ?)
2018-08-18 08:12:12.323 DEBUG 13626 --- [    Test worker] org.hibernate.SQL                        : insert into CarStatusTable (carAvailability, carType, latitude, longitude, carId) values (?, ?, ?, ?, ?)
2018-08-18 08:12:12.325 DEBUG 13626 --- [    Test worker] org.hibernate.SQL                        : insert into CarStatusTable (carAvailability, carType, latitude, longitude, carId) values (?, ?, ?, ?, ?)
2018-08-18 08:12:12.327 DEBUG 13626 --- [    Test worker] org.hibernate.SQL                        : insert into CarStatusTable (carAvailability, carType, latitude, longitude, carId) values (?, ?, ?, ?, ?)
2018-08-18 08:12:12.330 DEBUG 13626 --- [    Test worker] org.hibernate.SQL                        : insert into CarStatusTable (carAvailability, carType, latitude, longitude, carId) values (?, ?, ?, ?, ?)
2018-08-18 08:12:12.331 DEBUG 13626 --- [    Test worker] org.hibernate.SQL                        : insert into CarStatusTable (carAvailability, carType, latitude, longitude, carId) values (?, ?, ?, ?, ?)
2018-08-18 08:12:12.333 DEBUG 13626 --- [    Test worker] org.hibernate.SQL                        : insert into CarStatusTable (carAvailability, carType, latitude, longitude, carId) values (?, ?, ?, ?, ?)
2018-08-18 08:12:12.335 DEBUG 13626 --- [    Test worker] org.hibernate.SQL                        : insert into CarStatusTable (carAvailability, carType, latitude, longitude, carId) values (?, ?, ?, ?, ?)
2018-08-18 08:12:12.336 DEBUG 13626 --- [    Test worker] org.hibernate.SQL                        : insert into CarStatusTable (carAvailability, carType, latitude, longitude, carId) values (?, ?, ?, ?, ?)
2018-08-18 08:12:12.339 DEBUG 13626 --- [    Test worker] org.hibernate.SQL                        : insert into CarStatusTable (carAvailability, carType, latitude, longitude, carId) values (?, ?, ?, ?, ?)
2018-08-18 08:12:12.340 DEBUG 13626 --- [    Test worker] org.hibernate.SQL                        : insert into CarStatusTable (carAvailability, carType, latitude, longitude, carId) values (?, ?, ?, ?, ?)
2018-08-18 08:12:12.342 DEBUG 13626 --- [    Test worker] org.hibernate.SQL                        : insert into CarStatusTable (carAvailability, carType, latitude, longitude, carId) values (?, ?, ?, ?, ?)
2018-08-18 08:12:12.344 DEBUG 13626 --- [    Test worker] org.hibernate.SQL                        : insert into CarStatusTable (carAvailability, carType, latitude, longitude, carId) values (?, ?, ?, ?, ?)
2018-08-18 08:12:12.346 DEBUG 13626 --- [    Test worker] org.hibernate.SQL                        : insert into CarStatusTable (carAvailability, carType, latitude, longitude, carId) values (?, ?, ?, ?, ?)
2018-08-18 08:12:12.347 DEBUG 13626 --- [    Test worker] org.hibernate.SQL                        : insert into CarStatusTable (carAvailability, carType, latitude, longitude, carId) values (?, ?, ?, ?, ?)
2018-08-18 08:12:12.349 DEBUG 13626 --- [    Test worker] org.hibernate.SQL                        : insert into CarStatusTable (carAvailability, carType, latitude, longitude, carId) values (?, ?, ?, ?, ?)
2018-08-18 08:12:12.351 DEBUG 13626 --- [    Test worker] org.hibernate.SQL                        : insert into CarStatusTable (carAvailability, carType, latitude, longitude, carId) values (?, ?, ?, ?, ?)
2018-08-18 08:12:12.352 DEBUG 13626 --- [    Test worker] org.hibernate.SQL                        : insert into CarStatusTable (carAvailability, carType, latitude, longitude, carId) values (?, ?, ?, ?, ?)
2018-08-18 08:12:12.354 DEBUG 13626 --- [    Test worker] org.hibernate.SQL                        : insert into CarStatusTable (carAvailability, carType, latitude, longitude, carId) values (?, ?, ?, ?, ?)
2018-08-18 08:12:12.355 DEBUG 13626 --- [    Test worker] org.hibernate.SQL                        : insert into CarStatusTable (carAvailability, carType, latitude, longitude, carId) values (?, ?, ?, ?, ?)
2018-08-18 08:12:12.357 DEBUG 13626 --- [    Test worker] org.hibernate.SQL                        : insert into CarStatusTable (carAvailability, carType, latitude, longitude, carId) values (?, ?, ?, ?, ?)
2018-08-18 08:12:12.358 DEBUG 13626 --- [    Test worker] org.hibernate.SQL                        : insert into CarStatusTable (carAvailability, carType, latitude, longitude, carId) values (?, ?, ?, ?, ?)
2018-08-18 08:12:12.360 DEBUG 13626 --- [    Test worker] org.hibernate.SQL                        : insert into CarStatusTable (carAvailability, carType, latitude, longitude, carId) values (?, ?, ?, ?, ?)
2018-08-18 08:12:12.361 DEBUG 13626 --- [    Test worker] org.hibernate.SQL                        : insert into CarStatusTable (carAvailability, carType, latitude, longitude, carId) values (?, ?, ?, ?, ?)
2018-08-18 08:12:12.363 DEBUG 13626 --- [    Test worker] org.hibernate.SQL                        : insert into CarStatusTable (carAvailability, carType, latitude, longitude, carId) values (?, ?, ?, ?, ?)
2018-08-18 08:12:12.364 DEBUG 13626 --- [    Test worker] org.hibernate.SQL                        : insert into CarStatusTable (carAvailability, carType, latitude, longitude, carId) values (?, ?, ?, ?, ?)
2018-08-18 08:12:12.365 DEBUG 13626 --- [    Test worker] org.hibernate.SQL                        : insert into CarStatusTable (carAvailability, carType, latitude, longitude, carId) values (?, ?, ?, ?, ?)
2018-08-18 08:12:12.366 DEBUG 13626 --- [    Test worker] org.hibernate.SQL                        : insert into CarStatusTable (carAvailability, carType, latitude, longitude, carId) values (?, ?, ?, ?, ?)
2018-08-18 08:12:12.368 DEBUG 13626 --- [    Test worker] org.hibernate.SQL                        : insert into CarStatusTable (carAvailability, carType, latitude, longitude, carId) values (?, ?, ?, ?, ?)
2018-08-18 08:12:12.369 DEBUG 13626 --- [    Test worker] org.hibernate.SQL                        : insert into CarStatusTable (carAvailability, carType, latitude, longitude, carId) values (?, ?, ?, ?, ?)
2018-08-18 08:12:12.370 DEBUG 13626 --- [    Test worker] org.hibernate.SQL                        : insert into CarStatusTable (carAvailability, carType, latitude, longitude, carId) values (?, ?, ?, ?, ?)
2018-08-18 08:12:12.371 DEBUG 13626 --- [    Test worker] org.hibernate.SQL                        : insert into CarStatusTable (carAvailability, carType, latitude, longitude, carId) values (?, ?, ?, ?, ?)
2018-08-18 08:12:12.373 DEBUG 13626 --- [    Test worker] org.hibernate.SQL                        : insert into CarStatusTable (carAvailability, carType, latitude, longitude, carId) values (?, ?, ?, ?, ?)
2018-08-18 08:12:12.377 DEBUG 13626 --- [    Test worker] org.hibernate.SQL                        : insert into CarStatusTable (carAvailability, carType, latitude, longitude, carId) values (?, ?, ?, ?, ?)
2018-08-18 08:12:12.380 DEBUG 13626 --- [    Test worker] org.hibernate.SQL                        : insert into CarStatusTable (carAvailability, carType, latitude, longitude, carId) values (?, ?, ?, ?, ?)
2018-08-18 08:12:12.381 DEBUG 13626 --- [    Test worker] org.hibernate.SQL                        : insert into CarStatusTable (carAvailability, carType, latitude, longitude, carId) values (?, ?, ?, ?, ?)
2018-08-18 08:12:12.385 DEBUG 13626 --- [    Test worker] org.hibernate.SQL                        : insert into CarStatusTable (carAvailability, carType, latitude, longitude, carId) values (?, ?, ?, ?, ?)
2018-08-18 08:12:12.386 DEBUG 13626 --- [    Test worker] org.hibernate.SQL                        : insert into CarStatusTable (carAvailability, carType, latitude, longitude, carId) values (?, ?, ?, ?, ?)
2018-08-18 08:12:12.387 DEBUG 13626 --- [    Test worker] org.hibernate.SQL                        : insert into CarStatusTable (carAvailability, carType, latitude, longitude, carId) values (?, ?, ?, ?, ?)
2018-08-18 08:12:12.393 DEBUG 13626 --- [    Test worker] org.hibernate.SQL                        : insert into CarStatusTable (carAvailability, carType, latitude, longitude, carId) values (?, ?, ?, ?, ?)
2018-08-18 08:12:12.396 DEBUG 13626 --- [    Test worker] org.hibernate.SQL                        : insert into CarStatusTable (carAvailability, carType, latitude, longitude, carId) values (?, ?, ?, ?, ?)
2018-08-18 08:12:12.398 DEBUG 13626 --- [    Test worker] org.hibernate.SQL                        : insert into CarStatusTable (carAvailability, carType, latitude, longitude, carId) values (?, ?, ?, ?, ?)
2018-08-18 08:12:12.401 DEBUG 13626 --- [    Test worker] org.hibernate.SQL                        : insert into CarStatusTable (carAvailability, carType, latitude, longitude, carId) values (?, ?, ?, ?, ?)
2018-08-18 08:12:12.403 DEBUG 13626 --- [    Test worker] org.hibernate.SQL                        : insert into CarStatusTable (carAvailability, carType, latitude, longitude, carId) values (?, ?, ?, ?, ?)
2018-08-18 08:12:12.406 DEBUG 13626 --- [    Test worker] org.hibernate.SQL                        : insert into CarStatusTable (carAvailability, carType, latitude, longitude, carId) values (?, ?, ?, ?, ?)
2018-08-18 08:12:12.407 DEBUG 13626 --- [    Test worker] org.hibernate.SQL                        : insert into CarStatusTable (carAvailability, carType, latitude, longitude, carId) values (?, ?, ?, ?, ?)
2018-08-18 08:12:12.409 DEBUG 13626 --- [    Test worker] org.hibernate.SQL                        : insert into CarStatusTable (carAvailability, carType, latitude, longitude, carId) values (?, ?, ?, ?, ?)
2018-08-18 08:12:12.411 DEBUG 13626 --- [    Test worker] org.hibernate.SQL                        : insert into CarStatusTable (carAvailability, carType, latitude, longitude, carId) values (?, ?, ?, ?, ?)
2018-08-18 08:12:12.413 DEBUG 13626 --- [    Test worker] org.hibernate.SQL                        : insert into CarStatusTable (carAvailability, carType, latitude, longitude, carId) values (?, ?, ?, ?, ?)
2018-08-18 08:12:12.415 DEBUG 13626 --- [    Test worker] org.hibernate.SQL                        : insert into CarStatusTable (carAvailability, carType, latitude, longitude, carId) values (?, ?, ?, ?, ?)
2018-08-18 08:12:12.416 DEBUG 13626 --- [    Test worker] org.hibernate.SQL                        : insert into CarStatusTable (carAvailability, carType, latitude, longitude, carId) values (?, ?, ?, ?, ?)
2018-08-18 08:12:12.426 DEBUG 13626 --- [    Test worker] org.hibernate.SQL                        : insert into CarStatusTable (carAvailability, carType, latitude, longitude, carId) values (?, ?, ?, ?, ?)
2018-08-18 08:12:12.427 DEBUG 13626 --- [    Test worker] org.hibernate.SQL                        : insert into CarStatusTable (carAvailability, carType, latitude, longitude, carId) values (?, ?, ?, ?, ?)
2018-08-18 08:12:12.431 DEBUG 13626 --- [    Test worker] org.hibernate.SQL                        : insert into CarStatusTable (carAvailability, carType, latitude, longitude, carId) values (?, ?, ?, ?, ?)
2018-08-18 08:12:12.432 DEBUG 13626 --- [    Test worker] org.hibernate.SQL                        : insert into CarStatusTable (carAvailability, carType, latitude, longitude, carId) values (?, ?, ?, ?, ?)
2018-08-18 08:12:12.433 DEBUG 13626 --- [    Test worker] org.hibernate.SQL                        : insert into CarStatusTable (carAvailability, carType, latitude, longitude, carId) values (?, ?, ?, ?, ?)
2018-08-18 08:12:12.435 DEBUG 13626 --- [    Test worker] org.hibernate.SQL                        : insert into CarStatusTable (carAvailability, carType, latitude, longitude, carId) values (?, ?, ?, ?, ?)
2018-08-18 08:12:12.436 DEBUG 13626 --- [    Test worker] org.hibernate.SQL                        : insert into CarStatusTable (carAvailability, carType, latitude, longitude, carId) values (?, ?, ?, ?, ?)
2018-08-18 08:12:12.437 DEBUG 13626 --- [    Test worker] org.hibernate.SQL                        : insert into CarStatusTable (carAvailability, carType, latitude, longitude, carId) values (?, ?, ?, ?, ?)
2018-08-18 08:12:12.439 DEBUG 13626 --- [    Test worker] org.hibernate.SQL                        : insert into CarStatusTable (carAvailability, carType, latitude, longitude, carId) values (?, ?, ?, ?, ?)
2018-08-18 08:12:12.443 DEBUG 13626 --- [    Test worker] org.hibernate.SQL                        : insert into CarStatusTable (carAvailability, carType, latitude, longitude, carId) values (?, ?, ?, ?, ?)
2018-08-18 08:12:12.449 DEBUG 13626 --- [    Test worker] org.hibernate.SQL                        : insert into CarStatusTable (carAvailability, carType, latitude, longitude, carId) values (?, ?, ?, ?, ?)
2018-08-18 08:12:12.455 DEBUG 13626 --- [    Test worker] org.hibernate.SQL                        : insert into CarStatusTable (carAvailability, carType, latitude, longitude, carId) values (?, ?, ?, ?, ?)
2018-08-18 08:12:12.460 DEBUG 13626 --- [    Test worker] org.hibernate.SQL                        : insert into CarStatusTable (carAvailability, carType, latitude, longitude, carId) values (?, ?, ?, ?, ?)
2018-08-18 08:12:12.463 DEBUG 13626 --- [    Test worker] org.hibernate.SQL                        : insert into CarStatusTable (carAvailability, carType, latitude, longitude, carId) values (?, ?, ?, ?, ?)
2018-08-18 08:12:12.466 DEBUG 13626 --- [    Test worker] org.hibernate.SQL                        : insert into CarStatusTable (carAvailability, carType, latitude, longitude, carId) values (?, ?, ?, ?, ?)
2018-08-18 08:12:12.468 DEBUG 13626 --- [    Test worker] org.hibernate.SQL                        : insert into CarStatusTable (carAvailability, carType, latitude, longitude, carId) values (?, ?, ?, ?, ?)
2018-08-18 08:12:12.471 DEBUG 13626 --- [    Test worker] org.hibernate.SQL                        : insert into CarStatusTable (carAvailability, carType, latitude, longitude, carId) values (?, ?, ?, ?, ?)
2018-08-18 08:12:12.472 DEBUG 13626 --- [    Test worker] org.hibernate.SQL                        : insert into CarStatusTable (carAvailability, carType, latitude, longitude, carId) values (?, ?, ?, ?, ?)
2018-08-18 08:12:12.474 DEBUG 13626 --- [    Test worker] org.hibernate.SQL                        : insert into CarStatusTable (carAvailability, carType, latitude, longitude, carId) values (?, ?, ?, ?, ?)
2018-08-18 08:12:12.476 DEBUG 13626 --- [    Test worker] org.hibernate.SQL                        : insert into CarStatusTable (carAvailability, carType, latitude, longitude, carId) values (?, ?, ?, ?, ?)
2018-08-18 08:12:12.478 DEBUG 13626 --- [    Test worker] org.hibernate.SQL                        : insert into CarStatusTable (carAvailability, carType, latitude, longitude, carId) values (?, ?, ?, ?, ?)
2018-08-18 08:12:12.480 DEBUG 13626 --- [    Test worker] org.hibernate.SQL                        : insert into CarStatusTable (carAvailability, carType, latitude, longitude, carId) values (?, ?, ?, ?, ?)
2018-08-18 08:12:12.481 DEBUG 13626 --- [    Test worker] org.hibernate.SQL                        : insert into CarStatusTable (carAvailability, carType, latitude, longitude, carId) values (?, ?, ?, ?, ?)
2018-08-18 08:12:12.483 DEBUG 13626 --- [    Test worker] org.hibernate.SQL                        : insert into CarStatusTable (carAvailability, carType, latitude, longitude, carId) values (?, ?, ?, ?, ?)
2018-08-18 08:12:12.484 DEBUG 13626 --- [    Test worker] org.hibernate.SQL                        : insert into CarStatusTable (carAvailability, carType, latitude, longitude, carId) values (?, ?, ?, ?, ?)
2018-08-18 08:12:12.486 DEBUG 13626 --- [    Test worker] org.hibernate.SQL                        : insert into CarStatusTable (carAvailability, carType, latitude, longitude, carId) values (?, ?, ?, ?, ?)
2018-08-18 08:12:12.488 DEBUG 13626 --- [    Test worker] org.hibernate.SQL                        : insert into CarStatusTable (carAvailability, carType, latitude, longitude, carId) values (?, ?, ?, ?, ?)
2018-08-18 08:12:12.490 DEBUG 13626 --- [    Test worker] org.hibernate.SQL                        : insert into CarStatusTable (carAvailability, carType, latitude, longitude, carId) values (?, ?, ?, ?, ?)
2018-08-18 08:12:12.494 DEBUG 13626 --- [    Test worker] org.hibernate.SQL                        : insert into CarStatusTable (carAvailability, carType, latitude, longitude, carId) values (?, ?, ?, ?, ?)
2018-08-18 08:12:12.500 DEBUG 13626 --- [    Test worker] org.hibernate.SQL                        : insert into CarStatusTable (carAvailability, carType, latitude, longitude, carId) values (?, ?, ?, ?, ?)
2018-08-18 08:12:12.503 DEBUG 13626 --- [    Test worker] org.hibernate.SQL                        : insert into CarStatusTable (carAvailability, carType, latitude, longitude, carId) values (?, ?, ?, ?, ?)
2018-08-18 08:12:12.506 DEBUG 13626 --- [    Test worker] org.hibernate.SQL                        : insert into CarStatusTable (carAvailability, carType, latitude, longitude, carId) values (?, ?, ?, ?, ?)
2018-08-18 08:12:12.508 DEBUG 13626 --- [    Test worker] org.hibernate.SQL                        : insert into CarStatusTable (carAvailability, carType, latitude, longitude, carId) values (?, ?, ?, ?, ?)
2018-08-18 08:12:12.510 DEBUG 13626 --- [    Test worker] org.hibernate.SQL                        : insert into CarStatusTable (carAvailability, carType, latitude, longitude, carId) values (?, ?, ?, ?, ?)
2018-08-18 08:12:12.520 DEBUG 13626 --- [    Test worker] org.hibernate.SQL                        : insert into CarStatusTable (carAvailability, carType, latitude, longitude, carId) values (?, ?, ?, ?, ?)
2018-08-18 08:12:12.526 DEBUG 13626 --- [    Test worker] org.hibernate.SQL                        : insert into CarStatusTable (carAvailability, carType, latitude, longitude, carId) values (?, ?, ?, ?, ?)
2018-08-18 08:12:12.528 DEBUG 13626 --- [    Test worker] org.hibernate.SQL                        : insert into CarStatusTable (carAvailability, carType, latitude, longitude, carId) values (?, ?, ?, ?, ?)
2018-08-18 08:12:12.530 DEBUG 13626 --- [    Test worker] org.hibernate.SQL                        : insert into CarStatusTable (carAvailability, carType, latitude, longitude, carId) values (?, ?, ?, ?, ?)
2018-08-18 08:12:12.538 DEBUG 13626 --- [    Test worker] org.hibernate.SQL                        : insert into CarStatusTable (carAvailability, carType, latitude, longitude, carId) values (?, ?, ?, ?, ?)
2018-08-18 08:12:12.540 DEBUG 13626 --- [    Test worker] org.hibernate.SQL                        : insert into CarStatusTable (carAvailability, carType, latitude, longitude, carId) values (?, ?, ?, ?, ?)
2018-08-18 08:12:12.542 DEBUG 13626 --- [    Test worker] org.hibernate.SQL                        : insert into CarStatusTable (carAvailability, carType, latitude, longitude, carId) values (?, ?, ?, ?, ?)
2018-08-18 08:12:12.544 DEBUG 13626 --- [    Test worker] org.hibernate.SQL                        : insert into CarStatusTable (carAvailability, carType, latitude, longitude, carId) values (?, ?, ?, ?, ?)
2018-08-18 08:12:12.547 DEBUG 13626 --- [    Test worker] org.hibernate.SQL                        : insert into CarStatusTable (carAvailability, carType, latitude, longitude, carId) values (?, ?, ?, ?, ?)
2018-08-18 08:12:12.549 DEBUG 13626 --- [    Test worker] org.hibernate.SQL                        : insert into CarStatusTable (carAvailability, carType, latitude, longitude, carId) values (?, ?, ?, ?, ?)
2018-08-18 08:12:12.550 DEBUG 13626 --- [    Test worker] org.hibernate.SQL                        : insert into CarStatusTable (carAvailability, carType, latitude, longitude, carId) values (?, ?, ?, ?, ?)
2018-08-18 08:12:12.552 DEBUG 13626 --- [    Test worker] org.hibernate.SQL                        : insert into CarStatusTable (carAvailability, carType, latitude, longitude, carId) values (?, ?, ?, ?, ?)
2018-08-18 08:12:12.554 DEBUG 13626 --- [    Test worker] org.hibernate.SQL                        : insert into CarStatusTable (carAvailability, carType, latitude, longitude, carId) values (?, ?, ?, ?, ?)
2018-08-18 08:12:12.555 DEBUG 13626 --- [    Test worker] org.hibernate.SQL                        : insert into CarStatusTable (carAvailability, carType, latitude, longitude, carId) values (?, ?, ?, ?, ?)
2018-08-18 08:12:12.557 DEBUG 13626 --- [    Test worker] org.hibernate.SQL                        : insert into CarStatusTable (carAvailability, carType, latitude, longitude, carId) values (?, ?, ?, ?, ?)
2018-08-18 08:12:12.559 DEBUG 13626 --- [    Test worker] org.hibernate.SQL                        : insert into CarStatusTable (carAvailability, carType, latitude, longitude, carId) values (?, ?, ?, ?, ?)
2018-08-18 08:12:12.561 DEBUG 13626 --- [    Test worker] org.hibernate.SQL                        : insert into CarStatusTable (carAvailability, carType, latitude, longitude, carId) values (?, ?, ?, ?, ?)
2018-08-18 08:12:12.562 DEBUG 13626 --- [    Test worker] org.hibernate.SQL                        : insert into CarStatusTable (carAvailability, carType, latitude, longitude, carId) values (?, ?, ?, ?, ?)
2018-08-18 08:12:12.564 DEBUG 13626 --- [    Test worker] org.hibernate.SQL                        : insert into CarStatusTable (carAvailability, carType, latitude, longitude, carId) values (?, ?, ?, ?, ?)
2018-08-18 08:12:12.573 DEBUG 13626 --- [    Test worker] org.hibernate.SQL                        : insert into CarStatusTable (carAvailability, carType, latitude, longitude, carId) values (?, ?, ?, ?, ?)
2018-08-18 08:12:12.575 DEBUG 13626 --- [    Test worker] org.hibernate.SQL                        : insert into CarStatusTable (carAvailability, carType, latitude, longitude, carId) values (?, ?, ?, ?, ?)
2018-08-18 08:12:12.578 DEBUG 13626 --- [    Test worker] org.hibernate.SQL                        : insert into CarStatusTable (carAvailability, carType, latitude, longitude, carId) values (?, ?, ?, ?, ?)
2018-08-18 08:12:12.579 DEBUG 13626 --- [    Test worker] org.hibernate.SQL                        : insert into CarStatusTable (carAvailability, carType, latitude, longitude, carId) values (?, ?, ?, ?, ?)
2018-08-18 08:12:12.583 DEBUG 13626 --- [    Test worker] org.hibernate.SQL                        : insert into CarStatusTable (carAvailability, carType, latitude, longitude, carId) values (?, ?, ?, ?, ?)
2018-08-18 08:12:12.583 DEBUG 13626 --- [    Test worker] org.hibernate.SQL                        : insert into CarStatusTable (carAvailability, carType, latitude, longitude, carId) values (?, ?, ?, ?, ?)
2018-08-18 08:12:12.584 DEBUG 13626 --- [    Test worker] org.hibernate.SQL                        : insert into CarStatusTable (carAvailability, carType, latitude, longitude, carId) values (?, ?, ?, ?, ?)
2018-08-18 08:12:12.585 DEBUG 13626 --- [    Test worker] org.hibernate.SQL                        : insert into CarStatusTable (carAvailability, carType, latitude, longitude, carId) values (?, ?, ?, ?, ?)
2018-08-18 08:12:12.585 DEBUG 13626 --- [    Test worker] org.hibernate.SQL                        : insert into CarStatusTable (carAvailability, carType, latitude, longitude, carId) values (?, ?, ?, ?, ?)
2018-08-18 08:12:12.586 DEBUG 13626 --- [    Test worker] org.hibernate.SQL                        : insert into CarStatusTable (carAvailability, carType, latitude, longitude, carId) values (?, ?, ?, ?, ?)
2018-08-18 08:12:12.590 DEBUG 13626 --- [    Test worker] org.hibernate.SQL                        : insert into CarStatusTable (carAvailability, carType, latitude, longitude, carId) values (?, ?, ?, ?, ?)
2018-08-18 08:12:12.594 DEBUG 13626 --- [    Test worker] org.hibernate.SQL                        : insert into CarStatusTable (carAvailability, carType, latitude, longitude, carId) values (?, ?, ?, ?, ?)
2018-08-18 08:12:12.600 DEBUG 13626 --- [    Test worker] org.hibernate.SQL                        : insert into CarStatusTable (carAvailability, carType, latitude, longitude, carId) values (?, ?, ?, ?, ?)
2018-08-18 08:12:12.605 DEBUG 13626 --- [    Test worker] org.hibernate.SQL                        : insert into CarStatusTable (carAvailability, carType, latitude, longitude, carId) values (?, ?, ?, ?, ?)
2018-08-18 08:12:12.610 DEBUG 13626 --- [    Test worker] org.hibernate.SQL                        : insert into CarStatusTable (carAvailability, carType, latitude, longitude, carId) values (?, ?, ?, ?, ?)
2018-08-18 08:12:12.613 DEBUG 13626 --- [    Test worker] org.hibernate.SQL                        : insert into CarStatusTable (carAvailability, carType, latitude, longitude, carId) values (?, ?, ?, ?, ?)
2018-08-18 08:12:12.615 DEBUG 13626 --- [    Test worker] org.hibernate.SQL                        : insert into CarStatusTable (carAvailability, carType, latitude, longitude, carId) values (?, ?, ?, ?, ?)
2018-08-18 08:12:12.617 DEBUG 13626 --- [    Test worker] org.hibernate.SQL                        : insert into CarStatusTable (carAvailability, carType, latitude, longitude, carId) values (?, ?, ?, ?, ?)
2018-08-18 08:12:12.619 DEBUG 13626 --- [    Test worker] org.hibernate.SQL                        : insert into CarStatusTable (carAvailability, carType, latitude, longitude, carId) values (?, ?, ?, ?, ?)
2018-08-18 08:12:12.621 DEBUG 13626 --- [    Test worker] org.hibernate.SQL                        : insert into CarStatusTable (carAvailability, carType, latitude, longitude, carId) values (?, ?, ?, ?, ?)
2018-08-18 08:12:12.623 DEBUG 13626 --- [    Test worker] org.hibernate.SQL                        : insert into CarStatusTable (carAvailability, carType, latitude, longitude, carId) values (?, ?, ?, ?, ?)
2018-08-18 08:12:12.625 DEBUG 13626 --- [    Test worker] org.hibernate.SQL                        : insert into CarStatusTable (carAvailability, carType, latitude, longitude, carId) values (?, ?, ?, ?, ?)
2018-08-18 08:12:12.626 DEBUG 13626 --- [    Test worker] org.hibernate.SQL                        : insert into CarStatusTable (carAvailability, carType, latitude, longitude, carId) values (?, ?, ?, ?, ?)
2018-08-18 08:12:12.629 DEBUG 13626 --- [    Test worker] org.hibernate.SQL                        : insert into CarStatusTable (carAvailability, carType, latitude, longitude, carId) values (?, ?, ?, ?, ?)
2018-08-18 08:12:12.631 DEBUG 13626 --- [    Test worker] org.hibernate.SQL                        : insert into CarStatusTable (carAvailability, carType, latitude, longitude, carId) values (?, ?, ?, ?, ?)
2018-08-18 08:12:12.632 DEBUG 13626 --- [    Test worker] org.hibernate.SQL                        : insert into CarStatusTable (carAvailability, carType, latitude, longitude, carId) values (?, ?, ?, ?, ?)
2018-08-18 08:12:12.634 DEBUG 13626 --- [    Test worker] org.hibernate.SQL                        : insert into CarStatusTable (carAvailability, carType, latitude, longitude, carId) values (?, ?, ?, ?, ?)
2018-08-18 08:12:12.636 DEBUG 13626 --- [    Test worker] org.hibernate.SQL                        : insert into CarStatusTable (carAvailability, carType, latitude, longitude, carId) values (?, ?, ?, ?, ?)
2018-08-18 08:12:12.638 DEBUG 13626 --- [    Test worker] org.hibernate.SQL                        : insert into CarStatusTable (carAvailability, carType, latitude, longitude, carId) values (?, ?, ?, ?, ?)
2018-08-18 08:12:12.639 DEBUG 13626 --- [    Test worker] org.hibernate.SQL                        : insert into CarStatusTable (carAvailability, carType, latitude, longitude, carId) values (?, ?, ?, ?, ?)
2018-08-18 08:12:12.640 DEBUG 13626 --- [    Test worker] org.hibernate.SQL                        : insert into CarStatusTable (carAvailability, carType, latitude, longitude, carId) values (?, ?, ?, ?, ?)
2018-08-18 08:12:12.642 DEBUG 13626 --- [    Test worker] org.hibernate.SQL                        : insert into CarStatusTable (carAvailability, carType, latitude, longitude, carId) values (?, ?, ?, ?, ?)
2018-08-18 08:12:12.643 DEBUG 13626 --- [    Test worker] org.hibernate.SQL                        : insert into CarStatusTable (carAvailability, carType, latitude, longitude, carId) values (?, ?, ?, ?, ?)
2018-08-18 08:12:12.645 DEBUG 13626 --- [    Test worker] org.hibernate.SQL                        : insert into CarStatusTable (carAvailability, carType, latitude, longitude, carId) values (?, ?, ?, ?, ?)
2018-08-18 08:12:12.646 DEBUG 13626 --- [    Test worker] org.hibernate.SQL                        : insert into CarStatusTable (carAvailability, carType, latitude, longitude, carId) values (?, ?, ?, ?, ?)
2018-08-18 08:12:12.647 DEBUG 13626 --- [    Test worker] org.hibernate.SQL                        : insert into CarStatusTable (carAvailability, carType, latitude, longitude, carId) values (?, ?, ?, ?, ?)
2018-08-18 08:12:12.649 DEBUG 13626 --- [    Test worker] org.hibernate.SQL                        : insert into CarStatusTable (carAvailability, carType, latitude, longitude, carId) values (?, ?, ?, ?, ?)
2018-08-18 08:12:12.650 DEBUG 13626 --- [    Test worker] org.hibernate.SQL                        : insert into CarStatusTable (carAvailability, carType, latitude, longitude, carId) values (?, ?, ?, ?, ?)
2018-08-18 08:12:12.651 DEBUG 13626 --- [    Test worker] org.hibernate.SQL                        : insert into CarStatusTable (carAvailability, carType, latitude, longitude, carId) values (?, ?, ?, ?, ?)
2018-08-18 08:12:12.653 DEBUG 13626 --- [    Test worker] org.hibernate.SQL                        : insert into CarStatusTable (carAvailability, carType, latitude, longitude, carId) values (?, ?, ?, ?, ?)
2018-08-18 08:12:12.655 DEBUG 13626 --- [    Test worker] org.hibernate.SQL                        : insert into CarStatusTable (carAvailability, carType, latitude, longitude, carId) values (?, ?, ?, ?, ?)
2018-08-18 08:12:12.655 DEBUG 13626 --- [    Test worker] org.hibernate.SQL                        : insert into CarStatusTable (carAvailability, carType, latitude, longitude, carId) values (?, ?, ?, ?, ?)
2018-08-18 08:12:12.657 DEBUG 13626 --- [    Test worker] org.hibernate.SQL                        : insert into CarStatusTable (carAvailability, carType, latitude, longitude, carId) values (?, ?, ?, ?, ?)
2018-08-18 08:12:12.658 DEBUG 13626 --- [    Test worker] org.hibernate.SQL                        : insert into CarStatusTable (carAvailability, carType, latitude, longitude, carId) values (?, ?, ?, ?, ?)
2018-08-18 08:12:12.660 DEBUG 13626 --- [    Test worker] org.hibernate.SQL                        : insert into CarStatusTable (carAvailability, carType, latitude, longitude, carId) values (?, ?, ?, ?, ?)
2018-08-18 08:12:12.661 DEBUG 13626 --- [    Test worker] org.hibernate.SQL                        : insert into CarStatusTable (carAvailability, carType, latitude, longitude, carId) values (?, ?, ?, ?, ?)
2018-08-18 08:12:12.663 DEBUG 13626 --- [    Test worker] org.hibernate.SQL                        : insert into CarStatusTable (carAvailability, carType, latitude, longitude, carId) values (?, ?, ?, ?, ?)
2018-08-18 08:12:12.664 DEBUG 13626 --- [    Test worker] org.hibernate.SQL                        : insert into CarStatusTable (carAvailability, carType, latitude, longitude, carId) values (?, ?, ?, ?, ?)
2018-08-18 08:12:12.665 DEBUG 13626 --- [    Test worker] org.hibernate.SQL                        : insert into CarStatusTable (carAvailability, carType, latitude, longitude, carId) values (?, ?, ?, ?, ?)
2018-08-18 08:12:12.666 DEBUG 13626 --- [    Test worker] org.hibernate.SQL                        : insert into CarStatusTable (carAvailability, carType, latitude, longitude, carId) values (?, ?, ?, ?, ?)
2018-08-18 08:12:12.671 DEBUG 13626 --- [    Test worker] org.hibernate.SQL                        : insert into CarStatusTable (carAvailability, carType, latitude, longitude, carId) values (?, ?, ?, ?, ?)
2018-08-18 08:12:12.673 DEBUG 13626 --- [    Test worker] org.hibernate.SQL                        : insert into CarStatusTable (carAvailability, carType, latitude, longitude, carId) values (?, ?, ?, ?, ?)
2018-08-18 08:12:12.676 DEBUG 13626 --- [    Test worker] org.hibernate.SQL                        : insert into CarStatusTable (carAvailability, carType, latitude, longitude, carId) values (?, ?, ?, ?, ?)
2018-08-18 08:12:12.683 DEBUG 13626 --- [    Test worker] org.hibernate.SQL                        : insert into CarStatusTable (carAvailability, carType, latitude, longitude, carId) values (?, ?, ?, ?, ?)
2018-08-18 08:12:12.684 DEBUG 13626 --- [    Test worker] org.hibernate.SQL                        : insert into CarStatusTable (carAvailability, carType, latitude, longitude, carId) values (?, ?, ?, ?, ?)
2018-08-18 08:12:12.687 DEBUG 13626 --- [    Test worker] org.hibernate.SQL                        : insert into CarStatusTable (carAvailability, carType, latitude, longitude, carId) values (?, ?, ?, ?, ?)
2018-08-18 08:12:12.689 DEBUG 13626 --- [    Test worker] org.hibernate.SQL                        : insert into CarStatusTable (carAvailability, carType, latitude, longitude, carId) values (?, ?, ?, ?, ?)
2018-08-18 08:12:12.691 DEBUG 13626 --- [    Test worker] org.hibernate.SQL                        : insert into CarStatusTable (carAvailability, carType, latitude, longitude, carId) values (?, ?, ?, ?, ?)
2018-08-18 08:12:12.693 DEBUG 13626 --- [    Test worker] org.hibernate.SQL                        : insert into CarStatusTable (carAvailability, carType, latitude, longitude, carId) values (?, ?, ?, ?, ?)
2018-08-18 08:12:12.695 DEBUG 13626 --- [    Test worker] org.hibernate.SQL                        : insert into CarStatusTable (carAvailability, carType, latitude, longitude, carId) values (?, ?, ?, ?, ?)
2018-08-18 08:12:12.696 DEBUG 13626 --- [    Test worker] org.hibernate.SQL                        : insert into CarStatusTable (carAvailability, carType, latitude, longitude, carId) values (?, ?, ?, ?, ?)
2018-08-18 08:12:12.698 DEBUG 13626 --- [    Test worker] org.hibernate.SQL                        : insert into CarStatusTable (carAvailability, carType, latitude, longitude, carId) values (?, ?, ?, ?, ?)
2018-08-18 08:12:12.699 DEBUG 13626 --- [    Test worker] org.hibernate.SQL                        : insert into CarStatusTable (carAvailability, carType, latitude, longitude, carId) values (?, ?, ?, ?, ?)
2018-08-18 08:12:12.701 DEBUG 13626 --- [    Test worker] org.hibernate.SQL                        : insert into CarStatusTable (carAvailability, carType, latitude, longitude, carId) values (?, ?, ?, ?, ?)
2018-08-18 08:12:12.702 DEBUG 13626 --- [    Test worker] org.hibernate.SQL                        : insert into CarStatusTable (carAvailability, carType, latitude, longitude, carId) values (?, ?, ?, ?, ?)
2018-08-18 08:12:12.703 DEBUG 13626 --- [    Test worker] org.hibernate.SQL                        : insert into CarStatusTable (carAvailability, carType, latitude, longitude, carId) values (?, ?, ?, ?, ?)
2018-08-18 08:12:12.704 DEBUG 13626 --- [    Test worker] org.hibernate.SQL                        : insert into CarStatusTable (carAvailability, carType, latitude, longitude, carId) values (?, ?, ?, ?, ?)
2018-08-18 08:12:12.705 DEBUG 13626 --- [    Test worker] org.hibernate.SQL                        : insert into CarStatusTable (carAvailability, carType, latitude, longitude, carId) values (?, ?, ?, ?, ?)
2018-08-18 08:12:12.705 DEBUG 13626 --- [    Test worker] org.hibernate.SQL                        : insert into CarStatusTable (carAvailability, carType, latitude, longitude, carId) values (?, ?, ?, ?, ?)
2018-08-18 08:12:12.706 DEBUG 13626 --- [    Test worker] org.hibernate.SQL                        : insert into CarStatusTable (carAvailability, carType, latitude, longitude, carId) values (?, ?, ?, ?, ?)
2018-08-18 08:12:12.707 DEBUG 13626 --- [    Test worker] org.hibernate.SQL                        : insert into CarStatusTable (carAvailability, carType, latitude, longitude, carId) values (?, ?, ?, ?, ?)
2018-08-18 08:12:12.707 DEBUG 13626 --- [    Test worker] org.hibernate.SQL                        : insert into CarStatusTable (carAvailability, carType, latitude, longitude, carId) values (?, ?, ?, ?, ?)
2018-08-18 08:12:12.708 DEBUG 13626 --- [    Test worker] org.hibernate.SQL                        : insert into CarStatusTable (carAvailability, carType, latitude, longitude, carId) values (?, ?, ?, ?, ?)
2018-08-18 08:12:12.708 DEBUG 13626 --- [    Test worker] org.hibernate.SQL                        : insert into CarStatusTable (carAvailability, carType, latitude, longitude, carId) values (?, ?, ?, ?, ?)
2018-08-18 08:12:12.709 DEBUG 13626 --- [    Test worker] org.hibernate.SQL                        : insert into CarStatusTable (carAvailability, carType, latitude, longitude, carId) values (?, ?, ?, ?, ?)
2018-08-18 08:12:12.710 DEBUG 13626 --- [    Test worker] org.hibernate.SQL                        : insert into CarStatusTable (carAvailability, carType, latitude, longitude, carId) values (?, ?, ?, ?, ?)
2018-08-18 08:12:12.710 DEBUG 13626 --- [    Test worker] org.hibernate.SQL                        : insert into CarStatusTable (carAvailability, carType, latitude, longitude, carId) values (?, ?, ?, ?, ?)
2018-08-18 08:12:12.711 DEBUG 13626 --- [    Test worker] org.hibernate.SQL                        : insert into CarStatusTable (carAvailability, carType, latitude, longitude, carId) values (?, ?, ?, ?, ?)
2018-08-18 08:12:12.711 DEBUG 13626 --- [    Test worker] org.hibernate.SQL                        : insert into CarStatusTable (carAvailability, carType, latitude, longitude, carId) values (?, ?, ?, ?, ?)
2018-08-18 08:12:12.712 DEBUG 13626 --- [    Test worker] org.hibernate.SQL                        : insert into CarStatusTable (carAvailability, carType, latitude, longitude, carId) values (?, ?, ?, ?, ?)
2018-08-18 08:12:12.712 DEBUG 13626 --- [    Test worker] org.hibernate.SQL                        : insert into CarStatusTable (carAvailability, carType, latitude, longitude, carId) values (?, ?, ?, ?, ?)
2018-08-18 08:12:12.713 DEBUG 13626 --- [    Test worker] org.hibernate.SQL                        : insert into CarStatusTable (carAvailability, carType, latitude, longitude, carId) values (?, ?, ?, ?, ?)
2018-08-18 08:12:12.713 DEBUG 13626 --- [    Test worker] org.hibernate.SQL                        : insert into CarStatusTable (carAvailability, carType, latitude, longitude, carId) values (?, ?, ?, ?, ?)
2018-08-18 08:12:12.714 DEBUG 13626 --- [    Test worker] org.hibernate.SQL                        : insert into CarStatusTable (carAvailability, carType, latitude, longitude, carId) values (?, ?, ?, ?, ?)
2018-08-18 08:12:12.714 DEBUG 13626 --- [    Test worker] org.hibernate.SQL                        : insert into CarStatusTable (carAvailability, carType, latitude, longitude, carId) values (?, ?, ?, ?, ?)
2018-08-18 08:12:12.715 DEBUG 13626 --- [    Test worker] org.hibernate.SQL                        : insert into CarStatusTable (carAvailability, carType, latitude, longitude, carId) values (?, ?, ?, ?, ?)
2018-08-18 08:12:12.715 DEBUG 13626 --- [    Test worker] org.hibernate.SQL                        : insert into CarStatusTable (carAvailability, carType, latitude, longitude, carId) values (?, ?, ?, ?, ?)
2018-08-18 08:12:12.716 DEBUG 13626 --- [    Test worker] org.hibernate.SQL                        : insert into CarStatusTable (carAvailability, carType, latitude, longitude, carId) values (?, ?, ?, ?, ?)
2018-08-18 08:12:12.716 DEBUG 13626 --- [    Test worker] org.hibernate.SQL                        : insert into CarStatusTable (carAvailability, carType, latitude, longitude, carId) values (?, ?, ?, ?, ?)
2018-08-18 08:12:12.717 DEBUG 13626 --- [    Test worker] org.hibernate.SQL                        : insert into CarStatusTable (carAvailability, carType, latitude, longitude, carId) values (?, ?, ?, ?, ?)
2018-08-18 08:12:12.717 DEBUG 13626 --- [    Test worker] org.hibernate.SQL                        : insert into CarStatusTable (carAvailability, carType, latitude, longitude, carId) values (?, ?, ?, ?, ?)
2018-08-18 08:12:12.718 DEBUG 13626 --- [    Test worker] org.hibernate.SQL                        : insert into CarStatusTable (carAvailability, carType, latitude, longitude, carId) values (?, ?, ?, ?, ?)
2018-08-18 08:12:12.718 DEBUG 13626 --- [    Test worker] org.hibernate.SQL                        : insert into CarStatusTable (carAvailability, carType, latitude, longitude, carId) values (?, ?, ?, ?, ?)
2018-08-18 08:12:12.719 DEBUG 13626 --- [    Test worker] org.hibernate.SQL                        : insert into CarStatusTable (carAvailability, carType, latitude, longitude, carId) values (?, ?, ?, ?, ?)
2018-08-18 08:12:12.719 DEBUG 13626 --- [    Test worker] org.hibernate.SQL                        : insert into CarStatusTable (carAvailability, carType, latitude, longitude, carId) values (?, ?, ?, ?, ?)
2018-08-18 08:12:12.720 DEBUG 13626 --- [    Test worker] org.hibernate.SQL                        : insert into CarStatusTable (carAvailability, carType, latitude, longitude, carId) values (?, ?, ?, ?, ?)
2018-08-18 08:12:12.720 DEBUG 13626 --- [    Test worker] org.hibernate.SQL                        : insert into CarStatusTable (carAvailability, carType, latitude, longitude, carId) values (?, ?, ?, ?, ?)
2018-08-18 08:12:12.721 DEBUG 13626 --- [    Test worker] org.hibernate.SQL                        : insert into CarStatusTable (carAvailability, carType, latitude, longitude, carId) values (?, ?, ?, ?, ?)
2018-08-18 08:12:12.722 DEBUG 13626 --- [    Test worker] org.hibernate.SQL                        : insert into CarStatusTable (carAvailability, carType, latitude, longitude, carId) values (?, ?, ?, ?, ?)
2018-08-18 08:12:12.722 DEBUG 13626 --- [    Test worker] org.hibernate.SQL                        : insert into CarStatusTable (carAvailability, carType, latitude, longitude, carId) values (?, ?, ?, ?, ?)
2018-08-18 08:12:12.723 DEBUG 13626 --- [    Test worker] org.hibernate.SQL                        : insert into CarStatusTable (carAvailability, carType, latitude, longitude, carId) values (?, ?, ?, ?, ?)
2018-08-18 08:12:12.723 DEBUG 13626 --- [    Test worker] org.hibernate.SQL                        : insert into CarStatusTable (carAvailability, carType, latitude, longitude, carId) values (?, ?, ?, ?, ?)
2018-08-18 08:12:12.724 DEBUG 13626 --- [    Test worker] org.hibernate.SQL                        : insert into CarStatusTable (carAvailability, carType, latitude, longitude, carId) values (?, ?, ?, ?, ?)
2018-08-18 08:12:12.725 DEBUG 13626 --- [    Test worker] org.hibernate.SQL                        : insert into CarStatusTable (carAvailability, carType, latitude, longitude, carId) values (?, ?, ?, ?, ?)
2018-08-18 08:12:12.725 DEBUG 13626 --- [    Test worker] org.hibernate.SQL                        : insert into CarStatusTable (carAvailability, carType, latitude, longitude, carId) values (?, ?, ?, ?, ?)
2018-08-18 08:12:12.725 DEBUG 13626 --- [    Test worker] org.hibernate.SQL                        : insert into CarStatusTable (carAvailability, carType, latitude, longitude, carId) values (?, ?, ?, ?, ?)
2018-08-18 08:12:12.726 DEBUG 13626 --- [    Test worker] org.hibernate.SQL                        : insert into CarStatusTable (carAvailability, carType, latitude, longitude, carId) values (?, ?, ?, ?, ?)
2018-08-18 08:12:12.727 DEBUG 13626 --- [    Test worker] org.hibernate.SQL                        : insert into CarStatusTable (carAvailability, carType, latitude, longitude, carId) values (?, ?, ?, ?, ?)
2018-08-18 08:12:12.730 DEBUG 13626 --- [    Test worker] org.hibernate.SQL                        : insert into CarStatusTable (carAvailability, carType, latitude, longitude, carId) values (?, ?, ?, ?, ?)
2018-08-18 08:12:12.731 DEBUG 13626 --- [    Test worker] org.hibernate.SQL                        : insert into CarStatusTable (carAvailability, carType, latitude, longitude, carId) values (?, ?, ?, ?, ?)
2018-08-18 08:12:12.731 DEBUG 13626 --- [    Test worker] org.hibernate.SQL                        : insert into CarStatusTable (carAvailability, carType, latitude, longitude, carId) values (?, ?, ?, ?, ?)
2018-08-18 08:12:12.732 DEBUG 13626 --- [    Test worker] org.hibernate.SQL                        : insert into CarStatusTable (carAvailability, carType, latitude, longitude, carId) values (?, ?, ?, ?, ?)
2018-08-18 08:12:12.732 DEBUG 13626 --- [    Test worker] org.hibernate.SQL                        : insert into CarStatusTable (carAvailability, carType, latitude, longitude, carId) values (?, ?, ?, ?, ?)
2018-08-18 08:12:12.733 DEBUG 13626 --- [    Test worker] org.hibernate.SQL                        : insert into CarStatusTable (carAvailability, carType, latitude, longitude, carId) values (?, ?, ?, ?, ?)
2018-08-18 08:12:12.733 DEBUG 13626 --- [    Test worker] org.hibernate.SQL                        : insert into CarStatusTable (carAvailability, carType, latitude, longitude, carId) values (?, ?, ?, ?, ?)
2018-08-18 08:12:12.734 DEBUG 13626 --- [    Test worker] org.hibernate.SQL                        : insert into CarStatusTable (carAvailability, carType, latitude, longitude, carId) values (?, ?, ?, ?, ?)
2018-08-18 08:12:12.735 DEBUG 13626 --- [    Test worker] org.hibernate.SQL                        : insert into CarStatusTable (carAvailability, carType, latitude, longitude, carId) values (?, ?, ?, ?, ?)
2018-08-18 08:12:12.735 DEBUG 13626 --- [    Test worker] org.hibernate.SQL                        : insert into CarStatusTable (carAvailability, carType, latitude, longitude, carId) values (?, ?, ?, ?, ?)
2018-08-18 08:12:12.736 DEBUG 13626 --- [    Test worker] org.hibernate.SQL                        : insert into CarStatusTable (carAvailability, carType, latitude, longitude, carId) values (?, ?, ?, ?, ?)
2018-08-18 08:12:12.736 DEBUG 13626 --- [    Test worker] org.hibernate.SQL                        : insert into CarStatusTable (carAvailability, carType, latitude, longitude, carId) values (?, ?, ?, ?, ?)
2018-08-18 08:12:12.737 DEBUG 13626 --- [    Test worker] org.hibernate.SQL                        : insert into CarStatusTable (carAvailability, carType, latitude, longitude, carId) values (?, ?, ?, ?, ?)
2018-08-18 08:12:12.738 DEBUG 13626 --- [    Test worker] org.hibernate.SQL                        : insert into CarStatusTable (carAvailability, carType, latitude, longitude, carId) values (?, ?, ?, ?, ?)
2018-08-18 08:12:12.738 DEBUG 13626 --- [    Test worker] org.hibernate.SQL                        : insert into CarStatusTable (carAvailability, carType, latitude, longitude, carId) values (?, ?, ?, ?, ?)
2018-08-18 08:12:12.739 DEBUG 13626 --- [    Test worker] org.hibernate.SQL                        : insert into CarStatusTable (carAvailability, carType, latitude, longitude, carId) values (?, ?, ?, ?, ?)
2018-08-18 08:12:12.739 DEBUG 13626 --- [    Test worker] org.hibernate.SQL                        : insert into CarStatusTable (carAvailability, carType, latitude, longitude, carId) values (?, ?, ?, ?, ?)
2018-08-18 08:12:12.740 DEBUG 13626 --- [    Test worker] org.hibernate.SQL                        : insert into CarStatusTable (carAvailability, carType, latitude, longitude, carId) values (?, ?, ?, ?, ?)
2018-08-18 08:12:12.741 DEBUG 13626 --- [    Test worker] org.hibernate.SQL                        : insert into CarStatusTable (carAvailability, carType, latitude, longitude, carId) values (?, ?, ?, ?, ?)
2018-08-18 08:12:12.741 DEBUG 13626 --- [    Test worker] org.hibernate.SQL                        : insert into CarStatusTable (carAvailability, carType, latitude, longitude, carId) values (?, ?, ?, ?, ?)
2018-08-18 08:12:12.742 DEBUG 13626 --- [    Test worker] org.hibernate.SQL                        : insert into CarStatusTable (carAvailability, carType, latitude, longitude, carId) values (?, ?, ?, ?, ?)
2018-08-18 08:12:12.742 DEBUG 13626 --- [    Test worker] org.hibernate.SQL                        : insert into CarStatusTable (carAvailability, carType, latitude, longitude, carId) values (?, ?, ?, ?, ?)
2018-08-18 08:12:12.743 DEBUG 13626 --- [    Test worker] org.hibernate.SQL                        : insert into CarStatusTable (carAvailability, carType, latitude, longitude, carId) values (?, ?, ?, ?, ?)
2018-08-18 08:12:12.744 DEBUG 13626 --- [    Test worker] org.hibernate.SQL                        : insert into CarStatusTable (carAvailability, carType, latitude, longitude, carId) values (?, ?, ?, ?, ?)
2018-08-18 08:12:12.744 DEBUG 13626 --- [    Test worker] org.hibernate.SQL                        : insert into CarStatusTable (carAvailability, carType, latitude, longitude, carId) values (?, ?, ?, ?, ?)
2018-08-18 08:12:12.745 DEBUG 13626 --- [    Test worker] org.hibernate.SQL                        : insert into CarStatusTable (carAvailability, carType, latitude, longitude, carId) values (?, ?, ?, ?, ?)
2018-08-18 08:12:12.745 DEBUG 13626 --- [    Test worker] org.hibernate.SQL                        : insert into CarStatusTable (carAvailability, carType, latitude, longitude, carId) values (?, ?, ?, ?, ?)
2018-08-18 08:12:12.746 DEBUG 13626 --- [    Test worker] org.hibernate.SQL                        : insert into CarStatusTable (carAvailability, carType, latitude, longitude, carId) values (?, ?, ?, ?, ?)
2018-08-18 08:12:12.746 DEBUG 13626 --- [    Test worker] org.hibernate.SQL                        : insert into CarStatusTable (carAvailability, carType, latitude, longitude, carId) values (?, ?, ?, ?, ?)
2018-08-18 08:12:12.747 DEBUG 13626 --- [    Test worker] org.hibernate.SQL                        : insert into CarStatusTable (carAvailability, carType, latitude, longitude, carId) values (?, ?, ?, ?, ?)
2018-08-18 08:12:12.748 DEBUG 13626 --- [    Test worker] org.hibernate.SQL                        : insert into CarStatusTable (carAvailability, carType, latitude, longitude, carId) values (?, ?, ?, ?, ?)
2018-08-18 08:12:12.748 DEBUG 13626 --- [    Test worker] org.hibernate.SQL                        : insert into CarStatusTable (carAvailability, carType, latitude, longitude, carId) values (?, ?, ?, ?, ?)
2018-08-18 08:12:12.749 DEBUG 13626 --- [    Test worker] org.hibernate.SQL                        : insert into CarStatusTable (carAvailability, carType, latitude, longitude, carId) values (?, ?, ?, ?, ?)
2018-08-18 08:12:12.749 DEBUG 13626 --- [    Test worker] org.hibernate.SQL                        : insert into CarStatusTable (carAvailability, carType, latitude, longitude, carId) values (?, ?, ?, ?, ?)
2018-08-18 08:12:12.750 DEBUG 13626 --- [    Test worker] org.hibernate.SQL                        : insert into CarStatusTable (carAvailability, carType, latitude, longitude, carId) values (?, ?, ?, ?, ?)
2018-08-18 08:12:12.751 DEBUG 13626 --- [    Test worker] org.hibernate.SQL                        : insert into CarStatusTable (carAvailability, carType, latitude, longitude, carId) values (?, ?, ?, ?, ?)
2018-08-18 08:12:12.752 DEBUG 13626 --- [    Test worker] org.hibernate.SQL                        : insert into CarStatusTable (carAvailability, carType, latitude, longitude, carId) values (?, ?, ?, ?, ?)
2018-08-18 08:12:12.752 DEBUG 13626 --- [    Test worker] org.hibernate.SQL                        : insert into CarStatusTable (carAvailability, carType, latitude, longitude, carId) values (?, ?, ?, ?, ?)
2018-08-18 08:12:12.753 DEBUG 13626 --- [    Test worker] org.hibernate.SQL                        : insert into CarStatusTable (carAvailability, carType, latitude, longitude, carId) values (?, ?, ?, ?, ?)
2018-08-18 08:12:12.753 DEBUG 13626 --- [    Test worker] org.hibernate.SQL                        : insert into CarStatusTable (carAvailability, carType, latitude, longitude, carId) values (?, ?, ?, ?, ?)
2018-08-18 08:12:12.754 DEBUG 13626 --- [    Test worker] org.hibernate.SQL                        : insert into CarStatusTable (carAvailability, carType, latitude, longitude, carId) values (?, ?, ?, ?, ?)
2018-08-18 08:12:12.755 DEBUG 13626 --- [    Test worker] org.hibernate.SQL                        : insert into CarStatusTable (carAvailability, carType, latitude, longitude, carId) values (?, ?, ?, ?, ?)
2018-08-18 08:12:12.755 DEBUG 13626 --- [    Test worker] org.hibernate.SQL                        : insert into CarStatusTable (carAvailability, carType, latitude, longitude, carId) values (?, ?, ?, ?, ?)
2018-08-18 08:12:12.756 DEBUG 13626 --- [    Test worker] org.hibernate.SQL                        : insert into CarStatusTable (carAvailability, carType, latitude, longitude, carId) values (?, ?, ?, ?, ?)
2018-08-18 08:12:12.756 DEBUG 13626 --- [    Test worker] org.hibernate.SQL                        : insert into CarStatusTable (carAvailability, carType, latitude, longitude, carId) values (?, ?, ?, ?, ?)
2018-08-18 08:12:12.757 DEBUG 13626 --- [    Test worker] org.hibernate.SQL                        : insert into CarStatusTable (carAvailability, carType, latitude, longitude, carId) values (?, ?, ?, ?, ?)
2018-08-18 08:12:12.757 DEBUG 13626 --- [    Test worker] org.hibernate.SQL                        : insert into CarStatusTable (carAvailability, carType, latitude, longitude, carId) values (?, ?, ?, ?, ?)
2018-08-18 08:12:12.758 DEBUG 13626 --- [    Test worker] org.hibernate.SQL                        : insert into CarStatusTable (carAvailability, carType, latitude, longitude, carId) values (?, ?, ?, ?, ?)
2018-08-18 08:12:12.758 DEBUG 13626 --- [    Test worker] org.hibernate.SQL                        : insert into CarStatusTable (carAvailability, carType, latitude, longitude, carId) values (?, ?, ?, ?, ?)
2018-08-18 08:12:12.759 DEBUG 13626 --- [    Test worker] org.hibernate.SQL                        : insert into CarStatusTable (carAvailability, carType, latitude, longitude, carId) values (?, ?, ?, ?, ?)
2018-08-18 08:12:12.760 DEBUG 13626 --- [    Test worker] org.hibernate.SQL                        : insert into CarStatusTable (carAvailability, carType, latitude, longitude, carId) values (?, ?, ?, ?, ?)
2018-08-18 08:12:12.760 DEBUG 13626 --- [    Test worker] org.hibernate.SQL                        : insert into CarStatusTable (carAvailability, carType, latitude, longitude, carId) values (?, ?, ?, ?, ?)
2018-08-18 08:12:12.761 DEBUG 13626 --- [    Test worker] org.hibernate.SQL                        : insert into CarStatusTable (carAvailability, carType, latitude, longitude, carId) values (?, ?, ?, ?, ?)
2018-08-18 08:12:12.761 DEBUG 13626 --- [    Test worker] org.hibernate.SQL                        : insert into CarStatusTable (carAvailability, carType, latitude, longitude, carId) values (?, ?, ?, ?, ?)
2018-08-18 08:12:12.762 DEBUG 13626 --- [    Test worker] org.hibernate.SQL                        : insert into CarStatusTable (carAvailability, carType, latitude, longitude, carId) values (?, ?, ?, ?, ?)
2018-08-18 08:12:12.763 DEBUG 13626 --- [    Test worker] org.hibernate.SQL                        : insert into CarStatusTable (carAvailability, carType, latitude, longitude, carId) values (?, ?, ?, ?, ?)
2018-08-18 08:12:12.763 DEBUG 13626 --- [    Test worker] org.hibernate.SQL                        : insert into CarStatusTable (carAvailability, carType, latitude, longitude, carId) values (?, ?, ?, ?, ?)
2018-08-18 08:12:12.764 DEBUG 13626 --- [    Test worker] org.hibernate.SQL                        : insert into CarStatusTable (carAvailability, carType, latitude, longitude, carId) values (?, ?, ?, ?, ?)
2018-08-18 08:12:12.764 DEBUG 13626 --- [    Test worker] org.hibernate.SQL                        : insert into CarStatusTable (carAvailability, carType, latitude, longitude, carId) values (?, ?, ?, ?, ?)
2018-08-18 08:12:12.765 DEBUG 13626 --- [    Test worker] org.hibernate.SQL                        : insert into CarStatusTable (carAvailability, carType, latitude, longitude, carId) values (?, ?, ?, ?, ?)
2018-08-18 08:12:12.765 DEBUG 13626 --- [    Test worker] org.hibernate.SQL                        : insert into CarStatusTable (carAvailability, carType, latitude, longitude, carId) values (?, ?, ?, ?, ?)
2018-08-18 08:12:12.766 DEBUG 13626 --- [    Test worker] org.hibernate.SQL                        : insert into CarStatusTable (carAvailability, carType, latitude, longitude, carId) values (?, ?, ?, ?, ?)
2018-08-18 08:12:12.767 DEBUG 13626 --- [    Test worker] org.hibernate.SQL                        : insert into CarStatusTable (carAvailability, carType, latitude, longitude, carId) values (?, ?, ?, ?, ?)
2018-08-18 08:12:12.767 DEBUG 13626 --- [    Test worker] org.hibernate.SQL                        : insert into CarStatusTable (carAvailability, carType, latitude, longitude, carId) values (?, ?, ?, ?, ?)
2018-08-18 08:12:12.768 DEBUG 13626 --- [    Test worker] org.hibernate.SQL                        : insert into CarStatusTable (carAvailability, carType, latitude, longitude, carId) values (?, ?, ?, ?, ?)
2018-08-18 08:12:12.768 DEBUG 13626 --- [    Test worker] org.hibernate.SQL                        : insert into CarStatusTable (carAvailability, carType, latitude, longitude, carId) values (?, ?, ?, ?, ?)
2018-08-18 08:12:12.769 DEBUG 13626 --- [    Test worker] org.hibernate.SQL                        : insert into CarStatusTable (carAvailability, carType, latitude, longitude, carId) values (?, ?, ?, ?, ?)
2018-08-18 08:12:12.769 DEBUG 13626 --- [    Test worker] org.hibernate.SQL                        : insert into CarStatusTable (carAvailability, carType, latitude, longitude, carId) values (?, ?, ?, ?, ?)
2018-08-18 08:12:12.770 DEBUG 13626 --- [    Test worker] org.hibernate.SQL                        : insert into CarStatusTable (carAvailability, carType, latitude, longitude, carId) values (?, ?, ?, ?, ?)
2018-08-18 08:12:12.771 DEBUG 13626 --- [    Test worker] org.hibernate.SQL                        : insert into CarStatusTable (carAvailability, carType, latitude, longitude, carId) values (?, ?, ?, ?, ?)
2018-08-18 08:12:12.772 DEBUG 13626 --- [    Test worker] org.hibernate.SQL                        : insert into CarStatusTable (carAvailability, carType, latitude, longitude, carId) values (?, ?, ?, ?, ?)
2018-08-18 08:12:12.772 DEBUG 13626 --- [    Test worker] org.hibernate.SQL                        : insert into CarStatusTable (carAvailability, carType, latitude, longitude, carId) values (?, ?, ?, ?, ?)
2018-08-18 08:12:12.773 DEBUG 13626 --- [    Test worker] org.hibernate.SQL                        : insert into CarStatusTable (carAvailability, carType, latitude, longitude, carId) values (?, ?, ?, ?, ?)
2018-08-18 08:12:12.773 DEBUG 13626 --- [    Test worker] org.hibernate.SQL                        : insert into CarStatusTable (carAvailability, carType, latitude, longitude, carId) values (?, ?, ?, ?, ?)
2018-08-18 08:12:12.774 DEBUG 13626 --- [    Test worker] org.hibernate.SQL                        : insert into CarStatusTable (carAvailability, carType, latitude, longitude, carId) values (?, ?, ?, ?, ?)
2018-08-18 08:12:12.774 DEBUG 13626 --- [    Test worker] org.hibernate.SQL                        : insert into CarStatusTable (carAvailability, carType, latitude, longitude, carId) values (?, ?, ?, ?, ?)
2018-08-18 08:12:12.775 DEBUG 13626 --- [    Test worker] org.hibernate.SQL                        : insert into CarStatusTable (carAvailability, carType, latitude, longitude, carId) values (?, ?, ?, ?, ?)
2018-08-18 08:12:12.776 DEBUG 13626 --- [    Test worker] org.hibernate.SQL                        : insert into CarStatusTable (carAvailability, carType, latitude, longitude, carId) values (?, ?, ?, ?, ?)
2018-08-18 08:12:12.776 DEBUG 13626 --- [    Test worker] org.hibernate.SQL                        : insert into CarStatusTable (carAvailability, carType, latitude, longitude, carId) values (?, ?, ?, ?, ?)
2018-08-18 08:12:12.777 DEBUG 13626 --- [    Test worker] org.hibernate.SQL                        : insert into CarStatusTable (carAvailability, carType, latitude, longitude, carId) values (?, ?, ?, ?, ?)
2018-08-18 08:12:12.777 DEBUG 13626 --- [    Test worker] org.hibernate.SQL                        : insert into CarStatusTable (carAvailability, carType, latitude, longitude, carId) values (?, ?, ?, ?, ?)
2018-08-18 08:12:12.778 DEBUG 13626 --- [    Test worker] org.hibernate.SQL                        : insert into CarStatusTable (carAvailability, carType, latitude, longitude, carId) values (?, ?, ?, ?, ?)
2018-08-18 08:12:12.779 DEBUG 13626 --- [    Test worker] org.hibernate.SQL                        : insert into CarStatusTable (carAvailability, carType, latitude, longitude, carId) values (?, ?, ?, ?, ?)
2018-08-18 08:12:12.779 DEBUG 13626 --- [    Test worker] org.hibernate.SQL                        : insert into CarStatusTable (carAvailability, carType, latitude, longitude, carId) values (?, ?, ?, ?, ?)
2018-08-18 08:12:12.780 DEBUG 13626 --- [    Test worker] org.hibernate.SQL                        : insert into CarStatusTable (carAvailability, carType, latitude, longitude, carId) values (?, ?, ?, ?, ?)
2018-08-18 08:12:12.780 DEBUG 13626 --- [    Test worker] org.hibernate.SQL                        : insert into CarStatusTable (carAvailability, carType, latitude, longitude, carId) values (?, ?, ?, ?, ?)
2018-08-18 08:12:12.781 DEBUG 13626 --- [    Test worker] org.hibernate.SQL                        : insert into CarStatusTable (carAvailability, carType, latitude, longitude, carId) values (?, ?, ?, ?, ?)
2018-08-18 08:12:12.781 DEBUG 13626 --- [    Test worker] org.hibernate.SQL                        : insert into CarStatusTable (carAvailability, carType, latitude, longitude, carId) values (?, ?, ?, ?, ?)
2018-08-18 08:12:12.782 DEBUG 13626 --- [    Test worker] org.hibernate.SQL                        : insert into CarStatusTable (carAvailability, carType, latitude, longitude, carId) values (?, ?, ?, ?, ?)
2018-08-18 08:12:12.782 DEBUG 13626 --- [    Test worker] org.hibernate.SQL                        : insert into CarStatusTable (carAvailability, carType, latitude, longitude, carId) values (?, ?, ?, ?, ?)
2018-08-18 08:12:12.783 DEBUG 13626 --- [    Test worker] org.hibernate.SQL                        : insert into CarStatusTable (carAvailability, carType, latitude, longitude, carId) values (?, ?, ?, ?, ?)
2018-08-18 08:12:12.784 DEBUG 13626 --- [    Test worker] org.hibernate.SQL                        : insert into CarStatusTable (carAvailability, carType, latitude, longitude, carId) values (?, ?, ?, ?, ?)
2018-08-18 08:12:12.784 DEBUG 13626 --- [    Test worker] org.hibernate.SQL                        : insert into CarStatusTable (carAvailability, carType, latitude, longitude, carId) values (?, ?, ?, ?, ?)
2018-08-18 08:12:12.785 DEBUG 13626 --- [    Test worker] org.hibernate.SQL                        : insert into CarStatusTable (carAvailability, carType, latitude, longitude, carId) values (?, ?, ?, ?, ?)
2018-08-18 08:12:12.785 DEBUG 13626 --- [    Test worker] org.hibernate.SQL                        : insert into CarStatusTable (carAvailability, carType, latitude, longitude, carId) values (?, ?, ?, ?, ?)
2018-08-18 08:12:12.786 DEBUG 13626 --- [    Test worker] org.hibernate.SQL                        : insert into CarStatusTable (carAvailability, carType, latitude, longitude, carId) values (?, ?, ?, ?, ?)
2018-08-18 08:12:12.786 DEBUG 13626 --- [    Test worker] org.hibernate.SQL                        : insert into CarStatusTable (carAvailability, carType, latitude, longitude, carId) values (?, ?, ?, ?, ?)
2018-08-18 08:12:12.787 DEBUG 13626 --- [    Test worker] org.hibernate.SQL                        : insert into CarStatusTable (carAvailability, carType, latitude, longitude, carId) values (?, ?, ?, ?, ?)
2018-08-18 08:12:12.787 DEBUG 13626 --- [    Test worker] org.hibernate.SQL                        : insert into CarStatusTable (carAvailability, carType, latitude, longitude, carId) values (?, ?, ?, ?, ?)
2018-08-18 08:12:12.788 DEBUG 13626 --- [    Test worker] org.hibernate.SQL                        : insert into CarStatusTable (carAvailability, carType, latitude, longitude, carId) values (?, ?, ?, ?, ?)
2018-08-18 08:12:12.789 DEBUG 13626 --- [    Test worker] org.hibernate.SQL                        : insert into CarStatusTable (carAvailability, carType, latitude, longitude, carId) values (?, ?, ?, ?, ?)
2018-08-18 08:12:12.789 DEBUG 13626 --- [    Test worker] org.hibernate.SQL                        : insert into CarStatusTable (carAvailability, carType, latitude, longitude, carId) values (?, ?, ?, ?, ?)
2018-08-18 08:12:12.790 DEBUG 13626 --- [    Test worker] org.hibernate.SQL                        : insert into CarStatusTable (carAvailability, carType, latitude, longitude, carId) values (?, ?, ?, ?, ?)
2018-08-18 08:12:12.791 DEBUG 13626 --- [    Test worker] org.hibernate.SQL                        : insert into CarStatusTable (carAvailability, carType, latitude, longitude, carId) values (?, ?, ?, ?, ?)
2018-08-18 08:12:12.791 DEBUG 13626 --- [    Test worker] org.hibernate.SQL                        : insert into CarStatusTable (carAvailability, carType, latitude, longitude, carId) values (?, ?, ?, ?, ?)
2018-08-18 08:12:12.792 DEBUG 13626 --- [    Test worker] org.hibernate.SQL                        : insert into CarStatusTable (carAvailability, carType, latitude, longitude, carId) values (?, ?, ?, ?, ?)
2018-08-18 08:12:12.792 DEBUG 13626 --- [    Test worker] org.hibernate.SQL                        : insert into CarStatusTable (carAvailability, carType, latitude, longitude, carId) values (?, ?, ?, ?, ?)
2018-08-18 08:12:12.793 DEBUG 13626 --- [    Test worker] org.hibernate.SQL                        : insert into CarStatusTable (carAvailability, carType, latitude, longitude, carId) values (?, ?, ?, ?, ?)
2018-08-18 08:12:12.793 DEBUG 13626 --- [    Test worker] org.hibernate.SQL                        : insert into CarStatusTable (carAvailability, carType, latitude, longitude, carId) values (?, ?, ?, ?, ?)
2018-08-18 08:12:12.794 DEBUG 13626 --- [    Test worker] org.hibernate.SQL                        : insert into CarStatusTable (carAvailability, carType, latitude, longitude, carId) values (?, ?, ?, ?, ?)
2018-08-18 08:12:12.794 DEBUG 13626 --- [    Test worker] org.hibernate.SQL                        : insert into CarStatusTable (carAvailability, carType, latitude, longitude, carId) values (?, ?, ?, ?, ?)
2018-08-18 08:12:12.795 DEBUG 13626 --- [    Test worker] org.hibernate.SQL                        : insert into CarStatusTable (carAvailability, carType, latitude, longitude, carId) values (?, ?, ?, ?, ?)
2018-08-18 08:12:12.796 DEBUG 13626 --- [    Test worker] org.hibernate.SQL                        : insert into CarStatusTable (carAvailability, carType, latitude, longitude, carId) values (?, ?, ?, ?, ?)
2018-08-18 08:12:12.796 DEBUG 13626 --- [    Test worker] org.hibernate.SQL                        : insert into CarStatusTable (carAvailability, carType, latitude, longitude, carId) values (?, ?, ?, ?, ?)
2018-08-18 08:12:12.797 DEBUG 13626 --- [    Test worker] org.hibernate.SQL                        : insert into CarStatusTable (carAvailability, carType, latitude, longitude, carId) values (?, ?, ?, ?, ?)
2018-08-18 08:12:12.797 DEBUG 13626 --- [    Test worker] org.hibernate.SQL                        : insert into CarStatusTable (carAvailability, carType, latitude, longitude, carId) values (?, ?, ?, ?, ?)
2018-08-18 08:12:12.798 DEBUG 13626 --- [    Test worker] org.hibernate.SQL                        : insert into CarStatusTable (carAvailability, carType, latitude, longitude, carId) values (?, ?, ?, ?, ?)
2018-08-18 08:12:12.799 DEBUG 13626 --- [    Test worker] org.hibernate.SQL                        : insert into CarStatusTable (carAvailability, carType, latitude, longitude, carId) values (?, ?, ?, ?, ?)
2018-08-18 08:12:12.799 DEBUG 13626 --- [    Test worker] org.hibernate.SQL                        : insert into CarStatusTable (carAvailability, carType, latitude, longitude, carId) values (?, ?, ?, ?, ?)
2018-08-18 08:12:12.800 DEBUG 13626 --- [    Test worker] org.hibernate.SQL                        : insert into CarStatusTable (carAvailability, carType, latitude, longitude, carId) values (?, ?, ?, ?, ?)
2018-08-18 08:12:12.800 DEBUG 13626 --- [    Test worker] org.hibernate.SQL                        : insert into CarStatusTable (carAvailability, carType, latitude, longitude, carId) values (?, ?, ?, ?, ?)
2018-08-18 08:12:12.801 DEBUG 13626 --- [    Test worker] org.hibernate.SQL                        : insert into CarStatusTable (carAvailability, carType, latitude, longitude, carId) values (?, ?, ?, ?, ?)
2018-08-18 08:12:12.801 DEBUG 13626 --- [    Test worker] org.hibernate.SQL                        : insert into CarStatusTable (carAvailability, carType, latitude, longitude, carId) values (?, ?, ?, ?, ?)
2018-08-18 08:12:12.802 DEBUG 13626 --- [    Test worker] org.hibernate.SQL                        : insert into CarStatusTable (carAvailability, carType, latitude, longitude, carId) values (?, ?, ?, ?, ?)
2018-08-18 08:12:12.802 DEBUG 13626 --- [    Test worker] org.hibernate.SQL                        : insert into CarStatusTable (carAvailability, carType, latitude, longitude, carId) values (?, ?, ?, ?, ?)
2018-08-18 08:12:12.803 DEBUG 13626 --- [    Test worker] org.hibernate.SQL                        : insert into CarStatusTable (carAvailability, carType, latitude, longitude, carId) values (?, ?, ?, ?, ?)
2018-08-18 08:12:12.804 DEBUG 13626 --- [    Test worker] org.hibernate.SQL                        : insert into CarStatusTable (carAvailability, carType, latitude, longitude, carId) values (?, ?, ?, ?, ?)
2018-08-18 08:12:12.804 DEBUG 13626 --- [    Test worker] org.hibernate.SQL                        : insert into CarStatusTable (carAvailability, carType, latitude, longitude, carId) values (?, ?, ?, ?, ?)
2018-08-18 08:12:12.805 DEBUG 13626 --- [    Test worker] org.hibernate.SQL                        : insert into CarStatusTable (carAvailability, carType, latitude, longitude, carId) values (?, ?, ?, ?, ?)
2018-08-18 08:12:12.805 DEBUG 13626 --- [    Test worker] org.hibernate.SQL                        : insert into CarStatusTable (carAvailability, carType, latitude, longitude, carId) values (?, ?, ?, ?, ?)
2018-08-18 08:12:12.806 DEBUG 13626 --- [    Test worker] org.hibernate.SQL                        : insert into CarStatusTable (carAvailability, carType, latitude, longitude, carId) values (?, ?, ?, ?, ?)
2018-08-18 08:12:12.806 DEBUG 13626 --- [    Test worker] org.hibernate.SQL                        : insert into CarStatusTable (carAvailability, carType, latitude, longitude, carId) values (?, ?, ?, ?, ?)
2018-08-18 08:12:12.807 DEBUG 13626 --- [    Test worker] org.hibernate.SQL                        : insert into CarStatusTable (carAvailability, carType, latitude, longitude, carId) values (?, ?, ?, ?, ?)
2018-08-18 08:12:12.807 DEBUG 13626 --- [    Test worker] org.hibernate.SQL                        : insert into CarStatusTable (carAvailability, carType, latitude, longitude, carId) values (?, ?, ?, ?, ?)
2018-08-18 08:12:12.809 DEBUG 13626 --- [    Test worker] org.hibernate.SQL                        : insert into CarStatusTable (carAvailability, carType, latitude, longitude, carId) values (?, ?, ?, ?, ?)
2018-08-18 08:12:12.811 DEBUG 13626 --- [    Test worker] org.hibernate.SQL                        : insert into CarStatusTable (carAvailability, carType, latitude, longitude, carId) values (?, ?, ?, ?, ?)
2018-08-18 08:12:12.812 DEBUG 13626 --- [    Test worker] org.hibernate.SQL                        : insert into CarStatusTable (carAvailability, carType, latitude, longitude, carId) values (?, ?, ?, ?, ?)
2018-08-18 08:12:12.813 DEBUG 13626 --- [    Test worker] org.hibernate.SQL                        : insert into CarStatusTable (carAvailability, carType, latitude, longitude, carId) values (?, ?, ?, ?, ?)
2018-08-18 08:12:12.814 DEBUG 13626 --- [    Test worker] org.hibernate.SQL                        : insert into CarStatusTable (carAvailability, carType, latitude, longitude, carId) values (?, ?, ?, ?, ?)
2018-08-18 08:12:12.816 DEBUG 13626 --- [    Test worker] org.hibernate.SQL                        : insert into CarStatusTable (carAvailability, carType, latitude, longitude, carId) values (?, ?, ?, ?, ?)
2018-08-18 08:12:12.817 DEBUG 13626 --- [    Test worker] org.hibernate.SQL                        : insert into CarStatusTable (carAvailability, carType, latitude, longitude, carId) values (?, ?, ?, ?, ?)
2018-08-18 08:12:12.817 DEBUG 13626 --- [    Test worker] org.hibernate.SQL                        : insert into CarStatusTable (carAvailability, carType, latitude, longitude, carId) values (?, ?, ?, ?, ?)
2018-08-18 08:12:12.819 DEBUG 13626 --- [    Test worker] org.hibernate.SQL                        : insert into CarStatusTable (carAvailability, carType, latitude, longitude, carId) values (?, ?, ?, ?, ?)
2018-08-18 08:12:12.820 DEBUG 13626 --- [    Test worker] org.hibernate.SQL                        : insert into CarStatusTable (carAvailability, carType, latitude, longitude, carId) values (?, ?, ?, ?, ?)
2018-08-18 08:12:12.825 DEBUG 13626 --- [    Test worker] org.hibernate.SQL                        : insert into CarStatusTable (carAvailability, carType, latitude, longitude, carId) values (?, ?, ?, ?, ?)
2018-08-18 08:12:12.826 DEBUG 13626 --- [    Test worker] org.hibernate.SQL                        : insert into CarStatusTable (carAvailability, carType, latitude, longitude, carId) values (?, ?, ?, ?, ?)
2018-08-18 08:12:12.827 DEBUG 13626 --- [    Test worker] org.hibernate.SQL                        : insert into CarStatusTable (carAvailability, carType, latitude, longitude, carId) values (?, ?, ?, ?, ?)
2018-08-18 08:12:12.827 DEBUG 13626 --- [    Test worker] org.hibernate.SQL                        : insert into CarStatusTable (carAvailability, carType, latitude, longitude, carId) values (?, ?, ?, ?, ?)
2018-08-18 08:12:12.828 DEBUG 13626 --- [    Test worker] org.hibernate.SQL                        : insert into CarStatusTable (carAvailability, carType, latitude, longitude, carId) values (?, ?, ?, ?, ?)
2018-08-18 08:12:12.829 DEBUG 13626 --- [    Test worker] org.hibernate.SQL                        : insert into CarStatusTable (carAvailability, carType, latitude, longitude, carId) values (?, ?, ?, ?, ?)
2018-08-18 08:12:12.829 DEBUG 13626 --- [    Test worker] org.hibernate.SQL                        : insert into CarStatusTable (carAvailability, carType, latitude, longitude, carId) values (?, ?, ?, ?, ?)
2018-08-18 08:12:12.831 DEBUG 13626 --- [    Test worker] org.hibernate.SQL                        : insert into CarStatusTable (carAvailability, carType, latitude, longitude, carId) values (?, ?, ?, ?, ?)
2018-08-18 08:12:12.832 DEBUG 13626 --- [    Test worker] org.hibernate.SQL                        : insert into CarStatusTable (carAvailability, carType, latitude, longitude, carId) values (?, ?, ?, ?, ?)
2018-08-18 08:12:12.832 DEBUG 13626 --- [    Test worker] org.hibernate.SQL                        : insert into CarStatusTable (carAvailability, carType, latitude, longitude, carId) values (?, ?, ?, ?, ?)
2018-08-18 08:12:12.833 DEBUG 13626 --- [    Test worker] org.hibernate.SQL                        : insert into CarStatusTable (carAvailability, carType, latitude, longitude, carId) values (?, ?, ?, ?, ?)
2018-08-18 08:12:12.833 DEBUG 13626 --- [    Test worker] org.hibernate.SQL                        : insert into CarStatusTable (carAvailability, carType, latitude, longitude, carId) values (?, ?, ?, ?, ?)
2018-08-18 08:12:12.833 DEBUG 13626 --- [    Test worker] org.hibernate.SQL                        : insert into CarStatusTable (carAvailability, carType, latitude, longitude, carId) values (?, ?, ?, ?, ?)
2018-08-18 08:12:12.834 DEBUG 13626 --- [    Test worker] org.hibernate.SQL                        : insert into CarStatusTable (carAvailability, carType, latitude, longitude, carId) values (?, ?, ?, ?, ?)
2018-08-18 08:12:12.834 DEBUG 13626 --- [    Test worker] org.hibernate.SQL                        : insert into CarStatusTable (carAvailability, carType, latitude, longitude, carId) values (?, ?, ?, ?, ?)
2018-08-18 08:12:12.835 DEBUG 13626 --- [    Test worker] org.hibernate.SQL                        : insert into CarStatusTable (carAvailability, carType, latitude, longitude, carId) values (?, ?, ?, ?, ?)
2018-08-18 08:12:12.835 DEBUG 13626 --- [    Test worker] org.hibernate.SQL                        : insert into CarStatusTable (carAvailability, carType, latitude, longitude, carId) values (?, ?, ?, ?, ?)
2018-08-18 08:12:12.835 DEBUG 13626 --- [    Test worker] org.hibernate.SQL                        : insert into CarStatusTable (carAvailability, carType, latitude, longitude, carId) values (?, ?, ?, ?, ?)
2018-08-18 08:12:12.836 DEBUG 13626 --- [    Test worker] org.hibernate.SQL                        : insert into CarStatusTable (carAvailability, carType, latitude, longitude, carId) values (?, ?, ?, ?, ?)
2018-08-18 08:12:12.842 DEBUG 13626 --- [    Test worker] org.hibernate.SQL                        : insert into CarStatusTable (carAvailability, carType, latitude, longitude, carId) values (?, ?, ?, ?, ?)
2018-08-18 08:12:12.843 DEBUG 13626 --- [    Test worker] org.hibernate.SQL                        : insert into CarStatusTable (carAvailability, carType, latitude, longitude, carId) values (?, ?, ?, ?, ?)
2018-08-18 08:12:12.844 DEBUG 13626 --- [    Test worker] org.hibernate.SQL                        : insert into CarStatusTable (carAvailability, carType, latitude, longitude, carId) values (?, ?, ?, ?, ?)
2018-08-18 08:12:12.848 DEBUG 13626 --- [    Test worker] org.hibernate.SQL                        : insert into CarStatusTable (carAvailability, carType, latitude, longitude, carId) values (?, ?, ?, ?, ?)
2018-08-18 08:12:12.848 DEBUG 13626 --- [    Test worker] org.hibernate.SQL                        : insert into CarStatusTable (carAvailability, carType, latitude, longitude, carId) values (?, ?, ?, ?, ?)
2018-08-18 08:12:12.849 DEBUG 13626 --- [    Test worker] org.hibernate.SQL                        : insert into CarStatusTable (carAvailability, carType, latitude, longitude, carId) values (?, ?, ?, ?, ?)
2018-08-18 08:12:12.849 DEBUG 13626 --- [    Test worker] org.hibernate.SQL                        : insert into CarStatusTable (carAvailability, carType, latitude, longitude, carId) values (?, ?, ?, ?, ?)
2018-08-18 08:12:12.850 DEBUG 13626 --- [    Test worker] org.hibernate.SQL                        : insert into CarStatusTable (carAvailability, carType, latitude, longitude, carId) values (?, ?, ?, ?, ?)
2018-08-18 08:12:12.850 DEBUG 13626 --- [    Test worker] org.hibernate.SQL                        : insert into CarStatusTable (carAvailability, carType, latitude, longitude, carId) values (?, ?, ?, ?, ?)
2018-08-18 08:12:12.850 DEBUG 13626 --- [    Test worker] org.hibernate.SQL                        : insert into CarStatusTable (carAvailability, carType, latitude, longitude, carId) values (?, ?, ?, ?, ?)
2018-08-18 08:12:12.851 DEBUG 13626 --- [    Test worker] org.hibernate.SQL                        : insert into CarStatusTable (carAvailability, carType, latitude, longitude, carId) values (?, ?, ?, ?, ?)
2018-08-18 08:12:12.851 DEBUG 13626 --- [    Test worker] org.hibernate.SQL                        : insert into CarStatusTable (carAvailability, carType, latitude, longitude, carId) values (?, ?, ?, ?, ?)
2018-08-18 08:12:12.865 DEBUG 13626 --- [    Test worker] org.hibernate.SQL                        : insert into CarStatusTable (carAvailability, carType, latitude, longitude, carId) values (?, ?, ?, ?, ?)
2018-08-18 08:12:12.866 DEBUG 13626 --- [    Test worker] org.hibernate.SQL                        : insert into CarStatusTable (carAvailability, carType, latitude, longitude, carId) values (?, ?, ?, ?, ?)
2018-08-18 08:12:12.866 DEBUG 13626 --- [    Test worker] org.hibernate.SQL                        : insert into CarStatusTable (carAvailability, carType, latitude, longitude, carId) values (?, ?, ?, ?, ?)
2018-08-18 08:12:12.867 DEBUG 13626 --- [    Test worker] org.hibernate.SQL                        : insert into CarStatusTable (carAvailability, carType, latitude, longitude, carId) values (?, ?, ?, ?, ?)
2018-08-18 08:12:12.867 DEBUG 13626 --- [    Test worker] org.hibernate.SQL                        : insert into CarStatusTable (carAvailability, carType, latitude, longitude, carId) values (?, ?, ?, ?, ?)
2018-08-18 08:12:12.867 DEBUG 13626 --- [    Test worker] org.hibernate.SQL                        : insert into CarStatusTable (carAvailability, carType, latitude, longitude, carId) values (?, ?, ?, ?, ?)
2018-08-18 08:12:12.868 DEBUG 13626 --- [    Test worker] org.hibernate.SQL                        : insert into CarStatusTable (carAvailability, carType, latitude, longitude, carId) values (?, ?, ?, ?, ?)
2018-08-18 08:12:12.868 DEBUG 13626 --- [    Test worker] org.hibernate.SQL                        : insert into CarStatusTable (carAvailability, carType, latitude, longitude, carId) values (?, ?, ?, ?, ?)
2018-08-18 08:12:12.868 DEBUG 13626 --- [    Test worker] org.hibernate.SQL                        : insert into CarStatusTable (carAvailability, carType, latitude, longitude, carId) values (?, ?, ?, ?, ?)
2018-08-18 08:12:12.869 DEBUG 13626 --- [    Test worker] org.hibernate.SQL                        : insert into CarStatusTable (carAvailability, carType, latitude, longitude, carId) values (?, ?, ?, ?, ?)
2018-08-18 08:12:12.869 DEBUG 13626 --- [    Test worker] org.hibernate.SQL                        : insert into CarStatusTable (carAvailability, carType, latitude, longitude, carId) values (?, ?, ?, ?, ?)
2018-08-18 08:12:12.877 DEBUG 13626 --- [    Test worker] org.hibernate.SQL                        : insert into CarStatusTable (carAvailability, carType, latitude, longitude, carId) values (?, ?, ?, ?, ?)
2018-08-18 08:12:12.879 DEBUG 13626 --- [    Test worker] org.hibernate.SQL                        : insert into CarStatusTable (carAvailability, carType, latitude, longitude, carId) values (?, ?, ?, ?, ?)
2018-08-18 08:12:12.880 DEBUG 13626 --- [    Test worker] org.hibernate.SQL                        : insert into CarStatusTable (carAvailability, carType, latitude, longitude, carId) values (?, ?, ?, ?, ?)
2018-08-18 08:12:12.880 DEBUG 13626 --- [    Test worker] org.hibernate.SQL                        : insert into CarStatusTable (carAvailability, carType, latitude, longitude, carId) values (?, ?, ?, ?, ?)
2018-08-18 08:12:12.882 DEBUG 13626 --- [    Test worker] org.hibernate.SQL                        : insert into CarStatusTable (carAvailability, carType, latitude, longitude, carId) values (?, ?, ?, ?, ?)
2018-08-18 08:12:12.883 DEBUG 13626 --- [    Test worker] org.hibernate.SQL                        : insert into CarStatusTable (carAvailability, carType, latitude, longitude, carId) values (?, ?, ?, ?, ?)
2018-08-18 08:12:12.886 DEBUG 13626 --- [    Test worker] org.hibernate.SQL                        : insert into CarStatusTable (carAvailability, carType, latitude, longitude, carId) values (?, ?, ?, ?, ?)
2018-08-18 08:12:12.887 DEBUG 13626 --- [    Test worker] org.hibernate.SQL                        : insert into CarStatusTable (carAvailability, carType, latitude, longitude, carId) values (?, ?, ?, ?, ?)
2018-08-18 08:12:12.888 DEBUG 13626 --- [    Test worker] org.hibernate.SQL                        : insert into CarStatusTable (carAvailability, carType, latitude, longitude, carId) values (?, ?, ?, ?, ?)
2018-08-18 08:12:12.888 DEBUG 13626 --- [    Test worker] org.hibernate.SQL                        : insert into CarStatusTable (carAvailability, carType, latitude, longitude, carId) values (?, ?, ?, ?, ?)
2018-08-18 08:12:12.891 DEBUG 13626 --- [    Test worker] org.hibernate.SQL                        : insert into CarStatusTable (carAvailability, carType, latitude, longitude, carId) values (?, ?, ?, ?, ?)
2018-08-18 08:12:12.892 DEBUG 13626 --- [    Test worker] org.hibernate.SQL                        : insert into CarStatusTable (carAvailability, carType, latitude, longitude, carId) values (?, ?, ?, ?, ?)
2018-08-18 08:12:12.893 DEBUG 13626 --- [    Test worker] org.hibernate.SQL                        : insert into CarStatusTable (carAvailability, carType, latitude, longitude, carId) values (?, ?, ?, ?, ?)
2018-08-18 08:12:12.895 DEBUG 13626 --- [    Test worker] org.hibernate.SQL                        : insert into CarStatusTable (carAvailability, carType, latitude, longitude, carId) values (?, ?, ?, ?, ?)
2018-08-18 08:12:12.896 DEBUG 13626 --- [    Test worker] org.hibernate.SQL                        : insert into CarStatusTable (carAvailability, carType, latitude, longitude, carId) values (?, ?, ?, ?, ?)
2018-08-18 08:12:12.896 DEBUG 13626 --- [    Test worker] org.hibernate.SQL                        : insert into CarStatusTable (carAvailability, carType, latitude, longitude, carId) values (?, ?, ?, ?, ?)
2018-08-18 08:12:12.899 DEBUG 13626 --- [    Test worker] org.hibernate.SQL                        : insert into CarStatusTable (carAvailability, carType, latitude, longitude, carId) values (?, ?, ?, ?, ?)
2018-08-18 08:12:12.900 DEBUG 13626 --- [    Test worker] org.hibernate.SQL                        : insert into CarStatusTable (carAvailability, carType, latitude, longitude, carId) values (?, ?, ?, ?, ?)
2018-08-18 08:12:12.901 DEBUG 13626 --- [    Test worker] org.hibernate.SQL                        : insert into CarStatusTable (carAvailability, carType, latitude, longitude, carId) values (?, ?, ?, ?, ?)
2018-08-18 08:12:12.901 DEBUG 13626 --- [    Test worker] org.hibernate.SQL                        : insert into CarStatusTable (carAvailability, carType, latitude, longitude, carId) values (?, ?, ?, ?, ?)
2018-08-18 08:12:12.902 DEBUG 13626 --- [    Test worker] org.hibernate.SQL                        : insert into CarStatusTable (carAvailability, carType, latitude, longitude, carId) values (?, ?, ?, ?, ?)
2018-08-18 08:12:12.905 DEBUG 13626 --- [    Test worker] org.hibernate.SQL                        : insert into CarStatusTable (carAvailability, carType, latitude, longitude, carId) values (?, ?, ?, ?, ?)
2018-08-18 08:12:12.907 DEBUG 13626 --- [    Test worker] org.hibernate.SQL                        : insert into CarStatusTable (carAvailability, carType, latitude, longitude, carId) values (?, ?, ?, ?, ?)
2018-08-18 08:12:12.908 DEBUG 13626 --- [    Test worker] org.hibernate.SQL                        : insert into CarStatusTable (carAvailability, carType, latitude, longitude, carId) values (?, ?, ?, ?, ?)
2018-08-18 08:12:12.908 DEBUG 13626 --- [    Test worker] org.hibernate.SQL                        : insert into CarStatusTable (carAvailability, carType, latitude, longitude, carId) values (?, ?, ?, ?, ?)
2018-08-18 08:12:12.909 DEBUG 13626 --- [    Test worker] org.hibernate.SQL                        : insert into CarStatusTable (carAvailability, carType, latitude, longitude, carId) values (?, ?, ?, ?, ?)
2018-08-18 08:12:12.909 DEBUG 13626 --- [    Test worker] org.hibernate.SQL                        : insert into CarStatusTable (carAvailability, carType, latitude, longitude, carId) values (?, ?, ?, ?, ?)
2018-08-18 08:12:12.909 DEBUG 13626 --- [    Test worker] org.hibernate.SQL                        : insert into CarStatusTable (carAvailability, carType, latitude, longitude, carId) values (?, ?, ?, ?, ?)
2018-08-18 08:12:12.916 DEBUG 13626 --- [    Test worker] org.hibernate.SQL                        : insert into CarStatusTable (carAvailability, carType, latitude, longitude, carId) values (?, ?, ?, ?, ?)
2018-08-18 08:12:12.917 DEBUG 13626 --- [    Test worker] org.hibernate.SQL                        : insert into CarStatusTable (carAvailability, carType, latitude, longitude, carId) values (?, ?, ?, ?, ?)
2018-08-18 08:12:12.919 DEBUG 13626 --- [    Test worker] org.hibernate.SQL                        : insert into CarStatusTable (carAvailability, carType, latitude, longitude, carId) values (?, ?, ?, ?, ?)
2018-08-18 08:12:12.919 DEBUG 13626 --- [    Test worker] org.hibernate.SQL                        : insert into CarStatusTable (carAvailability, carType, latitude, longitude, carId) values (?, ?, ?, ?, ?)
2018-08-18 08:12:12.920 DEBUG 13626 --- [    Test worker] org.hibernate.SQL                        : insert into CarStatusTable (carAvailability, carType, latitude, longitude, carId) values (?, ?, ?, ?, ?)
2018-08-18 08:12:12.920 DEBUG 13626 --- [    Test worker] org.hibernate.SQL                        : insert into CarStatusTable (carAvailability, carType, latitude, longitude, carId) values (?, ?, ?, ?, ?)
2018-08-18 08:12:12.921 DEBUG 13626 --- [    Test worker] org.hibernate.SQL                        : insert into CarStatusTable (carAvailability, carType, latitude, longitude, carId) values (?, ?, ?, ?, ?)
2018-08-18 08:12:12.928 DEBUG 13626 --- [    Test worker] org.hibernate.SQL                        : insert into CarStatusTable (carAvailability, carType, latitude, longitude, carId) values (?, ?, ?, ?, ?)
2018-08-18 08:12:12.929 DEBUG 13626 --- [    Test worker] org.hibernate.SQL                        : insert into CarStatusTable (carAvailability, carType, latitude, longitude, carId) values (?, ?, ?, ?, ?)
2018-08-18 08:12:12.929 DEBUG 13626 --- [    Test worker] org.hibernate.SQL                        : insert into CarStatusTable (carAvailability, carType, latitude, longitude, carId) values (?, ?, ?, ?, ?)
2018-08-18 08:12:12.929 DEBUG 13626 --- [    Test worker] org.hibernate.SQL                        : insert into CarStatusTable (carAvailability, carType, latitude, longitude, carId) values (?, ?, ?, ?, ?)
2018-08-18 08:12:12.938 DEBUG 13626 --- [    Test worker] org.hibernate.SQL                        : insert into CarStatusTable (carAvailability, carType, latitude, longitude, carId) values (?, ?, ?, ?, ?)
2018-08-18 08:12:12.943 DEBUG 13626 --- [    Test worker] org.hibernate.SQL                        : insert into CarStatusTable (carAvailability, carType, latitude, longitude, carId) values (?, ?, ?, ?, ?)
2018-08-18 08:12:12.945 DEBUG 13626 --- [    Test worker] org.hibernate.SQL                        : insert into CarStatusTable (carAvailability, carType, latitude, longitude, carId) values (?, ?, ?, ?, ?)
2018-08-18 08:12:12.947 DEBUG 13626 --- [    Test worker] org.hibernate.SQL                        : insert into CarStatusTable (carAvailability, carType, latitude, longitude, carId) values (?, ?, ?, ?, ?)
2018-08-18 08:12:12.948 DEBUG 13626 --- [    Test worker] org.hibernate.SQL                        : insert into CarStatusTable (carAvailability, carType, latitude, longitude, carId) values (?, ?, ?, ?, ?)
2018-08-18 08:12:12.949 DEBUG 13626 --- [    Test worker] org.hibernate.SQL                        : insert into CarStatusTable (carAvailability, carType, latitude, longitude, carId) values (?, ?, ?, ?, ?)
2018-08-18 08:12:12.952 DEBUG 13626 --- [    Test worker] org.hibernate.SQL                        : insert into CarStatusTable (carAvailability, carType, latitude, longitude, carId) values (?, ?, ?, ?, ?)
2018-08-18 08:12:12.953 DEBUG 13626 --- [    Test worker] org.hibernate.SQL                        : insert into CarStatusTable (carAvailability, carType, latitude, longitude, carId) values (?, ?, ?, ?, ?)
2018-08-18 08:12:12.954 DEBUG 13626 --- [    Test worker] org.hibernate.SQL                        : insert into CarStatusTable (carAvailability, carType, latitude, longitude, carId) values (?, ?, ?, ?, ?)
2018-08-18 08:12:12.959 DEBUG 13626 --- [    Test worker] org.hibernate.SQL                        : insert into CarStatusTable (carAvailability, carType, latitude, longitude, carId) values (?, ?, ?, ?, ?)
2018-08-18 08:12:12.960 DEBUG 13626 --- [    Test worker] org.hibernate.SQL                        : insert into CarStatusTable (carAvailability, carType, latitude, longitude, carId) values (?, ?, ?, ?, ?)
2018-08-18 08:12:12.960 DEBUG 13626 --- [    Test worker] org.hibernate.SQL                        : insert into CarStatusTable (carAvailability, carType, latitude, longitude, carId) values (?, ?, ?, ?, ?)
2018-08-18 08:12:12.961 DEBUG 13626 --- [    Test worker] org.hibernate.SQL                        : insert into CarStatusTable (carAvailability, carType, latitude, longitude, carId) values (?, ?, ?, ?, ?)
2018-08-18 08:12:12.961 DEBUG 13626 --- [    Test worker] org.hibernate.SQL                        : insert into CarStatusTable (carAvailability, carType, latitude, longitude, carId) values (?, ?, ?, ?, ?)
2018-08-18 08:12:12.962 DEBUG 13626 --- [    Test worker] org.hibernate.SQL                        : insert into CarStatusTable (carAvailability, carType, latitude, longitude, carId) values (?, ?, ?, ?, ?)
2018-08-18 08:12:12.962 DEBUG 13626 --- [    Test worker] org.hibernate.SQL                        : insert into CarStatusTable (carAvailability, carType, latitude, longitude, carId) values (?, ?, ?, ?, ?)
2018-08-18 08:12:12.963 DEBUG 13626 --- [    Test worker] org.hibernate.SQL                        : insert into CarStatusTable (carAvailability, carType, latitude, longitude, carId) values (?, ?, ?, ?, ?)
2018-08-18 08:12:12.963 DEBUG 13626 --- [    Test worker] org.hibernate.SQL                        : insert into CarStatusTable (carAvailability, carType, latitude, longitude, carId) values (?, ?, ?, ?, ?)
2018-08-18 08:12:12.964 DEBUG 13626 --- [    Test worker] org.hibernate.SQL                        : insert into CarStatusTable (carAvailability, carType, latitude, longitude, carId) values (?, ?, ?, ?, ?)
2018-08-18 08:12:12.964 DEBUG 13626 --- [    Test worker] org.hibernate.SQL                        : insert into CarStatusTable (carAvailability, carType, latitude, longitude, carId) values (?, ?, ?, ?, ?)
2018-08-18 08:12:12.965 DEBUG 13626 --- [    Test worker] org.hibernate.SQL                        : insert into CarStatusTable (carAvailability, carType, latitude, longitude, carId) values (?, ?, ?, ?, ?)
2018-08-18 08:12:12.965 DEBUG 13626 --- [    Test worker] org.hibernate.SQL                        : insert into CarStatusTable (carAvailability, carType, latitude, longitude, carId) values (?, ?, ?, ?, ?)
2018-08-18 08:12:12.966 DEBUG 13626 --- [    Test worker] org.hibernate.SQL                        : insert into CarStatusTable (carAvailability, carType, latitude, longitude, carId) values (?, ?, ?, ?, ?)
2018-08-18 08:12:12.967 DEBUG 13626 --- [    Test worker] org.hibernate.SQL                        : insert into CarStatusTable (carAvailability, carType, latitude, longitude, carId) values (?, ?, ?, ?, ?)
2018-08-18 08:12:12.967 DEBUG 13626 --- [    Test worker] org.hibernate.SQL                        : insert into CarStatusTable (carAvailability, carType, latitude, longitude, carId) values (?, ?, ?, ?, ?)
2018-08-18 08:12:12.968 DEBUG 13626 --- [    Test worker] org.hibernate.SQL                        : insert into CarStatusTable (carAvailability, carType, latitude, longitude, carId) values (?, ?, ?, ?, ?)
2018-08-18 08:12:12.968 DEBUG 13626 --- [    Test worker] org.hibernate.SQL                        : insert into CarStatusTable (carAvailability, carType, latitude, longitude, carId) values (?, ?, ?, ?, ?)
2018-08-18 08:12:12.969 DEBUG 13626 --- [    Test worker] org.hibernate.SQL                        : insert into CarStatusTable (carAvailability, carType, latitude, longitude, carId) values (?, ?, ?, ?, ?)
2018-08-18 08:12:12.969 DEBUG 13626 --- [    Test worker] org.hibernate.SQL                        : insert into CarStatusTable (carAvailability, carType, latitude, longitude, carId) values (?, ?, ?, ?, ?)
2018-08-18 08:12:12.970 DEBUG 13626 --- [    Test worker] org.hibernate.SQL                        : insert into CarStatusTable (carAvailability, carType, latitude, longitude, carId) values (?, ?, ?, ?, ?)
2018-08-18 08:12:12.970 DEBUG 13626 --- [    Test worker] org.hibernate.SQL                        : insert into CarStatusTable (carAvailability, carType, latitude, longitude, carId) values (?, ?, ?, ?, ?)
2018-08-18 08:12:12.971 DEBUG 13626 --- [    Test worker] org.hibernate.SQL                        : insert into CarStatusTable (carAvailability, carType, latitude, longitude, carId) values (?, ?, ?, ?, ?)
2018-08-18 08:12:12.972 DEBUG 13626 --- [    Test worker] org.hibernate.SQL                        : insert into CarStatusTable (carAvailability, carType, latitude, longitude, carId) values (?, ?, ?, ?, ?)
2018-08-18 08:12:12.972 DEBUG 13626 --- [    Test worker] org.hibernate.SQL                        : insert into CarStatusTable (carAvailability, carType, latitude, longitude, carId) values (?, ?, ?, ?, ?)
2018-08-18 08:12:12.973 DEBUG 13626 --- [    Test worker] org.hibernate.SQL                        : insert into CarStatusTable (carAvailability, carType, latitude, longitude, carId) values (?, ?, ?, ?, ?)
2018-08-18 08:12:12.973 DEBUG 13626 --- [    Test worker] org.hibernate.SQL                        : insert into CarStatusTable (carAvailability, carType, latitude, longitude, carId) values (?, ?, ?, ?, ?)
2018-08-18 08:12:12.974 DEBUG 13626 --- [    Test worker] org.hibernate.SQL                        : insert into CarStatusTable (carAvailability, carType, latitude, longitude, carId) values (?, ?, ?, ?, ?)
2018-08-18 08:12:12.975 DEBUG 13626 --- [    Test worker] org.hibernate.SQL                        : insert into CarStatusTable (carAvailability, carType, latitude, longitude, carId) values (?, ?, ?, ?, ?)
2018-08-18 08:12:12.977 DEBUG 13626 --- [    Test worker] org.hibernate.SQL                        : insert into CarStatusTable (carAvailability, carType, latitude, longitude, carId) values (?, ?, ?, ?, ?)
2018-08-18 08:12:12.978 DEBUG 13626 --- [    Test worker] org.hibernate.SQL                        : insert into CarStatusTable (carAvailability, carType, latitude, longitude, carId) values (?, ?, ?, ?, ?)
2018-08-18 08:12:12.979 DEBUG 13626 --- [    Test worker] org.hibernate.SQL                        : insert into CarStatusTable (carAvailability, carType, latitude, longitude, carId) values (?, ?, ?, ?, ?)
2018-08-18 08:12:12.980 DEBUG 13626 --- [    Test worker] org.hibernate.SQL                        : insert into CarStatusTable (carAvailability, carType, latitude, longitude, carId) values (?, ?, ?, ?, ?)
2018-08-18 08:12:12.980 DEBUG 13626 --- [    Test worker] org.hibernate.SQL                        : insert into CarStatusTable (carAvailability, carType, latitude, longitude, carId) values (?, ?, ?, ?, ?)
2018-08-18 08:12:12.981 DEBUG 13626 --- [    Test worker] org.hibernate.SQL                        : insert into CarStatusTable (carAvailability, carType, latitude, longitude, carId) values (?, ?, ?, ?, ?)
2018-08-18 08:12:12.982 DEBUG 13626 --- [    Test worker] org.hibernate.SQL                        : insert into CarStatusTable (carAvailability, carType, latitude, longitude, carId) values (?, ?, ?, ?, ?)
2018-08-18 08:12:12.982 DEBUG 13626 --- [    Test worker] org.hibernate.SQL                        : insert into CarStatusTable (carAvailability, carType, latitude, longitude, carId) values (?, ?, ?, ?, ?)
2018-08-18 08:12:12.983 DEBUG 13626 --- [    Test worker] org.hibernate.SQL                        : insert into CarStatusTable (carAvailability, carType, latitude, longitude, carId) values (?, ?, ?, ?, ?)
2018-08-18 08:12:12.983 DEBUG 13626 --- [    Test worker] org.hibernate.SQL                        : insert into CarStatusTable (carAvailability, carType, latitude, longitude, carId) values (?, ?, ?, ?, ?)
2018-08-18 08:12:12.984 DEBUG 13626 --- [    Test worker] org.hibernate.SQL                        : insert into CarStatusTable (carAvailability, carType, latitude, longitude, carId) values (?, ?, ?, ?, ?)
2018-08-18 08:12:12.984 DEBUG 13626 --- [    Test worker] org.hibernate.SQL                        : insert into CarStatusTable (carAvailability, carType, latitude, longitude, carId) values (?, ?, ?, ?, ?)
2018-08-18 08:12:12.985 DEBUG 13626 --- [    Test worker] org.hibernate.SQL                        : insert into CarStatusTable (carAvailability, carType, latitude, longitude, carId) values (?, ?, ?, ?, ?)
2018-08-18 08:12:12.986 DEBUG 13626 --- [    Test worker] org.hibernate.SQL                        : insert into CarStatusTable (carAvailability, carType, latitude, longitude, carId) values (?, ?, ?, ?, ?)
2018-08-18 08:12:12.986 DEBUG 13626 --- [    Test worker] org.hibernate.SQL                        : insert into CarStatusTable (carAvailability, carType, latitude, longitude, carId) values (?, ?, ?, ?, ?)
2018-08-18 08:12:12.987 DEBUG 13626 --- [    Test worker] org.hibernate.SQL                        : insert into CarStatusTable (carAvailability, carType, latitude, longitude, carId) values (?, ?, ?, ?, ?)
2018-08-18 08:12:12.987 DEBUG 13626 --- [    Test worker] org.hibernate.SQL                        : insert into CarStatusTable (carAvailability, carType, latitude, longitude, carId) values (?, ?, ?, ?, ?)
2018-08-18 08:12:12.988 DEBUG 13626 --- [    Test worker] org.hibernate.SQL                        : insert into CarStatusTable (carAvailability, carType, latitude, longitude, carId) values (?, ?, ?, ?, ?)
2018-08-18 08:12:12.989 DEBUG 13626 --- [    Test worker] org.hibernate.SQL                        : insert into CarStatusTable (carAvailability, carType, latitude, longitude, carId) values (?, ?, ?, ?, ?)
2018-08-18 08:12:12.989 DEBUG 13626 --- [    Test worker] org.hibernate.SQL                        : insert into CarStatusTable (carAvailability, carType, latitude, longitude, carId) values (?, ?, ?, ?, ?)
2018-08-18 08:12:12.990 DEBUG 13626 --- [    Test worker] org.hibernate.SQL                        : insert into CarStatusTable (carAvailability, carType, latitude, longitude, carId) values (?, ?, ?, ?, ?)
2018-08-18 08:12:12.990 DEBUG 13626 --- [    Test worker] org.hibernate.SQL                        : insert into CarStatusTable (carAvailability, carType, latitude, longitude, carId) values (?, ?, ?, ?, ?)
2018-08-18 08:12:12.991 DEBUG 13626 --- [    Test worker] org.hibernate.SQL                        : insert into CarStatusTable (carAvailability, carType, latitude, longitude, carId) values (?, ?, ?, ?, ?)
2018-08-18 08:12:12.991 DEBUG 13626 --- [    Test worker] org.hibernate.SQL                        : insert into CarStatusTable (carAvailability, carType, latitude, longitude, carId) values (?, ?, ?, ?, ?)
2018-08-18 08:12:12.992 DEBUG 13626 --- [    Test worker] org.hibernate.SQL                        : insert into CarStatusTable (carAvailability, carType, latitude, longitude, carId) values (?, ?, ?, ?, ?)
2018-08-18 08:12:12.993 DEBUG 13626 --- [    Test worker] org.hibernate.SQL                        : insert into CarStatusTable (carAvailability, carType, latitude, longitude, carId) values (?, ?, ?, ?, ?)
2018-08-18 08:12:12.993 DEBUG 13626 --- [    Test worker] org.hibernate.SQL                        : insert into CarStatusTable (carAvailability, carType, latitude, longitude, carId) values (?, ?, ?, ?, ?)
2018-08-18 08:12:12.994 DEBUG 13626 --- [    Test worker] org.hibernate.SQL                        : insert into CarStatusTable (carAvailability, carType, latitude, longitude, carId) values (?, ?, ?, ?, ?)
2018-08-18 08:12:12.995 DEBUG 13626 --- [    Test worker] org.hibernate.SQL                        : insert into CarStatusTable (carAvailability, carType, latitude, longitude, carId) values (?, ?, ?, ?, ?)
2018-08-18 08:12:12.995 DEBUG 13626 --- [    Test worker] org.hibernate.SQL                        : insert into CarStatusTable (carAvailability, carType, latitude, longitude, carId) values (?, ?, ?, ?, ?)
2018-08-18 08:12:12.996 DEBUG 13626 --- [    Test worker] org.hibernate.SQL                        : insert into CarStatusTable (carAvailability, carType, latitude, longitude, carId) values (?, ?, ?, ?, ?)
2018-08-18 08:12:12.996 DEBUG 13626 --- [    Test worker] org.hibernate.SQL                        : insert into CarStatusTable (carAvailability, carType, latitude, longitude, carId) values (?, ?, ?, ?, ?)
2018-08-18 08:12:12.997 DEBUG 13626 --- [    Test worker] org.hibernate.SQL                        : insert into CarStatusTable (carAvailability, carType, latitude, longitude, carId) values (?, ?, ?, ?, ?)
2018-08-18 08:12:12.998 DEBUG 13626 --- [    Test worker] org.hibernate.SQL                        : insert into CarStatusTable (carAvailability, carType, latitude, longitude, carId) values (?, ?, ?, ?, ?)
2018-08-18 08:12:12.998 DEBUG 13626 --- [    Test worker] org.hibernate.SQL                        : insert into CarStatusTable (carAvailability, carType, latitude, longitude, carId) values (?, ?, ?, ?, ?)
2018-08-18 08:12:13.000 DEBUG 13626 --- [    Test worker] org.hibernate.SQL                        : insert into CarStatusTable (carAvailability, carType, latitude, longitude, carId) values (?, ?, ?, ?, ?)
2018-08-18 08:12:13.000 DEBUG 13626 --- [    Test worker] org.hibernate.SQL                        : insert into CarStatusTable (carAvailability, carType, latitude, longitude, carId) values (?, ?, ?, ?, ?)
2018-08-18 08:12:13.002 DEBUG 13626 --- [    Test worker] org.hibernate.SQL                        : insert into CarStatusTable (carAvailability, carType, latitude, longitude, carId) values (?, ?, ?, ?, ?)
2018-08-18 08:12:13.003 DEBUG 13626 --- [    Test worker] org.hibernate.SQL                        : insert into CarStatusTable (carAvailability, carType, latitude, longitude, carId) values (?, ?, ?, ?, ?)
2018-08-18 08:12:13.004 DEBUG 13626 --- [    Test worker] org.hibernate.SQL                        : insert into CarStatusTable (carAvailability, carType, latitude, longitude, carId) values (?, ?, ?, ?, ?)
2018-08-18 08:12:13.005 DEBUG 13626 --- [    Test worker] org.hibernate.SQL                        : insert into CarStatusTable (carAvailability, carType, latitude, longitude, carId) values (?, ?, ?, ?, ?)
2018-08-18 08:12:13.006 DEBUG 13626 --- [    Test worker] org.hibernate.SQL                        : insert into CarStatusTable (carAvailability, carType, latitude, longitude, carId) values (?, ?, ?, ?, ?)
2018-08-18 08:12:13.007 DEBUG 13626 --- [    Test worker] org.hibernate.SQL                        : insert into CarStatusTable (carAvailability, carType, latitude, longitude, carId) values (?, ?, ?, ?, ?)
2018-08-18 08:12:13.009 DEBUG 13626 --- [    Test worker] org.hibernate.SQL                        : insert into CarStatusTable (carAvailability, carType, latitude, longitude, carId) values (?, ?, ?, ?, ?)
2018-08-18 08:12:13.010 DEBUG 13626 --- [    Test worker] org.hibernate.SQL                        : insert into CarStatusTable (carAvailability, carType, latitude, longitude, carId) values (?, ?, ?, ?, ?)
2018-08-18 08:12:13.011 DEBUG 13626 --- [    Test worker] org.hibernate.SQL                        : insert into CarStatusTable (carAvailability, carType, latitude, longitude, carId) values (?, ?, ?, ?, ?)
2018-08-18 08:12:13.012 DEBUG 13626 --- [    Test worker] org.hibernate.SQL                        : insert into CarStatusTable (carAvailability, carType, latitude, longitude, carId) values (?, ?, ?, ?, ?)
2018-08-18 08:12:13.013 DEBUG 13626 --- [    Test worker] org.hibernate.SQL                        : insert into CarStatusTable (carAvailability, carType, latitude, longitude, carId) values (?, ?, ?, ?, ?)
2018-08-18 08:12:13.015 DEBUG 13626 --- [    Test worker] org.hibernate.SQL                        : insert into CarStatusTable (carAvailability, carType, latitude, longitude, carId) values (?, ?, ?, ?, ?)
2018-08-18 08:12:13.016 DEBUG 13626 --- [    Test worker] org.hibernate.SQL                        : insert into CarStatusTable (carAvailability, carType, latitude, longitude, carId) values (?, ?, ?, ?, ?)
2018-08-18 08:12:13.017 DEBUG 13626 --- [    Test worker] org.hibernate.SQL                        : insert into CarStatusTable (carAvailability, carType, latitude, longitude, carId) values (?, ?, ?, ?, ?)
2018-08-18 08:12:13.018 DEBUG 13626 --- [    Test worker] org.hibernate.SQL                        : insert into CarStatusTable (carAvailability, carType, latitude, longitude, carId) values (?, ?, ?, ?, ?)
2018-08-18 08:12:13.019 DEBUG 13626 --- [    Test worker] org.hibernate.SQL                        : insert into CarStatusTable (carAvailability, carType, latitude, longitude, carId) values (?, ?, ?, ?, ?)
2018-08-18 08:12:13.020 DEBUG 13626 --- [    Test worker] org.hibernate.SQL                        : insert into CarStatusTable (carAvailability, carType, latitude, longitude, carId) values (?, ?, ?, ?, ?)
2018-08-18 08:12:13.021 DEBUG 13626 --- [    Test worker] org.hibernate.SQL                        : insert into CarStatusTable (carAvailability, carType, latitude, longitude, carId) values (?, ?, ?, ?, ?)
2018-08-18 08:12:13.022 DEBUG 13626 --- [    Test worker] org.hibernate.SQL                        : insert into CarStatusTable (carAvailability, carType, latitude, longitude, carId) values (?, ?, ?, ?, ?)
2018-08-18 08:12:13.024 DEBUG 13626 --- [    Test worker] org.hibernate.SQL                        : insert into CarStatusTable (carAvailability, carType, latitude, longitude, carId) values (?, ?, ?, ?, ?)
2018-08-18 08:12:13.025 DEBUG 13626 --- [    Test worker] org.hibernate.SQL                        : insert into CarStatusTable (carAvailability, carType, latitude, longitude, carId) values (?, ?, ?, ?, ?)
2018-08-18 08:12:13.026 DEBUG 13626 --- [    Test worker] org.hibernate.SQL                        : insert into CarStatusTable (carAvailability, carType, latitude, longitude, carId) values (?, ?, ?, ?, ?)
2018-08-18 08:12:13.027 DEBUG 13626 --- [    Test worker] org.hibernate.SQL                        : insert into CarStatusTable (carAvailability, carType, latitude, longitude, carId) values (?, ?, ?, ?, ?)
2018-08-18 08:12:13.028 DEBUG 13626 --- [    Test worker] org.hibernate.SQL                        : insert into CarStatusTable (carAvailability, carType, latitude, longitude, carId) values (?, ?, ?, ?, ?)
2018-08-18 08:12:13.030 DEBUG 13626 --- [    Test worker] org.hibernate.SQL                        : insert into CarStatusTable (carAvailability, carType, latitude, longitude, carId) values (?, ?, ?, ?, ?)
2018-08-18 08:12:13.031 DEBUG 13626 --- [    Test worker] org.hibernate.SQL                        : insert into CarStatusTable (carAvailability, carType, latitude, longitude, carId) values (?, ?, ?, ?, ?)
2018-08-18 08:12:13.032 DEBUG 13626 --- [    Test worker] org.hibernate.SQL                        : insert into CarStatusTable (carAvailability, carType, latitude, longitude, carId) values (?, ?, ?, ?, ?)
2018-08-18 08:12:13.034 DEBUG 13626 --- [    Test worker] org.hibernate.SQL                        : insert into CarStatusTable (carAvailability, carType, latitude, longitude, carId) values (?, ?, ?, ?, ?)
2018-08-18 08:12:13.034 DEBUG 13626 --- [    Test worker] org.hibernate.SQL                        : insert into CarStatusTable (carAvailability, carType, latitude, longitude, carId) values (?, ?, ?, ?, ?)
2018-08-18 08:12:13.036 DEBUG 13626 --- [    Test worker] org.hibernate.SQL                        : insert into CarStatusTable (carAvailability, carType, latitude, longitude, carId) values (?, ?, ?, ?, ?)
2018-08-18 08:12:13.037 DEBUG 13626 --- [    Test worker] org.hibernate.SQL                        : insert into CarStatusTable (carAvailability, carType, latitude, longitude, carId) values (?, ?, ?, ?, ?)
2018-08-18 08:12:13.037 DEBUG 13626 --- [    Test worker] org.hibernate.SQL                        : insert into CarStatusTable (carAvailability, carType, latitude, longitude, carId) values (?, ?, ?, ?, ?)
2018-08-18 08:12:13.038 DEBUG 13626 --- [    Test worker] org.hibernate.SQL                        : insert into CarStatusTable (carAvailability, carType, latitude, longitude, carId) values (?, ?, ?, ?, ?)
2018-08-18 08:12:13.039 DEBUG 13626 --- [    Test worker] org.hibernate.SQL                        : insert into CarStatusTable (carAvailability, carType, latitude, longitude, carId) values (?, ?, ?, ?, ?)
2018-08-18 08:12:13.040 DEBUG 13626 --- [    Test worker] org.hibernate.SQL                        : insert into CarStatusTable (carAvailability, carType, latitude, longitude, carId) values (?, ?, ?, ?, ?)
2018-08-18 08:12:13.041 DEBUG 13626 --- [    Test worker] org.hibernate.SQL                        : insert into CarStatusTable (carAvailability, carType, latitude, longitude, carId) values (?, ?, ?, ?, ?)
2018-08-18 08:12:13.042 DEBUG 13626 --- [    Test worker] org.hibernate.SQL                        : insert into CarStatusTable (carAvailability, carType, latitude, longitude, carId) values (?, ?, ?, ?, ?)
2018-08-18 08:12:13.045 DEBUG 13626 --- [    Test worker] org.hibernate.SQL                        : insert into CarStatusTable (carAvailability, carType, latitude, longitude, carId) values (?, ?, ?, ?, ?)
2018-08-18 08:12:13.046 DEBUG 13626 --- [    Test worker] org.hibernate.SQL                        : insert into CarStatusTable (carAvailability, carType, latitude, longitude, carId) values (?, ?, ?, ?, ?)
2018-08-18 08:12:13.046 DEBUG 13626 --- [    Test worker] org.hibernate.SQL                        : insert into CarStatusTable (carAvailability, carType, latitude, longitude, carId) values (?, ?, ?, ?, ?)
2018-08-18 08:12:13.047 DEBUG 13626 --- [    Test worker] org.hibernate.SQL                        : insert into CarStatusTable (carAvailability, carType, latitude, longitude, carId) values (?, ?, ?, ?, ?)
2018-08-18 08:12:13.048 DEBUG 13626 --- [    Test worker] org.hibernate.SQL                        : insert into CarStatusTable (carAvailability, carType, latitude, longitude, carId) values (?, ?, ?, ?, ?)
2018-08-18 08:12:13.048 DEBUG 13626 --- [    Test worker] org.hibernate.SQL                        : insert into CarStatusTable (carAvailability, carType, latitude, longitude, carId) values (?, ?, ?, ?, ?)
2018-08-18 08:12:13.049 DEBUG 13626 --- [    Test worker] org.hibernate.SQL                        : insert into CarStatusTable (carAvailability, carType, latitude, longitude, carId) values (?, ?, ?, ?, ?)
2018-08-18 08:12:13.049 DEBUG 13626 --- [    Test worker] org.hibernate.SQL                        : insert into CarStatusTable (carAvailability, carType, latitude, longitude, carId) values (?, ?, ?, ?, ?)
2018-08-18 08:12:13.051 DEBUG 13626 --- [    Test worker] org.hibernate.SQL                        : insert into CarStatusTable (carAvailability, carType, latitude, longitude, carId) values (?, ?, ?, ?, ?)
2018-08-18 08:12:13.054 DEBUG 13626 --- [    Test worker] org.hibernate.SQL                        : insert into CarStatusTable (carAvailability, carType, latitude, longitude, carId) values (?, ?, ?, ?, ?)
2018-08-18 08:12:13.056 DEBUG 13626 --- [    Test worker] org.hibernate.SQL                        : insert into CarStatusTable (carAvailability, carType, latitude, longitude, carId) values (?, ?, ?, ?, ?)
2018-08-18 08:12:13.058 DEBUG 13626 --- [    Test worker] org.hibernate.SQL                        : insert into CarStatusTable (carAvailability, carType, latitude, longitude, carId) values (?, ?, ?, ?, ?)
2018-08-18 08:12:13.060 DEBUG 13626 --- [    Test worker] org.hibernate.SQL                        : insert into CarStatusTable (carAvailability, carType, latitude, longitude, carId) values (?, ?, ?, ?, ?)
2018-08-18 08:12:13.061 DEBUG 13626 --- [    Test worker] org.hibernate.SQL                        : insert into CarStatusTable (carAvailability, carType, latitude, longitude, carId) values (?, ?, ?, ?, ?)
2018-08-18 08:12:13.064 DEBUG 13626 --- [    Test worker] org.hibernate.SQL                        : insert into CarStatusTable (carAvailability, carType, latitude, longitude, carId) values (?, ?, ?, ?, ?)
2018-08-18 08:12:13.065 DEBUG 13626 --- [    Test worker] org.hibernate.SQL                        : insert into CarStatusTable (carAvailability, carType, latitude, longitude, carId) values (?, ?, ?, ?, ?)
2018-08-18 08:12:13.067 DEBUG 13626 --- [    Test worker] org.hibernate.SQL                        : insert into CarStatusTable (carAvailability, carType, latitude, longitude, carId) values (?, ?, ?, ?, ?)
2018-08-18 08:12:13.067 DEBUG 13626 --- [    Test worker] org.hibernate.SQL                        : insert into CarStatusTable (carAvailability, carType, latitude, longitude, carId) values (?, ?, ?, ?, ?)
2018-08-18 08:12:13.067 DEBUG 13626 --- [    Test worker] org.hibernate.SQL                        : insert into CarStatusTable (carAvailability, carType, latitude, longitude, carId) values (?, ?, ?, ?, ?)
2018-08-18 08:12:13.068 DEBUG 13626 --- [    Test worker] org.hibernate.SQL                        : insert into CarStatusTable (carAvailability, carType, latitude, longitude, carId) values (?, ?, ?, ?, ?)
2018-08-18 08:12:13.068 DEBUG 13626 --- [    Test worker] org.hibernate.SQL                        : insert into CarStatusTable (carAvailability, carType, latitude, longitude, carId) values (?, ?, ?, ?, ?)
2018-08-18 08:12:13.069 DEBUG 13626 --- [    Test worker] org.hibernate.SQL                        : insert into CarStatusTable (carAvailability, carType, latitude, longitude, carId) values (?, ?, ?, ?, ?)
2018-08-18 08:12:13.069 DEBUG 13626 --- [    Test worker] org.hibernate.SQL                        : insert into CarStatusTable (carAvailability, carType, latitude, longitude, carId) values (?, ?, ?, ?, ?)
2018-08-18 08:12:13.070 DEBUG 13626 --- [    Test worker] org.hibernate.SQL                        : insert into CarStatusTable (carAvailability, carType, latitude, longitude, carId) values (?, ?, ?, ?, ?)
2018-08-18 08:12:13.070 DEBUG 13626 --- [    Test worker] org.hibernate.SQL                        : insert into CarStatusTable (carAvailability, carType, latitude, longitude, carId) values (?, ?, ?, ?, ?)
2018-08-18 08:12:13.072 DEBUG 13626 --- [    Test worker] org.hibernate.SQL                        : insert into CarStatusTable (carAvailability, carType, latitude, longitude, carId) values (?, ?, ?, ?, ?)
2018-08-18 08:12:13.078 DEBUG 13626 --- [    Test worker] org.hibernate.SQL                        : insert into CarStatusTable (carAvailability, carType, latitude, longitude, carId) values (?, ?, ?, ?, ?)
2018-08-18 08:12:13.079 DEBUG 13626 --- [    Test worker] org.hibernate.SQL                        : insert into CarStatusTable (carAvailability, carType, latitude, longitude, carId) values (?, ?, ?, ?, ?)
2018-08-18 08:12:13.080 DEBUG 13626 --- [    Test worker] org.hibernate.SQL                        : insert into CarStatusTable (carAvailability, carType, latitude, longitude, carId) values (?, ?, ?, ?, ?)
2018-08-18 08:12:13.085 DEBUG 13626 --- [    Test worker] org.hibernate.SQL                        : insert into CarStatusTable (carAvailability, carType, latitude, longitude, carId) values (?, ?, ?, ?, ?)
2018-08-18 08:12:13.086 DEBUG 13626 --- [    Test worker] org.hibernate.SQL                        : insert into CarStatusTable (carAvailability, carType, latitude, longitude, carId) values (?, ?, ?, ?, ?)
2018-08-18 08:12:13.086 DEBUG 13626 --- [    Test worker] org.hibernate.SQL                        : insert into CarStatusTable (carAvailability, carType, latitude, longitude, carId) values (?, ?, ?, ?, ?)
2018-08-18 08:12:13.087 DEBUG 13626 --- [    Test worker] org.hibernate.SQL                        : insert into CarStatusTable (carAvailability, carType, latitude, longitude, carId) values (?, ?, ?, ?, ?)
2018-08-18 08:12:13.087 DEBUG 13626 --- [    Test worker] org.hibernate.SQL                        : insert into CarStatusTable (carAvailability, carType, latitude, longitude, carId) values (?, ?, ?, ?, ?)
2018-08-18 08:12:13.087 DEBUG 13626 --- [    Test worker] org.hibernate.SQL                        : insert into CarStatusTable (carAvailability, carType, latitude, longitude, carId) values (?, ?, ?, ?, ?)
2018-08-18 08:12:13.088 DEBUG 13626 --- [    Test worker] org.hibernate.SQL                        : insert into CarStatusTable (carAvailability, carType, latitude, longitude, carId) values (?, ?, ?, ?, ?)
2018-08-18 08:12:13.089 DEBUG 13626 --- [    Test worker] org.hibernate.SQL                        : insert into CarStatusTable (carAvailability, carType, latitude, longitude, carId) values (?, ?, ?, ?, ?)
2018-08-18 08:12:13.089 DEBUG 13626 --- [    Test worker] org.hibernate.SQL                        : insert into CarStatusTable (carAvailability, carType, latitude, longitude, carId) values (?, ?, ?, ?, ?)
2018-08-18 08:12:13.090 DEBUG 13626 --- [    Test worker] org.hibernate.SQL                        : insert into CarStatusTable (carAvailability, carType, latitude, longitude, carId) values (?, ?, ?, ?, ?)
2018-08-18 08:12:13.090 DEBUG 13626 --- [    Test worker] org.hibernate.SQL                        : insert into CarStatusTable (carAvailability, carType, latitude, longitude, carId) values (?, ?, ?, ?, ?)
2018-08-18 08:12:13.095 DEBUG 13626 --- [    Test worker] org.hibernate.SQL                        : insert into CarStatusTable (carAvailability, carType, latitude, longitude, carId) values (?, ?, ?, ?, ?)
2018-08-18 08:12:13.095 DEBUG 13626 --- [    Test worker] org.hibernate.SQL                        : insert into CarStatusTable (carAvailability, carType, latitude, longitude, carId) values (?, ?, ?, ?, ?)
2018-08-18 08:12:13.096 DEBUG 13626 --- [    Test worker] org.hibernate.SQL                        : insert into CarStatusTable (carAvailability, carType, latitude, longitude, carId) values (?, ?, ?, ?, ?)
2018-08-18 08:12:13.096 DEBUG 13626 --- [    Test worker] org.hibernate.SQL                        : insert into CarStatusTable (carAvailability, carType, latitude, longitude, carId) values (?, ?, ?, ?, ?)
2018-08-18 08:12:13.096 DEBUG 13626 --- [    Test worker] org.hibernate.SQL                        : insert into CarStatusTable (carAvailability, carType, latitude, longitude, carId) values (?, ?, ?, ?, ?)
2018-08-18 08:12:13.097 DEBUG 13626 --- [    Test worker] org.hibernate.SQL                        : insert into CarStatusTable (carAvailability, carType, latitude, longitude, carId) values (?, ?, ?, ?, ?)
2018-08-18 08:12:13.097 DEBUG 13626 --- [    Test worker] org.hibernate.SQL                        : insert into CarStatusTable (carAvailability, carType, latitude, longitude, carId) values (?, ?, ?, ?, ?)
2018-08-18 08:12:13.098 DEBUG 13626 --- [    Test worker] org.hibernate.SQL                        : insert into CarStatusTable (carAvailability, carType, latitude, longitude, carId) values (?, ?, ?, ?, ?)
2018-08-18 08:12:13.098 DEBUG 13626 --- [    Test worker] org.hibernate.SQL                        : insert into CarStatusTable (carAvailability, carType, latitude, longitude, carId) values (?, ?, ?, ?, ?)
2018-08-18 08:12:13.105 DEBUG 13626 --- [    Test worker] org.hibernate.SQL                        : insert into CarStatusTable (carAvailability, carType, latitude, longitude, carId) values (?, ?, ?, ?, ?)
2018-08-18 08:12:13.106 DEBUG 13626 --- [    Test worker] org.hibernate.SQL                        : insert into CarStatusTable (carAvailability, carType, latitude, longitude, carId) values (?, ?, ?, ?, ?)
2018-08-18 08:12:13.107 DEBUG 13626 --- [    Test worker] org.hibernate.SQL                        : insert into CarStatusTable (carAvailability, carType, latitude, longitude, carId) values (?, ?, ?, ?, ?)
2018-08-18 08:12:13.107 DEBUG 13626 --- [    Test worker] org.hibernate.SQL                        : insert into CarStatusTable (carAvailability, carType, latitude, longitude, carId) values (?, ?, ?, ?, ?)
2018-08-18 08:12:13.107 DEBUG 13626 --- [    Test worker] org.hibernate.SQL                        : insert into CarStatusTable (carAvailability, carType, latitude, longitude, carId) values (?, ?, ?, ?, ?)
2018-08-18 08:12:13.108 DEBUG 13626 --- [    Test worker] org.hibernate.SQL                        : insert into CarStatusTable (carAvailability, carType, latitude, longitude, carId) values (?, ?, ?, ?, ?)
2018-08-18 08:12:13.108 DEBUG 13626 --- [    Test worker] org.hibernate.SQL                        : insert into CarStatusTable (carAvailability, carType, latitude, longitude, carId) values (?, ?, ?, ?, ?)
2018-08-18 08:12:13.108 DEBUG 13626 --- [    Test worker] org.hibernate.SQL                        : insert into CarStatusTable (carAvailability, carType, latitude, longitude, carId) values (?, ?, ?, ?, ?)
2018-08-18 08:12:13.109 DEBUG 13626 --- [    Test worker] org.hibernate.SQL                        : insert into CarStatusTable (carAvailability, carType, latitude, longitude, carId) values (?, ?, ?, ?, ?)
2018-08-18 08:12:13.109 DEBUG 13626 --- [    Test worker] org.hibernate.SQL                        : insert into CarStatusTable (carAvailability, carType, latitude, longitude, carId) values (?, ?, ?, ?, ?)
2018-08-18 08:12:13.116 DEBUG 13626 --- [    Test worker] org.hibernate.SQL                        : insert into CarStatusTable (carAvailability, carType, latitude, longitude, carId) values (?, ?, ?, ?, ?)
2018-08-18 08:12:13.116 DEBUG 13626 --- [    Test worker] org.hibernate.SQL                        : insert into CarStatusTable (carAvailability, carType, latitude, longitude, carId) values (?, ?, ?, ?, ?)
2018-08-18 08:12:13.117 DEBUG 13626 --- [    Test worker] org.hibernate.SQL                        : insert into CarStatusTable (carAvailability, carType, latitude, longitude, carId) values (?, ?, ?, ?, ?)
2018-08-18 08:12:13.117 DEBUG 13626 --- [    Test worker] org.hibernate.SQL                        : insert into CarStatusTable (carAvailability, carType, latitude, longitude, carId) values (?, ?, ?, ?, ?)
2018-08-18 08:12:13.118 DEBUG 13626 --- [    Test worker] org.hibernate.SQL                        : insert into CarStatusTable (carAvailability, carType, latitude, longitude, carId) values (?, ?, ?, ?, ?)
2018-08-18 08:12:13.118 DEBUG 13626 --- [    Test worker] org.hibernate.SQL                        : insert into CarStatusTable (carAvailability, carType, latitude, longitude, carId) values (?, ?, ?, ?, ?)
2018-08-18 08:12:13.119 DEBUG 13626 --- [    Test worker] org.hibernate.SQL                        : insert into CarStatusTable (carAvailability, carType, latitude, longitude, carId) values (?, ?, ?, ?, ?)
2018-08-18 08:12:13.119 DEBUG 13626 --- [    Test worker] org.hibernate.SQL                        : insert into CarStatusTable (carAvailability, carType, latitude, longitude, carId) values (?, ?, ?, ?, ?)
2018-08-18 08:12:13.119 DEBUG 13626 --- [    Test worker] org.hibernate.SQL                        : insert into CarStatusTable (carAvailability, carType, latitude, longitude, carId) values (?, ?, ?, ?, ?)
2018-08-18 08:12:13.121 DEBUG 13626 --- [    Test worker] org.hibernate.SQL                        : insert into CarStatusTable (carAvailability, carType, latitude, longitude, carId) values (?, ?, ?, ?, ?)
2018-08-18 08:12:13.122 DEBUG 13626 --- [    Test worker] org.hibernate.SQL                        : insert into CarStatusTable (carAvailability, carType, latitude, longitude, carId) values (?, ?, ?, ?, ?)
2018-08-18 08:12:13.125 DEBUG 13626 --- [    Test worker] org.hibernate.SQL                        : insert into CarStatusTable (carAvailability, carType, latitude, longitude, carId) values (?, ?, ?, ?, ?)
2018-08-18 08:12:13.126 DEBUG 13626 --- [    Test worker] org.hibernate.SQL                        : insert into CarStatusTable (carAvailability, carType, latitude, longitude, carId) values (?, ?, ?, ?, ?)
2018-08-18 08:12:13.126 DEBUG 13626 --- [    Test worker] org.hibernate.SQL                        : insert into CarStatusTable (carAvailability, carType, latitude, longitude, carId) values (?, ?, ?, ?, ?)
2018-08-18 08:12:13.127 DEBUG 13626 --- [    Test worker] org.hibernate.SQL                        : insert into CarStatusTable (carAvailability, carType, latitude, longitude, carId) values (?, ?, ?, ?, ?)
2018-08-18 08:12:13.127 DEBUG 13626 --- [    Test worker] org.hibernate.SQL                        : insert into CarStatusTable (carAvailability, carType, latitude, longitude, carId) values (?, ?, ?, ?, ?)
2018-08-18 08:12:13.127 DEBUG 13626 --- [    Test worker] org.hibernate.SQL                        : insert into CarStatusTable (carAvailability, carType, latitude, longitude, carId) values (?, ?, ?, ?, ?)
2018-08-18 08:12:13.128 DEBUG 13626 --- [    Test worker] org.hibernate.SQL                        : insert into CarStatusTable (carAvailability, carType, latitude, longitude, carId) values (?, ?, ?, ?, ?)
2018-08-18 08:12:13.128 DEBUG 13626 --- [    Test worker] org.hibernate.SQL                        : insert into CarStatusTable (carAvailability, carType, latitude, longitude, carId) values (?, ?, ?, ?, ?)
2018-08-18 08:12:13.128 DEBUG 13626 --- [    Test worker] org.hibernate.SQL                        : insert into CarStatusTable (carAvailability, carType, latitude, longitude, carId) values (?, ?, ?, ?, ?)
2018-08-18 08:12:13.129 DEBUG 13626 --- [    Test worker] org.hibernate.SQL                        : insert into CarStatusTable (carAvailability, carType, latitude, longitude, carId) values (?, ?, ?, ?, ?)
2018-08-18 08:12:13.129 DEBUG 13626 --- [    Test worker] org.hibernate.SQL                        : insert into CarStatusTable (carAvailability, carType, latitude, longitude, carId) values (?, ?, ?, ?, ?)
2018-08-18 08:12:13.129 DEBUG 13626 --- [    Test worker] org.hibernate.SQL                        : insert into CarStatusTable (carAvailability, carType, latitude, longitude, carId) values (?, ?, ?, ?, ?)
2018-08-18 08:12:13.130 DEBUG 13626 --- [    Test worker] org.hibernate.SQL                        : insert into CarStatusTable (carAvailability, carType, latitude, longitude, carId) values (?, ?, ?, ?, ?)
2018-08-18 08:12:13.136 DEBUG 13626 --- [    Test worker] org.hibernate.SQL                        : insert into CarStatusTable (carAvailability, carType, latitude, longitude, carId) values (?, ?, ?, ?, ?)
2018-08-18 08:12:13.137 DEBUG 13626 --- [    Test worker] org.hibernate.SQL                        : insert into CarStatusTable (carAvailability, carType, latitude, longitude, carId) values (?, ?, ?, ?, ?)
2018-08-18 08:12:13.137 DEBUG 13626 --- [    Test worker] org.hibernate.SQL                        : insert into CarStatusTable (carAvailability, carType, latitude, longitude, carId) values (?, ?, ?, ?, ?)
2018-08-18 08:12:13.141 DEBUG 13626 --- [    Test worker] org.hibernate.SQL                        : insert into CarStatusTable (carAvailability, carType, latitude, longitude, carId) values (?, ?, ?, ?, ?)
2018-08-18 08:12:13.142 DEBUG 13626 --- [    Test worker] org.hibernate.SQL                        : insert into CarStatusTable (carAvailability, carType, latitude, longitude, carId) values (?, ?, ?, ?, ?)
2018-08-18 08:12:13.143 DEBUG 13626 --- [    Test worker] org.hibernate.SQL                        : insert into CarStatusTable (carAvailability, carType, latitude, longitude, carId) values (?, ?, ?, ?, ?)
2018-08-18 08:12:13.143 DEBUG 13626 --- [    Test worker] org.hibernate.SQL                        : insert into CarStatusTable (carAvailability, carType, latitude, longitude, carId) values (?, ?, ?, ?, ?)
2018-08-18 08:12:13.151 DEBUG 13626 --- [    Test worker] org.hibernate.SQL                        : insert into CarStatusTable (carAvailability, carType, latitude, longitude, carId) values (?, ?, ?, ?, ?)
2018-08-18 08:12:13.152 DEBUG 13626 --- [    Test worker] org.hibernate.SQL                        : insert into CarStatusTable (carAvailability, carType, latitude, longitude, carId) values (?, ?, ?, ?, ?)
2018-08-18 08:12:13.156 DEBUG 13626 --- [    Test worker] org.hibernate.SQL                        : insert into CarStatusTable (carAvailability, carType, latitude, longitude, carId) values (?, ?, ?, ?, ?)
2018-08-18 08:12:13.157 DEBUG 13626 --- [    Test worker] org.hibernate.SQL                        : insert into CarStatusTable (carAvailability, carType, latitude, longitude, carId) values (?, ?, ?, ?, ?)
2018-08-18 08:12:13.157 DEBUG 13626 --- [    Test worker] org.hibernate.SQL                        : insert into CarStatusTable (carAvailability, carType, latitude, longitude, carId) values (?, ?, ?, ?, ?)
2018-08-18 08:12:13.157 DEBUG 13626 --- [    Test worker] org.hibernate.SQL                        : insert into CarStatusTable (carAvailability, carType, latitude, longitude, carId) values (?, ?, ?, ?, ?)
2018-08-18 08:12:13.158 DEBUG 13626 --- [    Test worker] org.hibernate.SQL                        : insert into CarStatusTable (carAvailability, carType, latitude, longitude, carId) values (?, ?, ?, ?, ?)
2018-08-18 08:12:13.158 DEBUG 13626 --- [    Test worker] org.hibernate.SQL                        : insert into CarStatusTable (carAvailability, carType, latitude, longitude, carId) values (?, ?, ?, ?, ?)
2018-08-18 08:12:13.159 DEBUG 13626 --- [    Test worker] org.hibernate.SQL                        : insert into CarStatusTable (carAvailability, carType, latitude, longitude, carId) values (?, ?, ?, ?, ?)
2018-08-18 08:12:13.159 DEBUG 13626 --- [    Test worker] org.hibernate.SQL                        : insert into CarStatusTable (carAvailability, carType, latitude, longitude, carId) values (?, ?, ?, ?, ?)
2018-08-18 08:12:13.159 DEBUG 13626 --- [    Test worker] org.hibernate.SQL                        : insert into CarStatusTable (carAvailability, carType, latitude, longitude, carId) values (?, ?, ?, ?, ?)
2018-08-18 08:12:13.160 DEBUG 13626 --- [    Test worker] org.hibernate.SQL                        : insert into CarStatusTable (carAvailability, carType, latitude, longitude, carId) values (?, ?, ?, ?, ?)
2018-08-18 08:12:13.190 DEBUG 13626 --- [    Test worker] org.hibernate.SQL                        : insert into CarStatusTable (carAvailability, carType, latitude, longitude, carId) values (?, ?, ?, ?, ?)
2018-08-18 08:12:13.197 DEBUG 13626 --- [    Test worker] org.hibernate.SQL                        : insert into CarStatusTable (carAvailability, carType, latitude, longitude, carId) values (?, ?, ?, ?, ?)
2018-08-18 08:12:13.198 DEBUG 13626 --- [    Test worker] org.hibernate.SQL                        : insert into CarStatusTable (carAvailability, carType, latitude, longitude, carId) values (?, ?, ?, ?, ?)
2018-08-18 08:12:13.198 DEBUG 13626 --- [    Test worker] org.hibernate.SQL                        : insert into CarStatusTable (carAvailability, carType, latitude, longitude, carId) values (?, ?, ?, ?, ?)
2018-08-18 08:12:13.199 DEBUG 13626 --- [    Test worker] org.hibernate.SQL                        : insert into CarStatusTable (carAvailability, carType, latitude, longitude, carId) values (?, ?, ?, ?, ?)
2018-08-18 08:12:13.199 DEBUG 13626 --- [    Test worker] org.hibernate.SQL                        : insert into CarStatusTable (carAvailability, carType, latitude, longitude, carId) values (?, ?, ?, ?, ?)
2018-08-18 08:12:13.200 DEBUG 13626 --- [    Test worker] org.hibernate.SQL                        : insert into CarStatusTable (carAvailability, carType, latitude, longitude, carId) values (?, ?, ?, ?, ?)
2018-08-18 08:12:13.200 DEBUG 13626 --- [    Test worker] org.hibernate.SQL                        : insert into CarStatusTable (carAvailability, carType, latitude, longitude, carId) values (?, ?, ?, ?, ?)
2018-08-18 08:12:13.200 DEBUG 13626 --- [    Test worker] org.hibernate.SQL                        : insert into CarStatusTable (carAvailability, carType, latitude, longitude, carId) values (?, ?, ?, ?, ?)
2018-08-18 08:12:13.201 DEBUG 13626 --- [    Test worker] org.hibernate.SQL                        : insert into CarStatusTable (carAvailability, carType, latitude, longitude, carId) values (?, ?, ?, ?, ?)
2018-08-18 08:12:13.201 DEBUG 13626 --- [    Test worker] org.hibernate.SQL                        : insert into CarStatusTable (carAvailability, carType, latitude, longitude, carId) values (?, ?, ?, ?, ?)
2018-08-18 08:12:13.207 DEBUG 13626 --- [    Test worker] org.hibernate.SQL                        : insert into CarStatusTable (carAvailability, carType, latitude, longitude, carId) values (?, ?, ?, ?, ?)
2018-08-18 08:12:13.208 DEBUG 13626 --- [    Test worker] org.hibernate.SQL                        : insert into CarStatusTable (carAvailability, carType, latitude, longitude, carId) values (?, ?, ?, ?, ?)
2018-08-18 08:12:13.209 DEBUG 13626 --- [    Test worker] org.hibernate.SQL                        : insert into CarStatusTable (carAvailability, carType, latitude, longitude, carId) values (?, ?, ?, ?, ?)
2018-08-18 08:12:13.209 DEBUG 13626 --- [    Test worker] org.hibernate.SQL                        : insert into CarStatusTable (carAvailability, carType, latitude, longitude, carId) values (?, ?, ?, ?, ?)
2018-08-18 08:12:13.210 DEBUG 13626 --- [    Test worker] org.hibernate.SQL                        : insert into CarStatusTable (carAvailability, carType, latitude, longitude, carId) values (?, ?, ?, ?, ?)
2018-08-18 08:12:13.210 DEBUG 13626 --- [    Test worker] org.hibernate.SQL                        : insert into CarStatusTable (carAvailability, carType, latitude, longitude, carId) values (?, ?, ?, ?, ?)
2018-08-18 08:12:13.210 DEBUG 13626 --- [    Test worker] org.hibernate.SQL                        : insert into CarStatusTable (carAvailability, carType, latitude, longitude, carId) values (?, ?, ?, ?, ?)
2018-08-18 08:12:13.211 DEBUG 13626 --- [    Test worker] org.hibernate.SQL                        : insert into CarStatusTable (carAvailability, carType, latitude, longitude, carId) values (?, ?, ?, ?, ?)
2018-08-18 08:12:13.211 DEBUG 13626 --- [    Test worker] org.hibernate.SQL                        : insert into CarStatusTable (carAvailability, carType, latitude, longitude, carId) values (?, ?, ?, ?, ?)
2018-08-18 08:12:13.217 DEBUG 13626 --- [    Test worker] org.hibernate.SQL                        : insert into CarStatusTable (carAvailability, carType, latitude, longitude, carId) values (?, ?, ?, ?, ?)
2018-08-18 08:12:13.218 DEBUG 13626 --- [    Test worker] org.hibernate.SQL                        : insert into CarStatusTable (carAvailability, carType, latitude, longitude, carId) values (?, ?, ?, ?, ?)
2018-08-18 08:12:13.218 DEBUG 13626 --- [    Test worker] org.hibernate.SQL                        : insert into CarStatusTable (carAvailability, carType, latitude, longitude, carId) values (?, ?, ?, ?, ?)
2018-08-18 08:12:13.219 DEBUG 13626 --- [    Test worker] org.hibernate.SQL                        : insert into CarStatusTable (carAvailability, carType, latitude, longitude, carId) values (?, ?, ?, ?, ?)
2018-08-18 08:12:13.219 DEBUG 13626 --- [    Test worker] org.hibernate.SQL                        : insert into CarStatusTable (carAvailability, carType, latitude, longitude, carId) values (?, ?, ?, ?, ?)
2018-08-18 08:12:13.219 DEBUG 13626 --- [    Test worker] org.hibernate.SQL                        : insert into CarStatusTable (carAvailability, carType, latitude, longitude, carId) values (?, ?, ?, ?, ?)
2018-08-18 08:12:13.220 DEBUG 13626 --- [    Test worker] org.hibernate.SQL                        : insert into CarStatusTable (carAvailability, carType, latitude, longitude, carId) values (?, ?, ?, ?, ?)
2018-08-18 08:12:13.220 DEBUG 13626 --- [    Test worker] org.hibernate.SQL                        : insert into CarStatusTable (carAvailability, carType, latitude, longitude, carId) values (?, ?, ?, ?, ?)
2018-08-18 08:12:13.221 DEBUG 13626 --- [    Test worker] org.hibernate.SQL                        : insert into CarStatusTable (carAvailability, carType, latitude, longitude, carId) values (?, ?, ?, ?, ?)
2018-08-18 08:12:13.221 DEBUG 13626 --- [    Test worker] org.hibernate.SQL                        : insert into CarStatusTable (carAvailability, carType, latitude, longitude, carId) values (?, ?, ?, ?, ?)
2018-08-18 08:12:13.221 DEBUG 13626 --- [    Test worker] org.hibernate.SQL                        : insert into CarStatusTable (carAvailability, carType, latitude, longitude, carId) values (?, ?, ?, ?, ?)
2018-08-18 08:12:13.222 DEBUG 13626 --- [    Test worker] org.hibernate.SQL                        : insert into CarStatusTable (carAvailability, carType, latitude, longitude, carId) values (?, ?, ?, ?, ?)
2018-08-18 08:12:13.228 DEBUG 13626 --- [    Test worker] org.hibernate.SQL                        : insert into CarStatusTable (carAvailability, carType, latitude, longitude, carId) values (?, ?, ?, ?, ?)
2018-08-18 08:12:13.228 DEBUG 13626 --- [    Test worker] org.hibernate.SQL                        : insert into CarStatusTable (carAvailability, carType, latitude, longitude, carId) values (?, ?, ?, ?, ?)
2018-08-18 08:12:13.229 DEBUG 13626 --- [    Test worker] org.hibernate.SQL                        : insert into CarStatusTable (carAvailability, carType, latitude, longitude, carId) values (?, ?, ?, ?, ?)
2018-08-18 08:12:13.231 DEBUG 13626 --- [    Test worker] org.hibernate.SQL                        : insert into CarStatusTable (carAvailability, carType, latitude, longitude, carId) values (?, ?, ?, ?, ?)
2018-08-18 08:12:13.231 DEBUG 13626 --- [    Test worker] org.hibernate.SQL                        : insert into CarStatusTable (carAvailability, carType, latitude, longitude, carId) values (?, ?, ?, ?, ?)
2018-08-18 08:12:13.231 DEBUG 13626 --- [    Test worker] org.hibernate.SQL                        : insert into CarStatusTable (carAvailability, carType, latitude, longitude, carId) values (?, ?, ?, ?, ?)
2018-08-18 08:12:13.232 DEBUG 13626 --- [    Test worker] org.hibernate.SQL                        : insert into CarStatusTable (carAvailability, carType, latitude, longitude, carId) values (?, ?, ?, ?, ?)
2018-08-18 08:12:13.233 DEBUG 13626 --- [    Test worker] org.hibernate.SQL                        : insert into CarStatusTable (carAvailability, carType, latitude, longitude, carId) values (?, ?, ?, ?, ?)
2018-08-18 08:12:13.234 DEBUG 13626 --- [    Test worker] org.hibernate.SQL                        : insert into CarStatusTable (carAvailability, carType, latitude, longitude, carId) values (?, ?, ?, ?, ?)
2018-08-18 08:12:13.234 DEBUG 13626 --- [    Test worker] org.hibernate.SQL                        : insert into CarStatusTable (carAvailability, carType, latitude, longitude, carId) values (?, ?, ?, ?, ?)
2018-08-18 08:12:13.234 DEBUG 13626 --- [    Test worker] org.hibernate.SQL                        : insert into CarStatusTable (carAvailability, carType, latitude, longitude, carId) values (?, ?, ?, ?, ?)
2018-08-18 08:12:13.235 DEBUG 13626 --- [    Test worker] org.hibernate.SQL                        : insert into CarStatusTable (carAvailability, carType, latitude, longitude, carId) values (?, ?, ?, ?, ?)
2018-08-18 08:12:13.235 DEBUG 13626 --- [    Test worker] org.hibernate.SQL                        : insert into CarStatusTable (carAvailability, carType, latitude, longitude, carId) values (?, ?, ?, ?, ?)
2018-08-18 08:12:13.236 DEBUG 13626 --- [    Test worker] org.hibernate.SQL                        : insert into CarStatusTable (carAvailability, carType, latitude, longitude, carId) values (?, ?, ?, ?, ?)
2018-08-18 08:12:13.236 DEBUG 13626 --- [    Test worker] org.hibernate.SQL                        : insert into CarStatusTable (carAvailability, carType, latitude, longitude, carId) values (?, ?, ?, ?, ?)
2018-08-18 08:12:13.236 DEBUG 13626 --- [    Test worker] org.hibernate.SQL                        : insert into CarStatusTable (carAvailability, carType, latitude, longitude, carId) values (?, ?, ?, ?, ?)
2018-08-18 08:12:13.237 DEBUG 13626 --- [    Test worker] org.hibernate.SQL                        : insert into CarStatusTable (carAvailability, carType, latitude, longitude, carId) values (?, ?, ?, ?, ?)
2018-08-18 08:12:13.242 DEBUG 13626 --- [    Test worker] org.hibernate.SQL                        : insert into CarStatusTable (carAvailability, carType, latitude, longitude, carId) values (?, ?, ?, ?, ?)
2018-08-18 08:12:13.247 DEBUG 13626 --- [    Test worker] org.hibernate.SQL                        : insert into CarStatusTable (carAvailability, carType, latitude, longitude, carId) values (?, ?, ?, ?, ?)
2018-08-18 08:12:13.248 DEBUG 13626 --- [    Test worker] org.hibernate.SQL                        : insert into CarStatusTable (carAvailability, carType, latitude, longitude, carId) values (?, ?, ?, ?, ?)
2018-08-18 08:12:13.249 DEBUG 13626 --- [    Test worker] org.hibernate.SQL                        : insert into CarStatusTable (carAvailability, carType, latitude, longitude, carId) values (?, ?, ?, ?, ?)
2018-08-18 08:12:13.253 DEBUG 13626 --- [    Test worker] org.hibernate.SQL                        : insert into CarStatusTable (carAvailability, carType, latitude, longitude, carId) values (?, ?, ?, ?, ?)
2018-08-18 08:12:13.254 DEBUG 13626 --- [    Test worker] org.hibernate.SQL                        : insert into CarStatusTable (carAvailability, carType, latitude, longitude, carId) values (?, ?, ?, ?, ?)
2018-08-18 08:12:13.254 DEBUG 13626 --- [    Test worker] org.hibernate.SQL                        : insert into CarStatusTable (carAvailability, carType, latitude, longitude, carId) values (?, ?, ?, ?, ?)
2018-08-18 08:12:13.255 DEBUG 13626 --- [    Test worker] org.hibernate.SQL                        : insert into CarStatusTable (carAvailability, carType, latitude, longitude, carId) values (?, ?, ?, ?, ?)
2018-08-18 08:12:13.255 DEBUG 13626 --- [    Test worker] org.hibernate.SQL                        : insert into CarStatusTable (carAvailability, carType, latitude, longitude, carId) values (?, ?, ?, ?, ?)
2018-08-18 08:12:13.255 DEBUG 13626 --- [    Test worker] org.hibernate.SQL                        : insert into CarStatusTable (carAvailability, carType, latitude, longitude, carId) values (?, ?, ?, ?, ?)
2018-08-18 08:12:13.256 DEBUG 13626 --- [    Test worker] org.hibernate.SQL                        : insert into CarStatusTable (carAvailability, carType, latitude, longitude, carId) values (?, ?, ?, ?, ?)
2018-08-18 08:12:13.256 DEBUG 13626 --- [    Test worker] org.hibernate.SQL                        : insert into CarStatusTable (carAvailability, carType, latitude, longitude, carId) values (?, ?, ?, ?, ?)
2018-08-18 08:12:13.258 DEBUG 13626 --- [    Test worker] org.hibernate.SQL                        : insert into CarStatusTable (carAvailability, carType, latitude, longitude, carId) values (?, ?, ?, ?, ?)
2018-08-18 08:12:13.258 DEBUG 13626 --- [    Test worker] org.hibernate.SQL                        : insert into CarStatusTable (carAvailability, carType, latitude, longitude, carId) values (?, ?, ?, ?, ?)
2018-08-18 08:12:13.258 DEBUG 13626 --- [    Test worker] org.hibernate.SQL                        : insert into CarStatusTable (carAvailability, carType, latitude, longitude, carId) values (?, ?, ?, ?, ?)
2018-08-18 08:12:13.259 DEBUG 13626 --- [    Test worker] org.hibernate.SQL                        : insert into CarStatusTable (carAvailability, carType, latitude, longitude, carId) values (?, ?, ?, ?, ?)
2018-08-18 08:12:13.259 DEBUG 13626 --- [    Test worker] org.hibernate.SQL                        : insert into CarStatusTable (carAvailability, carType, latitude, longitude, carId) values (?, ?, ?, ?, ?)
2018-08-18 08:12:13.259 DEBUG 13626 --- [    Test worker] org.hibernate.SQL                        : insert into CarStatusTable (carAvailability, carType, latitude, longitude, carId) values (?, ?, ?, ?, ?)
2018-08-18 08:12:13.260 DEBUG 13626 --- [    Test worker] org.hibernate.SQL                        : insert into CarStatusTable (carAvailability, carType, latitude, longitude, carId) values (?, ?, ?, ?, ?)
2018-08-18 08:12:13.260 DEBUG 13626 --- [    Test worker] org.hibernate.SQL                        : insert into CarStatusTable (carAvailability, carType, latitude, longitude, carId) values (?, ?, ?, ?, ?)
2018-08-18 08:12:13.261 DEBUG 13626 --- [    Test worker] org.hibernate.SQL                        : insert into CarStatusTable (carAvailability, carType, latitude, longitude, carId) values (?, ?, ?, ?, ?)
2018-08-18 08:12:13.261 DEBUG 13626 --- [    Test worker] org.hibernate.SQL                        : insert into CarStatusTable (carAvailability, carType, latitude, longitude, carId) values (?, ?, ?, ?, ?)
2018-08-18 08:12:13.261 DEBUG 13626 --- [    Test worker] org.hibernate.SQL                        : insert into CarStatusTable (carAvailability, carType, latitude, longitude, carId) values (?, ?, ?, ?, ?)
2018-08-18 08:12:13.262 DEBUG 13626 --- [    Test worker] org.hibernate.SQL                        : insert into CarStatusTable (carAvailability, carType, latitude, longitude, carId) values (?, ?, ?, ?, ?)
2018-08-18 08:12:13.269 DEBUG 13626 --- [    Test worker] org.hibernate.SQL                        : insert into CarStatusTable (carAvailability, carType, latitude, longitude, carId) values (?, ?, ?, ?, ?)
2018-08-18 08:12:13.269 DEBUG 13626 --- [    Test worker] org.hibernate.SQL                        : insert into CarStatusTable (carAvailability, carType, latitude, longitude, carId) values (?, ?, ?, ?, ?)
2018-08-18 08:12:13.270 DEBUG 13626 --- [    Test worker] org.hibernate.SQL                        : insert into CarStatusTable (carAvailability, carType, latitude, longitude, carId) values (?, ?, ?, ?, ?)
2018-08-18 08:12:13.270 DEBUG 13626 --- [    Test worker] org.hibernate.SQL                        : insert into CarStatusTable (carAvailability, carType, latitude, longitude, carId) values (?, ?, ?, ?, ?)
2018-08-18 08:12:13.270 DEBUG 13626 --- [    Test worker] org.hibernate.SQL                        : insert into CarStatusTable (carAvailability, carType, latitude, longitude, carId) values (?, ?, ?, ?, ?)
2018-08-18 08:12:13.271 DEBUG 13626 --- [    Test worker] org.hibernate.SQL                        : insert into CarStatusTable (carAvailability, carType, latitude, longitude, carId) values (?, ?, ?, ?, ?)
2018-08-18 08:12:13.271 DEBUG 13626 --- [    Test worker] org.hibernate.SQL                        : insert into CarStatusTable (carAvailability, carType, latitude, longitude, carId) values (?, ?, ?, ?, ?)
2018-08-18 08:12:13.271 DEBUG 13626 --- [    Test worker] org.hibernate.SQL                        : insert into CarStatusTable (carAvailability, carType, latitude, longitude, carId) values (?, ?, ?, ?, ?)
2018-08-18 08:12:13.272 DEBUG 13626 --- [    Test worker] org.hibernate.SQL                        : insert into CarStatusTable (carAvailability, carType, latitude, longitude, carId) values (?, ?, ?, ?, ?)
2018-08-18 08:12:13.272 DEBUG 13626 --- [    Test worker] org.hibernate.SQL                        : insert into CarStatusTable (carAvailability, carType, latitude, longitude, carId) values (?, ?, ?, ?, ?)
2018-08-18 08:12:13.272 DEBUG 13626 --- [    Test worker] org.hibernate.SQL                        : insert into CarStatusTable (carAvailability, carType, latitude, longitude, carId) values (?, ?, ?, ?, ?)
2018-08-18 08:12:13.279 DEBUG 13626 --- [    Test worker] org.hibernate.SQL                        : insert into CarStatusTable (carAvailability, carType, latitude, longitude, carId) values (?, ?, ?, ?, ?)
2018-08-18 08:12:13.280 DEBUG 13626 --- [    Test worker] org.hibernate.SQL                        : insert into CarStatusTable (carAvailability, carType, latitude, longitude, carId) values (?, ?, ?, ?, ?)
2018-08-18 08:12:13.280 DEBUG 13626 --- [    Test worker] org.hibernate.SQL                        : insert into CarStatusTable (carAvailability, carType, latitude, longitude, carId) values (?, ?, ?, ?, ?)
2018-08-18 08:12:13.281 DEBUG 13626 --- [    Test worker] org.hibernate.SQL                        : insert into CarStatusTable (carAvailability, carType, latitude, longitude, carId) values (?, ?, ?, ?, ?)
2018-08-18 08:12:13.281 DEBUG 13626 --- [    Test worker] org.hibernate.SQL                        : insert into CarStatusTable (carAvailability, carType, latitude, longitude, carId) values (?, ?, ?, ?, ?)
2018-08-18 08:12:13.281 DEBUG 13626 --- [    Test worker] org.hibernate.SQL                        : insert into CarStatusTable (carAvailability, carType, latitude, longitude, carId) values (?, ?, ?, ?, ?)
2018-08-18 08:12:13.281 DEBUG 13626 --- [    Test worker] org.hibernate.SQL                        : insert into CarStatusTable (carAvailability, carType, latitude, longitude, carId) values (?, ?, ?, ?, ?)
2018-08-18 08:12:13.282 DEBUG 13626 --- [    Test worker] org.hibernate.SQL                        : insert into CarStatusTable (carAvailability, carType, latitude, longitude, carId) values (?, ?, ?, ?, ?)
2018-08-18 08:12:13.282 DEBUG 13626 --- [    Test worker] org.hibernate.SQL                        : insert into CarStatusTable (carAvailability, carType, latitude, longitude, carId) values (?, ?, ?, ?, ?)
2018-08-18 08:12:13.282 DEBUG 13626 --- [    Test worker] org.hibernate.SQL                        : insert into CarStatusTable (carAvailability, carType, latitude, longitude, carId) values (?, ?, ?, ?, ?)
2018-08-18 08:12:13.283 DEBUG 13626 --- [    Test worker] org.hibernate.SQL                        : insert into CarStatusTable (carAvailability, carType, latitude, longitude, carId) values (?, ?, ?, ?, ?)
2018-08-18 08:12:13.288 DEBUG 13626 --- [    Test worker] org.hibernate.SQL                        : insert into CarStatusTable (carAvailability, carType, latitude, longitude, carId) values (?, ?, ?, ?, ?)
2018-08-18 08:12:13.289 DEBUG 13626 --- [    Test worker] org.hibernate.SQL                        : insert into CarStatusTable (carAvailability, carType, latitude, longitude, carId) values (?, ?, ?, ?, ?)
2018-08-18 08:12:13.290 DEBUG 13626 --- [    Test worker] org.hibernate.SQL                        : insert into CarStatusTable (carAvailability, carType, latitude, longitude, carId) values (?, ?, ?, ?, ?)
2018-08-18 08:12:13.290 DEBUG 13626 --- [    Test worker] org.hibernate.SQL                        : insert into CarStatusTable (carAvailability, carType, latitude, longitude, carId) values (?, ?, ?, ?, ?)
2018-08-18 08:12:13.290 DEBUG 13626 --- [    Test worker] org.hibernate.SQL                        : insert into CarStatusTable (carAvailability, carType, latitude, longitude, carId) values (?, ?, ?, ?, ?)
2018-08-18 08:12:13.291 DEBUG 13626 --- [    Test worker] org.hibernate.SQL                        : insert into CarStatusTable (carAvailability, carType, latitude, longitude, carId) values (?, ?, ?, ?, ?)
2018-08-18 08:12:13.291 DEBUG 13626 --- [    Test worker] org.hibernate.SQL                        : insert into CarStatusTable (carAvailability, carType, latitude, longitude, carId) values (?, ?, ?, ?, ?)
2018-08-18 08:12:13.294 DEBUG 13626 --- [    Test worker] org.hibernate.SQL                        : insert into CarStatusTable (carAvailability, carType, latitude, longitude, carId) values (?, ?, ?, ?, ?)
2018-08-18 08:12:13.294 DEBUG 13626 --- [    Test worker] org.hibernate.SQL                        : insert into CarStatusTable (carAvailability, carType, latitude, longitude, carId) values (?, ?, ?, ?, ?)
2018-08-18 08:12:13.295 DEBUG 13626 --- [    Test worker] org.hibernate.SQL                        : insert into CarStatusTable (carAvailability, carType, latitude, longitude, carId) values (?, ?, ?, ?, ?)
2018-08-18 08:12:13.295 DEBUG 13626 --- [    Test worker] org.hibernate.SQL                        : insert into CarStatusTable (carAvailability, carType, latitude, longitude, carId) values (?, ?, ?, ?, ?)
2018-08-18 08:12:13.296 DEBUG 13626 --- [    Test worker] org.hibernate.SQL                        : insert into CarStatusTable (carAvailability, carType, latitude, longitude, carId) values (?, ?, ?, ?, ?)
2018-08-18 08:12:13.296 DEBUG 13626 --- [    Test worker] org.hibernate.SQL                        : insert into CarStatusTable (carAvailability, carType, latitude, longitude, carId) values (?, ?, ?, ?, ?)
2018-08-18 08:12:13.296 DEBUG 13626 --- [    Test worker] org.hibernate.SQL                        : insert into CarStatusTable (carAvailability, carType, latitude, longitude, carId) values (?, ?, ?, ?, ?)
2018-08-18 08:12:13.297 DEBUG 13626 --- [    Test worker] org.hibernate.SQL                        : insert into CarStatusTable (carAvailability, carType, latitude, longitude, carId) values (?, ?, ?, ?, ?)
2018-08-18 08:12:13.297 DEBUG 13626 --- [    Test worker] org.hibernate.SQL                        : insert into CarStatusTable (carAvailability, carType, latitude, longitude, carId) values (?, ?, ?, ?, ?)
2018-08-18 08:12:13.297 DEBUG 13626 --- [    Test worker] org.hibernate.SQL                        : insert into CarStatusTable (carAvailability, carType, latitude, longitude, carId) values (?, ?, ?, ?, ?)
2018-08-18 08:12:13.298 DEBUG 13626 --- [    Test worker] org.hibernate.SQL                        : insert into CarStatusTable (carAvailability, carType, latitude, longitude, carId) values (?, ?, ?, ?, ?)
2018-08-18 08:12:13.298 DEBUG 13626 --- [    Test worker] org.hibernate.SQL                        : insert into CarStatusTable (carAvailability, carType, latitude, longitude, carId) values (?, ?, ?, ?, ?)
2018-08-18 08:12:13.298 DEBUG 13626 --- [    Test worker] org.hibernate.SQL                        : insert into CarStatusTable (carAvailability, carType, latitude, longitude, carId) values (?, ?, ?, ?, ?)
2018-08-18 08:12:13.305 DEBUG 13626 --- [    Test worker] org.hibernate.SQL                        : insert into CarStatusTable (carAvailability, carType, latitude, longitude, carId) values (?, ?, ?, ?, ?)
2018-08-18 08:12:13.305 DEBUG 13626 --- [    Test worker] org.hibernate.SQL                        : insert into CarStatusTable (carAvailability, carType, latitude, longitude, carId) values (?, ?, ?, ?, ?)
2018-08-18 08:12:13.306 DEBUG 13626 --- [    Test worker] org.hibernate.SQL                        : insert into CarStatusTable (carAvailability, carType, latitude, longitude, carId) values (?, ?, ?, ?, ?)
2018-08-18 08:12:13.306 DEBUG 13626 --- [    Test worker] org.hibernate.SQL                        : insert into CarStatusTable (carAvailability, carType, latitude, longitude, carId) values (?, ?, ?, ?, ?)
2018-08-18 08:12:13.306 DEBUG 13626 --- [    Test worker] org.hibernate.SQL                        : insert into CarStatusTable (carAvailability, carType, latitude, longitude, carId) values (?, ?, ?, ?, ?)
2018-08-18 08:12:13.307 DEBUG 13626 --- [    Test worker] org.hibernate.SQL                        : insert into CarStatusTable (carAvailability, carType, latitude, longitude, carId) values (?, ?, ?, ?, ?)
2018-08-18 08:12:13.307 DEBUG 13626 --- [    Test worker] org.hibernate.SQL                        : insert into CarStatusTable (carAvailability, carType, latitude, longitude, carId) values (?, ?, ?, ?, ?)
2018-08-18 08:12:13.307 DEBUG 13626 --- [    Test worker] org.hibernate.SQL                        : insert into CarStatusTable (carAvailability, carType, latitude, longitude, carId) values (?, ?, ?, ?, ?)
2018-08-18 08:12:13.308 DEBUG 13626 --- [    Test worker] org.hibernate.SQL                        : insert into CarStatusTable (carAvailability, carType, latitude, longitude, carId) values (?, ?, ?, ?, ?)
2018-08-18 08:12:13.308 DEBUG 13626 --- [    Test worker] org.hibernate.SQL                        : insert into CarStatusTable (carAvailability, carType, latitude, longitude, carId) values (?, ?, ?, ?, ?)
2018-08-18 08:12:13.308 DEBUG 13626 --- [    Test worker] org.hibernate.SQL                        : insert into CarStatusTable (carAvailability, carType, latitude, longitude, carId) values (?, ?, ?, ?, ?)
2018-08-18 08:12:13.314 DEBUG 13626 --- [    Test worker] org.hibernate.SQL                        : insert into CarStatusTable (carAvailability, carType, latitude, longitude, carId) values (?, ?, ?, ?, ?)
2018-08-18 08:12:13.315 DEBUG 13626 --- [    Test worker] org.hibernate.SQL                        : insert into CarStatusTable (carAvailability, carType, latitude, longitude, carId) values (?, ?, ?, ?, ?)
2018-08-18 08:12:13.316 DEBUG 13626 --- [    Test worker] org.hibernate.SQL                        : insert into CarStatusTable (carAvailability, carType, latitude, longitude, carId) values (?, ?, ?, ?, ?)
2018-08-18 08:12:13.316 DEBUG 13626 --- [    Test worker] org.hibernate.SQL                        : insert into CarStatusTable (carAvailability, carType, latitude, longitude, carId) values (?, ?, ?, ?, ?)
2018-08-18 08:12:13.316 DEBUG 13626 --- [    Test worker] org.hibernate.SQL                        : insert into CarStatusTable (carAvailability, carType, latitude, longitude, carId) values (?, ?, ?, ?, ?)
2018-08-18 08:12:13.317 DEBUG 13626 --- [    Test worker] org.hibernate.SQL                        : insert into CarStatusTable (carAvailability, carType, latitude, longitude, carId) values (?, ?, ?, ?, ?)
2018-08-18 08:12:13.317 DEBUG 13626 --- [    Test worker] org.hibernate.SQL                        : insert into CarStatusTable (carAvailability, carType, latitude, longitude, carId) values (?, ?, ?, ?, ?)
2018-08-18 08:12:13.317 DEBUG 13626 --- [    Test worker] org.hibernate.SQL                        : insert into CarStatusTable (carAvailability, carType, latitude, longitude, carId) values (?, ?, ?, ?, ?)
2018-08-18 08:12:13.318 DEBUG 13626 --- [    Test worker] org.hibernate.SQL                        : insert into CarStatusTable (carAvailability, carType, latitude, longitude, carId) values (?, ?, ?, ?, ?)
2018-08-18 08:12:13.318 DEBUG 13626 --- [    Test worker] org.hibernate.SQL                        : insert into CarStatusTable (carAvailability, carType, latitude, longitude, carId) values (?, ?, ?, ?, ?)
2018-08-18 08:12:13.318 DEBUG 13626 --- [    Test worker] org.hibernate.SQL                        : insert into CarStatusTable (carAvailability, carType, latitude, longitude, carId) values (?, ?, ?, ?, ?)
2018-08-18 08:12:13.319 DEBUG 13626 --- [    Test worker] org.hibernate.SQL                        : insert into CarStatusTable (carAvailability, carType, latitude, longitude, carId) values (?, ?, ?, ?, ?)
2018-08-18 08:12:13.319 DEBUG 13626 --- [    Test worker] org.hibernate.SQL                        : insert into CarStatusTable (carAvailability, carType, latitude, longitude, carId) values (?, ?, ?, ?, ?)
2018-08-18 08:12:13.320 DEBUG 13626 --- [    Test worker] org.hibernate.SQL                        : insert into CarStatusTable (carAvailability, carType, latitude, longitude, carId) values (?, ?, ?, ?, ?)
2018-08-18 08:12:13.320 DEBUG 13626 --- [    Test worker] org.hibernate.SQL                        : insert into CarStatusTable (carAvailability, carType, latitude, longitude, carId) values (?, ?, ?, ?, ?)
2018-08-18 08:12:13.320 DEBUG 13626 --- [    Test worker] org.hibernate.SQL                        : insert into CarStatusTable (carAvailability, carType, latitude, longitude, carId) values (?, ?, ?, ?, ?)
2018-08-18 08:12:13.321 DEBUG 13626 --- [    Test worker] org.hibernate.SQL                        : insert into CarStatusTable (carAvailability, carType, latitude, longitude, carId) values (?, ?, ?, ?, ?)
2018-08-18 08:12:13.321 DEBUG 13626 --- [    Test worker] org.hibernate.SQL                        : insert into CarStatusTable (carAvailability, carType, latitude, longitude, carId) values (?, ?, ?, ?, ?)
2018-08-18 08:12:13.321 DEBUG 13626 --- [    Test worker] org.hibernate.SQL                        : insert into CarStatusTable (carAvailability, carType, latitude, longitude, carId) values (?, ?, ?, ?, ?)
2018-08-18 08:12:13.322 DEBUG 13626 --- [    Test worker] org.hibernate.SQL                        : insert into CarStatusTable (carAvailability, carType, latitude, longitude, carId) values (?, ?, ?, ?, ?)
2018-08-18 08:12:13.322 DEBUG 13626 --- [    Test worker] org.hibernate.SQL                        : insert into CarStatusTable (carAvailability, carType, latitude, longitude, carId) values (?, ?, ?, ?, ?)
2018-08-18 08:12:13.322 DEBUG 13626 --- [    Test worker] org.hibernate.SQL                        : insert into CarStatusTable (carAvailability, carType, latitude, longitude, carId) values (?, ?, ?, ?, ?)
2018-08-18 08:12:13.323 DEBUG 13626 --- [    Test worker] org.hibernate.SQL                        : insert into CarStatusTable (carAvailability, carType, latitude, longitude, carId) values (?, ?, ?, ?, ?)
2018-08-18 08:12:13.323 DEBUG 13626 --- [    Test worker] org.hibernate.SQL                        : insert into CarStatusTable (carAvailability, carType, latitude, longitude, carId) values (?, ?, ?, ?, ?)
2018-08-18 08:12:13.323 DEBUG 13626 --- [    Test worker] org.hibernate.SQL                        : insert into CarStatusTable (carAvailability, carType, latitude, longitude, carId) values (?, ?, ?, ?, ?)
2018-08-18 08:12:13.324 DEBUG 13626 --- [    Test worker] org.hibernate.SQL                        : insert into CarStatusTable (carAvailability, carType, latitude, longitude, carId) values (?, ?, ?, ?, ?)
2018-08-18 08:12:13.324 DEBUG 13626 --- [    Test worker] org.hibernate.SQL                        : insert into CarStatusTable (carAvailability, carType, latitude, longitude, carId) values (?, ?, ?, ?, ?)
2018-08-18 08:12:13.325 DEBUG 13626 --- [    Test worker] org.hibernate.SQL                        : insert into CarStatusTable (carAvailability, carType, latitude, longitude, carId) values (?, ?, ?, ?, ?)
2018-08-18 08:12:13.325 DEBUG 13626 --- [    Test worker] org.hibernate.SQL                        : insert into CarStatusTable (carAvailability, carType, latitude, longitude, carId) values (?, ?, ?, ?, ?)
2018-08-18 08:12:13.325 DEBUG 13626 --- [    Test worker] org.hibernate.SQL                        : insert into CarStatusTable (carAvailability, carType, latitude, longitude, carId) values (?, ?, ?, ?, ?)
2018-08-18 08:12:13.326 DEBUG 13626 --- [    Test worker] org.hibernate.SQL                        : insert into CarStatusTable (carAvailability, carType, latitude, longitude, carId) values (?, ?, ?, ?, ?)
2018-08-18 08:12:13.326 DEBUG 13626 --- [    Test worker] org.hibernate.SQL                        : insert into CarStatusTable (carAvailability, carType, latitude, longitude, carId) values (?, ?, ?, ?, ?)
2018-08-18 08:12:13.326 DEBUG 13626 --- [    Test worker] org.hibernate.SQL                        : insert into CarStatusTable (carAvailability, carType, latitude, longitude, carId) values (?, ?, ?, ?, ?)
2018-08-18 08:12:13.327 DEBUG 13626 --- [    Test worker] org.hibernate.SQL                        : insert into CarStatusTable (carAvailability, carType, latitude, longitude, carId) values (?, ?, ?, ?, ?)
2018-08-18 08:12:13.327 DEBUG 13626 --- [    Test worker] org.hibernate.SQL                        : insert into CarStatusTable (carAvailability, carType, latitude, longitude, carId) values (?, ?, ?, ?, ?)
2018-08-18 08:12:13.328 DEBUG 13626 --- [    Test worker] org.hibernate.SQL                        : insert into CarStatusTable (carAvailability, carType, latitude, longitude, carId) values (?, ?, ?, ?, ?)
2018-08-18 08:12:13.328 DEBUG 13626 --- [    Test worker] org.hibernate.SQL                        : insert into CarStatusTable (carAvailability, carType, latitude, longitude, carId) values (?, ?, ?, ?, ?)
2018-08-18 08:12:13.328 DEBUG 13626 --- [    Test worker] org.hibernate.SQL                        : insert into CarStatusTable (carAvailability, carType, latitude, longitude, carId) values (?, ?, ?, ?, ?)
2018-08-18 08:12:13.329 DEBUG 13626 --- [    Test worker] org.hibernate.SQL                        : insert into CarStatusTable (carAvailability, carType, latitude, longitude, carId) values (?, ?, ?, ?, ?)
2018-08-18 08:12:13.329 DEBUG 13626 --- [    Test worker] org.hibernate.SQL                        : insert into CarStatusTable (carAvailability, carType, latitude, longitude, carId) values (?, ?, ?, ?, ?)
2018-08-18 08:12:13.329 DEBUG 13626 --- [    Test worker] org.hibernate.SQL                        : insert into CarStatusTable (carAvailability, carType, latitude, longitude, carId) values (?, ?, ?, ?, ?)
2018-08-18 08:12:13.330 DEBUG 13626 --- [    Test worker] org.hibernate.SQL                        : insert into CarStatusTable (carAvailability, carType, latitude, longitude, carId) values (?, ?, ?, ?, ?)
2018-08-18 08:12:13.330 DEBUG 13626 --- [    Test worker] org.hibernate.SQL                        : insert into CarStatusTable (carAvailability, carType, latitude, longitude, carId) values (?, ?, ?, ?, ?)
2018-08-18 08:12:13.331 DEBUG 13626 --- [    Test worker] org.hibernate.SQL                        : insert into CarStatusTable (carAvailability, carType, latitude, longitude, carId) values (?, ?, ?, ?, ?)
2018-08-18 08:12:13.331 DEBUG 13626 --- [    Test worker] org.hibernate.SQL                        : insert into CarStatusTable (carAvailability, carType, latitude, longitude, carId) values (?, ?, ?, ?, ?)
2018-08-18 08:12:13.331 DEBUG 13626 --- [    Test worker] org.hibernate.SQL                        : insert into CarStatusTable (carAvailability, carType, latitude, longitude, carId) values (?, ?, ?, ?, ?)
2018-08-18 08:12:13.332 DEBUG 13626 --- [    Test worker] org.hibernate.SQL                        : insert into CarStatusTable (carAvailability, carType, latitude, longitude, carId) values (?, ?, ?, ?, ?)
2018-08-18 08:12:13.332 DEBUG 13626 --- [    Test worker] org.hibernate.SQL                        : insert into CarStatusTable (carAvailability, carType, latitude, longitude, carId) values (?, ?, ?, ?, ?)
2018-08-18 08:12:13.332 DEBUG 13626 --- [    Test worker] org.hibernate.SQL                        : insert into CarStatusTable (carAvailability, carType, latitude, longitude, carId) values (?, ?, ?, ?, ?)
2018-08-18 08:12:13.333 DEBUG 13626 --- [    Test worker] org.hibernate.SQL                        : insert into CarStatusTable (carAvailability, carType, latitude, longitude, carId) values (?, ?, ?, ?, ?)
2018-08-18 08:12:13.333 DEBUG 13626 --- [    Test worker] org.hibernate.SQL                        : insert into CarStatusTable (carAvailability, carType, latitude, longitude, carId) values (?, ?, ?, ?, ?)
2018-08-18 08:12:13.333 DEBUG 13626 --- [    Test worker] org.hibernate.SQL                        : insert into CarStatusTable (carAvailability, carType, latitude, longitude, carId) values (?, ?, ?, ?, ?)
2018-08-18 08:12:13.334 DEBUG 13626 --- [    Test worker] org.hibernate.SQL                        : insert into CarStatusTable (carAvailability, carType, latitude, longitude, carId) values (?, ?, ?, ?, ?)
2018-08-18 08:12:13.334 DEBUG 13626 --- [    Test worker] org.hibernate.SQL                        : insert into CarStatusTable (carAvailability, carType, latitude, longitude, carId) values (?, ?, ?, ?, ?)
2018-08-18 08:12:13.335 DEBUG 13626 --- [    Test worker] org.hibernate.SQL                        : insert into CarStatusTable (carAvailability, carType, latitude, longitude, carId) values (?, ?, ?, ?, ?)
2018-08-18 08:12:13.335 DEBUG 13626 --- [    Test worker] org.hibernate.SQL                        : insert into CarStatusTable (carAvailability, carType, latitude, longitude, carId) values (?, ?, ?, ?, ?)
2018-08-18 08:12:13.335 DEBUG 13626 --- [    Test worker] org.hibernate.SQL                        : insert into CarStatusTable (carAvailability, carType, latitude, longitude, carId) values (?, ?, ?, ?, ?)
2018-08-18 08:12:13.336 DEBUG 13626 --- [    Test worker] org.hibernate.SQL                        : insert into CarStatusTable (carAvailability, carType, latitude, longitude, carId) values (?, ?, ?, ?, ?)
2018-08-18 08:12:13.336 DEBUG 13626 --- [    Test worker] org.hibernate.SQL                        : insert into CarStatusTable (carAvailability, carType, latitude, longitude, carId) values (?, ?, ?, ?, ?)
2018-08-18 08:12:13.336 DEBUG 13626 --- [    Test worker] org.hibernate.SQL                        : insert into CarStatusTable (carAvailability, carType, latitude, longitude, carId) values (?, ?, ?, ?, ?)
2018-08-18 08:12:13.337 DEBUG 13626 --- [    Test worker] org.hibernate.SQL                        : insert into CarStatusTable (carAvailability, carType, latitude, longitude, carId) values (?, ?, ?, ?, ?)
2018-08-18 08:12:13.337 DEBUG 13626 --- [    Test worker] org.hibernate.SQL                        : insert into CarStatusTable (carAvailability, carType, latitude, longitude, carId) values (?, ?, ?, ?, ?)
2018-08-18 08:12:13.337 DEBUG 13626 --- [    Test worker] org.hibernate.SQL                        : insert into CarStatusTable (carAvailability, carType, latitude, longitude, carId) values (?, ?, ?, ?, ?)
2018-08-18 08:12:13.338 DEBUG 13626 --- [    Test worker] org.hibernate.SQL                        : insert into CarStatusTable (carAvailability, carType, latitude, longitude, carId) values (?, ?, ?, ?, ?)
2018-08-18 08:12:13.338 DEBUG 13626 --- [    Test worker] org.hibernate.SQL                        : insert into CarStatusTable (carAvailability, carType, latitude, longitude, carId) values (?, ?, ?, ?, ?)
2018-08-18 08:12:13.339 DEBUG 13626 --- [    Test worker] org.hibernate.SQL                        : insert into CarStatusTable (carAvailability, carType, latitude, longitude, carId) values (?, ?, ?, ?, ?)
2018-08-18 08:12:13.339 DEBUG 13626 --- [    Test worker] org.hibernate.SQL                        : insert into CarStatusTable (carAvailability, carType, latitude, longitude, carId) values (?, ?, ?, ?, ?)
2018-08-18 08:12:13.339 DEBUG 13626 --- [    Test worker] org.hibernate.SQL                        : insert into CarStatusTable (carAvailability, carType, latitude, longitude, carId) values (?, ?, ?, ?, ?)
2018-08-18 08:12:13.340 DEBUG 13626 --- [    Test worker] org.hibernate.SQL                        : insert into CarStatusTable (carAvailability, carType, latitude, longitude, carId) values (?, ?, ?, ?, ?)
2018-08-18 08:12:13.340 DEBUG 13626 --- [    Test worker] org.hibernate.SQL                        : insert into CarStatusTable (carAvailability, carType, latitude, longitude, carId) values (?, ?, ?, ?, ?)
2018-08-18 08:12:13.340 DEBUG 13626 --- [    Test worker] org.hibernate.SQL                        : insert into CarStatusTable (carAvailability, carType, latitude, longitude, carId) values (?, ?, ?, ?, ?)
2018-08-18 08:12:13.341 DEBUG 13626 --- [    Test worker] org.hibernate.SQL                        : insert into CarStatusTable (carAvailability, carType, latitude, longitude, carId) values (?, ?, ?, ?, ?)
2018-08-18 08:12:13.341 DEBUG 13626 --- [    Test worker] org.hibernate.SQL                        : insert into CarStatusTable (carAvailability, carType, latitude, longitude, carId) values (?, ?, ?, ?, ?)
2018-08-18 08:12:13.342 DEBUG 13626 --- [    Test worker] org.hibernate.SQL                        : insert into CarStatusTable (carAvailability, carType, latitude, longitude, carId) values (?, ?, ?, ?, ?)
2018-08-18 08:12:13.342 DEBUG 13626 --- [    Test worker] org.hibernate.SQL                        : insert into CarStatusTable (carAvailability, carType, latitude, longitude, carId) values (?, ?, ?, ?, ?)
2018-08-18 08:12:13.343 DEBUG 13626 --- [    Test worker] org.hibernate.SQL                        : insert into CarStatusTable (carAvailability, carType, latitude, longitude, carId) values (?, ?, ?, ?, ?)
2018-08-18 08:12:13.343 DEBUG 13626 --- [    Test worker] org.hibernate.SQL                        : insert into CarStatusTable (carAvailability, carType, latitude, longitude, carId) values (?, ?, ?, ?, ?)
2018-08-18 08:12:13.343 DEBUG 13626 --- [    Test worker] org.hibernate.SQL                        : insert into CarStatusTable (carAvailability, carType, latitude, longitude, carId) values (?, ?, ?, ?, ?)
2018-08-18 08:12:13.344 DEBUG 13626 --- [    Test worker] org.hibernate.SQL                        : insert into CarStatusTable (carAvailability, carType, latitude, longitude, carId) values (?, ?, ?, ?, ?)
2018-08-18 08:12:13.344 DEBUG 13626 --- [    Test worker] org.hibernate.SQL                        : insert into CarStatusTable (carAvailability, carType, latitude, longitude, carId) values (?, ?, ?, ?, ?)
2018-08-18 08:12:13.345 DEBUG 13626 --- [    Test worker] org.hibernate.SQL                        : insert into CarStatusTable (carAvailability, carType, latitude, longitude, carId) values (?, ?, ?, ?, ?)
2018-08-18 08:12:13.345 DEBUG 13626 --- [    Test worker] org.hibernate.SQL                        : insert into CarStatusTable (carAvailability, carType, latitude, longitude, carId) values (?, ?, ?, ?, ?)
2018-08-18 08:12:13.345 DEBUG 13626 --- [    Test worker] org.hibernate.SQL                        : insert into CarStatusTable (carAvailability, carType, latitude, longitude, carId) values (?, ?, ?, ?, ?)
2018-08-18 08:12:13.346 DEBUG 13626 --- [    Test worker] org.hibernate.SQL                        : insert into CarStatusTable (carAvailability, carType, latitude, longitude, carId) values (?, ?, ?, ?, ?)
2018-08-18 08:12:13.346 DEBUG 13626 --- [    Test worker] org.hibernate.SQL                        : insert into CarStatusTable (carAvailability, carType, latitude, longitude, carId) values (?, ?, ?, ?, ?)
2018-08-18 08:12:13.346 DEBUG 13626 --- [    Test worker] org.hibernate.SQL                        : insert into CarStatusTable (carAvailability, carType, latitude, longitude, carId) values (?, ?, ?, ?, ?)
2018-08-18 08:12:13.347 DEBUG 13626 --- [    Test worker] org.hibernate.SQL                        : insert into CarStatusTable (carAvailability, carType, latitude, longitude, carId) values (?, ?, ?, ?, ?)
2018-08-18 08:12:13.347 DEBUG 13626 --- [    Test worker] org.hibernate.SQL                        : insert into CarStatusTable (carAvailability, carType, latitude, longitude, carId) values (?, ?, ?, ?, ?)
2018-08-18 08:12:13.347 DEBUG 13626 --- [    Test worker] org.hibernate.SQL                        : insert into CarStatusTable (carAvailability, carType, latitude, longitude, carId) values (?, ?, ?, ?, ?)
2018-08-18 08:12:13.348 DEBUG 13626 --- [    Test worker] org.hibernate.SQL                        : insert into CarStatusTable (carAvailability, carType, latitude, longitude, carId) values (?, ?, ?, ?, ?)
2018-08-18 08:12:13.348 DEBUG 13626 --- [    Test worker] org.hibernate.SQL                        : insert into CarStatusTable (carAvailability, carType, latitude, longitude, carId) values (?, ?, ?, ?, ?)
2018-08-18 08:12:13.349 DEBUG 13626 --- [    Test worker] org.hibernate.SQL                        : insert into CarStatusTable (carAvailability, carType, latitude, longitude, carId) values (?, ?, ?, ?, ?)
2018-08-18 08:12:13.349 DEBUG 13626 --- [    Test worker] org.hibernate.SQL                        : insert into CarStatusTable (carAvailability, carType, latitude, longitude, carId) values (?, ?, ?, ?, ?)
2018-08-18 08:12:13.349 DEBUG 13626 --- [    Test worker] org.hibernate.SQL                        : insert into CarStatusTable (carAvailability, carType, latitude, longitude, carId) values (?, ?, ?, ?, ?)
2018-08-18 08:12:13.350 DEBUG 13626 --- [    Test worker] org.hibernate.SQL                        : insert into CarStatusTable (carAvailability, carType, latitude, longitude, carId) values (?, ?, ?, ?, ?)
2018-08-18 08:12:13.350 DEBUG 13626 --- [    Test worker] org.hibernate.SQL                        : insert into CarStatusTable (carAvailability, carType, latitude, longitude, carId) values (?, ?, ?, ?, ?)
2018-08-18 08:12:13.351 DEBUG 13626 --- [    Test worker] org.hibernate.SQL                        : insert into CarStatusTable (carAvailability, carType, latitude, longitude, carId) values (?, ?, ?, ?, ?)
2018-08-18 08:12:13.351 DEBUG 13626 --- [    Test worker] org.hibernate.SQL                        : insert into CarStatusTable (carAvailability, carType, latitude, longitude, carId) values (?, ?, ?, ?, ?)
2018-08-18 08:12:13.351 DEBUG 13626 --- [    Test worker] org.hibernate.SQL                        : insert into CarStatusTable (carAvailability, carType, latitude, longitude, carId) values (?, ?, ?, ?, ?)
2018-08-18 08:12:13.352 DEBUG 13626 --- [    Test worker] org.hibernate.SQL                        : insert into CarStatusTable (carAvailability, carType, latitude, longitude, carId) values (?, ?, ?, ?, ?)
2018-08-18 08:12:13.352 DEBUG 13626 --- [    Test worker] org.hibernate.SQL                        : insert into CarStatusTable (carAvailability, carType, latitude, longitude, carId) values (?, ?, ?, ?, ?)
2018-08-18 08:12:13.352 DEBUG 13626 --- [    Test worker] org.hibernate.SQL                        : insert into CarStatusTable (carAvailability, carType, latitude, longitude, carId) values (?, ?, ?, ?, ?)
2018-08-18 08:12:13.353 DEBUG 13626 --- [    Test worker] org.hibernate.SQL                        : insert into CarStatusTable (carAvailability, carType, latitude, longitude, carId) values (?, ?, ?, ?, ?)
2018-08-18 08:12:13.353 DEBUG 13626 --- [    Test worker] org.hibernate.SQL                        : insert into CarStatusTable (carAvailability, carType, latitude, longitude, carId) values (?, ?, ?, ?, ?)
2018-08-18 08:12:13.354 DEBUG 13626 --- [    Test worker] org.hibernate.SQL                        : insert into CarStatusTable (carAvailability, carType, latitude, longitude, carId) values (?, ?, ?, ?, ?)
2018-08-18 08:12:13.354 DEBUG 13626 --- [    Test worker] org.hibernate.SQL                        : insert into CarStatusTable (carAvailability, carType, latitude, longitude, carId) values (?, ?, ?, ?, ?)
2018-08-18 08:12:13.354 DEBUG 13626 --- [    Test worker] org.hibernate.SQL                        : insert into CarStatusTable (carAvailability, carType, latitude, longitude, carId) values (?, ?, ?, ?, ?)
2018-08-18 08:12:13.355 DEBUG 13626 --- [    Test worker] org.hibernate.SQL                        : insert into CarStatusTable (carAvailability, carType, latitude, longitude, carId) values (?, ?, ?, ?, ?)
2018-08-18 08:12:13.355 DEBUG 13626 --- [    Test worker] org.hibernate.SQL                        : insert into CarStatusTable (carAvailability, carType, latitude, longitude, carId) values (?, ?, ?, ?, ?)
2018-08-18 08:12:13.356 DEBUG 13626 --- [    Test worker] org.hibernate.SQL                        : insert into CarStatusTable (carAvailability, carType, latitude, longitude, carId) values (?, ?, ?, ?, ?)
2018-08-18 08:12:13.356 DEBUG 13626 --- [    Test worker] org.hibernate.SQL                        : insert into CarStatusTable (carAvailability, carType, latitude, longitude, carId) values (?, ?, ?, ?, ?)
2018-08-18 08:12:13.356 DEBUG 13626 --- [    Test worker] org.hibernate.SQL                        : insert into CarStatusTable (carAvailability, carType, latitude, longitude, carId) values (?, ?, ?, ?, ?)
2018-08-18 08:12:13.357 DEBUG 13626 --- [    Test worker] org.hibernate.SQL                        : insert into CarStatusTable (carAvailability, carType, latitude, longitude, carId) values (?, ?, ?, ?, ?)
2018-08-18 08:12:13.357 DEBUG 13626 --- [    Test worker] org.hibernate.SQL                        : insert into CarStatusTable (carAvailability, carType, latitude, longitude, carId) values (?, ?, ?, ?, ?)
2018-08-18 08:12:13.357 DEBUG 13626 --- [    Test worker] org.hibernate.SQL                        : insert into CarStatusTable (carAvailability, carType, latitude, longitude, carId) values (?, ?, ?, ?, ?)
2018-08-18 08:12:13.358 DEBUG 13626 --- [    Test worker] org.hibernate.SQL                        : insert into CarStatusTable (carAvailability, carType, latitude, longitude, carId) values (?, ?, ?, ?, ?)
2018-08-18 08:12:13.358 DEBUG 13626 --- [    Test worker] org.hibernate.SQL                        : insert into CarStatusTable (carAvailability, carType, latitude, longitude, carId) values (?, ?, ?, ?, ?)
2018-08-18 08:12:13.358 DEBUG 13626 --- [    Test worker] org.hibernate.SQL                        : insert into CarStatusTable (carAvailability, carType, latitude, longitude, carId) values (?, ?, ?, ?, ?)
2018-08-18 08:12:13.359 DEBUG 13626 --- [    Test worker] org.hibernate.SQL                        : insert into CarStatusTable (carAvailability, carType, latitude, longitude, carId) values (?, ?, ?, ?, ?)
2018-08-18 08:12:13.359 DEBUG 13626 --- [    Test worker] org.hibernate.SQL                        : insert into CarStatusTable (carAvailability, carType, latitude, longitude, carId) values (?, ?, ?, ?, ?)
2018-08-18 08:12:13.359 DEBUG 13626 --- [    Test worker] org.hibernate.SQL                        : insert into CarStatusTable (carAvailability, carType, latitude, longitude, carId) values (?, ?, ?, ?, ?)
2018-08-18 08:12:13.360 DEBUG 13626 --- [    Test worker] org.hibernate.SQL                        : insert into CarStatusTable (carAvailability, carType, latitude, longitude, carId) values (?, ?, ?, ?, ?)
2018-08-18 08:12:13.360 DEBUG 13626 --- [    Test worker] org.hibernate.SQL                        : insert into CarStatusTable (carAvailability, carType, latitude, longitude, carId) values (?, ?, ?, ?, ?)
2018-08-18 08:12:13.361 DEBUG 13626 --- [    Test worker] org.hibernate.SQL                        : insert into CarStatusTable (carAvailability, carType, latitude, longitude, carId) values (?, ?, ?, ?, ?)
2018-08-18 08:12:13.361 DEBUG 13626 --- [    Test worker] org.hibernate.SQL                        : insert into CarStatusTable (carAvailability, carType, latitude, longitude, carId) values (?, ?, ?, ?, ?)
2018-08-18 08:12:13.361 DEBUG 13626 --- [    Test worker] org.hibernate.SQL                        : insert into CarStatusTable (carAvailability, carType, latitude, longitude, carId) values (?, ?, ?, ?, ?)
2018-08-18 08:12:13.362 DEBUG 13626 --- [    Test worker] org.hibernate.SQL                        : insert into CarStatusTable (carAvailability, carType, latitude, longitude, carId) values (?, ?, ?, ?, ?)
2018-08-18 08:12:13.362 DEBUG 13626 --- [    Test worker] org.hibernate.SQL                        : insert into CarStatusTable (carAvailability, carType, latitude, longitude, carId) values (?, ?, ?, ?, ?)
2018-08-18 08:12:13.362 DEBUG 13626 --- [    Test worker] org.hibernate.SQL                        : insert into CarStatusTable (carAvailability, carType, latitude, longitude, carId) values (?, ?, ?, ?, ?)
2018-08-18 08:12:13.363 DEBUG 13626 --- [    Test worker] org.hibernate.SQL                        : insert into CarStatusTable (carAvailability, carType, latitude, longitude, carId) values (?, ?, ?, ?, ?)
2018-08-18 08:12:13.363 DEBUG 13626 --- [    Test worker] org.hibernate.SQL                        : insert into CarStatusTable (carAvailability, carType, latitude, longitude, carId) values (?, ?, ?, ?, ?)
2018-08-18 08:12:13.363 DEBUG 13626 --- [    Test worker] org.hibernate.SQL                        : insert into CarStatusTable (carAvailability, carType, latitude, longitude, carId) values (?, ?, ?, ?, ?)
2018-08-18 08:12:13.364 DEBUG 13626 --- [    Test worker] org.hibernate.SQL                        : insert into CarStatusTable (carAvailability, carType, latitude, longitude, carId) values (?, ?, ?, ?, ?)
2018-08-18 08:12:13.364 DEBUG 13626 --- [    Test worker] org.hibernate.SQL                        : insert into CarStatusTable (carAvailability, carType, latitude, longitude, carId) values (?, ?, ?, ?, ?)
2018-08-18 08:12:13.364 DEBUG 13626 --- [    Test worker] org.hibernate.SQL                        : insert into CarStatusTable (carAvailability, carType, latitude, longitude, carId) values (?, ?, ?, ?, ?)
2018-08-18 08:12:13.365 DEBUG 13626 --- [    Test worker] org.hibernate.SQL                        : insert into CarStatusTable (carAvailability, carType, latitude, longitude, carId) values (?, ?, ?, ?, ?)
2018-08-18 08:12:13.365 DEBUG 13626 --- [    Test worker] org.hibernate.SQL                        : insert into CarStatusTable (carAvailability, carType, latitude, longitude, carId) values (?, ?, ?, ?, ?)
2018-08-18 08:12:13.366 DEBUG 13626 --- [    Test worker] org.hibernate.SQL                        : insert into CarStatusTable (carAvailability, carType, latitude, longitude, carId) values (?, ?, ?, ?, ?)
2018-08-18 08:12:13.366 DEBUG 13626 --- [    Test worker] org.hibernate.SQL                        : insert into CarStatusTable (carAvailability, carType, latitude, longitude, carId) values (?, ?, ?, ?, ?)
2018-08-18 08:12:13.366 DEBUG 13626 --- [    Test worker] org.hibernate.SQL                        : insert into CarStatusTable (carAvailability, carType, latitude, longitude, carId) values (?, ?, ?, ?, ?)
2018-08-18 08:12:13.367 DEBUG 13626 --- [    Test worker] org.hibernate.SQL                        : insert into CarStatusTable (carAvailability, carType, latitude, longitude, carId) values (?, ?, ?, ?, ?)
2018-08-18 08:12:13.372 DEBUG 13626 --- [    Test worker] org.hibernate.SQL                        : insert into CarStatusTable (carAvailability, carType, latitude, longitude, carId) values (?, ?, ?, ?, ?)
2018-08-18 08:12:13.373 DEBUG 13626 --- [    Test worker] org.hibernate.SQL                        : insert into CarStatusTable (carAvailability, carType, latitude, longitude, carId) values (?, ?, ?, ?, ?)
2018-08-18 08:12:13.374 DEBUG 13626 --- [    Test worker] org.hibernate.SQL                        : insert into CarStatusTable (carAvailability, carType, latitude, longitude, carId) values (?, ?, ?, ?, ?)
2018-08-18 08:12:13.374 DEBUG 13626 --- [    Test worker] org.hibernate.SQL                        : insert into CarStatusTable (carAvailability, carType, latitude, longitude, carId) values (?, ?, ?, ?, ?)
2018-08-18 08:12:13.375 DEBUG 13626 --- [    Test worker] org.hibernate.SQL                        : insert into CarStatusTable (carAvailability, carType, latitude, longitude, carId) values (?, ?, ?, ?, ?)
2018-08-18 08:12:13.375 DEBUG 13626 --- [    Test worker] org.hibernate.SQL                        : insert into CarStatusTable (carAvailability, carType, latitude, longitude, carId) values (?, ?, ?, ?, ?)
2018-08-18 08:12:13.376 DEBUG 13626 --- [    Test worker] org.hibernate.SQL                        : insert into CarStatusTable (carAvailability, carType, latitude, longitude, carId) values (?, ?, ?, ?, ?)
2018-08-18 08:12:13.376 DEBUG 13626 --- [    Test worker] org.hibernate.SQL                        : insert into CarStatusTable (carAvailability, carType, latitude, longitude, carId) values (?, ?, ?, ?, ?)
2018-08-18 08:12:13.376 DEBUG 13626 --- [    Test worker] org.hibernate.SQL                        : insert into CarStatusTable (carAvailability, carType, latitude, longitude, carId) values (?, ?, ?, ?, ?)
2018-08-18 08:12:13.377 DEBUG 13626 --- [    Test worker] org.hibernate.SQL                        : insert into CarStatusTable (carAvailability, carType, latitude, longitude, carId) values (?, ?, ?, ?, ?)
2018-08-18 08:12:13.377 DEBUG 13626 --- [    Test worker] org.hibernate.SQL                        : insert into CarStatusTable (carAvailability, carType, latitude, longitude, carId) values (?, ?, ?, ?, ?)
2018-08-18 08:12:13.377 DEBUG 13626 --- [    Test worker] org.hibernate.SQL                        : insert into CarStatusTable (carAvailability, carType, latitude, longitude, carId) values (?, ?, ?, ?, ?)
2018-08-18 08:12:13.378 DEBUG 13626 --- [    Test worker] org.hibernate.SQL                        : insert into CarStatusTable (carAvailability, carType, latitude, longitude, carId) values (?, ?, ?, ?, ?)
2018-08-18 08:12:13.378 DEBUG 13626 --- [    Test worker] org.hibernate.SQL                        : insert into CarStatusTable (carAvailability, carType, latitude, longitude, carId) values (?, ?, ?, ?, ?)
2018-08-18 08:12:13.379 DEBUG 13626 --- [    Test worker] org.hibernate.SQL                        : insert into CarStatusTable (carAvailability, carType, latitude, longitude, carId) values (?, ?, ?, ?, ?)
2018-08-18 08:12:13.379 DEBUG 13626 --- [    Test worker] org.hibernate.SQL                        : insert into CarStatusTable (carAvailability, carType, latitude, longitude, carId) values (?, ?, ?, ?, ?)
2018-08-18 08:12:13.379 DEBUG 13626 --- [    Test worker] org.hibernate.SQL                        : insert into CarStatusTable (carAvailability, carType, latitude, longitude, carId) values (?, ?, ?, ?, ?)
2018-08-18 08:12:13.380 DEBUG 13626 --- [    Test worker] org.hibernate.SQL                        : insert into CarStatusTable (carAvailability, carType, latitude, longitude, carId) values (?, ?, ?, ?, ?)
2018-08-18 08:12:13.380 DEBUG 13626 --- [    Test worker] org.hibernate.SQL                        : insert into CarStatusTable (carAvailability, carType, latitude, longitude, carId) values (?, ?, ?, ?, ?)
2018-08-18 08:12:13.380 DEBUG 13626 --- [    Test worker] org.hibernate.SQL                        : insert into CarStatusTable (carAvailability, carType, latitude, longitude, carId) values (?, ?, ?, ?, ?)
2018-08-18 08:12:13.381 DEBUG 13626 --- [    Test worker] org.hibernate.SQL                        : insert into CarStatusTable (carAvailability, carType, latitude, longitude, carId) values (?, ?, ?, ?, ?)
2018-08-18 08:12:13.381 DEBUG 13626 --- [    Test worker] org.hibernate.SQL                        : insert into CarStatusTable (carAvailability, carType, latitude, longitude, carId) values (?, ?, ?, ?, ?)
2018-08-18 08:12:13.382 DEBUG 13626 --- [    Test worker] org.hibernate.SQL                        : insert into CarStatusTable (carAvailability, carType, latitude, longitude, carId) values (?, ?, ?, ?, ?)
2018-08-18 08:12:13.382 DEBUG 13626 --- [    Test worker] org.hibernate.SQL                        : insert into CarStatusTable (carAvailability, carType, latitude, longitude, carId) values (?, ?, ?, ?, ?)
2018-08-18 08:12:13.382 DEBUG 13626 --- [    Test worker] org.hibernate.SQL                        : insert into CarStatusTable (carAvailability, carType, latitude, longitude, carId) values (?, ?, ?, ?, ?)
2018-08-18 08:12:13.383 DEBUG 13626 --- [    Test worker] org.hibernate.SQL                        : insert into CarStatusTable (carAvailability, carType, latitude, longitude, carId) values (?, ?, ?, ?, ?)
2018-08-18 08:12:13.383 DEBUG 13626 --- [    Test worker] org.hibernate.SQL                        : insert into CarStatusTable (carAvailability, carType, latitude, longitude, carId) values (?, ?, ?, ?, ?)
2018-08-18 08:12:13.383 DEBUG 13626 --- [    Test worker] org.hibernate.SQL                        : insert into CarStatusTable (carAvailability, carType, latitude, longitude, carId) values (?, ?, ?, ?, ?)
2018-08-18 08:12:13.384 DEBUG 13626 --- [    Test worker] org.hibernate.SQL                        : insert into CarStatusTable (carAvailability, carType, latitude, longitude, carId) values (?, ?, ?, ?, ?)
2018-08-18 08:12:13.384 DEBUG 13626 --- [    Test worker] org.hibernate.SQL                        : insert into CarStatusTable (carAvailability, carType, latitude, longitude, carId) values (?, ?, ?, ?, ?)
2018-08-18 08:12:13.384 DEBUG 13626 --- [    Test worker] org.hibernate.SQL                        : insert into CarStatusTable (carAvailability, carType, latitude, longitude, carId) values (?, ?, ?, ?, ?)
2018-08-18 08:12:13.385 DEBUG 13626 --- [    Test worker] org.hibernate.SQL                        : insert into CarStatusTable (carAvailability, carType, latitude, longitude, carId) values (?, ?, ?, ?, ?)
2018-08-18 08:12:13.385 DEBUG 13626 --- [    Test worker] org.hibernate.SQL                        : insert into CarStatusTable (carAvailability, carType, latitude, longitude, carId) values (?, ?, ?, ?, ?)
2018-08-18 08:12:13.386 DEBUG 13626 --- [    Test worker] org.hibernate.SQL                        : insert into CarStatusTable (carAvailability, carType, latitude, longitude, carId) values (?, ?, ?, ?, ?)
2018-08-18 08:12:13.386 DEBUG 13626 --- [    Test worker] org.hibernate.SQL                        : insert into CarStatusTable (carAvailability, carType, latitude, longitude, carId) values (?, ?, ?, ?, ?)
2018-08-18 08:12:13.386 DEBUG 13626 --- [    Test worker] org.hibernate.SQL                        : insert into CarStatusTable (carAvailability, carType, latitude, longitude, carId) values (?, ?, ?, ?, ?)
2018-08-18 08:12:13.387 DEBUG 13626 --- [    Test worker] org.hibernate.SQL                        : insert into CarStatusTable (carAvailability, carType, latitude, longitude, carId) values (?, ?, ?, ?, ?)
2018-08-18 08:12:13.387 DEBUG 13626 --- [    Test worker] org.hibernate.SQL                        : insert into CarStatusTable (carAvailability, carType, latitude, longitude, carId) values (?, ?, ?, ?, ?)
2018-08-18 08:12:13.388 DEBUG 13626 --- [    Test worker] org.hibernate.SQL                        : insert into CarStatusTable (carAvailability, carType, latitude, longitude, carId) values (?, ?, ?, ?, ?)
2018-08-18 08:12:13.388 DEBUG 13626 --- [    Test worker] org.hibernate.SQL                        : insert into CarStatusTable (carAvailability, carType, latitude, longitude, carId) values (?, ?, ?, ?, ?)
2018-08-18 08:12:13.388 DEBUG 13626 --- [    Test worker] org.hibernate.SQL                        : insert into CarStatusTable (carAvailability, carType, latitude, longitude, carId) values (?, ?, ?, ?, ?)
2018-08-18 08:12:13.389 DEBUG 13626 --- [    Test worker] org.hibernate.SQL                        : insert into CarStatusTable (carAvailability, carType, latitude, longitude, carId) values (?, ?, ?, ?, ?)
2018-08-18 08:12:13.389 DEBUG 13626 --- [    Test worker] org.hibernate.SQL                        : insert into CarStatusTable (carAvailability, carType, latitude, longitude, carId) values (?, ?, ?, ?, ?)
2018-08-18 08:12:13.389 DEBUG 13626 --- [    Test worker] org.hibernate.SQL                        : insert into CarStatusTable (carAvailability, carType, latitude, longitude, carId) values (?, ?, ?, ?, ?)
2018-08-18 08:12:13.390 DEBUG 13626 --- [    Test worker] org.hibernate.SQL                        : insert into CarStatusTable (carAvailability, carType, latitude, longitude, carId) values (?, ?, ?, ?, ?)
2018-08-18 08:12:13.390 DEBUG 13626 --- [    Test worker] org.hibernate.SQL                        : insert into CarStatusTable (carAvailability, carType, latitude, longitude, carId) values (?, ?, ?, ?, ?)
2018-08-18 08:12:13.391 DEBUG 13626 --- [    Test worker] org.hibernate.SQL                        : insert into CarStatusTable (carAvailability, carType, latitude, longitude, carId) values (?, ?, ?, ?, ?)
2018-08-18 08:12:13.391 DEBUG 13626 --- [    Test worker] org.hibernate.SQL                        : insert into CarStatusTable (carAvailability, carType, latitude, longitude, carId) values (?, ?, ?, ?, ?)
2018-08-18 08:12:13.391 DEBUG 13626 --- [    Test worker] org.hibernate.SQL                        : insert into CarStatusTable (carAvailability, carType, latitude, longitude, carId) values (?, ?, ?, ?, ?)
2018-08-18 08:12:13.392 DEBUG 13626 --- [    Test worker] org.hibernate.SQL                        : insert into CarStatusTable (carAvailability, carType, latitude, longitude, carId) values (?, ?, ?, ?, ?)
2018-08-18 08:12:13.392 DEBUG 13626 --- [    Test worker] org.hibernate.SQL                        : insert into CarStatusTable (carAvailability, carType, latitude, longitude, carId) values (?, ?, ?, ?, ?)
2018-08-18 08:12:13.393 DEBUG 13626 --- [    Test worker] org.hibernate.SQL                        : insert into CarStatusTable (carAvailability, carType, latitude, longitude, carId) values (?, ?, ?, ?, ?)
2018-08-18 08:12:13.393 DEBUG 13626 --- [    Test worker] org.hibernate.SQL                        : insert into CarStatusTable (carAvailability, carType, latitude, longitude, carId) values (?, ?, ?, ?, ?)
2018-08-18 08:12:13.393 DEBUG 13626 --- [    Test worker] org.hibernate.SQL                        : insert into CarStatusTable (carAvailability, carType, latitude, longitude, carId) values (?, ?, ?, ?, ?)
2018-08-18 08:12:13.394 DEBUG 13626 --- [    Test worker] org.hibernate.SQL                        : insert into CarStatusTable (carAvailability, carType, latitude, longitude, carId) values (?, ?, ?, ?, ?)
2018-08-18 08:12:13.394 DEBUG 13626 --- [    Test worker] org.hibernate.SQL                        : insert into CarStatusTable (carAvailability, carType, latitude, longitude, carId) values (?, ?, ?, ?, ?)
2018-08-18 08:12:13.394 DEBUG 13626 --- [    Test worker] org.hibernate.SQL                        : insert into CarStatusTable (carAvailability, carType, latitude, longitude, carId) values (?, ?, ?, ?, ?)
2018-08-18 08:12:13.395 DEBUG 13626 --- [    Test worker] org.hibernate.SQL                        : insert into CarStatusTable (carAvailability, carType, latitude, longitude, carId) values (?, ?, ?, ?, ?)
2018-08-18 08:12:13.395 DEBUG 13626 --- [    Test worker] org.hibernate.SQL                        : insert into CarStatusTable (carAvailability, carType, latitude, longitude, carId) values (?, ?, ?, ?, ?)
2018-08-18 08:12:13.396 DEBUG 13626 --- [    Test worker] org.hibernate.SQL                        : insert into CarStatusTable (carAvailability, carType, latitude, longitude, carId) values (?, ?, ?, ?, ?)
2018-08-18 08:12:13.396 DEBUG 13626 --- [    Test worker] org.hibernate.SQL                        : insert into CarStatusTable (carAvailability, carType, latitude, longitude, carId) values (?, ?, ?, ?, ?)
2018-08-18 08:12:13.397 DEBUG 13626 --- [    Test worker] org.hibernate.SQL                        : insert into CarStatusTable (carAvailability, carType, latitude, longitude, carId) values (?, ?, ?, ?, ?)
2018-08-18 08:12:13.397 DEBUG 13626 --- [    Test worker] org.hibernate.SQL                        : insert into CarStatusTable (carAvailability, carType, latitude, longitude, carId) values (?, ?, ?, ?, ?)
2018-08-18 08:12:13.400 DEBUG 13626 --- [    Test worker] org.hibernate.SQL                        : insert into CarStatusTable (carAvailability, carType, latitude, longitude, carId) values (?, ?, ?, ?, ?)
2018-08-18 08:12:13.401 DEBUG 13626 --- [    Test worker] org.hibernate.SQL                        : insert into CarStatusTable (carAvailability, carType, latitude, longitude, carId) values (?, ?, ?, ?, ?)
2018-08-18 08:12:13.402 DEBUG 13626 --- [    Test worker] org.hibernate.SQL                        : insert into CarStatusTable (carAvailability, carType, latitude, longitude, carId) values (?, ?, ?, ?, ?)
2018-08-18 08:12:13.402 DEBUG 13626 --- [    Test worker] org.hibernate.SQL                        : insert into CarStatusTable (carAvailability, carType, latitude, longitude, carId) values (?, ?, ?, ?, ?)
2018-08-18 08:12:13.403 DEBUG 13626 --- [    Test worker] org.hibernate.SQL                        : insert into CarStatusTable (carAvailability, carType, latitude, longitude, carId) values (?, ?, ?, ?, ?)
2018-08-18 08:12:13.403 DEBUG 13626 --- [    Test worker] org.hibernate.SQL                        : insert into CarStatusTable (carAvailability, carType, latitude, longitude, carId) values (?, ?, ?, ?, ?)
2018-08-18 08:12:13.404 DEBUG 13626 --- [    Test worker] org.hibernate.SQL                        : insert into CarStatusTable (carAvailability, carType, latitude, longitude, carId) values (?, ?, ?, ?, ?)
2018-08-18 08:12:13.404 DEBUG 13626 --- [    Test worker] org.hibernate.SQL                        : insert into CarStatusTable (carAvailability, carType, latitude, longitude, carId) values (?, ?, ?, ?, ?)
2018-08-18 08:12:13.404 DEBUG 13626 --- [    Test worker] org.hibernate.SQL                        : insert into CarStatusTable (carAvailability, carType, latitude, longitude, carId) values (?, ?, ?, ?, ?)
2018-08-18 08:12:13.405 DEBUG 13626 --- [    Test worker] org.hibernate.SQL                        : insert into CarStatusTable (carAvailability, carType, latitude, longitude, carId) values (?, ?, ?, ?, ?)
2018-08-18 08:12:13.405 DEBUG 13626 --- [    Test worker] org.hibernate.SQL                        : insert into CarStatusTable (carAvailability, carType, latitude, longitude, carId) values (?, ?, ?, ?, ?)
2018-08-18 08:12:13.405 DEBUG 13626 --- [    Test worker] org.hibernate.SQL                        : insert into CarStatusTable (carAvailability, carType, latitude, longitude, carId) values (?, ?, ?, ?, ?)
2018-08-18 08:12:13.406 DEBUG 13626 --- [    Test worker] org.hibernate.SQL                        : insert into CarStatusTable (carAvailability, carType, latitude, longitude, carId) values (?, ?, ?, ?, ?)
2018-08-18 08:12:13.406 DEBUG 13626 --- [    Test worker] org.hibernate.SQL                        : insert into CarStatusTable (carAvailability, carType, latitude, longitude, carId) values (?, ?, ?, ?, ?)
2018-08-18 08:12:13.407 DEBUG 13626 --- [    Test worker] org.hibernate.SQL                        : insert into CarStatusTable (carAvailability, carType, latitude, longitude, carId) values (?, ?, ?, ?, ?)
2018-08-18 08:12:13.407 DEBUG 13626 --- [    Test worker] org.hibernate.SQL                        : insert into CarStatusTable (carAvailability, carType, latitude, longitude, carId) values (?, ?, ?, ?, ?)
2018-08-18 08:12:13.407 DEBUG 13626 --- [    Test worker] org.hibernate.SQL                        : insert into CarStatusTable (carAvailability, carType, latitude, longitude, carId) values (?, ?, ?, ?, ?)
2018-08-18 08:12:13.408 DEBUG 13626 --- [    Test worker] org.hibernate.SQL                        : insert into CarStatusTable (carAvailability, carType, latitude, longitude, carId) values (?, ?, ?, ?, ?)
2018-08-18 08:12:13.408 DEBUG 13626 --- [    Test worker] org.hibernate.SQL                        : insert into CarStatusTable (carAvailability, carType, latitude, longitude, carId) values (?, ?, ?, ?, ?)
2018-08-18 08:12:13.408 DEBUG 13626 --- [    Test worker] org.hibernate.SQL                        : insert into CarStatusTable (carAvailability, carType, latitude, longitude, carId) values (?, ?, ?, ?, ?)
2018-08-18 08:12:13.409 DEBUG 13626 --- [    Test worker] org.hibernate.SQL                        : insert into CarStatusTable (carAvailability, carType, latitude, longitude, carId) values (?, ?, ?, ?, ?)
2018-08-18 08:12:13.409 DEBUG 13626 --- [    Test worker] org.hibernate.SQL                        : insert into CarStatusTable (carAvailability, carType, latitude, longitude, carId) values (?, ?, ?, ?, ?)
2018-08-18 08:12:13.409 DEBUG 13626 --- [    Test worker] org.hibernate.SQL                        : insert into CarStatusTable (carAvailability, carType, latitude, longitude, carId) values (?, ?, ?, ?, ?)
2018-08-18 08:12:13.410 DEBUG 13626 --- [    Test worker] org.hibernate.SQL                        : insert into CarStatusTable (carAvailability, carType, latitude, longitude, carId) values (?, ?, ?, ?, ?)
2018-08-18 08:12:13.410 DEBUG 13626 --- [    Test worker] org.hibernate.SQL                        : insert into CarStatusTable (carAvailability, carType, latitude, longitude, carId) values (?, ?, ?, ?, ?)
2018-08-18 08:12:13.411 DEBUG 13626 --- [    Test worker] org.hibernate.SQL                        : insert into CarStatusTable (carAvailability, carType, latitude, longitude, carId) values (?, ?, ?, ?, ?)
2018-08-18 08:12:13.411 DEBUG 13626 --- [    Test worker] org.hibernate.SQL                        : insert into CarStatusTable (carAvailability, carType, latitude, longitude, carId) values (?, ?, ?, ?, ?)
2018-08-18 08:12:13.411 DEBUG 13626 --- [    Test worker] org.hibernate.SQL                        : insert into CarStatusTable (carAvailability, carType, latitude, longitude, carId) values (?, ?, ?, ?, ?)
2018-08-18 08:12:13.412 DEBUG 13626 --- [    Test worker] org.hibernate.SQL                        : insert into CarStatusTable (carAvailability, carType, latitude, longitude, carId) values (?, ?, ?, ?, ?)
2018-08-18 08:12:13.412 DEBUG 13626 --- [    Test worker] org.hibernate.SQL                        : insert into CarStatusTable (carAvailability, carType, latitude, longitude, carId) values (?, ?, ?, ?, ?)
2018-08-18 08:12:13.412 DEBUG 13626 --- [    Test worker] org.hibernate.SQL                        : insert into CarStatusTable (carAvailability, carType, latitude, longitude, carId) values (?, ?, ?, ?, ?)
2018-08-18 08:12:13.413 DEBUG 13626 --- [    Test worker] org.hibernate.SQL                        : insert into CarStatusTable (carAvailability, carType, latitude, longitude, carId) values (?, ?, ?, ?, ?)
2018-08-18 08:12:13.413 DEBUG 13626 --- [    Test worker] org.hibernate.SQL                        : insert into CarStatusTable (carAvailability, carType, latitude, longitude, carId) values (?, ?, ?, ?, ?)
2018-08-18 08:12:13.413 DEBUG 13626 --- [    Test worker] org.hibernate.SQL                        : insert into CarStatusTable (carAvailability, carType, latitude, longitude, carId) values (?, ?, ?, ?, ?)
2018-08-18 08:12:13.414 DEBUG 13626 --- [    Test worker] org.hibernate.SQL                        : insert into CarStatusTable (carAvailability, carType, latitude, longitude, carId) values (?, ?, ?, ?, ?)
2018-08-18 08:12:13.415 DEBUG 13626 --- [    Test worker] org.hibernate.SQL                        : insert into CarStatusTable (carAvailability, carType, latitude, longitude, carId) values (?, ?, ?, ?, ?)
2018-08-18 08:12:13.415 DEBUG 13626 --- [    Test worker] org.hibernate.SQL                        : insert into CarStatusTable (carAvailability, carType, latitude, longitude, carId) values (?, ?, ?, ?, ?)
2018-08-18 08:12:13.416 DEBUG 13626 --- [    Test worker] org.hibernate.SQL                        : insert into CarStatusTable (carAvailability, carType, latitude, longitude, carId) values (?, ?, ?, ?, ?)
2018-08-18 08:12:13.418 DEBUG 13626 --- [    Test worker] org.hibernate.SQL                        : insert into CarStatusTable (carAvailability, carType, latitude, longitude, carId) values (?, ?, ?, ?, ?)
2018-08-18 08:12:13.419 DEBUG 13626 --- [    Test worker] org.hibernate.SQL                        : insert into CarStatusTable (carAvailability, carType, latitude, longitude, carId) values (?, ?, ?, ?, ?)
2018-08-18 08:12:13.419 DEBUG 13626 --- [    Test worker] org.hibernate.SQL                        : insert into CarStatusTable (carAvailability, carType, latitude, longitude, carId) values (?, ?, ?, ?, ?)
2018-08-18 08:12:13.419 DEBUG 13626 --- [    Test worker] org.hibernate.SQL                        : insert into CarStatusTable (carAvailability, carType, latitude, longitude, carId) values (?, ?, ?, ?, ?)
2018-08-18 08:12:13.420 DEBUG 13626 --- [    Test worker] org.hibernate.SQL                        : insert into CarStatusTable (carAvailability, carType, latitude, longitude, carId) values (?, ?, ?, ?, ?)
2018-08-18 08:12:13.420 DEBUG 13626 --- [    Test worker] org.hibernate.SQL                        : insert into CarStatusTable (carAvailability, carType, latitude, longitude, carId) values (?, ?, ?, ?, ?)
2018-08-18 08:12:13.420 DEBUG 13626 --- [    Test worker] org.hibernate.SQL                        : insert into CarStatusTable (carAvailability, carType, latitude, longitude, carId) values (?, ?, ?, ?, ?)
2018-08-18 08:12:13.421 DEBUG 13626 --- [    Test worker] org.hibernate.SQL                        : insert into CarStatusTable (carAvailability, carType, latitude, longitude, carId) values (?, ?, ?, ?, ?)
2018-08-18 08:12:13.421 DEBUG 13626 --- [    Test worker] org.hibernate.SQL                        : insert into CarStatusTable (carAvailability, carType, latitude, longitude, carId) values (?, ?, ?, ?, ?)
2018-08-18 08:12:13.422 DEBUG 13626 --- [    Test worker] org.hibernate.SQL                        : insert into CarStatusTable (carAvailability, carType, latitude, longitude, carId) values (?, ?, ?, ?, ?)
2018-08-18 08:12:13.422 DEBUG 13626 --- [    Test worker] org.hibernate.SQL                        : insert into CarStatusTable (carAvailability, carType, latitude, longitude, carId) values (?, ?, ?, ?, ?)
2018-08-18 08:12:13.422 DEBUG 13626 --- [    Test worker] org.hibernate.SQL                        : insert into CarStatusTable (carAvailability, carType, latitude, longitude, carId) values (?, ?, ?, ?, ?)
2018-08-18 08:12:13.423 DEBUG 13626 --- [    Test worker] org.hibernate.SQL                        : insert into CarStatusTable (carAvailability, carType, latitude, longitude, carId) values (?, ?, ?, ?, ?)
2018-08-18 08:12:13.423 DEBUG 13626 --- [    Test worker] org.hibernate.SQL                        : insert into CarStatusTable (carAvailability, carType, latitude, longitude, carId) values (?, ?, ?, ?, ?)
2018-08-18 08:12:13.423 DEBUG 13626 --- [    Test worker] org.hibernate.SQL                        : insert into CarStatusTable (carAvailability, carType, latitude, longitude, carId) values (?, ?, ?, ?, ?)
2018-08-18 08:12:13.424 DEBUG 13626 --- [    Test worker] org.hibernate.SQL                        : insert into CarStatusTable (carAvailability, carType, latitude, longitude, carId) values (?, ?, ?, ?, ?)
2018-08-18 08:12:13.424 DEBUG 13626 --- [    Test worker] org.hibernate.SQL                        : insert into CarStatusTable (carAvailability, carType, latitude, longitude, carId) values (?, ?, ?, ?, ?)
2018-08-18 08:12:13.424 DEBUG 13626 --- [    Test worker] org.hibernate.SQL                        : insert into CarStatusTable (carAvailability, carType, latitude, longitude, carId) values (?, ?, ?, ?, ?)
2018-08-18 08:12:13.425 DEBUG 13626 --- [    Test worker] org.hibernate.SQL                        : insert into CarStatusTable (carAvailability, carType, latitude, longitude, carId) values (?, ?, ?, ?, ?)
2018-08-18 08:12:13.425 DEBUG 13626 --- [    Test worker] org.hibernate.SQL                        : insert into CarStatusTable (carAvailability, carType, latitude, longitude, carId) values (?, ?, ?, ?, ?)
2018-08-18 08:12:13.425 DEBUG 13626 --- [    Test worker] org.hibernate.SQL                        : insert into CarStatusTable (carAvailability, carType, latitude, longitude, carId) values (?, ?, ?, ?, ?)
2018-08-18 08:12:13.426 DEBUG 13626 --- [    Test worker] org.hibernate.SQL                        : insert into CarStatusTable (carAvailability, carType, latitude, longitude, carId) values (?, ?, ?, ?, ?)
2018-08-18 08:12:13.426 DEBUG 13626 --- [    Test worker] org.hibernate.SQL                        : insert into CarStatusTable (carAvailability, carType, latitude, longitude, carId) values (?, ?, ?, ?, ?)
2018-08-18 08:12:13.427 DEBUG 13626 --- [    Test worker] org.hibernate.SQL                        : insert into CarStatusTable (carAvailability, carType, latitude, longitude, carId) values (?, ?, ?, ?, ?)
2018-08-18 08:12:13.427 DEBUG 13626 --- [    Test worker] org.hibernate.SQL                        : insert into CarStatusTable (carAvailability, carType, latitude, longitude, carId) values (?, ?, ?, ?, ?)
2018-08-18 08:12:13.427 DEBUG 13626 --- [    Test worker] org.hibernate.SQL                        : insert into CarStatusTable (carAvailability, carType, latitude, longitude, carId) values (?, ?, ?, ?, ?)
2018-08-18 08:12:13.428 DEBUG 13626 --- [    Test worker] org.hibernate.SQL                        : insert into CarStatusTable (carAvailability, carType, latitude, longitude, carId) values (?, ?, ?, ?, ?)
2018-08-18 08:12:13.428 DEBUG 13626 --- [    Test worker] org.hibernate.SQL                        : insert into CarStatusTable (carAvailability, carType, latitude, longitude, carId) values (?, ?, ?, ?, ?)
2018-08-18 08:12:13.429 DEBUG 13626 --- [    Test worker] org.hibernate.SQL                        : insert into CarStatusTable (carAvailability, carType, latitude, longitude, carId) values (?, ?, ?, ?, ?)
2018-08-18 08:12:13.429 DEBUG 13626 --- [    Test worker] org.hibernate.SQL                        : insert into CarStatusTable (carAvailability, carType, latitude, longitude, carId) values (?, ?, ?, ?, ?)
2018-08-18 08:12:13.429 DEBUG 13626 --- [    Test worker] org.hibernate.SQL                        : insert into CarStatusTable (carAvailability, carType, latitude, longitude, carId) values (?, ?, ?, ?, ?)
2018-08-18 08:12:13.430 DEBUG 13626 --- [    Test worker] org.hibernate.SQL                        : insert into CarStatusTable (carAvailability, carType, latitude, longitude, carId) values (?, ?, ?, ?, ?)
2018-08-18 08:12:13.430 DEBUG 13626 --- [    Test worker] org.hibernate.SQL                        : insert into CarStatusTable (carAvailability, carType, latitude, longitude, carId) values (?, ?, ?, ?, ?)
2018-08-18 08:12:13.430 DEBUG 13626 --- [    Test worker] org.hibernate.SQL                        : insert into CarStatusTable (carAvailability, carType, latitude, longitude, carId) values (?, ?, ?, ?, ?)
2018-08-18 08:12:13.432 DEBUG 13626 --- [    Test worker] org.hibernate.SQL                        : insert into CarStatusTable (carAvailability, carType, latitude, longitude, carId) values (?, ?, ?, ?, ?)
2018-08-18 08:12:13.432 DEBUG 13626 --- [    Test worker] org.hibernate.SQL                        : insert into CarStatusTable (carAvailability, carType, latitude, longitude, carId) values (?, ?, ?, ?, ?)
2018-08-18 08:12:13.432 DEBUG 13626 --- [    Test worker] org.hibernate.SQL                        : insert into CarStatusTable (carAvailability, carType, latitude, longitude, carId) values (?, ?, ?, ?, ?)
2018-08-18 08:12:13.432 DEBUG 13626 --- [    Test worker] org.hibernate.SQL                        : insert into CarStatusTable (carAvailability, carType, latitude, longitude, carId) values (?, ?, ?, ?, ?)
2018-08-18 08:12:13.433 DEBUG 13626 --- [    Test worker] org.hibernate.SQL                        : insert into CarStatusTable (carAvailability, carType, latitude, longitude, carId) values (?, ?, ?, ?, ?)
2018-08-18 08:12:13.434 DEBUG 13626 --- [    Test worker] org.hibernate.SQL                        : insert into CarStatusTable (carAvailability, carType, latitude, longitude, carId) values (?, ?, ?, ?, ?)
2018-08-18 08:12:13.434 DEBUG 13626 --- [    Test worker] org.hibernate.SQL                        : insert into CarStatusTable (carAvailability, carType, latitude, longitude, carId) values (?, ?, ?, ?, ?)
2018-08-18 08:12:13.434 DEBUG 13626 --- [    Test worker] org.hibernate.SQL                        : insert into CarStatusTable (carAvailability, carType, latitude, longitude, carId) values (?, ?, ?, ?, ?)
2018-08-18 08:12:13.435 DEBUG 13626 --- [    Test worker] org.hibernate.SQL                        : insert into CarStatusTable (carAvailability, carType, latitude, longitude, carId) values (?, ?, ?, ?, ?)
2018-08-18 08:12:13.435 DEBUG 13626 --- [    Test worker] org.hibernate.SQL                        : insert into CarStatusTable (carAvailability, carType, latitude, longitude, carId) values (?, ?, ?, ?, ?)
2018-08-18 08:12:13.435 DEBUG 13626 --- [    Test worker] org.hibernate.SQL                        : insert into CarStatusTable (carAvailability, carType, latitude, longitude, carId) values (?, ?, ?, ?, ?)
2018-08-18 08:12:13.436 DEBUG 13626 --- [    Test worker] org.hibernate.SQL                        : insert into CarStatusTable (carAvailability, carType, latitude, longitude, carId) values (?, ?, ?, ?, ?)
2018-08-18 08:12:13.436 DEBUG 13626 --- [    Test worker] org.hibernate.SQL                        : insert into CarStatusTable (carAvailability, carType, latitude, longitude, carId) values (?, ?, ?, ?, ?)
2018-08-18 08:12:13.437 DEBUG 13626 --- [    Test worker] org.hibernate.SQL                        : insert into CarStatusTable (carAvailability, carType, latitude, longitude, carId) values (?, ?, ?, ?, ?)
2018-08-18 08:12:13.437 DEBUG 13626 --- [    Test worker] org.hibernate.SQL                        : insert into CarStatusTable (carAvailability, carType, latitude, longitude, carId) values (?, ?, ?, ?, ?)
2018-08-18 08:12:13.437 DEBUG 13626 --- [    Test worker] org.hibernate.SQL                        : insert into CarStatusTable (carAvailability, carType, latitude, longitude, carId) values (?, ?, ?, ?, ?)
2018-08-18 08:12:13.438 DEBUG 13626 --- [    Test worker] org.hibernate.SQL                        : insert into CarStatusTable (carAvailability, carType, latitude, longitude, carId) values (?, ?, ?, ?, ?)
2018-08-18 08:12:13.438 DEBUG 13626 --- [    Test worker] org.hibernate.SQL                        : insert into CarStatusTable (carAvailability, carType, latitude, longitude, carId) values (?, ?, ?, ?, ?)
2018-08-18 08:12:13.438 DEBUG 13626 --- [    Test worker] org.hibernate.SQL                        : insert into CarStatusTable (carAvailability, carType, latitude, longitude, carId) values (?, ?, ?, ?, ?)
2018-08-18 08:12:13.439 DEBUG 13626 --- [    Test worker] org.hibernate.SQL                        : insert into CarStatusTable (carAvailability, carType, latitude, longitude, carId) values (?, ?, ?, ?, ?)
2018-08-18 08:12:13.439 DEBUG 13626 --- [    Test worker] org.hibernate.SQL                        : insert into CarStatusTable (carAvailability, carType, latitude, longitude, carId) values (?, ?, ?, ?, ?)
2018-08-18 08:12:13.439 DEBUG 13626 --- [    Test worker] org.hibernate.SQL                        : insert into CarStatusTable (carAvailability, carType, latitude, longitude, carId) values (?, ?, ?, ?, ?)
2018-08-18 08:12:13.440 DEBUG 13626 --- [    Test worker] org.hibernate.SQL                        : insert into CarStatusTable (carAvailability, carType, latitude, longitude, carId) values (?, ?, ?, ?, ?)
2018-08-18 08:12:13.440 DEBUG 13626 --- [    Test worker] org.hibernate.SQL                        : insert into CarStatusTable (carAvailability, carType, latitude, longitude, carId) values (?, ?, ?, ?, ?)
2018-08-18 08:12:13.440 DEBUG 13626 --- [    Test worker] org.hibernate.SQL                        : insert into CarStatusTable (carAvailability, carType, latitude, longitude, carId) values (?, ?, ?, ?, ?)
2018-08-18 08:12:13.441 DEBUG 13626 --- [    Test worker] org.hibernate.SQL                        : insert into CarStatusTable (carAvailability, carType, latitude, longitude, carId) values (?, ?, ?, ?, ?)
2018-08-18 08:12:13.441 DEBUG 13626 --- [    Test worker] org.hibernate.SQL                        : insert into CarStatusTable (carAvailability, carType, latitude, longitude, carId) values (?, ?, ?, ?, ?)
2018-08-18 08:12:13.441 DEBUG 13626 --- [    Test worker] org.hibernate.SQL                        : insert into CarStatusTable (carAvailability, carType, latitude, longitude, carId) values (?, ?, ?, ?, ?)
2018-08-18 08:12:13.442 DEBUG 13626 --- [    Test worker] org.hibernate.SQL                        : insert into CarStatusTable (carAvailability, carType, latitude, longitude, carId) values (?, ?, ?, ?, ?)
2018-08-18 08:12:13.442 DEBUG 13626 --- [    Test worker] org.hibernate.SQL                        : insert into CarStatusTable (carAvailability, carType, latitude, longitude, carId) values (?, ?, ?, ?, ?)
2018-08-18 08:12:13.443 DEBUG 13626 --- [    Test worker] org.hibernate.SQL                        : insert into CarStatusTable (carAvailability, carType, latitude, longitude, carId) values (?, ?, ?, ?, ?)
2018-08-18 08:12:13.443 DEBUG 13626 --- [    Test worker] org.hibernate.SQL                        : insert into CarStatusTable (carAvailability, carType, latitude, longitude, carId) values (?, ?, ?, ?, ?)
2018-08-18 08:12:13.443 DEBUG 13626 --- [    Test worker] org.hibernate.SQL                        : insert into CarStatusTable (carAvailability, carType, latitude, longitude, carId) values (?, ?, ?, ?, ?)
2018-08-18 08:12:13.444 DEBUG 13626 --- [    Test worker] org.hibernate.SQL                        : insert into CarStatusTable (carAvailability, carType, latitude, longitude, carId) values (?, ?, ?, ?, ?)
2018-08-18 08:12:13.444 DEBUG 13626 --- [    Test worker] org.hibernate.SQL                        : insert into CarStatusTable (carAvailability, carType, latitude, longitude, carId) values (?, ?, ?, ?, ?)
2018-08-18 08:12:13.444 DEBUG 13626 --- [    Test worker] org.hibernate.SQL                        : insert into CarStatusTable (carAvailability, carType, latitude, longitude, carId) values (?, ?, ?, ?, ?)
2018-08-18 08:12:13.445 DEBUG 13626 --- [    Test worker] org.hibernate.SQL                        : insert into CarStatusTable (carAvailability, carType, latitude, longitude, carId) values (?, ?, ?, ?, ?)
2018-08-18 08:12:13.445 DEBUG 13626 --- [    Test worker] org.hibernate.SQL                        : insert into CarStatusTable (carAvailability, carType, latitude, longitude, carId) values (?, ?, ?, ?, ?)
2018-08-18 08:12:13.445 DEBUG 13626 --- [    Test worker] org.hibernate.SQL                        : insert into CarStatusTable (carAvailability, carType, latitude, longitude, carId) values (?, ?, ?, ?, ?)
2018-08-18 08:12:13.446 DEBUG 13626 --- [    Test worker] org.hibernate.SQL                        : insert into CarStatusTable (carAvailability, carType, latitude, longitude, carId) values (?, ?, ?, ?, ?)
2018-08-18 08:12:13.446 DEBUG 13626 --- [    Test worker] org.hibernate.SQL                        : insert into CarStatusTable (carAvailability, carType, latitude, longitude, carId) values (?, ?, ?, ?, ?)
2018-08-18 08:12:13.447 DEBUG 13626 --- [    Test worker] org.hibernate.SQL                        : insert into CarStatusTable (carAvailability, carType, latitude, longitude, carId) values (?, ?, ?, ?, ?)
2018-08-18 08:12:13.447 DEBUG 13626 --- [    Test worker] org.hibernate.SQL                        : insert into CarStatusTable (carAvailability, carType, latitude, longitude, carId) values (?, ?, ?, ?, ?)
2018-08-18 08:12:13.447 DEBUG 13626 --- [    Test worker] org.hibernate.SQL                        : insert into CarStatusTable (carAvailability, carType, latitude, longitude, carId) values (?, ?, ?, ?, ?)
2018-08-18 08:12:13.448 DEBUG 13626 --- [    Test worker] org.hibernate.SQL                        : insert into CarStatusTable (carAvailability, carType, latitude, longitude, carId) values (?, ?, ?, ?, ?)
2018-08-18 08:12:13.448 DEBUG 13626 --- [    Test worker] org.hibernate.SQL                        : insert into CarStatusTable (carAvailability, carType, latitude, longitude, carId) values (?, ?, ?, ?, ?)
2018-08-18 08:12:13.449 DEBUG 13626 --- [    Test worker] org.hibernate.SQL                        : insert into CarStatusTable (carAvailability, carType, latitude, longitude, carId) values (?, ?, ?, ?, ?)
2018-08-18 08:12:13.449 DEBUG 13626 --- [    Test worker] org.hibernate.SQL                        : insert into CarStatusTable (carAvailability, carType, latitude, longitude, carId) values (?, ?, ?, ?, ?)
2018-08-18 08:12:13.449 DEBUG 13626 --- [    Test worker] org.hibernate.SQL                        : insert into CarStatusTable (carAvailability, carType, latitude, longitude, carId) values (?, ?, ?, ?, ?)
2018-08-18 08:12:13.450 DEBUG 13626 --- [    Test worker] org.hibernate.SQL                        : insert into CarStatusTable (carAvailability, carType, latitude, longitude, carId) values (?, ?, ?, ?, ?)
2018-08-18 08:12:13.450 DEBUG 13626 --- [    Test worker] org.hibernate.SQL                        : insert into CarStatusTable (carAvailability, carType, latitude, longitude, carId) values (?, ?, ?, ?, ?)
2018-08-18 08:12:13.451 DEBUG 13626 --- [    Test worker] org.hibernate.SQL                        : insert into CarStatusTable (carAvailability, carType, latitude, longitude, carId) values (?, ?, ?, ?, ?)
2018-08-18 08:12:13.451 DEBUG 13626 --- [    Test worker] org.hibernate.SQL                        : insert into CarStatusTable (carAvailability, carType, latitude, longitude, carId) values (?, ?, ?, ?, ?)
2018-08-18 08:12:13.451 DEBUG 13626 --- [    Test worker] org.hibernate.SQL                        : insert into CarStatusTable (carAvailability, carType, latitude, longitude, carId) values (?, ?, ?, ?, ?)
2018-08-18 08:12:13.452 DEBUG 13626 --- [    Test worker] org.hibernate.SQL                        : insert into CarStatusTable (carAvailability, carType, latitude, longitude, carId) values (?, ?, ?, ?, ?)
2018-08-18 08:12:13.457 DEBUG 13626 --- [    Test worker] org.hibernate.SQL                        : insert into CarStatusTable (carAvailability, carType, latitude, longitude, carId) values (?, ?, ?, ?, ?)
2018-08-18 08:12:13.458 DEBUG 13626 --- [    Test worker] org.hibernate.SQL                        : insert into CarStatusTable (carAvailability, carType, latitude, longitude, carId) values (?, ?, ?, ?, ?)
2018-08-18 08:12:13.459 DEBUG 13626 --- [    Test worker] org.hibernate.SQL                        : insert into CarStatusTable (carAvailability, carType, latitude, longitude, carId) values (?, ?, ?, ?, ?)
2018-08-18 08:12:13.459 DEBUG 13626 --- [    Test worker] org.hibernate.SQL                        : insert into CarStatusTable (carAvailability, carType, latitude, longitude, carId) values (?, ?, ?, ?, ?)
2018-08-18 08:12:13.459 DEBUG 13626 --- [    Test worker] org.hibernate.SQL                        : insert into CarStatusTable (carAvailability, carType, latitude, longitude, carId) values (?, ?, ?, ?, ?)
2018-08-18 08:12:13.460 DEBUG 13626 --- [    Test worker] org.hibernate.SQL                        : insert into CarStatusTable (carAvailability, carType, latitude, longitude, carId) values (?, ?, ?, ?, ?)
2018-08-18 08:12:13.460 DEBUG 13626 --- [    Test worker] org.hibernate.SQL                        : insert into CarStatusTable (carAvailability, carType, latitude, longitude, carId) values (?, ?, ?, ?, ?)
2018-08-18 08:12:13.460 DEBUG 13626 --- [    Test worker] org.hibernate.SQL                        : insert into CarStatusTable (carAvailability, carType, latitude, longitude, carId) values (?, ?, ?, ?, ?)
2018-08-18 08:12:13.461 DEBUG 13626 --- [    Test worker] org.hibernate.SQL                        : insert into CarStatusTable (carAvailability, carType, latitude, longitude, carId) values (?, ?, ?, ?, ?)
2018-08-18 08:12:13.461 DEBUG 13626 --- [    Test worker] org.hibernate.SQL                        : insert into CarStatusTable (carAvailability, carType, latitude, longitude, carId) values (?, ?, ?, ?, ?)
2018-08-18 08:12:13.461 DEBUG 13626 --- [    Test worker] org.hibernate.SQL                        : insert into CarStatusTable (carAvailability, carType, latitude, longitude, carId) values (?, ?, ?, ?, ?)
2018-08-18 08:12:13.462 DEBUG 13626 --- [    Test worker] org.hibernate.SQL                        : insert into CarStatusTable (carAvailability, carType, latitude, longitude, carId) values (?, ?, ?, ?, ?)
2018-08-18 08:12:13.463 DEBUG 13626 --- [    Test worker] org.hibernate.SQL                        : insert into CarStatusTable (carAvailability, carType, latitude, longitude, carId) values (?, ?, ?, ?, ?)
2018-08-18 08:12:13.463 DEBUG 13626 --- [    Test worker] org.hibernate.SQL                        : insert into CarStatusTable (carAvailability, carType, latitude, longitude, carId) values (?, ?, ?, ?, ?)
2018-08-18 08:12:13.464 DEBUG 13626 --- [    Test worker] org.hibernate.SQL                        : insert into CarStatusTable (carAvailability, carType, latitude, longitude, carId) values (?, ?, ?, ?, ?)
2018-08-18 08:12:13.465 DEBUG 13626 --- [    Test worker] org.hibernate.SQL                        : insert into CarStatusTable (carAvailability, carType, latitude, longitude, carId) values (?, ?, ?, ?, ?)
2018-08-18 08:12:13.465 DEBUG 13626 --- [    Test worker] org.hibernate.SQL                        : insert into CarStatusTable (carAvailability, carType, latitude, longitude, carId) values (?, ?, ?, ?, ?)
2018-08-18 08:12:13.466 DEBUG 13626 --- [    Test worker] org.hibernate.SQL                        : insert into CarStatusTable (carAvailability, carType, latitude, longitude, carId) values (?, ?, ?, ?, ?)
2018-08-18 08:12:13.466 DEBUG 13626 --- [    Test worker] org.hibernate.SQL                        : insert into CarStatusTable (carAvailability, carType, latitude, longitude, carId) values (?, ?, ?, ?, ?)
2018-08-18 08:12:13.467 DEBUG 13626 --- [    Test worker] org.hibernate.SQL                        : insert into CarStatusTable (carAvailability, carType, latitude, longitude, carId) values (?, ?, ?, ?, ?)
2018-08-18 08:12:13.468 DEBUG 13626 --- [    Test worker] org.hibernate.SQL                        : insert into CarStatusTable (carAvailability, carType, latitude, longitude, carId) values (?, ?, ?, ?, ?)
2018-08-18 08:12:13.468 DEBUG 13626 --- [    Test worker] org.hibernate.SQL                        : insert into CarStatusTable (carAvailability, carType, latitude, longitude, carId) values (?, ?, ?, ?, ?)
2018-08-18 08:12:13.469 DEBUG 13626 --- [    Test worker] org.hibernate.SQL                        : insert into CarStatusTable (carAvailability, carType, latitude, longitude, carId) values (?, ?, ?, ?, ?)
2018-08-18 08:12:13.469 DEBUG 13626 --- [    Test worker] org.hibernate.SQL                        : insert into CarStatusTable (carAvailability, carType, latitude, longitude, carId) values (?, ?, ?, ?, ?)
2018-08-18 08:12:13.469 DEBUG 13626 --- [    Test worker] org.hibernate.SQL                        : insert into CarStatusTable (carAvailability, carType, latitude, longitude, carId) values (?, ?, ?, ?, ?)
2018-08-18 08:12:13.470 DEBUG 13626 --- [    Test worker] org.hibernate.SQL                        : insert into CarStatusTable (carAvailability, carType, latitude, longitude, carId) values (?, ?, ?, ?, ?)
2018-08-18 08:12:13.470 DEBUG 13626 --- [    Test worker] org.hibernate.SQL                        : insert into CarStatusTable (carAvailability, carType, latitude, longitude, carId) values (?, ?, ?, ?, ?)
2018-08-18 08:12:13.471 DEBUG 13626 --- [    Test worker] org.hibernate.SQL                        : insert into CarStatusTable (carAvailability, carType, latitude, longitude, carId) values (?, ?, ?, ?, ?)
2018-08-18 08:12:13.471 DEBUG 13626 --- [    Test worker] org.hibernate.SQL                        : insert into CarStatusTable (carAvailability, carType, latitude, longitude, carId) values (?, ?, ?, ?, ?)
2018-08-18 08:12:13.472 DEBUG 13626 --- [    Test worker] org.hibernate.SQL                        : insert into CarStatusTable (carAvailability, carType, latitude, longitude, carId) values (?, ?, ?, ?, ?)
2018-08-18 08:12:13.472 DEBUG 13626 --- [    Test worker] org.hibernate.SQL                        : insert into CarStatusTable (carAvailability, carType, latitude, longitude, carId) values (?, ?, ?, ?, ?)
2018-08-18 08:12:13.473 DEBUG 13626 --- [    Test worker] org.hibernate.SQL                        : insert into CarStatusTable (carAvailability, carType, latitude, longitude, carId) values (?, ?, ?, ?, ?)
2018-08-18 08:12:13.473 DEBUG 13626 --- [    Test worker] org.hibernate.SQL                        : insert into CarStatusTable (carAvailability, carType, latitude, longitude, carId) values (?, ?, ?, ?, ?)
2018-08-18 08:12:13.474 DEBUG 13626 --- [    Test worker] org.hibernate.SQL                        : insert into CarStatusTable (carAvailability, carType, latitude, longitude, carId) values (?, ?, ?, ?, ?)
2018-08-18 08:12:13.474 DEBUG 13626 --- [    Test worker] org.hibernate.SQL                        : insert into CarStatusTable (carAvailability, carType, latitude, longitude, carId) values (?, ?, ?, ?, ?)
2018-08-18 08:12:13.475 DEBUG 13626 --- [    Test worker] org.hibernate.SQL                        : insert into CarStatusTable (carAvailability, carType, latitude, longitude, carId) values (?, ?, ?, ?, ?)
2018-08-18 08:12:13.476 DEBUG 13626 --- [    Test worker] org.hibernate.SQL                        : insert into CarStatusTable (carAvailability, carType, latitude, longitude, carId) values (?, ?, ?, ?, ?)
2018-08-18 08:12:13.476 DEBUG 13626 --- [    Test worker] org.hibernate.SQL                        : insert into CarStatusTable (carAvailability, carType, latitude, longitude, carId) values (?, ?, ?, ?, ?)
2018-08-18 08:12:13.476 DEBUG 13626 --- [    Test worker] org.hibernate.SQL                        : insert into CarStatusTable (carAvailability, carType, latitude, longitude, carId) values (?, ?, ?, ?, ?)
2018-08-18 08:12:13.477 DEBUG 13626 --- [    Test worker] org.hibernate.SQL                        : insert into CarStatusTable (carAvailability, carType, latitude, longitude, carId) values (?, ?, ?, ?, ?)
2018-08-18 08:12:13.478 DEBUG 13626 --- [    Test worker] org.hibernate.SQL                        : insert into CarStatusTable (carAvailability, carType, latitude, longitude, carId) values (?, ?, ?, ?, ?)
2018-08-18 08:12:13.478 DEBUG 13626 --- [    Test worker] org.hibernate.SQL                        : insert into CarStatusTable (carAvailability, carType, latitude, longitude, carId) values (?, ?, ?, ?, ?)
2018-08-18 08:12:13.478 DEBUG 13626 --- [    Test worker] org.hibernate.SQL                        : insert into CarStatusTable (carAvailability, carType, latitude, longitude, carId) values (?, ?, ?, ?, ?)
2018-08-18 08:12:13.479 DEBUG 13626 --- [    Test worker] org.hibernate.SQL                        : insert into CarStatusTable (carAvailability, carType, latitude, longitude, carId) values (?, ?, ?, ?, ?)
2018-08-18 08:12:13.479 DEBUG 13626 --- [    Test worker] org.hibernate.SQL                        : insert into CarStatusTable (carAvailability, carType, latitude, longitude, carId) values (?, ?, ?, ?, ?)
2018-08-18 08:12:13.480 DEBUG 13626 --- [    Test worker] org.hibernate.SQL                        : insert into CarStatusTable (carAvailability, carType, latitude, longitude, carId) values (?, ?, ?, ?, ?)
2018-08-18 08:12:13.480 DEBUG 13626 --- [    Test worker] org.hibernate.SQL                        : insert into CarStatusTable (carAvailability, carType, latitude, longitude, carId) values (?, ?, ?, ?, ?)
2018-08-18 08:12:13.481 DEBUG 13626 --- [    Test worker] org.hibernate.SQL                        : insert into CarStatusTable (carAvailability, carType, latitude, longitude, carId) values (?, ?, ?, ?, ?)
2018-08-18 08:12:13.481 DEBUG 13626 --- [    Test worker] org.hibernate.SQL                        : insert into CarStatusTable (carAvailability, carType, latitude, longitude, carId) values (?, ?, ?, ?, ?)
2018-08-18 08:12:13.482 DEBUG 13626 --- [    Test worker] org.hibernate.SQL                        : insert into CarStatusTable (carAvailability, carType, latitude, longitude, carId) values (?, ?, ?, ?, ?)
2018-08-18 08:12:13.482 DEBUG 13626 --- [    Test worker] org.hibernate.SQL                        : insert into CarStatusTable (carAvailability, carType, latitude, longitude, carId) values (?, ?, ?, ?, ?)
2018-08-18 08:12:13.483 DEBUG 13626 --- [    Test worker] org.hibernate.SQL                        : insert into CarStatusTable (carAvailability, carType, latitude, longitude, carId) values (?, ?, ?, ?, ?)
2018-08-18 08:12:13.483 DEBUG 13626 --- [    Test worker] org.hibernate.SQL                        : insert into CarStatusTable (carAvailability, carType, latitude, longitude, carId) values (?, ?, ?, ?, ?)
2018-08-18 08:12:13.484 DEBUG 13626 --- [    Test worker] org.hibernate.SQL                        : insert into CarStatusTable (carAvailability, carType, latitude, longitude, carId) values (?, ?, ?, ?, ?)
2018-08-18 08:12:13.484 DEBUG 13626 --- [    Test worker] org.hibernate.SQL                        : insert into CarStatusTable (carAvailability, carType, latitude, longitude, carId) values (?, ?, ?, ?, ?)
2018-08-18 08:12:13.484 DEBUG 13626 --- [    Test worker] org.hibernate.SQL                        : insert into CarStatusTable (carAvailability, carType, latitude, longitude, carId) values (?, ?, ?, ?, ?)
2018-08-18 08:12:13.485 DEBUG 13626 --- [    Test worker] org.hibernate.SQL                        : insert into CarStatusTable (carAvailability, carType, latitude, longitude, carId) values (?, ?, ?, ?, ?)
2018-08-18 08:12:13.485 DEBUG 13626 --- [    Test worker] org.hibernate.SQL                        : insert into CarStatusTable (carAvailability, carType, latitude, longitude, carId) values (?, ?, ?, ?, ?)
2018-08-18 08:12:13.486 DEBUG 13626 --- [    Test worker] org.hibernate.SQL                        : insert into CarStatusTable (carAvailability, carType, latitude, longitude, carId) values (?, ?, ?, ?, ?)
2018-08-18 08:12:13.486 DEBUG 13626 --- [    Test worker] org.hibernate.SQL                        : insert into CarStatusTable (carAvailability, carType, latitude, longitude, carId) values (?, ?, ?, ?, ?)
2018-08-18 08:12:13.486 DEBUG 13626 --- [    Test worker] org.hibernate.SQL                        : insert into CarStatusTable (carAvailability, carType, latitude, longitude, carId) values (?, ?, ?, ?, ?)
2018-08-18 08:12:13.487 DEBUG 13626 --- [    Test worker] org.hibernate.SQL                        : insert into CarStatusTable (carAvailability, carType, latitude, longitude, carId) values (?, ?, ?, ?, ?)
2018-08-18 08:12:13.487 DEBUG 13626 --- [    Test worker] org.hibernate.SQL                        : insert into CarStatusTable (carAvailability, carType, latitude, longitude, carId) values (?, ?, ?, ?, ?)
2018-08-18 08:12:13.488 DEBUG 13626 --- [    Test worker] org.hibernate.SQL                        : insert into CarStatusTable (carAvailability, carType, latitude, longitude, carId) values (?, ?, ?, ?, ?)
2018-08-18 08:12:13.488 DEBUG 13626 --- [    Test worker] org.hibernate.SQL                        : insert into CarStatusTable (carAvailability, carType, latitude, longitude, carId) values (?, ?, ?, ?, ?)
2018-08-18 08:12:13.489 DEBUG 13626 --- [    Test worker] org.hibernate.SQL                        : insert into CarStatusTable (carAvailability, carType, latitude, longitude, carId) values (?, ?, ?, ?, ?)
2018-08-18 08:12:13.489 DEBUG 13626 --- [    Test worker] org.hibernate.SQL                        : insert into CarStatusTable (carAvailability, carType, latitude, longitude, carId) values (?, ?, ?, ?, ?)
2018-08-18 08:12:13.490 DEBUG 13626 --- [    Test worker] org.hibernate.SQL                        : insert into CarStatusTable (carAvailability, carType, latitude, longitude, carId) values (?, ?, ?, ?, ?)
2018-08-18 08:12:13.490 DEBUG 13626 --- [    Test worker] org.hibernate.SQL                        : insert into CarStatusTable (carAvailability, carType, latitude, longitude, carId) values (?, ?, ?, ?, ?)
2018-08-18 08:12:13.491 DEBUG 13626 --- [    Test worker] org.hibernate.SQL                        : insert into CarStatusTable (carAvailability, carType, latitude, longitude, carId) values (?, ?, ?, ?, ?)
2018-08-18 08:12:13.491 DEBUG 13626 --- [    Test worker] org.hibernate.SQL                        : insert into CarStatusTable (carAvailability, carType, latitude, longitude, carId) values (?, ?, ?, ?, ?)
2018-08-18 08:12:13.491 DEBUG 13626 --- [    Test worker] org.hibernate.SQL                        : insert into CarStatusTable (carAvailability, carType, latitude, longitude, carId) values (?, ?, ?, ?, ?)
2018-08-18 08:12:13.492 DEBUG 13626 --- [    Test worker] org.hibernate.SQL                        : insert into CarStatusTable (carAvailability, carType, latitude, longitude, carId) values (?, ?, ?, ?, ?)
2018-08-18 08:12:13.492 DEBUG 13626 --- [    Test worker] org.hibernate.SQL                        : insert into CarStatusTable (carAvailability, carType, latitude, longitude, carId) values (?, ?, ?, ?, ?)
2018-08-18 08:12:13.493 DEBUG 13626 --- [    Test worker] org.hibernate.SQL                        : insert into CarStatusTable (carAvailability, carType, latitude, longitude, carId) values (?, ?, ?, ?, ?)
2018-08-18 08:12:13.493 DEBUG 13626 --- [    Test worker] org.hibernate.SQL                        : insert into CarStatusTable (carAvailability, carType, latitude, longitude, carId) values (?, ?, ?, ?, ?)
2018-08-18 08:12:13.494 DEBUG 13626 --- [    Test worker] org.hibernate.SQL                        : insert into CarStatusTable (carAvailability, carType, latitude, longitude, carId) values (?, ?, ?, ?, ?)
2018-08-18 08:12:13.494 DEBUG 13626 --- [    Test worker] org.hibernate.SQL                        : insert into CarStatusTable (carAvailability, carType, latitude, longitude, carId) values (?, ?, ?, ?, ?)
2018-08-18 08:12:13.494 DEBUG 13626 --- [    Test worker] org.hibernate.SQL                        : insert into CarStatusTable (carAvailability, carType, latitude, longitude, carId) values (?, ?, ?, ?, ?)
2018-08-18 08:12:13.495 DEBUG 13626 --- [    Test worker] org.hibernate.SQL                        : insert into CarStatusTable (carAvailability, carType, latitude, longitude, carId) values (?, ?, ?, ?, ?)
2018-08-18 08:12:13.496 DEBUG 13626 --- [    Test worker] org.hibernate.SQL                        : insert into CarStatusTable (carAvailability, carType, latitude, longitude, carId) values (?, ?, ?, ?, ?)
2018-08-18 08:12:13.501 DEBUG 13626 --- [    Test worker] org.hibernate.SQL                        : insert into CarStatusTable (carAvailability, carType, latitude, longitude, carId) values (?, ?, ?, ?, ?)
2018-08-18 08:12:13.502 DEBUG 13626 --- [    Test worker] org.hibernate.SQL                        : insert into CarStatusTable (carAvailability, carType, latitude, longitude, carId) values (?, ?, ?, ?, ?)
2018-08-18 08:12:13.503 DEBUG 13626 --- [    Test worker] org.hibernate.SQL                        : insert into CarStatusTable (carAvailability, carType, latitude, longitude, carId) values (?, ?, ?, ?, ?)
2018-08-18 08:12:13.504 DEBUG 13626 --- [    Test worker] org.hibernate.SQL                        : insert into CarStatusTable (carAvailability, carType, latitude, longitude, carId) values (?, ?, ?, ?, ?)
2018-08-18 08:12:13.504 DEBUG 13626 --- [    Test worker] org.hibernate.SQL                        : insert into CarStatusTable (carAvailability, carType, latitude, longitude, carId) values (?, ?, ?, ?, ?)
2018-08-18 08:12:13.505 DEBUG 13626 --- [    Test worker] org.hibernate.SQL                        : insert into CarStatusTable (carAvailability, carType, latitude, longitude, carId) values (?, ?, ?, ?, ?)
2018-08-18 08:12:13.505 DEBUG 13626 --- [    Test worker] org.hibernate.SQL                        : insert into CarStatusTable (carAvailability, carType, latitude, longitude, carId) values (?, ?, ?, ?, ?)
2018-08-18 08:12:13.505 DEBUG 13626 --- [    Test worker] org.hibernate.SQL                        : insert into CarStatusTable (carAvailability, carType, latitude, longitude, carId) values (?, ?, ?, ?, ?)
2018-08-18 08:12:13.506 DEBUG 13626 --- [    Test worker] org.hibernate.SQL                        : insert into CarStatusTable (carAvailability, carType, latitude, longitude, carId) values (?, ?, ?, ?, ?)
2018-08-18 08:12:13.506 DEBUG 13626 --- [    Test worker] org.hibernate.SQL                        : insert into CarStatusTable (carAvailability, carType, latitude, longitude, carId) values (?, ?, ?, ?, ?)
2018-08-18 08:12:13.507 DEBUG 13626 --- [    Test worker] org.hibernate.SQL                        : insert into CarStatusTable (carAvailability, carType, latitude, longitude, carId) values (?, ?, ?, ?, ?)
2018-08-18 08:12:13.507 DEBUG 13626 --- [    Test worker] org.hibernate.SQL                        : insert into CarStatusTable (carAvailability, carType, latitude, longitude, carId) values (?, ?, ?, ?, ?)
2018-08-18 08:12:13.507 DEBUG 13626 --- [    Test worker] org.hibernate.SQL                        : insert into CarStatusTable (carAvailability, carType, latitude, longitude, carId) values (?, ?, ?, ?, ?)
2018-08-18 08:12:13.508 DEBUG 13626 --- [    Test worker] org.hibernate.SQL                        : insert into CarStatusTable (carAvailability, carType, latitude, longitude, carId) values (?, ?, ?, ?, ?)
2018-08-18 08:12:13.508 DEBUG 13626 --- [    Test worker] org.hibernate.SQL                        : insert into CarStatusTable (carAvailability, carType, latitude, longitude, carId) values (?, ?, ?, ?, ?)
2018-08-18 08:12:13.509 DEBUG 13626 --- [    Test worker] org.hibernate.SQL                        : insert into CarStatusTable (carAvailability, carType, latitude, longitude, carId) values (?, ?, ?, ?, ?)
2018-08-18 08:12:13.510 DEBUG 13626 --- [    Test worker] org.hibernate.SQL                        : insert into CarStatusTable (carAvailability, carType, latitude, longitude, carId) values (?, ?, ?, ?, ?)
2018-08-18 08:12:13.510 DEBUG 13626 --- [    Test worker] org.hibernate.SQL                        : insert into CarStatusTable (carAvailability, carType, latitude, longitude, carId) values (?, ?, ?, ?, ?)
2018-08-18 08:12:13.510 DEBUG 13626 --- [    Test worker] org.hibernate.SQL                        : insert into CarStatusTable (carAvailability, carType, latitude, longitude, carId) values (?, ?, ?, ?, ?)
2018-08-18 08:12:13.511 DEBUG 13626 --- [    Test worker] org.hibernate.SQL                        : insert into CarStatusTable (carAvailability, carType, latitude, longitude, carId) values (?, ?, ?, ?, ?)
2018-08-18 08:12:13.511 DEBUG 13626 --- [    Test worker] org.hibernate.SQL                        : insert into CarStatusTable (carAvailability, carType, latitude, longitude, carId) values (?, ?, ?, ?, ?)
2018-08-18 08:12:13.512 DEBUG 13626 --- [    Test worker] org.hibernate.SQL                        : insert into CarStatusTable (carAvailability, carType, latitude, longitude, carId) values (?, ?, ?, ?, ?)
2018-08-18 08:12:13.512 DEBUG 13626 --- [    Test worker] org.hibernate.SQL                        : insert into CarStatusTable (carAvailability, carType, latitude, longitude, carId) values (?, ?, ?, ?, ?)
2018-08-18 08:12:13.513 DEBUG 13626 --- [    Test worker] org.hibernate.SQL                        : insert into CarStatusTable (carAvailability, carType, latitude, longitude, carId) values (?, ?, ?, ?, ?)
2018-08-18 08:12:13.513 DEBUG 13626 --- [    Test worker] org.hibernate.SQL                        : insert into CarStatusTable (carAvailability, carType, latitude, longitude, carId) values (?, ?, ?, ?, ?)
2018-08-18 08:12:13.514 DEBUG 13626 --- [    Test worker] org.hibernate.SQL                        : insert into CarStatusTable (carAvailability, carType, latitude, longitude, carId) values (?, ?, ?, ?, ?)
2018-08-18 08:12:13.514 DEBUG 13626 --- [    Test worker] org.hibernate.SQL                        : insert into CarStatusTable (carAvailability, carType, latitude, longitude, carId) values (?, ?, ?, ?, ?)
2018-08-18 08:12:13.515 DEBUG 13626 --- [    Test worker] org.hibernate.SQL                        : insert into CarStatusTable (carAvailability, carType, latitude, longitude, carId) values (?, ?, ?, ?, ?)
2018-08-18 08:12:13.515 DEBUG 13626 --- [    Test worker] org.hibernate.SQL                        : insert into CarStatusTable (carAvailability, carType, latitude, longitude, carId) values (?, ?, ?, ?, ?)
2018-08-18 08:12:13.517 DEBUG 13626 --- [    Test worker] org.hibernate.SQL                        : insert into CarStatusTable (carAvailability, carType, latitude, longitude, carId) values (?, ?, ?, ?, ?)
2018-08-18 08:12:13.518 DEBUG 13626 --- [    Test worker] org.hibernate.SQL                        : insert into CarStatusTable (carAvailability, carType, latitude, longitude, carId) values (?, ?, ?, ?, ?)
2018-08-18 08:12:13.519 DEBUG 13626 --- [    Test worker] org.hibernate.SQL                        : insert into CarStatusTable (carAvailability, carType, latitude, longitude, carId) values (?, ?, ?, ?, ?)
2018-08-18 08:12:13.526 DEBUG 13626 --- [    Test worker] org.hibernate.SQL                        : insert into CarStatusTable (carAvailability, carType, latitude, longitude, carId) values (?, ?, ?, ?, ?)
2018-08-18 08:12:13.527 DEBUG 13626 --- [    Test worker] org.hibernate.SQL                        : insert into CarStatusTable (carAvailability, carType, latitude, longitude, carId) values (?, ?, ?, ?, ?)
2018-08-18 08:12:13.528 DEBUG 13626 --- [    Test worker] org.hibernate.SQL                        : insert into CarStatusTable (carAvailability, carType, latitude, longitude, carId) values (?, ?, ?, ?, ?)
2018-08-18 08:12:13.528 DEBUG 13626 --- [    Test worker] org.hibernate.SQL                        : insert into CarStatusTable (carAvailability, carType, latitude, longitude, carId) values (?, ?, ?, ?, ?)
2018-08-18 08:12:13.528 DEBUG 13626 --- [    Test worker] org.hibernate.SQL                        : insert into CarStatusTable (carAvailability, carType, latitude, longitude, carId) values (?, ?, ?, ?, ?)
2018-08-18 08:12:13.531 DEBUG 13626 --- [    Test worker] org.hibernate.SQL                        : insert into CarStatusTable (carAvailability, carType, latitude, longitude, carId) values (?, ?, ?, ?, ?)
2018-08-18 08:12:13.532 DEBUG 13626 --- [    Test worker] org.hibernate.SQL                        : insert into CarStatusTable (carAvailability, carType, latitude, longitude, carId) values (?, ?, ?, ?, ?)
2018-08-18 08:12:13.535 DEBUG 13626 --- [    Test worker] org.hibernate.SQL                        : insert into CarStatusTable (carAvailability, carType, latitude, longitude, carId) values (?, ?, ?, ?, ?)
2018-08-18 08:12:13.536 DEBUG 13626 --- [    Test worker] org.hibernate.SQL                        : insert into CarStatusTable (carAvailability, carType, latitude, longitude, carId) values (?, ?, ?, ?, ?)
2018-08-18 08:12:13.536 DEBUG 13626 --- [    Test worker] org.hibernate.SQL                        : insert into CarStatusTable (carAvailability, carType, latitude, longitude, carId) values (?, ?, ?, ?, ?)
2018-08-18 08:12:13.536 DEBUG 13626 --- [    Test worker] org.hibernate.SQL                        : insert into CarStatusTable (carAvailability, carType, latitude, longitude, carId) values (?, ?, ?, ?, ?)
2018-08-18 08:12:13.537 DEBUG 13626 --- [    Test worker] org.hibernate.SQL                        : insert into CarStatusTable (carAvailability, carType, latitude, longitude, carId) values (?, ?, ?, ?, ?)
2018-08-18 08:12:13.537 DEBUG 13626 --- [    Test worker] org.hibernate.SQL                        : insert into CarStatusTable (carAvailability, carType, latitude, longitude, carId) values (?, ?, ?, ?, ?)
2018-08-18 08:12:13.538 DEBUG 13626 --- [    Test worker] org.hibernate.SQL                        : insert into CarStatusTable (carAvailability, carType, latitude, longitude, carId) values (?, ?, ?, ?, ?)
2018-08-18 08:12:13.538 DEBUG 13626 --- [    Test worker] org.hibernate.SQL                        : insert into CarStatusTable (carAvailability, carType, latitude, longitude, carId) values (?, ?, ?, ?, ?)
2018-08-18 08:12:13.538 DEBUG 13626 --- [    Test worker] org.hibernate.SQL                        : insert into CarStatusTable (carAvailability, carType, latitude, longitude, carId) values (?, ?, ?, ?, ?)
2018-08-18 08:12:13.539 DEBUG 13626 --- [    Test worker] org.hibernate.SQL                        : insert into CarStatusTable (carAvailability, carType, latitude, longitude, carId) values (?, ?, ?, ?, ?)
2018-08-18 08:12:13.542 DEBUG 13626 --- [    Test worker] org.hibernate.SQL                        : insert into CarStatusTable (carAvailability, carType, latitude, longitude, carId) values (?, ?, ?, ?, ?)
2018-08-18 08:12:13.543 DEBUG 13626 --- [    Test worker] org.hibernate.SQL                        : insert into CarStatusTable (carAvailability, carType, latitude, longitude, carId) values (?, ?, ?, ?, ?)
2018-08-18 08:12:13.543 DEBUG 13626 --- [    Test worker] org.hibernate.SQL                        : insert into CarStatusTable (carAvailability, carType, latitude, longitude, carId) values (?, ?, ?, ?, ?)
2018-08-18 08:12:13.544 DEBUG 13626 --- [    Test worker] org.hibernate.SQL                        : insert into CarStatusTable (carAvailability, carType, latitude, longitude, carId) values (?, ?, ?, ?, ?)
2018-08-18 08:12:13.544 DEBUG 13626 --- [    Test worker] org.hibernate.SQL                        : insert into CarStatusTable (carAvailability, carType, latitude, longitude, carId) values (?, ?, ?, ?, ?)
2018-08-18 08:12:13.545 DEBUG 13626 --- [    Test worker] org.hibernate.SQL                        : insert into CarStatusTable (carAvailability, carType, latitude, longitude, carId) values (?, ?, ?, ?, ?)
2018-08-18 08:12:13.551 DEBUG 13626 --- [    Test worker] org.hibernate.SQL                        : insert into CarStatusTable (carAvailability, carType, latitude, longitude, carId) values (?, ?, ?, ?, ?)
2018-08-18 08:12:13.552 DEBUG 13626 --- [    Test worker] org.hibernate.SQL                        : insert into CarStatusTable (carAvailability, carType, latitude, longitude, carId) values (?, ?, ?, ?, ?)
2018-08-18 08:12:13.552 DEBUG 13626 --- [    Test worker] org.hibernate.SQL                        : insert into CarStatusTable (carAvailability, carType, latitude, longitude, carId) values (?, ?, ?, ?, ?)
2018-08-18 08:12:13.553 DEBUG 13626 --- [    Test worker] org.hibernate.SQL                        : insert into CarStatusTable (carAvailability, carType, latitude, longitude, carId) values (?, ?, ?, ?, ?)
2018-08-18 08:12:13.553 DEBUG 13626 --- [    Test worker] org.hibernate.SQL                        : insert into CarStatusTable (carAvailability, carType, latitude, longitude, carId) values (?, ?, ?, ?, ?)
2018-08-18 08:12:13.553 DEBUG 13626 --- [    Test worker] org.hibernate.SQL                        : insert into CarStatusTable (carAvailability, carType, latitude, longitude, carId) values (?, ?, ?, ?, ?)
2018-08-18 08:12:13.554 DEBUG 13626 --- [    Test worker] org.hibernate.SQL                        : insert into CarStatusTable (carAvailability, carType, latitude, longitude, carId) values (?, ?, ?, ?, ?)
2018-08-18 08:12:13.554 DEBUG 13626 --- [    Test worker] org.hibernate.SQL                        : insert into CarStatusTable (carAvailability, carType, latitude, longitude, carId) values (?, ?, ?, ?, ?)
2018-08-18 08:12:13.555 DEBUG 13626 --- [    Test worker] org.hibernate.SQL                        : insert into CarStatusTable (carAvailability, carType, latitude, longitude, carId) values (?, ?, ?, ?, ?)
2018-08-18 08:12:13.555 DEBUG 13626 --- [    Test worker] org.hibernate.SQL                        : insert into CarStatusTable (carAvailability, carType, latitude, longitude, carId) values (?, ?, ?, ?, ?)
2018-08-18 08:12:13.561 DEBUG 13626 --- [    Test worker] org.hibernate.SQL                        : insert into CarStatusTable (carAvailability, carType, latitude, longitude, carId) values (?, ?, ?, ?, ?)
2018-08-18 08:12:13.564 DEBUG 13626 --- [    Test worker] org.hibernate.SQL                        : insert into CarStatusTable (carAvailability, carType, latitude, longitude, carId) values (?, ?, ?, ?, ?)
2018-08-18 08:12:13.565 DEBUG 13626 --- [    Test worker] org.hibernate.SQL                        : insert into CarStatusTable (carAvailability, carType, latitude, longitude, carId) values (?, ?, ?, ?, ?)
2018-08-18 08:12:13.570 DEBUG 13626 --- [    Test worker] org.hibernate.SQL                        : insert into CarStatusTable (carAvailability, carType, latitude, longitude, carId) values (?, ?, ?, ?, ?)
2018-08-18 08:12:13.571 DEBUG 13626 --- [    Test worker] org.hibernate.SQL                        : insert into CarStatusTable (carAvailability, carType, latitude, longitude, carId) values (?, ?, ?, ?, ?)
2018-08-18 08:12:13.572 DEBUG 13626 --- [    Test worker] org.hibernate.SQL                        : insert into CarStatusTable (carAvailability, carType, latitude, longitude, carId) values (?, ?, ?, ?, ?)
2018-08-18 08:12:13.573 DEBUG 13626 --- [    Test worker] org.hibernate.SQL                        : insert into CarStatusTable (carAvailability, carType, latitude, longitude, carId) values (?, ?, ?, ?, ?)
2018-08-18 08:12:13.573 DEBUG 13626 --- [    Test worker] org.hibernate.SQL                        : insert into CarStatusTable (carAvailability, carType, latitude, longitude, carId) values (?, ?, ?, ?, ?)
2018-08-18 08:12:13.574 DEBUG 13626 --- [    Test worker] org.hibernate.SQL                        : insert into CarStatusTable (carAvailability, carType, latitude, longitude, carId) values (?, ?, ?, ?, ?)
2018-08-18 08:12:13.574 DEBUG 13626 --- [    Test worker] org.hibernate.SQL                        : insert into CarStatusTable (carAvailability, carType, latitude, longitude, carId) values (?, ?, ?, ?, ?)
2018-08-18 08:12:13.575 DEBUG 13626 --- [    Test worker] org.hibernate.SQL                        : insert into CarStatusTable (carAvailability, carType, latitude, longitude, carId) values (?, ?, ?, ?, ?)
2018-08-18 08:12:13.575 DEBUG 13626 --- [    Test worker] org.hibernate.SQL                        : insert into CarStatusTable (carAvailability, carType, latitude, longitude, carId) values (?, ?, ?, ?, ?)
2018-08-18 08:12:13.575 DEBUG 13626 --- [    Test worker] org.hibernate.SQL                        : insert into CarStatusTable (carAvailability, carType, latitude, longitude, carId) values (?, ?, ?, ?, ?)
2018-08-18 08:12:13.578 DEBUG 13626 --- [    Test worker] org.hibernate.SQL                        : insert into CarStatusTable (carAvailability, carType, latitude, longitude, carId) values (?, ?, ?, ?, ?)
2018-08-18 08:12:13.578 DEBUG 13626 --- [    Test worker] org.hibernate.SQL                        : insert into CarStatusTable (carAvailability, carType, latitude, longitude, carId) values (?, ?, ?, ?, ?)
2018-08-18 08:12:13.579 DEBUG 13626 --- [    Test worker] org.hibernate.SQL                        : insert into CarStatusTable (carAvailability, carType, latitude, longitude, carId) values (?, ?, ?, ?, ?)
2018-08-18 08:12:13.579 DEBUG 13626 --- [    Test worker] org.hibernate.SQL                        : insert into CarStatusTable (carAvailability, carType, latitude, longitude, carId) values (?, ?, ?, ?, ?)
2018-08-18 08:12:13.580 DEBUG 13626 --- [    Test worker] org.hibernate.SQL                        : insert into CarStatusTable (carAvailability, carType, latitude, longitude, carId) values (?, ?, ?, ?, ?)
2018-08-18 08:12:13.585 DEBUG 13626 --- [    Test worker] org.hibernate.SQL                        : insert into CarStatusTable (carAvailability, carType, latitude, longitude, carId) values (?, ?, ?, ?, ?)
2018-08-18 08:12:13.586 DEBUG 13626 --- [    Test worker] org.hibernate.SQL                        : insert into CarStatusTable (carAvailability, carType, latitude, longitude, carId) values (?, ?, ?, ?, ?)
2018-08-18 08:12:13.587 DEBUG 13626 --- [    Test worker] org.hibernate.SQL                        : insert into CarStatusTable (carAvailability, carType, latitude, longitude, carId) values (?, ?, ?, ?, ?)
2018-08-18 08:12:13.587 DEBUG 13626 --- [    Test worker] org.hibernate.SQL                        : insert into CarStatusTable (carAvailability, carType, latitude, longitude, carId) values (?, ?, ?, ?, ?)
2018-08-18 08:12:13.587 DEBUG 13626 --- [    Test worker] org.hibernate.SQL                        : insert into CarStatusTable (carAvailability, carType, latitude, longitude, carId) values (?, ?, ?, ?, ?)
2018-08-18 08:12:13.588 DEBUG 13626 --- [    Test worker] org.hibernate.SQL                        : insert into CarStatusTable (carAvailability, carType, latitude, longitude, carId) values (?, ?, ?, ?, ?)
2018-08-18 08:12:13.588 DEBUG 13626 --- [    Test worker] org.hibernate.SQL                        : insert into CarStatusTable (carAvailability, carType, latitude, longitude, carId) values (?, ?, ?, ?, ?)
2018-08-18 08:12:13.588 DEBUG 13626 --- [    Test worker] org.hibernate.SQL                        : insert into CarStatusTable (carAvailability, carType, latitude, longitude, carId) values (?, ?, ?, ?, ?)
2018-08-18 08:12:13.588 DEBUG 13626 --- [    Test worker] org.hibernate.SQL                        : insert into CarStatusTable (carAvailability, carType, latitude, longitude, carId) values (?, ?, ?, ?, ?)
2018-08-18 08:12:13.589 DEBUG 13626 --- [    Test worker] org.hibernate.SQL                        : insert into CarStatusTable (carAvailability, carType, latitude, longitude, carId) values (?, ?, ?, ?, ?)
2018-08-18 08:12:13.589 DEBUG 13626 --- [    Test worker] org.hibernate.SQL                        : insert into CarStatusTable (carAvailability, carType, latitude, longitude, carId) values (?, ?, ?, ?, ?)
2018-08-18 08:12:13.591 DEBUG 13626 --- [    Test worker] org.hibernate.SQL                        : insert into CarStatusTable (carAvailability, carType, latitude, longitude, carId) values (?, ?, ?, ?, ?)
2018-08-18 08:12:13.592 DEBUG 13626 --- [    Test worker] org.hibernate.SQL                        : insert into CarStatusTable (carAvailability, carType, latitude, longitude, carId) values (?, ?, ?, ?, ?)
2018-08-18 08:12:13.592 DEBUG 13626 --- [    Test worker] org.hibernate.SQL                        : insert into CarStatusTable (carAvailability, carType, latitude, longitude, carId) values (?, ?, ?, ?, ?)
2018-08-18 08:12:13.593 DEBUG 13626 --- [    Test worker] org.hibernate.SQL                        : insert into CarStatusTable (carAvailability, carType, latitude, longitude, carId) values (?, ?, ?, ?, ?)
2018-08-18 08:12:13.593 DEBUG 13626 --- [    Test worker] org.hibernate.SQL                        : insert into CarStatusTable (carAvailability, carType, latitude, longitude, carId) values (?, ?, ?, ?, ?)
2018-08-18 08:12:13.593 DEBUG 13626 --- [    Test worker] org.hibernate.SQL                        : insert into CarStatusTable (carAvailability, carType, latitude, longitude, carId) values (?, ?, ?, ?, ?)
2018-08-18 08:12:13.596 DEBUG 13626 --- [    Test worker] org.hibernate.SQL                        : insert into CarStatusTable (carAvailability, carType, latitude, longitude, carId) values (?, ?, ?, ?, ?)
2018-08-18 08:12:13.597 DEBUG 13626 --- [    Test worker] org.hibernate.SQL                        : insert into CarStatusTable (carAvailability, carType, latitude, longitude, carId) values (?, ?, ?, ?, ?)
2018-08-18 08:12:13.600 DEBUG 13626 --- [    Test worker] org.hibernate.SQL                        : insert into CarStatusTable (carAvailability, carType, latitude, longitude, carId) values (?, ?, ?, ?, ?)
2018-08-18 08:12:13.601 DEBUG 13626 --- [    Test worker] org.hibernate.SQL                        : insert into CarStatusTable (carAvailability, carType, latitude, longitude, carId) values (?, ?, ?, ?, ?)
2018-08-18 08:12:13.601 DEBUG 13626 --- [    Test worker] org.hibernate.SQL                        : insert into CarStatusTable (carAvailability, carType, latitude, longitude, carId) values (?, ?, ?, ?, ?)
2018-08-18 08:12:13.602 DEBUG 13626 --- [    Test worker] org.hibernate.SQL                        : insert into CarStatusTable (carAvailability, carType, latitude, longitude, carId) values (?, ?, ?, ?, ?)
2018-08-18 08:12:13.602 DEBUG 13626 --- [    Test worker] org.hibernate.SQL                        : insert into CarStatusTable (carAvailability, carType, latitude, longitude, carId) values (?, ?, ?, ?, ?)
2018-08-18 08:12:13.602 DEBUG 13626 --- [    Test worker] org.hibernate.SQL                        : insert into CarStatusTable (carAvailability, carType, latitude, longitude, carId) values (?, ?, ?, ?, ?)
2018-08-18 08:12:13.603 DEBUG 13626 --- [    Test worker] org.hibernate.SQL                        : insert into CarStatusTable (carAvailability, carType, latitude, longitude, carId) values (?, ?, ?, ?, ?)
2018-08-18 08:12:13.603 DEBUG 13626 --- [    Test worker] org.hibernate.SQL                        : insert into CarStatusTable (carAvailability, carType, latitude, longitude, carId) values (?, ?, ?, ?, ?)
2018-08-18 08:12:13.603 DEBUG 13626 --- [    Test worker] org.hibernate.SQL                        : insert into CarStatusTable (carAvailability, carType, latitude, longitude, carId) values (?, ?, ?, ?, ?)
2018-08-18 08:12:13.604 DEBUG 13626 --- [    Test worker] org.hibernate.SQL                        : insert into CarStatusTable (carAvailability, carType, latitude, longitude, carId) values (?, ?, ?, ?, ?)
2018-08-18 08:12:13.604 DEBUG 13626 --- [    Test worker] org.hibernate.SQL                        : insert into CarStatusTable (carAvailability, carType, latitude, longitude, carId) values (?, ?, ?, ?, ?)
2018-08-18 08:12:13.604 DEBUG 13626 --- [    Test worker] org.hibernate.SQL                        : insert into CarStatusTable (carAvailability, carType, latitude, longitude, carId) values (?, ?, ?, ?, ?)
2018-08-18 08:12:13.605 DEBUG 13626 --- [    Test worker] org.hibernate.SQL                        : insert into CarStatusTable (carAvailability, carType, latitude, longitude, carId) values (?, ?, ?, ?, ?)
2018-08-18 08:12:13.605 DEBUG 13626 --- [    Test worker] org.hibernate.SQL                        : insert into CarStatusTable (carAvailability, carType, latitude, longitude, carId) values (?, ?, ?, ?, ?)
2018-08-18 08:12:13.605 DEBUG 13626 --- [    Test worker] org.hibernate.SQL                        : insert into CarStatusTable (carAvailability, carType, latitude, longitude, carId) values (?, ?, ?, ?, ?)
2018-08-18 08:12:13.606 DEBUG 13626 --- [    Test worker] org.hibernate.SQL                        : insert into CarStatusTable (carAvailability, carType, latitude, longitude, carId) values (?, ?, ?, ?, ?)
2018-08-18 08:12:13.606 DEBUG 13626 --- [    Test worker] org.hibernate.SQL                        : insert into CarStatusTable (carAvailability, carType, latitude, longitude, carId) values (?, ?, ?, ?, ?)
2018-08-18 08:12:13.612 DEBUG 13626 --- [    Test worker] org.hibernate.SQL                        : insert into CarStatusTable (carAvailability, carType, latitude, longitude, carId) values (?, ?, ?, ?, ?)
2018-08-18 08:12:13.612 DEBUG 13626 --- [    Test worker] org.hibernate.SQL                        : insert into CarStatusTable (carAvailability, carType, latitude, longitude, carId) values (?, ?, ?, ?, ?)
2018-08-18 08:12:13.613 DEBUG 13626 --- [    Test worker] org.hibernate.SQL                        : insert into CarStatusTable (carAvailability, carType, latitude, longitude, carId) values (?, ?, ?, ?, ?)
2018-08-18 08:12:13.613 DEBUG 13626 --- [    Test worker] org.hibernate.SQL                        : insert into CarStatusTable (carAvailability, carType, latitude, longitude, carId) values (?, ?, ?, ?, ?)
2018-08-18 08:12:13.617 DEBUG 13626 --- [    Test worker] org.hibernate.SQL                        : insert into CarStatusTable (carAvailability, carType, latitude, longitude, carId) values (?, ?, ?, ?, ?)
2018-08-18 08:12:13.618 DEBUG 13626 --- [    Test worker] org.hibernate.SQL                        : insert into CarStatusTable (carAvailability, carType, latitude, longitude, carId) values (?, ?, ?, ?, ?)
2018-08-18 08:12:13.618 DEBUG 13626 --- [    Test worker] org.hibernate.SQL                        : insert into CarStatusTable (carAvailability, carType, latitude, longitude, carId) values (?, ?, ?, ?, ?)
2018-08-18 08:12:13.618 DEBUG 13626 --- [    Test worker] org.hibernate.SQL                        : insert into CarStatusTable (carAvailability, carType, latitude, longitude, carId) values (?, ?, ?, ?, ?)
2018-08-18 08:12:13.619 DEBUG 13626 --- [    Test worker] org.hibernate.SQL                        : insert into CarStatusTable (carAvailability, carType, latitude, longitude, carId) values (?, ?, ?, ?, ?)
2018-08-18 08:12:13.619 DEBUG 13626 --- [    Test worker] org.hibernate.SQL                        : insert into CarStatusTable (carAvailability, carType, latitude, longitude, carId) values (?, ?, ?, ?, ?)
2018-08-18 08:12:13.619 DEBUG 13626 --- [    Test worker] org.hibernate.SQL                        : insert into CarStatusTable (carAvailability, carType, latitude, longitude, carId) values (?, ?, ?, ?, ?)
2018-08-18 08:12:13.620 DEBUG 13626 --- [    Test worker] org.hibernate.SQL                        : insert into CarStatusTable (carAvailability, carType, latitude, longitude, carId) values (?, ?, ?, ?, ?)
2018-08-18 08:12:13.620 DEBUG 13626 --- [    Test worker] org.hibernate.SQL                        : insert into CarStatusTable (carAvailability, carType, latitude, longitude, carId) values (?, ?, ?, ?, ?)
2018-08-18 08:12:13.620 DEBUG 13626 --- [    Test worker] org.hibernate.SQL                        : insert into CarStatusTable (carAvailability, carType, latitude, longitude, carId) values (?, ?, ?, ?, ?)
2018-08-18 08:12:13.627 DEBUG 13626 --- [    Test worker] org.hibernate.SQL                        : insert into CarStatusTable (carAvailability, carType, latitude, longitude, carId) values (?, ?, ?, ?, ?)
2018-08-18 08:12:13.627 DEBUG 13626 --- [    Test worker] org.hibernate.SQL                        : insert into CarStatusTable (carAvailability, carType, latitude, longitude, carId) values (?, ?, ?, ?, ?)
2018-08-18 08:12:13.628 DEBUG 13626 --- [    Test worker] org.hibernate.SQL                        : insert into CarStatusTable (carAvailability, carType, latitude, longitude, carId) values (?, ?, ?, ?, ?)
2018-08-18 08:12:13.628 DEBUG 13626 --- [    Test worker] org.hibernate.SQL                        : insert into CarStatusTable (carAvailability, carType, latitude, longitude, carId) values (?, ?, ?, ?, ?)
2018-08-18 08:12:13.629 DEBUG 13626 --- [    Test worker] org.hibernate.SQL                        : insert into CarStatusTable (carAvailability, carType, latitude, longitude, carId) values (?, ?, ?, ?, ?)
2018-08-18 08:12:13.629 DEBUG 13626 --- [    Test worker] org.hibernate.SQL                        : insert into CarStatusTable (carAvailability, carType, latitude, longitude, carId) values (?, ?, ?, ?, ?)
2018-08-18 08:12:13.629 DEBUG 13626 --- [    Test worker] org.hibernate.SQL                        : insert into CarStatusTable (carAvailability, carType, latitude, longitude, carId) values (?, ?, ?, ?, ?)
2018-08-18 08:12:13.632 DEBUG 13626 --- [    Test worker] org.hibernate.SQL                        : insert into CarStatusTable (carAvailability, carType, latitude, longitude, carId) values (?, ?, ?, ?, ?)
2018-08-18 08:12:13.633 DEBUG 13626 --- [    Test worker] org.hibernate.SQL                        : insert into CarStatusTable (carAvailability, carType, latitude, longitude, carId) values (?, ?, ?, ?, ?)
2018-08-18 08:12:13.633 DEBUG 13626 --- [    Test worker] org.hibernate.SQL                        : insert into CarStatusTable (carAvailability, carType, latitude, longitude, carId) values (?, ?, ?, ?, ?)
2018-08-18 08:12:13.634 DEBUG 13626 --- [    Test worker] org.hibernate.SQL                        : insert into CarStatusTable (carAvailability, carType, latitude, longitude, carId) values (?, ?, ?, ?, ?)
2018-08-18 08:12:13.635 DEBUG 13626 --- [    Test worker] org.hibernate.SQL                        : insert into CarStatusTable (carAvailability, carType, latitude, longitude, carId) values (?, ?, ?, ?, ?)
2018-08-18 08:12:13.635 DEBUG 13626 --- [    Test worker] org.hibernate.SQL                        : insert into CarStatusTable (carAvailability, carType, latitude, longitude, carId) values (?, ?, ?, ?, ?)
2018-08-18 08:12:13.635 DEBUG 13626 --- [    Test worker] org.hibernate.SQL                        : insert into CarStatusTable (carAvailability, carType, latitude, longitude, carId) values (?, ?, ?, ?, ?)
2018-08-18 08:12:13.636 DEBUG 13626 --- [    Test worker] org.hibernate.SQL                        : insert into CarStatusTable (carAvailability, carType, latitude, longitude, carId) values (?, ?, ?, ?, ?)
2018-08-18 08:12:13.636 DEBUG 13626 --- [    Test worker] org.hibernate.SQL                        : insert into CarStatusTable (carAvailability, carType, latitude, longitude, carId) values (?, ?, ?, ?, ?)
2018-08-18 08:12:13.645 DEBUG 13626 --- [    Test worker] org.hibernate.SQL                        : insert into CarStatusTable (carAvailability, carType, latitude, longitude, carId) values (?, ?, ?, ?, ?)
2018-08-18 08:12:13.647 DEBUG 13626 --- [    Test worker] org.hibernate.SQL                        : insert into CarStatusTable (carAvailability, carType, latitude, longitude, carId) values (?, ?, ?, ?, ?)
2018-08-18 08:12:13.650 DEBUG 13626 --- [    Test worker] org.hibernate.SQL                        : insert into CarStatusTable (carAvailability, carType, latitude, longitude, carId) values (?, ?, ?, ?, ?)
2018-08-18 08:12:13.651 DEBUG 13626 --- [    Test worker] org.hibernate.SQL                        : insert into CarStatusTable (carAvailability, carType, latitude, longitude, carId) values (?, ?, ?, ?, ?)
2018-08-18 08:12:13.658 DEBUG 13626 --- [    Test worker] org.hibernate.SQL                        : insert into CarStatusTable (carAvailability, carType, latitude, longitude, carId) values (?, ?, ?, ?, ?)
2018-08-18 08:12:13.659 DEBUG 13626 --- [    Test worker] org.hibernate.SQL                        : insert into CarStatusTable (carAvailability, carType, latitude, longitude, carId) values (?, ?, ?, ?, ?)
2018-08-18 08:12:13.662 DEBUG 13626 --- [    Test worker] org.hibernate.SQL                        : insert into CarStatusTable (carAvailability, carType, latitude, longitude, carId) values (?, ?, ?, ?, ?)
2018-08-18 08:12:13.663 DEBUG 13626 --- [    Test worker] org.hibernate.SQL                        : insert into CarStatusTable (carAvailability, carType, latitude, longitude, carId) values (?, ?, ?, ?, ?)
2018-08-18 08:12:13.665 DEBUG 13626 --- [    Test worker] org.hibernate.SQL                        : insert into CarStatusTable (carAvailability, carType, latitude, longitude, carId) values (?, ?, ?, ?, ?)
2018-08-18 08:12:13.667 DEBUG 13626 --- [    Test worker] org.hibernate.SQL                        : insert into CarStatusTable (carAvailability, carType, latitude, longitude, carId) values (?, ?, ?, ?, ?)
2018-08-18 08:12:13.668 DEBUG 13626 --- [    Test worker] org.hibernate.SQL                        : insert into CarStatusTable (carAvailability, carType, latitude, longitude, carId) values (?, ?, ?, ?, ?)
2018-08-18 08:12:13.669 DEBUG 13626 --- [    Test worker] org.hibernate.SQL                        : insert into CarStatusTable (carAvailability, carType, latitude, longitude, carId) values (?, ?, ?, ?, ?)
2018-08-18 08:12:13.671 DEBUG 13626 --- [    Test worker] org.hibernate.SQL                        : insert into CarStatusTable (carAvailability, carType, latitude, longitude, carId) values (?, ?, ?, ?, ?)
2018-08-18 08:12:13.672 DEBUG 13626 --- [    Test worker] org.hibernate.SQL                        : insert into CarStatusTable (carAvailability, carType, latitude, longitude, carId) values (?, ?, ?, ?, ?)
2018-08-18 08:12:13.673 DEBUG 13626 --- [    Test worker] org.hibernate.SQL                        : insert into CarStatusTable (carAvailability, carType, latitude, longitude, carId) values (?, ?, ?, ?, ?)
2018-08-18 08:12:13.674 DEBUG 13626 --- [    Test worker] org.hibernate.SQL                        : insert into CarStatusTable (carAvailability, carType, latitude, longitude, carId) values (?, ?, ?, ?, ?)
2018-08-18 08:12:13.675 DEBUG 13626 --- [    Test worker] org.hibernate.SQL                        : insert into CarStatusTable (carAvailability, carType, latitude, longitude, carId) values (?, ?, ?, ?, ?)
2018-08-18 08:12:13.677 DEBUG 13626 --- [    Test worker] org.hibernate.SQL                        : insert into CarStatusTable (carAvailability, carType, latitude, longitude, carId) values (?, ?, ?, ?, ?)
2018-08-18 08:12:13.678 DEBUG 13626 --- [    Test worker] org.hibernate.SQL                        : insert into CarStatusTable (carAvailability, carType, latitude, longitude, carId) values (?, ?, ?, ?, ?)
2018-08-18 08:12:13.679 DEBUG 13626 --- [    Test worker] org.hibernate.SQL                        : insert into CarStatusTable (carAvailability, carType, latitude, longitude, carId) values (?, ?, ?, ?, ?)
2018-08-18 08:12:13.680 DEBUG 13626 --- [    Test worker] org.hibernate.SQL                        : insert into CarStatusTable (carAvailability, carType, latitude, longitude, carId) values (?, ?, ?, ?, ?)
2018-08-18 08:12:13.681 DEBUG 13626 --- [    Test worker] org.hibernate.SQL                        : insert into CarStatusTable (carAvailability, carType, latitude, longitude, carId) values (?, ?, ?, ?, ?)
2018-08-18 08:12:13.682 DEBUG 13626 --- [    Test worker] org.hibernate.SQL                        : insert into CarStatusTable (carAvailability, carType, latitude, longitude, carId) values (?, ?, ?, ?, ?)
2018-08-18 08:12:13.683 DEBUG 13626 --- [    Test worker] org.hibernate.SQL                        : insert into CarStatusTable (carAvailability, carType, latitude, longitude, carId) values (?, ?, ?, ?, ?)
2018-08-18 08:12:13.693 DEBUG 13626 --- [    Test worker] org.hibernate.SQL                        : insert into CarStatusTable (carAvailability, carType, latitude, longitude, carId) values (?, ?, ?, ?, ?)
2018-08-18 08:12:13.694 DEBUG 13626 --- [    Test worker] org.hibernate.SQL                        : insert into CarStatusTable (carAvailability, carType, latitude, longitude, carId) values (?, ?, ?, ?, ?)
2018-08-18 08:12:13.696 DEBUG 13626 --- [    Test worker] org.hibernate.SQL                        : insert into CarStatusTable (carAvailability, carType, latitude, longitude, carId) values (?, ?, ?, ?, ?)
2018-08-18 08:12:13.697 DEBUG 13626 --- [    Test worker] org.hibernate.SQL                        : insert into CarStatusTable (carAvailability, carType, latitude, longitude, carId) values (?, ?, ?, ?, ?)
2018-08-18 08:12:13.699 DEBUG 13626 --- [    Test worker] org.hibernate.SQL                        : insert into CarStatusTable (carAvailability, carType, latitude, longitude, carId) values (?, ?, ?, ?, ?)
2018-08-18 08:12:13.700 DEBUG 13626 --- [    Test worker] org.hibernate.SQL                        : insert into CarStatusTable (carAvailability, carType, latitude, longitude, carId) values (?, ?, ?, ?, ?)
2018-08-18 08:12:13.701 DEBUG 13626 --- [    Test worker] org.hibernate.SQL                        : insert into CarStatusTable (carAvailability, carType, latitude, longitude, carId) values (?, ?, ?, ?, ?)
2018-08-18 08:12:13.701 DEBUG 13626 --- [    Test worker] org.hibernate.SQL                        : insert into CarStatusTable (carAvailability, carType, latitude, longitude, carId) values (?, ?, ?, ?, ?)
2018-08-18 08:12:13.702 DEBUG 13626 --- [    Test worker] org.hibernate.SQL                        : insert into CarStatusTable (carAvailability, carType, latitude, longitude, carId) values (?, ?, ?, ?, ?)
2018-08-18 08:12:13.703 DEBUG 13626 --- [    Test worker] org.hibernate.SQL                        : insert into CarStatusTable (carAvailability, carType, latitude, longitude, carId) values (?, ?, ?, ?, ?)
2018-08-18 08:12:13.704 DEBUG 13626 --- [    Test worker] org.hibernate.SQL                        : insert into CarStatusTable (carAvailability, carType, latitude, longitude, carId) values (?, ?, ?, ?, ?)
2018-08-18 08:12:13.705 DEBUG 13626 --- [    Test worker] org.hibernate.SQL                        : insert into CarStatusTable (carAvailability, carType, latitude, longitude, carId) values (?, ?, ?, ?, ?)
2018-08-18 08:12:13.705 DEBUG 13626 --- [    Test worker] org.hibernate.SQL                        : insert into CarStatusTable (carAvailability, carType, latitude, longitude, carId) values (?, ?, ?, ?, ?)
2018-08-18 08:12:13.706 DEBUG 13626 --- [    Test worker] org.hibernate.SQL                        : insert into CarStatusTable (carAvailability, carType, latitude, longitude, carId) values (?, ?, ?, ?, ?)
2018-08-18 08:12:13.710 DEBUG 13626 --- [    Test worker] org.hibernate.SQL                        : insert into CarStatusTable (carAvailability, carType, latitude, longitude, carId) values (?, ?, ?, ?, ?)
2018-08-18 08:12:13.715 DEBUG 13626 --- [    Test worker] org.hibernate.SQL                        : insert into CarStatusTable (carAvailability, carType, latitude, longitude, carId) values (?, ?, ?, ?, ?)
2018-08-18 08:12:13.721 DEBUG 13626 --- [    Test worker] org.hibernate.SQL                        : insert into CarStatusTable (carAvailability, carType, latitude, longitude, carId) values (?, ?, ?, ?, ?)
2018-08-18 08:12:13.726 DEBUG 13626 --- [    Test worker] org.hibernate.SQL                        : insert into CarStatusTable (carAvailability, carType, latitude, longitude, carId) values (?, ?, ?, ?, ?)
2018-08-18 08:12:13.728 DEBUG 13626 --- [    Test worker] org.hibernate.SQL                        : insert into CarStatusTable (carAvailability, carType, latitude, longitude, carId) values (?, ?, ?, ?, ?)
2018-08-18 08:12:13.731 DEBUG 13626 --- [    Test worker] org.hibernate.SQL                        : insert into CarStatusTable (carAvailability, carType, latitude, longitude, carId) values (?, ?, ?, ?, ?)
2018-08-18 08:12:13.733 DEBUG 13626 --- [    Test worker] org.hibernate.SQL                        : insert into CarStatusTable (carAvailability, carType, latitude, longitude, carId) values (?, ?, ?, ?, ?)
2018-08-18 08:12:13.735 DEBUG 13626 --- [    Test worker] org.hibernate.SQL                        : insert into CarStatusTable (carAvailability, carType, latitude, longitude, carId) values (?, ?, ?, ?, ?)
2018-08-18 08:12:13.737 DEBUG 13626 --- [    Test worker] org.hibernate.SQL                        : insert into CarStatusTable (carAvailability, carType, latitude, longitude, carId) values (?, ?, ?, ?, ?)
2018-08-18 08:12:13.738 DEBUG 13626 --- [    Test worker] org.hibernate.SQL                        : insert into CarStatusTable (carAvailability, carType, latitude, longitude, carId) values (?, ?, ?, ?, ?)
2018-08-18 08:12:13.740 DEBUG 13626 --- [    Test worker] org.hibernate.SQL                        : insert into CarStatusTable (carAvailability, carType, latitude, longitude, carId) values (?, ?, ?, ?, ?)
2018-08-18 08:12:13.742 DEBUG 13626 --- [    Test worker] org.hibernate.SQL                        : insert into CarStatusTable (carAvailability, carType, latitude, longitude, carId) values (?, ?, ?, ?, ?)
2018-08-18 08:12:13.745 DEBUG 13626 --- [    Test worker] org.hibernate.SQL                        : insert into CarStatusTable (carAvailability, carType, latitude, longitude, carId) values (?, ?, ?, ?, ?)
2018-08-18 08:12:13.746 DEBUG 13626 --- [    Test worker] org.hibernate.SQL                        : insert into CarStatusTable (carAvailability, carType, latitude, longitude, carId) values (?, ?, ?, ?, ?)
2018-08-18 08:12:13.747 DEBUG 13626 --- [    Test worker] org.hibernate.SQL                        : insert into CarStatusTable (carAvailability, carType, latitude, longitude, carId) values (?, ?, ?, ?, ?)
2018-08-18 08:12:13.750 DEBUG 13626 --- [    Test worker] org.hibernate.SQL                        : insert into CarStatusTable (carAvailability, carType, latitude, longitude, carId) values (?, ?, ?, ?, ?)
2018-08-18 08:12:13.751 DEBUG 13626 --- [    Test worker] org.hibernate.SQL                        : insert into CarStatusTable (carAvailability, carType, latitude, longitude, carId) values (?, ?, ?, ?, ?)
2018-08-18 08:12:13.753 DEBUG 13626 --- [    Test worker] org.hibernate.SQL                        : insert into CarStatusTable (carAvailability, carType, latitude, longitude, carId) values (?, ?, ?, ?, ?)
2018-08-18 08:12:13.755 DEBUG 13626 --- [    Test worker] org.hibernate.SQL                        : insert into CarStatusTable (carAvailability, carType, latitude, longitude, carId) values (?, ?, ?, ?, ?)
2018-08-18 08:12:13.757 DEBUG 13626 --- [    Test worker] org.hibernate.SQL                        : insert into CarStatusTable (carAvailability, carType, latitude, longitude, carId) values (?, ?, ?, ?, ?)
2018-08-18 08:12:13.758 DEBUG 13626 --- [    Test worker] org.hibernate.SQL                        : insert into CarStatusTable (carAvailability, carType, latitude, longitude, carId) values (?, ?, ?, ?, ?)
2018-08-18 08:12:13.759 DEBUG 13626 --- [    Test worker] org.hibernate.SQL                        : insert into CarStatusTable (carAvailability, carType, latitude, longitude, carId) values (?, ?, ?, ?, ?)
2018-08-18 08:12:13.761 DEBUG 13626 --- [    Test worker] org.hibernate.SQL                        : insert into CarStatusTable (carAvailability, carType, latitude, longitude, carId) values (?, ?, ?, ?, ?)
2018-08-18 08:12:13.763 DEBUG 13626 --- [    Test worker] org.hibernate.SQL                        : insert into CarStatusTable (carAvailability, carType, latitude, longitude, carId) values (?, ?, ?, ?, ?)
2018-08-18 08:12:13.764 DEBUG 13626 --- [    Test worker] org.hibernate.SQL                        : insert into CarStatusTable (carAvailability, carType, latitude, longitude, carId) values (?, ?, ?, ?, ?)
2018-08-18 08:12:13.765 DEBUG 13626 --- [    Test worker] org.hibernate.SQL                        : insert into CarStatusTable (carAvailability, carType, latitude, longitude, carId) values (?, ?, ?, ?, ?)
2018-08-18 08:12:13.767 DEBUG 13626 --- [    Test worker] org.hibernate.SQL                        : insert into CarStatusTable (carAvailability, carType, latitude, longitude, carId) values (?, ?, ?, ?, ?)
2018-08-18 08:12:13.768 DEBUG 13626 --- [    Test worker] org.hibernate.SQL                        : insert into CarStatusTable (carAvailability, carType, latitude, longitude, carId) values (?, ?, ?, ?, ?)
2018-08-18 08:12:13.773 DEBUG 13626 --- [    Test worker] org.hibernate.SQL                        : insert into CarStatusTable (carAvailability, carType, latitude, longitude, carId) values (?, ?, ?, ?, ?)
2018-08-18 08:12:13.775 DEBUG 13626 --- [    Test worker] org.hibernate.SQL                        : insert into CarStatusTable (carAvailability, carType, latitude, longitude, carId) values (?, ?, ?, ?, ?)
2018-08-18 08:12:13.780 DEBUG 13626 --- [    Test worker] org.hibernate.SQL                        : insert into CarStatusTable (carAvailability, carType, latitude, longitude, carId) values (?, ?, ?, ?, ?)
2018-08-18 08:12:13.781 DEBUG 13626 --- [    Test worker] org.hibernate.SQL                        : insert into CarStatusTable (carAvailability, carType, latitude, longitude, carId) values (?, ?, ?, ?, ?)
2018-08-18 08:12:13.781 DEBUG 13626 --- [    Test worker] org.hibernate.SQL                        : insert into CarStatusTable (carAvailability, carType, latitude, longitude, carId) values (?, ?, ?, ?, ?)
2018-08-18 08:12:13.782 DEBUG 13626 --- [    Test worker] org.hibernate.SQL                        : insert into CarStatusTable (carAvailability, carType, latitude, longitude, carId) values (?, ?, ?, ?, ?)
2018-08-18 08:12:13.782 DEBUG 13626 --- [    Test worker] org.hibernate.SQL                        : insert into CarStatusTable (carAvailability, carType, latitude, longitude, carId) values (?, ?, ?, ?, ?)
2018-08-18 08:12:13.786 DEBUG 13626 --- [    Test worker] org.hibernate.SQL                        : insert into CarStatusTable (carAvailability, carType, latitude, longitude, carId) values (?, ?, ?, ?, ?)
2018-08-18 08:12:13.790 DEBUG 13626 --- [    Test worker] org.hibernate.SQL                        : insert into CarStatusTable (carAvailability, carType, latitude, longitude, carId) values (?, ?, ?, ?, ?)
2018-08-18 08:12:13.790 DEBUG 13626 --- [    Test worker] org.hibernate.SQL                        : insert into CarStatusTable (carAvailability, carType, latitude, longitude, carId) values (?, ?, ?, ?, ?)
2018-08-18 08:12:13.791 DEBUG 13626 --- [    Test worker] org.hibernate.SQL                        : insert into CarStatusTable (carAvailability, carType, latitude, longitude, carId) values (?, ?, ?, ?, ?)
2018-08-18 08:12:13.791 DEBUG 13626 --- [    Test worker] org.hibernate.SQL                        : insert into CarStatusTable (carAvailability, carType, latitude, longitude, carId) values (?, ?, ?, ?, ?)
2018-08-18 08:12:13.791 DEBUG 13626 --- [    Test worker] org.hibernate.SQL                        : insert into CarStatusTable (carAvailability, carType, latitude, longitude, carId) values (?, ?, ?, ?, ?)
2018-08-18 08:12:13.792 DEBUG 13626 --- [    Test worker] org.hibernate.SQL                        : insert into CarStatusTable (carAvailability, carType, latitude, longitude, carId) values (?, ?, ?, ?, ?)
2018-08-18 08:12:13.795 DEBUG 13626 --- [    Test worker] org.hibernate.SQL                        : insert into CarStatusTable (carAvailability, carType, latitude, longitude, carId) values (?, ?, ?, ?, ?)
2018-08-18 08:12:13.801 DEBUG 13626 --- [    Test worker] org.hibernate.SQL                        : insert into CarStatusTable (carAvailability, carType, latitude, longitude, carId) values (?, ?, ?, ?, ?)
2018-08-18 08:12:13.801 DEBUG 13626 --- [    Test worker] org.hibernate.SQL                        : insert into CarStatusTable (carAvailability, carType, latitude, longitude, carId) values (?, ?, ?, ?, ?)
2018-08-18 08:12:13.802 DEBUG 13626 --- [    Test worker] org.hibernate.SQL                        : insert into CarStatusTable (carAvailability, carType, latitude, longitude, carId) values (?, ?, ?, ?, ?)
2018-08-18 08:12:13.802 DEBUG 13626 --- [    Test worker] org.hibernate.SQL                        : insert into CarStatusTable (carAvailability, carType, latitude, longitude, carId) values (?, ?, ?, ?, ?)
2018-08-18 08:12:13.803 DEBUG 13626 --- [    Test worker] org.hibernate.SQL                        : insert into CarStatusTable (carAvailability, carType, latitude, longitude, carId) values (?, ?, ?, ?, ?)
2018-08-18 08:12:13.803 DEBUG 13626 --- [    Test worker] org.hibernate.SQL                        : insert into CarStatusTable (carAvailability, carType, latitude, longitude, carId) values (?, ?, ?, ?, ?)
2018-08-18 08:12:13.803 DEBUG 13626 --- [    Test worker] org.hibernate.SQL                        : insert into CarStatusTable (carAvailability, carType, latitude, longitude, carId) values (?, ?, ?, ?, ?)
2018-08-18 08:12:13.804 DEBUG 13626 --- [    Test worker] org.hibernate.SQL                        : insert into CarStatusTable (carAvailability, carType, latitude, longitude, carId) values (?, ?, ?, ?, ?)
2018-08-18 08:12:13.804 DEBUG 13626 --- [    Test worker] org.hibernate.SQL                        : insert into CarStatusTable (carAvailability, carType, latitude, longitude, carId) values (?, ?, ?, ?, ?)
2018-08-18 08:12:13.804 DEBUG 13626 --- [    Test worker] org.hibernate.SQL                        : insert into CarStatusTable (carAvailability, carType, latitude, longitude, carId) values (?, ?, ?, ?, ?)
2018-08-18 08:12:13.805 DEBUG 13626 --- [    Test worker] org.hibernate.SQL                        : insert into CarStatusTable (carAvailability, carType, latitude, longitude, carId) values (?, ?, ?, ?, ?)
2018-08-18 08:12:13.808 DEBUG 13626 --- [    Test worker] org.hibernate.SQL                        : insert into CarStatusTable (carAvailability, carType, latitude, longitude, carId) values (?, ?, ?, ?, ?)
2018-08-18 08:12:13.809 DEBUG 13626 --- [    Test worker] org.hibernate.SQL                        : insert into CarStatusTable (carAvailability, carType, latitude, longitude, carId) values (?, ?, ?, ?, ?)
2018-08-18 08:12:13.809 DEBUG 13626 --- [    Test worker] org.hibernate.SQL                        : insert into CarStatusTable (carAvailability, carType, latitude, longitude, carId) values (?, ?, ?, ?, ?)
2018-08-18 08:12:13.809 DEBUG 13626 --- [    Test worker] org.hibernate.SQL                        : insert into CarStatusTable (carAvailability, carType, latitude, longitude, carId) values (?, ?, ?, ?, ?)
2018-08-18 08:12:13.810 DEBUG 13626 --- [    Test worker] org.hibernate.SQL                        : insert into CarStatusTable (carAvailability, carType, latitude, longitude, carId) values (?, ?, ?, ?, ?)
2018-08-18 08:12:13.814 DEBUG 13626 --- [    Test worker] org.hibernate.SQL                        : insert into CarStatusTable (carAvailability, carType, latitude, longitude, carId) values (?, ?, ?, ?, ?)
2018-08-18 08:12:13.814 DEBUG 13626 --- [    Test worker] org.hibernate.SQL                        : insert into CarStatusTable (carAvailability, carType, latitude, longitude, carId) values (?, ?, ?, ?, ?)
2018-08-18 08:12:13.815 DEBUG 13626 --- [    Test worker] org.hibernate.SQL                        : insert into CarStatusTable (carAvailability, carType, latitude, longitude, carId) values (?, ?, ?, ?, ?)
2018-08-18 08:12:13.821 DEBUG 13626 --- [    Test worker] org.hibernate.SQL                        : insert into CarStatusTable (carAvailability, carType, latitude, longitude, carId) values (?, ?, ?, ?, ?)
2018-08-18 08:12:13.822 DEBUG 13626 --- [    Test worker] org.hibernate.SQL                        : insert into CarStatusTable (carAvailability, carType, latitude, longitude, carId) values (?, ?, ?, ?, ?)
2018-08-18 08:12:13.822 DEBUG 13626 --- [    Test worker] org.hibernate.SQL                        : insert into CarStatusTable (carAvailability, carType, latitude, longitude, carId) values (?, ?, ?, ?, ?)
2018-08-18 08:12:13.823 DEBUG 13626 --- [    Test worker] org.hibernate.SQL                        : insert into CarStatusTable (carAvailability, carType, latitude, longitude, carId) values (?, ?, ?, ?, ?)
2018-08-18 08:12:13.823 DEBUG 13626 --- [    Test worker] org.hibernate.SQL                        : insert into CarStatusTable (carAvailability, carType, latitude, longitude, carId) values (?, ?, ?, ?, ?)
2018-08-18 08:12:13.823 DEBUG 13626 --- [    Test worker] org.hibernate.SQL                        : insert into CarStatusTable (carAvailability, carType, latitude, longitude, carId) values (?, ?, ?, ?, ?)
2018-08-18 08:12:13.824 DEBUG 13626 --- [    Test worker] org.hibernate.SQL                        : insert into CarStatusTable (carAvailability, carType, latitude, longitude, carId) values (?, ?, ?, ?, ?)
2018-08-18 08:12:13.824 DEBUG 13626 --- [    Test worker] org.hibernate.SQL                        : insert into CarStatusTable (carAvailability, carType, latitude, longitude, carId) values (?, ?, ?, ?, ?)
2018-08-18 08:12:13.824 DEBUG 13626 --- [    Test worker] org.hibernate.SQL                        : insert into CarStatusTable (carAvailability, carType, latitude, longitude, carId) values (?, ?, ?, ?, ?)
2018-08-18 08:12:13.825 DEBUG 13626 --- [    Test worker] org.hibernate.SQL                        : insert into CarStatusTable (carAvailability, carType, latitude, longitude, carId) values (?, ?, ?, ?, ?)
2018-08-18 08:12:13.825 DEBUG 13626 --- [    Test worker] org.hibernate.SQL                        : insert into CarStatusTable (carAvailability, carType, latitude, longitude, carId) values (?, ?, ?, ?, ?)
2018-08-18 08:12:13.825 DEBUG 13626 --- [    Test worker] org.hibernate.SQL                        : insert into CarStatusTable (carAvailability, carType, latitude, longitude, carId) values (?, ?, ?, ?, ?)
2018-08-18 08:12:13.830 DEBUG 13626 --- [    Test worker] org.hibernate.SQL                        : insert into CarStatusTable (carAvailability, carType, latitude, longitude, carId) values (?, ?, ?, ?, ?)
2018-08-18 08:12:13.831 DEBUG 13626 --- [    Test worker] org.hibernate.SQL                        : insert into CarStatusTable (carAvailability, carType, latitude, longitude, carId) values (?, ?, ?, ?, ?)
2018-08-18 08:12:13.831 DEBUG 13626 --- [    Test worker] org.hibernate.SQL                        : insert into CarStatusTable (carAvailability, carType, latitude, longitude, carId) values (?, ?, ?, ?, ?)
2018-08-18 08:12:13.832 DEBUG 13626 --- [    Test worker] org.hibernate.SQL                        : insert into CarStatusTable (carAvailability, carType, latitude, longitude, carId) values (?, ?, ?, ?, ?)
2018-08-18 08:12:13.832 DEBUG 13626 --- [    Test worker] org.hibernate.SQL                        : insert into CarStatusTable (carAvailability, carType, latitude, longitude, carId) values (?, ?, ?, ?, ?)
2018-08-18 08:12:13.832 DEBUG 13626 --- [    Test worker] org.hibernate.SQL                        : insert into CarStatusTable (carAvailability, carType, latitude, longitude, carId) values (?, ?, ?, ?, ?)
2018-08-18 08:12:13.833 DEBUG 13626 --- [    Test worker] org.hibernate.SQL                        : insert into CarStatusTable (carAvailability, carType, latitude, longitude, carId) values (?, ?, ?, ?, ?)
2018-08-18 08:12:13.833 DEBUG 13626 --- [    Test worker] org.hibernate.SQL                        : insert into CarStatusTable (carAvailability, carType, latitude, longitude, carId) values (?, ?, ?, ?, ?)
2018-08-18 08:12:13.833 DEBUG 13626 --- [    Test worker] org.hibernate.SQL                        : insert into CarStatusTable (carAvailability, carType, latitude, longitude, carId) values (?, ?, ?, ?, ?)
2018-08-18 08:12:13.836 DEBUG 13626 --- [    Test worker] org.hibernate.SQL                        : insert into CarStatusTable (carAvailability, carType, latitude, longitude, carId) values (?, ?, ?, ?, ?)
2018-08-18 08:12:13.836 DEBUG 13626 --- [    Test worker] org.hibernate.SQL                        : insert into CarStatusTable (carAvailability, carType, latitude, longitude, carId) values (?, ?, ?, ?, ?)
2018-08-18 08:12:13.837 DEBUG 13626 --- [    Test worker] org.hibernate.SQL                        : insert into CarStatusTable (carAvailability, carType, latitude, longitude, carId) values (?, ?, ?, ?, ?)
2018-08-18 08:12:13.837 DEBUG 13626 --- [    Test worker] org.hibernate.SQL                        : insert into CarStatusTable (carAvailability, carType, latitude, longitude, carId) values (?, ?, ?, ?, ?)
2018-08-18 08:12:13.837 DEBUG 13626 --- [    Test worker] org.hibernate.SQL                        : insert into CarStatusTable (carAvailability, carType, latitude, longitude, carId) values (?, ?, ?, ?, ?)
2018-08-18 08:12:13.838 DEBUG 13626 --- [    Test worker] org.hibernate.SQL                        : insert into CarStatusTable (carAvailability, carType, latitude, longitude, carId) values (?, ?, ?, ?, ?)
2018-08-18 08:12:13.838 DEBUG 13626 --- [    Test worker] org.hibernate.SQL                        : insert into CarStatusTable (carAvailability, carType, latitude, longitude, carId) values (?, ?, ?, ?, ?)
2018-08-18 08:12:13.838 DEBUG 13626 --- [    Test worker] org.hibernate.SQL                        : insert into CarStatusTable (carAvailability, carType, latitude, longitude, carId) values (?, ?, ?, ?, ?)
2018-08-18 08:12:13.839 DEBUG 13626 --- [    Test worker] org.hibernate.SQL                        : insert into CarStatusTable (carAvailability, carType, latitude, longitude, carId) values (?, ?, ?, ?, ?)
2018-08-18 08:12:13.839 DEBUG 13626 --- [    Test worker] org.hibernate.SQL                        : insert into CarStatusTable (carAvailability, carType, latitude, longitude, carId) values (?, ?, ?, ?, ?)
2018-08-18 08:12:13.839 DEBUG 13626 --- [    Test worker] org.hibernate.SQL                        : insert into CarStatusTable (carAvailability, carType, latitude, longitude, carId) values (?, ?, ?, ?, ?)
2018-08-18 08:12:13.844 DEBUG 13626 --- [    Test worker] org.hibernate.SQL                        : insert into CarStatusTable (carAvailability, carType, latitude, longitude, carId) values (?, ?, ?, ?, ?)
2018-08-18 08:12:13.845 DEBUG 13626 --- [    Test worker] org.hibernate.SQL                        : insert into CarStatusTable (carAvailability, carType, latitude, longitude, carId) values (?, ?, ?, ?, ?)
2018-08-18 08:12:13.850 DEBUG 13626 --- [    Test worker] org.hibernate.SQL                        : insert into CarStatusTable (carAvailability, carType, latitude, longitude, carId) values (?, ?, ?, ?, ?)
2018-08-18 08:12:13.851 DEBUG 13626 --- [    Test worker] org.hibernate.SQL                        : insert into CarStatusTable (carAvailability, carType, latitude, longitude, carId) values (?, ?, ?, ?, ?)
2018-08-18 08:12:13.852 DEBUG 13626 --- [    Test worker] org.hibernate.SQL                        : insert into CarStatusTable (carAvailability, carType, latitude, longitude, carId) values (?, ?, ?, ?, ?)
2018-08-18 08:12:13.852 DEBUG 13626 --- [    Test worker] org.hibernate.SQL                        : insert into CarStatusTable (carAvailability, carType, latitude, longitude, carId) values (?, ?, ?, ?, ?)
2018-08-18 08:12:13.852 DEBUG 13626 --- [    Test worker] org.hibernate.SQL                        : insert into CarStatusTable (carAvailability, carType, latitude, longitude, carId) values (?, ?, ?, ?, ?)
2018-08-18 08:12:13.853 DEBUG 13626 --- [    Test worker] org.hibernate.SQL                        : insert into CarStatusTable (carAvailability, carType, latitude, longitude, carId) values (?, ?, ?, ?, ?)
2018-08-18 08:12:13.853 DEBUG 13626 --- [    Test worker] org.hibernate.SQL                        : insert into CarStatusTable (carAvailability, carType, latitude, longitude, carId) values (?, ?, ?, ?, ?)
2018-08-18 08:12:13.854 DEBUG 13626 --- [    Test worker] org.hibernate.SQL                        : insert into CarStatusTable (carAvailability, carType, latitude, longitude, carId) values (?, ?, ?, ?, ?)
2018-08-18 08:12:13.854 DEBUG 13626 --- [    Test worker] org.hibernate.SQL                        : insert into CarStatusTable (carAvailability, carType, latitude, longitude, carId) values (?, ?, ?, ?, ?)
2018-08-18 08:12:13.857 DEBUG 13626 --- [    Test worker] org.hibernate.SQL                        : insert into CarStatusTable (carAvailability, carType, latitude, longitude, carId) values (?, ?, ?, ?, ?)
2018-08-18 08:12:13.857 DEBUG 13626 --- [    Test worker] org.hibernate.SQL                        : insert into CarStatusTable (carAvailability, carType, latitude, longitude, carId) values (?, ?, ?, ?, ?)
2018-08-18 08:12:13.858 DEBUG 13626 --- [    Test worker] org.hibernate.SQL                        : insert into CarStatusTable (carAvailability, carType, latitude, longitude, carId) values (?, ?, ?, ?, ?)
2018-08-18 08:12:13.858 DEBUG 13626 --- [    Test worker] org.hibernate.SQL                        : insert into CarStatusTable (carAvailability, carType, latitude, longitude, carId) values (?, ?, ?, ?, ?)
2018-08-18 08:12:13.858 DEBUG 13626 --- [    Test worker] org.hibernate.SQL                        : insert into CarStatusTable (carAvailability, carType, latitude, longitude, carId) values (?, ?, ?, ?, ?)
2018-08-18 08:12:13.859 DEBUG 13626 --- [    Test worker] org.hibernate.SQL                        : insert into CarStatusTable (carAvailability, carType, latitude, longitude, carId) values (?, ?, ?, ?, ?)
2018-08-18 08:12:13.859 DEBUG 13626 --- [    Test worker] org.hibernate.SQL                        : insert into CarStatusTable (carAvailability, carType, latitude, longitude, carId) values (?, ?, ?, ?, ?)
2018-08-18 08:12:13.859 DEBUG 13626 --- [    Test worker] org.hibernate.SQL                        : insert into CarStatusTable (carAvailability, carType, latitude, longitude, carId) values (?, ?, ?, ?, ?)
2018-08-18 08:12:13.860 DEBUG 13626 --- [    Test worker] org.hibernate.SQL                        : insert into CarStatusTable (carAvailability, carType, latitude, longitude, carId) values (?, ?, ?, ?, ?)
2018-08-18 08:12:13.865 DEBUG 13626 --- [    Test worker] org.hibernate.SQL                        : insert into CarStatusTable (carAvailability, carType, latitude, longitude, carId) values (?, ?, ?, ?, ?)
2018-08-18 08:12:13.865 DEBUG 13626 --- [    Test worker] org.hibernate.SQL                        : insert into CarStatusTable (carAvailability, carType, latitude, longitude, carId) values (?, ?, ?, ?, ?)
2018-08-18 08:12:13.866 DEBUG 13626 --- [    Test worker] org.hibernate.SQL                        : insert into CarStatusTable (carAvailability, carType, latitude, longitude, carId) values (?, ?, ?, ?, ?)
2018-08-18 08:12:13.866 DEBUG 13626 --- [    Test worker] org.hibernate.SQL                        : insert into CarStatusTable (carAvailability, carType, latitude, longitude, carId) values (?, ?, ?, ?, ?)
2018-08-18 08:12:13.872 DEBUG 13626 --- [    Test worker] org.hibernate.SQL                        : insert into CarStatusTable (carAvailability, carType, latitude, longitude, carId) values (?, ?, ?, ?, ?)
2018-08-18 08:12:13.873 DEBUG 13626 --- [    Test worker] org.hibernate.SQL                        : insert into CarStatusTable (carAvailability, carType, latitude, longitude, carId) values (?, ?, ?, ?, ?)
2018-08-18 08:12:13.873 DEBUG 13626 --- [    Test worker] org.hibernate.SQL                        : insert into CarStatusTable (carAvailability, carType, latitude, longitude, carId) values (?, ?, ?, ?, ?)
2018-08-18 08:12:13.874 DEBUG 13626 --- [    Test worker] org.hibernate.SQL                        : insert into CarStatusTable (carAvailability, carType, latitude, longitude, carId) values (?, ?, ?, ?, ?)
2018-08-18 08:12:13.874 DEBUG 13626 --- [    Test worker] org.hibernate.SQL                        : insert into CarStatusTable (carAvailability, carType, latitude, longitude, carId) values (?, ?, ?, ?, ?)
2018-08-18 08:12:13.875 DEBUG 13626 --- [    Test worker] org.hibernate.SQL                        : insert into CarStatusTable (carAvailability, carType, latitude, longitude, carId) values (?, ?, ?, ?, ?)
2018-08-18 08:12:13.875 DEBUG 13626 --- [    Test worker] org.hibernate.SQL                        : insert into CarStatusTable (carAvailability, carType, latitude, longitude, carId) values (?, ?, ?, ?, ?)
2018-08-18 08:12:13.875 DEBUG 13626 --- [    Test worker] org.hibernate.SQL                        : insert into CarStatusTable (carAvailability, carType, latitude, longitude, carId) values (?, ?, ?, ?, ?)
2018-08-18 08:12:13.876 DEBUG 13626 --- [    Test worker] org.hibernate.SQL                        : insert into CarStatusTable (carAvailability, carType, latitude, longitude, carId) values (?, ?, ?, ?, ?)
2018-08-18 08:12:13.876 DEBUG 13626 --- [    Test worker] org.hibernate.SQL                        : insert into CarStatusTable (carAvailability, carType, latitude, longitude, carId) values (?, ?, ?, ?, ?)
2018-08-18 08:12:13.876 DEBUG 13626 --- [    Test worker] org.hibernate.SQL                        : insert into CarStatusTable (carAvailability, carType, latitude, longitude, carId) values (?, ?, ?, ?, ?)
2018-08-18 08:12:13.879 DEBUG 13626 --- [    Test worker] org.hibernate.SQL                        : insert into CarStatusTable (carAvailability, carType, latitude, longitude, carId) values (?, ?, ?, ?, ?)
2018-08-18 08:12:13.880 DEBUG 13626 --- [    Test worker] org.hibernate.SQL                        : insert into CarStatusTable (carAvailability, carType, latitude, longitude, carId) values (?, ?, ?, ?, ?)
2018-08-18 08:12:13.880 DEBUG 13626 --- [    Test worker] org.hibernate.SQL                        : insert into CarStatusTable (carAvailability, carType, latitude, longitude, carId) values (?, ?, ?, ?, ?)
2018-08-18 08:12:13.880 DEBUG 13626 --- [    Test worker] org.hibernate.SQL                        : insert into CarStatusTable (carAvailability, carType, latitude, longitude, carId) values (?, ?, ?, ?, ?)
2018-08-18 08:12:13.881 DEBUG 13626 --- [    Test worker] org.hibernate.SQL                        : insert into CarStatusTable (carAvailability, carType, latitude, longitude, carId) values (?, ?, ?, ?, ?)
2018-08-18 08:12:13.881 DEBUG 13626 --- [    Test worker] org.hibernate.SQL                        : insert into CarStatusTable (carAvailability, carType, latitude, longitude, carId) values (?, ?, ?, ?, ?)
2018-08-18 08:12:13.882 DEBUG 13626 --- [    Test worker] org.hibernate.SQL                        : insert into CarStatusTable (carAvailability, carType, latitude, longitude, carId) values (?, ?, ?, ?, ?)
2018-08-18 08:12:13.900 DEBUG 13626 --- [    Test worker] org.hibernate.SQL                        : insert into CarStatusTable (carAvailability, carType, latitude, longitude, carId) values (?, ?, ?, ?, ?)
2018-08-18 08:12:13.903 DEBUG 13626 --- [    Test worker] org.hibernate.SQL                        : insert into CarStatusTable (carAvailability, carType, latitude, longitude, carId) values (?, ?, ?, ?, ?)
2018-08-18 08:12:13.905 DEBUG 13626 --- [    Test worker] org.hibernate.SQL                        : insert into CarStatusTable (carAvailability, carType, latitude, longitude, carId) values (?, ?, ?, ?, ?)
2018-08-18 08:12:13.908 DEBUG 13626 --- [    Test worker] org.hibernate.SQL                        : insert into CarStatusTable (carAvailability, carType, latitude, longitude, carId) values (?, ?, ?, ?, ?)
2018-08-18 08:12:13.910 DEBUG 13626 --- [    Test worker] org.hibernate.SQL                        : insert into CarStatusTable (carAvailability, carType, latitude, longitude, carId) values (?, ?, ?, ?, ?)
2018-08-18 08:12:13.913 DEBUG 13626 --- [    Test worker] org.hibernate.SQL                        : insert into CarStatusTable (carAvailability, carType, latitude, longitude, carId) values (?, ?, ?, ?, ?)
2018-08-18 08:12:13.915 DEBUG 13626 --- [    Test worker] org.hibernate.SQL                        : insert into CarStatusTable (carAvailability, carType, latitude, longitude, carId) values (?, ?, ?, ?, ?)
2018-08-18 08:12:13.916 DEBUG 13626 --- [    Test worker] org.hibernate.SQL                        : insert into CarStatusTable (carAvailability, carType, latitude, longitude, carId) values (?, ?, ?, ?, ?)
2018-08-18 08:12:13.918 DEBUG 13626 --- [    Test worker] org.hibernate.SQL                        : insert into CarStatusTable (carAvailability, carType, latitude, longitude, carId) values (?, ?, ?, ?, ?)
2018-08-18 08:12:13.920 DEBUG 13626 --- [    Test worker] org.hibernate.SQL                        : insert into CarStatusTable (carAvailability, carType, latitude, longitude, carId) values (?, ?, ?, ?, ?)
2018-08-18 08:12:13.930 DEBUG 13626 --- [    Test worker] org.hibernate.SQL                        : insert into CarStatusTable (carAvailability, carType, latitude, longitude, carId) values (?, ?, ?, ?, ?)
2018-08-18 08:12:13.932 DEBUG 13626 --- [    Test worker] org.hibernate.SQL                        : insert into CarStatusTable (carAvailability, carType, latitude, longitude, carId) values (?, ?, ?, ?, ?)
2018-08-18 08:12:13.932 DEBUG 13626 --- [    Test worker] org.hibernate.SQL                        : insert into CarStatusTable (carAvailability, carType, latitude, longitude, carId) values (?, ?, ?, ?, ?)
2018-08-18 08:12:13.933 DEBUG 13626 --- [    Test worker] org.hibernate.SQL                        : insert into CarStatusTable (carAvailability, carType, latitude, longitude, carId) values (?, ?, ?, ?, ?)
2018-08-18 08:12:13.935 DEBUG 13626 --- [    Test worker] org.hibernate.SQL                        : insert into CarStatusTable (carAvailability, carType, latitude, longitude, carId) values (?, ?, ?, ?, ?)
2018-08-18 08:12:13.935 DEBUG 13626 --- [    Test worker] org.hibernate.SQL                        : insert into CarStatusTable (carAvailability, carType, latitude, longitude, carId) values (?, ?, ?, ?, ?)
2018-08-18 08:12:13.936 DEBUG 13626 --- [    Test worker] org.hibernate.SQL                        : insert into CarStatusTable (carAvailability, carType, latitude, longitude, carId) values (?, ?, ?, ?, ?)
2018-08-18 08:12:13.938 DEBUG 13626 --- [    Test worker] org.hibernate.SQL                        : insert into CarStatusTable (carAvailability, carType, latitude, longitude, carId) values (?, ?, ?, ?, ?)
2018-08-18 08:12:13.938 DEBUG 13626 --- [    Test worker] org.hibernate.SQL                        : insert into CarStatusTable (carAvailability, carType, latitude, longitude, carId) values (?, ?, ?, ?, ?)
2018-08-18 08:12:13.940 DEBUG 13626 --- [    Test worker] org.hibernate.SQL                        : insert into CarStatusTable (carAvailability, carType, latitude, longitude, carId) values (?, ?, ?, ?, ?)
2018-08-18 08:12:13.940 DEBUG 13626 --- [    Test worker] org.hibernate.SQL                        : insert into CarStatusTable (carAvailability, carType, latitude, longitude, carId) values (?, ?, ?, ?, ?)
2018-08-18 08:12:13.941 DEBUG 13626 --- [    Test worker] org.hibernate.SQL                        : insert into CarStatusTable (carAvailability, carType, latitude, longitude, carId) values (?, ?, ?, ?, ?)
2018-08-18 08:12:13.942 DEBUG 13626 --- [    Test worker] org.hibernate.SQL                        : insert into CarStatusTable (carAvailability, carType, latitude, longitude, carId) values (?, ?, ?, ?, ?)
2018-08-18 08:12:13.943 DEBUG 13626 --- [    Test worker] org.hibernate.SQL                        : insert into CarStatusTable (carAvailability, carType, latitude, longitude, carId) values (?, ?, ?, ?, ?)
2018-08-18 08:12:13.946 DEBUG 13626 --- [    Test worker] org.hibernate.SQL                        : insert into CarStatusTable (carAvailability, carType, latitude, longitude, carId) values (?, ?, ?, ?, ?)
2018-08-18 08:12:13.949 DEBUG 13626 --- [    Test worker] org.hibernate.SQL                        : insert into CarStatusTable (carAvailability, carType, latitude, longitude, carId) values (?, ?, ?, ?, ?)
2018-08-18 08:12:13.953 DEBUG 13626 --- [    Test worker] org.hibernate.SQL                        : insert into CarStatusTable (carAvailability, carType, latitude, longitude, carId) values (?, ?, ?, ?, ?)
2018-08-18 08:12:13.958 DEBUG 13626 --- [    Test worker] org.hibernate.SQL                        : insert into CarStatusTable (carAvailability, carType, latitude, longitude, carId) values (?, ?, ?, ?, ?)
2018-08-18 08:12:13.966 DEBUG 13626 --- [    Test worker] org.hibernate.SQL                        : insert into CarStatusTable (carAvailability, carType, latitude, longitude, carId) values (?, ?, ?, ?, ?)
2018-08-18 08:12:13.967 DEBUG 13626 --- [    Test worker] org.hibernate.SQL                        : insert into CarStatusTable (carAvailability, carType, latitude, longitude, carId) values (?, ?, ?, ?, ?)
2018-08-18 08:12:13.967 DEBUG 13626 --- [    Test worker] org.hibernate.SQL                        : insert into CarStatusTable (carAvailability, carType, latitude, longitude, carId) values (?, ?, ?, ?, ?)
2018-08-18 08:12:13.968 DEBUG 13626 --- [    Test worker] org.hibernate.SQL                        : insert into CarStatusTable (carAvailability, carType, latitude, longitude, carId) values (?, ?, ?, ?, ?)
2018-08-18 08:12:13.968 DEBUG 13626 --- [    Test worker] org.hibernate.SQL                        : insert into CarStatusTable (carAvailability, carType, latitude, longitude, carId) values (?, ?, ?, ?, ?)
2018-08-18 08:12:13.969 DEBUG 13626 --- [    Test worker] org.hibernate.SQL                        : insert into CarStatusTable (carAvailability, carType, latitude, longitude, carId) values (?, ?, ?, ?, ?)
2018-08-18 08:12:13.969 DEBUG 13626 --- [    Test worker] org.hibernate.SQL                        : insert into CarStatusTable (carAvailability, carType, latitude, longitude, carId) values (?, ?, ?, ?, ?)
2018-08-18 08:12:13.969 DEBUG 13626 --- [    Test worker] org.hibernate.SQL                        : insert into CarStatusTable (carAvailability, carType, latitude, longitude, carId) values (?, ?, ?, ?, ?)
2018-08-18 08:12:13.970 DEBUG 13626 --- [    Test worker] org.hibernate.SQL                        : insert into CarStatusTable (carAvailability, carType, latitude, longitude, carId) values (?, ?, ?, ?, ?)
2018-08-18 08:12:13.970 DEBUG 13626 --- [    Test worker] org.hibernate.SQL                        : insert into CarStatusTable (carAvailability, carType, latitude, longitude, carId) values (?, ?, ?, ?, ?)
2018-08-18 08:12:13.970 DEBUG 13626 --- [    Test worker] org.hibernate.SQL                        : insert into CarStatusTable (carAvailability, carType, latitude, longitude, carId) values (?, ?, ?, ?, ?)
2018-08-18 08:12:13.971 DEBUG 13626 --- [    Test worker] org.hibernate.SQL                        : insert into CarStatusTable (carAvailability, carType, latitude, longitude, carId) values (?, ?, ?, ?, ?)
2018-08-18 08:12:13.976 DEBUG 13626 --- [    Test worker] org.hibernate.SQL                        : insert into CarStatusTable (carAvailability, carType, latitude, longitude, carId) values (?, ?, ?, ?, ?)
2018-08-18 08:12:13.977 DEBUG 13626 --- [    Test worker] org.hibernate.SQL                        : insert into CarStatusTable (carAvailability, carType, latitude, longitude, carId) values (?, ?, ?, ?, ?)
2018-08-18 08:12:13.977 DEBUG 13626 --- [    Test worker] org.hibernate.SQL                        : insert into CarStatusTable (carAvailability, carType, latitude, longitude, carId) values (?, ?, ?, ?, ?)
2018-08-18 08:12:13.979 DEBUG 13626 --- [    Test worker] org.hibernate.SQL                        : insert into CarStatusTable (carAvailability, carType, latitude, longitude, carId) values (?, ?, ?, ?, ?)
2018-08-18 08:12:13.979 DEBUG 13626 --- [    Test worker] org.hibernate.SQL                        : insert into CarStatusTable (carAvailability, carType, latitude, longitude, carId) values (?, ?, ?, ?, ?)
2018-08-18 08:12:13.989 DEBUG 13626 --- [    Test worker] org.hibernate.SQL                        : insert into CarStatusTable (carAvailability, carType, latitude, longitude, carId) values (?, ?, ?, ?, ?)
2018-08-18 08:12:13.993 DEBUG 13626 --- [    Test worker] org.hibernate.SQL                        : insert into CarStatusTable (carAvailability, carType, latitude, longitude, carId) values (?, ?, ?, ?, ?)
2018-08-18 08:12:13.994 DEBUG 13626 --- [    Test worker] org.hibernate.SQL                        : insert into CarStatusTable (carAvailability, carType, latitude, longitude, carId) values (?, ?, ?, ?, ?)
2018-08-18 08:12:13.995 DEBUG 13626 --- [    Test worker] org.hibernate.SQL                        : insert into CarStatusTable (carAvailability, carType, latitude, longitude, carId) values (?, ?, ?, ?, ?)
2018-08-18 08:12:13.995 DEBUG 13626 --- [    Test worker] org.hibernate.SQL                        : insert into CarStatusTable (carAvailability, carType, latitude, longitude, carId) values (?, ?, ?, ?, ?)
2018-08-18 08:12:13.995 DEBUG 13626 --- [    Test worker] org.hibernate.SQL                        : insert into CarStatusTable (carAvailability, carType, latitude, longitude, carId) values (?, ?, ?, ?, ?)
2018-08-18 08:12:13.996 DEBUG 13626 --- [    Test worker] org.hibernate.SQL                        : insert into CarStatusTable (carAvailability, carType, latitude, longitude, carId) values (?, ?, ?, ?, ?)
2018-08-18 08:12:13.996 DEBUG 13626 --- [    Test worker] org.hibernate.SQL                        : insert into CarStatusTable (carAvailability, carType, latitude, longitude, carId) values (?, ?, ?, ?, ?)
2018-08-18 08:12:14.002 DEBUG 13626 --- [    Test worker] org.hibernate.SQL                        : insert into CarStatusTable (carAvailability, carType, latitude, longitude, carId) values (?, ?, ?, ?, ?)
2018-08-18 08:12:14.003 DEBUG 13626 --- [    Test worker] org.hibernate.SQL                        : insert into CarStatusTable (carAvailability, carType, latitude, longitude, carId) values (?, ?, ?, ?, ?)
2018-08-18 08:12:14.004 DEBUG 13626 --- [    Test worker] org.hibernate.SQL                        : insert into CarStatusTable (carAvailability, carType, latitude, longitude, carId) values (?, ?, ?, ?, ?)
2018-08-18 08:12:14.007 DEBUG 13626 --- [    Test worker] org.hibernate.SQL                        : insert into CarStatusTable (carAvailability, carType, latitude, longitude, carId) values (?, ?, ?, ?, ?)
2018-08-18 08:12:14.012 DEBUG 13626 --- [    Test worker] org.hibernate.SQL                        : insert into CarStatusTable (carAvailability, carType, latitude, longitude, carId) values (?, ?, ?, ?, ?)
2018-08-18 08:12:14.014 DEBUG 13626 --- [    Test worker] org.hibernate.SQL                        : insert into CarStatusTable (carAvailability, carType, latitude, longitude, carId) values (?, ?, ?, ?, ?)
2018-08-18 08:12:14.014 DEBUG 13626 --- [    Test worker] org.hibernate.SQL                        : insert into CarStatusTable (carAvailability, carType, latitude, longitude, carId) values (?, ?, ?, ?, ?)
2018-08-18 08:12:14.015 DEBUG 13626 --- [    Test worker] org.hibernate.SQL                        : insert into CarStatusTable (carAvailability, carType, latitude, longitude, carId) values (?, ?, ?, ?, ?)
2018-08-18 08:12:14.015 DEBUG 13626 --- [    Test worker] org.hibernate.SQL                        : insert into CarStatusTable (carAvailability, carType, latitude, longitude, carId) values (?, ?, ?, ?, ?)
2018-08-18 08:12:14.015 DEBUG 13626 --- [    Test worker] org.hibernate.SQL                        : insert into CarStatusTable (carAvailability, carType, latitude, longitude, carId) values (?, ?, ?, ?, ?)
2018-08-18 08:12:14.016 DEBUG 13626 --- [    Test worker] org.hibernate.SQL                        : insert into CarStatusTable (carAvailability, carType, latitude, longitude, carId) values (?, ?, ?, ?, ?)
2018-08-18 08:12:14.016 DEBUG 13626 --- [    Test worker] org.hibernate.SQL                        : insert into CarStatusTable (carAvailability, carType, latitude, longitude, carId) values (?, ?, ?, ?, ?)
2018-08-18 08:12:14.016 DEBUG 13626 --- [    Test worker] org.hibernate.SQL                        : insert into CarStatusTable (carAvailability, carType, latitude, longitude, carId) values (?, ?, ?, ?, ?)
2018-08-18 08:12:14.017 DEBUG 13626 --- [    Test worker] org.hibernate.SQL                        : insert into CarStatusTable (carAvailability, carType, latitude, longitude, carId) values (?, ?, ?, ?, ?)
2018-08-18 08:12:14.021 DEBUG 13626 --- [    Test worker] org.hibernate.SQL                        : insert into CarStatusTable (carAvailability, carType, latitude, longitude, carId) values (?, ?, ?, ?, ?)
2018-08-18 08:12:14.022 DEBUG 13626 --- [    Test worker] org.hibernate.SQL                        : insert into CarStatusTable (carAvailability, carType, latitude, longitude, carId) values (?, ?, ?, ?, ?)
2018-08-18 08:12:14.023 DEBUG 13626 --- [    Test worker] org.hibernate.SQL                        : insert into CarStatusTable (carAvailability, carType, latitude, longitude, carId) values (?, ?, ?, ?, ?)
2018-08-18 08:12:14.023 DEBUG 13626 --- [    Test worker] org.hibernate.SQL                        : insert into CarStatusTable (carAvailability, carType, latitude, longitude, carId) values (?, ?, ?, ?, ?)
2018-08-18 08:12:14.024 DEBUG 13626 --- [    Test worker] org.hibernate.SQL                        : insert into CarStatusTable (carAvailability, carType, latitude, longitude, carId) values (?, ?, ?, ?, ?)
2018-08-18 08:12:14.027 DEBUG 13626 --- [    Test worker] org.hibernate.SQL                        : insert into CarStatusTable (carAvailability, carType, latitude, longitude, carId) values (?, ?, ?, ?, ?)
2018-08-18 08:12:14.028 DEBUG 13626 --- [    Test worker] org.hibernate.SQL                        : insert into CarStatusTable (carAvailability, carType, latitude, longitude, carId) values (?, ?, ?, ?, ?)
2018-08-18 08:12:14.029 DEBUG 13626 --- [    Test worker] org.hibernate.SQL                        : insert into CarStatusTable (carAvailability, carType, latitude, longitude, carId) values (?, ?, ?, ?, ?)
2018-08-18 08:12:14.029 DEBUG 13626 --- [    Test worker] org.hibernate.SQL                        : insert into CarStatusTable (carAvailability, carType, latitude, longitude, carId) values (?, ?, ?, ?, ?)
2018-08-18 08:12:14.030 DEBUG 13626 --- [    Test worker] org.hibernate.SQL                        : insert into CarStatusTable (carAvailability, carType, latitude, longitude, carId) values (?, ?, ?, ?, ?)
2018-08-18 08:12:14.030 DEBUG 13626 --- [    Test worker] org.hibernate.SQL                        : insert into CarStatusTable (carAvailability, carType, latitude, longitude, carId) values (?, ?, ?, ?, ?)
2018-08-18 08:12:14.031 DEBUG 13626 --- [    Test worker] org.hibernate.SQL                        : insert into CarStatusTable (carAvailability, carType, latitude, longitude, carId) values (?, ?, ?, ?, ?)
2018-08-18 08:12:14.031 DEBUG 13626 --- [    Test worker] org.hibernate.SQL                        : insert into CarStatusTable (carAvailability, carType, latitude, longitude, carId) values (?, ?, ?, ?, ?)
2018-08-18 08:12:14.031 DEBUG 13626 --- [    Test worker] org.hibernate.SQL                        : insert into CarStatusTable (carAvailability, carType, latitude, longitude, carId) values (?, ?, ?, ?, ?)
2018-08-18 08:12:14.032 DEBUG 13626 --- [    Test worker] org.hibernate.SQL                        : insert into CarStatusTable (carAvailability, carType, latitude, longitude, carId) values (?, ?, ?, ?, ?)
2018-08-18 08:12:14.038 DEBUG 13626 --- [    Test worker] org.hibernate.SQL                        : insert into CarStatusTable (carAvailability, carType, latitude, longitude, carId) values (?, ?, ?, ?, ?)
2018-08-18 08:12:14.039 DEBUG 13626 --- [    Test worker] org.hibernate.SQL                        : insert into CarStatusTable (carAvailability, carType, latitude, longitude, carId) values (?, ?, ?, ?, ?)
2018-08-18 08:12:14.039 DEBUG 13626 --- [    Test worker] org.hibernate.SQL                        : insert into CarStatusTable (carAvailability, carType, latitude, longitude, carId) values (?, ?, ?, ?, ?)
2018-08-18 08:12:14.040 DEBUG 13626 --- [    Test worker] org.hibernate.SQL                        : insert into CarStatusTable (carAvailability, carType, latitude, longitude, carId) values (?, ?, ?, ?, ?)
2018-08-18 08:12:14.040 DEBUG 13626 --- [    Test worker] org.hibernate.SQL                        : insert into CarStatusTable (carAvailability, carType, latitude, longitude, carId) values (?, ?, ?, ?, ?)
2018-08-18 08:12:14.040 DEBUG 13626 --- [    Test worker] org.hibernate.SQL                        : insert into CarStatusTable (carAvailability, carType, latitude, longitude, carId) values (?, ?, ?, ?, ?)
2018-08-18 08:12:14.041 DEBUG 13626 --- [    Test worker] org.hibernate.SQL                        : insert into CarStatusTable (carAvailability, carType, latitude, longitude, carId) values (?, ?, ?, ?, ?)
2018-08-18 08:12:14.041 DEBUG 13626 --- [    Test worker] org.hibernate.SQL                        : insert into CarStatusTable (carAvailability, carType, latitude, longitude, carId) values (?, ?, ?, ?, ?)
2018-08-18 08:12:14.042 DEBUG 13626 --- [    Test worker] org.hibernate.SQL                        : insert into CarStatusTable (carAvailability, carType, latitude, longitude, carId) values (?, ?, ?, ?, ?)
2018-08-18 08:12:14.042 DEBUG 13626 --- [    Test worker] org.hibernate.SQL                        : insert into CarStatusTable (carAvailability, carType, latitude, longitude, carId) values (?, ?, ?, ?, ?)
2018-08-18 08:12:14.042 DEBUG 13626 --- [    Test worker] org.hibernate.SQL                        : insert into CarStatusTable (carAvailability, carType, latitude, longitude, carId) values (?, ?, ?, ?, ?)
2018-08-18 08:12:14.049 DEBUG 13626 --- [    Test worker] org.hibernate.SQL                        : insert into CarStatusTable (carAvailability, carType, latitude, longitude, carId) values (?, ?, ?, ?, ?)
2018-08-18 08:12:14.049 DEBUG 13626 --- [    Test worker] org.hibernate.SQL                        : insert into CarStatusTable (carAvailability, carType, latitude, longitude, carId) values (?, ?, ?, ?, ?)
2018-08-18 08:12:14.050 DEBUG 13626 --- [    Test worker] org.hibernate.SQL                        : insert into CarStatusTable (carAvailability, carType, latitude, longitude, carId) values (?, ?, ?, ?, ?)
2018-08-18 08:12:14.050 DEBUG 13626 --- [    Test worker] org.hibernate.SQL                        : insert into CarStatusTable (carAvailability, carType, latitude, longitude, carId) values (?, ?, ?, ?, ?)
2018-08-18 08:12:14.051 DEBUG 13626 --- [    Test worker] org.hibernate.SQL                        : insert into CarStatusTable (carAvailability, carType, latitude, longitude, carId) values (?, ?, ?, ?, ?)
2018-08-18 08:12:14.051 DEBUG 13626 --- [    Test worker] org.hibernate.SQL                        : insert into CarStatusTable (carAvailability, carType, latitude, longitude, carId) values (?, ?, ?, ?, ?)
2018-08-18 08:12:14.051 DEBUG 13626 --- [    Test worker] org.hibernate.SQL                        : insert into CarStatusTable (carAvailability, carType, latitude, longitude, carId) values (?, ?, ?, ?, ?)
2018-08-18 08:12:14.052 DEBUG 13626 --- [    Test worker] org.hibernate.SQL                        : insert into CarStatusTable (carAvailability, carType, latitude, longitude, carId) values (?, ?, ?, ?, ?)
2018-08-18 08:12:14.052 DEBUG 13626 --- [    Test worker] org.hibernate.SQL                        : insert into CarStatusTable (carAvailability, carType, latitude, longitude, carId) values (?, ?, ?, ?, ?)
2018-08-18 08:12:14.052 DEBUG 13626 --- [    Test worker] org.hibernate.SQL                        : insert into CarStatusTable (carAvailability, carType, latitude, longitude, carId) values (?, ?, ?, ?, ?)
2018-08-18 08:12:14.053 DEBUG 13626 --- [    Test worker] org.hibernate.SQL                        : insert into CarStatusTable (carAvailability, carType, latitude, longitude, carId) values (?, ?, ?, ?, ?)
2018-08-18 08:12:14.057 DEBUG 13626 --- [    Test worker] org.hibernate.SQL                        : insert into CarStatusTable (carAvailability, carType, latitude, longitude, carId) values (?, ?, ?, ?, ?)
2018-08-18 08:12:14.059 DEBUG 13626 --- [    Test worker] org.hibernate.SQL                        : insert into CarStatusTable (carAvailability, carType, latitude, longitude, carId) values (?, ?, ?, ?, ?)
2018-08-18 08:12:14.059 DEBUG 13626 --- [    Test worker] org.hibernate.SQL                        : insert into CarStatusTable (carAvailability, carType, latitude, longitude, carId) values (?, ?, ?, ?, ?)
2018-08-18 08:12:14.060 DEBUG 13626 --- [    Test worker] org.hibernate.SQL                        : insert into CarStatusTable (carAvailability, carType, latitude, longitude, carId) values (?, ?, ?, ?, ?)
2018-08-18 08:12:14.060 DEBUG 13626 --- [    Test worker] org.hibernate.SQL                        : insert into CarStatusTable (carAvailability, carType, latitude, longitude, carId) values (?, ?, ?, ?, ?)
2018-08-18 08:12:14.060 DEBUG 13626 --- [    Test worker] org.hibernate.SQL                        : insert into CarStatusTable (carAvailability, carType, latitude, longitude, carId) values (?, ?, ?, ?, ?)
2018-08-18 08:12:14.061 DEBUG 13626 --- [    Test worker] org.hibernate.SQL                        : insert into CarStatusTable (carAvailability, carType, latitude, longitude, carId) values (?, ?, ?, ?, ?)
2018-08-18 08:12:14.061 DEBUG 13626 --- [    Test worker] org.hibernate.SQL                        : insert into CarStatusTable (carAvailability, carType, latitude, longitude, carId) values (?, ?, ?, ?, ?)
2018-08-18 08:12:14.061 DEBUG 13626 --- [    Test worker] org.hibernate.SQL                        : insert into CarStatusTable (carAvailability, carType, latitude, longitude, carId) values (?, ?, ?, ?, ?)
2018-08-18 08:12:14.062 DEBUG 13626 --- [    Test worker] org.hibernate.SQL                        : insert into CarStatusTable (carAvailability, carType, latitude, longitude, carId) values (?, ?, ?, ?, ?)
2018-08-18 08:12:14.062 DEBUG 13626 --- [    Test worker] org.hibernate.SQL                        : insert into CarStatusTable (carAvailability, carType, latitude, longitude, carId) values (?, ?, ?, ?, ?)
2018-08-18 08:12:14.063 DEBUG 13626 --- [    Test worker] org.hibernate.SQL                        : insert into CarStatusTable (carAvailability, carType, latitude, longitude, carId) values (?, ?, ?, ?, ?)
2018-08-18 08:12:14.063 DEBUG 13626 --- [    Test worker] org.hibernate.SQL                        : insert into CarStatusTable (carAvailability, carType, latitude, longitude, carId) values (?, ?, ?, ?, ?)
2018-08-18 08:12:14.069 DEBUG 13626 --- [    Test worker] org.hibernate.SQL                        : insert into CarStatusTable (carAvailability, carType, latitude, longitude, carId) values (?, ?, ?, ?, ?)
2018-08-18 08:12:14.070 DEBUG 13626 --- [    Test worker] org.hibernate.SQL                        : insert into CarStatusTable (carAvailability, carType, latitude, longitude, carId) values (?, ?, ?, ?, ?)
2018-08-18 08:12:14.071 DEBUG 13626 --- [    Test worker] org.hibernate.SQL                        : insert into CarStatusTable (carAvailability, carType, latitude, longitude, carId) values (?, ?, ?, ?, ?)
2018-08-18 08:12:14.071 DEBUG 13626 --- [    Test worker] org.hibernate.SQL                        : insert into CarStatusTable (carAvailability, carType, latitude, longitude, carId) values (?, ?, ?, ?, ?)
2018-08-18 08:12:14.074 DEBUG 13626 --- [    Test worker] org.hibernate.SQL                        : insert into CarStatusTable (carAvailability, carType, latitude, longitude, carId) values (?, ?, ?, ?, ?)
2018-08-18 08:12:14.075 DEBUG 13626 --- [    Test worker] org.hibernate.SQL                        : insert into CarStatusTable (carAvailability, carType, latitude, longitude, carId) values (?, ?, ?, ?, ?)
2018-08-18 08:12:14.075 DEBUG 13626 --- [    Test worker] org.hibernate.SQL                        : insert into CarStatusTable (carAvailability, carType, latitude, longitude, carId) values (?, ?, ?, ?, ?)
2018-08-18 08:12:14.076 DEBUG 13626 --- [    Test worker] org.hibernate.SQL                        : insert into CarStatusTable (carAvailability, carType, latitude, longitude, carId) values (?, ?, ?, ?, ?)
2018-08-18 08:12:14.076 DEBUG 13626 --- [    Test worker] org.hibernate.SQL                        : insert into CarStatusTable (carAvailability, carType, latitude, longitude, carId) values (?, ?, ?, ?, ?)
2018-08-18 08:12:14.077 DEBUG 13626 --- [    Test worker] org.hibernate.SQL                        : insert into CarStatusTable (carAvailability, carType, latitude, longitude, carId) values (?, ?, ?, ?, ?)
2018-08-18 08:12:14.077 DEBUG 13626 --- [    Test worker] org.hibernate.SQL                        : insert into CarStatusTable (carAvailability, carType, latitude, longitude, carId) values (?, ?, ?, ?, ?)
2018-08-18 08:12:14.077 DEBUG 13626 --- [    Test worker] org.hibernate.SQL                        : insert into CarStatusTable (carAvailability, carType, latitude, longitude, carId) values (?, ?, ?, ?, ?)
2018-08-18 08:12:14.078 DEBUG 13626 --- [    Test worker] org.hibernate.SQL                        : insert into CarStatusTable (carAvailability, carType, latitude, longitude, carId) values (?, ?, ?, ?, ?)
2018-08-18 08:12:14.078 DEBUG 13626 --- [    Test worker] org.hibernate.SQL                        : insert into CarStatusTable (carAvailability, carType, latitude, longitude, carId) values (?, ?, ?, ?, ?)
2018-08-18 08:12:14.082 DEBUG 13626 --- [    Test worker] org.hibernate.SQL                        : insert into CarStatusTable (carAvailability, carType, latitude, longitude, carId) values (?, ?, ?, ?, ?)
2018-08-18 08:12:14.083 DEBUG 13626 --- [    Test worker] org.hibernate.SQL                        : insert into CarStatusTable (carAvailability, carType, latitude, longitude, carId) values (?, ?, ?, ?, ?)
2018-08-18 08:12:14.090 DEBUG 13626 --- [    Test worker] org.hibernate.SQL                        : insert into CarStatusTable (carAvailability, carType, latitude, longitude, carId) values (?, ?, ?, ?, ?)
2018-08-18 08:12:14.091 DEBUG 13626 --- [    Test worker] org.hibernate.SQL                        : insert into CarStatusTable (carAvailability, carType, latitude, longitude, carId) values (?, ?, ?, ?, ?)
2018-08-18 08:12:14.092 DEBUG 13626 --- [    Test worker] org.hibernate.SQL                        : insert into CarStatusTable (carAvailability, carType, latitude, longitude, carId) values (?, ?, ?, ?, ?)
2018-08-18 08:12:14.092 DEBUG 13626 --- [    Test worker] org.hibernate.SQL                        : insert into CarStatusTable (carAvailability, carType, latitude, longitude, carId) values (?, ?, ?, ?, ?)
2018-08-18 08:12:14.092 DEBUG 13626 --- [    Test worker] org.hibernate.SQL                        : insert into CarStatusTable (carAvailability, carType, latitude, longitude, carId) values (?, ?, ?, ?, ?)
2018-08-18 08:12:14.093 DEBUG 13626 --- [    Test worker] org.hibernate.SQL                        : insert into CarStatusTable (carAvailability, carType, latitude, longitude, carId) values (?, ?, ?, ?, ?)
2018-08-18 08:12:14.125 DEBUG 13626 --- [    Test worker] org.hibernate.SQL                        : insert into CarStatusTable (carAvailability, carType, latitude, longitude, carId) values (?, ?, ?, ?, ?)
2018-08-18 08:12:14.126 DEBUG 13626 --- [    Test worker] org.hibernate.SQL                        : insert into CarStatusTable (carAvailability, carType, latitude, longitude, carId) values (?, ?, ?, ?, ?)
2018-08-18 08:12:14.127 DEBUG 13626 --- [    Test worker] org.hibernate.SQL                        : insert into CarStatusTable (carAvailability, carType, latitude, longitude, carId) values (?, ?, ?, ?, ?)
2018-08-18 08:12:14.127 DEBUG 13626 --- [    Test worker] org.hibernate.SQL                        : insert into CarStatusTable (carAvailability, carType, latitude, longitude, carId) values (?, ?, ?, ?, ?)
2018-08-18 08:12:14.127 DEBUG 13626 --- [    Test worker] org.hibernate.SQL                        : insert into CarStatusTable (carAvailability, carType, latitude, longitude, carId) values (?, ?, ?, ?, ?)
2018-08-18 08:12:14.128 DEBUG 13626 --- [    Test worker] org.hibernate.SQL                        : insert into CarStatusTable (carAvailability, carType, latitude, longitude, carId) values (?, ?, ?, ?, ?)
2018-08-18 08:12:14.128 DEBUG 13626 --- [    Test worker] org.hibernate.SQL                        : insert into CarStatusTable (carAvailability, carType, latitude, longitude, carId) values (?, ?, ?, ?, ?)
2018-08-18 08:12:14.128 DEBUG 13626 --- [    Test worker] org.hibernate.SQL                        : insert into CarStatusTable (carAvailability, carType, latitude, longitude, carId) values (?, ?, ?, ?, ?)
2018-08-18 08:12:14.129 DEBUG 13626 --- [    Test worker] org.hibernate.SQL                        : insert into CarStatusTable (carAvailability, carType, latitude, longitude, carId) values (?, ?, ?, ?, ?)
2018-08-18 08:12:14.129 DEBUG 13626 --- [    Test worker] org.hibernate.SQL                        : insert into CarStatusTable (carAvailability, carType, latitude, longitude, carId) values (?, ?, ?, ?, ?)
2018-08-18 08:12:14.135 DEBUG 13626 --- [    Test worker] org.hibernate.SQL                        : insert into CarStatusTable (carAvailability, carType, latitude, longitude, carId) values (?, ?, ?, ?, ?)
2018-08-18 08:12:14.136 DEBUG 13626 --- [    Test worker] org.hibernate.SQL                        : insert into CarStatusTable (carAvailability, carType, latitude, longitude, carId) values (?, ?, ?, ?, ?)
2018-08-18 08:12:14.136 DEBUG 13626 --- [    Test worker] org.hibernate.SQL                        : insert into CarStatusTable (carAvailability, carType, latitude, longitude, carId) values (?, ?, ?, ?, ?)
2018-08-18 08:12:14.137 DEBUG 13626 --- [    Test worker] org.hibernate.SQL                        : insert into CarStatusTable (carAvailability, carType, latitude, longitude, carId) values (?, ?, ?, ?, ?)
2018-08-18 08:12:14.137 DEBUG 13626 --- [    Test worker] org.hibernate.SQL                        : insert into CarStatusTable (carAvailability, carType, latitude, longitude, carId) values (?, ?, ?, ?, ?)
2018-08-18 08:12:14.137 DEBUG 13626 --- [    Test worker] org.hibernate.SQL                        : insert into CarStatusTable (carAvailability, carType, latitude, longitude, carId) values (?, ?, ?, ?, ?)
2018-08-18 08:12:14.138 DEBUG 13626 --- [    Test worker] org.hibernate.SQL                        : insert into CarStatusTable (carAvailability, carType, latitude, longitude, carId) values (?, ?, ?, ?, ?)
2018-08-18 08:12:14.140 DEBUG 13626 --- [    Test worker] org.hibernate.SQL                        : insert into CarStatusTable (carAvailability, carType, latitude, longitude, carId) values (?, ?, ?, ?, ?)
2018-08-18 08:12:14.143 DEBUG 13626 --- [    Test worker] org.hibernate.SQL                        : insert into CarStatusTable (carAvailability, carType, latitude, longitude, carId) values (?, ?, ?, ?, ?)
2018-08-18 08:12:14.143 DEBUG 13626 --- [    Test worker] org.hibernate.SQL                        : insert into CarStatusTable (carAvailability, carType, latitude, longitude, carId) values (?, ?, ?, ?, ?)
2018-08-18 08:12:14.144 DEBUG 13626 --- [    Test worker] org.hibernate.SQL                        : insert into CarStatusTable (carAvailability, carType, latitude, longitude, carId) values (?, ?, ?, ?, ?)
2018-08-18 08:12:14.144 DEBUG 13626 --- [    Test worker] org.hibernate.SQL                        : insert into CarStatusTable (carAvailability, carType, latitude, longitude, carId) values (?, ?, ?, ?, ?)
2018-08-18 08:12:14.149 DEBUG 13626 --- [    Test worker] org.hibernate.SQL                        : insert into CarStatusTable (carAvailability, carType, latitude, longitude, carId) values (?, ?, ?, ?, ?)
2018-08-18 08:12:14.150 DEBUG 13626 --- [    Test worker] org.hibernate.SQL                        : insert into CarStatusTable (carAvailability, carType, latitude, longitude, carId) values (?, ?, ?, ?, ?)
2018-08-18 08:12:14.151 DEBUG 13626 --- [    Test worker] org.hibernate.SQL                        : insert into CarStatusTable (carAvailability, carType, latitude, longitude, carId) values (?, ?, ?, ?, ?)
2018-08-18 08:12:14.152 DEBUG 13626 --- [    Test worker] org.hibernate.SQL                        : insert into CarStatusTable (carAvailability, carType, latitude, longitude, carId) values (?, ?, ?, ?, ?)
2018-08-18 08:12:14.152 DEBUG 13626 --- [    Test worker] org.hibernate.SQL                        : insert into CarStatusTable (carAvailability, carType, latitude, longitude, carId) values (?, ?, ?, ?, ?)
2018-08-18 08:12:14.152 DEBUG 13626 --- [    Test worker] org.hibernate.SQL                        : insert into CarStatusTable (carAvailability, carType, latitude, longitude, carId) values (?, ?, ?, ?, ?)
2018-08-18 08:12:14.153 DEBUG 13626 --- [    Test worker] org.hibernate.SQL                        : insert into CarStatusTable (carAvailability, carType, latitude, longitude, carId) values (?, ?, ?, ?, ?)
2018-08-18 08:12:14.153 DEBUG 13626 --- [    Test worker] org.hibernate.SQL                        : insert into CarStatusTable (carAvailability, carType, latitude, longitude, carId) values (?, ?, ?, ?, ?)
2018-08-18 08:12:14.154 DEBUG 13626 --- [    Test worker] org.hibernate.SQL                        : insert into CarStatusTable (carAvailability, carType, latitude, longitude, carId) values (?, ?, ?, ?, ?)
2018-08-18 08:12:14.160 DEBUG 13626 --- [    Test worker] org.hibernate.SQL                        : insert into CarStatusTable (carAvailability, carType, latitude, longitude, carId) values (?, ?, ?, ?, ?)
2018-08-18 08:12:14.161 DEBUG 13626 --- [    Test worker] org.hibernate.SQL                        : insert into CarStatusTable (carAvailability, carType, latitude, longitude, carId) values (?, ?, ?, ?, ?)
2018-08-18 08:12:14.161 DEBUG 13626 --- [    Test worker] org.hibernate.SQL                        : insert into CarStatusTable (carAvailability, carType, latitude, longitude, carId) values (?, ?, ?, ?, ?)
2018-08-18 08:12:14.162 DEBUG 13626 --- [    Test worker] org.hibernate.SQL                        : insert into CarStatusTable (carAvailability, carType, latitude, longitude, carId) values (?, ?, ?, ?, ?)
2018-08-18 08:12:14.162 DEBUG 13626 --- [    Test worker] org.hibernate.SQL                        : insert into CarStatusTable (carAvailability, carType, latitude, longitude, carId) values (?, ?, ?, ?, ?)
2018-08-18 08:12:14.162 DEBUG 13626 --- [    Test worker] org.hibernate.SQL                        : insert into CarStatusTable (carAvailability, carType, latitude, longitude, carId) values (?, ?, ?, ?, ?)
2018-08-18 08:12:14.163 DEBUG 13626 --- [    Test worker] org.hibernate.SQL                        : insert into CarStatusTable (carAvailability, carType, latitude, longitude, carId) values (?, ?, ?, ?, ?)
2018-08-18 08:12:14.163 DEBUG 13626 --- [    Test worker] org.hibernate.SQL                        : insert into CarStatusTable (carAvailability, carType, latitude, longitude, carId) values (?, ?, ?, ?, ?)
2018-08-18 08:12:14.163 DEBUG 13626 --- [    Test worker] org.hibernate.SQL                        : insert into CarStatusTable (carAvailability, carType, latitude, longitude, carId) values (?, ?, ?, ?, ?)
2018-08-18 08:12:14.164 DEBUG 13626 --- [    Test worker] org.hibernate.SQL                        : insert into CarStatusTable (carAvailability, carType, latitude, longitude, carId) values (?, ?, ?, ?, ?)
2018-08-18 08:12:14.164 DEBUG 13626 --- [    Test worker] org.hibernate.SQL                        : insert into CarStatusTable (carAvailability, carType, latitude, longitude, carId) values (?, ?, ?, ?, ?)
2018-08-18 08:12:14.164 DEBUG 13626 --- [    Test worker] org.hibernate.SQL                        : insert into CarStatusTable (carAvailability, carType, latitude, longitude, carId) values (?, ?, ?, ?, ?)
2018-08-18 08:12:14.165 DEBUG 13626 --- [    Test worker] org.hibernate.SQL                        : insert into CarStatusTable (carAvailability, carType, latitude, longitude, carId) values (?, ?, ?, ?, ?)
2018-08-18 08:12:14.170 DEBUG 13626 --- [    Test worker] org.hibernate.SQL                        : insert into CarStatusTable (carAvailability, carType, latitude, longitude, carId) values (?, ?, ?, ?, ?)
2018-08-18 08:12:14.171 DEBUG 13626 --- [    Test worker] org.hibernate.SQL                        : insert into CarStatusTable (carAvailability, carType, latitude, longitude, carId) values (?, ?, ?, ?, ?)
2018-08-18 08:12:14.172 DEBUG 13626 --- [    Test worker] org.hibernate.SQL                        : insert into CarStatusTable (carAvailability, carType, latitude, longitude, carId) values (?, ?, ?, ?, ?)
2018-08-18 08:12:14.172 DEBUG 13626 --- [    Test worker] org.hibernate.SQL                        : insert into CarStatusTable (carAvailability, carType, latitude, longitude, carId) values (?, ?, ?, ?, ?)
2018-08-18 08:12:14.173 DEBUG 13626 --- [    Test worker] org.hibernate.SQL                        : insert into CarStatusTable (carAvailability, carType, latitude, longitude, carId) values (?, ?, ?, ?, ?)
2018-08-18 08:12:14.173 DEBUG 13626 --- [    Test worker] org.hibernate.SQL                        : insert into CarStatusTable (carAvailability, carType, latitude, longitude, carId) values (?, ?, ?, ?, ?)
2018-08-18 08:12:14.173 DEBUG 13626 --- [    Test worker] org.hibernate.SQL                        : insert into CarStatusTable (carAvailability, carType, latitude, longitude, carId) values (?, ?, ?, ?, ?)
2018-08-18 08:12:14.174 DEBUG 13626 --- [    Test worker] org.hibernate.SQL                        : insert into CarStatusTable (carAvailability, carType, latitude, longitude, carId) values (?, ?, ?, ?, ?)
2018-08-18 08:12:14.174 DEBUG 13626 --- [    Test worker] org.hibernate.SQL                        : insert into CarStatusTable (carAvailability, carType, latitude, longitude, carId) values (?, ?, ?, ?, ?)
2018-08-18 08:12:14.181 DEBUG 13626 --- [    Test worker] org.hibernate.SQL                        : insert into CarStatusTable (carAvailability, carType, latitude, longitude, carId) values (?, ?, ?, ?, ?)
2018-08-18 08:12:14.182 DEBUG 13626 --- [    Test worker] org.hibernate.SQL                        : insert into CarStatusTable (carAvailability, carType, latitude, longitude, carId) values (?, ?, ?, ?, ?)
2018-08-18 08:12:14.182 DEBUG 13626 --- [    Test worker] org.hibernate.SQL                        : insert into CarStatusTable (carAvailability, carType, latitude, longitude, carId) values (?, ?, ?, ?, ?)
2018-08-18 08:12:14.182 DEBUG 13626 --- [    Test worker] org.hibernate.SQL                        : insert into CarStatusTable (carAvailability, carType, latitude, longitude, carId) values (?, ?, ?, ?, ?)
2018-08-18 08:12:14.183 DEBUG 13626 --- [    Test worker] org.hibernate.SQL                        : insert into CarStatusTable (carAvailability, carType, latitude, longitude, carId) values (?, ?, ?, ?, ?)
2018-08-18 08:12:14.183 DEBUG 13626 --- [    Test worker] org.hibernate.SQL                        : insert into CarStatusTable (carAvailability, carType, latitude, longitude, carId) values (?, ?, ?, ?, ?)
2018-08-18 08:12:14.184 DEBUG 13626 --- [    Test worker] org.hibernate.SQL                        : insert into CarStatusTable (carAvailability, carType, latitude, longitude, carId) values (?, ?, ?, ?, ?)
2018-08-18 08:12:14.184 DEBUG 13626 --- [    Test worker] org.hibernate.SQL                        : insert into CarStatusTable (carAvailability, carType, latitude, longitude, carId) values (?, ?, ?, ?, ?)
2018-08-18 08:12:14.184 DEBUG 13626 --- [    Test worker] org.hibernate.SQL                        : insert into CarStatusTable (carAvailability, carType, latitude, longitude, carId) values (?, ?, ?, ?, ?)
2018-08-18 08:12:14.185 DEBUG 13626 --- [    Test worker] org.hibernate.SQL                        : insert into CarStatusTable (carAvailability, carType, latitude, longitude, carId) values (?, ?, ?, ?, ?)
2018-08-18 08:12:14.185 DEBUG 13626 --- [    Test worker] org.hibernate.SQL                        : insert into CarStatusTable (carAvailability, carType, latitude, longitude, carId) values (?, ?, ?, ?, ?)
2018-08-18 08:12:14.185 DEBUG 13626 --- [    Test worker] org.hibernate.SQL                        : insert into CarStatusTable (carAvailability, carType, latitude, longitude, carId) values (?, ?, ?, ?, ?)
2018-08-18 08:12:14.191 DEBUG 13626 --- [    Test worker] org.hibernate.SQL                        : insert into CarStatusTable (carAvailability, carType, latitude, longitude, carId) values (?, ?, ?, ?, ?)
2018-08-18 08:12:14.192 DEBUG 13626 --- [    Test worker] org.hibernate.SQL                        : insert into CarStatusTable (carAvailability, carType, latitude, longitude, carId) values (?, ?, ?, ?, ?)
2018-08-18 08:12:14.193 DEBUG 13626 --- [    Test worker] org.hibernate.SQL                        : insert into CarStatusTable (carAvailability, carType, latitude, longitude, carId) values (?, ?, ?, ?, ?)
2018-08-18 08:12:14.196 DEBUG 13626 --- [    Test worker] org.hibernate.SQL                        : insert into CarStatusTable (carAvailability, carType, latitude, longitude, carId) values (?, ?, ?, ?, ?)
2018-08-18 08:12:14.197 DEBUG 13626 --- [    Test worker] org.hibernate.SQL                        : insert into CarStatusTable (carAvailability, carType, latitude, longitude, carId) values (?, ?, ?, ?, ?)
2018-08-18 08:12:14.197 DEBUG 13626 --- [    Test worker] org.hibernate.SQL                        : insert into CarStatusTable (carAvailability, carType, latitude, longitude, carId) values (?, ?, ?, ?, ?)
2018-08-18 08:12:14.198 DEBUG 13626 --- [    Test worker] org.hibernate.SQL                        : insert into CarStatusTable (carAvailability, carType, latitude, longitude, carId) values (?, ?, ?, ?, ?)
2018-08-18 08:12:14.198 DEBUG 13626 --- [    Test worker] org.hibernate.SQL                        : insert into CarStatusTable (carAvailability, carType, latitude, longitude, carId) values (?, ?, ?, ?, ?)
2018-08-18 08:12:14.198 DEBUG 13626 --- [    Test worker] org.hibernate.SQL                        : insert into CarStatusTable (carAvailability, carType, latitude, longitude, carId) values (?, ?, ?, ?, ?)
2018-08-18 08:12:14.199 DEBUG 13626 --- [    Test worker] org.hibernate.SQL                        : insert into CarStatusTable (carAvailability, carType, latitude, longitude, carId) values (?, ?, ?, ?, ?)
2018-08-18 08:12:14.199 DEBUG 13626 --- [    Test worker] org.hibernate.SQL                        : insert into CarStatusTable (carAvailability, carType, latitude, longitude, carId) values (?, ?, ?, ?, ?)
2018-08-18 08:12:14.199 DEBUG 13626 --- [    Test worker] org.hibernate.SQL                        : insert into CarStatusTable (carAvailability, carType, latitude, longitude, carId) values (?, ?, ?, ?, ?)
2018-08-18 08:12:14.200 DEBUG 13626 --- [    Test worker] org.hibernate.SQL                        : insert into CarStatusTable (carAvailability, carType, latitude, longitude, carId) values (?, ?, ?, ?, ?)
2018-08-18 08:12:14.200 DEBUG 13626 --- [    Test worker] org.hibernate.SQL                        : insert into CarStatusTable (carAvailability, carType, latitude, longitude, carId) values (?, ?, ?, ?, ?)
2018-08-18 08:12:14.201 DEBUG 13626 --- [    Test worker] org.hibernate.SQL                        : insert into CarStatusTable (carAvailability, carType, latitude, longitude, carId) values (?, ?, ?, ?, ?)
2018-08-18 08:12:14.207 DEBUG 13626 --- [    Test worker] org.hibernate.SQL                        : insert into CarStatusTable (carAvailability, carType, latitude, longitude, carId) values (?, ?, ?, ?, ?)
2018-08-18 08:12:14.211 DEBUG 13626 --- [    Test worker] org.hibernate.SQL                        : insert into CarStatusTable (carAvailability, carType, latitude, longitude, carId) values (?, ?, ?, ?, ?)
2018-08-18 08:12:14.212 DEBUG 13626 --- [    Test worker] org.hibernate.SQL                        : insert into CarStatusTable (carAvailability, carType, latitude, longitude, carId) values (?, ?, ?, ?, ?)
2018-08-18 08:12:14.213 DEBUG 13626 --- [    Test worker] org.hibernate.SQL                        : insert into CarStatusTable (carAvailability, carType, latitude, longitude, carId) values (?, ?, ?, ?, ?)
2018-08-18 08:12:14.213 DEBUG 13626 --- [    Test worker] org.hibernate.SQL                        : insert into CarStatusTable (carAvailability, carType, latitude, longitude, carId) values (?, ?, ?, ?, ?)
2018-08-18 08:12:14.214 DEBUG 13626 --- [    Test worker] org.hibernate.SQL                        : insert into CarStatusTable (carAvailability, carType, latitude, longitude, carId) values (?, ?, ?, ?, ?)
2018-08-18 08:12:14.214 DEBUG 13626 --- [    Test worker] org.hibernate.SQL                        : insert into CarStatusTable (carAvailability, carType, latitude, longitude, carId) values (?, ?, ?, ?, ?)
2018-08-18 08:12:14.214 DEBUG 13626 --- [    Test worker] org.hibernate.SQL                        : insert into CarStatusTable (carAvailability, carType, latitude, longitude, carId) values (?, ?, ?, ?, ?)
2018-08-18 08:12:14.215 DEBUG 13626 --- [    Test worker] org.hibernate.SQL                        : insert into CarStatusTable (carAvailability, carType, latitude, longitude, carId) values (?, ?, ?, ?, ?)
2018-08-18 08:12:14.215 DEBUG 13626 --- [    Test worker] org.hibernate.SQL                        : insert into CarStatusTable (carAvailability, carType, latitude, longitude, carId) values (?, ?, ?, ?, ?)
2018-08-18 08:12:14.216 DEBUG 13626 --- [    Test worker] org.hibernate.SQL                        : insert into CarStatusTable (carAvailability, carType, latitude, longitude, carId) values (?, ?, ?, ?, ?)
2018-08-18 08:12:14.216 DEBUG 13626 --- [    Test worker] org.hibernate.SQL                        : insert into CarStatusTable (carAvailability, carType, latitude, longitude, carId) values (?, ?, ?, ?, ?)
2018-08-18 08:12:14.220 DEBUG 13626 --- [    Test worker] org.hibernate.SQL                        : insert into CarStatusTable (carAvailability, carType, latitude, longitude, carId) values (?, ?, ?, ?, ?)
2018-08-18 08:12:14.224 DEBUG 13626 --- [    Test worker] org.hibernate.SQL                        : insert into CarStatusTable (carAvailability, carType, latitude, longitude, carId) values (?, ?, ?, ?, ?)
2018-08-18 08:12:14.226 DEBUG 13626 --- [    Test worker] org.hibernate.SQL                        : insert into CarStatusTable (carAvailability, carType, latitude, longitude, carId) values (?, ?, ?, ?, ?)
2018-08-18 08:12:14.230 DEBUG 13626 --- [    Test worker] org.hibernate.SQL                        : insert into CarStatusTable (carAvailability, carType, latitude, longitude, carId) values (?, ?, ?, ?, ?)
2018-08-18 08:12:14.231 DEBUG 13626 --- [    Test worker] org.hibernate.SQL                        : insert into CarStatusTable (carAvailability, carType, latitude, longitude, carId) values (?, ?, ?, ?, ?)
2018-08-18 08:12:14.235 DEBUG 13626 --- [    Test worker] org.hibernate.SQL                        : insert into CarStatusTable (carAvailability, carType, latitude, longitude, carId) values (?, ?, ?, ?, ?)
2018-08-18 08:12:14.236 DEBUG 13626 --- [    Test worker] org.hibernate.SQL                        : insert into CarStatusTable (carAvailability, carType, latitude, longitude, carId) values (?, ?, ?, ?, ?)
2018-08-18 08:12:14.238 DEBUG 13626 --- [    Test worker] org.hibernate.SQL                        : insert into CarStatusTable (carAvailability, carType, latitude, longitude, carId) values (?, ?, ?, ?, ?)
2018-08-18 08:12:14.241 DEBUG 13626 --- [    Test worker] org.hibernate.SQL                        : insert into CarStatusTable (carAvailability, carType, latitude, longitude, carId) values (?, ?, ?, ?, ?)
2018-08-18 08:12:14.251 DEBUG 13626 --- [    Test worker] org.hibernate.SQL                        : insert into CarStatusTable (carAvailability, carType, latitude, longitude, carId) values (?, ?, ?, ?, ?)
2018-08-18 08:12:14.253 DEBUG 13626 --- [    Test worker] org.hibernate.SQL                        : insert into CarStatusTable (carAvailability, carType, latitude, longitude, carId) values (?, ?, ?, ?, ?)
2018-08-18 08:12:14.254 DEBUG 13626 --- [    Test worker] org.hibernate.SQL                        : insert into CarStatusTable (carAvailability, carType, latitude, longitude, carId) values (?, ?, ?, ?, ?)
2018-08-18 08:12:14.256 DEBUG 13626 --- [    Test worker] org.hibernate.SQL                        : insert into CarStatusTable (carAvailability, carType, latitude, longitude, carId) values (?, ?, ?, ?, ?)
2018-08-18 08:12:14.257 DEBUG 13626 --- [    Test worker] org.hibernate.SQL                        : insert into CarStatusTable (carAvailability, carType, latitude, longitude, carId) values (?, ?, ?, ?, ?)
2018-08-18 08:12:14.260 DEBUG 13626 --- [    Test worker] org.hibernate.SQL                        : insert into CarStatusTable (carAvailability, carType, latitude, longitude, carId) values (?, ?, ?, ?, ?)
2018-08-18 08:12:14.262 DEBUG 13626 --- [    Test worker] org.hibernate.SQL                        : insert into CarStatusTable (carAvailability, carType, latitude, longitude, carId) values (?, ?, ?, ?, ?)
2018-08-18 08:12:14.262 DEBUG 13626 --- [    Test worker] org.hibernate.SQL                        : insert into CarStatusTable (carAvailability, carType, latitude, longitude, carId) values (?, ?, ?, ?, ?)
2018-08-18 08:12:14.263 DEBUG 13626 --- [    Test worker] org.hibernate.SQL                        : insert into CarStatusTable (carAvailability, carType, latitude, longitude, carId) values (?, ?, ?, ?, ?)
2018-08-18 08:12:14.263 DEBUG 13626 --- [    Test worker] org.hibernate.SQL                        : insert into CarStatusTable (carAvailability, carType, latitude, longitude, carId) values (?, ?, ?, ?, ?)
2018-08-18 08:12:14.264 DEBUG 13626 --- [    Test worker] org.hibernate.SQL                        : insert into CarStatusTable (carAvailability, carType, latitude, longitude, carId) values (?, ?, ?, ?, ?)
2018-08-18 08:12:14.265 DEBUG 13626 --- [    Test worker] org.hibernate.SQL                        : insert into CarStatusTable (carAvailability, carType, latitude, longitude, carId) values (?, ?, ?, ?, ?)
2018-08-18 08:12:14.266 DEBUG 13626 --- [    Test worker] org.hibernate.SQL                        : insert into CarStatusTable (carAvailability, carType, latitude, longitude, carId) values (?, ?, ?, ?, ?)
2018-08-18 08:12:14.270 DEBUG 13626 --- [    Test worker] org.hibernate.SQL                        : insert into CarStatusTable (carAvailability, carType, latitude, longitude, carId) values (?, ?, ?, ?, ?)
2018-08-18 08:12:14.273 DEBUG 13626 --- [    Test worker] org.hibernate.SQL                        : insert into CarStatusTable (carAvailability, carType, latitude, longitude, carId) values (?, ?, ?, ?, ?)
2018-08-18 08:12:14.279 DEBUG 13626 --- [    Test worker] org.hibernate.SQL                        : insert into CarStatusTable (carAvailability, carType, latitude, longitude, carId) values (?, ?, ?, ?, ?)
2018-08-18 08:12:14.284 DEBUG 13626 --- [    Test worker] org.hibernate.SQL                        : insert into CarStatusTable (carAvailability, carType, latitude, longitude, carId) values (?, ?, ?, ?, ?)
2018-08-18 08:12:14.285 DEBUG 13626 --- [    Test worker] org.hibernate.SQL                        : insert into CarStatusTable (carAvailability, carType, latitude, longitude, carId) values (?, ?, ?, ?, ?)
2018-08-18 08:12:14.285 DEBUG 13626 --- [    Test worker] org.hibernate.SQL                        : insert into CarStatusTable (carAvailability, carType, latitude, longitude, carId) values (?, ?, ?, ?, ?)
2018-08-18 08:12:14.286 DEBUG 13626 --- [    Test worker] org.hibernate.SQL                        : insert into CarStatusTable (carAvailability, carType, latitude, longitude, carId) values (?, ?, ?, ?, ?)
2018-08-18 08:12:14.287 DEBUG 13626 --- [    Test worker] org.hibernate.SQL                        : insert into CarStatusTable (carAvailability, carType, latitude, longitude, carId) values (?, ?, ?, ?, ?)
2018-08-18 08:12:14.287 DEBUG 13626 --- [    Test worker] org.hibernate.SQL                        : insert into CarStatusTable (carAvailability, carType, latitude, longitude, carId) values (?, ?, ?, ?, ?)
2018-08-18 08:12:14.288 DEBUG 13626 --- [    Test worker] org.hibernate.SQL                        : insert into CarStatusTable (carAvailability, carType, latitude, longitude, carId) values (?, ?, ?, ?, ?)
2018-08-18 08:12:14.292 DEBUG 13626 --- [    Test worker] org.hibernate.SQL                        : insert into CarStatusTable (carAvailability, carType, latitude, longitude, carId) values (?, ?, ?, ?, ?)
2018-08-18 08:12:14.296 DEBUG 13626 --- [    Test worker] org.hibernate.SQL                        : insert into CarStatusTable (carAvailability, carType, latitude, longitude, carId) values (?, ?, ?, ?, ?)
2018-08-18 08:12:14.298 DEBUG 13626 --- [    Test worker] org.hibernate.SQL                        : insert into CarStatusTable (carAvailability, carType, latitude, longitude, carId) values (?, ?, ?, ?, ?)
2018-08-18 08:12:14.299 DEBUG 13626 --- [    Test worker] org.hibernate.SQL                        : insert into CarStatusTable (carAvailability, carType, latitude, longitude, carId) values (?, ?, ?, ?, ?)
2018-08-18 08:12:14.301 DEBUG 13626 --- [    Test worker] org.hibernate.SQL                        : insert into CarStatusTable (carAvailability, carType, latitude, longitude, carId) values (?, ?, ?, ?, ?)
2018-08-18 08:12:14.303 DEBUG 13626 --- [    Test worker] org.hibernate.SQL                        : insert into CarStatusTable (carAvailability, carType, latitude, longitude, carId) values (?, ?, ?, ?, ?)
2018-08-18 08:12:14.304 DEBUG 13626 --- [    Test worker] org.hibernate.SQL                        : insert into CarStatusTable (carAvailability, carType, latitude, longitude, carId) values (?, ?, ?, ?, ?)
2018-08-18 08:12:14.305 DEBUG 13626 --- [    Test worker] org.hibernate.SQL                        : insert into CarStatusTable (carAvailability, carType, latitude, longitude, carId) values (?, ?, ?, ?, ?)
2018-08-18 08:12:14.307 DEBUG 13626 --- [    Test worker] org.hibernate.SQL                        : insert into CarStatusTable (carAvailability, carType, latitude, longitude, carId) values (?, ?, ?, ?, ?)
2018-08-18 08:12:14.309 DEBUG 13626 --- [    Test worker] org.hibernate.SQL                        : insert into CarStatusTable (carAvailability, carType, latitude, longitude, carId) values (?, ?, ?, ?, ?)
2018-08-18 08:12:14.310 DEBUG 13626 --- [    Test worker] org.hibernate.SQL                        : insert into CarStatusTable (carAvailability, carType, latitude, longitude, carId) values (?, ?, ?, ?, ?)
2018-08-18 08:12:14.311 DEBUG 13626 --- [    Test worker] org.hibernate.SQL                        : insert into CarStatusTable (carAvailability, carType, latitude, longitude, carId) values (?, ?, ?, ?, ?)
2018-08-18 08:12:14.313 DEBUG 13626 --- [    Test worker] org.hibernate.SQL                        : insert into CarStatusTable (carAvailability, carType, latitude, longitude, carId) values (?, ?, ?, ?, ?)
2018-08-18 08:12:14.314 DEBUG 13626 --- [    Test worker] org.hibernate.SQL                        : insert into CarStatusTable (carAvailability, carType, latitude, longitude, carId) values (?, ?, ?, ?, ?)
2018-08-18 08:12:14.316 DEBUG 13626 --- [    Test worker] org.hibernate.SQL                        : insert into CarStatusTable (carAvailability, carType, latitude, longitude, carId) values (?, ?, ?, ?, ?)
2018-08-18 08:12:14.318 DEBUG 13626 --- [    Test worker] org.hibernate.SQL                        : insert into CarStatusTable (carAvailability, carType, latitude, longitude, carId) values (?, ?, ?, ?, ?)
2018-08-18 08:12:14.319 DEBUG 13626 --- [    Test worker] org.hibernate.SQL                        : insert into CarStatusTable (carAvailability, carType, latitude, longitude, carId) values (?, ?, ?, ?, ?)
2018-08-18 08:12:14.320 DEBUG 13626 --- [    Test worker] org.hibernate.SQL                        : insert into CarStatusTable (carAvailability, carType, latitude, longitude, carId) values (?, ?, ?, ?, ?)
2018-08-18 08:12:14.321 DEBUG 13626 --- [    Test worker] org.hibernate.SQL                        : insert into CarStatusTable (carAvailability, carType, latitude, longitude, carId) values (?, ?, ?, ?, ?)
2018-08-18 08:12:14.323 DEBUG 13626 --- [    Test worker] org.hibernate.SQL                        : insert into CarStatusTable (carAvailability, carType, latitude, longitude, carId) values (?, ?, ?, ?, ?)
2018-08-18 08:12:14.324 DEBUG 13626 --- [    Test worker] org.hibernate.SQL                        : insert into CarStatusTable (carAvailability, carType, latitude, longitude, carId) values (?, ?, ?, ?, ?)
2018-08-18 08:12:14.325 DEBUG 13626 --- [    Test worker] org.hibernate.SQL                        : insert into CarStatusTable (carAvailability, carType, latitude, longitude, carId) values (?, ?, ?, ?, ?)
2018-08-18 08:12:14.326 DEBUG 13626 --- [    Test worker] org.hibernate.SQL                        : insert into CarStatusTable (carAvailability, carType, latitude, longitude, carId) values (?, ?, ?, ?, ?)
2018-08-18 08:12:14.328 DEBUG 13626 --- [    Test worker] org.hibernate.SQL                        : insert into CarStatusTable (carAvailability, carType, latitude, longitude, carId) values (?, ?, ?, ?, ?)
2018-08-18 08:12:14.328 DEBUG 13626 --- [    Test worker] org.hibernate.SQL                        : insert into CarStatusTable (carAvailability, carType, latitude, longitude, carId) values (?, ?, ?, ?, ?)
2018-08-18 08:12:14.330 DEBUG 13626 --- [    Test worker] org.hibernate.SQL                        : insert into CarStatusTable (carAvailability, carType, latitude, longitude, carId) values (?, ?, ?, ?, ?)
2018-08-18 08:12:14.331 DEBUG 13626 --- [    Test worker] org.hibernate.SQL                        : insert into CarStatusTable (carAvailability, carType, latitude, longitude, carId) values (?, ?, ?, ?, ?)
2018-08-18 08:12:14.332 DEBUG 13626 --- [    Test worker] org.hibernate.SQL                        : insert into CarStatusTable (carAvailability, carType, latitude, longitude, carId) values (?, ?, ?, ?, ?)
2018-08-18 08:12:14.333 DEBUG 13626 --- [    Test worker] org.hibernate.SQL                        : insert into CarStatusTable (carAvailability, carType, latitude, longitude, carId) values (?, ?, ?, ?, ?)
2018-08-18 08:12:14.334 DEBUG 13626 --- [    Test worker] org.hibernate.SQL                        : insert into CarStatusTable (carAvailability, carType, latitude, longitude, carId) values (?, ?, ?, ?, ?)
2018-08-18 08:12:14.335 DEBUG 13626 --- [    Test worker] org.hibernate.SQL                        : insert into CarStatusTable (carAvailability, carType, latitude, longitude, carId) values (?, ?, ?, ?, ?)
2018-08-18 08:12:14.336 DEBUG 13626 --- [    Test worker] org.hibernate.SQL                        : insert into CarStatusTable (carAvailability, carType, latitude, longitude, carId) values (?, ?, ?, ?, ?)
2018-08-18 08:12:14.337 DEBUG 13626 --- [    Test worker] org.hibernate.SQL                        : insert into CarStatusTable (carAvailability, carType, latitude, longitude, carId) values (?, ?, ?, ?, ?)
2018-08-18 08:12:14.338 DEBUG 13626 --- [    Test worker] org.hibernate.SQL                        : insert into CarStatusTable (carAvailability, carType, latitude, longitude, carId) values (?, ?, ?, ?, ?)
2018-08-18 08:12:14.339 DEBUG 13626 --- [    Test worker] org.hibernate.SQL                        : insert into CarStatusTable (carAvailability, carType, latitude, longitude, carId) values (?, ?, ?, ?, ?)
2018-08-18 08:12:14.340 DEBUG 13626 --- [    Test worker] org.hibernate.SQL                        : insert into CarStatusTable (carAvailability, carType, latitude, longitude, carId) values (?, ?, ?, ?, ?)
2018-08-18 08:12:14.341 DEBUG 13626 --- [    Test worker] org.hibernate.SQL                        : insert into CarStatusTable (carAvailability, carType, latitude, longitude, carId) values (?, ?, ?, ?, ?)
2018-08-18 08:12:14.342 DEBUG 13626 --- [    Test worker] org.hibernate.SQL                        : insert into CarStatusTable (carAvailability, carType, latitude, longitude, carId) values (?, ?, ?, ?, ?)
2018-08-18 08:12:14.344 DEBUG 13626 --- [    Test worker] org.hibernate.SQL                        : insert into CarStatusTable (carAvailability, carType, latitude, longitude, carId) values (?, ?, ?, ?, ?)
2018-08-18 08:12:14.344 DEBUG 13626 --- [    Test worker] org.hibernate.SQL                        : insert into CarStatusTable (carAvailability, carType, latitude, longitude, carId) values (?, ?, ?, ?, ?)
2018-08-18 08:12:14.345 DEBUG 13626 --- [    Test worker] org.hibernate.SQL                        : insert into CarStatusTable (carAvailability, carType, latitude, longitude, carId) values (?, ?, ?, ?, ?)
2018-08-18 08:12:14.346 DEBUG 13626 --- [    Test worker] org.hibernate.SQL                        : insert into CarStatusTable (carAvailability, carType, latitude, longitude, carId) values (?, ?, ?, ?, ?)
2018-08-18 08:12:14.346 DEBUG 13626 --- [    Test worker] org.hibernate.SQL                        : insert into CarStatusTable (carAvailability, carType, latitude, longitude, carId) values (?, ?, ?, ?, ?)
2018-08-18 08:12:14.347 DEBUG 13626 --- [    Test worker] org.hibernate.SQL                        : insert into CarStatusTable (carAvailability, carType, latitude, longitude, carId) values (?, ?, ?, ?, ?)
2018-08-18 08:12:14.348 DEBUG 13626 --- [    Test worker] org.hibernate.SQL                        : insert into CarStatusTable (carAvailability, carType, latitude, longitude, carId) values (?, ?, ?, ?, ?)
2018-08-18 08:12:14.349 DEBUG 13626 --- [    Test worker] org.hibernate.SQL                        : insert into CarStatusTable (carAvailability, carType, latitude, longitude, carId) values (?, ?, ?, ?, ?)
2018-08-18 08:12:14.354 DEBUG 13626 --- [    Test worker] org.hibernate.SQL                        : insert into CarStatusTable (carAvailability, carType, latitude, longitude, carId) values (?, ?, ?, ?, ?)
2018-08-18 08:12:14.355 DEBUG 13626 --- [    Test worker] org.hibernate.SQL                        : insert into CarStatusTable (carAvailability, carType, latitude, longitude, carId) values (?, ?, ?, ?, ?)
2018-08-18 08:12:14.356 DEBUG 13626 --- [    Test worker] org.hibernate.SQL                        : insert into CarStatusTable (carAvailability, carType, latitude, longitude, carId) values (?, ?, ?, ?, ?)
2018-08-18 08:12:14.357 DEBUG 13626 --- [    Test worker] org.hibernate.SQL                        : insert into CarStatusTable (carAvailability, carType, latitude, longitude, carId) values (?, ?, ?, ?, ?)
2018-08-18 08:12:14.358 DEBUG 13626 --- [    Test worker] org.hibernate.SQL                        : insert into CarStatusTable (carAvailability, carType, latitude, longitude, carId) values (?, ?, ?, ?, ?)
2018-08-18 08:12:14.359 DEBUG 13626 --- [    Test worker] org.hibernate.SQL                        : insert into CarStatusTable (carAvailability, carType, latitude, longitude, carId) values (?, ?, ?, ?, ?)
2018-08-18 08:12:14.360 DEBUG 13626 --- [    Test worker] org.hibernate.SQL                        : insert into CarStatusTable (carAvailability, carType, latitude, longitude, carId) values (?, ?, ?, ?, ?)
2018-08-18 08:12:14.361 DEBUG 13626 --- [    Test worker] org.hibernate.SQL                        : insert into CarStatusTable (carAvailability, carType, latitude, longitude, carId) values (?, ?, ?, ?, ?)
2018-08-18 08:12:14.363 DEBUG 13626 --- [    Test worker] org.hibernate.SQL                        : insert into CarStatusTable (carAvailability, carType, latitude, longitude, carId) values (?, ?, ?, ?, ?)
2018-08-18 08:12:14.364 DEBUG 13626 --- [    Test worker] org.hibernate.SQL                        : insert into CarStatusTable (carAvailability, carType, latitude, longitude, carId) values (?, ?, ?, ?, ?)
2018-08-18 08:12:14.365 DEBUG 13626 --- [    Test worker] org.hibernate.SQL                        : insert into CarStatusTable (carAvailability, carType, latitude, longitude, carId) values (?, ?, ?, ?, ?)
2018-08-18 08:12:14.366 DEBUG 13626 --- [    Test worker] org.hibernate.SQL                        : insert into CarStatusTable (carAvailability, carType, latitude, longitude, carId) values (?, ?, ?, ?, ?)
2018-08-18 08:12:14.368 DEBUG 13626 --- [    Test worker] org.hibernate.SQL                        : insert into CarStatusTable (carAvailability, carType, latitude, longitude, carId) values (?, ?, ?, ?, ?)
2018-08-18 08:12:14.370 DEBUG 13626 --- [    Test worker] org.hibernate.SQL                        : insert into CarStatusTable (carAvailability, carType, latitude, longitude, carId) values (?, ?, ?, ?, ?)
2018-08-18 08:12:14.370 DEBUG 13626 --- [    Test worker] org.hibernate.SQL                        : insert into CarStatusTable (carAvailability, carType, latitude, longitude, carId) values (?, ?, ?, ?, ?)
2018-08-18 08:12:14.372 DEBUG 13626 --- [    Test worker] org.hibernate.SQL                        : insert into CarStatusTable (carAvailability, carType, latitude, longitude, carId) values (?, ?, ?, ?, ?)
2018-08-18 08:12:14.373 DEBUG 13626 --- [    Test worker] org.hibernate.SQL                        : insert into CarStatusTable (carAvailability, carType, latitude, longitude, carId) values (?, ?, ?, ?, ?)
2018-08-18 08:12:14.374 DEBUG 13626 --- [    Test worker] org.hibernate.SQL                        : insert into CarStatusTable (carAvailability, carType, latitude, longitude, carId) values (?, ?, ?, ?, ?)
2018-08-18 08:12:14.375 DEBUG 13626 --- [    Test worker] org.hibernate.SQL                        : insert into CarStatusTable (carAvailability, carType, latitude, longitude, carId) values (?, ?, ?, ?, ?)
2018-08-18 08:12:14.376 DEBUG 13626 --- [    Test worker] org.hibernate.SQL                        : insert into CarStatusTable (carAvailability, carType, latitude, longitude, carId) values (?, ?, ?, ?, ?)
2018-08-18 08:12:14.377 DEBUG 13626 --- [    Test worker] org.hibernate.SQL                        : insert into CarStatusTable (carAvailability, carType, latitude, longitude, carId) values (?, ?, ?, ?, ?)
2018-08-18 08:12:14.377 DEBUG 13626 --- [    Test worker] org.hibernate.SQL                        : insert into CarStatusTable (carAvailability, carType, latitude, longitude, carId) values (?, ?, ?, ?, ?)
2018-08-18 08:12:14.379 DEBUG 13626 --- [    Test worker] org.hibernate.SQL                        : insert into CarStatusTable (carAvailability, carType, latitude, longitude, carId) values (?, ?, ?, ?, ?)
2018-08-18 08:12:14.379 DEBUG 13626 --- [    Test worker] org.hibernate.SQL                        : insert into CarStatusTable (carAvailability, carType, latitude, longitude, carId) values (?, ?, ?, ?, ?)
2018-08-18 08:12:14.380 DEBUG 13626 --- [    Test worker] org.hibernate.SQL                        : insert into CarStatusTable (carAvailability, carType, latitude, longitude, carId) values (?, ?, ?, ?, ?)
2018-08-18 08:12:14.382 DEBUG 13626 --- [    Test worker] org.hibernate.SQL                        : insert into CarStatusTable (carAvailability, carType, latitude, longitude, carId) values (?, ?, ?, ?, ?)
2018-08-18 08:12:14.383 DEBUG 13626 --- [    Test worker] org.hibernate.SQL                        : insert into CarStatusTable (carAvailability, carType, latitude, longitude, carId) values (?, ?, ?, ?, ?)
2018-08-18 08:12:14.384 DEBUG 13626 --- [    Test worker] org.hibernate.SQL                        : insert into CarStatusTable (carAvailability, carType, latitude, longitude, carId) values (?, ?, ?, ?, ?)
2018-08-18 08:12:14.384 DEBUG 13626 --- [    Test worker] org.hibernate.SQL                        : insert into CarStatusTable (carAvailability, carType, latitude, longitude, carId) values (?, ?, ?, ?, ?)
2018-08-18 08:12:14.385 DEBUG 13626 --- [    Test worker] org.hibernate.SQL                        : insert into CarStatusTable (carAvailability, carType, latitude, longitude, carId) values (?, ?, ?, ?, ?)
2018-08-18 08:12:14.387 DEBUG 13626 --- [    Test worker] org.hibernate.SQL                        : insert into CarStatusTable (carAvailability, carType, latitude, longitude, carId) values (?, ?, ?, ?, ?)
2018-08-18 08:12:14.387 DEBUG 13626 --- [    Test worker] org.hibernate.SQL                        : insert into CarStatusTable (carAvailability, carType, latitude, longitude, carId) values (?, ?, ?, ?, ?)
2018-08-18 08:12:14.388 DEBUG 13626 --- [    Test worker] org.hibernate.SQL                        : insert into CarStatusTable (carAvailability, carType, latitude, longitude, carId) values (?, ?, ?, ?, ?)
2018-08-18 08:12:14.388 DEBUG 13626 --- [    Test worker] org.hibernate.SQL                        : insert into CarStatusTable (carAvailability, carType, latitude, longitude, carId) values (?, ?, ?, ?, ?)
2018-08-18 08:12:14.389 DEBUG 13626 --- [    Test worker] org.hibernate.SQL                        : insert into CarStatusTable (carAvailability, carType, latitude, longitude, carId) values (?, ?, ?, ?, ?)
2018-08-18 08:12:14.390 DEBUG 13626 --- [    Test worker] org.hibernate.SQL                        : insert into CarStatusTable (carAvailability, carType, latitude, longitude, carId) values (?, ?, ?, ?, ?)
2018-08-18 08:12:14.390 DEBUG 13626 --- [    Test worker] org.hibernate.SQL                        : insert into CarStatusTable (carAvailability, carType, latitude, longitude, carId) values (?, ?, ?, ?, ?)
2018-08-18 08:12:14.390 DEBUG 13626 --- [    Test worker] org.hibernate.SQL                        : insert into CarStatusTable (carAvailability, carType, latitude, longitude, carId) values (?, ?, ?, ?, ?)
2018-08-18 08:12:14.391 DEBUG 13626 --- [    Test worker] org.hibernate.SQL                        : insert into CarStatusTable (carAvailability, carType, latitude, longitude, carId) values (?, ?, ?, ?, ?)
2018-08-18 08:12:14.391 DEBUG 13626 --- [    Test worker] org.hibernate.SQL                        : insert into CarStatusTable (carAvailability, carType, latitude, longitude, carId) values (?, ?, ?, ?, ?)
2018-08-18 08:12:14.392 DEBUG 13626 --- [    Test worker] org.hibernate.SQL                        : insert into CarStatusTable (carAvailability, carType, latitude, longitude, carId) values (?, ?, ?, ?, ?)
2018-08-18 08:12:14.392 DEBUG 13626 --- [    Test worker] org.hibernate.SQL                        : insert into CarStatusTable (carAvailability, carType, latitude, longitude, carId) values (?, ?, ?, ?, ?)
2018-08-18 08:12:14.393 DEBUG 13626 --- [    Test worker] org.hibernate.SQL                        : insert into CarStatusTable (carAvailability, carType, latitude, longitude, carId) values (?, ?, ?, ?, ?)
2018-08-18 08:12:14.393 DEBUG 13626 --- [    Test worker] org.hibernate.SQL                        : insert into CarStatusTable (carAvailability, carType, latitude, longitude, carId) values (?, ?, ?, ?, ?)
2018-08-18 08:12:14.394 DEBUG 13626 --- [    Test worker] org.hibernate.SQL                        : insert into CarStatusTable (carAvailability, carType, latitude, longitude, carId) values (?, ?, ?, ?, ?)
2018-08-18 08:12:14.394 DEBUG 13626 --- [    Test worker] org.hibernate.SQL                        : insert into CarStatusTable (carAvailability, carType, latitude, longitude, carId) values (?, ?, ?, ?, ?)
2018-08-18 08:12:14.395 DEBUG 13626 --- [    Test worker] org.hibernate.SQL                        : insert into CarStatusTable (carAvailability, carType, latitude, longitude, carId) values (?, ?, ?, ?, ?)
2018-08-18 08:12:14.395 DEBUG 13626 --- [    Test worker] org.hibernate.SQL                        : insert into CarStatusTable (carAvailability, carType, latitude, longitude, carId) values (?, ?, ?, ?, ?)
2018-08-18 08:12:14.396 DEBUG 13626 --- [    Test worker] org.hibernate.SQL                        : insert into CarStatusTable (carAvailability, carType, latitude, longitude, carId) values (?, ?, ?, ?, ?)
2018-08-18 08:12:14.396 DEBUG 13626 --- [    Test worker] org.hibernate.SQL                        : insert into CarStatusTable (carAvailability, carType, latitude, longitude, carId) values (?, ?, ?, ?, ?)
2018-08-18 08:12:14.397 DEBUG 13626 --- [    Test worker] org.hibernate.SQL                        : insert into CarStatusTable (carAvailability, carType, latitude, longitude, carId) values (?, ?, ?, ?, ?)
2018-08-18 08:12:14.397 DEBUG 13626 --- [    Test worker] org.hibernate.SQL                        : insert into CarStatusTable (carAvailability, carType, latitude, longitude, carId) values (?, ?, ?, ?, ?)
2018-08-18 08:12:14.398 DEBUG 13626 --- [    Test worker] org.hibernate.SQL                        : insert into CarStatusTable (carAvailability, carType, latitude, longitude, carId) values (?, ?, ?, ?, ?)
2018-08-18 08:12:14.398 DEBUG 13626 --- [    Test worker] org.hibernate.SQL                        : insert into CarStatusTable (carAvailability, carType, latitude, longitude, carId) values (?, ?, ?, ?, ?)
2018-08-18 08:12:14.399 DEBUG 13626 --- [    Test worker] org.hibernate.SQL                        : insert into CarStatusTable (carAvailability, carType, latitude, longitude, carId) values (?, ?, ?, ?, ?)
2018-08-18 08:12:14.399 DEBUG 13626 --- [    Test worker] org.hibernate.SQL                        : insert into CarStatusTable (carAvailability, carType, latitude, longitude, carId) values (?, ?, ?, ?, ?)
2018-08-18 08:12:14.400 DEBUG 13626 --- [    Test worker] org.hibernate.SQL                        : insert into CarStatusTable (carAvailability, carType, latitude, longitude, carId) values (?, ?, ?, ?, ?)
2018-08-18 08:12:14.401 DEBUG 13626 --- [    Test worker] org.hibernate.SQL                        : insert into CarStatusTable (carAvailability, carType, latitude, longitude, carId) values (?, ?, ?, ?, ?)
2018-08-18 08:12:14.401 DEBUG 13626 --- [    Test worker] org.hibernate.SQL                        : insert into CarStatusTable (carAvailability, carType, latitude, longitude, carId) values (?, ?, ?, ?, ?)
2018-08-18 08:12:14.402 DEBUG 13626 --- [    Test worker] org.hibernate.SQL                        : insert into CarStatusTable (carAvailability, carType, latitude, longitude, carId) values (?, ?, ?, ?, ?)
2018-08-18 08:12:14.402 DEBUG 13626 --- [    Test worker] org.hibernate.SQL                        : insert into CarStatusTable (carAvailability, carType, latitude, longitude, carId) values (?, ?, ?, ?, ?)
2018-08-18 08:12:14.403 DEBUG 13626 --- [    Test worker] org.hibernate.SQL                        : insert into CarStatusTable (carAvailability, carType, latitude, longitude, carId) values (?, ?, ?, ?, ?)
2018-08-18 08:12:14.403 DEBUG 13626 --- [    Test worker] org.hibernate.SQL                        : insert into CarStatusTable (carAvailability, carType, latitude, longitude, carId) values (?, ?, ?, ?, ?)
2018-08-18 08:12:14.404 DEBUG 13626 --- [    Test worker] org.hibernate.SQL                        : insert into CarStatusTable (carAvailability, carType, latitude, longitude, carId) values (?, ?, ?, ?, ?)
2018-08-18 08:12:14.404 DEBUG 13626 --- [    Test worker] org.hibernate.SQL                        : insert into CarStatusTable (carAvailability, carType, latitude, longitude, carId) values (?, ?, ?, ?, ?)
2018-08-18 08:12:14.405 DEBUG 13626 --- [    Test worker] org.hibernate.SQL                        : insert into CarStatusTable (carAvailability, carType, latitude, longitude, carId) values (?, ?, ?, ?, ?)
2018-08-18 08:12:14.405 DEBUG 13626 --- [    Test worker] org.hibernate.SQL                        : insert into CarStatusTable (carAvailability, carType, latitude, longitude, carId) values (?, ?, ?, ?, ?)
2018-08-18 08:12:14.409 DEBUG 13626 --- [    Test worker] org.hibernate.SQL                        : insert into CarStatusTable (carAvailability, carType, latitude, longitude, carId) values (?, ?, ?, ?, ?)
2018-08-18 08:12:14.410 DEBUG 13626 --- [    Test worker] org.hibernate.SQL                        : insert into CarStatusTable (carAvailability, carType, latitude, longitude, carId) values (?, ?, ?, ?, ?)
2018-08-18 08:12:14.418 DEBUG 13626 --- [    Test worker] org.hibernate.SQL                        : insert into CarStatusTable (carAvailability, carType, latitude, longitude, carId) values (?, ?, ?, ?, ?)
2018-08-18 08:12:14.423 DEBUG 13626 --- [    Test worker] org.hibernate.SQL                        : insert into CarStatusTable (carAvailability, carType, latitude, longitude, carId) values (?, ?, ?, ?, ?)
2018-08-18 08:12:14.426 DEBUG 13626 --- [    Test worker] org.hibernate.SQL                        : insert into CarStatusTable (carAvailability, carType, latitude, longitude, carId) values (?, ?, ?, ?, ?)
2018-08-18 08:12:14.429 DEBUG 13626 --- [    Test worker] org.hibernate.SQL                        : insert into CarStatusTable (carAvailability, carType, latitude, longitude, carId) values (?, ?, ?, ?, ?)
2018-08-18 08:12:14.430 DEBUG 13626 --- [    Test worker] org.hibernate.SQL                        : insert into CarStatusTable (carAvailability, carType, latitude, longitude, carId) values (?, ?, ?, ?, ?)
2018-08-18 08:12:14.433 DEBUG 13626 --- [    Test worker] org.hibernate.SQL                        : insert into CarStatusTable (carAvailability, carType, latitude, longitude, carId) values (?, ?, ?, ?, ?)
2018-08-18 08:12:14.435 DEBUG 13626 --- [    Test worker] org.hibernate.SQL                        : insert into CarStatusTable (carAvailability, carType, latitude, longitude, carId) values (?, ?, ?, ?, ?)
2018-08-18 08:12:14.436 DEBUG 13626 --- [    Test worker] org.hibernate.SQL                        : insert into CarStatusTable (carAvailability, carType, latitude, longitude, carId) values (?, ?, ?, ?, ?)
2018-08-18 08:12:14.438 DEBUG 13626 --- [    Test worker] org.hibernate.SQL                        : insert into CarStatusTable (carAvailability, carType, latitude, longitude, carId) values (?, ?, ?, ?, ?)
2018-08-18 08:12:14.440 DEBUG 13626 --- [    Test worker] org.hibernate.SQL                        : insert into CarStatusTable (carAvailability, carType, latitude, longitude, carId) values (?, ?, ?, ?, ?)
2018-08-18 08:12:14.442 DEBUG 13626 --- [    Test worker] org.hibernate.SQL                        : insert into CarStatusTable (carAvailability, carType, latitude, longitude, carId) values (?, ?, ?, ?, ?)
2018-08-18 08:12:14.443 DEBUG 13626 --- [    Test worker] org.hibernate.SQL                        : insert into CarStatusTable (carAvailability, carType, latitude, longitude, carId) values (?, ?, ?, ?, ?)
2018-08-18 08:12:14.446 DEBUG 13626 --- [    Test worker] org.hibernate.SQL                        : insert into CarStatusTable (carAvailability, carType, latitude, longitude, carId) values (?, ?, ?, ?, ?)
2018-08-18 08:12:14.446 DEBUG 13626 --- [    Test worker] org.hibernate.SQL                        : insert into CarStatusTable (carAvailability, carType, latitude, longitude, carId) values (?, ?, ?, ?, ?)
2018-08-18 08:12:14.448 DEBUG 13626 --- [    Test worker] org.hibernate.SQL                        : insert into CarStatusTable (carAvailability, carType, latitude, longitude, carId) values (?, ?, ?, ?, ?)
2018-08-18 08:12:14.449 DEBUG 13626 --- [    Test worker] org.hibernate.SQL                        : insert into CarStatusTable (carAvailability, carType, latitude, longitude, carId) values (?, ?, ?, ?, ?)
2018-08-18 08:12:14.451 DEBUG 13626 --- [    Test worker] org.hibernate.SQL                        : insert into CarStatusTable (carAvailability, carType, latitude, longitude, carId) values (?, ?, ?, ?, ?)
2018-08-18 08:12:14.453 DEBUG 13626 --- [    Test worker] org.hibernate.SQL                        : insert into CarStatusTable (carAvailability, carType, latitude, longitude, carId) values (?, ?, ?, ?, ?)
2018-08-18 08:12:14.453 DEBUG 13626 --- [    Test worker] org.hibernate.SQL                        : insert into CarStatusTable (carAvailability, carType, latitude, longitude, carId) values (?, ?, ?, ?, ?)
2018-08-18 08:12:14.455 DEBUG 13626 --- [    Test worker] org.hibernate.SQL                        : insert into CarStatusTable (carAvailability, carType, latitude, longitude, carId) values (?, ?, ?, ?, ?)
2018-08-18 08:12:14.456 DEBUG 13626 --- [    Test worker] org.hibernate.SQL                        : insert into CarStatusTable (carAvailability, carType, latitude, longitude, carId) values (?, ?, ?, ?, ?)
2018-08-18 08:12:14.457 DEBUG 13626 --- [    Test worker] org.hibernate.SQL                        : insert into CarStatusTable (carAvailability, carType, latitude, longitude, carId) values (?, ?, ?, ?, ?)
2018-08-18 08:12:14.458 DEBUG 13626 --- [    Test worker] org.hibernate.SQL                        : insert into CarStatusTable (carAvailability, carType, latitude, longitude, carId) values (?, ?, ?, ?, ?)
2018-08-18 08:12:14.460 DEBUG 13626 --- [    Test worker] org.hibernate.SQL                        : insert into CarStatusTable (carAvailability, carType, latitude, longitude, carId) values (?, ?, ?, ?, ?)
2018-08-18 08:12:14.461 DEBUG 13626 --- [    Test worker] org.hibernate.SQL                        : insert into CarStatusTable (carAvailability, carType, latitude, longitude, carId) values (?, ?, ?, ?, ?)
2018-08-18 08:12:14.462 DEBUG 13626 --- [    Test worker] org.hibernate.SQL                        : insert into CarStatusTable (carAvailability, carType, latitude, longitude, carId) values (?, ?, ?, ?, ?)
2018-08-18 08:12:14.463 DEBUG 13626 --- [    Test worker] org.hibernate.SQL                        : insert into CarStatusTable (carAvailability, carType, latitude, longitude, carId) values (?, ?, ?, ?, ?)
2018-08-18 08:12:14.464 DEBUG 13626 --- [    Test worker] org.hibernate.SQL                        : insert into CarStatusTable (carAvailability, carType, latitude, longitude, carId) values (?, ?, ?, ?, ?)
2018-08-18 08:12:14.466 DEBUG 13626 --- [    Test worker] org.hibernate.SQL                        : insert into CarStatusTable (carAvailability, carType, latitude, longitude, carId) values (?, ?, ?, ?, ?)
2018-08-18 08:12:14.467 DEBUG 13626 --- [    Test worker] org.hibernate.SQL                        : insert into CarStatusTable (carAvailability, carType, latitude, longitude, carId) values (?, ?, ?, ?, ?)
2018-08-18 08:12:14.468 DEBUG 13626 --- [    Test worker] org.hibernate.SQL                        : insert into CarStatusTable (carAvailability, carType, latitude, longitude, carId) values (?, ?, ?, ?, ?)
2018-08-18 08:12:14.471 DEBUG 13626 --- [    Test worker] org.hibernate.SQL                        : insert into CarStatusTable (carAvailability, carType, latitude, longitude, carId) values (?, ?, ?, ?, ?)
2018-08-18 08:12:14.473 DEBUG 13626 --- [    Test worker] org.hibernate.SQL                        : insert into CarStatusTable (carAvailability, carType, latitude, longitude, carId) values (?, ?, ?, ?, ?)
2018-08-18 08:12:14.475 DEBUG 13626 --- [    Test worker] org.hibernate.SQL                        : insert into CarStatusTable (carAvailability, carType, latitude, longitude, carId) values (?, ?, ?, ?, ?)
2018-08-18 08:12:14.476 DEBUG 13626 --- [    Test worker] org.hibernate.SQL                        : insert into CarStatusTable (carAvailability, carType, latitude, longitude, carId) values (?, ?, ?, ?, ?)
2018-08-18 08:12:14.476 DEBUG 13626 --- [    Test worker] org.hibernate.SQL                        : insert into CarStatusTable (carAvailability, carType, latitude, longitude, carId) values (?, ?, ?, ?, ?)
2018-08-18 08:12:14.477 DEBUG 13626 --- [    Test worker] org.hibernate.SQL                        : insert into CarStatusTable (carAvailability, carType, latitude, longitude, carId) values (?, ?, ?, ?, ?)
2018-08-18 08:12:14.477 DEBUG 13626 --- [    Test worker] org.hibernate.SQL                        : insert into CarStatusTable (carAvailability, carType, latitude, longitude, carId) values (?, ?, ?, ?, ?)
2018-08-18 08:12:14.481 DEBUG 13626 --- [    Test worker] org.hibernate.SQL                        : insert into CarStatusTable (carAvailability, carType, latitude, longitude, carId) values (?, ?, ?, ?, ?)
2018-08-18 08:12:14.482 DEBUG 13626 --- [    Test worker] org.hibernate.SQL                        : insert into CarStatusTable (carAvailability, carType, latitude, longitude, carId) values (?, ?, ?, ?, ?)
2018-08-18 08:12:14.483 DEBUG 13626 --- [    Test worker] org.hibernate.SQL                        : insert into CarStatusTable (carAvailability, carType, latitude, longitude, carId) values (?, ?, ?, ?, ?)
2018-08-18 08:12:14.483 DEBUG 13626 --- [    Test worker] org.hibernate.SQL                        : insert into CarStatusTable (carAvailability, carType, latitude, longitude, carId) values (?, ?, ?, ?, ?)
2018-08-18 08:12:14.483 DEBUG 13626 --- [    Test worker] org.hibernate.SQL                        : insert into CarStatusTable (carAvailability, carType, latitude, longitude, carId) values (?, ?, ?, ?, ?)
2018-08-18 08:12:14.484 DEBUG 13626 --- [    Test worker] org.hibernate.SQL                        : insert into CarStatusTable (carAvailability, carType, latitude, longitude, carId) values (?, ?, ?, ?, ?)
2018-08-18 08:12:14.484 DEBUG 13626 --- [    Test worker] org.hibernate.SQL                        : insert into CarStatusTable (carAvailability, carType, latitude, longitude, carId) values (?, ?, ?, ?, ?)
2018-08-18 08:12:14.491 DEBUG 13626 --- [    Test worker] org.hibernate.SQL                        : insert into CarStatusTable (carAvailability, carType, latitude, longitude, carId) values (?, ?, ?, ?, ?)
2018-08-18 08:12:14.492 DEBUG 13626 --- [    Test worker] org.hibernate.SQL                        : insert into CarStatusTable (carAvailability, carType, latitude, longitude, carId) values (?, ?, ?, ?, ?)
2018-08-18 08:12:14.493 DEBUG 13626 --- [    Test worker] org.hibernate.SQL                        : insert into CarStatusTable (carAvailability, carType, latitude, longitude, carId) values (?, ?, ?, ?, ?)
2018-08-18 08:12:14.500 DEBUG 13626 --- [    Test worker] org.hibernate.SQL                        : insert into CarStatusTable (carAvailability, carType, latitude, longitude, carId) values (?, ?, ?, ?, ?)
2018-08-18 08:12:14.500 DEBUG 13626 --- [    Test worker] org.hibernate.SQL                        : insert into CarStatusTable (carAvailability, carType, latitude, longitude, carId) values (?, ?, ?, ?, ?)
2018-08-18 08:12:14.501 DEBUG 13626 --- [    Test worker] org.hibernate.SQL                        : insert into CarStatusTable (carAvailability, carType, latitude, longitude, carId) values (?, ?, ?, ?, ?)
2018-08-18 08:12:14.501 DEBUG 13626 --- [    Test worker] org.hibernate.SQL                        : insert into CarStatusTable (carAvailability, carType, latitude, longitude, carId) values (?, ?, ?, ?, ?)
2018-08-18 08:12:14.502 DEBUG 13626 --- [    Test worker] org.hibernate.SQL                        : insert into CarStatusTable (carAvailability, carType, latitude, longitude, carId) values (?, ?, ?, ?, ?)
2018-08-18 08:12:14.502 DEBUG 13626 --- [    Test worker] org.hibernate.SQL                        : insert into CarStatusTable (carAvailability, carType, latitude, longitude, carId) values (?, ?, ?, ?, ?)
2018-08-18 08:12:14.502 DEBUG 13626 --- [    Test worker] org.hibernate.SQL                        : insert into CarStatusTable (carAvailability, carType, latitude, longitude, carId) values (?, ?, ?, ?, ?)
2018-08-18 08:12:14.503 DEBUG 13626 --- [    Test worker] org.hibernate.SQL                        : insert into CarStatusTable (carAvailability, carType, latitude, longitude, carId) values (?, ?, ?, ?, ?)
2018-08-18 08:12:14.503 DEBUG 13626 --- [    Test worker] org.hibernate.SQL                        : insert into CarStatusTable (carAvailability, carType, latitude, longitude, carId) values (?, ?, ?, ?, ?)
2018-08-18 08:12:14.503 DEBUG 13626 --- [    Test worker] org.hibernate.SQL                        : insert into CarStatusTable (carAvailability, carType, latitude, longitude, carId) values (?, ?, ?, ?, ?)
2018-08-18 08:12:14.504 DEBUG 13626 --- [    Test worker] org.hibernate.SQL                        : insert into CarStatusTable (carAvailability, carType, latitude, longitude, carId) values (?, ?, ?, ?, ?)
2018-08-18 08:12:14.504 DEBUG 13626 --- [    Test worker] org.hibernate.SQL                        : insert into CarStatusTable (carAvailability, carType, latitude, longitude, carId) values (?, ?, ?, ?, ?)
2018-08-18 08:12:14.505 DEBUG 13626 --- [    Test worker] org.hibernate.SQL                        : insert into CarStatusTable (carAvailability, carType, latitude, longitude, carId) values (?, ?, ?, ?, ?)
2018-08-18 08:12:14.505 DEBUG 13626 --- [    Test worker] org.hibernate.SQL                        : insert into CarStatusTable (carAvailability, carType, latitude, longitude, carId) values (?, ?, ?, ?, ?)
2018-08-18 08:12:14.505 DEBUG 13626 --- [    Test worker] org.hibernate.SQL                        : insert into CarStatusTable (carAvailability, carType, latitude, longitude, carId) values (?, ?, ?, ?, ?)
2018-08-18 08:12:14.506 DEBUG 13626 --- [    Test worker] org.hibernate.SQL                        : insert into CarStatusTable (carAvailability, carType, latitude, longitude, carId) values (?, ?, ?, ?, ?)
2018-08-18 08:12:14.506 DEBUG 13626 --- [    Test worker] org.hibernate.SQL                        : insert into CarStatusTable (carAvailability, carType, latitude, longitude, carId) values (?, ?, ?, ?, ?)
2018-08-18 08:12:14.506 DEBUG 13626 --- [    Test worker] org.hibernate.SQL                        : insert into CarStatusTable (carAvailability, carType, latitude, longitude, carId) values (?, ?, ?, ?, ?)
2018-08-18 08:12:14.507 DEBUG 13626 --- [    Test worker] org.hibernate.SQL                        : insert into CarStatusTable (carAvailability, carType, latitude, longitude, carId) values (?, ?, ?, ?, ?)
2018-08-18 08:12:14.507 DEBUG 13626 --- [    Test worker] org.hibernate.SQL                        : insert into CarStatusTable (carAvailability, carType, latitude, longitude, carId) values (?, ?, ?, ?, ?)
2018-08-18 08:12:14.507 DEBUG 13626 --- [    Test worker] org.hibernate.SQL                        : insert into CarStatusTable (carAvailability, carType, latitude, longitude, carId) values (?, ?, ?, ?, ?)
2018-08-18 08:12:14.508 DEBUG 13626 --- [    Test worker] org.hibernate.SQL                        : insert into CarStatusTable (carAvailability, carType, latitude, longitude, carId) values (?, ?, ?, ?, ?)
2018-08-18 08:12:14.508 DEBUG 13626 --- [    Test worker] org.hibernate.SQL                        : insert into CarStatusTable (carAvailability, carType, latitude, longitude, carId) values (?, ?, ?, ?, ?)
2018-08-18 08:12:14.508 DEBUG 13626 --- [    Test worker] org.hibernate.SQL                        : insert into CarStatusTable (carAvailability, carType, latitude, longitude, carId) values (?, ?, ?, ?, ?)
2018-08-18 08:12:14.509 DEBUG 13626 --- [    Test worker] org.hibernate.SQL                        : insert into CarStatusTable (carAvailability, carType, latitude, longitude, carId) values (?, ?, ?, ?, ?)
2018-08-18 08:12:14.519 DEBUG 13626 --- [    Test worker] org.hibernate.SQL                        : insert into CarStatusTable (carAvailability, carType, latitude, longitude, carId) values (?, ?, ?, ?, ?)
2018-08-18 08:12:14.520 DEBUG 13626 --- [    Test worker] org.hibernate.SQL                        : insert into CarStatusTable (carAvailability, carType, latitude, longitude, carId) values (?, ?, ?, ?, ?)
2018-08-18 08:12:14.520 DEBUG 13626 --- [    Test worker] org.hibernate.SQL                        : insert into CarStatusTable (carAvailability, carType, latitude, longitude, carId) values (?, ?, ?, ?, ?)
2018-08-18 08:12:14.521 DEBUG 13626 --- [    Test worker] org.hibernate.SQL                        : insert into CarStatusTable (carAvailability, carType, latitude, longitude, carId) values (?, ?, ?, ?, ?)
2018-08-18 08:12:14.527 DEBUG 13626 --- [    Test worker] org.hibernate.SQL                        : insert into CarStatusTable (carAvailability, carType, latitude, longitude, carId) values (?, ?, ?, ?, ?)
2018-08-18 08:12:14.528 DEBUG 13626 --- [    Test worker] org.hibernate.SQL                        : insert into CarStatusTable (carAvailability, carType, latitude, longitude, carId) values (?, ?, ?, ?, ?)
2018-08-18 08:12:14.528 DEBUG 13626 --- [    Test worker] org.hibernate.SQL                        : insert into CarStatusTable (carAvailability, carType, latitude, longitude, carId) values (?, ?, ?, ?, ?)
2018-08-18 08:12:14.528 DEBUG 13626 --- [    Test worker] org.hibernate.SQL                        : insert into CarStatusTable (carAvailability, carType, latitude, longitude, carId) values (?, ?, ?, ?, ?)
2018-08-18 08:12:14.529 DEBUG 13626 --- [    Test worker] org.hibernate.SQL                        : insert into CarStatusTable (carAvailability, carType, latitude, longitude, carId) values (?, ?, ?, ?, ?)
2018-08-18 08:12:14.529 DEBUG 13626 --- [    Test worker] org.hibernate.SQL                        : insert into CarStatusTable (carAvailability, carType, latitude, longitude, carId) values (?, ?, ?, ?, ?)
2018-08-18 08:12:14.529 DEBUG 13626 --- [    Test worker] org.hibernate.SQL                        : insert into CarStatusTable (carAvailability, carType, latitude, longitude, carId) values (?, ?, ?, ?, ?)
2018-08-18 08:12:14.530 DEBUG 13626 --- [    Test worker] org.hibernate.SQL                        : insert into CarStatusTable (carAvailability, carType, latitude, longitude, carId) values (?, ?, ?, ?, ?)
2018-08-18 08:12:14.530 DEBUG 13626 --- [    Test worker] org.hibernate.SQL                        : insert into CarStatusTable (carAvailability, carType, latitude, longitude, carId) values (?, ?, ?, ?, ?)
2018-08-18 08:12:14.530 DEBUG 13626 --- [    Test worker] org.hibernate.SQL                        : insert into CarStatusTable (carAvailability, carType, latitude, longitude, carId) values (?, ?, ?, ?, ?)
2018-08-18 08:12:14.531 DEBUG 13626 --- [    Test worker] org.hibernate.SQL                        : insert into CarStatusTable (carAvailability, carType, latitude, longitude, carId) values (?, ?, ?, ?, ?)
2018-08-18 08:12:14.537 DEBUG 13626 --- [    Test worker] org.hibernate.SQL                        : insert into CarStatusTable (carAvailability, carType, latitude, longitude, carId) values (?, ?, ?, ?, ?)
2018-08-18 08:12:14.537 DEBUG 13626 --- [    Test worker] org.hibernate.SQL                        : insert into CarStatusTable (carAvailability, carType, latitude, longitude, carId) values (?, ?, ?, ?, ?)
2018-08-18 08:12:14.538 DEBUG 13626 --- [    Test worker] org.hibernate.SQL                        : insert into CarStatusTable (carAvailability, carType, latitude, longitude, carId) values (?, ?, ?, ?, ?)
2018-08-18 08:12:14.538 DEBUG 13626 --- [    Test worker] org.hibernate.SQL                        : insert into CarStatusTable (carAvailability, carType, latitude, longitude, carId) values (?, ?, ?, ?, ?)
2018-08-18 08:12:14.538 DEBUG 13626 --- [    Test worker] org.hibernate.SQL                        : insert into CarStatusTable (carAvailability, carType, latitude, longitude, carId) values (?, ?, ?, ?, ?)
2018-08-18 08:12:14.539 DEBUG 13626 --- [    Test worker] org.hibernate.SQL                        : insert into CarStatusTable (carAvailability, carType, latitude, longitude, carId) values (?, ?, ?, ?, ?)
2018-08-18 08:12:14.539 DEBUG 13626 --- [    Test worker] org.hibernate.SQL                        : insert into CarStatusTable (carAvailability, carType, latitude, longitude, carId) values (?, ?, ?, ?, ?)
2018-08-18 08:12:14.539 DEBUG 13626 --- [    Test worker] org.hibernate.SQL                        : insert into CarStatusTable (carAvailability, carType, latitude, longitude, carId) values (?, ?, ?, ?, ?)
2018-08-18 08:12:14.540 DEBUG 13626 --- [    Test worker] org.hibernate.SQL                        : insert into CarStatusTable (carAvailability, carType, latitude, longitude, carId) values (?, ?, ?, ?, ?)
2018-08-18 08:12:14.540 DEBUG 13626 --- [    Test worker] org.hibernate.SQL                        : insert into CarStatusTable (carAvailability, carType, latitude, longitude, carId) values (?, ?, ?, ?, ?)
2018-08-18 08:12:14.540 DEBUG 13626 --- [    Test worker] org.hibernate.SQL                        : insert into CarStatusTable (carAvailability, carType, latitude, longitude, carId) values (?, ?, ?, ?, ?)
2018-08-18 08:12:14.546 DEBUG 13626 --- [    Test worker] org.hibernate.SQL                        : insert into CarStatusTable (carAvailability, carType, latitude, longitude, carId) values (?, ?, ?, ?, ?)
2018-08-18 08:12:14.547 DEBUG 13626 --- [    Test worker] org.hibernate.SQL                        : insert into CarStatusTable (carAvailability, carType, latitude, longitude, carId) values (?, ?, ?, ?, ?)
2018-08-18 08:12:14.548 DEBUG 13626 --- [    Test worker] org.hibernate.SQL                        : insert into CarStatusTable (carAvailability, carType, latitude, longitude, carId) values (?, ?, ?, ?, ?)
2018-08-18 08:12:14.552 DEBUG 13626 --- [    Test worker] org.hibernate.SQL                        : insert into CarStatusTable (carAvailability, carType, latitude, longitude, carId) values (?, ?, ?, ?, ?)
2018-08-18 08:12:14.552 DEBUG 13626 --- [    Test worker] org.hibernate.SQL                        : insert into CarStatusTable (carAvailability, carType, latitude, longitude, carId) values (?, ?, ?, ?, ?)
2018-08-18 08:12:14.554 DEBUG 13626 --- [    Test worker] org.hibernate.SQL                        : insert into CarStatusTable (carAvailability, carType, latitude, longitude, carId) values (?, ?, ?, ?, ?)
2018-08-18 08:12:14.555 DEBUG 13626 --- [    Test worker] org.hibernate.SQL                        : insert into CarStatusTable (carAvailability, carType, latitude, longitude, carId) values (?, ?, ?, ?, ?)
2018-08-18 08:12:14.555 DEBUG 13626 --- [    Test worker] org.hibernate.SQL                        : insert into CarStatusTable (carAvailability, carType, latitude, longitude, carId) values (?, ?, ?, ?, ?)
2018-08-18 08:12:14.556 DEBUG 13626 --- [    Test worker] org.hibernate.SQL                        : insert into CarStatusTable (carAvailability, carType, latitude, longitude, carId) values (?, ?, ?, ?, ?)
2018-08-18 08:12:14.556 DEBUG 13626 --- [    Test worker] org.hibernate.SQL                        : insert into CarStatusTable (carAvailability, carType, latitude, longitude, carId) values (?, ?, ?, ?, ?)
2018-08-18 08:12:14.556 DEBUG 13626 --- [    Test worker] org.hibernate.SQL                        : insert into CarStatusTable (carAvailability, carType, latitude, longitude, carId) values (?, ?, ?, ?, ?)
2018-08-18 08:12:14.562 DEBUG 13626 --- [    Test worker] org.hibernate.SQL                        : insert into CarStatusTable (carAvailability, carType, latitude, longitude, carId) values (?, ?, ?, ?, ?)
2018-08-18 08:12:14.563 DEBUG 13626 --- [    Test worker] org.hibernate.SQL                        : insert into CarStatusTable (carAvailability, carType, latitude, longitude, carId) values (?, ?, ?, ?, ?)
2018-08-18 08:12:14.564 DEBUG 13626 --- [    Test worker] org.hibernate.SQL                        : insert into CarStatusTable (carAvailability, carType, latitude, longitude, carId) values (?, ?, ?, ?, ?)
2018-08-18 08:12:14.564 DEBUG 13626 --- [    Test worker] org.hibernate.SQL                        : insert into CarStatusTable (carAvailability, carType, latitude, longitude, carId) values (?, ?, ?, ?, ?)
2018-08-18 08:12:14.565 DEBUG 13626 --- [    Test worker] org.hibernate.SQL                        : insert into CarStatusTable (carAvailability, carType, latitude, longitude, carId) values (?, ?, ?, ?, ?)
2018-08-18 08:12:14.565 DEBUG 13626 --- [    Test worker] org.hibernate.SQL                        : insert into CarStatusTable (carAvailability, carType, latitude, longitude, carId) values (?, ?, ?, ?, ?)
2018-08-18 08:12:14.565 DEBUG 13626 --- [    Test worker] org.hibernate.SQL                        : insert into CarStatusTable (carAvailability, carType, latitude, longitude, carId) values (?, ?, ?, ?, ?)
2018-08-18 08:12:14.566 DEBUG 13626 --- [    Test worker] org.hibernate.SQL                        : insert into CarStatusTable (carAvailability, carType, latitude, longitude, carId) values (?, ?, ?, ?, ?)
2018-08-18 08:12:14.566 DEBUG 13626 --- [    Test worker] org.hibernate.SQL                        : insert into CarStatusTable (carAvailability, carType, latitude, longitude, carId) values (?, ?, ?, ?, ?)
2018-08-18 08:12:14.566 DEBUG 13626 --- [    Test worker] org.hibernate.SQL                        : insert into CarStatusTable (carAvailability, carType, latitude, longitude, carId) values (?, ?, ?, ?, ?)
2018-08-18 08:12:14.573 DEBUG 13626 --- [    Test worker] org.hibernate.SQL                        : insert into CarStatusTable (carAvailability, carType, latitude, longitude, carId) values (?, ?, ?, ?, ?)
2018-08-18 08:12:14.574 DEBUG 13626 --- [    Test worker] org.hibernate.SQL                        : insert into CarStatusTable (carAvailability, carType, latitude, longitude, carId) values (?, ?, ?, ?, ?)
2018-08-18 08:12:14.574 DEBUG 13626 --- [    Test worker] org.hibernate.SQL                        : insert into CarStatusTable (carAvailability, carType, latitude, longitude, carId) values (?, ?, ?, ?, ?)
2018-08-18 08:12:14.575 DEBUG 13626 --- [    Test worker] org.hibernate.SQL                        : insert into CarStatusTable (carAvailability, carType, latitude, longitude, carId) values (?, ?, ?, ?, ?)
2018-08-18 08:12:14.575 DEBUG 13626 --- [    Test worker] org.hibernate.SQL                        : insert into CarStatusTable (carAvailability, carType, latitude, longitude, carId) values (?, ?, ?, ?, ?)
2018-08-18 08:12:14.576 DEBUG 13626 --- [    Test worker] org.hibernate.SQL                        : insert into CarStatusTable (carAvailability, carType, latitude, longitude, carId) values (?, ?, ?, ?, ?)
2018-08-18 08:12:14.576 DEBUG 13626 --- [    Test worker] org.hibernate.SQL                        : insert into CarStatusTable (carAvailability, carType, latitude, longitude, carId) values (?, ?, ?, ?, ?)
2018-08-18 08:12:14.576 DEBUG 13626 --- [    Test worker] org.hibernate.SQL                        : insert into CarStatusTable (carAvailability, carType, latitude, longitude, carId) values (?, ?, ?, ?, ?)
2018-08-18 08:12:14.577 DEBUG 13626 --- [    Test worker] org.hibernate.SQL                        : insert into CarStatusTable (carAvailability, carType, latitude, longitude, carId) values (?, ?, ?, ?, ?)
2018-08-18 08:12:14.582 DEBUG 13626 --- [    Test worker] org.hibernate.SQL                        : insert into CarStatusTable (carAvailability, carType, latitude, longitude, carId) values (?, ?, ?, ?, ?)
2018-08-18 08:12:14.583 DEBUG 13626 --- [    Test worker] org.hibernate.SQL                        : insert into CarStatusTable (carAvailability, carType, latitude, longitude, carId) values (?, ?, ?, ?, ?)
2018-08-18 08:12:14.583 DEBUG 13626 --- [    Test worker] org.hibernate.SQL                        : insert into CarStatusTable (carAvailability, carType, latitude, longitude, carId) values (?, ?, ?, ?, ?)
2018-08-18 08:12:14.583 DEBUG 13626 --- [    Test worker] org.hibernate.SQL                        : insert into CarStatusTable (carAvailability, carType, latitude, longitude, carId) values (?, ?, ?, ?, ?)
2018-08-18 08:12:14.584 DEBUG 13626 --- [    Test worker] org.hibernate.SQL                        : insert into CarStatusTable (carAvailability, carType, latitude, longitude, carId) values (?, ?, ?, ?, ?)
2018-08-18 08:12:14.584 DEBUG 13626 --- [    Test worker] org.hibernate.SQL                        : insert into CarStatusTable (carAvailability, carType, latitude, longitude, carId) values (?, ?, ?, ?, ?)
2018-08-18 08:12:14.585 DEBUG 13626 --- [    Test worker] org.hibernate.SQL                        : insert into CarStatusTable (carAvailability, carType, latitude, longitude, carId) values (?, ?, ?, ?, ?)
2018-08-18 08:12:14.585 DEBUG 13626 --- [    Test worker] org.hibernate.SQL                        : insert into CarStatusTable (carAvailability, carType, latitude, longitude, carId) values (?, ?, ?, ?, ?)
2018-08-18 08:12:14.585 DEBUG 13626 --- [    Test worker] org.hibernate.SQL                        : insert into CarStatusTable (carAvailability, carType, latitude, longitude, carId) values (?, ?, ?, ?, ?)
2018-08-18 08:12:14.586 DEBUG 13626 --- [    Test worker] org.hibernate.SQL                        : insert into CarStatusTable (carAvailability, carType, latitude, longitude, carId) values (?, ?, ?, ?, ?)
2018-08-18 08:12:14.586 DEBUG 13626 --- [    Test worker] org.hibernate.SQL                        : insert into CarStatusTable (carAvailability, carType, latitude, longitude, carId) values (?, ?, ?, ?, ?)
2018-08-18 08:12:14.587 DEBUG 13626 --- [    Test worker] org.hibernate.SQL                        : insert into CarStatusTable (carAvailability, carType, latitude, longitude, carId) values (?, ?, ?, ?, ?)
2018-08-18 08:12:14.587 DEBUG 13626 --- [    Test worker] org.hibernate.SQL                        : insert into CarStatusTable (carAvailability, carType, latitude, longitude, carId) values (?, ?, ?, ?, ?)
2018-08-18 08:12:14.605 DEBUG 13626 --- [    Test worker] org.hibernate.SQL                        : insert into CarStatusTable (carAvailability, carType, latitude, longitude, carId) values (?, ?, ?, ?, ?)
2018-08-18 08:12:14.606 DEBUG 13626 --- [    Test worker] org.hibernate.SQL                        : insert into CarStatusTable (carAvailability, carType, latitude, longitude, carId) values (?, ?, ?, ?, ?)
2018-08-18 08:12:14.606 DEBUG 13626 --- [    Test worker] org.hibernate.SQL                        : insert into CarStatusTable (carAvailability, carType, latitude, longitude, carId) values (?, ?, ?, ?, ?)
2018-08-18 08:12:14.607 DEBUG 13626 --- [    Test worker] org.hibernate.SQL                        : insert into CarStatusTable (carAvailability, carType, latitude, longitude, carId) values (?, ?, ?, ?, ?)
2018-08-18 08:12:14.607 DEBUG 13626 --- [    Test worker] org.hibernate.SQL                        : insert into CarStatusTable (carAvailability, carType, latitude, longitude, carId) values (?, ?, ?, ?, ?)
2018-08-18 08:12:14.608 DEBUG 13626 --- [    Test worker] org.hibernate.SQL                        : insert into CarStatusTable (carAvailability, carType, latitude, longitude, carId) values (?, ?, ?, ?, ?)
2018-08-18 08:12:14.608 DEBUG 13626 --- [    Test worker] org.hibernate.SQL                        : insert into CarStatusTable (carAvailability, carType, latitude, longitude, carId) values (?, ?, ?, ?, ?)
2018-08-18 08:12:14.608 DEBUG 13626 --- [    Test worker] org.hibernate.SQL                        : insert into CarStatusTable (carAvailability, carType, latitude, longitude, carId) values (?, ?, ?, ?, ?)
2018-08-18 08:12:14.609 DEBUG 13626 --- [    Test worker] org.hibernate.SQL                        : insert into CarStatusTable (carAvailability, carType, latitude, longitude, carId) values (?, ?, ?, ?, ?)
2018-08-18 08:12:14.609 DEBUG 13626 --- [    Test worker] org.hibernate.SQL                        : insert into CarStatusTable (carAvailability, carType, latitude, longitude, carId) values (?, ?, ?, ?, ?)
2018-08-18 08:12:14.609 DEBUG 13626 --- [    Test worker] org.hibernate.SQL                        : insert into CarStatusTable (carAvailability, carType, latitude, longitude, carId) values (?, ?, ?, ?, ?)
2018-08-18 08:12:14.615 DEBUG 13626 --- [    Test worker] org.hibernate.SQL                        : insert into CarStatusTable (carAvailability, carType, latitude, longitude, carId) values (?, ?, ?, ?, ?)
2018-08-18 08:12:14.616 DEBUG 13626 --- [    Test worker] org.hibernate.SQL                        : insert into CarStatusTable (carAvailability, carType, latitude, longitude, carId) values (?, ?, ?, ?, ?)
2018-08-18 08:12:14.617 DEBUG 13626 --- [    Test worker] org.hibernate.SQL                        : insert into CarStatusTable (carAvailability, carType, latitude, longitude, carId) values (?, ?, ?, ?, ?)
2018-08-18 08:12:14.617 DEBUG 13626 --- [    Test worker] org.hibernate.SQL                        : insert into CarStatusTable (carAvailability, carType, latitude, longitude, carId) values (?, ?, ?, ?, ?)
2018-08-18 08:12:14.618 DEBUG 13626 --- [    Test worker] org.hibernate.SQL                        : insert into CarStatusTable (carAvailability, carType, latitude, longitude, carId) values (?, ?, ?, ?, ?)
2018-08-18 08:12:14.618 DEBUG 13626 --- [    Test worker] org.hibernate.SQL                        : insert into CarStatusTable (carAvailability, carType, latitude, longitude, carId) values (?, ?, ?, ?, ?)
2018-08-18 08:12:14.618 DEBUG 13626 --- [    Test worker] org.hibernate.SQL                        : insert into CarStatusTable (carAvailability, carType, latitude, longitude, carId) values (?, ?, ?, ?, ?)
2018-08-18 08:12:14.619 DEBUG 13626 --- [    Test worker] org.hibernate.SQL                        : insert into CarStatusTable (carAvailability, carType, latitude, longitude, carId) values (?, ?, ?, ?, ?)
2018-08-18 08:12:14.619 DEBUG 13626 --- [    Test worker] org.hibernate.SQL                        : insert into CarStatusTable (carAvailability, carType, latitude, longitude, carId) values (?, ?, ?, ?, ?)
2018-08-18 08:12:14.620 DEBUG 13626 --- [    Test worker] org.hibernate.SQL                        : insert into CarStatusTable (carAvailability, carType, latitude, longitude, carId) values (?, ?, ?, ?, ?)
2018-08-18 08:12:14.626 DEBUG 13626 --- [    Test worker] org.hibernate.SQL                        : insert into CarStatusTable (carAvailability, carType, latitude, longitude, carId) values (?, ?, ?, ?, ?)
2018-08-18 08:12:14.626 DEBUG 13626 --- [    Test worker] org.hibernate.SQL                        : insert into CarStatusTable (carAvailability, carType, latitude, longitude, carId) values (?, ?, ?, ?, ?)
2018-08-18 08:12:14.627 DEBUG 13626 --- [    Test worker] org.hibernate.SQL                        : insert into CarStatusTable (carAvailability, carType, latitude, longitude, carId) values (?, ?, ?, ?, ?)
2018-08-18 08:12:14.627 DEBUG 13626 --- [    Test worker] org.hibernate.SQL                        : insert into CarStatusTable (carAvailability, carType, latitude, longitude, carId) values (?, ?, ?, ?, ?)
2018-08-18 08:12:14.627 DEBUG 13626 --- [    Test worker] org.hibernate.SQL                        : insert into CarStatusTable (carAvailability, carType, latitude, longitude, carId) values (?, ?, ?, ?, ?)
2018-08-18 08:12:14.628 DEBUG 13626 --- [    Test worker] org.hibernate.SQL                        : insert into CarStatusTable (carAvailability, carType, latitude, longitude, carId) values (?, ?, ?, ?, ?)
2018-08-18 08:12:14.628 DEBUG 13626 --- [    Test worker] org.hibernate.SQL                        : insert into CarStatusTable (carAvailability, carType, latitude, longitude, carId) values (?, ?, ?, ?, ?)
2018-08-18 08:12:14.629 DEBUG 13626 --- [    Test worker] org.hibernate.SQL                        : insert into CarStatusTable (carAvailability, carType, latitude, longitude, carId) values (?, ?, ?, ?, ?)
2018-08-18 08:12:14.629 DEBUG 13626 --- [    Test worker] org.hibernate.SQL                        : insert into CarStatusTable (carAvailability, carType, latitude, longitude, carId) values (?, ?, ?, ?, ?)
2018-08-18 08:12:14.629 DEBUG 13626 --- [    Test worker] org.hibernate.SQL                        : insert into CarStatusTable (carAvailability, carType, latitude, longitude, carId) values (?, ?, ?, ?, ?)
2018-08-18 08:12:14.629 DEBUG 13626 --- [    Test worker] org.hibernate.SQL                        : insert into CarStatusTable (carAvailability, carType, latitude, longitude, carId) values (?, ?, ?, ?, ?)
2018-08-18 08:12:14.630 DEBUG 13626 --- [    Test worker] org.hibernate.SQL                        : insert into CarStatusTable (carAvailability, carType, latitude, longitude, carId) values (?, ?, ?, ?, ?)
2018-08-18 08:12:14.634 DEBUG 13626 --- [    Test worker] org.hibernate.SQL                        : insert into CarStatusTable (carAvailability, carType, latitude, longitude, carId) values (?, ?, ?, ?, ?)
2018-08-18 08:12:14.635 DEBUG 13626 --- [    Test worker] org.hibernate.SQL                        : insert into CarStatusTable (carAvailability, carType, latitude, longitude, carId) values (?, ?, ?, ?, ?)
2018-08-18 08:12:14.641 DEBUG 13626 --- [    Test worker] org.hibernate.SQL                        : insert into CarStatusTable (carAvailability, carType, latitude, longitude, carId) values (?, ?, ?, ?, ?)
2018-08-18 08:12:14.642 DEBUG 13626 --- [    Test worker] org.hibernate.SQL                        : insert into CarStatusTable (carAvailability, carType, latitude, longitude, carId) values (?, ?, ?, ?, ?)
2018-08-18 08:12:14.642 DEBUG 13626 --- [    Test worker] org.hibernate.SQL                        : insert into CarStatusTable (carAvailability, carType, latitude, longitude, carId) values (?, ?, ?, ?, ?)
2018-08-18 08:12:14.642 DEBUG 13626 --- [    Test worker] org.hibernate.SQL                        : insert into CarStatusTable (carAvailability, carType, latitude, longitude, carId) values (?, ?, ?, ?, ?)
2018-08-18 08:12:14.643 DEBUG 13626 --- [    Test worker] org.hibernate.SQL                        : insert into CarStatusTable (carAvailability, carType, latitude, longitude, carId) values (?, ?, ?, ?, ?)
2018-08-18 08:12:14.643 DEBUG 13626 --- [    Test worker] org.hibernate.SQL                        : insert into CarStatusTable (carAvailability, carType, latitude, longitude, carId) values (?, ?, ?, ?, ?)
2018-08-18 08:12:14.643 DEBUG 13626 --- [    Test worker] org.hibernate.SQL                        : insert into CarStatusTable (carAvailability, carType, latitude, longitude, carId) values (?, ?, ?, ?, ?)
2018-08-18 08:12:14.644 DEBUG 13626 --- [    Test worker] org.hibernate.SQL                        : insert into CarStatusTable (carAvailability, carType, latitude, longitude, carId) values (?, ?, ?, ?, ?)
2018-08-18 08:12:14.644 DEBUG 13626 --- [    Test worker] org.hibernate.SQL                        : insert into CarStatusTable (carAvailability, carType, latitude, longitude, carId) values (?, ?, ?, ?, ?)
2018-08-18 08:12:14.645 DEBUG 13626 --- [    Test worker] org.hibernate.SQL                        : insert into CarStatusTable (carAvailability, carType, latitude, longitude, carId) values (?, ?, ?, ?, ?)
2018-08-18 08:12:14.649 DEBUG 13626 --- [    Test worker] org.hibernate.SQL                        : insert into CarStatusTable (carAvailability, carType, latitude, longitude, carId) values (?, ?, ?, ?, ?)
2018-08-18 08:12:14.650 DEBUG 13626 --- [    Test worker] org.hibernate.SQL                        : insert into CarStatusTable (carAvailability, carType, latitude, longitude, carId) values (?, ?, ?, ?, ?)
2018-08-18 08:12:14.651 DEBUG 13626 --- [    Test worker] org.hibernate.SQL                        : insert into CarStatusTable (carAvailability, carType, latitude, longitude, carId) values (?, ?, ?, ?, ?)
2018-08-18 08:12:14.651 DEBUG 13626 --- [    Test worker] org.hibernate.SQL                        : insert into CarStatusTable (carAvailability, carType, latitude, longitude, carId) values (?, ?, ?, ?, ?)
2018-08-18 08:12:14.651 DEBUG 13626 --- [    Test worker] org.hibernate.SQL                        : insert into CarStatusTable (carAvailability, carType, latitude, longitude, carId) values (?, ?, ?, ?, ?)
2018-08-18 08:12:14.652 DEBUG 13626 --- [    Test worker] org.hibernate.SQL                        : insert into CarStatusTable (carAvailability, carType, latitude, longitude, carId) values (?, ?, ?, ?, ?)
2018-08-18 08:12:14.652 DEBUG 13626 --- [    Test worker] org.hibernate.SQL                        : insert into CarStatusTable (carAvailability, carType, latitude, longitude, carId) values (?, ?, ?, ?, ?)
2018-08-18 08:12:14.653 DEBUG 13626 --- [    Test worker] org.hibernate.SQL                        : insert into CarStatusTable (carAvailability, carType, latitude, longitude, carId) values (?, ?, ?, ?, ?)
2018-08-18 08:12:14.653 DEBUG 13626 --- [    Test worker] org.hibernate.SQL                        : insert into CarStatusTable (carAvailability, carType, latitude, longitude, carId) values (?, ?, ?, ?, ?)
2018-08-18 08:12:14.653 DEBUG 13626 --- [    Test worker] org.hibernate.SQL                        : insert into CarStatusTable (carAvailability, carType, latitude, longitude, carId) values (?, ?, ?, ?, ?)
2018-08-18 08:12:14.654 DEBUG 13626 --- [    Test worker] org.hibernate.SQL                        : insert into CarStatusTable (carAvailability, carType, latitude, longitude, carId) values (?, ?, ?, ?, ?)
2018-08-18 08:12:14.654 DEBUG 13626 --- [    Test worker] org.hibernate.SQL                        : insert into CarStatusTable (carAvailability, carType, latitude, longitude, carId) values (?, ?, ?, ?, ?)
2018-08-18 08:12:14.654 DEBUG 13626 --- [    Test worker] org.hibernate.SQL                        : insert into CarStatusTable (carAvailability, carType, latitude, longitude, carId) values (?, ?, ?, ?, ?)
2018-08-18 08:12:14.655 DEBUG 13626 --- [    Test worker] org.hibernate.SQL                        : insert into CarStatusTable (carAvailability, carType, latitude, longitude, carId) values (?, ?, ?, ?, ?)
2018-08-18 08:12:14.655 DEBUG 13626 --- [    Test worker] org.hibernate.SQL                        : insert into CarStatusTable (carAvailability, carType, latitude, longitude, carId) values (?, ?, ?, ?, ?)
2018-08-18 08:12:14.661 DEBUG 13626 --- [    Test worker] org.hibernate.SQL                        : insert into CarStatusTable (carAvailability, carType, latitude, longitude, carId) values (?, ?, ?, ?, ?)
2018-08-18 08:12:14.662 DEBUG 13626 --- [    Test worker] org.hibernate.SQL                        : insert into CarStatusTable (carAvailability, carType, latitude, longitude, carId) values (?, ?, ?, ?, ?)
2018-08-18 08:12:14.662 DEBUG 13626 --- [    Test worker] org.hibernate.SQL                        : insert into CarStatusTable (carAvailability, carType, latitude, longitude, carId) values (?, ?, ?, ?, ?)
2018-08-18 08:12:14.663 DEBUG 13626 --- [    Test worker] org.hibernate.SQL                        : insert into CarStatusTable (carAvailability, carType, latitude, longitude, carId) values (?, ?, ?, ?, ?)
2018-08-18 08:12:14.663 DEBUG 13626 --- [    Test worker] org.hibernate.SQL                        : insert into CarStatusTable (carAvailability, carType, latitude, longitude, carId) values (?, ?, ?, ?, ?)
2018-08-18 08:12:14.663 DEBUG 13626 --- [    Test worker] org.hibernate.SQL                        : insert into CarStatusTable (carAvailability, carType, latitude, longitude, carId) values (?, ?, ?, ?, ?)
2018-08-18 08:12:14.664 DEBUG 13626 --- [    Test worker] org.hibernate.SQL                        : insert into CarStatusTable (carAvailability, carType, latitude, longitude, carId) values (?, ?, ?, ?, ?)
2018-08-18 08:12:14.664 DEBUG 13626 --- [    Test worker] org.hibernate.SQL                        : insert into CarStatusTable (carAvailability, carType, latitude, longitude, carId) values (?, ?, ?, ?, ?)
2018-08-18 08:12:14.664 DEBUG 13626 --- [    Test worker] org.hibernate.SQL                        : insert into CarStatusTable (carAvailability, carType, latitude, longitude, carId) values (?, ?, ?, ?, ?)
2018-08-18 08:12:14.665 DEBUG 13626 --- [    Test worker] org.hibernate.SQL                        : insert into CarStatusTable (carAvailability, carType, latitude, longitude, carId) values (?, ?, ?, ?, ?)
2018-08-18 08:12:14.671 DEBUG 13626 --- [    Test worker] org.hibernate.SQL                        : insert into CarStatusTable (carAvailability, carType, latitude, longitude, carId) values (?, ?, ?, ?, ?)
2018-08-18 08:12:14.672 DEBUG 13626 --- [    Test worker] org.hibernate.SQL                        : insert into CarStatusTable (carAvailability, carType, latitude, longitude, carId) values (?, ?, ?, ?, ?)
2018-08-18 08:12:14.672 DEBUG 13626 --- [    Test worker] org.hibernate.SQL                        : insert into CarStatusTable (carAvailability, carType, latitude, longitude, carId) values (?, ?, ?, ?, ?)
2018-08-18 08:12:14.673 DEBUG 13626 --- [    Test worker] org.hibernate.SQL                        : insert into CarStatusTable (carAvailability, carType, latitude, longitude, carId) values (?, ?, ?, ?, ?)
2018-08-18 08:12:14.673 DEBUG 13626 --- [    Test worker] org.hibernate.SQL                        : insert into CarStatusTable (carAvailability, carType, latitude, longitude, carId) values (?, ?, ?, ?, ?)
2018-08-18 08:12:14.674 DEBUG 13626 --- [    Test worker] org.hibernate.SQL                        : insert into CarStatusTable (carAvailability, carType, latitude, longitude, carId) values (?, ?, ?, ?, ?)
2018-08-18 08:12:14.674 DEBUG 13626 --- [    Test worker] org.hibernate.SQL                        : insert into CarStatusTable (carAvailability, carType, latitude, longitude, carId) values (?, ?, ?, ?, ?)
2018-08-18 08:12:14.674 DEBUG 13626 --- [    Test worker] org.hibernate.SQL                        : insert into CarStatusTable (carAvailability, carType, latitude, longitude, carId) values (?, ?, ?, ?, ?)
2018-08-18 08:12:14.675 DEBUG 13626 --- [    Test worker] org.hibernate.SQL                        : insert into CarStatusTable (carAvailability, carType, latitude, longitude, carId) values (?, ?, ?, ?, ?)
2018-08-18 08:12:14.675 DEBUG 13626 --- [    Test worker] org.hibernate.SQL                        : insert into CarStatusTable (carAvailability, carType, latitude, longitude, carId) values (?, ?, ?, ?, ?)
2018-08-18 08:12:14.682 DEBUG 13626 --- [    Test worker] org.hibernate.SQL                        : insert into CarStatusTable (carAvailability, carType, latitude, longitude, carId) values (?, ?, ?, ?, ?)
2018-08-18 08:12:14.683 DEBUG 13626 --- [    Test worker] org.hibernate.SQL                        : insert into CarStatusTable (carAvailability, carType, latitude, longitude, carId) values (?, ?, ?, ?, ?)
2018-08-18 08:12:14.683 DEBUG 13626 --- [    Test worker] org.hibernate.SQL                        : insert into CarStatusTable (carAvailability, carType, latitude, longitude, carId) values (?, ?, ?, ?, ?)
2018-08-18 08:12:14.683 DEBUG 13626 --- [    Test worker] org.hibernate.SQL                        : insert into CarStatusTable (carAvailability, carType, latitude, longitude, carId) values (?, ?, ?, ?, ?)
2018-08-18 08:12:14.684 DEBUG 13626 --- [    Test worker] org.hibernate.SQL                        : insert into CarStatusTable (carAvailability, carType, latitude, longitude, carId) values (?, ?, ?, ?, ?)
2018-08-18 08:12:14.684 DEBUG 13626 --- [    Test worker] org.hibernate.SQL                        : insert into CarStatusTable (carAvailability, carType, latitude, longitude, carId) values (?, ?, ?, ?, ?)
2018-08-18 08:12:14.684 DEBUG 13626 --- [    Test worker] org.hibernate.SQL                        : insert into CarStatusTable (carAvailability, carType, latitude, longitude, carId) values (?, ?, ?, ?, ?)
2018-08-18 08:12:14.685 DEBUG 13626 --- [    Test worker] org.hibernate.SQL                        : insert into CarStatusTable (carAvailability, carType, latitude, longitude, carId) values (?, ?, ?, ?, ?)
2018-08-18 08:12:14.685 DEBUG 13626 --- [    Test worker] org.hibernate.SQL                        : insert into CarStatusTable (carAvailability, carType, latitude, longitude, carId) values (?, ?, ?, ?, ?)
2018-08-18 08:12:14.685 DEBUG 13626 --- [    Test worker] org.hibernate.SQL                        : insert into CarStatusTable (carAvailability, carType, latitude, longitude, carId) values (?, ?, ?, ?, ?)
2018-08-18 08:12:14.686 DEBUG 13626 --- [    Test worker] org.hibernate.SQL                        : insert into CarStatusTable (carAvailability, carType, latitude, longitude, carId) values (?, ?, ?, ?, ?)
2018-08-18 08:12:14.692 DEBUG 13626 --- [    Test worker] org.hibernate.SQL                        : insert into CarStatusTable (carAvailability, carType, latitude, longitude, carId) values (?, ?, ?, ?, ?)
2018-08-18 08:12:14.692 DEBUG 13626 --- [    Test worker] org.hibernate.SQL                        : insert into CarStatusTable (carAvailability, carType, latitude, longitude, carId) values (?, ?, ?, ?, ?)
2018-08-18 08:12:14.693 DEBUG 13626 --- [    Test worker] org.hibernate.SQL                        : insert into CarStatusTable (carAvailability, carType, latitude, longitude, carId) values (?, ?, ?, ?, ?)
2018-08-18 08:12:14.693 DEBUG 13626 --- [    Test worker] org.hibernate.SQL                        : insert into CarStatusTable (carAvailability, carType, latitude, longitude, carId) values (?, ?, ?, ?, ?)
2018-08-18 08:12:14.694 DEBUG 13626 --- [    Test worker] org.hibernate.SQL                        : insert into CarStatusTable (carAvailability, carType, latitude, longitude, carId) values (?, ?, ?, ?, ?)
2018-08-18 08:12:14.694 DEBUG 13626 --- [    Test worker] org.hibernate.SQL                        : insert into CarStatusTable (carAvailability, carType, latitude, longitude, carId) values (?, ?, ?, ?, ?)
2018-08-18 08:12:14.694 DEBUG 13626 --- [    Test worker] org.hibernate.SQL                        : insert into CarStatusTable (carAvailability, carType, latitude, longitude, carId) values (?, ?, ?, ?, ?)
2018-08-18 08:12:14.695 DEBUG 13626 --- [    Test worker] org.hibernate.SQL                        : insert into CarStatusTable (carAvailability, carType, latitude, longitude, carId) values (?, ?, ?, ?, ?)
2018-08-18 08:12:14.695 DEBUG 13626 --- [    Test worker] org.hibernate.SQL                        : insert into CarStatusTable (carAvailability, carType, latitude, longitude, carId) values (?, ?, ?, ?, ?)
2018-08-18 08:12:14.695 DEBUG 13626 --- [    Test worker] org.hibernate.SQL                        : insert into CarStatusTable (carAvailability, carType, latitude, longitude, carId) values (?, ?, ?, ?, ?)
2018-08-18 08:12:14.696 DEBUG 13626 --- [    Test worker] org.hibernate.SQL                        : insert into CarStatusTable (carAvailability, carType, latitude, longitude, carId) values (?, ?, ?, ?, ?)
2018-08-18 08:12:14.696 DEBUG 13626 --- [    Test worker] org.hibernate.SQL                        : insert into CarStatusTable (carAvailability, carType, latitude, longitude, carId) values (?, ?, ?, ?, ?)
2018-08-18 08:12:14.698 DEBUG 13626 --- [    Test worker] org.hibernate.SQL                        : insert into CarStatusTable (carAvailability, carType, latitude, longitude, carId) values (?, ?, ?, ?, ?)
2018-08-18 08:12:14.698 DEBUG 13626 --- [    Test worker] org.hibernate.SQL                        : insert into CarStatusTable (carAvailability, carType, latitude, longitude, carId) values (?, ?, ?, ?, ?)
2018-08-18 08:12:14.699 DEBUG 13626 --- [    Test worker] org.hibernate.SQL                        : insert into CarStatusTable (carAvailability, carType, latitude, longitude, carId) values (?, ?, ?, ?, ?)
2018-08-18 08:12:14.699 DEBUG 13626 --- [    Test worker] org.hibernate.SQL                        : insert into CarStatusTable (carAvailability, carType, latitude, longitude, carId) values (?, ?, ?, ?, ?)
2018-08-18 08:12:14.701 DEBUG 13626 --- [    Test worker] org.hibernate.SQL                        : insert into CarStatusTable (carAvailability, carType, latitude, longitude, carId) values (?, ?, ?, ?, ?)
2018-08-18 08:12:14.702 DEBUG 13626 --- [    Test worker] org.hibernate.SQL                        : insert into CarStatusTable (carAvailability, carType, latitude, longitude, carId) values (?, ?, ?, ?, ?)
2018-08-18 08:12:14.703 DEBUG 13626 --- [    Test worker] org.hibernate.SQL                        : insert into CarStatusTable (carAvailability, carType, latitude, longitude, carId) values (?, ?, ?, ?, ?)
2018-08-18 08:12:14.703 DEBUG 13626 --- [    Test worker] org.hibernate.SQL                        : insert into CarStatusTable (carAvailability, carType, latitude, longitude, carId) values (?, ?, ?, ?, ?)
2018-08-18 08:12:14.703 DEBUG 13626 --- [    Test worker] org.hibernate.SQL                        : insert into CarStatusTable (carAvailability, carType, latitude, longitude, carId) values (?, ?, ?, ?, ?)
2018-08-18 08:12:14.704 DEBUG 13626 --- [    Test worker] org.hibernate.SQL                        : insert into CarStatusTable (carAvailability, carType, latitude, longitude, carId) values (?, ?, ?, ?, ?)
2018-08-18 08:12:14.704 DEBUG 13626 --- [    Test worker] org.hibernate.SQL                        : insert into CarStatusTable (carAvailability, carType, latitude, longitude, carId) values (?, ?, ?, ?, ?)
2018-08-18 08:12:14.704 DEBUG 13626 --- [    Test worker] org.hibernate.SQL                        : insert into CarStatusTable (carAvailability, carType, latitude, longitude, carId) values (?, ?, ?, ?, ?)
2018-08-18 08:12:14.705 DEBUG 13626 --- [    Test worker] org.hibernate.SQL                        : insert into CarStatusTable (carAvailability, carType, latitude, longitude, carId) values (?, ?, ?, ?, ?)
2018-08-18 08:12:14.705 DEBUG 13626 --- [    Test worker] org.hibernate.SQL                        : insert into CarStatusTable (carAvailability, carType, latitude, longitude, carId) values (?, ?, ?, ?, ?)
2018-08-18 08:12:14.705 DEBUG 13626 --- [    Test worker] org.hibernate.SQL                        : insert into CarStatusTable (carAvailability, carType, latitude, longitude, carId) values (?, ?, ?, ?, ?)
2018-08-18 08:12:14.706 DEBUG 13626 --- [    Test worker] org.hibernate.SQL                        : insert into CarStatusTable (carAvailability, carType, latitude, longitude, carId) values (?, ?, ?, ?, ?)
2018-08-18 08:12:14.712 DEBUG 13626 --- [    Test worker] org.hibernate.SQL                        : insert into CarStatusTable (carAvailability, carType, latitude, longitude, carId) values (?, ?, ?, ?, ?)
2018-08-18 08:12:14.713 DEBUG 13626 --- [    Test worker] org.hibernate.SQL                        : insert into CarStatusTable (carAvailability, carType, latitude, longitude, carId) values (?, ?, ?, ?, ?)
2018-08-18 08:12:14.713 DEBUG 13626 --- [    Test worker] org.hibernate.SQL                        : insert into CarStatusTable (carAvailability, carType, latitude, longitude, carId) values (?, ?, ?, ?, ?)
2018-08-18 08:12:14.714 DEBUG 13626 --- [    Test worker] org.hibernate.SQL                        : insert into CarStatusTable (carAvailability, carType, latitude, longitude, carId) values (?, ?, ?, ?, ?)
2018-08-18 08:12:14.714 DEBUG 13626 --- [    Test worker] org.hibernate.SQL                        : insert into CarStatusTable (carAvailability, carType, latitude, longitude, carId) values (?, ?, ?, ?, ?)
2018-08-18 08:12:14.715 DEBUG 13626 --- [    Test worker] org.hibernate.SQL                        : insert into CarStatusTable (carAvailability, carType, latitude, longitude, carId) values (?, ?, ?, ?, ?)
2018-08-18 08:12:14.715 DEBUG 13626 --- [    Test worker] org.hibernate.SQL                        : insert into CarStatusTable (carAvailability, carType, latitude, longitude, carId) values (?, ?, ?, ?, ?)
2018-08-18 08:12:14.715 DEBUG 13626 --- [    Test worker] org.hibernate.SQL                        : insert into CarStatusTable (carAvailability, carType, latitude, longitude, carId) values (?, ?, ?, ?, ?)
2018-08-18 08:12:14.716 DEBUG 13626 --- [    Test worker] org.hibernate.SQL                        : insert into CarStatusTable (carAvailability, carType, latitude, longitude, carId) values (?, ?, ?, ?, ?)
2018-08-18 08:12:14.716 DEBUG 13626 --- [    Test worker] org.hibernate.SQL                        : insert into CarStatusTable (carAvailability, carType, latitude, longitude, carId) values (?, ?, ?, ?, ?)
2018-08-18 08:12:14.723 DEBUG 13626 --- [    Test worker] org.hibernate.SQL                        : insert into CarStatusTable (carAvailability, carType, latitude, longitude, carId) values (?, ?, ?, ?, ?)
2018-08-18 08:12:14.723 DEBUG 13626 --- [    Test worker] org.hibernate.SQL                        : insert into CarStatusTable (carAvailability, carType, latitude, longitude, carId) values (?, ?, ?, ?, ?)
2018-08-18 08:12:14.724 DEBUG 13626 --- [    Test worker] org.hibernate.SQL                        : insert into CarStatusTable (carAvailability, carType, latitude, longitude, carId) values (?, ?, ?, ?, ?)
2018-08-18 08:12:14.724 DEBUG 13626 --- [    Test worker] org.hibernate.SQL                        : insert into CarStatusTable (carAvailability, carType, latitude, longitude, carId) values (?, ?, ?, ?, ?)
2018-08-18 08:12:14.724 DEBUG 13626 --- [    Test worker] org.hibernate.SQL                        : insert into CarStatusTable (carAvailability, carType, latitude, longitude, carId) values (?, ?, ?, ?, ?)
2018-08-18 08:12:14.724 DEBUG 13626 --- [    Test worker] org.hibernate.SQL                        : insert into CarStatusTable (carAvailability, carType, latitude, longitude, carId) values (?, ?, ?, ?, ?)
2018-08-18 08:12:14.725 DEBUG 13626 --- [    Test worker] org.hibernate.SQL                        : insert into CarStatusTable (carAvailability, carType, latitude, longitude, carId) values (?, ?, ?, ?, ?)
2018-08-18 08:12:14.725 DEBUG 13626 --- [    Test worker] org.hibernate.SQL                        : insert into CarStatusTable (carAvailability, carType, latitude, longitude, carId) values (?, ?, ?, ?, ?)
2018-08-18 08:12:14.725 DEBUG 13626 --- [    Test worker] org.hibernate.SQL                        : insert into CarStatusTable (carAvailability, carType, latitude, longitude, carId) values (?, ?, ?, ?, ?)
2018-08-18 08:12:14.726 DEBUG 13626 --- [    Test worker] org.hibernate.SQL                        : insert into CarStatusTable (carAvailability, carType, latitude, longitude, carId) values (?, ?, ?, ?, ?)
2018-08-18 08:12:14.727 DEBUG 13626 --- [    Test worker] org.hibernate.SQL                        : insert into CarStatusTable (carAvailability, carType, latitude, longitude, carId) values (?, ?, ?, ?, ?)
2018-08-18 08:12:14.727 DEBUG 13626 --- [    Test worker] org.hibernate.SQL                        : insert into CarStatusTable (carAvailability, carType, latitude, longitude, carId) values (?, ?, ?, ?, ?)
2018-08-18 08:12:14.728 DEBUG 13626 --- [    Test worker] org.hibernate.SQL                        : insert into CarStatusTable (carAvailability, carType, latitude, longitude, carId) values (?, ?, ?, ?, ?)
2018-08-18 08:12:14.728 DEBUG 13626 --- [    Test worker] org.hibernate.SQL                        : insert into CarStatusTable (carAvailability, carType, latitude, longitude, carId) values (?, ?, ?, ?, ?)
2018-08-18 08:12:14.728 DEBUG 13626 --- [    Test worker] org.hibernate.SQL                        : insert into CarStatusTable (carAvailability, carType, latitude, longitude, carId) values (?, ?, ?, ?, ?)
2018-08-18 08:12:14.729 DEBUG 13626 --- [    Test worker] org.hibernate.SQL                        : insert into CarStatusTable (carAvailability, carType, latitude, longitude, carId) values (?, ?, ?, ?, ?)
2018-08-18 08:12:14.729 DEBUG 13626 --- [    Test worker] org.hibernate.SQL                        : insert into CarStatusTable (carAvailability, carType, latitude, longitude, carId) values (?, ?, ?, ?, ?)
2018-08-18 08:12:14.729 DEBUG 13626 --- [    Test worker] org.hibernate.SQL                        : insert into CarStatusTable (carAvailability, carType, latitude, longitude, carId) values (?, ?, ?, ?, ?)
2018-08-18 08:12:14.730 DEBUG 13626 --- [    Test worker] org.hibernate.SQL                        : insert into CarStatusTable (carAvailability, carType, latitude, longitude, carId) values (?, ?, ?, ?, ?)
2018-08-18 08:12:14.734 DEBUG 13626 --- [    Test worker] org.hibernate.SQL                        : insert into CarStatusTable (carAvailability, carType, latitude, longitude, carId) values (?, ?, ?, ?, ?)
2018-08-18 08:12:14.735 DEBUG 13626 --- [    Test worker] org.hibernate.SQL                        : insert into CarStatusTable (carAvailability, carType, latitude, longitude, carId) values (?, ?, ?, ?, ?)
2018-08-18 08:12:14.735 DEBUG 13626 --- [    Test worker] org.hibernate.SQL                        : insert into CarStatusTable (carAvailability, carType, latitude, longitude, carId) values (?, ?, ?, ?, ?)
2018-08-18 08:12:14.736 DEBUG 13626 --- [    Test worker] org.hibernate.SQL                        : insert into CarStatusTable (carAvailability, carType, latitude, longitude, carId) values (?, ?, ?, ?, ?)
2018-08-18 08:12:14.736 DEBUG 13626 --- [    Test worker] org.hibernate.SQL                        : insert into CarStatusTable (carAvailability, carType, latitude, longitude, carId) values (?, ?, ?, ?, ?)
2018-08-18 08:12:14.743 DEBUG 13626 --- [    Test worker] org.hibernate.SQL                        : insert into CarStatusTable (carAvailability, carType, latitude, longitude, carId) values (?, ?, ?, ?, ?)
2018-08-18 08:12:14.743 DEBUG 13626 --- [    Test worker] org.hibernate.SQL                        : insert into CarStatusTable (carAvailability, carType, latitude, longitude, carId) values (?, ?, ?, ?, ?)
2018-08-18 08:12:14.744 DEBUG 13626 --- [    Test worker] org.hibernate.SQL                        : insert into CarStatusTable (carAvailability, carType, latitude, longitude, carId) values (?, ?, ?, ?, ?)
2018-08-18 08:12:14.747 DEBUG 13626 --- [    Test worker] org.hibernate.SQL                        : insert into CarStatusTable (carAvailability, carType, latitude, longitude, carId) values (?, ?, ?, ?, ?)
2018-08-18 08:12:14.750 DEBUG 13626 --- [    Test worker] org.hibernate.SQL                        : insert into CarStatusTable (carAvailability, carType, latitude, longitude, carId) values (?, ?, ?, ?, ?)
2018-08-18 08:12:14.750 DEBUG 13626 --- [    Test worker] org.hibernate.SQL                        : insert into CarStatusTable (carAvailability, carType, latitude, longitude, carId) values (?, ?, ?, ?, ?)
2018-08-18 08:12:14.751 DEBUG 13626 --- [    Test worker] org.hibernate.SQL                        : insert into CarStatusTable (carAvailability, carType, latitude, longitude, carId) values (?, ?, ?, ?, ?)
2018-08-18 08:12:14.753 DEBUG 13626 --- [    Test worker] org.hibernate.SQL                        : insert into CarStatusTable (carAvailability, carType, latitude, longitude, carId) values (?, ?, ?, ?, ?)
2018-08-18 08:12:14.753 DEBUG 13626 --- [    Test worker] org.hibernate.SQL                        : insert into CarStatusTable (carAvailability, carType, latitude, longitude, carId) values (?, ?, ?, ?, ?)
2018-08-18 08:12:14.754 DEBUG 13626 --- [    Test worker] org.hibernate.SQL                        : insert into CarStatusTable (carAvailability, carType, latitude, longitude, carId) values (?, ?, ?, ?, ?)
2018-08-18 08:12:14.754 DEBUG 13626 --- [    Test worker] org.hibernate.SQL                        : insert into CarStatusTable (carAvailability, carType, latitude, longitude, carId) values (?, ?, ?, ?, ?)
2018-08-18 08:12:14.754 DEBUG 13626 --- [    Test worker] org.hibernate.SQL                        : insert into CarStatusTable (carAvailability, carType, latitude, longitude, carId) values (?, ?, ?, ?, ?)
2018-08-18 08:12:14.755 DEBUG 13626 --- [    Test worker] org.hibernate.SQL                        : insert into CarStatusTable (carAvailability, carType, latitude, longitude, carId) values (?, ?, ?, ?, ?)
2018-08-18 08:12:14.755 DEBUG 13626 --- [    Test worker] org.hibernate.SQL                        : insert into CarStatusTable (carAvailability, carType, latitude, longitude, carId) values (?, ?, ?, ?, ?)
2018-08-18 08:12:14.755 DEBUG 13626 --- [    Test worker] org.hibernate.SQL                        : insert into CarStatusTable (carAvailability, carType, latitude, longitude, carId) values (?, ?, ?, ?, ?)
2018-08-18 08:12:14.756 DEBUG 13626 --- [    Test worker] org.hibernate.SQL                        : insert into CarStatusTable (carAvailability, carType, latitude, longitude, carId) values (?, ?, ?, ?, ?)
2018-08-18 08:12:14.756 DEBUG 13626 --- [    Test worker] org.hibernate.SQL                        : insert into CarStatusTable (carAvailability, carType, latitude, longitude, carId) values (?, ?, ?, ?, ?)
2018-08-18 08:12:14.756 DEBUG 13626 --- [    Test worker] org.hibernate.SQL                        : insert into CarStatusTable (carAvailability, carType, latitude, longitude, carId) values (?, ?, ?, ?, ?)
2018-08-18 08:12:14.763 DEBUG 13626 --- [    Test worker] org.hibernate.SQL                        : insert into CarStatusTable (carAvailability, carType, latitude, longitude, carId) values (?, ?, ?, ?, ?)
2018-08-18 08:12:14.765 DEBUG 13626 --- [    Test worker] org.hibernate.SQL                        : insert into CarStatusTable (carAvailability, carType, latitude, longitude, carId) values (?, ?, ?, ?, ?)
2018-08-18 08:12:14.765 DEBUG 13626 --- [    Test worker] org.hibernate.SQL                        : insert into CarStatusTable (carAvailability, carType, latitude, longitude, carId) values (?, ?, ?, ?, ?)
2018-08-18 08:12:14.766 DEBUG 13626 --- [    Test worker] org.hibernate.SQL                        : insert into CarStatusTable (carAvailability, carType, latitude, longitude, carId) values (?, ?, ?, ?, ?)
2018-08-18 08:12:14.766 DEBUG 13626 --- [    Test worker] org.hibernate.SQL                        : insert into CarStatusTable (carAvailability, carType, latitude, longitude, carId) values (?, ?, ?, ?, ?)
2018-08-18 08:12:14.766 DEBUG 13626 --- [    Test worker] org.hibernate.SQL                        : insert into CarStatusTable (carAvailability, carType, latitude, longitude, carId) values (?, ?, ?, ?, ?)
2018-08-18 08:12:14.768 DEBUG 13626 --- [    Test worker] org.hibernate.SQL                        : insert into CarStatusTable (carAvailability, carType, latitude, longitude, carId) values (?, ?, ?, ?, ?)
2018-08-18 08:12:14.768 DEBUG 13626 --- [    Test worker] org.hibernate.SQL                        : insert into CarStatusTable (carAvailability, carType, latitude, longitude, carId) values (?, ?, ?, ?, ?)
2018-08-18 08:12:14.769 DEBUG 13626 --- [    Test worker] org.hibernate.SQL                        : insert into CarStatusTable (carAvailability, carType, latitude, longitude, carId) values (?, ?, ?, ?, ?)
2018-08-18 08:12:14.769 DEBUG 13626 --- [    Test worker] org.hibernate.SQL                        : insert into CarStatusTable (carAvailability, carType, latitude, longitude, carId) values (?, ?, ?, ?, ?)
2018-08-18 08:12:14.769 DEBUG 13626 --- [    Test worker] org.hibernate.SQL                        : insert into CarStatusTable (carAvailability, carType, latitude, longitude, carId) values (?, ?, ?, ?, ?)
2018-08-18 08:12:14.770 DEBUG 13626 --- [    Test worker] org.hibernate.SQL                        : insert into CarStatusTable (carAvailability, carType, latitude, longitude, carId) values (?, ?, ?, ?, ?)
2018-08-18 08:12:14.770 DEBUG 13626 --- [    Test worker] org.hibernate.SQL                        : insert into CarStatusTable (carAvailability, carType, latitude, longitude, carId) values (?, ?, ?, ?, ?)
2018-08-18 08:12:14.771 DEBUG 13626 --- [    Test worker] org.hibernate.SQL                        : insert into CarStatusTable (carAvailability, carType, latitude, longitude, carId) values (?, ?, ?, ?, ?)
2018-08-18 08:12:14.771 DEBUG 13626 --- [    Test worker] org.hibernate.SQL                        : insert into CarStatusTable (carAvailability, carType, latitude, longitude, carId) values (?, ?, ?, ?, ?)
2018-08-18 08:12:14.771 DEBUG 13626 --- [    Test worker] org.hibernate.SQL                        : insert into CarStatusTable (carAvailability, carType, latitude, longitude, carId) values (?, ?, ?, ?, ?)
2018-08-18 08:12:14.772 DEBUG 13626 --- [    Test worker] org.hibernate.SQL                        : insert into CarStatusTable (carAvailability, carType, latitude, longitude, carId) values (?, ?, ?, ?, ?)
2018-08-18 08:12:14.772 DEBUG 13626 --- [    Test worker] org.hibernate.SQL                        : insert into CarStatusTable (carAvailability, carType, latitude, longitude, carId) values (?, ?, ?, ?, ?)
2018-08-18 08:12:14.772 DEBUG 13626 --- [    Test worker] org.hibernate.SQL                        : insert into CarStatusTable (carAvailability, carType, latitude, longitude, carId) values (?, ?, ?, ?, ?)
2018-08-18 08:12:14.773 DEBUG 13626 --- [    Test worker] org.hibernate.SQL                        : insert into CarStatusTable (carAvailability, carType, latitude, longitude, carId) values (?, ?, ?, ?, ?)
2018-08-18 08:12:14.782 DEBUG 13626 --- [    Test worker] org.hibernate.SQL                        : insert into CarStatusTable (carAvailability, carType, latitude, longitude, carId) values (?, ?, ?, ?, ?)
2018-08-18 08:12:14.782 DEBUG 13626 --- [    Test worker] org.hibernate.SQL                        : insert into CarStatusTable (carAvailability, carType, latitude, longitude, carId) values (?, ?, ?, ?, ?)
2018-08-18 08:12:14.783 DEBUG 13626 --- [    Test worker] org.hibernate.SQL                        : insert into CarStatusTable (carAvailability, carType, latitude, longitude, carId) values (?, ?, ?, ?, ?)
2018-08-18 08:12:14.788 DEBUG 13626 --- [    Test worker] org.hibernate.SQL                        : insert into CarStatusTable (carAvailability, carType, latitude, longitude, carId) values (?, ?, ?, ?, ?)
2018-08-18 08:12:14.789 DEBUG 13626 --- [    Test worker] org.hibernate.SQL                        : insert into CarStatusTable (carAvailability, carType, latitude, longitude, carId) values (?, ?, ?, ?, ?)
2018-08-18 08:12:14.789 DEBUG 13626 --- [    Test worker] org.hibernate.SQL                        : insert into CarStatusTable (carAvailability, carType, latitude, longitude, carId) values (?, ?, ?, ?, ?)
2018-08-18 08:12:14.789 DEBUG 13626 --- [    Test worker] org.hibernate.SQL                        : insert into CarStatusTable (carAvailability, carType, latitude, longitude, carId) values (?, ?, ?, ?, ?)
2018-08-18 08:12:14.790 DEBUG 13626 --- [    Test worker] org.hibernate.SQL                        : insert into CarStatusTable (carAvailability, carType, latitude, longitude, carId) values (?, ?, ?, ?, ?)
2018-08-18 08:12:14.790 DEBUG 13626 --- [    Test worker] org.hibernate.SQL                        : insert into CarStatusTable (carAvailability, carType, latitude, longitude, carId) values (?, ?, ?, ?, ?)
2018-08-18 08:12:14.790 DEBUG 13626 --- [    Test worker] org.hibernate.SQL                        : insert into CarStatusTable (carAvailability, carType, latitude, longitude, carId) values (?, ?, ?, ?, ?)
2018-08-18 08:12:14.791 DEBUG 13626 --- [    Test worker] org.hibernate.SQL                        : insert into CarStatusTable (carAvailability, carType, latitude, longitude, carId) values (?, ?, ?, ?, ?)
2018-08-18 08:12:14.793 DEBUG 13626 --- [    Test worker] org.hibernate.SQL                        : insert into CarStatusTable (carAvailability, carType, latitude, longitude, carId) values (?, ?, ?, ?, ?)
2018-08-18 08:12:14.794 DEBUG 13626 --- [    Test worker] org.hibernate.SQL                        : insert into CarStatusTable (carAvailability, carType, latitude, longitude, carId) values (?, ?, ?, ?, ?)
2018-08-18 08:12:14.794 DEBUG 13626 --- [    Test worker] org.hibernate.SQL                        : insert into CarStatusTable (carAvailability, carType, latitude, longitude, carId) values (?, ?, ?, ?, ?)
2018-08-18 08:12:14.794 DEBUG 13626 --- [    Test worker] org.hibernate.SQL                        : insert into CarStatusTable (carAvailability, carType, latitude, longitude, carId) values (?, ?, ?, ?, ?)
2018-08-18 08:12:14.795 DEBUG 13626 --- [    Test worker] org.hibernate.SQL                        : insert into CarStatusTable (carAvailability, carType, latitude, longitude, carId) values (?, ?, ?, ?, ?)
2018-08-18 08:12:14.795 DEBUG 13626 --- [    Test worker] org.hibernate.SQL                        : insert into CarStatusTable (carAvailability, carType, latitude, longitude, carId) values (?, ?, ?, ?, ?)
2018-08-18 08:12:14.795 DEBUG 13626 --- [    Test worker] org.hibernate.SQL                        : insert into CarStatusTable (carAvailability, carType, latitude, longitude, carId) values (?, ?, ?, ?, ?)
2018-08-18 08:12:14.796 DEBUG 13626 --- [    Test worker] org.hibernate.SQL                        : insert into CarStatusTable (carAvailability, carType, latitude, longitude, carId) values (?, ?, ?, ?, ?)
2018-08-18 08:12:14.796 DEBUG 13626 --- [    Test worker] org.hibernate.SQL                        : insert into CarStatusTable (carAvailability, carType, latitude, longitude, carId) values (?, ?, ?, ?, ?)
2018-08-18 08:12:14.796 DEBUG 13626 --- [    Test worker] org.hibernate.SQL                        : insert into CarStatusTable (carAvailability, carType, latitude, longitude, carId) values (?, ?, ?, ?, ?)
2018-08-18 08:12:14.800 DEBUG 13626 --- [    Test worker] org.hibernate.SQL                        : insert into CarStatusTable (carAvailability, carType, latitude, longitude, carId) values (?, ?, ?, ?, ?)
2018-08-18 08:12:14.800 DEBUG 13626 --- [    Test worker] org.hibernate.SQL                        : insert into CarStatusTable (carAvailability, carType, latitude, longitude, carId) values (?, ?, ?, ?, ?)
2018-08-18 08:12:14.801 DEBUG 13626 --- [    Test worker] org.hibernate.SQL                        : insert into CarStatusTable (carAvailability, carType, latitude, longitude, carId) values (?, ?, ?, ?, ?)
2018-08-18 08:12:14.801 DEBUG 13626 --- [    Test worker] org.hibernate.SQL                        : insert into CarStatusTable (carAvailability, carType, latitude, longitude, carId) values (?, ?, ?, ?, ?)
2018-08-18 08:12:14.802 DEBUG 13626 --- [    Test worker] org.hibernate.SQL                        : insert into CarStatusTable (carAvailability, carType, latitude, longitude, carId) values (?, ?, ?, ?, ?)
2018-08-18 08:12:14.802 DEBUG 13626 --- [    Test worker] org.hibernate.SQL                        : insert into CarStatusTable (carAvailability, carType, latitude, longitude, carId) values (?, ?, ?, ?, ?)
2018-08-18 08:12:14.802 DEBUG 13626 --- [    Test worker] org.hibernate.SQL                        : insert into CarStatusTable (carAvailability, carType, latitude, longitude, carId) values (?, ?, ?, ?, ?)
2018-08-18 08:12:14.803 DEBUG 13626 --- [    Test worker] org.hibernate.SQL                        : insert into CarStatusTable (carAvailability, carType, latitude, longitude, carId) values (?, ?, ?, ?, ?)
2018-08-18 08:12:14.803 DEBUG 13626 --- [    Test worker] org.hibernate.SQL                        : insert into CarStatusTable (carAvailability, carType, latitude, longitude, carId) values (?, ?, ?, ?, ?)
2018-08-18 08:12:14.809 DEBUG 13626 --- [    Test worker] org.hibernate.SQL                        : insert into CarStatusTable (carAvailability, carType, latitude, longitude, carId) values (?, ?, ?, ?, ?)
2018-08-18 08:12:14.809 DEBUG 13626 --- [    Test worker] org.hibernate.SQL                        : insert into CarStatusTable (carAvailability, carType, latitude, longitude, carId) values (?, ?, ?, ?, ?)
2018-08-18 08:12:14.810 DEBUG 13626 --- [    Test worker] org.hibernate.SQL                        : insert into CarStatusTable (carAvailability, carType, latitude, longitude, carId) values (?, ?, ?, ?, ?)
2018-08-18 08:12:14.814 DEBUG 13626 --- [    Test worker] org.hibernate.SQL                        : insert into CarStatusTable (carAvailability, carType, latitude, longitude, carId) values (?, ?, ?, ?, ?)
2018-08-18 08:12:14.815 DEBUG 13626 --- [    Test worker] org.hibernate.SQL                        : insert into CarStatusTable (carAvailability, carType, latitude, longitude, carId) values (?, ?, ?, ?, ?)
2018-08-18 08:12:14.815 DEBUG 13626 --- [    Test worker] org.hibernate.SQL                        : insert into CarStatusTable (carAvailability, carType, latitude, longitude, carId) values (?, ?, ?, ?, ?)
2018-08-18 08:12:14.816 DEBUG 13626 --- [    Test worker] org.hibernate.SQL                        : insert into CarStatusTable (carAvailability, carType, latitude, longitude, carId) values (?, ?, ?, ?, ?)
2018-08-18 08:12:14.816 DEBUG 13626 --- [    Test worker] org.hibernate.SQL                        : insert into CarStatusTable (carAvailability, carType, latitude, longitude, carId) values (?, ?, ?, ?, ?)
2018-08-18 08:12:14.817 DEBUG 13626 --- [    Test worker] org.hibernate.SQL                        : insert into CarStatusTable (carAvailability, carType, latitude, longitude, carId) values (?, ?, ?, ?, ?)
2018-08-18 08:12:14.817 DEBUG 13626 --- [    Test worker] org.hibernate.SQL                        : insert into CarStatusTable (carAvailability, carType, latitude, longitude, carId) values (?, ?, ?, ?, ?)
2018-08-18 08:12:14.817 DEBUG 13626 --- [    Test worker] org.hibernate.SQL                        : insert into CarStatusTable (carAvailability, carType, latitude, longitude, carId) values (?, ?, ?, ?, ?)
2018-08-18 08:12:14.824 DEBUG 13626 --- [    Test worker] org.hibernate.SQL                        : insert into CarStatusTable (carAvailability, carType, latitude, longitude, carId) values (?, ?, ?, ?, ?)
2018-08-18 08:12:14.825 DEBUG 13626 --- [    Test worker] org.hibernate.SQL                        : insert into CarStatusTable (carAvailability, carType, latitude, longitude, carId) values (?, ?, ?, ?, ?)
2018-08-18 08:12:14.826 DEBUG 13626 --- [    Test worker] org.hibernate.SQL                        : insert into CarStatusTable (carAvailability, carType, latitude, longitude, carId) values (?, ?, ?, ?, ?)
2018-08-18 08:12:14.826 DEBUG 13626 --- [    Test worker] org.hibernate.SQL                        : insert into CarStatusTable (carAvailability, carType, latitude, longitude, carId) values (?, ?, ?, ?, ?)
2018-08-18 08:12:14.826 DEBUG 13626 --- [    Test worker] org.hibernate.SQL                        : insert into CarStatusTable (carAvailability, carType, latitude, longitude, carId) values (?, ?, ?, ?, ?)
2018-08-18 08:12:14.827 DEBUG 13626 --- [    Test worker] org.hibernate.SQL                        : insert into CarStatusTable (carAvailability, carType, latitude, longitude, carId) values (?, ?, ?, ?, ?)
2018-08-18 08:12:14.827 DEBUG 13626 --- [    Test worker] org.hibernate.SQL                        : insert into CarStatusTable (carAvailability, carType, latitude, longitude, carId) values (?, ?, ?, ?, ?)
2018-08-18 08:12:14.828 DEBUG 13626 --- [    Test worker] org.hibernate.SQL                        : insert into CarStatusTable (carAvailability, carType, latitude, longitude, carId) values (?, ?, ?, ?, ?)
2018-08-18 08:12:14.828 DEBUG 13626 --- [    Test worker] org.hibernate.SQL                        : insert into CarStatusTable (carAvailability, carType, latitude, longitude, carId) values (?, ?, ?, ?, ?)
2018-08-18 08:12:14.828 DEBUG 13626 --- [    Test worker] org.hibernate.SQL                        : insert into CarStatusTable (carAvailability, carType, latitude, longitude, carId) values (?, ?, ?, ?, ?)
2018-08-18 08:12:14.829 DEBUG 13626 --- [    Test worker] org.hibernate.SQL                        : insert into CarStatusTable (carAvailability, carType, latitude, longitude, carId) values (?, ?, ?, ?, ?)
2018-08-18 08:12:14.834 DEBUG 13626 --- [    Test worker] org.hibernate.SQL                        : insert into CarStatusTable (carAvailability, carType, latitude, longitude, carId) values (?, ?, ?, ?, ?)
2018-08-18 08:12:14.835 DEBUG 13626 --- [    Test worker] org.hibernate.SQL                        : insert into CarStatusTable (carAvailability, carType, latitude, longitude, carId) values (?, ?, ?, ?, ?)
2018-08-18 08:12:14.836 DEBUG 13626 --- [    Test worker] org.hibernate.SQL                        : insert into CarStatusTable (carAvailability, carType, latitude, longitude, carId) values (?, ?, ?, ?, ?)
2018-08-18 08:12:14.836 DEBUG 13626 --- [    Test worker] org.hibernate.SQL                        : insert into CarStatusTable (carAvailability, carType, latitude, longitude, carId) values (?, ?, ?, ?, ?)
2018-08-18 08:12:14.836 DEBUG 13626 --- [    Test worker] org.hibernate.SQL                        : insert into CarStatusTable (carAvailability, carType, latitude, longitude, carId) values (?, ?, ?, ?, ?)
2018-08-18 08:12:14.837 DEBUG 13626 --- [    Test worker] org.hibernate.SQL                        : insert into CarStatusTable (carAvailability, carType, latitude, longitude, carId) values (?, ?, ?, ?, ?)
2018-08-18 08:12:14.837 DEBUG 13626 --- [    Test worker] org.hibernate.SQL                        : insert into CarStatusTable (carAvailability, carType, latitude, longitude, carId) values (?, ?, ?, ?, ?)
2018-08-18 08:12:14.838 DEBUG 13626 --- [    Test worker] org.hibernate.SQL                        : insert into CarStatusTable (carAvailability, carType, latitude, longitude, carId) values (?, ?, ?, ?, ?)
2018-08-18 08:12:14.838 DEBUG 13626 --- [    Test worker] org.hibernate.SQL                        : insert into CarStatusTable (carAvailability, carType, latitude, longitude, carId) values (?, ?, ?, ?, ?)
2018-08-18 08:12:14.838 DEBUG 13626 --- [    Test worker] org.hibernate.SQL                        : insert into CarStatusTable (carAvailability, carType, latitude, longitude, carId) values (?, ?, ?, ?, ?)
2018-08-18 08:12:14.839 DEBUG 13626 --- [    Test worker] org.hibernate.SQL                        : insert into CarStatusTable (carAvailability, carType, latitude, longitude, carId) values (?, ?, ?, ?, ?)
2018-08-18 08:12:14.841 DEBUG 13626 --- [    Test worker] org.hibernate.SQL                        : insert into CarStatusTable (carAvailability, carType, latitude, longitude, carId) values (?, ?, ?, ?, ?)
2018-08-18 08:12:14.842 DEBUG 13626 --- [    Test worker] org.hibernate.SQL                        : insert into CarStatusTable (carAvailability, carType, latitude, longitude, carId) values (?, ?, ?, ?, ?)
2018-08-18 08:12:14.842 DEBUG 13626 --- [    Test worker] org.hibernate.SQL                        : insert into CarStatusTable (carAvailability, carType, latitude, longitude, carId) values (?, ?, ?, ?, ?)
2018-08-18 08:12:14.843 DEBUG 13626 --- [    Test worker] org.hibernate.SQL                        : insert into CarStatusTable (carAvailability, carType, latitude, longitude, carId) values (?, ?, ?, ?, ?)
2018-08-18 08:12:14.843 DEBUG 13626 --- [    Test worker] org.hibernate.SQL                        : insert into CarStatusTable (carAvailability, carType, latitude, longitude, carId) values (?, ?, ?, ?, ?)
2018-08-18 08:12:14.844 DEBUG 13626 --- [    Test worker] org.hibernate.SQL                        : insert into CarStatusTable (carAvailability, carType, latitude, longitude, carId) values (?, ?, ?, ?, ?)
2018-08-18 08:12:14.844 DEBUG 13626 --- [    Test worker] org.hibernate.SQL                        : insert into CarStatusTable (carAvailability, carType, latitude, longitude, carId) values (?, ?, ?, ?, ?)
2018-08-18 08:12:14.844 DEBUG 13626 --- [    Test worker] org.hibernate.SQL                        : insert into CarStatusTable (carAvailability, carType, latitude, longitude, carId) values (?, ?, ?, ?, ?)
2018-08-18 08:12:14.849 DEBUG 13626 --- [    Test worker] org.hibernate.SQL                        : insert into CarStatusTable (carAvailability, carType, latitude, longitude, carId) values (?, ?, ?, ?, ?)
2018-08-18 08:12:14.850 DEBUG 13626 --- [    Test worker] org.hibernate.SQL                        : insert into CarStatusTable (carAvailability, carType, latitude, longitude, carId) values (?, ?, ?, ?, ?)
2018-08-18 08:12:14.850 DEBUG 13626 --- [    Test worker] org.hibernate.SQL                        : insert into CarStatusTable (carAvailability, carType, latitude, longitude, carId) values (?, ?, ?, ?, ?)
2018-08-18 08:12:14.851 DEBUG 13626 --- [    Test worker] org.hibernate.SQL                        : insert into CarStatusTable (carAvailability, carType, latitude, longitude, carId) values (?, ?, ?, ?, ?)
2018-08-18 08:12:14.851 DEBUG 13626 --- [    Test worker] org.hibernate.SQL                        : insert into CarStatusTable (carAvailability, carType, latitude, longitude, carId) values (?, ?, ?, ?, ?)
2018-08-18 08:12:14.855 DEBUG 13626 --- [    Test worker] org.hibernate.SQL                        : insert into CarStatusTable (carAvailability, carType, latitude, longitude, carId) values (?, ?, ?, ?, ?)
2018-08-18 08:12:14.855 DEBUG 13626 --- [    Test worker] org.hibernate.SQL                        : insert into CarStatusTable (carAvailability, carType, latitude, longitude, carId) values (?, ?, ?, ?, ?)
2018-08-18 08:12:14.856 DEBUG 13626 --- [    Test worker] org.hibernate.SQL                        : insert into CarStatusTable (carAvailability, carType, latitude, longitude, carId) values (?, ?, ?, ?, ?)
2018-08-18 08:12:14.856 DEBUG 13626 --- [    Test worker] org.hibernate.SQL                        : insert into CarStatusTable (carAvailability, carType, latitude, longitude, carId) values (?, ?, ?, ?, ?)
2018-08-18 08:12:14.856 DEBUG 13626 --- [    Test worker] org.hibernate.SQL                        : insert into CarStatusTable (carAvailability, carType, latitude, longitude, carId) values (?, ?, ?, ?, ?)
2018-08-18 08:12:14.857 DEBUG 13626 --- [    Test worker] org.hibernate.SQL                        : insert into CarStatusTable (carAvailability, carType, latitude, longitude, carId) values (?, ?, ?, ?, ?)
2018-08-18 08:12:14.857 DEBUG 13626 --- [    Test worker] org.hibernate.SQL                        : insert into CarStatusTable (carAvailability, carType, latitude, longitude, carId) values (?, ?, ?, ?, ?)
2018-08-18 08:12:14.857 DEBUG 13626 --- [    Test worker] org.hibernate.SQL                        : insert into CarStatusTable (carAvailability, carType, latitude, longitude, carId) values (?, ?, ?, ?, ?)
2018-08-18 08:12:14.858 DEBUG 13626 --- [    Test worker] org.hibernate.SQL                        : insert into CarStatusTable (carAvailability, carType, latitude, longitude, carId) values (?, ?, ?, ?, ?)
2018-08-18 08:12:14.861 DEBUG 13626 --- [    Test worker] org.hibernate.SQL                        : insert into CarStatusTable (carAvailability, carType, latitude, longitude, carId) values (?, ?, ?, ?, ?)
2018-08-18 08:12:14.862 DEBUG 13626 --- [    Test worker] org.hibernate.SQL                        : insert into CarStatusTable (carAvailability, carType, latitude, longitude, carId) values (?, ?, ?, ?, ?)
2018-08-18 08:12:14.862 DEBUG 13626 --- [    Test worker] org.hibernate.SQL                        : insert into CarStatusTable (carAvailability, carType, latitude, longitude, carId) values (?, ?, ?, ?, ?)
2018-08-18 08:12:14.863 DEBUG 13626 --- [    Test worker] org.hibernate.SQL                        : insert into CarStatusTable (carAvailability, carType, latitude, longitude, carId) values (?, ?, ?, ?, ?)
2018-08-18 08:12:14.863 DEBUG 13626 --- [    Test worker] org.hibernate.SQL                        : insert into CarStatusTable (carAvailability, carType, latitude, longitude, carId) values (?, ?, ?, ?, ?)
2018-08-18 08:12:14.863 DEBUG 13626 --- [    Test worker] org.hibernate.SQL                        : insert into CarStatusTable (carAvailability, carType, latitude, longitude, carId) values (?, ?, ?, ?, ?)
2018-08-18 08:12:14.864 DEBUG 13626 --- [    Test worker] org.hibernate.SQL                        : insert into CarStatusTable (carAvailability, carType, latitude, longitude, carId) values (?, ?, ?, ?, ?)
2018-08-18 08:12:14.864 DEBUG 13626 --- [    Test worker] org.hibernate.SQL                        : insert into CarStatusTable (carAvailability, carType, latitude, longitude, carId) values (?, ?, ?, ?, ?)
2018-08-18 08:12:14.864 DEBUG 13626 --- [    Test worker] org.hibernate.SQL                        : insert into CarStatusTable (carAvailability, carType, latitude, longitude, carId) values (?, ?, ?, ?, ?)
2018-08-18 08:12:14.869 DEBUG 13626 --- [    Test worker] org.hibernate.SQL                        : insert into CarStatusTable (carAvailability, carType, latitude, longitude, carId) values (?, ?, ?, ?, ?)
2018-08-18 08:12:14.870 DEBUG 13626 --- [    Test worker] org.hibernate.SQL                        : insert into CarStatusTable (carAvailability, carType, latitude, longitude, carId) values (?, ?, ?, ?, ?)
2018-08-18 08:12:14.870 DEBUG 13626 --- [    Test worker] org.hibernate.SQL                        : insert into CarStatusTable (carAvailability, carType, latitude, longitude, carId) values (?, ?, ?, ?, ?)
2018-08-18 08:12:14.871 DEBUG 13626 --- [    Test worker] org.hibernate.SQL                        : insert into CarStatusTable (carAvailability, carType, latitude, longitude, carId) values (?, ?, ?, ?, ?)
2018-08-18 08:12:14.871 DEBUG 13626 --- [    Test worker] org.hibernate.SQL                        : insert into CarStatusTable (carAvailability, carType, latitude, longitude, carId) values (?, ?, ?, ?, ?)
2018-08-18 08:12:14.871 DEBUG 13626 --- [    Test worker] org.hibernate.SQL                        : insert into CarStatusTable (carAvailability, carType, latitude, longitude, carId) values (?, ?, ?, ?, ?)
2018-08-18 08:12:14.872 DEBUG 13626 --- [    Test worker] org.hibernate.SQL                        : insert into CarStatusTable (carAvailability, carType, latitude, longitude, carId) values (?, ?, ?, ?, ?)
2018-08-18 08:12:14.872 DEBUG 13626 --- [    Test worker] org.hibernate.SQL                        : insert into CarStatusTable (carAvailability, carType, latitude, longitude, carId) values (?, ?, ?, ?, ?)
2018-08-18 08:12:14.872 DEBUG 13626 --- [    Test worker] org.hibernate.SQL                        : insert into CarStatusTable (carAvailability, carType, latitude, longitude, carId) values (?, ?, ?, ?, ?)
2018-08-18 08:12:14.873 DEBUG 13626 --- [    Test worker] org.hibernate.SQL                        : insert into CarStatusTable (carAvailability, carType, latitude, longitude, carId) values (?, ?, ?, ?, ?)
2018-08-18 08:12:14.873 DEBUG 13626 --- [    Test worker] org.hibernate.SQL                        : insert into CarStatusTable (carAvailability, carType, latitude, longitude, carId) values (?, ?, ?, ?, ?)
2018-08-18 08:12:14.873 DEBUG 13626 --- [    Test worker] org.hibernate.SQL                        : insert into CarStatusTable (carAvailability, carType, latitude, longitude, carId) values (?, ?, ?, ?, ?)
2018-08-18 08:12:14.874 DEBUG 13626 --- [    Test worker] org.hibernate.SQL                        : insert into CarStatusTable (carAvailability, carType, latitude, longitude, carId) values (?, ?, ?, ?, ?)
2018-08-18 08:12:14.874 DEBUG 13626 --- [    Test worker] org.hibernate.SQL                        : insert into CarStatusTable (carAvailability, carType, latitude, longitude, carId) values (?, ?, ?, ?, ?)
2018-08-18 08:12:14.874 DEBUG 13626 --- [    Test worker] org.hibernate.SQL                        : insert into CarStatusTable (carAvailability, carType, latitude, longitude, carId) values (?, ?, ?, ?, ?)
2018-08-18 08:12:14.875 DEBUG 13626 --- [    Test worker] org.hibernate.SQL                        : insert into CarStatusTable (carAvailability, carType, latitude, longitude, carId) values (?, ?, ?, ?, ?)
2018-08-18 08:12:14.882 DEBUG 13626 --- [    Test worker] org.hibernate.SQL                        : insert into CarStatusTable (carAvailability, carType, latitude, longitude, carId) values (?, ?, ?, ?, ?)
2018-08-18 08:12:14.883 DEBUG 13626 --- [    Test worker] org.hibernate.SQL                        : insert into CarStatusTable (carAvailability, carType, latitude, longitude, carId) values (?, ?, ?, ?, ?)
2018-08-18 08:12:14.883 DEBUG 13626 --- [    Test worker] org.hibernate.SQL                        : insert into CarStatusTable (carAvailability, carType, latitude, longitude, carId) values (?, ?, ?, ?, ?)
2018-08-18 08:12:14.884 DEBUG 13626 --- [    Test worker] org.hibernate.SQL                        : insert into CarStatusTable (carAvailability, carType, latitude, longitude, carId) values (?, ?, ?, ?, ?)
2018-08-18 08:12:14.884 DEBUG 13626 --- [    Test worker] org.hibernate.SQL                        : insert into CarStatusTable (carAvailability, carType, latitude, longitude, carId) values (?, ?, ?, ?, ?)
2018-08-18 08:12:14.884 DEBUG 13626 --- [    Test worker] org.hibernate.SQL                        : insert into CarStatusTable (carAvailability, carType, latitude, longitude, carId) values (?, ?, ?, ?, ?)
2018-08-18 08:12:14.885 DEBUG 13626 --- [    Test worker] org.hibernate.SQL                        : insert into CarStatusTable (carAvailability, carType, latitude, longitude, carId) values (?, ?, ?, ?, ?)
2018-08-18 08:12:14.889 DEBUG 13626 --- [    Test worker] org.hibernate.SQL                        : insert into CarStatusTable (carAvailability, carType, latitude, longitude, carId) values (?, ?, ?, ?, ?)
2018-08-18 08:12:14.890 DEBUG 13626 --- [    Test worker] org.hibernate.SQL                        : insert into CarStatusTable (carAvailability, carType, latitude, longitude, carId) values (?, ?, ?, ?, ?)
2018-08-18 08:12:14.892 DEBUG 13626 --- [    Test worker] org.hibernate.SQL                        : insert into CarStatusTable (carAvailability, carType, latitude, longitude, carId) values (?, ?, ?, ?, ?)
2018-08-18 08:12:14.892 DEBUG 13626 --- [    Test worker] org.hibernate.SQL                        : insert into CarStatusTable (carAvailability, carType, latitude, longitude, carId) values (?, ?, ?, ?, ?)
2018-08-18 08:12:14.892 DEBUG 13626 --- [    Test worker] org.hibernate.SQL                        : insert into CarStatusTable (carAvailability, carType, latitude, longitude, carId) values (?, ?, ?, ?, ?)
2018-08-18 08:12:14.893 DEBUG 13626 --- [    Test worker] org.hibernate.SQL                        : insert into CarStatusTable (carAvailability, carType, latitude, longitude, carId) values (?, ?, ?, ?, ?)
2018-08-18 08:12:14.893 DEBUG 13626 --- [    Test worker] org.hibernate.SQL                        : insert into CarStatusTable (carAvailability, carType, latitude, longitude, carId) values (?, ?, ?, ?, ?)
2018-08-18 08:12:14.894 DEBUG 13626 --- [    Test worker] org.hibernate.SQL                        : insert into CarStatusTable (carAvailability, carType, latitude, longitude, carId) values (?, ?, ?, ?, ?)
2018-08-18 08:12:14.894 DEBUG 13626 --- [    Test worker] org.hibernate.SQL                        : insert into CarStatusTable (carAvailability, carType, latitude, longitude, carId) values (?, ?, ?, ?, ?)
2018-08-18 08:12:14.894 DEBUG 13626 --- [    Test worker] org.hibernate.SQL                        : insert into CarStatusTable (carAvailability, carType, latitude, longitude, carId) values (?, ?, ?, ?, ?)
2018-08-18 08:12:14.895 DEBUG 13626 --- [    Test worker] org.hibernate.SQL                        : insert into CarStatusTable (carAvailability, carType, latitude, longitude, carId) values (?, ?, ?, ?, ?)
2018-08-18 08:12:14.897 DEBUG 13626 --- [    Test worker] org.hibernate.SQL                        : insert into CarStatusTable (carAvailability, carType, latitude, longitude, carId) values (?, ?, ?, ?, ?)
2018-08-18 08:12:14.897 DEBUG 13626 --- [    Test worker] org.hibernate.SQL                        : insert into CarStatusTable (carAvailability, carType, latitude, longitude, carId) values (?, ?, ?, ?, ?)
2018-08-18 08:12:14.898 DEBUG 13626 --- [    Test worker] org.hibernate.SQL                        : insert into CarStatusTable (carAvailability, carType, latitude, longitude, carId) values (?, ?, ?, ?, ?)
2018-08-18 08:12:14.898 DEBUG 13626 --- [    Test worker] org.hibernate.SQL                        : insert into CarStatusTable (carAvailability, carType, latitude, longitude, carId) values (?, ?, ?, ?, ?)
2018-08-18 08:12:14.899 DEBUG 13626 --- [    Test worker] org.hibernate.SQL                        : insert into CarStatusTable (carAvailability, carType, latitude, longitude, carId) values (?, ?, ?, ?, ?)
2018-08-18 08:12:14.899 DEBUG 13626 --- [    Test worker] org.hibernate.SQL                        : insert into CarStatusTable (carAvailability, carType, latitude, longitude, carId) values (?, ?, ?, ?, ?)
2018-08-18 08:12:14.899 DEBUG 13626 --- [    Test worker] org.hibernate.SQL                        : insert into CarStatusTable (carAvailability, carType, latitude, longitude, carId) values (?, ?, ?, ?, ?)
2018-08-18 08:12:14.900 DEBUG 13626 --- [    Test worker] org.hibernate.SQL                        : insert into CarStatusTable (carAvailability, carType, latitude, longitude, carId) values (?, ?, ?, ?, ?)
2018-08-18 08:12:14.900 DEBUG 13626 --- [    Test worker] org.hibernate.SQL                        : insert into CarStatusTable (carAvailability, carType, latitude, longitude, carId) values (?, ?, ?, ?, ?)
2018-08-18 08:12:14.901 DEBUG 13626 --- [    Test worker] org.hibernate.SQL                        : insert into CarStatusTable (carAvailability, carType, latitude, longitude, carId) values (?, ?, ?, ?, ?)
2018-08-18 08:12:14.901 DEBUG 13626 --- [    Test worker] org.hibernate.SQL                        : insert into CarStatusTable (carAvailability, carType, latitude, longitude, carId) values (?, ?, ?, ?, ?)
2018-08-18 08:12:14.901 DEBUG 13626 --- [    Test worker] org.hibernate.SQL                        : insert into CarStatusTable (carAvailability, carType, latitude, longitude, carId) values (?, ?, ?, ?, ?)
2018-08-18 08:12:14.902 DEBUG 13626 --- [    Test worker] org.hibernate.SQL                        : insert into CarStatusTable (carAvailability, carType, latitude, longitude, carId) values (?, ?, ?, ?, ?)
2018-08-18 08:12:14.902 DEBUG 13626 --- [    Test worker] org.hibernate.SQL                        : insert into CarStatusTable (carAvailability, carType, latitude, longitude, carId) values (?, ?, ?, ?, ?)
2018-08-18 08:12:14.902 DEBUG 13626 --- [    Test worker] org.hibernate.SQL                        : insert into CarStatusTable (carAvailability, carType, latitude, longitude, carId) values (?, ?, ?, ?, ?)
2018-08-18 08:12:14.903 DEBUG 13626 --- [    Test worker] org.hibernate.SQL                        : insert into CarStatusTable (carAvailability, carType, latitude, longitude, carId) values (?, ?, ?, ?, ?)
2018-08-18 08:12:14.903 DEBUG 13626 --- [    Test worker] org.hibernate.SQL                        : insert into CarStatusTable (carAvailability, carType, latitude, longitude, carId) values (?, ?, ?, ?, ?)
2018-08-18 08:12:14.903 DEBUG 13626 --- [    Test worker] org.hibernate.SQL                        : insert into CarStatusTable (carAvailability, carType, latitude, longitude, carId) values (?, ?, ?, ?, ?)
2018-08-18 08:12:14.904 DEBUG 13626 --- [    Test worker] org.hibernate.SQL                        : insert into CarStatusTable (carAvailability, carType, latitude, longitude, carId) values (?, ?, ?, ?, ?)
2018-08-18 08:12:14.904 DEBUG 13626 --- [    Test worker] org.hibernate.SQL                        : insert into CarStatusTable (carAvailability, carType, latitude, longitude, carId) values (?, ?, ?, ?, ?)
2018-08-18 08:12:14.904 DEBUG 13626 --- [    Test worker] org.hibernate.SQL                        : insert into CarStatusTable (carAvailability, carType, latitude, longitude, carId) values (?, ?, ?, ?, ?)
2018-08-18 08:12:14.905 DEBUG 13626 --- [    Test worker] org.hibernate.SQL                        : insert into CarStatusTable (carAvailability, carType, latitude, longitude, carId) values (?, ?, ?, ?, ?)
2018-08-18 08:12:14.905 DEBUG 13626 --- [    Test worker] org.hibernate.SQL                        : insert into CarStatusTable (carAvailability, carType, latitude, longitude, carId) values (?, ?, ?, ?, ?)
2018-08-18 08:12:14.905 DEBUG 13626 --- [    Test worker] org.hibernate.SQL                        : insert into CarStatusTable (carAvailability, carType, latitude, longitude, carId) values (?, ?, ?, ?, ?)
2018-08-18 08:12:14.906 DEBUG 13626 --- [    Test worker] org.hibernate.SQL                        : insert into CarStatusTable (carAvailability, carType, latitude, longitude, carId) values (?, ?, ?, ?, ?)
2018-08-18 08:12:14.906 DEBUG 13626 --- [    Test worker] org.hibernate.SQL                        : insert into CarStatusTable (carAvailability, carType, latitude, longitude, carId) values (?, ?, ?, ?, ?)
2018-08-18 08:12:14.907 DEBUG 13626 --- [    Test worker] org.hibernate.SQL                        : insert into CarStatusTable (carAvailability, carType, latitude, longitude, carId) values (?, ?, ?, ?, ?)
2018-08-18 08:12:14.908 DEBUG 13626 --- [    Test worker] org.hibernate.SQL                        : insert into CarStatusTable (carAvailability, carType, latitude, longitude, carId) values (?, ?, ?, ?, ?)
2018-08-18 08:12:14.908 DEBUG 13626 --- [    Test worker] org.hibernate.SQL                        : insert into CarStatusTable (carAvailability, carType, latitude, longitude, carId) values (?, ?, ?, ?, ?)
2018-08-18 08:12:14.908 DEBUG 13626 --- [    Test worker] org.hibernate.SQL                        : insert into CarStatusTable (carAvailability, carType, latitude, longitude, carId) values (?, ?, ?, ?, ?)
2018-08-18 08:12:14.909 DEBUG 13626 --- [    Test worker] org.hibernate.SQL                        : insert into CarStatusTable (carAvailability, carType, latitude, longitude, carId) values (?, ?, ?, ?, ?)
2018-08-18 08:12:14.909 DEBUG 13626 --- [    Test worker] org.hibernate.SQL                        : insert into CarStatusTable (carAvailability, carType, latitude, longitude, carId) values (?, ?, ?, ?, ?)
2018-08-18 08:12:14.909 DEBUG 13626 --- [    Test worker] org.hibernate.SQL                        : insert into CarStatusTable (carAvailability, carType, latitude, longitude, carId) values (?, ?, ?, ?, ?)
2018-08-18 08:12:14.910 DEBUG 13626 --- [    Test worker] org.hibernate.SQL                        : insert into CarStatusTable (carAvailability, carType, latitude, longitude, carId) values (?, ?, ?, ?, ?)
2018-08-18 08:12:14.910 DEBUG 13626 --- [    Test worker] org.hibernate.SQL                        : insert into CarStatusTable (carAvailability, carType, latitude, longitude, carId) values (?, ?, ?, ?, ?)
2018-08-18 08:12:14.911 DEBUG 13626 --- [    Test worker] org.hibernate.SQL                        : insert into CarStatusTable (carAvailability, carType, latitude, longitude, carId) values (?, ?, ?, ?, ?)
2018-08-18 08:12:14.911 DEBUG 13626 --- [    Test worker] org.hibernate.SQL                        : insert into CarStatusTable (carAvailability, carType, latitude, longitude, carId) values (?, ?, ?, ?, ?)
2018-08-18 08:12:14.911 DEBUG 13626 --- [    Test worker] org.hibernate.SQL                        : insert into CarStatusTable (carAvailability, carType, latitude, longitude, carId) values (?, ?, ?, ?, ?)
2018-08-18 08:12:14.912 DEBUG 13626 --- [    Test worker] org.hibernate.SQL                        : insert into CarStatusTable (carAvailability, carType, latitude, longitude, carId) values (?, ?, ?, ?, ?)
2018-08-18 08:12:14.912 DEBUG 13626 --- [    Test worker] org.hibernate.SQL                        : insert into CarStatusTable (carAvailability, carType, latitude, longitude, carId) values (?, ?, ?, ?, ?)
2018-08-18 08:12:14.912 DEBUG 13626 --- [    Test worker] org.hibernate.SQL                        : insert into CarStatusTable (carAvailability, carType, latitude, longitude, carId) values (?, ?, ?, ?, ?)
2018-08-18 08:12:14.913 DEBUG 13626 --- [    Test worker] org.hibernate.SQL                        : insert into CarStatusTable (carAvailability, carType, latitude, longitude, carId) values (?, ?, ?, ?, ?)
2018-08-18 08:12:14.913 DEBUG 13626 --- [    Test worker] org.hibernate.SQL                        : insert into CarStatusTable (carAvailability, carType, latitude, longitude, carId) values (?, ?, ?, ?, ?)
2018-08-18 08:12:14.913 DEBUG 13626 --- [    Test worker] org.hibernate.SQL                        : insert into CarStatusTable (carAvailability, carType, latitude, longitude, carId) values (?, ?, ?, ?, ?)
2018-08-18 08:12:14.914 DEBUG 13626 --- [    Test worker] org.hibernate.SQL                        : insert into CarStatusTable (carAvailability, carType, latitude, longitude, carId) values (?, ?, ?, ?, ?)
2018-08-18 08:12:14.914 DEBUG 13626 --- [    Test worker] org.hibernate.SQL                        : insert into CarStatusTable (carAvailability, carType, latitude, longitude, carId) values (?, ?, ?, ?, ?)
2018-08-18 08:12:14.914 DEBUG 13626 --- [    Test worker] org.hibernate.SQL                        : insert into CarStatusTable (carAvailability, carType, latitude, longitude, carId) values (?, ?, ?, ?, ?)
2018-08-18 08:12:14.915 DEBUG 13626 --- [    Test worker] org.hibernate.SQL                        : insert into CarStatusTable (carAvailability, carType, latitude, longitude, carId) values (?, ?, ?, ?, ?)
2018-08-18 08:12:14.915 DEBUG 13626 --- [    Test worker] org.hibernate.SQL                        : insert into CarStatusTable (carAvailability, carType, latitude, longitude, carId) values (?, ?, ?, ?, ?)
2018-08-18 08:12:14.915 DEBUG 13626 --- [    Test worker] org.hibernate.SQL                        : insert into CarStatusTable (carAvailability, carType, latitude, longitude, carId) values (?, ?, ?, ?, ?)
2018-08-18 08:12:14.916 DEBUG 13626 --- [    Test worker] org.hibernate.SQL                        : insert into CarStatusTable (carAvailability, carType, latitude, longitude, carId) values (?, ?, ?, ?, ?)
2018-08-18 08:12:14.916 DEBUG 13626 --- [    Test worker] org.hibernate.SQL                        : insert into CarStatusTable (carAvailability, carType, latitude, longitude, carId) values (?, ?, ?, ?, ?)
2018-08-18 08:12:14.916 DEBUG 13626 --- [    Test worker] org.hibernate.SQL                        : insert into CarStatusTable (carAvailability, carType, latitude, longitude, carId) values (?, ?, ?, ?, ?)
2018-08-18 08:12:14.917 DEBUG 13626 --- [    Test worker] org.hibernate.SQL                        : insert into CarStatusTable (carAvailability, carType, latitude, longitude, carId) values (?, ?, ?, ?, ?)
2018-08-18 08:12:14.921 DEBUG 13626 --- [    Test worker] org.hibernate.SQL                        : insert into CarStatusTable (carAvailability, carType, latitude, longitude, carId) values (?, ?, ?, ?, ?)
2018-08-18 08:12:14.922 DEBUG 13626 --- [    Test worker] org.hibernate.SQL                        : insert into CarStatusTable (carAvailability, carType, latitude, longitude, carId) values (?, ?, ?, ?, ?)
2018-08-18 08:12:14.923 DEBUG 13626 --- [    Test worker] org.hibernate.SQL                        : insert into CarStatusTable (carAvailability, carType, latitude, longitude, carId) values (?, ?, ?, ?, ?)
2018-08-18 08:12:14.924 DEBUG 13626 --- [    Test worker] org.hibernate.SQL                        : insert into CarStatusTable (carAvailability, carType, latitude, longitude, carId) values (?, ?, ?, ?, ?)
2018-08-18 08:12:14.924 DEBUG 13626 --- [    Test worker] org.hibernate.SQL                        : insert into CarStatusTable (carAvailability, carType, latitude, longitude, carId) values (?, ?, ?, ?, ?)
2018-08-18 08:12:14.925 DEBUG 13626 --- [    Test worker] org.hibernate.SQL                        : insert into CarStatusTable (carAvailability, carType, latitude, longitude, carId) values (?, ?, ?, ?, ?)
2018-08-18 08:12:14.925 DEBUG 13626 --- [    Test worker] org.hibernate.SQL                        : insert into CarStatusTable (carAvailability, carType, latitude, longitude, carId) values (?, ?, ?, ?, ?)
2018-08-18 08:12:14.926 DEBUG 13626 --- [    Test worker] org.hibernate.SQL                        : insert into CarStatusTable (carAvailability, carType, latitude, longitude, carId) values (?, ?, ?, ?, ?)
2018-08-18 08:12:14.926 DEBUG 13626 --- [    Test worker] org.hibernate.SQL                        : insert into CarStatusTable (carAvailability, carType, latitude, longitude, carId) values (?, ?, ?, ?, ?)
2018-08-18 08:12:14.926 DEBUG 13626 --- [    Test worker] org.hibernate.SQL                        : insert into CarStatusTable (carAvailability, carType, latitude, longitude, carId) values (?, ?, ?, ?, ?)
2018-08-18 08:12:14.927 DEBUG 13626 --- [    Test worker] org.hibernate.SQL                        : insert into CarStatusTable (carAvailability, carType, latitude, longitude, carId) values (?, ?, ?, ?, ?)
2018-08-18 08:12:14.927 DEBUG 13626 --- [    Test worker] org.hibernate.SQL                        : insert into CarStatusTable (carAvailability, carType, latitude, longitude, carId) values (?, ?, ?, ?, ?)
2018-08-18 08:12:14.927 DEBUG 13626 --- [    Test worker] org.hibernate.SQL                        : insert into CarStatusTable (carAvailability, carType, latitude, longitude, carId) values (?, ?, ?, ?, ?)
2018-08-18 08:12:14.928 DEBUG 13626 --- [    Test worker] org.hibernate.SQL                        : insert into CarStatusTable (carAvailability, carType, latitude, longitude, carId) values (?, ?, ?, ?, ?)
2018-08-18 08:12:14.928 DEBUG 13626 --- [    Test worker] org.hibernate.SQL                        : insert into CarStatusTable (carAvailability, carType, latitude, longitude, carId) values (?, ?, ?, ?, ?)
2018-08-18 08:12:14.928 DEBUG 13626 --- [    Test worker] org.hibernate.SQL                        : insert into CarStatusTable (carAvailability, carType, latitude, longitude, carId) values (?, ?, ?, ?, ?)
2018-08-18 08:12:14.929 DEBUG 13626 --- [    Test worker] org.hibernate.SQL                        : insert into CarStatusTable (carAvailability, carType, latitude, longitude, carId) values (?, ?, ?, ?, ?)
2018-08-18 08:12:14.929 DEBUG 13626 --- [    Test worker] org.hibernate.SQL                        : insert into CarStatusTable (carAvailability, carType, latitude, longitude, carId) values (?, ?, ?, ?, ?)
2018-08-18 08:12:14.929 DEBUG 13626 --- [    Test worker] org.hibernate.SQL                        : insert into CarStatusTable (carAvailability, carType, latitude, longitude, carId) values (?, ?, ?, ?, ?)
2018-08-18 08:12:14.930 DEBUG 13626 --- [    Test worker] org.hibernate.SQL                        : insert into CarStatusTable (carAvailability, carType, latitude, longitude, carId) values (?, ?, ?, ?, ?)
2018-08-18 08:12:14.930 DEBUG 13626 --- [    Test worker] org.hibernate.SQL                        : insert into CarStatusTable (carAvailability, carType, latitude, longitude, carId) values (?, ?, ?, ?, ?)
2018-08-18 08:12:14.931 DEBUG 13626 --- [    Test worker] org.hibernate.SQL                        : insert into CarStatusTable (carAvailability, carType, latitude, longitude, carId) values (?, ?, ?, ?, ?)
2018-08-18 08:12:14.931 DEBUG 13626 --- [    Test worker] org.hibernate.SQL                        : insert into CarStatusTable (carAvailability, carType, latitude, longitude, carId) values (?, ?, ?, ?, ?)
2018-08-18 08:12:14.931 DEBUG 13626 --- [    Test worker] org.hibernate.SQL                        : insert into CarStatusTable (carAvailability, carType, latitude, longitude, carId) values (?, ?, ?, ?, ?)
2018-08-18 08:12:14.932 DEBUG 13626 --- [    Test worker] org.hibernate.SQL                        : insert into CarStatusTable (carAvailability, carType, latitude, longitude, carId) values (?, ?, ?, ?, ?)
2018-08-18 08:12:14.932 DEBUG 13626 --- [    Test worker] org.hibernate.SQL                        : insert into CarStatusTable (carAvailability, carType, latitude, longitude, carId) values (?, ?, ?, ?, ?)
2018-08-18 08:12:14.932 DEBUG 13626 --- [    Test worker] org.hibernate.SQL                        : insert into CarStatusTable (carAvailability, carType, latitude, longitude, carId) values (?, ?, ?, ?, ?)
2018-08-18 08:12:14.933 DEBUG 13626 --- [    Test worker] org.hibernate.SQL                        : insert into CarStatusTable (carAvailability, carType, latitude, longitude, carId) values (?, ?, ?, ?, ?)
2018-08-18 08:12:14.933 DEBUG 13626 --- [    Test worker] org.hibernate.SQL                        : insert into CarStatusTable (carAvailability, carType, latitude, longitude, carId) values (?, ?, ?, ?, ?)
2018-08-18 08:12:14.933 DEBUG 13626 --- [    Test worker] org.hibernate.SQL                        : insert into CarStatusTable (carAvailability, carType, latitude, longitude, carId) values (?, ?, ?, ?, ?)
2018-08-18 08:12:14.934 DEBUG 13626 --- [    Test worker] org.hibernate.SQL                        : insert into CarStatusTable (carAvailability, carType, latitude, longitude, carId) values (?, ?, ?, ?, ?)
2018-08-18 08:12:14.934 DEBUG 13626 --- [    Test worker] org.hibernate.SQL                        : insert into CarStatusTable (carAvailability, carType, latitude, longitude, carId) values (?, ?, ?, ?, ?)
2018-08-18 08:12:14.935 DEBUG 13626 --- [    Test worker] org.hibernate.SQL                        : insert into CarStatusTable (carAvailability, carType, latitude, longitude, carId) values (?, ?, ?, ?, ?)
2018-08-18 08:12:14.935 DEBUG 13626 --- [    Test worker] org.hibernate.SQL                        : insert into CarStatusTable (carAvailability, carType, latitude, longitude, carId) values (?, ?, ?, ?, ?)
2018-08-18 08:12:14.935 DEBUG 13626 --- [    Test worker] org.hibernate.SQL                        : insert into CarStatusTable (carAvailability, carType, latitude, longitude, carId) values (?, ?, ?, ?, ?)
2018-08-18 08:12:14.936 DEBUG 13626 --- [    Test worker] org.hibernate.SQL                        : insert into CarStatusTable (carAvailability, carType, latitude, longitude, carId) values (?, ?, ?, ?, ?)
2018-08-18 08:12:14.936 DEBUG 13626 --- [    Test worker] org.hibernate.SQL                        : insert into CarStatusTable (carAvailability, carType, latitude, longitude, carId) values (?, ?, ?, ?, ?)
2018-08-18 08:12:14.936 DEBUG 13626 --- [    Test worker] org.hibernate.SQL                        : insert into CarStatusTable (carAvailability, carType, latitude, longitude, carId) values (?, ?, ?, ?, ?)
2018-08-18 08:12:14.937 DEBUG 13626 --- [    Test worker] org.hibernate.SQL                        : insert into CarStatusTable (carAvailability, carType, latitude, longitude, carId) values (?, ?, ?, ?, ?)
2018-08-18 08:12:14.937 DEBUG 13626 --- [    Test worker] org.hibernate.SQL                        : insert into CarStatusTable (carAvailability, carType, latitude, longitude, carId) values (?, ?, ?, ?, ?)
2018-08-18 08:12:14.937 DEBUG 13626 --- [    Test worker] org.hibernate.SQL                        : insert into CarStatusTable (carAvailability, carType, latitude, longitude, carId) values (?, ?, ?, ?, ?)
2018-08-18 08:12:14.938 DEBUG 13626 --- [    Test worker] org.hibernate.SQL                        : insert into CarStatusTable (carAvailability, carType, latitude, longitude, carId) values (?, ?, ?, ?, ?)
2018-08-18 08:12:14.938 DEBUG 13626 --- [    Test worker] org.hibernate.SQL                        : insert into CarStatusTable (carAvailability, carType, latitude, longitude, carId) values (?, ?, ?, ?, ?)
2018-08-18 08:12:14.939 DEBUG 13626 --- [    Test worker] org.hibernate.SQL                        : insert into CarStatusTable (carAvailability, carType, latitude, longitude, carId) values (?, ?, ?, ?, ?)
2018-08-18 08:12:14.939 DEBUG 13626 --- [    Test worker] org.hibernate.SQL                        : insert into CarStatusTable (carAvailability, carType, latitude, longitude, carId) values (?, ?, ?, ?, ?)
2018-08-18 08:12:14.939 DEBUG 13626 --- [    Test worker] org.hibernate.SQL                        : insert into CarStatusTable (carAvailability, carType, latitude, longitude, carId) values (?, ?, ?, ?, ?)
2018-08-18 08:12:14.939 DEBUG 13626 --- [    Test worker] org.hibernate.SQL                        : insert into CarStatusTable (carAvailability, carType, latitude, longitude, carId) values (?, ?, ?, ?, ?)
2018-08-18 08:12:14.940 DEBUG 13626 --- [    Test worker] org.hibernate.SQL                        : insert into CarStatusTable (carAvailability, carType, latitude, longitude, carId) values (?, ?, ?, ?, ?)
2018-08-18 08:12:14.941 DEBUG 13626 --- [    Test worker] org.hibernate.SQL                        : insert into CarStatusTable (carAvailability, carType, latitude, longitude, carId) values (?, ?, ?, ?, ?)
2018-08-18 08:12:14.941 DEBUG 13626 --- [    Test worker] org.hibernate.SQL                        : insert into CarStatusTable (carAvailability, carType, latitude, longitude, carId) values (?, ?, ?, ?, ?)
2018-08-18 08:12:14.941 DEBUG 13626 --- [    Test worker] org.hibernate.SQL                        : insert into CarStatusTable (carAvailability, carType, latitude, longitude, carId) values (?, ?, ?, ?, ?)
2018-08-18 08:12:14.942 DEBUG 13626 --- [    Test worker] org.hibernate.SQL                        : insert into CarStatusTable (carAvailability, carType, latitude, longitude, carId) values (?, ?, ?, ?, ?)
2018-08-18 08:12:14.942 DEBUG 13626 --- [    Test worker] org.hibernate.SQL                        : insert into CarStatusTable (carAvailability, carType, latitude, longitude, carId) values (?, ?, ?, ?, ?)
2018-08-18 08:12:14.943 DEBUG 13626 --- [    Test worker] org.hibernate.SQL                        : insert into CarStatusTable (carAvailability, carType, latitude, longitude, carId) values (?, ?, ?, ?, ?)
2018-08-18 08:12:14.943 DEBUG 13626 --- [    Test worker] org.hibernate.SQL                        : insert into CarStatusTable (carAvailability, carType, latitude, longitude, carId) values (?, ?, ?, ?, ?)
2018-08-18 08:12:14.943 DEBUG 13626 --- [    Test worker] org.hibernate.SQL                        : insert into CarStatusTable (carAvailability, carType, latitude, longitude, carId) values (?, ?, ?, ?, ?)
2018-08-18 08:12:14.944 DEBUG 13626 --- [    Test worker] org.hibernate.SQL                        : insert into CarStatusTable (carAvailability, carType, latitude, longitude, carId) values (?, ?, ?, ?, ?)
2018-08-18 08:12:14.944 DEBUG 13626 --- [    Test worker] org.hibernate.SQL                        : insert into CarStatusTable (carAvailability, carType, latitude, longitude, carId) values (?, ?, ?, ?, ?)
2018-08-18 08:12:14.944 DEBUG 13626 --- [    Test worker] org.hibernate.SQL                        : insert into CarStatusTable (carAvailability, carType, latitude, longitude, carId) values (?, ?, ?, ?, ?)
2018-08-18 08:12:14.945 DEBUG 13626 --- [    Test worker] org.hibernate.SQL                        : insert into CarStatusTable (carAvailability, carType, latitude, longitude, carId) values (?, ?, ?, ?, ?)
2018-08-18 08:12:14.945 DEBUG 13626 --- [    Test worker] org.hibernate.SQL                        : insert into CarStatusTable (carAvailability, carType, latitude, longitude, carId) values (?, ?, ?, ?, ?)
2018-08-18 08:12:14.945 DEBUG 13626 --- [    Test worker] org.hibernate.SQL                        : insert into CarStatusTable (carAvailability, carType, latitude, longitude, carId) values (?, ?, ?, ?, ?)
2018-08-18 08:12:14.946 DEBUG 13626 --- [    Test worker] org.hibernate.SQL                        : insert into CarStatusTable (carAvailability, carType, latitude, longitude, carId) values (?, ?, ?, ?, ?)
2018-08-18 08:12:14.946 DEBUG 13626 --- [    Test worker] org.hibernate.SQL                        : insert into CarStatusTable (carAvailability, carType, latitude, longitude, carId) values (?, ?, ?, ?, ?)
2018-08-18 08:12:14.947 DEBUG 13626 --- [    Test worker] org.hibernate.SQL                        : insert into CarStatusTable (carAvailability, carType, latitude, longitude, carId) values (?, ?, ?, ?, ?)
2018-08-18 08:12:14.947 DEBUG 13626 --- [    Test worker] org.hibernate.SQL                        : insert into CarStatusTable (carAvailability, carType, latitude, longitude, carId) values (?, ?, ?, ?, ?)
2018-08-18 08:12:14.947 DEBUG 13626 --- [    Test worker] org.hibernate.SQL                        : insert into CarStatusTable (carAvailability, carType, latitude, longitude, carId) values (?, ?, ?, ?, ?)
2018-08-18 08:12:14.948 DEBUG 13626 --- [    Test worker] org.hibernate.SQL                        : insert into CarStatusTable (carAvailability, carType, latitude, longitude, carId) values (?, ?, ?, ?, ?)
2018-08-18 08:12:14.948 DEBUG 13626 --- [    Test worker] org.hibernate.SQL                        : insert into CarStatusTable (carAvailability, carType, latitude, longitude, carId) values (?, ?, ?, ?, ?)
2018-08-18 08:12:14.948 DEBUG 13626 --- [    Test worker] org.hibernate.SQL                        : insert into CarStatusTable (carAvailability, carType, latitude, longitude, carId) values (?, ?, ?, ?, ?)
2018-08-18 08:12:14.948 DEBUG 13626 --- [    Test worker] org.hibernate.SQL                        : insert into CarStatusTable (carAvailability, carType, latitude, longitude, carId) values (?, ?, ?, ?, ?)
2018-08-18 08:12:14.949 DEBUG 13626 --- [    Test worker] org.hibernate.SQL                        : insert into CarStatusTable (carAvailability, carType, latitude, longitude, carId) values (?, ?, ?, ?, ?)
2018-08-18 08:12:14.949 DEBUG 13626 --- [    Test worker] org.hibernate.SQL                        : insert into CarStatusTable (carAvailability, carType, latitude, longitude, carId) values (?, ?, ?, ?, ?)
2018-08-18 08:12:14.949 DEBUG 13626 --- [    Test worker] org.hibernate.SQL                        : insert into CarStatusTable (carAvailability, carType, latitude, longitude, carId) values (?, ?, ?, ?, ?)
2018-08-18 08:12:14.950 DEBUG 13626 --- [    Test worker] org.hibernate.SQL                        : insert into CarStatusTable (carAvailability, carType, latitude, longitude, carId) values (?, ?, ?, ?, ?)
2018-08-18 08:12:14.950 DEBUG 13626 --- [    Test worker] org.hibernate.SQL                        : insert into CarStatusTable (carAvailability, carType, latitude, longitude, carId) values (?, ?, ?, ?, ?)
2018-08-18 08:12:14.951 DEBUG 13626 --- [    Test worker] org.hibernate.SQL                        : insert into CarStatusTable (carAvailability, carType, latitude, longitude, carId) values (?, ?, ?, ?, ?)
2018-08-18 08:12:14.951 DEBUG 13626 --- [    Test worker] org.hibernate.SQL                        : insert into CarStatusTable (carAvailability, carType, latitude, longitude, carId) values (?, ?, ?, ?, ?)
2018-08-18 08:12:14.951 DEBUG 13626 --- [    Test worker] org.hibernate.SQL                        : insert into CarStatusTable (carAvailability, carType, latitude, longitude, carId) values (?, ?, ?, ?, ?)
2018-08-18 08:12:14.952 DEBUG 13626 --- [    Test worker] org.hibernate.SQL                        : insert into CarStatusTable (carAvailability, carType, latitude, longitude, carId) values (?, ?, ?, ?, ?)
2018-08-18 08:12:14.952 DEBUG 13626 --- [    Test worker] org.hibernate.SQL                        : insert into CarStatusTable (carAvailability, carType, latitude, longitude, carId) values (?, ?, ?, ?, ?)
2018-08-18 08:12:14.952 DEBUG 13626 --- [    Test worker] org.hibernate.SQL                        : insert into CarStatusTable (carAvailability, carType, latitude, longitude, carId) values (?, ?, ?, ?, ?)
2018-08-18 08:12:14.953 DEBUG 13626 --- [    Test worker] org.hibernate.SQL                        : insert into CarStatusTable (carAvailability, carType, latitude, longitude, carId) values (?, ?, ?, ?, ?)
2018-08-18 08:12:14.953 DEBUG 13626 --- [    Test worker] org.hibernate.SQL                        : insert into CarStatusTable (carAvailability, carType, latitude, longitude, carId) values (?, ?, ?, ?, ?)
2018-08-18 08:12:14.953 DEBUG 13626 --- [    Test worker] org.hibernate.SQL                        : insert into CarStatusTable (carAvailability, carType, latitude, longitude, carId) values (?, ?, ?, ?, ?)
2018-08-18 08:12:14.954 DEBUG 13626 --- [    Test worker] org.hibernate.SQL                        : insert into CarStatusTable (carAvailability, carType, latitude, longitude, carId) values (?, ?, ?, ?, ?)
2018-08-18 08:12:14.954 DEBUG 13626 --- [    Test worker] org.hibernate.SQL                        : insert into CarStatusTable (carAvailability, carType, latitude, longitude, carId) values (?, ?, ?, ?, ?)
2018-08-18 08:12:14.954 DEBUG 13626 --- [    Test worker] org.hibernate.SQL                        : insert into CarStatusTable (carAvailability, carType, latitude, longitude, carId) values (?, ?, ?, ?, ?)
2018-08-18 08:12:14.955 DEBUG 13626 --- [    Test worker] org.hibernate.SQL                        : insert into CarStatusTable (carAvailability, carType, latitude, longitude, carId) values (?, ?, ?, ?, ?)
2018-08-18 08:12:14.955 DEBUG 13626 --- [    Test worker] org.hibernate.SQL                        : insert into CarStatusTable (carAvailability, carType, latitude, longitude, carId) values (?, ?, ?, ?, ?)
2018-08-18 08:12:14.955 DEBUG 13626 --- [    Test worker] org.hibernate.SQL                        : insert into CarStatusTable (carAvailability, carType, latitude, longitude, carId) values (?, ?, ?, ?, ?)
2018-08-18 08:12:14.956 DEBUG 13626 --- [    Test worker] org.hibernate.SQL                        : insert into CarStatusTable (carAvailability, carType, latitude, longitude, carId) values (?, ?, ?, ?, ?)
2018-08-18 08:12:14.956 DEBUG 13626 --- [    Test worker] org.hibernate.SQL                        : insert into CarStatusTable (carAvailability, carType, latitude, longitude, carId) values (?, ?, ?, ?, ?)
2018-08-18 08:12:14.956 DEBUG 13626 --- [    Test worker] org.hibernate.SQL                        : insert into CarStatusTable (carAvailability, carType, latitude, longitude, carId) values (?, ?, ?, ?, ?)
2018-08-18 08:12:14.957 DEBUG 13626 --- [    Test worker] org.hibernate.SQL                        : insert into CarStatusTable (carAvailability, carType, latitude, longitude, carId) values (?, ?, ?, ?, ?)
2018-08-18 08:12:14.957 DEBUG 13626 --- [    Test worker] org.hibernate.SQL                        : insert into CarStatusTable (carAvailability, carType, latitude, longitude, carId) values (?, ?, ?, ?, ?)
2018-08-18 08:12:14.957 DEBUG 13626 --- [    Test worker] org.hibernate.SQL                        : insert into CarStatusTable (carAvailability, carType, latitude, longitude, carId) values (?, ?, ?, ?, ?)
2018-08-18 08:12:14.958 DEBUG 13626 --- [    Test worker] org.hibernate.SQL                        : insert into CarStatusTable (carAvailability, carType, latitude, longitude, carId) values (?, ?, ?, ?, ?)
2018-08-18 08:12:14.958 DEBUG 13626 --- [    Test worker] org.hibernate.SQL                        : insert into CarStatusTable (carAvailability, carType, latitude, longitude, carId) values (?, ?, ?, ?, ?)
2018-08-18 08:12:14.958 DEBUG 13626 --- [    Test worker] org.hibernate.SQL                        : insert into CarStatusTable (carAvailability, carType, latitude, longitude, carId) values (?, ?, ?, ?, ?)
2018-08-18 08:12:14.959 DEBUG 13626 --- [    Test worker] org.hibernate.SQL                        : insert into CarStatusTable (carAvailability, carType, latitude, longitude, carId) values (?, ?, ?, ?, ?)
2018-08-18 08:12:14.959 DEBUG 13626 --- [    Test worker] org.hibernate.SQL                        : insert into CarStatusTable (carAvailability, carType, latitude, longitude, carId) values (?, ?, ?, ?, ?)
2018-08-18 08:12:14.959 DEBUG 13626 --- [    Test worker] org.hibernate.SQL                        : insert into CarStatusTable (carAvailability, carType, latitude, longitude, carId) values (?, ?, ?, ?, ?)
2018-08-18 08:12:14.960 DEBUG 13626 --- [    Test worker] org.hibernate.SQL                        : insert into CarStatusTable (carAvailability, carType, latitude, longitude, carId) values (?, ?, ?, ?, ?)
2018-08-18 08:12:14.960 DEBUG 13626 --- [    Test worker] org.hibernate.SQL                        : insert into CarStatusTable (carAvailability, carType, latitude, longitude, carId) values (?, ?, ?, ?, ?)
2018-08-18 08:12:14.960 DEBUG 13626 --- [    Test worker] org.hibernate.SQL                        : insert into CarStatusTable (carAvailability, carType, latitude, longitude, carId) values (?, ?, ?, ?, ?)
2018-08-18 08:12:14.961 DEBUG 13626 --- [    Test worker] org.hibernate.SQL                        : insert into CarStatusTable (carAvailability, carType, latitude, longitude, carId) values (?, ?, ?, ?, ?)
2018-08-18 08:12:14.961 DEBUG 13626 --- [    Test worker] org.hibernate.SQL                        : insert into CarStatusTable (carAvailability, carType, latitude, longitude, carId) values (?, ?, ?, ?, ?)
2018-08-18 08:12:14.961 DEBUG 13626 --- [    Test worker] org.hibernate.SQL                        : insert into CarStatusTable (carAvailability, carType, latitude, longitude, carId) values (?, ?, ?, ?, ?)
2018-08-18 08:12:14.962 DEBUG 13626 --- [    Test worker] org.hibernate.SQL                        : insert into CarStatusTable (carAvailability, carType, latitude, longitude, carId) values (?, ?, ?, ?, ?)
2018-08-18 08:12:14.962 DEBUG 13626 --- [    Test worker] org.hibernate.SQL                        : insert into CarStatusTable (carAvailability, carType, latitude, longitude, carId) values (?, ?, ?, ?, ?)
2018-08-18 08:12:14.963 DEBUG 13626 --- [    Test worker] org.hibernate.SQL                        : insert into CarStatusTable (carAvailability, carType, latitude, longitude, carId) values (?, ?, ?, ?, ?)
2018-08-18 08:12:14.963 DEBUG 13626 --- [    Test worker] org.hibernate.SQL                        : insert into CarStatusTable (carAvailability, carType, latitude, longitude, carId) values (?, ?, ?, ?, ?)
2018-08-18 08:12:14.963 DEBUG 13626 --- [    Test worker] org.hibernate.SQL                        : insert into CarStatusTable (carAvailability, carType, latitude, longitude, carId) values (?, ?, ?, ?, ?)
2018-08-18 08:12:14.964 DEBUG 13626 --- [    Test worker] org.hibernate.SQL                        : insert into CarStatusTable (carAvailability, carType, latitude, longitude, carId) values (?, ?, ?, ?, ?)
2018-08-18 08:12:14.964 DEBUG 13626 --- [    Test worker] org.hibernate.SQL                        : insert into CarStatusTable (carAvailability, carType, latitude, longitude, carId) values (?, ?, ?, ?, ?)
2018-08-18 08:12:14.964 DEBUG 13626 --- [    Test worker] org.hibernate.SQL                        : insert into CarStatusTable (carAvailability, carType, latitude, longitude, carId) values (?, ?, ?, ?, ?)
2018-08-18 08:12:14.965 DEBUG 13626 --- [    Test worker] org.hibernate.SQL                        : insert into CarStatusTable (carAvailability, carType, latitude, longitude, carId) values (?, ?, ?, ?, ?)
2018-08-18 08:12:14.965 DEBUG 13626 --- [    Test worker] org.hibernate.SQL                        : insert into CarStatusTable (carAvailability, carType, latitude, longitude, carId) values (?, ?, ?, ?, ?)
2018-08-18 08:12:14.965 DEBUG 13626 --- [    Test worker] org.hibernate.SQL                        : insert into CarStatusTable (carAvailability, carType, latitude, longitude, carId) values (?, ?, ?, ?, ?)
2018-08-18 08:12:14.966 DEBUG 13626 --- [    Test worker] org.hibernate.SQL                        : insert into CarStatusTable (carAvailability, carType, latitude, longitude, carId) values (?, ?, ?, ?, ?)
2018-08-18 08:12:14.966 DEBUG 13626 --- [    Test worker] org.hibernate.SQL                        : insert into CarStatusTable (carAvailability, carType, latitude, longitude, carId) values (?, ?, ?, ?, ?)
2018-08-18 08:12:14.966 DEBUG 13626 --- [    Test worker] org.hibernate.SQL                        : insert into CarStatusTable (carAvailability, carType, latitude, longitude, carId) values (?, ?, ?, ?, ?)
2018-08-18 08:12:14.967 DEBUG 13626 --- [    Test worker] org.hibernate.SQL                        : insert into CarStatusTable (carAvailability, carType, latitude, longitude, carId) values (?, ?, ?, ?, ?)
2018-08-18 08:12:14.967 DEBUG 13626 --- [    Test worker] org.hibernate.SQL                        : insert into CarStatusTable (carAvailability, carType, latitude, longitude, carId) values (?, ?, ?, ?, ?)
2018-08-18 08:12:14.967 DEBUG 13626 --- [    Test worker] org.hibernate.SQL                        : insert into CarStatusTable (carAvailability, carType, latitude, longitude, carId) values (?, ?, ?, ?, ?)
2018-08-18 08:12:14.968 DEBUG 13626 --- [    Test worker] org.hibernate.SQL                        : insert into CarStatusTable (carAvailability, carType, latitude, longitude, carId) values (?, ?, ?, ?, ?)
2018-08-18 08:12:14.968 DEBUG 13626 --- [    Test worker] org.hibernate.SQL                        : insert into CarStatusTable (carAvailability, carType, latitude, longitude, carId) values (?, ?, ?, ?, ?)
2018-08-18 08:12:14.968 DEBUG 13626 --- [    Test worker] org.hibernate.SQL                        : insert into CarStatusTable (carAvailability, carType, latitude, longitude, carId) values (?, ?, ?, ?, ?)
2018-08-18 08:12:14.969 DEBUG 13626 --- [    Test worker] org.hibernate.SQL                        : insert into CarStatusTable (carAvailability, carType, latitude, longitude, carId) values (?, ?, ?, ?, ?)
2018-08-18 08:12:14.969 DEBUG 13626 --- [    Test worker] org.hibernate.SQL                        : insert into CarStatusTable (carAvailability, carType, latitude, longitude, carId) values (?, ?, ?, ?, ?)
2018-08-18 08:12:14.969 DEBUG 13626 --- [    Test worker] org.hibernate.SQL                        : insert into CarStatusTable (carAvailability, carType, latitude, longitude, carId) values (?, ?, ?, ?, ?)
2018-08-18 08:12:14.970 DEBUG 13626 --- [    Test worker] org.hibernate.SQL                        : insert into CarStatusTable (carAvailability, carType, latitude, longitude, carId) values (?, ?, ?, ?, ?)
2018-08-18 08:12:14.970 DEBUG 13626 --- [    Test worker] org.hibernate.SQL                        : insert into CarStatusTable (carAvailability, carType, latitude, longitude, carId) values (?, ?, ?, ?, ?)
2018-08-18 08:12:14.970 DEBUG 13626 --- [    Test worker] org.hibernate.SQL                        : insert into CarStatusTable (carAvailability, carType, latitude, longitude, carId) values (?, ?, ?, ?, ?)
2018-08-18 08:12:14.971 DEBUG 13626 --- [    Test worker] org.hibernate.SQL                        : insert into CarStatusTable (carAvailability, carType, latitude, longitude, carId) values (?, ?, ?, ?, ?)
2018-08-18 08:12:14.971 DEBUG 13626 --- [    Test worker] org.hibernate.SQL                        : insert into CarStatusTable (carAvailability, carType, latitude, longitude, carId) values (?, ?, ?, ?, ?)
2018-08-18 08:12:14.971 DEBUG 13626 --- [    Test worker] org.hibernate.SQL                        : insert into CarStatusTable (carAvailability, carType, latitude, longitude, carId) values (?, ?, ?, ?, ?)
2018-08-18 08:12:14.972 DEBUG 13626 --- [    Test worker] org.hibernate.SQL                        : insert into CarStatusTable (carAvailability, carType, latitude, longitude, carId) values (?, ?, ?, ?, ?)
2018-08-18 08:12:14.972 DEBUG 13626 --- [    Test worker] org.hibernate.SQL                        : insert into CarStatusTable (carAvailability, carType, latitude, longitude, carId) values (?, ?, ?, ?, ?)
2018-08-18 08:12:14.973 DEBUG 13626 --- [    Test worker] org.hibernate.SQL                        : insert into CarStatusTable (carAvailability, carType, latitude, longitude, carId) values (?, ?, ?, ?, ?)
2018-08-18 08:12:14.973 DEBUG 13626 --- [    Test worker] org.hibernate.SQL                        : insert into CarStatusTable (carAvailability, carType, latitude, longitude, carId) values (?, ?, ?, ?, ?)
2018-08-18 08:12:14.973 DEBUG 13626 --- [    Test worker] org.hibernate.SQL                        : insert into CarStatusTable (carAvailability, carType, latitude, longitude, carId) values (?, ?, ?, ?, ?)
2018-08-18 08:12:14.974 DEBUG 13626 --- [    Test worker] org.hibernate.SQL                        : insert into CarStatusTable (carAvailability, carType, latitude, longitude, carId) values (?, ?, ?, ?, ?)
2018-08-18 08:12:14.974 DEBUG 13626 --- [    Test worker] org.hibernate.SQL                        : insert into CarStatusTable (carAvailability, carType, latitude, longitude, carId) values (?, ?, ?, ?, ?)
2018-08-18 08:12:14.974 DEBUG 13626 --- [    Test worker] org.hibernate.SQL                        : insert into CarStatusTable (carAvailability, carType, latitude, longitude, carId) values (?, ?, ?, ?, ?)
2018-08-18 08:12:14.975 DEBUG 13626 --- [    Test worker] org.hibernate.SQL                        : insert into CarStatusTable (carAvailability, carType, latitude, longitude, carId) values (?, ?, ?, ?, ?)
2018-08-18 08:12:14.975 DEBUG 13626 --- [    Test worker] org.hibernate.SQL                        : insert into CarStatusTable (carAvailability, carType, latitude, longitude, carId) values (?, ?, ?, ?, ?)
2018-08-18 08:12:14.975 DEBUG 13626 --- [    Test worker] org.hibernate.SQL                        : insert into CarStatusTable (carAvailability, carType, latitude, longitude, carId) values (?, ?, ?, ?, ?)
2018-08-18 08:12:14.976 DEBUG 13626 --- [    Test worker] org.hibernate.SQL                        : insert into CarStatusTable (carAvailability, carType, latitude, longitude, carId) values (?, ?, ?, ?, ?)
2018-08-18 08:12:14.976 DEBUG 13626 --- [    Test worker] org.hibernate.SQL                        : insert into CarStatusTable (carAvailability, carType, latitude, longitude, carId) values (?, ?, ?, ?, ?)
2018-08-18 08:12:14.976 DEBUG 13626 --- [    Test worker] org.hibernate.SQL                        : insert into CarStatusTable (carAvailability, carType, latitude, longitude, carId) values (?, ?, ?, ?, ?)
2018-08-18 08:12:14.977 DEBUG 13626 --- [    Test worker] org.hibernate.SQL                        : insert into CarStatusTable (carAvailability, carType, latitude, longitude, carId) values (?, ?, ?, ?, ?)
2018-08-18 08:12:14.977 DEBUG 13626 --- [    Test worker] org.hibernate.SQL                        : insert into CarStatusTable (carAvailability, carType, latitude, longitude, carId) values (?, ?, ?, ?, ?)
2018-08-18 08:12:14.978 DEBUG 13626 --- [    Test worker] org.hibernate.SQL                        : insert into CarStatusTable (carAvailability, carType, latitude, longitude, carId) values (?, ?, ?, ?, ?)
2018-08-18 08:12:14.978 DEBUG 13626 --- [    Test worker] org.hibernate.SQL                        : insert into CarStatusTable (carAvailability, carType, latitude, longitude, carId) values (?, ?, ?, ?, ?)
2018-08-18 08:12:14.978 DEBUG 13626 --- [    Test worker] org.hibernate.SQL                        : insert into CarStatusTable (carAvailability, carType, latitude, longitude, carId) values (?, ?, ?, ?, ?)
2018-08-18 08:12:14.979 DEBUG 13626 --- [    Test worker] org.hibernate.SQL                        : insert into CarStatusTable (carAvailability, carType, latitude, longitude, carId) values (?, ?, ?, ?, ?)
2018-08-18 08:12:14.979 DEBUG 13626 --- [    Test worker] org.hibernate.SQL                        : insert into CarStatusTable (carAvailability, carType, latitude, longitude, carId) values (?, ?, ?, ?, ?)
2018-08-18 08:12:14.979 DEBUG 13626 --- [    Test worker] org.hibernate.SQL                        : insert into CarStatusTable (carAvailability, carType, latitude, longitude, carId) values (?, ?, ?, ?, ?)
2018-08-18 08:12:14.980 DEBUG 13626 --- [    Test worker] org.hibernate.SQL                        : insert into CarStatusTable (carAvailability, carType, latitude, longitude, carId) values (?, ?, ?, ?, ?)
2018-08-18 08:12:14.980 DEBUG 13626 --- [    Test worker] org.hibernate.SQL                        : insert into CarStatusTable (carAvailability, carType, latitude, longitude, carId) values (?, ?, ?, ?, ?)
2018-08-18 08:12:14.980 DEBUG 13626 --- [    Test worker] org.hibernate.SQL                        : insert into CarStatusTable (carAvailability, carType, latitude, longitude, carId) values (?, ?, ?, ?, ?)
2018-08-18 08:12:14.981 DEBUG 13626 --- [    Test worker] org.hibernate.SQL                        : insert into CarStatusTable (carAvailability, carType, latitude, longitude, carId) values (?, ?, ?, ?, ?)
2018-08-18 08:12:14.981 DEBUG 13626 --- [    Test worker] org.hibernate.SQL                        : insert into CarStatusTable (carAvailability, carType, latitude, longitude, carId) values (?, ?, ?, ?, ?)
2018-08-18 08:12:14.982 DEBUG 13626 --- [    Test worker] org.hibernate.SQL                        : insert into CarStatusTable (carAvailability, carType, latitude, longitude, carId) values (?, ?, ?, ?, ?)
2018-08-18 08:12:14.982 DEBUG 13626 --- [    Test worker] org.hibernate.SQL                        : insert into CarStatusTable (carAvailability, carType, latitude, longitude, carId) values (?, ?, ?, ?, ?)
2018-08-18 08:12:14.983 DEBUG 13626 --- [    Test worker] org.hibernate.SQL                        : insert into CarStatusTable (carAvailability, carType, latitude, longitude, carId) values (?, ?, ?, ?, ?)
2018-08-18 08:12:14.983 DEBUG 13626 --- [    Test worker] org.hibernate.SQL                        : insert into CarStatusTable (carAvailability, carType, latitude, longitude, carId) values (?, ?, ?, ?, ?)
2018-08-18 08:12:14.983 DEBUG 13626 --- [    Test worker] org.hibernate.SQL                        : insert into CarStatusTable (carAvailability, carType, latitude, longitude, carId) values (?, ?, ?, ?, ?)
2018-08-18 08:12:14.984 DEBUG 13626 --- [    Test worker] org.hibernate.SQL                        : insert into CarStatusTable (carAvailability, carType, latitude, longitude, carId) values (?, ?, ?, ?, ?)
2018-08-18 08:12:14.984 DEBUG 13626 --- [    Test worker] org.hibernate.SQL                        : insert into CarStatusTable (carAvailability, carType, latitude, longitude, carId) values (?, ?, ?, ?, ?)
2018-08-18 08:12:14.984 DEBUG 13626 --- [    Test worker] org.hibernate.SQL                        : insert into CarStatusTable (carAvailability, carType, latitude, longitude, carId) values (?, ?, ?, ?, ?)
2018-08-18 08:12:14.984 DEBUG 13626 --- [    Test worker] org.hibernate.SQL                        : insert into CarStatusTable (carAvailability, carType, latitude, longitude, carId) values (?, ?, ?, ?, ?)
2018-08-18 08:12:14.985 DEBUG 13626 --- [    Test worker] org.hibernate.SQL                        : insert into CarStatusTable (carAvailability, carType, latitude, longitude, carId) values (?, ?, ?, ?, ?)
2018-08-18 08:12:14.985 DEBUG 13626 --- [    Test worker] org.hibernate.SQL                        : insert into CarStatusTable (carAvailability, carType, latitude, longitude, carId) values (?, ?, ?, ?, ?)
2018-08-18 08:12:14.985 DEBUG 13626 --- [    Test worker] org.hibernate.SQL                        : insert into CarStatusTable (carAvailability, carType, latitude, longitude, carId) values (?, ?, ?, ?, ?)
2018-08-18 08:12:14.986 DEBUG 13626 --- [    Test worker] org.hibernate.SQL                        : insert into CarStatusTable (carAvailability, carType, latitude, longitude, carId) values (?, ?, ?, ?, ?)
2018-08-18 08:12:14.986 DEBUG 13626 --- [    Test worker] org.hibernate.SQL                        : insert into CarStatusTable (carAvailability, carType, latitude, longitude, carId) values (?, ?, ?, ?, ?)
2018-08-18 08:12:14.986 DEBUG 13626 --- [    Test worker] org.hibernate.SQL                        : insert into CarStatusTable (carAvailability, carType, latitude, longitude, carId) values (?, ?, ?, ?, ?)
2018-08-18 08:12:14.987 DEBUG 13626 --- [    Test worker] org.hibernate.SQL                        : insert into CarStatusTable (carAvailability, carType, latitude, longitude, carId) values (?, ?, ?, ?, ?)
2018-08-18 08:12:14.987 DEBUG 13626 --- [    Test worker] org.hibernate.SQL                        : insert into CarStatusTable (carAvailability, carType, latitude, longitude, carId) values (?, ?, ?, ?, ?)
2018-08-18 08:12:14.988 DEBUG 13626 --- [    Test worker] org.hibernate.SQL                        : insert into CarStatusTable (carAvailability, carType, latitude, longitude, carId) values (?, ?, ?, ?, ?)
2018-08-18 08:12:14.988 DEBUG 13626 --- [    Test worker] org.hibernate.SQL                        : insert into CarStatusTable (carAvailability, carType, latitude, longitude, carId) values (?, ?, ?, ?, ?)
2018-08-18 08:12:14.988 DEBUG 13626 --- [    Test worker] org.hibernate.SQL                        : insert into CarStatusTable (carAvailability, carType, latitude, longitude, carId) values (?, ?, ?, ?, ?)
2018-08-18 08:12:14.989 DEBUG 13626 --- [    Test worker] org.hibernate.SQL                        : insert into CarStatusTable (carAvailability, carType, latitude, longitude, carId) values (?, ?, ?, ?, ?)
2018-08-18 08:12:14.989 DEBUG 13626 --- [    Test worker] org.hibernate.SQL                        : insert into CarStatusTable (carAvailability, carType, latitude, longitude, carId) values (?, ?, ?, ?, ?)
2018-08-18 08:12:14.990 DEBUG 13626 --- [    Test worker] org.hibernate.SQL                        : insert into CarStatusTable (carAvailability, carType, latitude, longitude, carId) values (?, ?, ?, ?, ?)
2018-08-18 08:12:14.990 DEBUG 13626 --- [    Test worker] org.hibernate.SQL                        : insert into CarStatusTable (carAvailability, carType, latitude, longitude, carId) values (?, ?, ?, ?, ?)
2018-08-18 08:12:14.990 DEBUG 13626 --- [    Test worker] org.hibernate.SQL                        : insert into CarStatusTable (carAvailability, carType, latitude, longitude, carId) values (?, ?, ?, ?, ?)
2018-08-18 08:12:14.991 DEBUG 13626 --- [    Test worker] org.hibernate.SQL                        : insert into CarStatusTable (carAvailability, carType, latitude, longitude, carId) values (?, ?, ?, ?, ?)
2018-08-18 08:12:14.991 DEBUG 13626 --- [    Test worker] org.hibernate.SQL                        : insert into CarStatusTable (carAvailability, carType, latitude, longitude, carId) values (?, ?, ?, ?, ?)
2018-08-18 08:12:14.991 DEBUG 13626 --- [    Test worker] org.hibernate.SQL                        : insert into CarStatusTable (carAvailability, carType, latitude, longitude, carId) values (?, ?, ?, ?, ?)
2018-08-18 08:12:14.992 DEBUG 13626 --- [    Test worker] org.hibernate.SQL                        : insert into CarStatusTable (carAvailability, carType, latitude, longitude, carId) values (?, ?, ?, ?, ?)
2018-08-18 08:12:14.992 DEBUG 13626 --- [    Test worker] org.hibernate.SQL                        : insert into CarStatusTable (carAvailability, carType, latitude, longitude, carId) values (?, ?, ?, ?, ?)
2018-08-18 08:12:14.993 DEBUG 13626 --- [    Test worker] org.hibernate.SQL                        : insert into CarStatusTable (carAvailability, carType, latitude, longitude, carId) values (?, ?, ?, ?, ?)
2018-08-18 08:12:14.993 DEBUG 13626 --- [    Test worker] org.hibernate.SQL                        : insert into CarStatusTable (carAvailability, carType, latitude, longitude, carId) values (?, ?, ?, ?, ?)
2018-08-18 08:12:14.993 DEBUG 13626 --- [    Test worker] org.hibernate.SQL                        : insert into CarStatusTable (carAvailability, carType, latitude, longitude, carId) values (?, ?, ?, ?, ?)
2018-08-18 08:12:14.993 DEBUG 13626 --- [    Test worker] org.hibernate.SQL                        : insert into CarStatusTable (carAvailability, carType, latitude, longitude, carId) values (?, ?, ?, ?, ?)
2018-08-18 08:12:14.994 DEBUG 13626 --- [    Test worker] org.hibernate.SQL                        : insert into CarStatusTable (carAvailability, carType, latitude, longitude, carId) values (?, ?, ?, ?, ?)
2018-08-18 08:12:14.994 DEBUG 13626 --- [    Test worker] org.hibernate.SQL                        : insert into CarStatusTable (carAvailability, carType, latitude, longitude, carId) values (?, ?, ?, ?, ?)
2018-08-18 08:12:14.994 DEBUG 13626 --- [    Test worker] org.hibernate.SQL                        : insert into CarStatusTable (carAvailability, carType, latitude, longitude, carId) values (?, ?, ?, ?, ?)
2018-08-18 08:12:14.995 DEBUG 13626 --- [    Test worker] org.hibernate.SQL                        : insert into CarStatusTable (carAvailability, carType, latitude, longitude, carId) values (?, ?, ?, ?, ?)
2018-08-18 08:12:14.995 DEBUG 13626 --- [    Test worker] org.hibernate.SQL                        : insert into CarStatusTable (carAvailability, carType, latitude, longitude, carId) values (?, ?, ?, ?, ?)
2018-08-18 08:12:14.995 DEBUG 13626 --- [    Test worker] org.hibernate.SQL                        : insert into CarStatusTable (carAvailability, carType, latitude, longitude, carId) values (?, ?, ?, ?, ?)
2018-08-18 08:12:14.996 DEBUG 13626 --- [    Test worker] org.hibernate.SQL                        : insert into CarStatusTable (carAvailability, carType, latitude, longitude, carId) values (?, ?, ?, ?, ?)
2018-08-18 08:12:14.996 DEBUG 13626 --- [    Test worker] org.hibernate.SQL                        : insert into CarStatusTable (carAvailability, carType, latitude, longitude, carId) values (?, ?, ?, ?, ?)
2018-08-18 08:12:14.996 DEBUG 13626 --- [    Test worker] org.hibernate.SQL                        : insert into CarStatusTable (carAvailability, carType, latitude, longitude, carId) values (?, ?, ?, ?, ?)
2018-08-18 08:12:14.997 DEBUG 13626 --- [    Test worker] org.hibernate.SQL                        : insert into CarStatusTable (carAvailability, carType, latitude, longitude, carId) values (?, ?, ?, ?, ?)
2018-08-18 08:12:14.997 DEBUG 13626 --- [    Test worker] org.hibernate.SQL                        : insert into CarStatusTable (carAvailability, carType, latitude, longitude, carId) values (?, ?, ?, ?, ?)
2018-08-18 08:12:14.997 DEBUG 13626 --- [    Test worker] org.hibernate.SQL                        : insert into CarStatusTable (carAvailability, carType, latitude, longitude, carId) values (?, ?, ?, ?, ?)
2018-08-18 08:12:14.998 DEBUG 13626 --- [    Test worker] org.hibernate.SQL                        : insert into CarStatusTable (carAvailability, carType, latitude, longitude, carId) values (?, ?, ?, ?, ?)
2018-08-18 08:12:14.998 DEBUG 13626 --- [    Test worker] org.hibernate.SQL                        : insert into CarStatusTable (carAvailability, carType, latitude, longitude, carId) values (?, ?, ?, ?, ?)
2018-08-18 08:12:14.999 DEBUG 13626 --- [    Test worker] org.hibernate.SQL                        : insert into CarStatusTable (carAvailability, carType, latitude, longitude, carId) values (?, ?, ?, ?, ?)
2018-08-18 08:12:14.999 DEBUG 13626 --- [    Test worker] org.hibernate.SQL                        : insert into CarStatusTable (carAvailability, carType, latitude, longitude, carId) values (?, ?, ?, ?, ?)
2018-08-18 08:12:14.999 DEBUG 13626 --- [    Test worker] org.hibernate.SQL                        : insert into CarStatusTable (carAvailability, carType, latitude, longitude, carId) values (?, ?, ?, ?, ?)
2018-08-18 08:12:15.000 DEBUG 13626 --- [    Test worker] org.hibernate.SQL                        : insert into CarStatusTable (carAvailability, carType, latitude, longitude, carId) values (?, ?, ?, ?, ?)
2018-08-18 08:12:15.000 DEBUG 13626 --- [    Test worker] org.hibernate.SQL                        : insert into CarStatusTable (carAvailability, carType, latitude, longitude, carId) values (?, ?, ?, ?, ?)
2018-08-18 08:12:15.000 DEBUG 13626 --- [    Test worker] org.hibernate.SQL                        : insert into CarStatusTable (carAvailability, carType, latitude, longitude, carId) values (?, ?, ?, ?, ?)
2018-08-18 08:12:15.001 DEBUG 13626 --- [    Test worker] org.hibernate.SQL                        : insert into CarStatusTable (carAvailability, carType, latitude, longitude, carId) values (?, ?, ?, ?, ?)
2018-08-18 08:12:15.001 DEBUG 13626 --- [    Test worker] org.hibernate.SQL                        : insert into CarStatusTable (carAvailability, carType, latitude, longitude, carId) values (?, ?, ?, ?, ?)
2018-08-18 08:12:15.001 DEBUG 13626 --- [    Test worker] org.hibernate.SQL                        : insert into CarStatusTable (carAvailability, carType, latitude, longitude, carId) values (?, ?, ?, ?, ?)
2018-08-18 08:12:15.002 DEBUG 13626 --- [    Test worker] org.hibernate.SQL                        : insert into CarStatusTable (carAvailability, carType, latitude, longitude, carId) values (?, ?, ?, ?, ?)
2018-08-18 08:12:15.002 DEBUG 13626 --- [    Test worker] org.hibernate.SQL                        : insert into CarStatusTable (carAvailability, carType, latitude, longitude, carId) values (?, ?, ?, ?, ?)
2018-08-18 08:12:15.003 DEBUG 13626 --- [    Test worker] org.hibernate.SQL                        : insert into CarStatusTable (carAvailability, carType, latitude, longitude, carId) values (?, ?, ?, ?, ?)
2018-08-18 08:12:15.003 DEBUG 13626 --- [    Test worker] org.hibernate.SQL                        : insert into CarStatusTable (carAvailability, carType, latitude, longitude, carId) values (?, ?, ?, ?, ?)
2018-08-18 08:12:15.003 DEBUG 13626 --- [    Test worker] org.hibernate.SQL                        : insert into CarStatusTable (carAvailability, carType, latitude, longitude, carId) values (?, ?, ?, ?, ?)
2018-08-18 08:12:15.004 DEBUG 13626 --- [    Test worker] org.hibernate.SQL                        : insert into CarStatusTable (carAvailability, carType, latitude, longitude, carId) values (?, ?, ?, ?, ?)
2018-08-18 08:12:15.004 DEBUG 13626 --- [    Test worker] org.hibernate.SQL                        : insert into CarStatusTable (carAvailability, carType, latitude, longitude, carId) values (?, ?, ?, ?, ?)
2018-08-18 08:12:15.004 DEBUG 13626 --- [    Test worker] org.hibernate.SQL                        : insert into CarStatusTable (carAvailability, carType, latitude, longitude, carId) values (?, ?, ?, ?, ?)
2018-08-18 08:12:15.005 DEBUG 13626 --- [    Test worker] org.hibernate.SQL                        : insert into CarStatusTable (carAvailability, carType, latitude, longitude, carId) values (?, ?, ?, ?, ?)
2018-08-18 08:12:15.005 DEBUG 13626 --- [    Test worker] org.hibernate.SQL                        : insert into CarStatusTable (carAvailability, carType, latitude, longitude, carId) values (?, ?, ?, ?, ?)
2018-08-18 08:12:15.006 DEBUG 13626 --- [    Test worker] org.hibernate.SQL                        : insert into CarStatusTable (carAvailability, carType, latitude, longitude, carId) values (?, ?, ?, ?, ?)
2018-08-18 08:12:15.006 DEBUG 13626 --- [    Test worker] org.hibernate.SQL                        : insert into CarStatusTable (carAvailability, carType, latitude, longitude, carId) values (?, ?, ?, ?, ?)
2018-08-18 08:12:15.006 DEBUG 13626 --- [    Test worker] org.hibernate.SQL                        : insert into CarStatusTable (carAvailability, carType, latitude, longitude, carId) values (?, ?, ?, ?, ?)
2018-08-18 08:12:15.007 DEBUG 13626 --- [    Test worker] org.hibernate.SQL                        : insert into CarStatusTable (carAvailability, carType, latitude, longitude, carId) values (?, ?, ?, ?, ?)
2018-08-18 08:12:15.007 DEBUG 13626 --- [    Test worker] org.hibernate.SQL                        : insert into CarStatusTable (carAvailability, carType, latitude, longitude, carId) values (?, ?, ?, ?, ?)
2018-08-18 08:12:15.007 DEBUG 13626 --- [    Test worker] org.hibernate.SQL                        : insert into CarStatusTable (carAvailability, carType, latitude, longitude, carId) values (?, ?, ?, ?, ?)
2018-08-18 08:12:15.008 DEBUG 13626 --- [    Test worker] org.hibernate.SQL                        : insert into CarStatusTable (carAvailability, carType, latitude, longitude, carId) values (?, ?, ?, ?, ?)
2018-08-18 08:12:15.008 DEBUG 13626 --- [    Test worker] org.hibernate.SQL                        : insert into CarStatusTable (carAvailability, carType, latitude, longitude, carId) values (?, ?, ?, ?, ?)
2018-08-18 08:12:15.008 DEBUG 13626 --- [    Test worker] org.hibernate.SQL                        : insert into CarStatusTable (carAvailability, carType, latitude, longitude, carId) values (?, ?, ?, ?, ?)
2018-08-18 08:12:15.009 DEBUG 13626 --- [    Test worker] org.hibernate.SQL                        : insert into CarStatusTable (carAvailability, carType, latitude, longitude, carId) values (?, ?, ?, ?, ?)
2018-08-18 08:12:15.009 DEBUG 13626 --- [    Test worker] org.hibernate.SQL                        : insert into CarStatusTable (carAvailability, carType, latitude, longitude, carId) values (?, ?, ?, ?, ?)
2018-08-18 08:12:15.009 DEBUG 13626 --- [    Test worker] org.hibernate.SQL                        : insert into CarStatusTable (carAvailability, carType, latitude, longitude, carId) values (?, ?, ?, ?, ?)
2018-08-18 08:12:15.010 DEBUG 13626 --- [    Test worker] org.hibernate.SQL                        : insert into CarStatusTable (carAvailability, carType, latitude, longitude, carId) values (?, ?, ?, ?, ?)
2018-08-18 08:12:15.010 DEBUG 13626 --- [    Test worker] org.hibernate.SQL                        : insert into CarStatusTable (carAvailability, carType, latitude, longitude, carId) values (?, ?, ?, ?, ?)
2018-08-18 08:12:15.228 TRACE 13626 --- [    Test worker] s.HandlerMethodArgumentResolverComposite : Testing if argument resolver [org.springframework.web.method.annotation.RequestParamMethodArgumentResolver@d4c85c5] supports [class carsinlocation.CarsInLocationRequest]
2018-08-18 08:12:15.238 TRACE 13626 --- [    Test worker] s.HandlerMethodArgumentResolverComposite : Testing if argument resolver [org.springframework.web.method.annotation.RequestParamMapMethodArgumentResolver@4e0a1272] supports [class carsinlocation.CarsInLocationRequest]
2018-08-18 08:12:15.238 TRACE 13626 --- [    Test worker] s.HandlerMethodArgumentResolverComposite : Testing if argument resolver [org.springframework.web.servlet.mvc.method.annotation.PathVariableMethodArgumentResolver@345143be] supports [class carsinlocation.CarsInLocationRequest]
2018-08-18 08:12:15.243 TRACE 13626 --- [    Test worker] s.HandlerMethodArgumentResolverComposite : Testing if argument resolver [org.springframework.web.servlet.mvc.method.annotation.PathVariableMapMethodArgumentResolver@2e71ec02] supports [class carsinlocation.CarsInLocationRequest]
2018-08-18 08:12:15.244 TRACE 13626 --- [    Test worker] s.HandlerMethodArgumentResolverComposite : Testing if argument resolver [org.springframework.web.servlet.mvc.method.annotation.MatrixVariableMethodArgumentResolver@108306c1] supports [class carsinlocation.CarsInLocationRequest]
2018-08-18 08:12:15.246 TRACE 13626 --- [    Test worker] s.HandlerMethodArgumentResolverComposite : Testing if argument resolver [org.springframework.web.servlet.mvc.method.annotation.MatrixVariableMapMethodArgumentResolver@1883a342] supports [class carsinlocation.CarsInLocationRequest]
2018-08-18 08:12:15.247 TRACE 13626 --- [    Test worker] s.HandlerMethodArgumentResolverComposite : Testing if argument resolver [org.springframework.web.servlet.mvc.method.annotation.ServletModelAttributeMethodProcessor@103e0b9d] supports [class carsinlocation.CarsInLocationRequest]
2018-08-18 08:12:15.247 TRACE 13626 --- [    Test worker] s.HandlerMethodArgumentResolverComposite : Testing if argument resolver [org.springframework.web.servlet.mvc.method.annotation.RequestResponseBodyMethodProcessor@43152762] supports [class carsinlocation.CarsInLocationRequest]
2018-08-18 08:12:15.402 DEBUG 13626 --- [    Test worker] m.m.a.RequestResponseBodyMethodProcessor : Read [class carsinlocation.CarsInLocationRequest] as "application/json" with [org.springframework.http.converter.json.MappingJackson2HttpMessageConverter@10102c7]
2018-08-18 08:12:15.628 TRACE 13626 --- [    Test worker] .w.s.m.m.a.ServletInvocableHandlerMethod : Invoking 'qrideserver.CarsInLocationController.carsInLocation' with arguments [carsinlocation.CarsInLocationRequest@3b0f4637]
2018-08-18 08:12:15.753 DEBUG 13626 --- [    Test worker] org.hibernate.SQL                        : SELECT * FROM CarStatusTable WHERE (111.045 * DEGREES(ACOS(COS(RADIANS(?)) * COS(RADIANS(latitude)) * COS(RADIANS(?) - RADIANS(longitude)) + SIN(RADIANS(?)) * SIN(RADIANS(latitude))))<=3.0) AND ( carAvailability <= ? )
2018-08-18 08:12:16.060 TRACE 13626 --- [    Test worker] .w.s.m.m.a.ServletInvocableHandlerMethod : Method [qrideserver.CarsInLocationController.carsInLocation] returned [<200 OK,carsinlocation.CarsInLocationResponse@22489737,{}>]
2018-08-18 08:12:16.355 DEBUG 13626 --- [    Test worker] o.s.w.s.m.m.a.HttpEntityMethodProcessor  : Written [carsinlocation.CarsInLocationResponse@22489737] as "application/json" using [org.springframework.http.converter.json.MappingJackson2HttpMessageConverter@10102c7]

MockHttpServletRequest:
      HTTP Method = GET
      Request URI = /qride/v1/cars_in_location
       Parameters = {}
          Headers = {Content-Type=[application/json]}

Handler:
             Type = qrideserver.CarsInLocationController
           Method = public org.springframework.http.ResponseEntity<carsinlocation.CarsInLocationResponse> qrideserver.CarsInLocationController.carsInLocation(carsinlocation.CarsInLocationRequest)

Async:
    Async started = false
     Async result = null

Resolved Exception:
             Type = null

ModelAndView:
        View name = null
             View = null
            Model = null

FlashMap:
       Attributes = null

MockHttpServletResponse:
           Status = 200
    Error message = null
          Headers = {Content-Type=[application/json;charset=UTF-8]}
     Content type = application/json;charset=UTF-8
             Body = {"carStatuses":[{"carStatus":{"geoLocation":{"latitude":12.898976951279089,"longitude":77.52071633598797},"carAvailability":"CAR_ON_TRIP_CLOSE_TO_COMPLETION"}},{"carStatus":{"geoLocation":{"latitude":12.888182165323089,"longitude":77.52715738360392},"carAvailability":"CAR_AVAILABLE"}},{"carStatus":{"geoLocation":{"latitude":12.93425465943386,"longitude":77.53827244619696},"carAvailability":"CAR_ON_TRIP_CLOSE_TO_COMPLETION"}},{"carStatus":{"geoLocation":{"latitude":12.884183564617372,"longitude":77.54165750990757},"carAvailability":"CAR_AVAILABLE"}},{"carStatus":{"geoLocation":{"latitude":12.920533809827644,"longitude":77.53825996317754},"carAvailability":"CAR_ON_TRIP_CLOSE_TO_COMPLETION"}},{"carStatus":{"geoLocation":{"latitude":12.899663858099725,"longitude":77.5384869258011},"carAvailability":"CAR_AVAILABLE"}},{"carStatus":{"geoLocation":{"latitude":12.91135857192873,"longitude":77.55349975813375},"carAvailability":"CAR_ON_TRIP_CLOSE_TO_COMPLETION"}},{"carStatus":{"geoLocation":{"latitude":12.884520320035675,"longitude":77.53650643715338},"carAvailability":"CAR_AVAILABLE"}},{"carStatus":{"geoLocation":{"latitude":12.909258305559069,"longitude":77.54498385655666},"carAvailability":"CAR_ON_TRIP_CLOSE_TO_COMPLETION"}},{"carStatus":{"geoLocation":{"latitude":12.906730017686055,"longitude":77.5322978587592},"carAvailability":"CAR_AVAILABLE"}},{"carStatus":{"geoLocation":{"latitude":12.933514061785946,"longitude":77.53456107459466},"carAvailability":"CAR_ON_TRIP_CLOSE_TO_COMPLETION"}},{"carStatus":{"geoLocation":{"latitude":12.921555267271424,"longitude":77.55790792193312},"carAvailability":"CAR_AVAILABLE"}},{"carStatus":{"geoLocation":{"latitude":12.930649161442881,"longitude":77.53207226210276},"carAvailability":"CAR_ON_TRIP_CLOSE_TO_COMPLETION"}},{"carStatus":{"geoLocation":{"latitude":12.882909729538435,"longitude":77.54187496778971},"carAvailability":"CAR_ON_TRIP_CLOSE_TO_COMPLETION"}},{"carStatus":{"geoLocation":{"latitude":12.90610899376188,"longitude":77.53320054333346},"carAvailability":"CAR_ON_TRIP_CLOSE_TO_COMPLETION"}},{"carStatus":{"geoLocation":{"latitude":12.90700014361024,"longitude":77.50925683640068},"carAvailability":"CAR_ON_TRIP_CLOSE_TO_COMPLETION"}},{"carStatus":{"geoLocation":{"latitude":12.914964590088248,"longitude":77.51083473975379},"carAvailability":"CAR_ON_TRIP_CLOSE_TO_COMPLETION"}},{"carStatus":{"geoLocation":{"latitude":12.904358325243773,"longitude":77.52173975812804},"carAvailability":"CAR_ON_TRIP_CLOSE_TO_COMPLETION"}},{"carStatus":{"geoLocation":{"latitude":12.896788855448557,"longitude":77.52794699815878},"carAvailability":"CAR_ON_TRIP_CLOSE_TO_COMPLETION"}}]}
    Forwarded URL = null
   Redirected URL = null
          Cookies = []
]]></system-out>
  <system-err><![CDATA[]]></system-err>
</testsuite>
